============================================================
   Tang Dynasty, V5.6.59063
   Copyright (c) 2012-2022 Anlogic
   Executable = C:/Anlogic/TD5.6.59063/bin/td.exe
   Built at =   12:45:13 Sep  6 2022
   Run by =     Administrator
   Run Date =   Tue Oct 25 00:24:56 2022

   Run on =     WIN-25FR57M34TT
============================================================
RUN-1001 : reset_run syn_1 phy_1.
RUN-1001 : launch_runs syn_1 phy_1  -jobs 6.
RUN-1001 : syn_1: run complete.
RUN-1001 : phy_1: run complete.
RUN-1001 : open_run phy_1.
RUN-1002 : start command "import_db C:/Users/Administrator/Desktop/16_ov2640_sdram/ov2640_sdram_Runs/phy_1/ov2640_sdram_pr.db"
RUN-1001 : Importing database generated by Tang Dynasty, V5.6.59063.
RUN-1001 : Database version number 46140.
RUN-1001 : Import flow parameters
PHY-1001 : Generate detailed routing grids ...
PHY-1001 : Generate nets ...
PHY-1001 : net cam_pclk_dup_1 will be routed on clock mesh
PHY-1001 : net clk_24m_dup_1 will be routed on clock mesh
PHY-1001 : net clk_cam will be routed on clock mesh
PHY-1001 : net vga_clk_dup_1 will be routed on clock mesh
PHY-1001 : clock net Sdram_Control_4Port/CTRL_CLK will be merged with clock u_pll/clk0_buf
PHY-1001 : net Sdram_Control_4Port/SDRAM_CLK will be routed on clock mesh
PHY-1001 : net u_camera_init/u_i2c_write/clk will be routed on clock mesh
PHY-1001 : clock net u_camera_init/divider2[8]_syn_4 will be merged with clock u_camera_init/divider2[8]
PHY-1001 : clock net u_camera_init/divider2[7]_syn_2 will be merged with clock u_camera_init/divider2[7]
PHY-1001 : eco open net = 0
PHY-1001 : 48 feed throughs used by 23 nets
RUN-1001 : Import timing constraints
RUN-1001 : Import IO constraints
RUN-1001 : Import Inst constraints
RUN-1001 : Import design success TD_VERSION=5.6.59063 , DB_VERSION=46140
RUN-1003 : finish command "import_db C:/Users/Administrator/Desktop/16_ov2640_sdram/ov2640_sdram_Runs/phy_1/ov2640_sdram_pr.db" in  4.676890s wall, 4.593750s user + 0.140625s system = 4.734375s CPU (101.2%)

RUN-1004 : used memory is 478 MB, reserved memory is 446 MB, peak memory is 510 MB
RUN-1002 : start command "report_timing"
RUN-1002 : start command "start_timer"
RUN-1002 : start command "end_timer"
RUN-1002 : start command "download -bit ov2640_sdram_Runs\phy_1\ov2640_sdram.bit -mode jtag -spd 7 -sec 64 -cable 0"
PRG-2014 : Chip validation success: EAGLE_S20_BG256
RUN-1002 : start command "bit_to_vec -chip EAGLE_S20_BG256 -m jtag_burst -freq 4 -bit ov2640_sdram_Runs/phy_1/ov2640_sdram.bit"
RUN-1002 : start command "program -cable 0 -mode svf -spd 7 -p"
RUN-1003 : finish command "program -cable 0 -mode svf -spd 7 -p" in  6.374689s wall, 0.156250s user + 0.187500s system = 0.343750s CPU (5.4%)

RUN-1004 : used memory is 544 MB, reserved memory is 495 MB, peak memory is 560 MB
RUN-1003 : finish command "download -bit ov2640_sdram_Runs\phy_1\ov2640_sdram.bit -mode jtag -spd 7 -sec 64 -cable 0" in  6.677563s wall, 0.265625s user + 0.187500s system = 0.453125s CPU (6.8%)

RUN-1004 : used memory is 544 MB, reserved memory is 495 MB, peak memory is 560 MB
GUI-1001 : Download success!
HDL-1007 : analyze verilog file RTL/Mode_Switch.v
HDL-8007 ERROR: syntax error near 'end' in RTL/Mode_Switch.v(18)
HDL-8007 ERROR: Verilog 2000 keyword 'end' used in incorrect context in RTL/Mode_Switch.v(18)
HDL-8007 ERROR: syntax error near 'end' in RTL/Mode_Switch.v(23)
HDL-8007 ERROR: Verilog 2000 keyword 'end' used in incorrect context in RTL/Mode_Switch.v(23)
HDL-8007 ERROR: ignore module module due to previous errors in RTL/Mode_Switch.v(1)
HDL-1007 : Verilog file 'RTL/Mode_Switch.v' ignored due to errors
HDL-8007 ERROR: cannot find port 'clkw' on this module in al_ip/ramfifo.v(43)
HDL-8007 ERROR: cannot find port 'clkr' on this module in al_ip/ramfifo.v(46)
HDL-1007 : analyze verilog file RTL/Mode_Switch.v
HDL-8007 ERROR: syntax error near 'end' in RTL/Mode_Switch.v(23)
HDL-8007 ERROR: Verilog 2000 keyword 'end' used in incorrect context in RTL/Mode_Switch.v(23)
HDL-8007 ERROR: procedural assignment to a non-register 'mode' is not permitted in RTL/Mode_Switch.v(17)
HDL-8007 ERROR: ignore module module due to previous errors in RTL/Mode_Switch.v(1)
HDL-1007 : Verilog file 'RTL/Mode_Switch.v' ignored due to errors
HDL-8007 ERROR: cannot find port 'clkw' on this module in al_ip/ramfifo.v(43)
HDL-8007 ERROR: cannot find port 'clkr' on this module in al_ip/ramfifo.v(46)
HDL-1007 : analyze verilog file RTL/Mode_Switch.v
HDL-8007 ERROR: syntax error near 'end' in RTL/Mode_Switch.v(23)
HDL-8007 ERROR: Verilog 2000 keyword 'end' used in incorrect context in RTL/Mode_Switch.v(23)
HDL-8007 ERROR: procedural assignment to a non-register 'mode' is not permitted in RTL/Mode_Switch.v(17)
HDL-8007 ERROR: ignore module module due to previous errors in RTL/Mode_Switch.v(1)
HDL-1007 : Verilog file 'RTL/Mode_Switch.v' ignored due to errors
HDL-8007 ERROR: cannot find port 'clkw' on this module in al_ip/ramfifo.v(43)
HDL-8007 ERROR: cannot find port 'clkr' on this module in al_ip/ramfifo.v(46)
HDL-1007 : analyze verilog file RTL/Mode_Switch.v
HDL-8007 ERROR: syntax error near 'end' in RTL/Mode_Switch.v(23)
HDL-8007 ERROR: Verilog 2000 keyword 'end' used in incorrect context in RTL/Mode_Switch.v(23)
HDL-8007 ERROR: procedural assignment to a non-register 'mode' is not permitted in RTL/Mode_Switch.v(17)
HDL-8007 ERROR: ignore module module due to previous errors in RTL/Mode_Switch.v(1)
HDL-1007 : Verilog file 'RTL/Mode_Switch.v' ignored due to errors
HDL-8007 ERROR: cannot find port 'clkw' on this module in al_ip/ramfifo.v(43)
HDL-8007 ERROR: cannot find port 'clkr' on this module in al_ip/ramfifo.v(46)
HDL-1007 : analyze verilog file RTL/Mode_Switch.v
HDL-8007 ERROR: syntax error near 'end' in RTL/Mode_Switch.v(23)
HDL-8007 ERROR: Verilog 2000 keyword 'end' used in incorrect context in RTL/Mode_Switch.v(23)
HDL-8007 ERROR: procedural assignment to a non-register 'mode' is not permitted in RTL/Mode_Switch.v(17)
HDL-8007 ERROR: ignore module module due to previous errors in RTL/Mode_Switch.v(1)
HDL-1007 : Verilog file 'RTL/Mode_Switch.v' ignored due to errors
HDL-8007 ERROR: cannot find port 'clkw' on this module in al_ip/ramfifo.v(43)
HDL-8007 ERROR: cannot find port 'clkr' on this module in al_ip/ramfifo.v(46)
HDL-1007 : analyze verilog file RTL/Mode_Switch.v
HDL-8007 ERROR: syntax error near 'end' in RTL/Mode_Switch.v(23)
HDL-8007 ERROR: Verilog 2000 keyword 'end' used in incorrect context in RTL/Mode_Switch.v(23)
HDL-8007 ERROR: ignore module module due to previous errors in RTL/Mode_Switch.v(1)
HDL-1007 : Verilog file 'RTL/Mode_Switch.v' ignored due to errors
HDL-8007 ERROR: cannot find port 'clkw' on this module in al_ip/ramfifo.v(43)
HDL-8007 ERROR: cannot find port 'clkr' on this module in al_ip/ramfifo.v(46)
HDL-1007 : analyze verilog file RTL/Mode_Switch.v
HDL-8007 ERROR: cannot find port 'clkw' on this module in al_ip/ramfifo.v(43)
HDL-8007 ERROR: cannot find port 'clkr' on this module in al_ip/ramfifo.v(46)
HDL-1007 : analyze verilog file RTL/Mode_Switch.v
HDL-8007 ERROR: cannot find port 'clkw' on this module in al_ip/ramfifo.v(43)
HDL-8007 ERROR: cannot find port 'clkr' on this module in al_ip/ramfifo.v(46)
RUN-1001 : reset_run syn_1 phy_1.
GUI-6001 WARNING: File C:/Users/Administrator/Desktop/16_ov2640_sdram/ov2640_sdram_Runs/phy_1/ov2640_sdram.bit does not exist!
RUN-1001 : launch_runs syn_1 phy_1  -jobs 6.
RUN-6001 WARNING: syn_1: run failed.
HDL-1007 : analyze verilog file RTL/Mode_Switch.v
HDL-8007 ERROR: concurrent assignment to a non-net 'Led' is not permitted in RTL/Mode_Switch.v(12)
HDL-8007 ERROR: ignore module module due to previous errors in RTL/Mode_Switch.v(1)
HDL-1007 : Verilog file 'RTL/Mode_Switch.v' ignored due to errors
HDL-8007 ERROR: cannot find port 'clkw' on this module in al_ip/ramfifo.v(43)
HDL-8007 ERROR: cannot find port 'clkr' on this module in al_ip/ramfifo.v(46)
HDL-1007 : analyze verilog file RTL/Mode_Switch.v
HDL-8007 ERROR: cannot find port 'clkw' on this module in al_ip/ramfifo.v(43)
HDL-8007 ERROR: cannot find port 'clkr' on this module in al_ip/ramfifo.v(46)
