============================================================
   Tang Dynasty, V5.6.59063
   Copyright (c) 2012-2022 Anlogic
   Executable = C:/Anlogic/TD5.6.59063/bin/td.exe
   Built at =   12:45:13 Sep  6 2022
   Run by =     Administrator
   Run Date =   Sun Oct 30 20:49:28 2022

   Run on =     WIN-25FR57M34TT
============================================================
RUN-1001 : reset_run syn_1 phy_1.
RUN-1001 : launch_runs syn_1 phy_1  -jobs 6.
RUN-6001 WARNING: syn_1: run failed.
HDL-1007 : analyze verilog file RTL/Hu_Invariant_moment.v
HDL-1007 : undeclared symbol 'row_flag', assumed default net type 'wire' in RTL/Hu_Invariant_moment.v(45)
HDL-5007 WARNING: redeclaration of ANSI port 'X_0' is not allowed in RTL/Hu_Invariant_moment.v(188)
HDL-5007 WARNING: redeclaration of ANSI port 'Y_0' is not allowed in RTL/Hu_Invariant_moment.v(189)
HDL-8007 ERROR: procedural assignment to a non-register 'n_20' is not permitted in RTL/Hu_Invariant_moment.v(266)
HDL-8007 ERROR: procedural assignment to a non-register 'n_02' is not permitted in RTL/Hu_Invariant_moment.v(267)
HDL-8007 ERROR: procedural assignment to a non-register 'n_11' is not permitted in RTL/Hu_Invariant_moment.v(268)
HDL-8007 ERROR: ignore module module due to previous errors in RTL/Hu_Invariant_moment.v(1)
HDL-1007 : Verilog file 'RTL/Hu_Invariant_moment.v' ignored due to errors
HDL-8007 ERROR: cannot find port 'clkw' on this module in al_ip/ramfifo.v(43)
HDL-8007 ERROR: cannot find port 'clkr' on this module in al_ip/ramfifo.v(46)
RUN-1001 : reset_run syn_1 phy_1.
RUN-1001 : launch_runs syn_1 phy_1  -jobs 6.
RUN-6001 WARNING: syn_1: run failed.
HDL-1007 : analyze verilog file RTL/Hu_Invariant_moment.v
HDL-1007 : undeclared symbol 'row_flag', assumed default net type 'wire' in RTL/Hu_Invariant_moment.v(45)
HDL-5007 WARNING: redeclaration of ANSI port 'X_0' is not allowed in RTL/Hu_Invariant_moment.v(188)
HDL-5007 WARNING: redeclaration of ANSI port 'Y_0' is not allowed in RTL/Hu_Invariant_moment.v(189)
HDL-8007 ERROR: cannot find port 'clkw' on this module in al_ip/ramfifo.v(43)
HDL-8007 ERROR: cannot find port 'clkr' on this module in al_ip/ramfifo.v(46)
RUN-1001 : reset_run syn_1 phy_1.
RUN-1001 : launch_runs syn_1 phy_1  -jobs 6.
RUN-6001 WARNING: syn_1: run failed.
