============================================================
   Tang Dynasty, V5.6.59063
   Copyright (c) 2012-2022 Anlogic
   Executable = C:/Anlogic/TD5.6.59063/bin/td.exe
   Built at =   12:45:13 Sep  6 2022
   Run by =     Administrator
   Run Date =   Mon Oct 31 21:24:41 2022

   Run on =     WIN-25FR57M34TT
============================================================
RUN-1001 : reset_run syn_1 phy_1.
RUN-1001 : launch_runs syn_1 phy_1  -jobs 6.
RUN-6001 WARNING: syn_1: run failed.
HDL-1007 : analyze verilog file RTL/image_process.v
HDL-1007 : undeclared symbol 'post3_img_Y', assumed default net type 'wire' in RTL/image_process.v(209)
HDL-1007 : undeclared symbol 'post3_frame_vsync', assumed default net type 'wire' in RTL/image_process.v(211)
HDL-1007 : undeclared symbol 'post3_frame_href', assumed default net type 'wire' in RTL/image_process.v(212)
HDL-1007 : undeclared symbol 'post3_frame_clken', assumed default net type 'wire' in RTL/image_process.v(213)
HDL-7007 CRITICAL-WARNING: 'post3_img_Y' is already implicitly declared on line 209 in RTL/image_process.v(243)
HDL-7007 CRITICAL-WARNING: 'post3_frame_vsync' is already implicitly declared on line 211 in RTL/image_process.v(244)
HDL-7007 CRITICAL-WARNING: 'post3_frame_href' is already implicitly declared on line 212 in RTL/image_process.v(245)
HDL-7007 CRITICAL-WARNING: 'post3_frame_clken' is already implicitly declared on line 213 in RTL/image_process.v(246)
HDL-8007 ERROR: cannot find port 'clkw' on this module in al_ip/ramfifo.v(43)
HDL-8007 ERROR: cannot find port 'clkr' on this module in al_ip/ramfifo.v(46)
RUN-1001 : reset_run syn_1 phy_1.
RUN-1001 : launch_runs syn_1 phy_1  -jobs 6.
RUN-1001 : syn_1: run complete.
RUN-1001 : stop_run phy_1.
RUN-1001 : reset_run phy_1 -step opt_place.
RUN-1001 : phy_1: run complete.
RUN-1001 : open_run syn_1.
RUN-1002 : start command "import_db C:/Users/Administrator/Desktop/16_ov2640_sdram/ov2640_sdram_Runs/syn_1/ov2640_sdram_gate.db"
RUN-1001 : Importing database generated by Tang Dynasty, V5.6.59063.
RUN-1001 : Database version number 46140.
RUN-1001 : Import flow parameters
RUN-1001 : Import timing constraints
RUN-1001 : Import IO constraints
RUN-1001 : Import Inst constraints
RUN-1001 : Import design success TD_VERSION=5.6.59063 , DB_VERSION=46140
RUN-1003 : finish command "import_db C:/Users/Administrator/Desktop/16_ov2640_sdram/ov2640_sdram_Runs/syn_1/ov2640_sdram_gate.db" in  1.371776s wall, 1.375000s user + 0.078125s system = 1.453125s CPU (105.9%)

RUN-1004 : used memory is 337 MB, reserved memory is 303 MB, peak memory is 341 MB
RUN-1002 : start command "report_timing -mode ideal"
RUN-1002 : start command "start_timer"
RUN-1003 : finish command "start_timer" in  1.507240s wall, 1.500000s user + 0.093750s system = 1.593750s CPU (105.7%)

RUN-1004 : used memory is 435 MB, reserved memory is 403 MB, peak memory is 435 MB
RUN-1002 : start command "end_timer"
RUN-1003 : finish command "report_timing -mode ideal" in  1.877107s wall, 1.859375s user + 0.109375s system = 1.968750s CPU (104.9%)

RUN-1004 : used memory is 357 MB, reserved memory is 334 MB, peak memory is 441 MB
RUN-1001 : reset_run syn_1 phy_1.
RUN-1001 : launch_runs syn_1 phy_1  -jobs 6.
RUN-1001 : syn_1: run complete.
RUN-1001 : phy_1: run complete.
RUN-1001 : open_run phy_1.
RUN-1002 : start command "import_db C:/Users/Administrator/Desktop/16_ov2640_sdram/ov2640_sdram_Runs/phy_1/ov2640_sdram_pr.db"
RUN-1001 : Importing database generated by Tang Dynasty, V5.6.59063.
RUN-1001 : Database version number 46140.
RUN-1001 : Import flow parameters
PHY-1001 : Generate detailed routing grids ...
PHY-1001 : Generate nets ...
PHY-1001 : clock net cam_rst_syn_76 will be merged with clock cam_rst_dup_73
PHY-1001 : net clk_24m_dup_1 will be routed on clock mesh
PHY-1001 : net clk_cam will be routed on clock mesh
PHY-1001 : net vga_clk_dup_1 will be routed on clock mesh
PHY-1001 : clock net Sdram_Control_4Port/CTRL_CLK will be merged with clock u_pll/clk0_buf
PHY-1001 : net Sdram_Control_4Port/SDRAM_CLK will be routed on clock mesh
PHY-1001 : clock net u_image_select/mode[3]_syn_29 will be merged with clock u_image_select/mode[3]_syn_26
PHY-1001 : clock net u_camera_init/divider2[8]_syn_4 will be merged with clock u_camera_init/divider2[8]
PHY-1001 : clock net u_camera_init/divider2[7]_syn_2 will be merged with clock u_camera_init/divider2[7]
PHY-1001 : net u_camera_init/u_i2c_write/clk will be routed on clock mesh
PHY-5010 WARNING: Net u_image_process/Hu_1[31] is skipped due to 0 input or output
PHY-5010 WARNING: Net u_image_process/Hu_1[30] is skipped due to 0 input or output
PHY-5010 WARNING: Net u_image_process/Hu_1[29] is skipped due to 0 input or output
PHY-5010 WARNING: Net u_image_process/Hu_1[28] is skipped due to 0 input or output
PHY-5010 WARNING: Net u_image_process/Hu_1[27] is skipped due to 0 input or output
PHY-5010 WARNING: Net u_image_process/Hu_1[26] is skipped due to 0 input or output
PHY-5010 WARNING: Net u_image_process/Hu_1[25] is skipped due to 0 input or output
PHY-5010 WARNING: Net u_image_process/out_img_imy[1] is skipped due to 0 input or output
PHY-5010 WARNING: Net u_image_process/out_img_imy[0] is skipped due to 0 input or output
PHY-5010 WARNING: Net u_image_process/post3_frame_href is skipped due to 0 input or output
PHY-5010 Similar messages will be suppressed.
PHY-1001 : clock net u_image_process/wrreq_syn_2 will be merged with clock u_image_process/wrreq
PHY-1001 : net u_image_process/u_Median_Gray_3/u_three_martix/csi_pclk will be routed on clock mesh
PHY-1001 : eco open net = 0
PHY-1001 : 83 feed throughs used by 74 nets
RUN-1001 : Import timing constraints
RUN-1001 : Import IO constraints
RUN-1001 : Import Inst constraints
RUN-1001 : Import design success TD_VERSION=5.6.59063 , DB_VERSION=46140
RUN-1003 : finish command "import_db C:/Users/Administrator/Desktop/16_ov2640_sdram/ov2640_sdram_Runs/phy_1/ov2640_sdram_pr.db" in  8.113656s wall, 8.031250s user + 0.203125s system = 8.234375s CPU (101.5%)

RUN-1004 : used memory is 738 MB, reserved memory is 711 MB, peak memory is 745 MB
RUN-1002 : start command "report_timing"
RUN-1002 : start command "start_timer"
RUN-1003 : finish command "start_timer" in  1.636407s wall, 1.656250s user + 0.015625s system = 1.671875s CPU (102.2%)

RUN-1004 : used memory is 755 MB, reserved memory is 729 MB, peak memory is 755 MB
RUN-1002 : start command "end_timer"
RUN-1003 : finish command "report_timing" in  2.123592s wall, 2.125000s user + 0.031250s system = 2.156250s CPU (101.5%)

RUN-1004 : used memory is 760 MB, reserved memory is 735 MB, peak memory is 763 MB
RUN-1002 : start command "download -bit ov2640_sdram_Runs\phy_1\ov2640_sdram.bit -mode jtag -spd 7 -sec 64 -cable 0"
PRG-2014 : Chip validation success: EAGLE_S20_BG256
RUN-1002 : start command "bit_to_vec -chip EAGLE_S20_BG256 -m jtag_burst -freq 4 -bit ov2640_sdram_Runs/phy_1/ov2640_sdram.bit"
RUN-1002 : start command "program -cable 0 -mode svf -spd 7 -p"
RUN-1003 : finish command "program -cable 0 -mode svf -spd 7 -p" in  6.384573s wall, 0.109375s user + 0.203125s system = 0.312500s CPU (4.9%)

RUN-1004 : used memory is 800 MB, reserved memory is 758 MB, peak memory is 817 MB
RUN-1003 : finish command "download -bit ov2640_sdram_Runs\phy_1\ov2640_sdram.bit -mode jtag -spd 7 -sec 64 -cable 0" in  6.698553s wall, 0.203125s user + 0.203125s system = 0.406250s CPU (6.1%)

RUN-1004 : used memory is 800 MB, reserved memory is 758 MB, peak memory is 817 MB
GUI-1001 : Download success!
HDL-1007 : analyze verilog file RTL/test_camera.v
HDL-8007 ERROR: cannot find port 'clkw' on this module in al_ip/ramfifo.v(43)
HDL-8007 ERROR: cannot find port 'clkr' on this module in al_ip/ramfifo.v(46)
RUN-1001 : reset_run syn_1 phy_1.
GUI-6001 WARNING: File C:/Users/Administrator/Desktop/16_ov2640_sdram/ov2640_sdram_Runs/phy_1/ov2640_sdram.bit does not exist!
RUN-1001 : launch_runs syn_1 phy_1  -jobs 6.
RUN-1001 : syn_1: run complete.
RUN-1001 : phy_1: run complete.
RUN-1001 : open_run phy_1.
RUN-1002 : start command "import_db C:/Users/Administrator/Desktop/16_ov2640_sdram/ov2640_sdram_Runs/phy_1/ov2640_sdram_pr.db"
RUN-1001 : Importing database generated by Tang Dynasty, V5.6.59063.
RUN-1001 : Database version number 46140.
RUN-1001 : Import flow parameters
PHY-1001 : Generate detailed routing grids ...
PHY-1001 : Generate nets ...
PHY-1001 : clock net cam_rst_syn_76 will be merged with clock cam_rst_dup_73
PHY-1001 : net clk_24m_dup_1 will be routed on clock mesh
PHY-1001 : net clk_cam will be routed on clock mesh
PHY-1001 : net vga_clk_dup_1 will be routed on clock mesh
PHY-1001 : clock net Sdram_Control_4Port/CTRL_CLK will be merged with clock u_pll/clk0_buf
PHY-1001 : net Sdram_Control_4Port/SDRAM_CLK will be routed on clock mesh
PHY-1001 : clock net u_image_select/mode[3]_syn_29 will be merged with clock u_image_select/mode[3]_syn_26
PHY-1001 : clock net u_camera_init/divider2[8]_syn_4 will be merged with clock u_camera_init/divider2[8]
PHY-1001 : clock net u_camera_init/divider2[7]_syn_2 will be merged with clock u_camera_init/divider2[7]
PHY-1001 : net u_camera_init/u_i2c_write/clk will be routed on clock mesh
PHY-5010 WARNING: Net u_image_process/Hu_1[31] is skipped due to 0 input or output
PHY-5010 WARNING: Net u_image_process/Hu_1[30] is skipped due to 0 input or output
PHY-5010 WARNING: Net u_image_process/Hu_1[29] is skipped due to 0 input or output
PHY-5010 WARNING: Net u_image_process/Hu_1[28] is skipped due to 0 input or output
PHY-5010 WARNING: Net u_image_process/Hu_1[27] is skipped due to 0 input or output
PHY-5010 WARNING: Net u_image_process/Hu_1[26] is skipped due to 0 input or output
PHY-5010 WARNING: Net u_image_process/Hu_1[25] is skipped due to 0 input or output
PHY-5010 WARNING: Net u_image_process/out_img_imy[1] is skipped due to 0 input or output
PHY-5010 WARNING: Net u_image_process/out_img_imy[0] is skipped due to 0 input or output
PHY-5010 WARNING: Net u_image_process/post3_frame_href is skipped due to 0 input or output
PHY-5010 Similar messages will be suppressed.
PHY-1001 : clock net u_image_process/wrreq_syn_2 will be merged with clock u_image_process/wrreq
PHY-1001 : net u_image_process/u_Median_Gray_3/u_three_martix/csi_pclk will be routed on clock mesh
PHY-1001 : eco open net = 0
PHY-1001 : 83 feed throughs used by 74 nets
RUN-1001 : Import timing constraints
RUN-1001 : Import IO constraints
RUN-1001 : Import Inst constraints
RUN-1001 : Import design success TD_VERSION=5.6.59063 , DB_VERSION=46140
RUN-1003 : finish command "import_db C:/Users/Administrator/Desktop/16_ov2640_sdram/ov2640_sdram_Runs/phy_1/ov2640_sdram_pr.db" in  5.467964s wall, 4.843750s user + 0.750000s system = 5.593750s CPU (102.3%)

RUN-1004 : used memory is 654 MB, reserved memory is 772 MB, peak memory is 817 MB
RUN-1002 : start command "report_timing"
RUN-1002 : start command "start_timer"
RUN-1003 : finish command "start_timer" in  1.627213s wall, 1.609375s user + 0.062500s system = 1.671875s CPU (102.7%)

RUN-1004 : used memory is 682 MB, reserved memory is 786 MB, peak memory is 817 MB
RUN-1002 : start command "end_timer"
RUN-1003 : finish command "report_timing" in  2.122948s wall, 2.093750s user + 0.093750s system = 2.187500s CPU (103.0%)

RUN-1004 : used memory is 691 MB, reserved memory is 794 MB, peak memory is 817 MB
RUN-1002 : start command "download -bit ov2640_sdram_Runs\phy_1\ov2640_sdram.bit -mode jtag -spd 7 -sec 64 -cable 0"
PRG-2014 : Chip validation success: EAGLE_S20_BG256
RUN-1002 : start command "bit_to_vec -chip EAGLE_S20_BG256 -m jtag_burst -freq 4 -bit ov2640_sdram_Runs/phy_1/ov2640_sdram.bit"
RUN-1002 : start command "program -cable 0 -mode svf -spd 7 -p"
RUN-1003 : finish command "program -cable 0 -mode svf -spd 7 -p" in  6.359176s wall, 0.093750s user + 0.171875s system = 0.265625s CPU (4.2%)

RUN-1004 : used memory is 725 MB, reserved memory is 795 MB, peak memory is 817 MB
RUN-1003 : finish command "download -bit ov2640_sdram_Runs\phy_1\ov2640_sdram.bit -mode jtag -spd 7 -sec 64 -cable 0" in  6.668574s wall, 0.218750s user + 0.203125s system = 0.421875s CPU (6.3%)

RUN-1004 : used memory is 725 MB, reserved memory is 795 MB, peak memory is 817 MB
GUI-1001 : Download success!
GUI-1001 : User opens ChipWatcher ...
GUI-1001 : User closes ChipWatcher ...
RUN-1001 : open_run phy_1.
RUN-1002 : start command "import_db C:/Users/Administrator/Desktop/16_ov2640_sdram/ov2640_sdram_Runs/phy_1/ov2640_sdram_pr.db"
RUN-1001 : Importing database generated by Tang Dynasty, V5.6.59063.
RUN-1001 : Database version number 46140.
RUN-1001 : Import flow parameters
PHY-1001 : Generate detailed routing grids ...
PHY-1001 : Generate nets ...
PHY-1001 : clock net cam_rst_syn_76 will be merged with clock cam_rst_dup_73
PHY-1001 : net clk_24m_dup_1 will be routed on clock mesh
PHY-1001 : net clk_cam will be routed on clock mesh
PHY-1001 : net vga_clk_dup_1 will be routed on clock mesh
PHY-1001 : clock net Sdram_Control_4Port/CTRL_CLK will be merged with clock u_pll/clk0_buf
PHY-1001 : net Sdram_Control_4Port/SDRAM_CLK will be routed on clock mesh
PHY-1001 : clock net u_image_select/mode[3]_syn_29 will be merged with clock u_image_select/mode[3]_syn_26
PHY-1001 : clock net u_camera_init/divider2[8]_syn_4 will be merged with clock u_camera_init/divider2[8]
PHY-1001 : clock net u_camera_init/divider2[7]_syn_2 will be merged with clock u_camera_init/divider2[7]
PHY-1001 : net u_camera_init/u_i2c_write/clk will be routed on clock mesh
PHY-5010 WARNING: Net u_image_process/Hu_1[31] is skipped due to 0 input or output
PHY-5010 WARNING: Net u_image_process/Hu_1[30] is skipped due to 0 input or output
PHY-5010 WARNING: Net u_image_process/Hu_1[29] is skipped due to 0 input or output
PHY-5010 WARNING: Net u_image_process/Hu_1[28] is skipped due to 0 input or output
PHY-5010 WARNING: Net u_image_process/Hu_1[27] is skipped due to 0 input or output
PHY-5010 WARNING: Net u_image_process/Hu_1[26] is skipped due to 0 input or output
PHY-5010 WARNING: Net u_image_process/Hu_1[25] is skipped due to 0 input or output
PHY-5010 WARNING: Net u_image_process/out_img_imy[1] is skipped due to 0 input or output
PHY-5010 WARNING: Net u_image_process/out_img_imy[0] is skipped due to 0 input or output
PHY-5010 WARNING: Net u_image_process/post3_frame_href is skipped due to 0 input or output
PHY-5010 Similar messages will be suppressed.
PHY-1001 : clock net u_image_process/wrreq_syn_2 will be merged with clock u_image_process/wrreq
PHY-1001 : net u_image_process/u_Median_Gray_3/u_three_martix/csi_pclk will be routed on clock mesh
PHY-1001 : eco open net = 0
PHY-1001 : 83 feed throughs used by 74 nets
RUN-1001 : Import timing constraints
RUN-1001 : Import IO constraints
RUN-1001 : Import Inst constraints
RUN-1001 : Import design success TD_VERSION=5.6.59063 , DB_VERSION=46140
RUN-1003 : finish command "import_db C:/Users/Administrator/Desktop/16_ov2640_sdram/ov2640_sdram_Runs/phy_1/ov2640_sdram_pr.db" in  5.011702s wall, 4.875000s user + 0.296875s system = 5.171875s CPU (103.2%)

RUN-1004 : used memory is 718 MB, reserved memory is 785 MB, peak memory is 817 MB
RUN-1002 : start command "report_timing"
RUN-1002 : start command "start_timer"
RUN-1003 : finish command "start_timer" in  1.606582s wall, 1.625000s user + 0.031250s system = 1.656250s CPU (103.1%)

RUN-1004 : used memory is 727 MB, reserved memory is 795 MB, peak memory is 817 MB
RUN-1002 : start command "end_timer"
RUN-1003 : finish command "report_timing" in  2.119669s wall, 2.125000s user + 0.031250s system = 2.156250s CPU (101.7%)

RUN-1004 : used memory is 736 MB, reserved memory is 803 MB, peak memory is 817 MB
GUI-5005 WARNING: Unknown file icon ...
RUN-1002 : start command "config_chipwatcher 123.cwc -dir ."
KIT-1004 : ChipWatcher: import watcher inst auto_chipwatcher_0 completed, there are 6 view nodes, 173 trigger nets, 173 data nets.
KIT-1004 : Chipwatcher code = 0011000101111000
GUI-1001 : User opens ChipWatcher ...
GUI-1001 : Delete u_image_process/Hu_1[31:0] successfully
GUI-1001 : Delete u_image_process/u_Hu_Invariant_moment/Hu_2[31:0] successfully
GUI-1001 : Delete u_image_process/u_Perimeter_aera/Perimeter_Aera[23:0] successfully
GUI-1001 : Delete u_image_process/u_Gesture_recognition/min_data_1[32:0] successfully
GUI-1001 : Delete u_image_process/u_Gesture_recognition/min_data_2[28:0] successfully
GUI-1001 : Delete u_image_process/u_Gesture_recognition/Distance_5[26:0] successfully
HDL-1007 : analyze verilog file RTL/Gesture_recognition.v
HDL-1007 : analyze verilog file RTL/image_process.v
HDL-1007 : undeclared symbol 'post3_img_Y', assumed default net type 'wire' in RTL/image_process.v(209)
HDL-1007 : undeclared symbol 'post3_frame_vsync', assumed default net type 'wire' in RTL/image_process.v(211)
HDL-1007 : undeclared symbol 'post3_frame_href', assumed default net type 'wire' in RTL/image_process.v(212)
HDL-1007 : undeclared symbol 'post3_frame_clken', assumed default net type 'wire' in RTL/image_process.v(213)
HDL-7007 CRITICAL-WARNING: 'post3_img_Y' is already implicitly declared on line 209 in RTL/image_process.v(243)
HDL-7007 CRITICAL-WARNING: 'post3_frame_vsync' is already implicitly declared on line 211 in RTL/image_process.v(244)
HDL-7007 CRITICAL-WARNING: 'post3_frame_href' is already implicitly declared on line 212 in RTL/image_process.v(245)
HDL-7007 CRITICAL-WARNING: 'post3_frame_clken' is already implicitly declared on line 213 in RTL/image_process.v(246)
HDL-1007 : analyze verilog file RTL/test_camera.v
HDL-8007 ERROR: cannot find port 'clkw' on this module in al_ip/ramfifo.v(43)
HDL-8007 ERROR: cannot find port 'clkr' on this module in al_ip/ramfifo.v(46)
RUN-1001 : reset_run syn_1 phy_1.
GUI-6001 WARNING: File C:/Users/Administrator/Desktop/16_ov2640_sdram/ov2640_sdram_Runs/phy_1/ov2640_sdram.bit does not exist!
RUN-1001 : launch_runs syn_1 phy_1  -jobs 6.
RUN-1001 : syn_1: run complete.
RUN-1001 : phy_1: run complete.
RUN-1001 : open_run phy_1.
RUN-1002 : start command "import_db C:/Users/Administrator/Desktop/16_ov2640_sdram/ov2640_sdram_Runs/phy_1/ov2640_sdram_pr.db"
RUN-1001 : Importing database generated by Tang Dynasty, V5.6.59063.
RUN-1001 : Database version number 46140.
RUN-1001 : Import flow parameters
PHY-1001 : Generate detailed routing grids ...
PHY-1001 : Generate nets ...
PHY-1001 : clock net cam_rst_syn_76 will be merged with clock cam_rst_dup_73
PHY-1001 : net clk_24m_dup_1 will be routed on clock mesh
PHY-1001 : net clk_cam will be routed on clock mesh
PHY-1001 : net vga_clk_dup_1 will be routed on clock mesh
PHY-1001 : clock net Sdram_Control_4Port/CTRL_CLK will be merged with clock u_pll/clk0_buf
PHY-1001 : net Sdram_Control_4Port/SDRAM_CLK will be routed on clock mesh
PHY-1001 : clock net u_camera_init/divider2[8]_syn_4 will be merged with clock u_camera_init/divider2[8]
PHY-1001 : clock net u_camera_init/divider2[7]_syn_2 will be merged with clock u_camera_init/divider2[7]
PHY-1001 : net u_camera_init/u_i2c_write/clk will be routed on clock mesh
PHY-5010 WARNING: Net u_image_process/Hu_1[31] is skipped due to 0 input or output
PHY-5010 WARNING: Net u_image_process/Hu_1[30] is skipped due to 0 input or output
PHY-5010 WARNING: Net u_image_process/Hu_1[29] is skipped due to 0 input or output
PHY-5010 WARNING: Net u_image_process/Hu_1[28] is skipped due to 0 input or output
PHY-5010 WARNING: Net u_image_process/Hu_1[27] is skipped due to 0 input or output
PHY-5010 WARNING: Net u_image_process/Hu_1[26] is skipped due to 0 input or output
PHY-5010 WARNING: Net u_image_process/Hu_1[25] is skipped due to 0 input or output
PHY-5010 WARNING: Net u_image_process/out_img_imy[1] is skipped due to 0 input or output
PHY-5010 WARNING: Net u_image_process/out_img_imy[0] is skipped due to 0 input or output
PHY-5010 WARNING: Net u_image_process/post3_frame_href is skipped due to 0 input or output
PHY-5010 Similar messages will be suppressed.
PHY-1001 : clock net u_image_process/wrreq_syn_2 will be merged with clock u_image_process/wrreq
PHY-1001 : clock net config_inst_syn_10 will be merged with clock config_inst_syn_9
PHY-1001 : clock net u_image_select/mode[3]_syn_29 will be merged with clock u_image_select/mode[3]_syn_26
PHY-1001 : net u_image_process/u_Median_Gray_3/u_three_martix/csi_pclk will be routed on clock mesh
PHY-1001 : eco open net = 0
PHY-1001 : 69 feed throughs used by 55 nets
RUN-1001 : Import timing constraints
RUN-1001 : Import IO constraints
RUN-1001 : Import Inst constraints
RUN-1001 : Import ChipWatcher
RUN-1001 : Import design success TD_VERSION=5.6.59063 , DB_VERSION=46140
RUN-1003 : finish command "import_db C:/Users/Administrator/Desktop/16_ov2640_sdram/ov2640_sdram_Runs/phy_1/ov2640_sdram_pr.db" in  5.629926s wall, 4.937500s user + 0.796875s system = 5.734375s CPU (101.9%)

RUN-1004 : used memory is 673 MB, reserved memory is 802 MB, peak memory is 817 MB
RUN-1002 : start command "report_timing"
RUN-1002 : start command "start_timer"
RUN-1003 : finish command "start_timer" in  1.649688s wall, 1.671875s user + 0.046875s system = 1.718750s CPU (104.2%)

RUN-1004 : used memory is 703 MB, reserved memory is 818 MB, peak memory is 817 MB
RUN-1002 : start command "end_timer"
RUN-1003 : finish command "report_timing" in  2.162905s wall, 2.187500s user + 0.046875s system = 2.234375s CPU (103.3%)

RUN-1004 : used memory is 712 MB, reserved memory is 827 MB, peak memory is 817 MB
RUN-1002 : start command "download -bit ov2640_sdram_Runs/phy_1/ov2640_sdram.bit -mode jtag_burst -spd 7 -cable 0 -total_dev 1 -cur_dev 1"
PRG-2014 : Chip validation success: EAGLE_S20_BG256
RUN-1002 : start command "bit_to_vec -chip EAGLE_S20_BG256 -m jtag_burst -freq 4 -bit ov2640_sdram_Runs/phy_1/ov2640_sdram.bit"
RUN-1002 : start command "program -cable 0 -mode svf -spd 7 -p"
KIT-5201 WARNING: NodeFilter:  unknown net cw_top/wrapper_cwc_top/trigger_inst/bus_inst/BUS_DETECTOR[0]$bus_nodes/bus_reg[0].
RUN-1003 : finish command "program -cable 0 -mode svf -spd 7 -p" in  6.368134s wall, 0.406250s user + 0.234375s system = 0.640625s CPU (10.1%)

RUN-1004 : used memory is 122 MB, reserved memory is 839 MB, peak memory is 817 MB
RUN-1003 : finish command "download -bit ov2640_sdram_Runs/phy_1/ov2640_sdram.bit -mode jtag_burst -spd 7 -cable 0 -total_dev 1 -cur_dev 1" in  6.687607s wall, 0.500000s user + 0.265625s system = 0.765625s CPU (11.4%)

RUN-1004 : used memory is 122 MB, reserved memory is 839 MB, peak memory is 817 MB
GUI-1001 : Download success!
HDL-1007 : analyze verilog file RTL/test_camera.v
HDL-8007 ERROR: cannot find port 'clkw' on this module in al_ip/ramfifo.v(43)
HDL-8007 ERROR: cannot find port 'clkr' on this module in al_ip/ramfifo.v(46)
RUN-1001 : reset_run syn_1 phy_1.
RUN-1001 : launch_runs syn_1 phy_1  -jobs 6.
RUN-1001 : syn_1: run complete.
RUN-1001 : phy_1: run complete.
RUN-1001 : open_run phy_1.
RUN-1002 : start command "import_db C:/Users/Administrator/Desktop/16_ov2640_sdram/ov2640_sdram_Runs/phy_1/ov2640_sdram_pr.db"
RUN-1001 : Importing database generated by Tang Dynasty, V5.6.59063.
RUN-1001 : Database version number 46140.
RUN-1001 : Import flow parameters
PHY-1001 : Generate detailed routing grids ...
PHY-1001 : Generate nets ...
PHY-1001 : clock net cam_rst_syn_76 will be merged with clock cam_rst_dup_73
PHY-1001 : net clk_24m_dup_1 will be routed on clock mesh
PHY-1001 : net clk_cam will be routed on clock mesh
PHY-1001 : net vga_clk_dup_1 will be routed on clock mesh
PHY-1001 : clock net Sdram_Control_4Port/CTRL_CLK will be merged with clock u_pll/clk0_buf
PHY-1001 : net Sdram_Control_4Port/SDRAM_CLK will be routed on clock mesh
PHY-1001 : clock net u_camera_init/divider2[8]_syn_4 will be merged with clock u_camera_init/divider2[8]
PHY-1001 : clock net u_camera_init/divider2[7]_syn_2 will be merged with clock u_camera_init/divider2[7]
PHY-1001 : net u_camera_init/u_i2c_write/clk will be routed on clock mesh
PHY-5010 WARNING: Net u_image_process/Hu_1[31] is skipped due to 0 input or output
PHY-5010 WARNING: Net u_image_process/Hu_1[30] is skipped due to 0 input or output
PHY-5010 WARNING: Net u_image_process/Hu_1[29] is skipped due to 0 input or output
PHY-5010 WARNING: Net u_image_process/Hu_1[28] is skipped due to 0 input or output
PHY-5010 WARNING: Net u_image_process/Hu_1[27] is skipped due to 0 input or output
PHY-5010 WARNING: Net u_image_process/Hu_1[26] is skipped due to 0 input or output
PHY-5010 WARNING: Net u_image_process/Hu_1[25] is skipped due to 0 input or output
PHY-5010 WARNING: Net u_image_process/out_img_imy[1] is skipped due to 0 input or output
PHY-5010 WARNING: Net u_image_process/out_img_imy[0] is skipped due to 0 input or output
PHY-5010 WARNING: Net u_image_process/post3_frame_href is skipped due to 0 input or output
PHY-5010 Similar messages will be suppressed.
PHY-1001 : clock net u_image_process/wrreq_syn_2 will be merged with clock u_image_process/wrreq
PHY-1001 : clock net config_inst_syn_10 will be merged with clock config_inst_syn_9
PHY-1001 : clock net u_image_select/mode[3]_syn_29 will be merged with clock u_image_select/mode[3]_syn_26
PHY-1001 : net u_image_process/u_Median_Gray_3/u_three_martix/csi_pclk will be routed on clock mesh
PHY-1001 : eco open net = 0
PHY-1001 : 90 feed throughs used by 67 nets
RUN-1001 : Import timing constraints
RUN-1001 : Import IO constraints
RUN-1001 : Import Inst constraints
RUN-1001 : Import ChipWatcher
RUN-1001 : Import design success TD_VERSION=5.6.59063 , DB_VERSION=46140
RUN-1003 : finish command "import_db C:/Users/Administrator/Desktop/16_ov2640_sdram/ov2640_sdram_Runs/phy_1/ov2640_sdram_pr.db" in  6.172027s wall, 5.437500s user + 0.937500s system = 6.375000s CPU (103.3%)

RUN-1004 : used memory is 691 MB, reserved memory is 812 MB, peak memory is 817 MB
RUN-1002 : start command "report_timing"
RUN-1002 : start command "start_timer"
RUN-1003 : finish command "start_timer" in  1.658310s wall, 1.609375s user + 0.109375s system = 1.718750s CPU (103.6%)

RUN-1004 : used memory is 722 MB, reserved memory is 827 MB, peak memory is 817 MB
RUN-1002 : start command "end_timer"
RUN-1003 : finish command "report_timing" in  2.181723s wall, 2.140625s user + 0.109375s system = 2.250000s CPU (103.1%)

RUN-1004 : used memory is 731 MB, reserved memory is 837 MB, peak memory is 817 MB
RUN-1002 : start command "download -bit ov2640_sdram_Runs/phy_1/ov2640_sdram.bit -mode jtag_burst -spd 7 -cable 0 -total_dev 1 -cur_dev 1"
PRG-2014 : Chip validation success: EAGLE_S20_BG256
RUN-1002 : start command "bit_to_vec -chip EAGLE_S20_BG256 -m jtag_burst -freq 4 -bit ov2640_sdram_Runs/phy_1/ov2640_sdram.bit"
RUN-1002 : start command "program -cable 0 -mode svf -spd 7 -p"
RUN-1003 : finish command "program -cable 0 -mode svf -spd 7 -p" in  6.361808s wall, 0.218750s user + 0.281250s system = 0.500000s CPU (7.9%)

RUN-1004 : used memory is 736 MB, reserved memory is 841 MB, peak memory is 817 MB
RUN-1003 : finish command "download -bit ov2640_sdram_Runs/phy_1/ov2640_sdram.bit -mode jtag_burst -spd 7 -cable 0 -total_dev 1 -cur_dev 1" in  6.665142s wall, 0.328125s user + 0.296875s system = 0.625000s CPU (9.4%)

RUN-1004 : used memory is 736 MB, reserved memory is 841 MB, peak memory is 817 MB
GUI-1001 : Download success!
KIT-1004 : ChipWatcher: write ctrl reg value: 00000000000000000000000000000000000000000000000000000000
KIT-1004 : ChipWatcher: write ctrl reg value: 01011101101111111111100000000000000000001000000000000100
KIT-1004 : ChipWatcher: the value of status register = 110000000000001000
RUN-1002 : start command "rdbk_bram -bram 0X000C -cable 0 -total_dev 1 -cur_dev 1"
KIT-1001 : Read back data from BRAM 0X000C successfully.
RUN-1002 : start command "rdbk_bram -bram 0X000D -cable 0 -total_dev 1 -cur_dev 1"
KIT-1001 : Read back data from BRAM 0X000D successfully.
SYN-2541 : Attrs-to-init for 2 logic bram(s)
SYN-2541 : Reading sub[0] auto_chipwatcher_0_logicbram_syn_1
SYN-2541 : Reading sub[1] auto_chipwatcher_0_logicbram_syn_11
KIT-1004 : ChipWatcher: write ctrl reg value: 01011101101111111111100000000000000000001000000000000000
KIT-1004 : ChipWatcher: write ctrl reg value: 00000000000000000000000000000000000000000000000000000000
KIT-1004 : ChipWatcher: write ctrl reg value: 01011101101111111111100000000000000000001000000000000100
KIT-1004 : ChipWatcher: the value of status register = 110000000000001000
RUN-1002 : start command "rdbk_bram -bram 0X000C -cable 0 -total_dev 1 -cur_dev 1"
KIT-1001 : Read back data from BRAM 0X000C successfully.
RUN-1002 : start command "rdbk_bram -bram 0X000D -cable 0 -total_dev 1 -cur_dev 1"
KIT-1001 : Read back data from BRAM 0X000D successfully.
SYN-2541 : Attrs-to-init for 2 logic bram(s)
SYN-2541 : Reading sub[0] auto_chipwatcher_0_logicbram_syn_1
SYN-2541 : Reading sub[1] auto_chipwatcher_0_logicbram_syn_11
KIT-1004 : ChipWatcher: write ctrl reg value: 01011101101111111111100000000000000000001000000000000000
KIT-1004 : ChipWatcher: write ctrl reg value: 00000000000000000000000000000000000000000000000000000000
KIT-1004 : ChipWatcher: write ctrl reg value: 01011101101111111111100000000000000000001000000000000100
KIT-1004 : ChipWatcher: the value of status register = 110000000000001000
RUN-1002 : start command "rdbk_bram -bram 0X000C -cable 0 -total_dev 1 -cur_dev 1"
KIT-1001 : Read back data from BRAM 0X000C successfully.
RUN-1002 : start command "rdbk_bram -bram 0X000D -cable 0 -total_dev 1 -cur_dev 1"
KIT-1001 : Read back data from BRAM 0X000D successfully.
SYN-2541 : Attrs-to-init for 2 logic bram(s)
SYN-2541 : Reading sub[0] auto_chipwatcher_0_logicbram_syn_1
SYN-2541 : Reading sub[1] auto_chipwatcher_0_logicbram_syn_11
KIT-1004 : ChipWatcher: write ctrl reg value: 01011101101111111111100000000000000000001000000000000000
GUI-1001 : Delete display_data[15:5] successfully
KIT-5201 WARNING: NodeFilter:  unknown net cw_top/wrapper_cwc_top/trigger_inst/bus_inst/BUS_DETECTOR[0]$bus_nodes/din_r1.
KIT-5201 WARNING: NodeFilter:  unknown net cw_top/wrapper_cwc_top/trigger_inst/bus_inst/BUS_DETECTOR[0]$bus_nodes/din_r2.
KIT-5201 WARNING: NodeFilter:  unknown net cw_top/wrapper_cwc_top/trigger_inst/bus_inst/BUS_DETECTOR[1]$bus_nodes/bus_reg[0].
HDL-1007 : analyze verilog file RTL/Gesture_recognition.v
HDL-8007 ERROR: procedural assignment to a non-register 'data' is not permitted in RTL/Gesture_recognition.v(168)
HDL-8007 ERROR: procedural assignment to a non-register 'data' is not permitted in RTL/Gesture_recognition.v(172)
HDL-8007 ERROR: procedural assignment to a non-register 'data' is not permitted in RTL/Gesture_recognition.v(174)
HDL-8007 ERROR: procedural assignment to a non-register 'data' is not permitted in RTL/Gesture_recognition.v(176)
HDL-8007 ERROR: procedural assignment to a non-register 'data' is not permitted in RTL/Gesture_recognition.v(178)
HDL-8007 ERROR: procedural assignment to a non-register 'data' is not permitted in RTL/Gesture_recognition.v(180)
HDL-8007 ERROR: procedural assignment to a non-register 'data' is not permitted in RTL/Gesture_recognition.v(183)
HDL-8007 ERROR: ignore module module due to previous errors in RTL/Gesture_recognition.v(1)
HDL-1007 : Verilog file 'RTL/Gesture_recognition.v' ignored due to errors
HDL-1007 : analyze verilog file RTL/image_process.v
HDL-1007 : undeclared symbol 'post3_img_Y', assumed default net type 'wire' in RTL/image_process.v(209)
HDL-1007 : undeclared symbol 'post3_frame_vsync', assumed default net type 'wire' in RTL/image_process.v(211)
HDL-1007 : undeclared symbol 'post3_frame_href', assumed default net type 'wire' in RTL/image_process.v(212)
HDL-1007 : undeclared symbol 'post3_frame_clken', assumed default net type 'wire' in RTL/image_process.v(213)
HDL-7007 CRITICAL-WARNING: 'post3_img_Y' is already implicitly declared on line 209 in RTL/image_process.v(243)
HDL-7007 CRITICAL-WARNING: 'post3_frame_vsync' is already implicitly declared on line 211 in RTL/image_process.v(244)
HDL-7007 CRITICAL-WARNING: 'post3_frame_href' is already implicitly declared on line 212 in RTL/image_process.v(245)
HDL-7007 CRITICAL-WARNING: 'post3_frame_clken' is already implicitly declared on line 213 in RTL/image_process.v(246)
HDL-8007 ERROR: cannot find port 'clkw' on this module in al_ip/ramfifo.v(43)
HDL-8007 ERROR: cannot find port 'clkr' on this module in al_ip/ramfifo.v(46)
HDL-1007 : analyze verilog file RTL/Gesture_recognition.v
HDL-8007 ERROR: cannot find port 'clkw' on this module in al_ip/ramfifo.v(43)
HDL-8007 ERROR: cannot find port 'clkr' on this module in al_ip/ramfifo.v(46)
SymInit: Symbol-SearchPath: '.;C:\Users\Administrator\Desktop\16_ov2640_sdram;C:\Anlogic\TD5.6.59063\bin;C:\Windows;C:\Windows\system32;SRV*C:\websymbols*https://msdl.microsoft.com/download/symbols;', symOptions: 530, UserName: 'Administrator'

OS-Version: 6.2.9200 () 0x100-0x1

ERROR: SymGetSymFromAddr64, GetLastError: 487 (Address: 00007FF70044C1A2)

ERROR: SymGetLineFromAddr64, GetLastError: 487 (Address: 00007FF70044C1A2)

00007FF70044C1A2 (td): (filename not available): (function-name not available)

ERROR: SymGetSymFromAddr64, GetLastError: 487 (Address: 00007FF70044B02E)

ERROR: SymGetLineFromAddr64, GetLastError: 487 (Address: 00007FF70044B02E)

00007FF70044B02E (td): (filename not available): (function-name not available)

ERROR: SymGetSymFromAddr64, GetLastError: 487 (Address: 00007FF702F0C7B6)

ERROR: SymGetLineFromAddr64, GetLastError: 487 (Address: 00007FF702F0C7B6)

00007FF702F0C7B6 (td): (filename not available): (function-name not available)

ERROR: SymGetSymFromAddr64, GetLastError: 487 (Address: 00007FF70348311D)

ERROR: SymGetLineFromAddr64, GetLastError: 487 (Address: 00007FF70348311D)

00007FF70348311D (td): (filename not available): (function-name not available)

ERROR: SymGetSymFromAddr64, GetLastError: 487 (Address: 00007FF702EDDDD8)

ERROR: SymGetLineFromAddr64, GetLastError: 487 (Address: 00007FF702EDDDD8)

00007FF702EDDDD8 (td): (filename not available): (function-name not available)

ERROR: SymGetLineFromAddr64, GetLastError: 487 (Address: 00007FFE72C9241F)

00007FFE72C9241F (ntdll): (filename not available): _chkstk

ERROR: SymGetLineFromAddr64, GetLastError: 487 (Address: 00007FFE72C414A4)

00007FFE72C414A4 (ntdll): (filename not available): RtlRaiseException

ERROR: SymGetLineFromAddr64, GetLastError: 487 (Address: 00007FFE72C90F4E)

00007FFE72C90F4E (ntdll): (filename not available): KiUserExceptionDispatcher

ERROR: SymGetLineFromAddr64, GetLastError: 487 (Address: 00007FFDD2F29408)

00007FFDD2F29408 (Qt5Core): (filename not available): QCoreApplication::notifyInternal2

ERROR: SymGetLineFromAddr64, GetLastError: 487 (Address: 00007FFDDDB5AF2D)

00007FFDDDB5AF2D (Qt5Widgets): (filename not available): QApplication::setActiveWindow

ERROR: SymGetLineFromAddr64, GetLastError: 487 (Address: 00007FFDDDB58979)

00007FFDDDB58979 (Qt5Widgets): (filename not available): QApplicationPrivate::notifyActiveWindowChange

ERROR: SymGetLineFromAddr64, GetLastError: 487 (Address: 00007FFDDE0F4334)

00007FFDDE0F4334 (Qt5Gui): (filename not available): QGuiApplicationPrivate::processActivatedEvent

ERROR: SymGetLineFromAddr64, GetLastError: 487 (Address: 00007FFDDE0E0DC2)

00007FFDDE0E0DC2 (Qt5Gui): (filename not available): QWindowSystemInterface::sendWindowSystemEvents

ERROR: SymGetLineFromAddr64, GetLastError: 487 (Address: 00007FFDD2F73AF9)

00007FFDD2F73AF9 (Qt5Core): (filename not available): QEventDispatcherWin32::processEvents

ERROR: SymGetLineFromAddr64, GetLastError: 487 (Address: 00007FFE70F4E858)

00007FFE70F4E858 (USER32): (filename not available): CallWindowProcW

ERROR: SymGetLineFromAddr64, GetLastError: 487 (Address: 00007FFE70F4E299)

00007FFE70F4E299 (USER32): (filename not available): DispatchMessageW

ERROR: SymGetLineFromAddr64, GetLastError: 487 (Address: 00007FFDD2F732EB)

00007FFDD2F732EB (Qt5Core): (filename not available): QEventDispatcherWin32::processEvents

ERROR: SymGetLineFromAddr64, GetLastError: 487 (Address: 00007FFDF7A53339)

00007FFDF7A53339 (qwindows): (filename not available): qt_plugin_query_metadata

ERROR: SymGetLineFromAddr64, GetLastError: 487 (Address: 00007FFDD2F2578B)

00007FFDD2F2578B (Qt5Core): (filename not available): QEventLoop::exec

ERROR: SymGetLineFromAddr64, GetLastError: 487 (Address: 00007FFDD2F2837E)

00007FFDD2F2837E (Qt5Core): (filename not available): QCoreApplication::exec

ERROR: SymGetSymFromAddr64, GetLastError: 487 (Address: 00007FF700445362)

ERROR: SymGetLineFromAddr64, GetLastError: 487 (Address: 00007FF700445362)

00007FF700445362 (td): (filename not available): (function-name not available)

ERROR: SymGetSymFromAddr64, GetLastError: 487 (Address: 00007FF700444BD9)

ERROR: SymGetLineFromAddr64, GetLastError: 487 (Address: 00007FF700444BD9)

00007FF700444BD9 (td): (filename not available): (function-name not available)

ERROR: SymGetSymFromAddr64, GetLastError: 487 (Address: 00007FF702EDB95A)

ERROR: SymGetLineFromAddr64, GetLastError: 487 (Address: 00007FF702EDB95A)

00007FF702EDB95A (td): (filename not available): (function-name not available)

ERROR: SymGetLineFromAddr64, GetLastError: 487 (Address: 00007FFE70DD7034)

00007FFE70DD7034 (KERNEL32): (filename not available): BaseThreadInitThunk

ERROR: SymGetLineFromAddr64, GetLastError: 487 (Address: 00007FFE72C426A1)

00007FFE72C426A1 (ntdll): (filename not available): RtlUserThreadStart

