============================================================
   Tang Dynasty, V5.6.59063
   Copyright (c) 2012-2022 Anlogic
   Executable = C:/Anlogic/TD5.6.59063/bin/td.exe
   Built at =   12:45:13 Sep  6 2022
   Run by =     Administrator
   Run Date =   Mon Oct 24 21:55:58 2022

   Run on =     WIN-25FR57M34TT
============================================================
RUN-1001 : launch_runs syn_1 phy_1  -jobs 6.
RUN-1001 : syn_1: run complete.
RUN-1001 : phy_1: run complete.
RUN-1001 : open_run phy_1.
RUN-1002 : start command "import_db C:/Users/Administrator/Desktop/16_ov2640_sdram/ov2640_sdram_Runs/phy_1/ov2640_sdram_pr.db"
RUN-1001 : Importing database generated by Tang Dynasty, V5.6.59063.
RUN-1001 : Database version number 46140.
RUN-1001 : Import flow parameters
PHY-1001 : Generate detailed routing grids ...
PHY-1001 : Generate nets ...
PHY-1001 : net cam_pclk_dup_1 will be routed on clock mesh
PHY-1001 : net clk_24m_dup_1 will be routed on clock mesh
PHY-1001 : net vga_clk_dup_1 will be routed on clock mesh
PHY-1001 : clock net u_camera_reader/wrreq_syn_2 will be merged with clock u_camera_reader/wrreq
PHY-1001 : net u_camera_reader/clk will be routed on clock mesh
PHY-1001 : clock net Sdram_Control_4Port/CTRL_CLK will be merged with clock u_pll/clk0_buf
PHY-1001 : net Sdram_Control_4Port/SDRAM_CLK will be routed on clock mesh
PHY-1001 : net u_camera_init/u_i2c_write/clk will be routed on clock mesh
PHY-1001 : clock net u_camera_init/divider2[8]_syn_4 will be merged with clock u_camera_init/divider2[8]
PHY-1001 : clock net u_camera_init/divider2[7]_syn_2 will be merged with clock u_camera_init/divider2[7]
PHY-1001 : eco open net = 0
PHY-1001 : 40 feed throughs used by 22 nets
RUN-1001 : Import timing constraints
RUN-1001 : Import IO constraints
RUN-1001 : Import Inst constraints
RUN-1001 : Import design success TD_VERSION=5.6.59063 , DB_VERSION=46140
RUN-1003 : finish command "import_db C:/Users/Administrator/Desktop/16_ov2640_sdram/ov2640_sdram_Runs/phy_1/ov2640_sdram_pr.db" in  4.734150s wall, 4.687500s user + 0.093750s system = 4.781250s CPU (101.0%)

RUN-1004 : used memory is 479 MB, reserved memory is 445 MB, peak memory is 511 MB
RUN-1002 : start command "report_timing"
RUN-1002 : start command "start_timer"
RUN-1002 : start command "end_timer"
RUN-1001 : Print Global Property
RUN-1001 : ---------------------------------------------------------------
RUN-1001 :        Parameters        |  Settings  |  Default Values  |  Note  
RUN-1001 : ---------------------------------------------------------------
RUN-1001 :          message         |  standard  |     standard     |        
RUN-1001 :   mixed_pack_place_flow  |     on     |        on        |        
RUN-1001 :        qor_monitor       |    off     |       off        |        
RUN-1001 :        syn_ip_flow       |    off     |       off        |        
RUN-1001 :          thread          |    auto    |       auto       |        
RUN-1001 : ---------------------------------------------------------------
RUN-1001 : Print Design Property
RUN-1001 : --------------------------------------------------------------
RUN-1001 :        Parameters       |  Settings  |  Default Values  |  Note  
RUN-1001 : --------------------------------------------------------------
RUN-1001 :   default_reg_initial   |    auto    |       auto       |        
RUN-1001 :        infer_add        |     on     |        on        |        
RUN-1001 :        infer_fsm        |    off     |       off        |        
RUN-1001 :        infer_mult       |     on     |        on        |        
RUN-1001 :        infer_ram        |     on     |        on        |        
RUN-1001 :        infer_reg        |     on     |        on        |        
RUN-1001 :   infer_reg_init_value  |     on     |        on        |        
RUN-1001 :        infer_rom        |     on     |        on        |        
RUN-1001 :      infer_shifter      |     on     |        on        |        
RUN-1001 : --------------------------------------------------------------
RUN-1001 : Print Rtl Property
RUN-1001 : --------------------------------------------------------------
RUN-1001 :        Parameters       |  Settings  |  Default Values  |  Note  
RUN-1001 : --------------------------------------------------------------
RUN-1001 :       compress_add      |   ripple   |      ripple      |        
RUN-1001 :        elf_sload        |    off     |       off        |        
RUN-1001 :       fix_undriven      |     0      |        0         |        
RUN-1001 :         flatten         |    off     |       off        |        
RUN-1001 :       gate_sharing      |     on     |        on        |        
RUN-1001 :    hdl_warning_level    |   normal   |      normal      |        
RUN-1001 :   impl_internal_tribuf  |     on     |        on        |        
RUN-1001 :      impl_set_reset     |     on     |        on        |        
RUN-1001 :        infer_gsr        |    off     |       off        |        
RUN-1001 :      keep_hierarchy     |    auto    |       auto       |        
RUN-1001 :        max_fanout       |    9999    |       9999       |        
RUN-1001 :      max_oh2bin_len     |     10     |        10        |        
RUN-1001 :       merge_equal       |     on     |        on        |        
RUN-1001 :       merge_equiv       |     on     |        on        |        
RUN-1001 :        merge_mux        |    off     |       off        |        
RUN-1001 :     min_control_set     |     8      |        8         |        
RUN-1001 :      min_ripple_len     |    auto    |       auto       |        
RUN-1001 :       oh2bin_ratio      |    0.08    |       0.08       |        
RUN-1001 :     opt_adder_fanout    |     on     |        on        |        
RUN-1001 :        opt_arith        |     on     |        on        |        
RUN-1001 :       opt_big_gate      |    off     |       off        |        
RUN-1001 :        opt_const        |     on     |        on        |        
RUN-1001 :      opt_const_mult     |     on     |        on        |        
RUN-1001 :       opt_lessthan      |     on     |        on        |        
RUN-1001 :         opt_mux         |    off     |       off        |        
RUN-1001 :         opt_ram         |    high    |       high       |        
RUN-1001 :      rtl_sim_model      |    off     |       off        |        
RUN-1001 :         seq_syn         |     on     |        on        |        
RUN-1001 : --------------------------------------------------------------
HDL-1007 : analyze verilog file al_ip/ip_pll.v
HDL-1007 : undeclared symbol 'open', assumed default net type 'wire' in al_ip/ip_pll.v(93)
HDL-1007 : analyze verilog file al_ip/softfifo.v
HDL-1007 : analyze verilog file RTL/camera_init.v
HDL-1007 : undeclared symbol 'clk_div', assumed default net type 'wire' in RTL/camera_init.v(74)
HDL-1007 : analyze verilog file RTL/camera_reader.v
HDL-1007 : analyze verilog file RTL/i2c_module.v
HDL-1007 : analyze verilog file RTL/test_camera.v
HDL-1007 : analyze verilog file RTL/Sdram_Control_4Port/command.v
HDL-1007 : analyze included file RTL/Sdram_Control_4Port/Sdram_Params.h in RTL/Sdram_Control_4Port/command.v(27)
HDL-1007 : back to file 'RTL/Sdram_Control_4Port/command.v' in RTL/Sdram_Control_4Port/command.v(27)
HDL-1007 : analyze verilog file RTL/Sdram_Control_4Port/control_interface.v
HDL-1007 : analyze included file RTL/Sdram_Control_4Port/Sdram_Params.h in RTL/Sdram_Control_4Port/control_interface.v(21)
HDL-1007 : back to file 'RTL/Sdram_Control_4Port/control_interface.v' in RTL/Sdram_Control_4Port/control_interface.v(21)
HDL-1007 : analyze verilog file RTL/Sdram_Control_4Port/sdr_data_path.v
HDL-1007 : analyze included file RTL/Sdram_Control_4Port/Sdram_Params.h in RTL/Sdram_Control_4Port/sdr_data_path.v(10)
HDL-1007 : back to file 'RTL/Sdram_Control_4Port/sdr_data_path.v' in RTL/Sdram_Control_4Port/sdr_data_path.v(10)
HDL-1007 : analyze verilog file RTL/Sdram_Control_4Port/Sdram_Control_4Port.v
HDL-1007 : analyze included file RTL/Sdram_Control_4Port/Sdram_Params.h in RTL/Sdram_Control_4Port/Sdram_Control_4Port.v(49)
HDL-1007 : back to file 'RTL/Sdram_Control_4Port/Sdram_Control_4Port.v' in RTL/Sdram_Control_4Port/Sdram_Control_4Port.v(49)
HDL-1007 : analyze verilog file RTL/Sdram_Control_4Port/Sdram_RD_FIFO.v
HDL-5007 WARNING: 'clk' is not declared in RTL/Sdram_Control_4Port/Sdram_RD_FIFO.v(44)
HDL-1007 : analyze verilog file RTL/Sdram_Control_4Port/Sdram_WR_FIFO.v
HDL-1007 : analyze verilog file al_ip/sdram.v
HDL-1007 : analyze verilog file RTL/Driver.v
HDL-1007 : analyze verilog file al_ip/ramfifo.v
HDL-1007 : analyze verilog file RTL/image_process.v
HDL-8007 ERROR: cannot find port 'clkw' on this module in al_ip/ramfifo.v(42)
HDL-8007 ERROR: cannot find port 'clkr' on this module in al_ip/ramfifo.v(45)
RUN-1001 : reset_run syn_1 phy_1.
RUN-1001 : launch_runs syn_1 phy_1  -jobs 6.
RUN-1001 : syn_1: run complete.
RUN-1001 : phy_1: run complete.
RUN-1001 : open_run phy_1.
RUN-1002 : start command "import_db C:/Users/Administrator/Desktop/16_ov2640_sdram/ov2640_sdram_Runs/phy_1/ov2640_sdram_pr.db"
RUN-1001 : Importing database generated by Tang Dynasty, V5.6.59063.
RUN-1001 : Database version number 46140.
RUN-1001 : Import flow parameters
PHY-1001 : Generate detailed routing grids ...
PHY-1001 : Generate nets ...
PHY-1001 : net cam_pclk_dup_1 will be routed on clock mesh
PHY-1001 : net clk_24m_dup_1 will be routed on clock mesh
PHY-1001 : net vga_clk_dup_1 will be routed on clock mesh
PHY-1001 : clock net u_camera_reader/wrreq_syn_2 will be merged with clock u_camera_reader/wrreq
PHY-1001 : net u_camera_reader/clk will be routed on clock mesh
PHY-1001 : clock net Sdram_Control_4Port/CTRL_CLK will be merged with clock u_pll/clk0_buf
PHY-1001 : net Sdram_Control_4Port/SDRAM_CLK will be routed on clock mesh
PHY-1001 : net u_camera_init/u_i2c_write/clk will be routed on clock mesh
PHY-1001 : clock net u_camera_init/divider2[8]_syn_4 will be merged with clock u_camera_init/divider2[8]
PHY-1001 : clock net u_camera_init/divider2[7]_syn_2 will be merged with clock u_camera_init/divider2[7]
PHY-1001 : eco open net = 0
PHY-1001 : 40 feed throughs used by 22 nets
RUN-1001 : Import timing constraints
RUN-1001 : Import IO constraints
RUN-1001 : Import Inst constraints
RUN-1001 : Import design success TD_VERSION=5.6.59063 , DB_VERSION=46140
RUN-1003 : finish command "import_db C:/Users/Administrator/Desktop/16_ov2640_sdram/ov2640_sdram_Runs/phy_1/ov2640_sdram_pr.db" in  1.337021s wall, 1.359375s user + 0.031250s system = 1.390625s CPU (104.0%)

RUN-1004 : used memory is 539 MB, reserved memory is 491 MB, peak memory is 563 MB
RUN-1002 : start command "report_timing"
RUN-1002 : start command "start_timer"
RUN-1002 : start command "end_timer"
RUN-1001 : Print Global Property
RUN-1001 : ---------------------------------------------------------------
RUN-1001 :        Parameters        |  Settings  |  Default Values  |  Note  
RUN-1001 : ---------------------------------------------------------------
RUN-1001 :          message         |  standard  |     standard     |        
RUN-1001 :   mixed_pack_place_flow  |     on     |        on        |        
RUN-1001 :        qor_monitor       |    off     |       off        |        
RUN-1001 :        syn_ip_flow       |    off     |       off        |        
RUN-1001 :          thread          |    auto    |       auto       |        
RUN-1001 : ---------------------------------------------------------------
RUN-1001 : Print Design Property
RUN-1001 : --------------------------------------------------------------
RUN-1001 :        Parameters       |  Settings  |  Default Values  |  Note  
RUN-1001 : --------------------------------------------------------------
RUN-1001 :   default_reg_initial   |    auto    |       auto       |        
RUN-1001 :        infer_add        |     on     |        on        |        
RUN-1001 :        infer_fsm        |    off     |       off        |        
RUN-1001 :        infer_mult       |     on     |        on        |        
RUN-1001 :        infer_ram        |     on     |        on        |        
RUN-1001 :        infer_reg        |     on     |        on        |        
RUN-1001 :   infer_reg_init_value  |     on     |        on        |        
RUN-1001 :        infer_rom        |     on     |        on        |        
RUN-1001 :      infer_shifter      |     on     |        on        |        
RUN-1001 : --------------------------------------------------------------
RUN-1001 : Print Rtl Property
RUN-1001 : --------------------------------------------------------------
RUN-1001 :        Parameters       |  Settings  |  Default Values  |  Note  
RUN-1001 : --------------------------------------------------------------
RUN-1001 :       compress_add      |   ripple   |      ripple      |        
RUN-1001 :        elf_sload        |    off     |       off        |        
RUN-1001 :       fix_undriven      |     0      |        0         |        
RUN-1001 :         flatten         |    off     |       off        |        
RUN-1001 :       gate_sharing      |     on     |        on        |        
RUN-1001 :    hdl_warning_level    |   normal   |      normal      |        
RUN-1001 :   impl_internal_tribuf  |     on     |        on        |        
RUN-1001 :      impl_set_reset     |     on     |        on        |        
RUN-1001 :        infer_gsr        |    off     |       off        |        
RUN-1001 :      keep_hierarchy     |    auto    |       auto       |        
RUN-1001 :        max_fanout       |    9999    |       9999       |        
RUN-1001 :      max_oh2bin_len     |     10     |        10        |        
RUN-1001 :       merge_equal       |     on     |        on        |        
RUN-1001 :       merge_equiv       |     on     |        on        |        
RUN-1001 :        merge_mux        |    off     |       off        |        
RUN-1001 :     min_control_set     |     8      |        8         |        
RUN-1001 :      min_ripple_len     |    auto    |       auto       |        
RUN-1001 :       oh2bin_ratio      |    0.08    |       0.08       |        
RUN-1001 :     opt_adder_fanout    |     on     |        on        |        
RUN-1001 :        opt_arith        |     on     |        on        |        
RUN-1001 :       opt_big_gate      |    off     |       off        |        
RUN-1001 :        opt_const        |     on     |        on        |        
RUN-1001 :      opt_const_mult     |     on     |        on        |        
RUN-1001 :       opt_lessthan      |     on     |        on        |        
RUN-1001 :         opt_mux         |    off     |       off        |        
RUN-1001 :         opt_ram         |    high    |       high       |        
RUN-1001 :      rtl_sim_model      |    off     |       off        |        
RUN-1001 :         seq_syn         |     on     |        on        |        
RUN-1001 : --------------------------------------------------------------
HDL-1007 : analyze verilog file al_ip/ip_pll.v
HDL-1007 : undeclared symbol 'open', assumed default net type 'wire' in al_ip/ip_pll.v(93)
HDL-1007 : analyze verilog file al_ip/softfifo.v
HDL-1007 : analyze verilog file RTL/camera_init.v
HDL-1007 : undeclared symbol 'clk_div', assumed default net type 'wire' in RTL/camera_init.v(74)
HDL-1007 : analyze verilog file RTL/camera_reader.v
HDL-1007 : analyze verilog file RTL/i2c_module.v
HDL-1007 : analyze verilog file RTL/test_camera.v
HDL-1007 : analyze verilog file RTL/Sdram_Control_4Port/command.v
HDL-1007 : analyze included file RTL/Sdram_Control_4Port/Sdram_Params.h in RTL/Sdram_Control_4Port/command.v(27)
HDL-1007 : back to file 'RTL/Sdram_Control_4Port/command.v' in RTL/Sdram_Control_4Port/command.v(27)
HDL-1007 : analyze verilog file RTL/Sdram_Control_4Port/control_interface.v
HDL-1007 : analyze included file RTL/Sdram_Control_4Port/Sdram_Params.h in RTL/Sdram_Control_4Port/control_interface.v(21)
HDL-1007 : back to file 'RTL/Sdram_Control_4Port/control_interface.v' in RTL/Sdram_Control_4Port/control_interface.v(21)
HDL-1007 : analyze verilog file RTL/Sdram_Control_4Port/sdr_data_path.v
HDL-1007 : analyze included file RTL/Sdram_Control_4Port/Sdram_Params.h in RTL/Sdram_Control_4Port/sdr_data_path.v(10)
HDL-1007 : back to file 'RTL/Sdram_Control_4Port/sdr_data_path.v' in RTL/Sdram_Control_4Port/sdr_data_path.v(10)
HDL-1007 : analyze verilog file RTL/Sdram_Control_4Port/Sdram_Control_4Port.v
HDL-1007 : analyze included file RTL/Sdram_Control_4Port/Sdram_Params.h in RTL/Sdram_Control_4Port/Sdram_Control_4Port.v(49)
HDL-1007 : back to file 'RTL/Sdram_Control_4Port/Sdram_Control_4Port.v' in RTL/Sdram_Control_4Port/Sdram_Control_4Port.v(49)
HDL-1007 : analyze verilog file RTL/Sdram_Control_4Port/Sdram_RD_FIFO.v
HDL-5007 WARNING: 'clk' is not declared in RTL/Sdram_Control_4Port/Sdram_RD_FIFO.v(44)
HDL-1007 : analyze verilog file RTL/Sdram_Control_4Port/Sdram_WR_FIFO.v
HDL-1007 : analyze verilog file al_ip/sdram.v
HDL-1007 : analyze verilog file RTL/Driver.v
HDL-1007 : analyze verilog file al_ip/ramfifo.v
HDL-1007 : analyze verilog file RTL/image_process.v
HDL-8007 ERROR: cannot find port 'clkw' on this module in al_ip/ramfifo.v(42)
HDL-8007 ERROR: cannot find port 'clkr' on this module in al_ip/ramfifo.v(45)
RUN-1001 : Print Global Property
RUN-1001 : ---------------------------------------------------------------
RUN-1001 :        Parameters        |  Settings  |  Default Values  |  Note  
RUN-1001 : ---------------------------------------------------------------
RUN-1001 :          message         |  standard  |     standard     |        
RUN-1001 :   mixed_pack_place_flow  |     on     |        on        |        
RUN-1001 :        qor_monitor       |    off     |       off        |        
RUN-1001 :        syn_ip_flow       |    off     |       off        |        
RUN-1001 :          thread          |    auto    |       auto       |        
RUN-1001 : ---------------------------------------------------------------
RUN-1001 : Print Design Property
RUN-1001 : --------------------------------------------------------------
RUN-1001 :        Parameters       |  Settings  |  Default Values  |  Note  
RUN-1001 : --------------------------------------------------------------
RUN-1001 :   default_reg_initial   |    auto    |       auto       |        
RUN-1001 :        infer_add        |     on     |        on        |        
RUN-1001 :        infer_fsm        |    off     |       off        |        
RUN-1001 :        infer_mult       |     on     |        on        |        
RUN-1001 :        infer_ram        |     on     |        on        |        
RUN-1001 :        infer_reg        |     on     |        on        |        
RUN-1001 :   infer_reg_init_value  |     on     |        on        |        
RUN-1001 :        infer_rom        |     on     |        on        |        
RUN-1001 :      infer_shifter      |     on     |        on        |        
RUN-1001 : --------------------------------------------------------------
RUN-1001 : Print Rtl Property
RUN-1001 : --------------------------------------------------------------
RUN-1001 :        Parameters       |  Settings  |  Default Values  |  Note  
RUN-1001 : --------------------------------------------------------------
RUN-1001 :       compress_add      |   ripple   |      ripple      |        
RUN-1001 :        elf_sload        |    off     |       off        |        
RUN-1001 :       fix_undriven      |     0      |        0         |        
RUN-1001 :         flatten         |    off     |       off        |        
RUN-1001 :       gate_sharing      |     on     |        on        |        
RUN-1001 :    hdl_warning_level    |   normal   |      normal      |        
RUN-1001 :   impl_internal_tribuf  |     on     |        on        |        
RUN-1001 :      impl_set_reset     |     on     |        on        |        
RUN-1001 :        infer_gsr        |    off     |       off        |        
RUN-1001 :      keep_hierarchy     |    auto    |       auto       |        
RUN-1001 :        max_fanout       |    9999    |       9999       |        
RUN-1001 :      max_oh2bin_len     |     10     |        10        |        
RUN-1001 :       merge_equal       |     on     |        on        |        
RUN-1001 :       merge_equiv       |     on     |        on        |        
RUN-1001 :        merge_mux        |    off     |       off        |        
RUN-1001 :     min_control_set     |     8      |        8         |        
RUN-1001 :      min_ripple_len     |    auto    |       auto       |        
RUN-1001 :       oh2bin_ratio      |    0.08    |       0.08       |        
RUN-1001 :     opt_adder_fanout    |     on     |        on        |        
RUN-1001 :        opt_arith        |     on     |        on        |        
RUN-1001 :       opt_big_gate      |    off     |       off        |        
RUN-1001 :        opt_const        |     on     |        on        |        
RUN-1001 :      opt_const_mult     |     on     |        on        |        
RUN-1001 :       opt_lessthan      |     on     |        on        |        
RUN-1001 :         opt_mux         |    off     |       off        |        
RUN-1001 :         opt_ram         |    high    |       high       |        
RUN-1001 :      rtl_sim_model      |    off     |       off        |        
RUN-1001 :         seq_syn         |     on     |        on        |        
RUN-1001 : --------------------------------------------------------------
HDL-1007 : analyze verilog file al_ip/ip_pll.v
HDL-1007 : undeclared symbol 'open', assumed default net type 'wire' in al_ip/ip_pll.v(93)
HDL-1007 : analyze verilog file al_ip/softfifo.v
HDL-1007 : analyze verilog file RTL/camera_init.v
HDL-1007 : undeclared symbol 'clk_div', assumed default net type 'wire' in RTL/camera_init.v(74)
HDL-1007 : analyze verilog file RTL/camera_reader.v
HDL-1007 : analyze verilog file RTL/i2c_module.v
HDL-1007 : analyze verilog file RTL/test_camera.v
HDL-1007 : analyze verilog file RTL/Sdram_Control_4Port/command.v
HDL-1007 : analyze included file RTL/Sdram_Control_4Port/Sdram_Params.h in RTL/Sdram_Control_4Port/command.v(27)
HDL-1007 : back to file 'RTL/Sdram_Control_4Port/command.v' in RTL/Sdram_Control_4Port/command.v(27)
HDL-1007 : analyze verilog file RTL/Sdram_Control_4Port/control_interface.v
HDL-1007 : analyze included file RTL/Sdram_Control_4Port/Sdram_Params.h in RTL/Sdram_Control_4Port/control_interface.v(21)
HDL-1007 : back to file 'RTL/Sdram_Control_4Port/control_interface.v' in RTL/Sdram_Control_4Port/control_interface.v(21)
HDL-1007 : analyze verilog file RTL/Sdram_Control_4Port/sdr_data_path.v
HDL-1007 : analyze included file RTL/Sdram_Control_4Port/Sdram_Params.h in RTL/Sdram_Control_4Port/sdr_data_path.v(10)
HDL-1007 : back to file 'RTL/Sdram_Control_4Port/sdr_data_path.v' in RTL/Sdram_Control_4Port/sdr_data_path.v(10)
HDL-1007 : analyze verilog file RTL/Sdram_Control_4Port/Sdram_Control_4Port.v
HDL-1007 : analyze included file RTL/Sdram_Control_4Port/Sdram_Params.h in RTL/Sdram_Control_4Port/Sdram_Control_4Port.v(49)
HDL-1007 : back to file 'RTL/Sdram_Control_4Port/Sdram_Control_4Port.v' in RTL/Sdram_Control_4Port/Sdram_Control_4Port.v(49)
HDL-1007 : analyze verilog file RTL/Sdram_Control_4Port/Sdram_RD_FIFO.v
HDL-5007 WARNING: 'clk' is not declared in RTL/Sdram_Control_4Port/Sdram_RD_FIFO.v(44)
HDL-1007 : analyze verilog file RTL/Sdram_Control_4Port/Sdram_WR_FIFO.v
HDL-1007 : analyze verilog file al_ip/sdram.v
HDL-1007 : analyze verilog file RTL/Driver.v
HDL-1007 : analyze verilog file al_ip/ramfifo.v
HDL-1007 : analyze verilog file RTL/image_process.v
HDL-8007 ERROR: cannot find port 'clkw' on this module in al_ip/ramfifo.v(42)
HDL-8007 ERROR: cannot find port 'clkr' on this module in al_ip/ramfifo.v(45)
RUN-1001 : Print Global Property
RUN-1001 : ---------------------------------------------------------------
RUN-1001 :        Parameters        |  Settings  |  Default Values  |  Note  
RUN-1001 : ---------------------------------------------------------------
RUN-1001 :          message         |  standard  |     standard     |        
RUN-1001 :   mixed_pack_place_flow  |     on     |        on        |        
RUN-1001 :        qor_monitor       |    off     |       off        |        
RUN-1001 :        syn_ip_flow       |    off     |       off        |        
RUN-1001 :          thread          |    auto    |       auto       |        
RUN-1001 : ---------------------------------------------------------------
RUN-1001 : Print Design Property
RUN-1001 : --------------------------------------------------------------
RUN-1001 :        Parameters       |  Settings  |  Default Values  |  Note  
RUN-1001 : --------------------------------------------------------------
RUN-1001 :   default_reg_initial   |    auto    |       auto       |        
RUN-1001 :        infer_add        |     on     |        on        |        
RUN-1001 :        infer_fsm        |    off     |       off        |        
RUN-1001 :        infer_mult       |     on     |        on        |        
RUN-1001 :        infer_ram        |     on     |        on        |        
RUN-1001 :        infer_reg        |     on     |        on        |        
RUN-1001 :   infer_reg_init_value  |     on     |        on        |        
RUN-1001 :        infer_rom        |     on     |        on        |        
RUN-1001 :      infer_shifter      |     on     |        on        |        
RUN-1001 : --------------------------------------------------------------
RUN-1001 : Print Rtl Property
RUN-1001 : --------------------------------------------------------------
RUN-1001 :        Parameters       |  Settings  |  Default Values  |  Note  
RUN-1001 : --------------------------------------------------------------
RUN-1001 :       compress_add      |   ripple   |      ripple      |        
RUN-1001 :        elf_sload        |    off     |       off        |        
RUN-1001 :       fix_undriven      |     0      |        0         |        
RUN-1001 :         flatten         |    off     |       off        |        
RUN-1001 :       gate_sharing      |     on     |        on        |        
RUN-1001 :    hdl_warning_level    |   normal   |      normal      |        
RUN-1001 :   impl_internal_tribuf  |     on     |        on        |        
RUN-1001 :      impl_set_reset     |     on     |        on        |        
RUN-1001 :        infer_gsr        |    off     |       off        |        
RUN-1001 :      keep_hierarchy     |    auto    |       auto       |        
RUN-1001 :        max_fanout       |    9999    |       9999       |        
RUN-1001 :      max_oh2bin_len     |     10     |        10        |        
RUN-1001 :       merge_equal       |     on     |        on        |        
RUN-1001 :       merge_equiv       |     on     |        on        |        
RUN-1001 :        merge_mux        |    off     |       off        |        
RUN-1001 :     min_control_set     |     8      |        8         |        
RUN-1001 :      min_ripple_len     |    auto    |       auto       |        
RUN-1001 :       oh2bin_ratio      |    0.08    |       0.08       |        
RUN-1001 :     opt_adder_fanout    |     on     |        on        |        
RUN-1001 :        opt_arith        |     on     |        on        |        
RUN-1001 :       opt_big_gate      |    off     |       off        |        
RUN-1001 :        opt_const        |     on     |        on        |        
RUN-1001 :      opt_const_mult     |     on     |        on        |        
RUN-1001 :       opt_lessthan      |     on     |        on        |        
RUN-1001 :         opt_mux         |    off     |       off        |        
RUN-1001 :         opt_ram         |    high    |       high       |        
RUN-1001 :      rtl_sim_model      |    off     |       off        |        
RUN-1001 :         seq_syn         |     on     |        on        |        
RUN-1001 : --------------------------------------------------------------
HDL-1007 : analyze verilog file al_ip/ip_pll.v
HDL-1007 : undeclared symbol 'open', assumed default net type 'wire' in al_ip/ip_pll.v(93)
HDL-1007 : analyze verilog file al_ip/softfifo.v
HDL-1007 : analyze verilog file RTL/camera_init.v
HDL-1007 : undeclared symbol 'clk_div', assumed default net type 'wire' in RTL/camera_init.v(74)
HDL-1007 : analyze verilog file RTL/camera_reader.v
HDL-1007 : analyze verilog file RTL/i2c_module.v
HDL-1007 : analyze verilog file RTL/test_camera.v
HDL-1007 : analyze verilog file RTL/Sdram_Control_4Port/command.v
HDL-1007 : analyze included file RTL/Sdram_Control_4Port/Sdram_Params.h in RTL/Sdram_Control_4Port/command.v(27)
HDL-1007 : back to file 'RTL/Sdram_Control_4Port/command.v' in RTL/Sdram_Control_4Port/command.v(27)
HDL-1007 : analyze verilog file RTL/Sdram_Control_4Port/control_interface.v
HDL-1007 : analyze included file RTL/Sdram_Control_4Port/Sdram_Params.h in RTL/Sdram_Control_4Port/control_interface.v(21)
HDL-1007 : back to file 'RTL/Sdram_Control_4Port/control_interface.v' in RTL/Sdram_Control_4Port/control_interface.v(21)
HDL-1007 : analyze verilog file RTL/Sdram_Control_4Port/sdr_data_path.v
HDL-1007 : analyze included file RTL/Sdram_Control_4Port/Sdram_Params.h in RTL/Sdram_Control_4Port/sdr_data_path.v(10)
HDL-1007 : back to file 'RTL/Sdram_Control_4Port/sdr_data_path.v' in RTL/Sdram_Control_4Port/sdr_data_path.v(10)
HDL-1007 : analyze verilog file RTL/Sdram_Control_4Port/Sdram_Control_4Port.v
HDL-1007 : analyze included file RTL/Sdram_Control_4Port/Sdram_Params.h in RTL/Sdram_Control_4Port/Sdram_Control_4Port.v(49)
HDL-1007 : back to file 'RTL/Sdram_Control_4Port/Sdram_Control_4Port.v' in RTL/Sdram_Control_4Port/Sdram_Control_4Port.v(49)
HDL-1007 : analyze verilog file RTL/Sdram_Control_4Port/Sdram_RD_FIFO.v
HDL-5007 WARNING: 'clk' is not declared in RTL/Sdram_Control_4Port/Sdram_RD_FIFO.v(44)
HDL-1007 : analyze verilog file RTL/Sdram_Control_4Port/Sdram_WR_FIFO.v
HDL-1007 : analyze verilog file al_ip/sdram.v
HDL-1007 : analyze verilog file RTL/Driver.v
HDL-1007 : analyze verilog file al_ip/ramfifo.v
HDL-1007 : analyze verilog file RTL/image_process.v
HDL-8007 ERROR: cannot find port 'clkw' on this module in al_ip/ramfifo.v(42)
HDL-8007 ERROR: cannot find port 'clkr' on this module in al_ip/ramfifo.v(45)
RUN-1001 : Print Global Property
RUN-1001 : ---------------------------------------------------------------
RUN-1001 :        Parameters        |  Settings  |  Default Values  |  Note  
RUN-1001 : ---------------------------------------------------------------
RUN-1001 :          message         |  standard  |     standard     |        
RUN-1001 :   mixed_pack_place_flow  |     on     |        on        |        
RUN-1001 :        qor_monitor       |    off     |       off        |        
RUN-1001 :        syn_ip_flow       |    off     |       off        |        
RUN-1001 :          thread          |    auto    |       auto       |        
RUN-1001 : ---------------------------------------------------------------
RUN-1001 : Print Design Property
RUN-1001 : --------------------------------------------------------------
RUN-1001 :        Parameters       |  Settings  |  Default Values  |  Note  
RUN-1001 : --------------------------------------------------------------
RUN-1001 :   default_reg_initial   |    auto    |       auto       |        
RUN-1001 :        infer_add        |     on     |        on        |        
RUN-1001 :        infer_fsm        |    off     |       off        |        
RUN-1001 :        infer_mult       |     on     |        on        |        
RUN-1001 :        infer_ram        |     on     |        on        |        
RUN-1001 :        infer_reg        |     on     |        on        |        
RUN-1001 :   infer_reg_init_value  |     on     |        on        |        
RUN-1001 :        infer_rom        |     on     |        on        |        
RUN-1001 :      infer_shifter      |     on     |        on        |        
RUN-1001 : --------------------------------------------------------------
RUN-1001 : Print Rtl Property
RUN-1001 : --------------------------------------------------------------
RUN-1001 :        Parameters       |  Settings  |  Default Values  |  Note  
RUN-1001 : --------------------------------------------------------------
RUN-1001 :       compress_add      |   ripple   |      ripple      |        
RUN-1001 :        elf_sload        |    off     |       off        |        
RUN-1001 :       fix_undriven      |     0      |        0         |        
RUN-1001 :         flatten         |    off     |       off        |        
RUN-1001 :       gate_sharing      |     on     |        on        |        
RUN-1001 :    hdl_warning_level    |   normal   |      normal      |        
RUN-1001 :   impl_internal_tribuf  |     on     |        on        |        
RUN-1001 :      impl_set_reset     |     on     |        on        |        
RUN-1001 :        infer_gsr        |    off     |       off        |        
RUN-1001 :      keep_hierarchy     |    auto    |       auto       |        
RUN-1001 :        max_fanout       |    9999    |       9999       |        
RUN-1001 :      max_oh2bin_len     |     10     |        10        |        
RUN-1001 :       merge_equal       |     on     |        on        |        
RUN-1001 :       merge_equiv       |     on     |        on        |        
RUN-1001 :        merge_mux        |    off     |       off        |        
RUN-1001 :     min_control_set     |     8      |        8         |        
RUN-1001 :      min_ripple_len     |    auto    |       auto       |        
RUN-1001 :       oh2bin_ratio      |    0.08    |       0.08       |        
RUN-1001 :     opt_adder_fanout    |     on     |        on        |        
RUN-1001 :        opt_arith        |     on     |        on        |        
RUN-1001 :       opt_big_gate      |    off     |       off        |        
RUN-1001 :        opt_const        |     on     |        on        |        
RUN-1001 :      opt_const_mult     |     on     |        on        |        
RUN-1001 :       opt_lessthan      |     on     |        on        |        
RUN-1001 :         opt_mux         |    off     |       off        |        
RUN-1001 :         opt_ram         |    high    |       high       |        
RUN-1001 :      rtl_sim_model      |    off     |       off        |        
RUN-1001 :         seq_syn         |     on     |        on        |        
RUN-1001 : --------------------------------------------------------------
HDL-1007 : analyze verilog file al_ip/ip_pll.v
HDL-1007 : undeclared symbol 'open', assumed default net type 'wire' in al_ip/ip_pll.v(93)
HDL-1007 : analyze verilog file al_ip/softfifo.v
HDL-1007 : analyze verilog file RTL/camera_init.v
HDL-1007 : undeclared symbol 'clk_div', assumed default net type 'wire' in RTL/camera_init.v(74)
HDL-1007 : analyze verilog file RTL/camera_reader.v
HDL-1007 : analyze verilog file RTL/i2c_module.v
HDL-1007 : analyze verilog file RTL/test_camera.v
HDL-1007 : analyze verilog file RTL/Sdram_Control_4Port/command.v
HDL-1007 : analyze included file RTL/Sdram_Control_4Port/Sdram_Params.h in RTL/Sdram_Control_4Port/command.v(27)
HDL-1007 : back to file 'RTL/Sdram_Control_4Port/command.v' in RTL/Sdram_Control_4Port/command.v(27)
HDL-1007 : analyze verilog file RTL/Sdram_Control_4Port/control_interface.v
HDL-1007 : analyze included file RTL/Sdram_Control_4Port/Sdram_Params.h in RTL/Sdram_Control_4Port/control_interface.v(21)
HDL-1007 : back to file 'RTL/Sdram_Control_4Port/control_interface.v' in RTL/Sdram_Control_4Port/control_interface.v(21)
HDL-1007 : analyze verilog file RTL/Sdram_Control_4Port/sdr_data_path.v
HDL-1007 : analyze included file RTL/Sdram_Control_4Port/Sdram_Params.h in RTL/Sdram_Control_4Port/sdr_data_path.v(10)
HDL-1007 : back to file 'RTL/Sdram_Control_4Port/sdr_data_path.v' in RTL/Sdram_Control_4Port/sdr_data_path.v(10)
HDL-1007 : analyze verilog file RTL/Sdram_Control_4Port/Sdram_Control_4Port.v
HDL-1007 : analyze included file RTL/Sdram_Control_4Port/Sdram_Params.h in RTL/Sdram_Control_4Port/Sdram_Control_4Port.v(49)
HDL-1007 : back to file 'RTL/Sdram_Control_4Port/Sdram_Control_4Port.v' in RTL/Sdram_Control_4Port/Sdram_Control_4Port.v(49)
HDL-1007 : analyze verilog file RTL/Sdram_Control_4Port/Sdram_RD_FIFO.v
HDL-5007 WARNING: 'clk' is not declared in RTL/Sdram_Control_4Port/Sdram_RD_FIFO.v(44)
HDL-1007 : analyze verilog file RTL/Sdram_Control_4Port/Sdram_WR_FIFO.v
HDL-1007 : analyze verilog file al_ip/sdram.v
HDL-1007 : analyze verilog file RTL/Driver.v
HDL-1007 : analyze verilog file al_ip/ramfifo.v
HDL-1007 : analyze verilog file RTL/image_process.v
HDL-8007 ERROR: cannot find port 'clkw' on this module in al_ip/ramfifo.v(42)
HDL-8007 ERROR: cannot find port 'clkr' on this module in al_ip/ramfifo.v(45)
RUN-1001 : reset_run syn_1 phy_1.
RUN-1001 : launch_runs syn_1 phy_1  -jobs 6.
RUN-1001 : syn_1: run complete.
RUN-1001 : phy_1: run complete.
RUN-1001 : open_run phy_1.
RUN-1002 : start command "import_db C:/Users/Administrator/Desktop/16_ov2640_sdram/ov2640_sdram_Runs/phy_1/ov2640_sdram_pr.db"
RUN-1001 : Importing database generated by Tang Dynasty, V5.6.59063.
RUN-1001 : Database version number 46140.
RUN-1001 : Import flow parameters
PHY-1001 : Generate detailed routing grids ...
PHY-1001 : Generate nets ...
PHY-1001 : net cam_pclk_dup_1 will be routed on clock mesh
PHY-1001 : net clk_24m_dup_1 will be routed on clock mesh
PHY-1001 : net clk_cam will be routed on clock mesh
PHY-1001 : net vga_clk_dup_1 will be routed on clock mesh
PHY-1001 : clock net u_camera_reader/wrreq_syn_2 will be merged with clock u_camera_reader/wrreq
PHY-1001 : clock net Sdram_Control_4Port/CTRL_CLK will be merged with clock u_pll/clk0_buf
PHY-1001 : net Sdram_Control_4Port/SDRAM_CLK will be routed on clock mesh
PHY-1001 : net u_camera_init/u_i2c_write/clk will be routed on clock mesh
PHY-1001 : clock net u_camera_init/divider2[8]_syn_4 will be merged with clock u_camera_init/divider2[8]
PHY-1001 : clock net u_camera_init/divider2[7]_syn_2 will be merged with clock u_camera_init/divider2[7]
PHY-1001 : eco open net = 0
PHY-1001 : 40 feed throughs used by 22 nets
RUN-1001 : Import timing constraints
RUN-1001 : Import IO constraints
RUN-1001 : Import Inst constraints
RUN-1001 : Import design success TD_VERSION=5.6.59063 , DB_VERSION=46140
RUN-1003 : finish command "import_db C:/Users/Administrator/Desktop/16_ov2640_sdram/ov2640_sdram_Runs/phy_1/ov2640_sdram_pr.db" in  1.436108s wall, 1.343750s user + 0.156250s system = 1.500000s CPU (104.4%)

RUN-1004 : used memory is 402 MB, reserved memory is 508 MB, peak memory is 563 MB
RUN-1002 : start command "report_timing"
RUN-1002 : start command "start_timer"
RUN-1002 : start command "end_timer"
RUN-1002 : start command "download -bit ov2640_sdram.bit -mode jtag -spd 7 -sec 64 -cable 0"
PRG-2014 : Chip validation success: EAGLE_S20_BG256
RUN-1002 : start command "bit_to_vec -chip EAGLE_S20_BG256 -m jtag_burst -freq 4 -bit ov2640_sdram.bit"
RUN-1002 : start command "program -cable 0 -mode svf -spd 7 -p"
RUN-1003 : finish command "program -cable 0 -mode svf -spd 7 -p" in  6.364875s wall, 0.156250s user + 0.125000s system = 0.281250s CPU (4.4%)

RUN-1004 : used memory is 117 MB, reserved memory is 542 MB, peak memory is 563 MB
RUN-1003 : finish command "download -bit ov2640_sdram.bit -mode jtag -spd 7 -sec 64 -cable 0" in  6.686830s wall, 0.250000s user + 0.156250s system = 0.406250s CPU (6.1%)

RUN-1004 : used memory is 117 MB, reserved memory is 542 MB, peak memory is 563 MB
GUI-1001 : Download success!
RUN-1002 : start command "download -bit ov2640_sdram.bit -mode jtag -spd 7 -sec 64 -cable 0"
PRG-2014 : Chip validation success: EAGLE_S20_BG256
RUN-1002 : start command "bit_to_vec -chip EAGLE_S20_BG256 -m jtag_burst -freq 4 -bit ov2640_sdram.bit"
RUN-1002 : start command "program -cable 0 -mode svf -spd 7 -p"
RUN-1003 : finish command "program -cable 0 -mode svf -spd 7 -p" in  6.364173s wall, 0.140625s user + 0.171875s system = 0.312500s CPU (4.9%)

RUN-1004 : used memory is 119 MB, reserved memory is 542 MB, peak memory is 563 MB
RUN-1003 : finish command "download -bit ov2640_sdram.bit -mode jtag -spd 7 -sec 64 -cable 0" in  6.663407s wall, 0.234375s user + 0.171875s system = 0.406250s CPU (6.1%)

RUN-1004 : used memory is 119 MB, reserved memory is 542 MB, peak memory is 563 MB
GUI-1001 : Download success!
RUN-1002 : start command "download -bit ov2640_sdram_Runs\phy_1\ov2640_sdram.bit -mode jtag -spd 7 -sec 64 -cable 0"
PRG-2014 : Chip validation success: EAGLE_S20_BG256
RUN-1002 : start command "bit_to_vec -chip EAGLE_S20_BG256 -m jtag_burst -freq 4 -bit ov2640_sdram_Runs/phy_1/ov2640_sdram.bit"
RUN-1002 : start command "program -cable 0 -mode svf -spd 7 -p"
RUN-1003 : finish command "program -cable 0 -mode svf -spd 7 -p" in  6.379883s wall, 0.171875s user + 0.156250s system = 0.328125s CPU (5.1%)

RUN-1004 : used memory is 122 MB, reserved memory is 543 MB, peak memory is 563 MB
RUN-1003 : finish command "download -bit ov2640_sdram_Runs\phy_1\ov2640_sdram.bit -mode jtag -spd 7 -sec 64 -cable 0" in  6.678303s wall, 0.265625s user + 0.156250s system = 0.421875s CPU (6.3%)

RUN-1004 : used memory is 122 MB, reserved memory is 543 MB, peak memory is 563 MB
GUI-1001 : Download success!
