============================================================
   Tang Dynasty, V5.6.59063
   Copyright (c) 2012-2022 Anlogic
   Executable = C:/Anlogic/TD5.6.59063/bin/td.exe
   Built at =   12:45:13 Sep  6 2022
   Run by =     Administrator
   Run Date =   Tue Nov  1 20:34:40 2022

   Run on =     WIN-25FR57M34TT
============================================================
RUN-1001 : reset_run syn_1 phy_1.
RUN-1001 : launch_runs syn_1 phy_1  -jobs 6.
RUN-1001 : syn_1: run complete.
RUN-1001 : phy_1: run complete.
RUN-1001 : open_run phy_1.
RUN-1002 : start command "import_db C:/Users/Administrator/Desktop/16_ov2640_sdram/ov2640_sdram_Runs/phy_1/ov2640_sdram_pr.db"
RUN-1001 : Importing database generated by Tang Dynasty, V5.6.59063.
RUN-1001 : Database version number 46140.
RUN-1001 : Import flow parameters
PHY-1001 : Generate detailed routing grids ...
PHY-1001 : Generate nets ...
PHY-1001 : net clk_24m_dup_1 will be routed on clock mesh
PHY-1001 : net clk_cam will be routed on clock mesh
PHY-1001 : net vga_clk_dup_1 will be routed on clock mesh
PHY-1001 : clock net Sdram_Control_4Port/CTRL_CLK will be merged with clock u_pll/clk0_buf
PHY-1001 : net Sdram_Control_4Port/SDRAM_CLK will be routed on clock mesh
PHY-1001 : clock net u_image_select/mode[3]_syn_29 will be merged with clock u_image_select/mode[3]_syn_26
PHY-1001 : clock net u_camera_init/divider2[8]_syn_4 will be merged with clock u_camera_init/divider2[8]
PHY-1001 : clock net u_camera_init/divider2[7]_syn_2 will be merged with clock u_camera_init/divider2[7]
PHY-1001 : net u_camera_init/u_i2c_write/clk will be routed on clock mesh
PHY-5010 WARNING: Net u_image_process/out_img_imy[1] is skipped due to 0 input or output
PHY-5010 WARNING: Net u_image_process/out_img_imy[0] is skipped due to 0 input or output
PHY-5010 WARNING: Net u_image_process/post3_frame_href is skipped due to 0 input or output
PHY-5010 WARNING: Net u_image_process/post3_frame_vsync is skipped due to 0 input or output
PHY-1001 : clock net u_image_process/wrreq_syn_2 will be merged with clock u_image_process/wrreq
PHY-5010 WARNING: Net u_image_process/u_Gesture_recognition/Distance_3_Ok[35] is skipped due to 0 input or output
PHY-5010 WARNING: Net u_image_process/u_Gesture_recognition/Distance_3_Ok[34] is skipped due to 0 input or output
PHY-5010 WARNING: Net u_image_process/u_Gesture_recognition/Distance_3_Ok[33] is skipped due to 0 input or output
PHY-5010 WARNING: Net u_image_process/u_Gesture_recognition/Distance_3_Ok[32] is skipped due to 0 input or output
PHY-5010 WARNING: Net u_image_process/u_Gesture_recognition/Distance_3_Ok[31] is skipped due to 0 input or output
PHY-5010 WARNING: Net u_image_process/u_Gesture_recognition/Distance_3_Ok[30] is skipped due to 0 input or output
PHY-5010 Similar messages will be suppressed.
PHY-1001 : net u_image_process/u_Median_Gray_3/u_three_martix/csi_pclk will be routed on clock mesh
PHY-1001 : eco open net = 0
PHY-1001 : 94 feed throughs used by 57 nets
RUN-1001 : Import timing constraints
RUN-1001 : Import IO constraints
RUN-1001 : Import Inst constraints
RUN-1001 : Import design success TD_VERSION=5.6.59063 , DB_VERSION=46140
RUN-1003 : finish command "import_db C:/Users/Administrator/Desktop/16_ov2640_sdram/ov2640_sdram_Runs/phy_1/ov2640_sdram_pr.db" in  8.118675s wall, 7.984375s user + 0.171875s system = 8.156250s CPU (100.5%)

RUN-1004 : used memory is 664 MB, reserved memory is 641 MB, peak memory is 712 MB
RUN-1002 : start command "report_timing"
RUN-1002 : start command "start_timer"
RUN-1003 : finish command "start_timer" in  1.578023s wall, 1.578125s user + 0.046875s system = 1.625000s CPU (103.0%)

RUN-1004 : used memory is 718 MB, reserved memory is 694 MB, peak memory is 718 MB
RUN-1002 : start command "end_timer"
RUN-1003 : finish command "report_timing" in  2.048727s wall, 2.062500s user + 0.046875s system = 2.109375s CPU (103.0%)

RUN-1004 : used memory is 678 MB, reserved memory is 654 MB, peak memory is 726 MB
RUN-1002 : start command "download -bit ov2640_sdram_Runs\phy_1\ov2640_sdram.bit -mode jtag -spd 7 -sec 64 -cable 0"
PRG-2014 : Chip validation success: EAGLE_S20_BG256
RUN-1002 : start command "bit_to_vec -chip EAGLE_S20_BG256 -m jtag_burst -freq 4 -bit ov2640_sdram_Runs/phy_1/ov2640_sdram.bit"
RUN-1002 : start command "program -cable 0 -mode svf -spd 7 -p"
RUN-1003 : finish command "program -cable 0 -mode svf -spd 7 -p" in  6.356523s wall, 0.109375s user + 0.093750s system = 0.203125s CPU (3.2%)

RUN-1004 : used memory is 729 MB, reserved memory is 689 MB, peak memory is 746 MB
RUN-1003 : finish command "download -bit ov2640_sdram_Runs\phy_1\ov2640_sdram.bit -mode jtag -spd 7 -sec 64 -cable 0" in  6.669043s wall, 0.218750s user + 0.109375s system = 0.328125s CPU (4.9%)

RUN-1004 : used memory is 729 MB, reserved memory is 689 MB, peak memory is 746 MB
GUI-1001 : Download success!
HDL-1007 : analyze verilog file RTL/Gesture_recognition.v
HDL-8007 ERROR: cannot find port 'clkw' on this module in al_ip/ramfifo.v(43)
HDL-8007 ERROR: cannot find port 'clkr' on this module in al_ip/ramfifo.v(46)
RUN-1001 : reset_run syn_1 phy_1.
GUI-6001 WARNING: File C:/Users/Administrator/Desktop/16_ov2640_sdram/ov2640_sdram_Runs/phy_1/ov2640_sdram.bit does not exist!
RUN-1001 : launch_runs syn_1 phy_1  -jobs 6.
RUN-1001 : syn_1: run complete.
RUN-1001 : phy_1: run complete.
RUN-1001 : open_run phy_1.
RUN-1002 : start command "import_db C:/Users/Administrator/Desktop/16_ov2640_sdram/ov2640_sdram_Runs/phy_1/ov2640_sdram_pr.db"
RUN-1001 : Importing database generated by Tang Dynasty, V5.6.59063.
RUN-1001 : Database version number 46140.
RUN-1001 : Import flow parameters
PHY-1001 : Generate detailed routing grids ...
PHY-1001 : Generate nets ...
PHY-1001 : net clk_24m_dup_1 will be routed on clock mesh
PHY-1001 : net clk_cam will be routed on clock mesh
PHY-1001 : net vga_clk_dup_1 will be routed on clock mesh
PHY-1001 : clock net Sdram_Control_4Port/CTRL_CLK will be merged with clock u_pll/clk0_buf
PHY-1001 : net Sdram_Control_4Port/SDRAM_CLK will be routed on clock mesh
PHY-1001 : clock net u_image_select/mode[3]_syn_29 will be merged with clock u_image_select/mode[3]_syn_26
PHY-1001 : clock net u_camera_init/divider2[8]_syn_4 will be merged with clock u_camera_init/divider2[8]
PHY-1001 : clock net u_camera_init/divider2[7]_syn_2 will be merged with clock u_camera_init/divider2[7]
PHY-1001 : net u_camera_init/u_i2c_write/clk will be routed on clock mesh
PHY-5010 WARNING: Net u_image_process/out_img_imy[1] is skipped due to 0 input or output
PHY-5010 WARNING: Net u_image_process/out_img_imy[0] is skipped due to 0 input or output
PHY-5010 WARNING: Net u_image_process/post3_frame_href is skipped due to 0 input or output
PHY-5010 WARNING: Net u_image_process/post3_frame_vsync is skipped due to 0 input or output
PHY-1001 : clock net u_image_process/wrreq_syn_2 will be merged with clock u_image_process/wrreq
PHY-5010 WARNING: Net u_image_process/u_Gesture_recognition/Distance_3_Ok[35] is skipped due to 0 input or output
PHY-5010 WARNING: Net u_image_process/u_Gesture_recognition/Distance_3_Ok[34] is skipped due to 0 input or output
PHY-5010 WARNING: Net u_image_process/u_Gesture_recognition/Distance_3_Ok[33] is skipped due to 0 input or output
PHY-5010 WARNING: Net u_image_process/u_Gesture_recognition/Distance_3_Ok[32] is skipped due to 0 input or output
PHY-5010 WARNING: Net u_image_process/u_Gesture_recognition/Distance_3_Ok[31] is skipped due to 0 input or output
PHY-5010 WARNING: Net u_image_process/u_Gesture_recognition/Distance_3_Ok[30] is skipped due to 0 input or output
PHY-5010 Similar messages will be suppressed.
PHY-1001 : net u_image_process/u_Median_Gray_3/u_three_martix/csi_pclk will be routed on clock mesh
PHY-1001 : eco open net = 0
PHY-1001 : 94 feed throughs used by 57 nets
RUN-1001 : Import timing constraints
RUN-1001 : Import IO constraints
RUN-1001 : Import Inst constraints
RUN-1001 : Import design success TD_VERSION=5.6.59063 , DB_VERSION=46140
RUN-1003 : finish command "import_db C:/Users/Administrator/Desktop/16_ov2640_sdram/ov2640_sdram_Runs/phy_1/ov2640_sdram_pr.db" in  5.498874s wall, 4.843750s user + 0.656250s system = 5.500000s CPU (100.0%)

RUN-1004 : used memory is 616 MB, reserved memory is 738 MB, peak memory is 746 MB
RUN-1002 : start command "report_timing"
RUN-1002 : start command "start_timer"
RUN-1003 : finish command "start_timer" in  1.616360s wall, 1.609375s user + 0.015625s system = 1.625000s CPU (100.5%)

RUN-1004 : used memory is 644 MB, reserved memory is 752 MB, peak memory is 746 MB
RUN-1002 : start command "end_timer"
RUN-1003 : finish command "report_timing" in  2.092331s wall, 2.093750s user + 0.015625s system = 2.109375s CPU (100.8%)

RUN-1004 : used memory is 650 MB, reserved memory is 758 MB, peak memory is 746 MB
RUN-1002 : start command "download -bit ov2640_sdram_Runs\phy_1\ov2640_sdram.bit -mode jtag -spd 7 -sec 64 -cable 0"
PRG-2014 : Chip validation success: EAGLE_S20_BG256
RUN-1002 : start command "bit_to_vec -chip EAGLE_S20_BG256 -m jtag_burst -freq 4 -bit ov2640_sdram_Runs/phy_1/ov2640_sdram.bit"
RUN-1002 : start command "program -cable 0 -mode svf -spd 7 -p"
RUN-1003 : finish command "program -cable 0 -mode svf -spd 7 -p" in  6.349736s wall, 0.109375s user + 0.125000s system = 0.234375s CPU (3.7%)

RUN-1004 : used memory is 676 MB, reserved memory is 756 MB, peak memory is 746 MB
RUN-1003 : finish command "download -bit ov2640_sdram_Runs\phy_1\ov2640_sdram.bit -mode jtag -spd 7 -sec 64 -cable 0" in  6.660351s wall, 0.234375s user + 0.140625s system = 0.375000s CPU (5.6%)

RUN-1004 : used memory is 676 MB, reserved memory is 756 MB, peak memory is 746 MB
GUI-1001 : Download success!
HDL-1007 : analyze verilog file RTL/Gesture_recognition.v
HDL-8007 ERROR: cannot find port 'clkw' on this module in al_ip/ramfifo.v(43)
HDL-8007 ERROR: cannot find port 'clkr' on this module in al_ip/ramfifo.v(46)
RUN-1001 : reset_run syn_1 phy_1.
GUI-6001 WARNING: File C:/Users/Administrator/Desktop/16_ov2640_sdram/ov2640_sdram_Runs/phy_1/ov2640_sdram.bit does not exist!
RUN-1001 : launch_runs syn_1 phy_1  -jobs 6.
RUN-1001 : syn_1: run complete.
RUN-1001 : phy_1: run complete.
RUN-1001 : open_run phy_1.
RUN-1002 : start command "import_db C:/Users/Administrator/Desktop/16_ov2640_sdram/ov2640_sdram_Runs/phy_1/ov2640_sdram_pr.db"
RUN-1001 : Importing database generated by Tang Dynasty, V5.6.59063.
RUN-1001 : Database version number 46140.
RUN-1001 : Import flow parameters
PHY-1001 : Generate detailed routing grids ...
PHY-1001 : Generate nets ...
PHY-1001 : net clk_24m_dup_1 will be routed on clock mesh
PHY-1001 : net clk_cam will be routed on clock mesh
PHY-1001 : net vga_clk_dup_1 will be routed on clock mesh
PHY-1001 : clock net Sdram_Control_4Port/CTRL_CLK will be merged with clock u_pll/clk0_buf
PHY-1001 : net Sdram_Control_4Port/SDRAM_CLK will be routed on clock mesh
PHY-1001 : clock net u_image_select/mode[3]_syn_29 will be merged with clock u_image_select/mode[3]_syn_26
PHY-1001 : clock net u_camera_init/divider2[8]_syn_4 will be merged with clock u_camera_init/divider2[8]
PHY-1001 : clock net u_camera_init/divider2[7]_syn_2 will be merged with clock u_camera_init/divider2[7]
PHY-1001 : net u_camera_init/u_i2c_write/clk will be routed on clock mesh
PHY-5010 WARNING: Net u_image_process/out_img_imy[1] is skipped due to 0 input or output
PHY-5010 WARNING: Net u_image_process/out_img_imy[0] is skipped due to 0 input or output
PHY-5010 WARNING: Net u_image_process/post3_frame_href is skipped due to 0 input or output
PHY-5010 WARNING: Net u_image_process/post3_frame_vsync is skipped due to 0 input or output
PHY-1001 : clock net u_image_process/wrreq_syn_2 will be merged with clock u_image_process/wrreq
PHY-5010 WARNING: Net u_image_process/u_Gesture_recognition/Distance_0_Ok[35] is skipped due to 0 input or output
PHY-5010 WARNING: Net u_image_process/u_Gesture_recognition/Distance_0_Ok[34] is skipped due to 0 input or output
PHY-5010 WARNING: Net u_image_process/u_Gesture_recognition/Distance_0_Ok[33] is skipped due to 0 input or output
PHY-5010 WARNING: Net u_image_process/u_Gesture_recognition/Distance_0_Ok[32] is skipped due to 0 input or output
PHY-5010 WARNING: Net u_image_process/u_Gesture_recognition/Distance_0_Ok[31] is skipped due to 0 input or output
PHY-5010 WARNING: Net u_image_process/u_Gesture_recognition/Distance_0_Ok[30] is skipped due to 0 input or output
PHY-5010 Similar messages will be suppressed.
PHY-1001 : net u_image_process/u_Median_Gray_3/u_three_martix/csi_pclk will be routed on clock mesh
PHY-1001 : eco open net = 0
PHY-1001 : 123 feed throughs used by 63 nets
RUN-1001 : Import timing constraints
RUN-1001 : Import IO constraints
RUN-1001 : Import Inst constraints
RUN-1001 : Import design success TD_VERSION=5.6.59063 , DB_VERSION=46140
RUN-1003 : finish command "import_db C:/Users/Administrator/Desktop/16_ov2640_sdram/ov2640_sdram_Runs/phy_1/ov2640_sdram_pr.db" in  5.544078s wall, 5.421875s user + 0.203125s system = 5.625000s CPU (101.5%)

RUN-1004 : used memory is 677 MB, reserved memory is 747 MB, peak memory is 746 MB
RUN-1002 : start command "report_timing"
RUN-1002 : start command "start_timer"
RUN-1003 : finish command "start_timer" in  1.617207s wall, 1.640625s user + 0.062500s system = 1.703125s CPU (105.3%)

RUN-1004 : used memory is 687 MB, reserved memory is 758 MB, peak memory is 746 MB
RUN-1002 : start command "end_timer"
RUN-1003 : finish command "report_timing" in  2.302512s wall, 2.328125s user + 0.062500s system = 2.390625s CPU (103.8%)

RUN-1004 : used memory is 694 MB, reserved memory is 766 MB, peak memory is 746 MB
RUN-1002 : start command "download -bit ov2640_sdram_Runs\phy_1\ov2640_sdram.bit -mode jtag -spd 7 -sec 64 -cable 0"
PRG-2014 : Chip validation success: EAGLE_S20_BG256
RUN-1002 : start command "bit_to_vec -chip EAGLE_S20_BG256 -m jtag_burst -freq 4 -bit ov2640_sdram_Runs/phy_1/ov2640_sdram.bit"
RUN-1002 : start command "program -cable 0 -mode svf -spd 7 -p"
RUN-1003 : finish command "program -cable 0 -mode svf -spd 7 -p" in  6.338749s wall, 0.062500s user + 0.171875s system = 0.234375s CPU (3.7%)

RUN-1004 : used memory is 695 MB, reserved memory is 766 MB, peak memory is 746 MB
RUN-1003 : finish command "download -bit ov2640_sdram_Runs\phy_1\ov2640_sdram.bit -mode jtag -spd 7 -sec 64 -cable 0" in  6.662342s wall, 0.187500s user + 0.171875s system = 0.359375s CPU (5.4%)

RUN-1004 : used memory is 695 MB, reserved memory is 766 MB, peak memory is 746 MB
GUI-1001 : Download success!
HDL-1007 : analyze verilog file RTL/Gesture_recognition.v
HDL-8007 ERROR: cannot find port 'clkw' on this module in al_ip/ramfifo.v(43)
HDL-8007 ERROR: cannot find port 'clkr' on this module in al_ip/ramfifo.v(46)
RUN-1001 : reset_run syn_1 phy_1.
GUI-6001 WARNING: File C:/Users/Administrator/Desktop/16_ov2640_sdram/ov2640_sdram_Runs/phy_1/ov2640_sdram.bit does not exist!
RUN-1001 : launch_runs syn_1 phy_1  -jobs 6.
RUN-1001 : syn_1: run complete.
RUN-1001 : phy_1: run complete.
RUN-1001 : open_run phy_1.
RUN-1002 : start command "import_db C:/Users/Administrator/Desktop/16_ov2640_sdram/ov2640_sdram_Runs/phy_1/ov2640_sdram_pr.db"
RUN-1001 : Importing database generated by Tang Dynasty, V5.6.59063.
RUN-1001 : Database version number 46140.
RUN-1001 : Import flow parameters
PHY-1001 : Generate detailed routing grids ...
PHY-1001 : Generate nets ...
PHY-1001 : net clk_24m_dup_1 will be routed on clock mesh
PHY-1001 : net clk_cam will be routed on clock mesh
PHY-1001 : net vga_clk_dup_1 will be routed on clock mesh
PHY-1001 : clock net Sdram_Control_4Port/CTRL_CLK will be merged with clock u_pll/clk0_buf
PHY-1001 : net Sdram_Control_4Port/SDRAM_CLK will be routed on clock mesh
PHY-1001 : clock net u_image_select/mode[3]_syn_29 will be merged with clock u_image_select/mode[3]_syn_26
PHY-1001 : clock net u_camera_init/divider2[8]_syn_4 will be merged with clock u_camera_init/divider2[8]
PHY-1001 : clock net u_camera_init/divider2[7]_syn_2 will be merged with clock u_camera_init/divider2[7]
PHY-1001 : net u_camera_init/u_i2c_write/clk will be routed on clock mesh
PHY-5010 WARNING: Net u_image_process/out_img_imy[1] is skipped due to 0 input or output
PHY-5010 WARNING: Net u_image_process/out_img_imy[0] is skipped due to 0 input or output
PHY-5010 WARNING: Net u_image_process/post3_frame_href is skipped due to 0 input or output
PHY-5010 WARNING: Net u_image_process/post3_frame_vsync is skipped due to 0 input or output
PHY-1001 : clock net u_image_process/wrreq_syn_2 will be merged with clock u_image_process/wrreq
PHY-5010 WARNING: Net u_image_process/u_Gesture_recognition/Distance_0_Ok[35] is skipped due to 0 input or output
PHY-5010 WARNING: Net u_image_process/u_Gesture_recognition/Distance_0_Ok[34] is skipped due to 0 input or output
PHY-5010 WARNING: Net u_image_process/u_Gesture_recognition/Distance_0_Ok[33] is skipped due to 0 input or output
PHY-5010 WARNING: Net u_image_process/u_Gesture_recognition/Distance_0_Ok[32] is skipped due to 0 input or output
PHY-5010 WARNING: Net u_image_process/u_Gesture_recognition/Distance_0_Ok[31] is skipped due to 0 input or output
PHY-5010 WARNING: Net u_image_process/u_Gesture_recognition/Distance_0_Ok[30] is skipped due to 0 input or output
PHY-5010 Similar messages will be suppressed.
PHY-1001 : net u_image_process/u_Median_Gray_3/u_three_martix/csi_pclk will be routed on clock mesh
PHY-1001 : eco open net = 0
PHY-1001 : 87 feed throughs used by 68 nets
RUN-1001 : Import timing constraints
RUN-1001 : Import IO constraints
RUN-1001 : Import Inst constraints
RUN-1001 : Import design success TD_VERSION=5.6.59063 , DB_VERSION=46140
RUN-1003 : finish command "import_db C:/Users/Administrator/Desktop/16_ov2640_sdram/ov2640_sdram_Runs/phy_1/ov2640_sdram_pr.db" in  5.380696s wall, 4.625000s user + 0.843750s system = 5.468750s CPU (101.6%)

RUN-1004 : used memory is 647 MB, reserved memory is 758 MB, peak memory is 746 MB
RUN-1002 : start command "report_timing"
RUN-1002 : start command "start_timer"
RUN-1003 : finish command "start_timer" in  1.592413s wall, 1.593750s user + 0.062500s system = 1.656250s CPU (104.0%)

RUN-1004 : used memory is 674 MB, reserved memory is 770 MB, peak memory is 746 MB
RUN-1002 : start command "end_timer"
RUN-1003 : finish command "report_timing" in  2.059867s wall, 2.046875s user + 0.078125s system = 2.125000s CPU (103.2%)

RUN-1004 : used memory is 682 MB, reserved memory is 777 MB, peak memory is 746 MB
RUN-1002 : start command "download -bit ov2640_sdram_Runs\phy_1\ov2640_sdram.bit -mode jtag -spd 7 -sec 64 -cable 0"
PRG-2014 : Chip validation success: EAGLE_S20_BG256
RUN-1002 : start command "bit_to_vec -chip EAGLE_S20_BG256 -m jtag_burst -freq 4 -bit ov2640_sdram_Runs/phy_1/ov2640_sdram.bit"
RUN-1002 : start command "program -cable 0 -mode svf -spd 7 -p"
RUN-1003 : finish command "program -cable 0 -mode svf -spd 7 -p" in  6.335550s wall, 0.109375s user + 0.109375s system = 0.218750s CPU (3.5%)

RUN-1004 : used memory is 108 MB, reserved memory is 777 MB, peak memory is 746 MB
RUN-1003 : finish command "download -bit ov2640_sdram_Runs\phy_1\ov2640_sdram.bit -mode jtag -spd 7 -sec 64 -cable 0" in  6.666910s wall, 0.250000s user + 0.140625s system = 0.390625s CPU (5.9%)

RUN-1004 : used memory is 108 MB, reserved memory is 777 MB, peak memory is 746 MB
GUI-1001 : Download success!
HDL-1007 : analyze verilog file RTL/Gesture_recognition.v
HDL-8007 ERROR: cannot find port 'clkw' on this module in al_ip/ramfifo.v(43)
HDL-8007 ERROR: cannot find port 'clkr' on this module in al_ip/ramfifo.v(46)
RUN-1001 : reset_run syn_1 phy_1.
GUI-6001 WARNING: File C:/Users/Administrator/Desktop/16_ov2640_sdram/ov2640_sdram_Runs/phy_1/ov2640_sdram.bit does not exist!
RUN-1001 : launch_runs syn_1 phy_1  -jobs 6.
RUN-1001 : syn_1: run complete.
RUN-1001 : phy_1: run complete.
RUN-1001 : open_run phy_1.
RUN-1002 : start command "import_db C:/Users/Administrator/Desktop/16_ov2640_sdram/ov2640_sdram_Runs/phy_1/ov2640_sdram_pr.db"
RUN-1001 : Importing database generated by Tang Dynasty, V5.6.59063.
RUN-1001 : Database version number 46140.
RUN-1001 : Import flow parameters
PHY-1001 : Generate detailed routing grids ...
PHY-1001 : Generate nets ...
PHY-1001 : net clk_24m_dup_1 will be routed on clock mesh
PHY-1001 : net clk_cam will be routed on clock mesh
PHY-1001 : net vga_clk_dup_1 will be routed on clock mesh
PHY-1001 : clock net Sdram_Control_4Port/CTRL_CLK will be merged with clock u_pll/clk0_buf
PHY-1001 : net Sdram_Control_4Port/SDRAM_CLK will be routed on clock mesh
PHY-1001 : clock net u_image_select/mode[3]_syn_29 will be merged with clock u_image_select/mode[3]_syn_26
PHY-1001 : clock net u_camera_init/divider2[8]_syn_4 will be merged with clock u_camera_init/divider2[8]
PHY-1001 : clock net u_camera_init/divider2[7]_syn_2 will be merged with clock u_camera_init/divider2[7]
PHY-1001 : net u_camera_init/u_i2c_write/clk will be routed on clock mesh
PHY-5010 WARNING: Net u_image_process/out_img_imy[1] is skipped due to 0 input or output
PHY-5010 WARNING: Net u_image_process/out_img_imy[0] is skipped due to 0 input or output
PHY-5010 WARNING: Net u_image_process/post3_frame_href is skipped due to 0 input or output
PHY-5010 WARNING: Net u_image_process/post3_frame_vsync is skipped due to 0 input or output
PHY-1001 : clock net u_image_process/wrreq_syn_2 will be merged with clock u_image_process/wrreq
PHY-5010 WARNING: Net u_image_process/u_Gesture_recognition/Distance_0_Ok[35] is skipped due to 0 input or output
PHY-5010 WARNING: Net u_image_process/u_Gesture_recognition/Distance_0_Ok[34] is skipped due to 0 input or output
PHY-5010 WARNING: Net u_image_process/u_Gesture_recognition/Distance_0_Ok[33] is skipped due to 0 input or output
PHY-5010 WARNING: Net u_image_process/u_Gesture_recognition/Distance_0_Ok[32] is skipped due to 0 input or output
PHY-5010 WARNING: Net u_image_process/u_Gesture_recognition/Distance_0_Ok[31] is skipped due to 0 input or output
PHY-5010 WARNING: Net u_image_process/u_Gesture_recognition/Distance_0_Ok[30] is skipped due to 0 input or output
PHY-5010 Similar messages will be suppressed.
PHY-1001 : net u_image_process/u_Median_Gray_3/u_three_martix/csi_pclk will be routed on clock mesh
PHY-1001 : eco open net = 0
PHY-1001 : 93 feed throughs used by 65 nets
RUN-1001 : Import timing constraints
RUN-1001 : Import IO constraints
RUN-1001 : Import Inst constraints
RUN-1001 : Import design success TD_VERSION=5.6.59063 , DB_VERSION=46140
RUN-1003 : finish command "import_db C:/Users/Administrator/Desktop/16_ov2640_sdram/ov2640_sdram_Runs/phy_1/ov2640_sdram_pr.db" in  5.296189s wall, 4.546875s user + 0.781250s system = 5.328125s CPU (100.6%)

RUN-1004 : used memory is 616 MB, reserved memory is 762 MB, peak memory is 746 MB
RUN-1002 : start command "report_timing"
RUN-1002 : start command "start_timer"
RUN-1003 : finish command "start_timer" in  1.620359s wall, 1.625000s user + 0.046875s system = 1.671875s CPU (103.2%)

RUN-1004 : used memory is 644 MB, reserved memory is 775 MB, peak memory is 746 MB
RUN-1002 : start command "end_timer"
RUN-1003 : finish command "report_timing" in  2.080751s wall, 2.078125s user + 0.046875s system = 2.125000s CPU (102.1%)

RUN-1004 : used memory is 652 MB, reserved memory is 782 MB, peak memory is 746 MB
RUN-1002 : start command "download -bit ov2640_sdram_Runs\phy_1\ov2640_sdram.bit -mode jtag -spd 7 -sec 64 -cable 0"
PRG-2014 : Chip validation success: EAGLE_S20_BG256
RUN-1002 : start command "bit_to_vec -chip EAGLE_S20_BG256 -m jtag_burst -freq 4 -bit ov2640_sdram_Runs/phy_1/ov2640_sdram.bit"
RUN-1002 : start command "program -cable 0 -mode svf -spd 7 -p"
RUN-1003 : finish command "program -cable 0 -mode svf -spd 7 -p" in  6.358587s wall, 0.203125s user + 0.250000s system = 0.453125s CPU (7.1%)

RUN-1004 : used memory is 678 MB, reserved memory is 782 MB, peak memory is 746 MB
RUN-1003 : finish command "download -bit ov2640_sdram_Runs\phy_1\ov2640_sdram.bit -mode jtag -spd 7 -sec 64 -cable 0" in  6.666564s wall, 0.312500s user + 0.250000s system = 0.562500s CPU (8.4%)

RUN-1004 : used memory is 678 MB, reserved memory is 782 MB, peak memory is 746 MB
GUI-1001 : Download success!
HDL-1007 : analyze verilog file RTL/Gesture_recognition.v
HDL-8007 ERROR: cannot find port 'clkw' on this module in al_ip/ramfifo.v(43)
HDL-8007 ERROR: cannot find port 'clkr' on this module in al_ip/ramfifo.v(46)
RUN-1001 : reset_run syn_1 phy_1.
GUI-6001 WARNING: File C:/Users/Administrator/Desktop/16_ov2640_sdram/ov2640_sdram_Runs/phy_1/ov2640_sdram.bit does not exist!
RUN-1001 : launch_runs syn_1 phy_1  -jobs 6.
RUN-1001 : syn_1: run complete.
RUN-1001 : phy_1: run complete.
RUN-1001 : open_run phy_1.
RUN-1002 : start command "import_db C:/Users/Administrator/Desktop/16_ov2640_sdram/ov2640_sdram_Runs/phy_1/ov2640_sdram_pr.db"
RUN-1001 : Importing database generated by Tang Dynasty, V5.6.59063.
RUN-1001 : Database version number 46140.
RUN-1001 : Import flow parameters
PHY-1001 : Generate detailed routing grids ...
PHY-1001 : Generate nets ...
PHY-1001 : net clk_24m_dup_1 will be routed on clock mesh
PHY-1001 : net clk_cam will be routed on clock mesh
PHY-1001 : net vga_clk_dup_1 will be routed on clock mesh
PHY-1001 : clock net Sdram_Control_4Port/CTRL_CLK will be merged with clock u_pll/clk0_buf
PHY-1001 : net Sdram_Control_4Port/SDRAM_CLK will be routed on clock mesh
PHY-1001 : clock net u_image_select/mode[3]_syn_29 will be merged with clock u_image_select/mode[3]_syn_26
PHY-1001 : clock net u_camera_init/divider2[8]_syn_4 will be merged with clock u_camera_init/divider2[8]
PHY-1001 : clock net u_camera_init/divider2[7]_syn_2 will be merged with clock u_camera_init/divider2[7]
PHY-1001 : net u_camera_init/u_i2c_write/clk will be routed on clock mesh
PHY-5010 WARNING: Net u_image_process/out_img_imy[1] is skipped due to 0 input or output
PHY-5010 WARNING: Net u_image_process/out_img_imy[0] is skipped due to 0 input or output
PHY-5010 WARNING: Net u_image_process/post3_frame_href is skipped due to 0 input or output
PHY-5010 WARNING: Net u_image_process/post3_frame_vsync is skipped due to 0 input or output
PHY-1001 : clock net u_image_process/wrreq_syn_2 will be merged with clock u_image_process/wrreq
PHY-5010 WARNING: Net u_image_process/u_Gesture_recognition/Distance_0_Ok[35] is skipped due to 0 input or output
PHY-5010 WARNING: Net u_image_process/u_Gesture_recognition/Distance_0_Ok[34] is skipped due to 0 input or output
PHY-5010 WARNING: Net u_image_process/u_Gesture_recognition/Distance_0_Ok[33] is skipped due to 0 input or output
PHY-5010 WARNING: Net u_image_process/u_Gesture_recognition/Distance_0_Ok[32] is skipped due to 0 input or output
PHY-5010 WARNING: Net u_image_process/u_Gesture_recognition/Distance_0_Ok[31] is skipped due to 0 input or output
PHY-5010 WARNING: Net u_image_process/u_Gesture_recognition/Distance_0_Ok[30] is skipped due to 0 input or output
PHY-5010 Similar messages will be suppressed.
PHY-1001 : net u_image_process/u_Median_Gray_3/u_three_martix/csi_pclk will be routed on clock mesh
PHY-1001 : eco open net = 0
PHY-1001 : 123 feed throughs used by 63 nets
RUN-1001 : Import timing constraints
RUN-1001 : Import IO constraints
RUN-1001 : Import Inst constraints
RUN-1001 : Import design success TD_VERSION=5.6.59063 , DB_VERSION=46140
RUN-1003 : finish command "import_db C:/Users/Administrator/Desktop/16_ov2640_sdram/ov2640_sdram_Runs/phy_1/ov2640_sdram_pr.db" in  5.463307s wall, 4.781250s user + 0.750000s system = 5.531250s CPU (101.2%)

RUN-1004 : used memory is 617 MB, reserved memory is 769 MB, peak memory is 746 MB
RUN-1002 : start command "report_timing"
RUN-1002 : start command "start_timer"
RUN-1003 : finish command "start_timer" in  1.604725s wall, 1.578125s user + 0.031250s system = 1.609375s CPU (100.3%)

RUN-1004 : used memory is 644 MB, reserved memory is 781 MB, peak memory is 746 MB
RUN-1002 : start command "end_timer"
RUN-1003 : finish command "report_timing" in  2.077919s wall, 2.062500s user + 0.031250s system = 2.093750s CPU (100.8%)

RUN-1004 : used memory is 652 MB, reserved memory is 787 MB, peak memory is 746 MB
RUN-1002 : start command "download -bit ov2640_sdram_Runs\phy_1\ov2640_sdram.bit -mode jtag -spd 7 -sec 64 -cable 0"
PRG-2014 : Chip validation success: EAGLE_S20_BG256
RUN-1002 : start command "bit_to_vec -chip EAGLE_S20_BG256 -m jtag_burst -freq 4 -bit ov2640_sdram_Runs/phy_1/ov2640_sdram.bit"
RUN-1002 : start command "program -cable 0 -mode svf -spd 7 -p"
RUN-1003 : finish command "program -cable 0 -mode svf -spd 7 -p" in  6.341960s wall, 0.171875s user + 0.218750s system = 0.390625s CPU (6.2%)

RUN-1004 : used memory is 680 MB, reserved memory is 789 MB, peak memory is 746 MB
RUN-1003 : finish command "download -bit ov2640_sdram_Runs\phy_1\ov2640_sdram.bit -mode jtag -spd 7 -sec 64 -cable 0" in  6.649201s wall, 0.281250s user + 0.250000s system = 0.531250s CPU (8.0%)

RUN-1004 : used memory is 680 MB, reserved memory is 789 MB, peak memory is 746 MB
GUI-1001 : Download success!
HDL-1007 : analyze verilog file RTL/Gesture_recognition.v
HDL-8007 ERROR: cannot find port 'clkw' on this module in al_ip/ramfifo.v(43)
HDL-8007 ERROR: cannot find port 'clkr' on this module in al_ip/ramfifo.v(46)
RUN-1001 : reset_run syn_1 phy_1.
GUI-6001 WARNING: File C:/Users/Administrator/Desktop/16_ov2640_sdram/ov2640_sdram_Runs/phy_1/ov2640_sdram.bit does not exist!
RUN-1001 : launch_runs syn_1 phy_1  -jobs 6.
RUN-1001 : syn_1: run complete.
RUN-1001 : phy_1: run complete.
RUN-1001 : open_run phy_1.
RUN-1002 : start command "import_db C:/Users/Administrator/Desktop/16_ov2640_sdram/ov2640_sdram_Runs/phy_1/ov2640_sdram_pr.db"
RUN-1001 : Importing database generated by Tang Dynasty, V5.6.59063.
RUN-1001 : Database version number 46140.
RUN-1001 : Import flow parameters
PHY-1001 : Generate detailed routing grids ...
PHY-1001 : Generate nets ...
PHY-1001 : net clk_24m_dup_1 will be routed on clock mesh
PHY-1001 : net clk_cam will be routed on clock mesh
PHY-1001 : net vga_clk_dup_1 will be routed on clock mesh
PHY-1001 : clock net Sdram_Control_4Port/CTRL_CLK will be merged with clock u_pll/clk0_buf
PHY-1001 : net Sdram_Control_4Port/SDRAM_CLK will be routed on clock mesh
PHY-1001 : clock net u_image_select/mode[3]_syn_29 will be merged with clock u_image_select/mode[3]_syn_26
PHY-1001 : clock net u_camera_init/divider2[8]_syn_4 will be merged with clock u_camera_init/divider2[8]
PHY-1001 : clock net u_camera_init/divider2[7]_syn_2 will be merged with clock u_camera_init/divider2[7]
PHY-1001 : net u_camera_init/u_i2c_write/clk will be routed on clock mesh
PHY-5010 WARNING: Net u_image_process/out_img_imy[1] is skipped due to 0 input or output
PHY-5010 WARNING: Net u_image_process/out_img_imy[0] is skipped due to 0 input or output
PHY-5010 WARNING: Net u_image_process/post3_frame_href is skipped due to 0 input or output
PHY-5010 WARNING: Net u_image_process/post3_frame_vsync is skipped due to 0 input or output
PHY-1001 : clock net u_image_process/wrreq_syn_2 will be merged with clock u_image_process/wrreq
PHY-5010 WARNING: Net u_image_process/u_Gesture_recognition/Distance_0_Ok[35] is skipped due to 0 input or output
PHY-5010 WARNING: Net u_image_process/u_Gesture_recognition/Distance_0_Ok[34] is skipped due to 0 input or output
PHY-5010 WARNING: Net u_image_process/u_Gesture_recognition/Distance_0_Ok[33] is skipped due to 0 input or output
PHY-5010 WARNING: Net u_image_process/u_Gesture_recognition/Distance_0_Ok[32] is skipped due to 0 input or output
PHY-5010 WARNING: Net u_image_process/u_Gesture_recognition/Distance_0_Ok[31] is skipped due to 0 input or output
PHY-5010 WARNING: Net u_image_process/u_Gesture_recognition/Distance_0_Ok[30] is skipped due to 0 input or output
PHY-5010 Similar messages will be suppressed.
PHY-1001 : net u_image_process/u_Median_Gray_3/u_three_martix/csi_pclk will be routed on clock mesh
PHY-1001 : eco open net = 0
PHY-1001 : 87 feed throughs used by 68 nets
RUN-1001 : Import timing constraints
RUN-1001 : Import IO constraints
RUN-1001 : Import Inst constraints
RUN-1001 : Import design success TD_VERSION=5.6.59063 , DB_VERSION=46140
RUN-1003 : finish command "import_db C:/Users/Administrator/Desktop/16_ov2640_sdram/ov2640_sdram_Runs/phy_1/ov2640_sdram_pr.db" in  4.778469s wall, 4.718750s user + 0.156250s system = 4.875000s CPU (102.0%)

RUN-1004 : used memory is 689 MB, reserved memory is 786 MB, peak memory is 746 MB
RUN-1002 : start command "report_timing"
RUN-1002 : start command "start_timer"
RUN-1003 : finish command "start_timer" in  1.590515s wall, 1.562500s user + 0.093750s system = 1.656250s CPU (104.1%)

RUN-1004 : used memory is 703 MB, reserved memory is 800 MB, peak memory is 746 MB
RUN-1002 : start command "end_timer"
RUN-1003 : finish command "report_timing" in  2.053762s wall, 2.031250s user + 0.093750s system = 2.125000s CPU (103.5%)

RUN-1004 : used memory is 710 MB, reserved memory is 807 MB, peak memory is 746 MB
RUN-1002 : start command "download -bit ov2640_sdram_Runs\phy_1\ov2640_sdram.bit -mode jtag -spd 7 -sec 64 -cable 0"
PRG-2014 : Chip validation success: EAGLE_S20_BG256
RUN-1002 : start command "bit_to_vec -chip EAGLE_S20_BG256 -m jtag_burst -freq 4 -bit ov2640_sdram_Runs/phy_1/ov2640_sdram.bit"
RUN-1002 : start command "program -cable 0 -mode svf -spd 7 -p"
RUN-1003 : finish command "program -cable 0 -mode svf -spd 7 -p" in  6.369803s wall, 0.140625s user + 0.203125s system = 0.343750s CPU (5.4%)

RUN-1004 : used memory is 712 MB, reserved memory is 808 MB, peak memory is 746 MB
RUN-1003 : finish command "download -bit ov2640_sdram_Runs\phy_1\ov2640_sdram.bit -mode jtag -spd 7 -sec 64 -cable 0" in  6.670682s wall, 0.234375s user + 0.218750s system = 0.453125s CPU (6.8%)

RUN-1004 : used memory is 712 MB, reserved memory is 808 MB, peak memory is 746 MB
GUI-1001 : Download success!
HDL-1007 : analyze verilog file RTL/Gesture_recognition.v
HDL-8007 ERROR: cannot find port 'clkw' on this module in al_ip/ramfifo.v(43)
HDL-8007 ERROR: cannot find port 'clkr' on this module in al_ip/ramfifo.v(46)
RUN-1001 : reset_run syn_1 phy_1.
GUI-6001 WARNING: File C:/Users/Administrator/Desktop/16_ov2640_sdram/ov2640_sdram_Runs/phy_1/ov2640_sdram.bit does not exist!
RUN-1001 : launch_runs syn_1 phy_1  -jobs 6.
RUN-1001 : syn_1: run complete.
RUN-1001 : phy_1: run complete.
RUN-1001 : open_run phy_1.
RUN-1002 : start command "import_db C:/Users/Administrator/Desktop/16_ov2640_sdram/ov2640_sdram_Runs/phy_1/ov2640_sdram_pr.db"
RUN-1001 : Importing database generated by Tang Dynasty, V5.6.59063.
RUN-1001 : Database version number 46140.
RUN-1001 : Import flow parameters
PHY-1001 : Generate detailed routing grids ...
PHY-1001 : Generate nets ...
PHY-1001 : net clk_24m_dup_1 will be routed on clock mesh
PHY-1001 : net clk_cam will be routed on clock mesh
PHY-1001 : net vga_clk_dup_1 will be routed on clock mesh
PHY-1001 : clock net Sdram_Control_4Port/CTRL_CLK will be merged with clock u_pll/clk0_buf
PHY-1001 : net Sdram_Control_4Port/SDRAM_CLK will be routed on clock mesh
PHY-1001 : clock net u_image_select/mode[3]_syn_29 will be merged with clock u_image_select/mode[3]_syn_26
PHY-1001 : clock net u_camera_init/divider2[8]_syn_4 will be merged with clock u_camera_init/divider2[8]
PHY-1001 : clock net u_camera_init/divider2[7]_syn_2 will be merged with clock u_camera_init/divider2[7]
PHY-1001 : net u_camera_init/u_i2c_write/clk will be routed on clock mesh
PHY-5010 WARNING: Net u_image_process/out_img_imy[1] is skipped due to 0 input or output
PHY-5010 WARNING: Net u_image_process/out_img_imy[0] is skipped due to 0 input or output
PHY-5010 WARNING: Net u_image_process/post3_frame_href is skipped due to 0 input or output
PHY-5010 WARNING: Net u_image_process/post3_frame_vsync is skipped due to 0 input or output
PHY-1001 : clock net u_image_process/wrreq_syn_2 will be merged with clock u_image_process/wrreq
PHY-5010 WARNING: Net u_image_process/u_Gesture_recognition/Distance_0_Ok[35] is skipped due to 0 input or output
PHY-5010 WARNING: Net u_image_process/u_Gesture_recognition/Distance_0_Ok[34] is skipped due to 0 input or output
PHY-5010 WARNING: Net u_image_process/u_Gesture_recognition/Distance_0_Ok[33] is skipped due to 0 input or output
PHY-5010 WARNING: Net u_image_process/u_Gesture_recognition/Distance_0_Ok[32] is skipped due to 0 input or output
PHY-5010 WARNING: Net u_image_process/u_Gesture_recognition/Distance_0_Ok[31] is skipped due to 0 input or output
PHY-5010 WARNING: Net u_image_process/u_Gesture_recognition/Distance_0_Ok[30] is skipped due to 0 input or output
PHY-5010 Similar messages will be suppressed.
PHY-1001 : net u_image_process/u_Median_Gray_3/u_three_martix/csi_pclk will be routed on clock mesh
PHY-1001 : eco open net = 0
PHY-1001 : 123 feed throughs used by 63 nets
RUN-1001 : Import timing constraints
RUN-1001 : Import IO constraints
RUN-1001 : Import Inst constraints
RUN-1001 : Import design success TD_VERSION=5.6.59063 , DB_VERSION=46140
RUN-1003 : finish command "import_db C:/Users/Administrator/Desktop/16_ov2640_sdram/ov2640_sdram_Runs/phy_1/ov2640_sdram_pr.db" in  5.109078s wall, 4.656250s user + 0.578125s system = 5.234375s CPU (102.5%)

RUN-1004 : used memory is 642 MB, reserved memory is 784 MB, peak memory is 746 MB
RUN-1002 : start command "report_timing"
RUN-1002 : start command "start_timer"
RUN-1003 : finish command "start_timer" in  1.591144s wall, 1.609375s user + 0.031250s system = 1.640625s CPU (103.1%)

RUN-1004 : used memory is 670 MB, reserved memory is 794 MB, peak memory is 746 MB
RUN-1002 : start command "end_timer"
RUN-1003 : finish command "report_timing" in  2.053829s wall, 2.062500s user + 0.031250s system = 2.093750s CPU (101.9%)

RUN-1004 : used memory is 677 MB, reserved memory is 800 MB, peak memory is 746 MB
RUN-1002 : start command "download -bit ov2640_sdram_Runs\phy_1\ov2640_sdram.bit -mode jtag -spd 7 -sec 64 -cable 0"
PRG-2014 : Chip validation success: EAGLE_S20_BG256
RUN-1002 : start command "bit_to_vec -chip EAGLE_S20_BG256 -m jtag_burst -freq 4 -bit ov2640_sdram_Runs/phy_1/ov2640_sdram.bit"
RUN-1002 : start command "program -cable 0 -mode svf -spd 7 -p"
RUN-1003 : finish command "program -cable 0 -mode svf -spd 7 -p" in  6.365625s wall, 0.156250s user + 0.250000s system = 0.406250s CPU (6.4%)

RUN-1004 : used memory is 701 MB, reserved memory is 801 MB, peak memory is 746 MB
RUN-1003 : finish command "download -bit ov2640_sdram_Runs\phy_1\ov2640_sdram.bit -mode jtag -spd 7 -sec 64 -cable 0" in  6.675668s wall, 0.234375s user + 0.296875s system = 0.531250s CPU (8.0%)

RUN-1004 : used memory is 701 MB, reserved memory is 801 MB, peak memory is 746 MB
GUI-1001 : Download success!
HDL-1007 : analyze verilog file RTL/Gesture_recognition.v
HDL-8007 ERROR: */ is outside a comment in RTL/Gesture_recognition.v(157)
HDL-8007 ERROR: unexpected EOF in RTL/Gesture_recognition.v(185)
HDL-1007 : Verilog file 'RTL/Gesture_recognition.v' ignored due to errors
HDL-1007 : analyze verilog file RTL/test_camera.v
HDL-8007 ERROR: cannot find port 'clkw' on this module in al_ip/ramfifo.v(43)
HDL-8007 ERROR: cannot find port 'clkr' on this module in al_ip/ramfifo.v(46)
HDL-1007 : analyze verilog file RTL/Gesture_recognition.v
HDL-8007 ERROR: unexpected EOF in RTL/Gesture_recognition.v(185)
HDL-1007 : Verilog file 'RTL/Gesture_recognition.v' ignored due to errors
HDL-8007 ERROR: cannot find port 'clkw' on this module in al_ip/ramfifo.v(43)
HDL-8007 ERROR: cannot find port 'clkr' on this module in al_ip/ramfifo.v(46)
HDL-1007 : analyze verilog file RTL/Gesture_recognition.v
HDL-8007 ERROR: syntax error near ';' in RTL/Gesture_recognition.v(185)
HDL-1007 : Verilog file 'RTL/Gesture_recognition.v' ignored due to errors
HDL-8007 ERROR: cannot find port 'clkw' on this module in al_ip/ramfifo.v(43)
HDL-8007 ERROR: cannot find port 'clkr' on this module in al_ip/ramfifo.v(46)
HDL-1007 : analyze verilog file RTL/Gesture_recognition.v
HDL-8007 ERROR: unexpected EOF in RTL/Gesture_recognition.v(185)
HDL-1007 : Verilog file 'RTL/Gesture_recognition.v' ignored due to errors
HDL-8007 ERROR: cannot find port 'clkw' on this module in al_ip/ramfifo.v(43)
HDL-8007 ERROR: cannot find port 'clkr' on this module in al_ip/ramfifo.v(46)
HDL-1007 : analyze verilog file RTL/Gesture_recognition.v
HDL-8007 ERROR: cannot find port 'clkw' on this module in al_ip/ramfifo.v(43)
HDL-8007 ERROR: cannot find port 'clkr' on this module in al_ip/ramfifo.v(46)
RUN-1001 : reset_run syn_1 phy_1.
GUI-6001 WARNING: File C:/Users/Administrator/Desktop/16_ov2640_sdram/ov2640_sdram_Runs/phy_1/ov2640_sdram.bit does not exist!
RUN-1001 : launch_runs syn_1 phy_1  -jobs 6.
RUN-6001 WARNING: syn_1: run failed.
