============================================================
   Tang Dynasty, V5.6.59063
   Copyright (c) 2012-2022 Anlogic
   Executable = C:/Anlogic/TD5.6.59063/bin/td.exe
   Built at =   12:45:13 Sep  6 2022
   Run by =     Administrator
   Run Date =   Sun Oct 30 19:11:06 2022

   Run on =     WIN-25FR57M34TT
============================================================
RUN-1001 : reset_run syn_1 phy_1.
RUN-1001 : launch_runs syn_1 phy_1  -jobs 6.
RUN-1001 : syn_1: run complete.
RUN-1001 : phy_1: run complete.
RUN-1001 : open_run phy_1.
RUN-1002 : start command "import_db C:/Users/Administrator/Desktop/16_ov2640_sdram/ov2640_sdram_Runs/phy_1/ov2640_sdram_pr.db"
RUN-1001 : Importing database generated by Tang Dynasty, V5.6.59063.
RUN-1001 : Database version number 46140.
RUN-1001 : Import flow parameters
PHY-1001 : Generate detailed routing grids ...
PHY-1001 : Generate nets ...
PHY-1001 : net clk_24m_dup_1 will be routed on clock mesh
PHY-1001 : net clk_cam will be routed on clock mesh
PHY-1001 : net vga_clk_dup_1 will be routed on clock mesh
PHY-1001 : clock net Sdram_Control_4Port/CTRL_CLK will be merged with clock u_pll/clk0_buf
PHY-1001 : net Sdram_Control_4Port/SDRAM_CLK will be routed on clock mesh
PHY-1001 : clock net u_image_select/mode[3]_syn_29 will be merged with clock u_image_select/mode[3]_syn_26
PHY-1001 : clock net u_camera_init/divider2[8]_syn_4 will be merged with clock u_camera_init/divider2[8]
PHY-1001 : clock net u_camera_init/divider2[7]_syn_2 will be merged with clock u_camera_init/divider2[7]
PHY-1001 : net u_camera_init/u_i2c_write/clk will be routed on clock mesh
PHY-5010 WARNING: Net u_image_process/out_img_imy[1] is skipped due to 0 input or output
PHY-5010 WARNING: Net u_image_process/out_img_imy[0] is skipped due to 0 input or output
PHY-5010 WARNING: Net u_image_process/post3_frame_href is skipped due to 0 input or output
PHY-5010 WARNING: Net u_image_process/post3_frame_vsync is skipped due to 0 input or output
PHY-1001 : clock net u_image_process/wrreq_syn_2 will be merged with clock u_image_process/wrreq
PHY-5010 WARNING: Net u_image_process/u_Hu_Invariant_moment/X_0[9] is skipped due to 0 input or output
PHY-5010 WARNING: Net u_image_process/u_Hu_Invariant_moment/X_0[8] is skipped due to 0 input or output
PHY-5010 WARNING: Net u_image_process/u_Hu_Invariant_moment/X_0[7] is skipped due to 0 input or output
PHY-5010 WARNING: Net u_image_process/u_Hu_Invariant_moment/X_0[6] is skipped due to 0 input or output
PHY-5010 WARNING: Net u_image_process/u_Hu_Invariant_moment/X_0[5] is skipped due to 0 input or output
PHY-5010 WARNING: Net u_image_process/u_Hu_Invariant_moment/X_0[4] is skipped due to 0 input or output
PHY-5010 Similar messages will be suppressed.
PHY-1001 : net u_image_process/u_Median_Gray_3/u_three_martix/csi_pclk will be routed on clock mesh
PHY-1001 : eco open net = 0
PHY-1001 : 45 feed throughs used by 38 nets
RUN-1001 : Import timing constraints
RUN-1001 : Import IO constraints
RUN-1001 : Import Inst constraints
RUN-1001 : Import design success TD_VERSION=5.6.59063 , DB_VERSION=46140
RUN-1003 : finish command "import_db C:/Users/Administrator/Desktop/16_ov2640_sdram/ov2640_sdram_Runs/phy_1/ov2640_sdram_pr.db" in  6.178507s wall, 6.125000s user + 0.093750s system = 6.218750s CPU (100.7%)

RUN-1004 : used memory is 555 MB, reserved memory is 526 MB, peak memory is 595 MB
RUN-1002 : start command "report_timing"
RUN-1002 : start command "start_timer"
RUN-1003 : finish command "start_timer" in  1.258715s wall, 1.281250s user + 0.015625s system = 1.296875s CPU (103.0%)

RUN-1004 : used memory is 587 MB, reserved memory is 558 MB, peak memory is 595 MB
RUN-1002 : start command "end_timer"
RUN-1003 : finish command "report_timing" in  1.537368s wall, 1.546875s user + 0.015625s system = 1.562500s CPU (101.6%)

RUN-1004 : used memory is 563 MB, reserved memory is 534 MB, peak memory is 595 MB
RUN-1002 : start command "download -bit ov2640_sdram_Runs\phy_1\ov2640_sdram.bit -mode jtag -spd 7 -sec 64 -cable 0"
PRG-2014 : Chip validation success: EAGLE_S20_BG256
RUN-1002 : start command "bit_to_vec -chip EAGLE_S20_BG256 -m jtag_burst -freq 4 -bit ov2640_sdram_Runs/phy_1/ov2640_sdram.bit"
RUN-1002 : start command "program -cable 0 -mode svf -spd 7 -p"
RUN-1003 : finish command "program -cable 0 -mode svf -spd 7 -p" in  6.374948s wall, 0.171875s user + 0.187500s system = 0.359375s CPU (5.6%)

RUN-1004 : used memory is 597 MB, reserved memory is 569 MB, peak memory is 614 MB
RUN-1003 : finish command "download -bit ov2640_sdram_Runs\phy_1\ov2640_sdram.bit -mode jtag -spd 7 -sec 64 -cable 0" in  6.679368s wall, 0.234375s user + 0.218750s system = 0.453125s CPU (6.8%)

RUN-1004 : used memory is 597 MB, reserved memory is 569 MB, peak memory is 614 MB
GUI-1001 : Download success!
HDL-1007 : analyze verilog file RTL/Hu_Invariant_moment.v
HDL-5007 WARNING: redeclaration of ANSI port 'cnt_x' is not allowed in RTL/Hu_Invariant_moment.v(19)
HDL-5007 WARNING: redeclaration of ANSI port 'cnt_y' is not allowed in RTL/Hu_Invariant_moment.v(20)
HDL-1007 : undeclared symbol 'row_flag', assumed default net type 'wire' in RTL/Hu_Invariant_moment.v(39)
HDL-8007 ERROR: procedural assignment to a non-register 'cnt_x' is not permitted in RTL/Hu_Invariant_moment.v(28)
HDL-8007 ERROR: procedural assignment to a non-register 'cnt_x' is not permitted in RTL/Hu_Invariant_moment.v(31)
HDL-8007 ERROR: procedural assignment to a non-register 'cnt_x' is not permitted in RTL/Hu_Invariant_moment.v(33)
HDL-8007 ERROR: procedural assignment to a non-register 'cnt_x' is not permitted in RTL/Hu_Invariant_moment.v(36)
HDL-8007 ERROR: procedural assignment to a non-register 'cnt_y' is not permitted in RTL/Hu_Invariant_moment.v(44)
HDL-8007 ERROR: procedural assignment to a non-register 'cnt_y' is not permitted in RTL/Hu_Invariant_moment.v(47)
HDL-8007 ERROR: procedural assignment to a non-register 'cnt_y' is not permitted in RTL/Hu_Invariant_moment.v(49)
HDL-8007 ERROR: procedural assignment to a non-register 'cnt_y' is not permitted in RTL/Hu_Invariant_moment.v(52)
HDL-8007 ERROR: ignore module module due to previous errors in RTL/Hu_Invariant_moment.v(1)
HDL-1007 : Verilog file 'RTL/Hu_Invariant_moment.v' ignored due to errors
HDL-1007 : analyze verilog file RTL/image_process.v
HDL-1007 : undeclared symbol 'post3_img_Y', assumed default net type 'wire' in RTL/image_process.v(205)
HDL-1007 : undeclared symbol 'post3_frame_vsync', assumed default net type 'wire' in RTL/image_process.v(207)
HDL-1007 : undeclared symbol 'post3_frame_href', assumed default net type 'wire' in RTL/image_process.v(208)
HDL-1007 : undeclared symbol 'post3_frame_clken', assumed default net type 'wire' in RTL/image_process.v(209)
HDL-7007 CRITICAL-WARNING: 'post3_img_Y' is already implicitly declared on line 205 in RTL/image_process.v(239)
HDL-7007 CRITICAL-WARNING: 'post3_frame_vsync' is already implicitly declared on line 207 in RTL/image_process.v(240)
HDL-7007 CRITICAL-WARNING: 'post3_frame_href' is already implicitly declared on line 208 in RTL/image_process.v(241)
HDL-7007 CRITICAL-WARNING: 'post3_frame_clken' is already implicitly declared on line 209 in RTL/image_process.v(242)
HDL-8007 ERROR: syntax error near '.' in RTL/image_process.v(272)
HDL-8007 ERROR: ignore module module due to previous errors in RTL/image_process.v(1)
HDL-1007 : Verilog file 'RTL/image_process.v' ignored due to errors
HDL-8007 ERROR: cannot find port 'clkw' on this module in al_ip/ramfifo.v(43)
HDL-8007 ERROR: cannot find port 'clkr' on this module in al_ip/ramfifo.v(46)
HDL-1007 : analyze verilog file RTL/Hu_Invariant_moment.v
HDL-5007 WARNING: redeclaration of ANSI port 'cnt_x' is not allowed in RTL/Hu_Invariant_moment.v(19)
HDL-5007 WARNING: redeclaration of ANSI port 'cnt_y' is not allowed in RTL/Hu_Invariant_moment.v(20)
HDL-1007 : undeclared symbol 'row_flag', assumed default net type 'wire' in RTL/Hu_Invariant_moment.v(39)
HDL-8007 ERROR: cannot find port 'clkw' on this module in al_ip/ramfifo.v(43)
HDL-8007 ERROR: cannot find port 'clkr' on this module in al_ip/ramfifo.v(46)
RUN-1001 : reset_run syn_1 phy_1.
GUI-6001 WARNING: File C:/Users/Administrator/Desktop/16_ov2640_sdram/ov2640_sdram_Runs/phy_1/ov2640_sdram.bit does not exist!
RUN-1001 : launch_runs syn_1 phy_1  -jobs 6.
RUN-6001 WARNING: syn_1: run failed.
