============================================================
   Tang Dynasty, V5.6.59063
   Copyright (c) 2012-2022 Anlogic
   Executable = C:/Anlogic/TD5.6.59063/bin/td.exe
   Built at =   12:45:13 Sep  6 2022
   Run by =     Administrator
   Run Date =   Sat Nov  5 18:15:43 2022

   Run on =     WIN-25FR57M34TT
============================================================
RUN-1001 : reset_run syn_1 phy_1.
RUN-1001 : launch_runs syn_1 phy_1  -jobs 6.
RUN-1001 : syn_1: run complete.
RUN-1001 : phy_1: run complete.
RUN-1001 : open_run phy_1.
RUN-1002 : start command "import_db C:/Users/Administrator/Desktop/16_ov2640_sdram/ov2640_sdram_Runs/phy_1/ov2640_sdram_pr.db"
RUN-1001 : Importing database generated by Tang Dynasty, V5.6.59063.
RUN-1001 : Database version number 46140.
RUN-1001 : Import flow parameters
PHY-1001 : Generate detailed routing grids ...
PHY-1001 : Generate nets ...
PHY-1001 : net clk_24m_dup_1 will be routed on clock mesh
PHY-1001 : net vga_clk_dup_1 will be routed on clock mesh
PHY-1001 : clock net Sdram_Control_4Port/CTRL_CLK will be merged with clock u_pll/clk0_buf
PHY-1001 : net Sdram_Control_4Port/SDRAM_CLK will be routed on clock mesh
PHY-1001 : net u_seg_4/clk_24m will be routed on clock mesh
PHY-1001 : clock net u_image_select/mode[3]_syn_29 will be merged with clock u_image_select/mode[3]_syn_26
PHY-1001 : clock net u_camera_init/divider2[8]_syn_4 will be merged with clock u_camera_init/divider2[8]
PHY-1001 : clock net u_camera_init/divider2[7]_syn_2 will be merged with clock u_camera_init/divider2[7]
PHY-1001 : net u_camera_init/u_i2c_write/clk will be routed on clock mesh
PHY-5010 WARNING: Net u_image_process/out_img_imy[1] is skipped due to 0 input or output
PHY-5010 WARNING: Net u_image_process/out_img_imy[0] is skipped due to 0 input or output
PHY-5010 WARNING: Net u_image_process/post3_frame_href is skipped due to 0 input or output
PHY-5010 WARNING: Net u_image_process/post3_frame_vsync is skipped due to 0 input or output
PHY-1001 : clock net u_image_process/wrreq_syn_2 will be merged with clock u_image_process/wrreq
PHY-5010 WARNING: Net u_image_process/u_Hu_Invariant_moment/n_11[31] is skipped due to 0 input or output
PHY-5010 WARNING: Net u_image_process/u_Hu_Invariant_moment/n_11[30] is skipped due to 0 input or output
PHY-5010 WARNING: Net u_image_process/u_Hu_Invariant_moment/ok_flag_n20 is skipped due to 0 input or output
PHY-1001 : net u_image_process/u_Median_Gray_3/u_three_martix/csi_pclk will be routed on clock mesh
PHY-5010 WARNING: Net u_image_process/out_img_imy[1] is skipped due to 0 input or output
PHY-5010 WARNING: Net u_image_process/out_img_imy[0] is skipped due to 0 input or output
PHY-5010 WARNING: Net u_image_process/post3_frame_href is skipped due to 0 input or output
PHY-5010 Similar messages will be suppressed.
PHY-1001 : eco open net = 0
PHY-1001 : 227 feed throughs used by 184 nets
RUN-1001 : Import timing constraints
RUN-1001 : Import IO constraints
RUN-1001 : Import Inst constraints
RUN-1001 : Import design success TD_VERSION=5.6.59063 , DB_VERSION=46140
RUN-1003 : finish command "import_db C:/Users/Administrator/Desktop/16_ov2640_sdram/ov2640_sdram_Runs/phy_1/ov2640_sdram_pr.db" in  11.386557s wall, 11.265625s user + 0.109375s system = 11.375000s CPU (99.9%)

RUN-1004 : used memory is 891 MB, reserved memory is 873 MB, peak memory is 955 MB
RUN-1002 : start command "report_timing"
RUN-1002 : start command "start_timer"
RUN-1003 : finish command "start_timer" in  2.001979s wall, 2.000000s user + 0.015625s system = 2.015625s CPU (100.7%)

RUN-1004 : used memory is 973 MB, reserved memory is 957 MB, peak memory is 973 MB
RUN-1002 : start command "end_timer"
RUN-1003 : finish command "report_timing" in  2.732165s wall, 2.718750s user + 0.031250s system = 2.750000s CPU (100.7%)

RUN-1004 : used memory is 912 MB, reserved memory is 898 MB, peak memory is 984 MB
HDL-1007 : analyze verilog file RTL/test_camera.v
HDL-5007 WARNING: literal value 'h0x0d truncated to fit in 8 bits in RTL/test_camera.v(239)
HDL-5007 WARNING: literal value 'h0x0a truncated to fit in 8 bits in RTL/test_camera.v(239)
HDL-8007 ERROR: cannot find port 'clkw' on this module in al_ip/ramfifo.v(43)
HDL-8007 ERROR: cannot find port 'clkr' on this module in al_ip/ramfifo.v(46)
GUI-5004 WARNING: tx has not been assigned a location ...
HDL-1007 : analyze verilog file RTL/test_camera.v
HDL-5007 WARNING: literal value 'h0x0d truncated to fit in 8 bits in RTL/test_camera.v(239)
HDL-5007 WARNING: literal value 'h0x0a truncated to fit in 8 bits in RTL/test_camera.v(239)
HDL-8007 ERROR: cannot find port 'clkw' on this module in al_ip/ramfifo.v(43)
HDL-8007 ERROR: cannot find port 'clkr' on this module in al_ip/ramfifo.v(46)
GUI-5004 WARNING: tx has not been assigned a location ...
RUN-1001 : reset_run syn_1 phy_1.
RUN-1001 : launch_runs syn_1 phy_1  -jobs 6.
RUN-1001 : syn_1: run complete.
RUN-1001 : phy_1: run complete.
RUN-1001 : open_run phy_1.
RUN-1002 : start command "import_db C:/Users/Administrator/Desktop/16_ov2640_sdram/ov2640_sdram_Runs/phy_1/ov2640_sdram_pr.db"
RUN-1001 : Importing database generated by Tang Dynasty, V5.6.59063.
RUN-1001 : Database version number 46140.
RUN-1001 : Import flow parameters
PHY-1001 : Generate detailed routing grids ...
PHY-1001 : Generate nets ...
PHY-1001 : net clk_24m_dup_1 will be routed on clock mesh
PHY-1001 : net vga_clk_dup_1 will be routed on clock mesh
PHY-1001 : clock net Sdram_Control_4Port/CTRL_CLK will be merged with clock u_pll/clk0_buf
PHY-1001 : net Sdram_Control_4Port/SDRAM_CLK will be routed on clock mesh
PHY-1001 : net u_seg_4/clk_24m will be routed on clock mesh
PHY-1001 : clock net u_image_select/mode[3]_syn_29 will be merged with clock u_image_select/mode[3]_syn_26
PHY-1001 : clock net u_camera_init/divider2[8]_syn_4 will be merged with clock u_camera_init/divider2[8]
PHY-1001 : clock net u_camera_init/divider2[7]_syn_2 will be merged with clock u_camera_init/divider2[7]
PHY-1001 : net u_camera_init/u_i2c_write/clk will be routed on clock mesh
PHY-5010 WARNING: Net u_image_process/out_img_imy[1] is skipped due to 0 input or output
PHY-5010 WARNING: Net u_image_process/out_img_imy[0] is skipped due to 0 input or output
PHY-5010 WARNING: Net u_image_process/post3_frame_href is skipped due to 0 input or output
PHY-5010 WARNING: Net u_image_process/post3_frame_vsync is skipped due to 0 input or output
PHY-1001 : clock net u_image_process/wrreq_syn_2 will be merged with clock u_image_process/wrreq
PHY-5010 WARNING: Net u_image_process/u_Hu_Invariant_moment/n_11[31] is skipped due to 0 input or output
PHY-5010 WARNING: Net u_image_process/u_Hu_Invariant_moment/n_11[30] is skipped due to 0 input or output
PHY-5010 WARNING: Net u_image_process/u_Hu_Invariant_moment/ok_flag_n20 is skipped due to 0 input or output
PHY-1001 : net u_image_process/u_Median_Gray_3/u_three_martix/csi_pclk will be routed on clock mesh
PHY-5010 WARNING: Net u_image_process/out_img_imy[1] is skipped due to 0 input or output
PHY-5010 WARNING: Net u_image_process/out_img_imy[0] is skipped due to 0 input or output
PHY-5010 WARNING: Net u_image_process/post3_frame_href is skipped due to 0 input or output
PHY-5010 Similar messages will be suppressed.
PHY-1001 : eco open net = 0
PHY-1001 : 279 feed throughs used by 187 nets
RUN-1001 : Import timing constraints
RUN-1001 : Import IO constraints
RUN-1001 : Import Inst constraints
RUN-1001 : Import design success TD_VERSION=5.6.59063 , DB_VERSION=46140
RUN-1003 : finish command "import_db C:/Users/Administrator/Desktop/16_ov2640_sdram/ov2640_sdram_Runs/phy_1/ov2640_sdram_pr.db" in  8.837943s wall, 7.984375s user + 0.937500s system = 8.921875s CPU (100.9%)

RUN-1004 : used memory is 870 MB, reserved memory is 966 MB, peak memory is 984 MB
RUN-1002 : start command "report_timing"
RUN-1002 : start command "start_timer"
RUN-1003 : finish command "start_timer" in  2.011316s wall, 2.015625s user + 0.015625s system = 2.031250s CPU (101.0%)

RUN-1004 : used memory is 919 MB, reserved memory is 1000 MB, peak memory is 984 MB
RUN-1002 : start command "end_timer"
RUN-1003 : finish command "report_timing" in  2.757936s wall, 2.734375s user + 0.031250s system = 2.765625s CPU (100.3%)

RUN-1004 : used memory is 867 MB, reserved memory is 946 MB, peak memory is 984 MB
RUN-1002 : start command "download -bit ov2640_sdram_Runs\phy_1\ov2640_sdram.bit -mode jtag -spd 7 -sec 64 -cable 0"
PRG-2014 : Chip validation success: EAGLE_S20_BG256
RUN-1002 : start command "bit_to_vec -chip EAGLE_S20_BG256 -m jtag_burst -freq 4 -bit ov2640_sdram_Runs/phy_1/ov2640_sdram.bit"
RUN-1002 : start command "program -cable 0 -mode svf -spd 7 -p"
RUN-1003 : finish command "program -cable 0 -mode svf -spd 7 -p" in  6.369369s wall, 0.125000s user + 0.171875s system = 0.296875s CPU (4.7%)

RUN-1004 : used memory is 129 MB, reserved memory is 975 MB, peak memory is 984 MB
RUN-1003 : finish command "download -bit ov2640_sdram_Runs\phy_1\ov2640_sdram.bit -mode jtag -spd 7 -sec 64 -cable 0" in  6.686826s wall, 0.234375s user + 0.187500s system = 0.421875s CPU (6.3%)

RUN-1004 : used memory is 129 MB, reserved memory is 975 MB, peak memory is 984 MB
GUI-1001 : Download success!
HDL-1007 : analyze verilog file RTL/test_camera.v
HDL-5007 WARNING: literal value 'h0x0d truncated to fit in 8 bits in RTL/test_camera.v(239)
HDL-5007 WARNING: literal value 'h0x0a truncated to fit in 8 bits in RTL/test_camera.v(239)
HDL-8007 ERROR: cannot find port 'clkw' on this module in al_ip/ramfifo.v(43)
HDL-8007 ERROR: cannot find port 'clkr' on this module in al_ip/ramfifo.v(46)
HDL-1007 : analyze verilog file RTL/Uart_Send.v
HDL-8007 ERROR: cannot find port 'clkw' on this module in al_ip/ramfifo.v(43)
HDL-8007 ERROR: cannot find port 'clkr' on this module in al_ip/ramfifo.v(46)
RUN-1001 : reset_run syn_1 phy_1.
GUI-6001 WARNING: File C:/Users/Administrator/Desktop/16_ov2640_sdram/ov2640_sdram_Runs/phy_1/ov2640_sdram.bit does not exist!
RUN-1001 : launch_runs syn_1 phy_1  -jobs 6.
RUN-1001 : syn_1: run complete.
RUN-1001 : phy_1: run complete.
RUN-1001 : open_run phy_1.
RUN-1002 : start command "import_db C:/Users/Administrator/Desktop/16_ov2640_sdram/ov2640_sdram_Runs/phy_1/ov2640_sdram_pr.db"
RUN-1001 : Importing database generated by Tang Dynasty, V5.6.59063.
RUN-1001 : Database version number 46140.
RUN-1001 : Import flow parameters
PHY-1001 : Generate detailed routing grids ...
PHY-1001 : Generate nets ...
PHY-1001 : net clk_24m_dup_1 will be routed on clock mesh
PHY-1001 : net vga_clk_dup_1 will be routed on clock mesh
PHY-1001 : clock net Sdram_Control_4Port/CTRL_CLK will be merged with clock u_pll/clk0_buf
PHY-1001 : net Sdram_Control_4Port/SDRAM_CLK will be routed on clock mesh
PHY-1001 : net u_seg_4/clk_24m will be routed on clock mesh
PHY-1001 : clock net u_image_select/mode[3]_syn_29 will be merged with clock u_image_select/mode[3]_syn_26
PHY-1001 : clock net u_camera_init/divider2[8]_syn_4 will be merged with clock u_camera_init/divider2[8]
PHY-1001 : clock net u_camera_init/divider2[7]_syn_2 will be merged with clock u_camera_init/divider2[7]
PHY-1001 : net u_camera_init/u_i2c_write/clk will be routed on clock mesh
PHY-5010 WARNING: Net u_image_process/out_img_imy[1] is skipped due to 0 input or output
PHY-5010 WARNING: Net u_image_process/out_img_imy[0] is skipped due to 0 input or output
PHY-5010 WARNING: Net u_image_process/post3_frame_href is skipped due to 0 input or output
PHY-5010 WARNING: Net u_image_process/post3_frame_vsync is skipped due to 0 input or output
PHY-1001 : clock net u_image_process/wrreq_syn_2 will be merged with clock u_image_process/wrreq
PHY-5010 WARNING: Net u_image_process/u_Hu_Invariant_moment/n_11[31] is skipped due to 0 input or output
PHY-5010 WARNING: Net u_image_process/u_Hu_Invariant_moment/n_11[30] is skipped due to 0 input or output
PHY-5010 WARNING: Net u_image_process/u_Hu_Invariant_moment/ok_flag_n20 is skipped due to 0 input or output
PHY-1001 : net u_image_process/u_Median_Gray_3/u_three_martix/csi_pclk will be routed on clock mesh
PHY-5010 WARNING: Net u_image_process/out_img_imy[1] is skipped due to 0 input or output
PHY-5010 WARNING: Net u_image_process/out_img_imy[0] is skipped due to 0 input or output
PHY-5010 WARNING: Net u_image_process/post3_frame_href is skipped due to 0 input or output
PHY-5010 Similar messages will be suppressed.
PHY-1001 : eco open net = 0
PHY-1001 : 279 feed throughs used by 187 nets
RUN-1001 : Import timing constraints
RUN-1001 : Import IO constraints
RUN-1001 : Import Inst constraints
RUN-1001 : Import design success TD_VERSION=5.6.59063 , DB_VERSION=46140
RUN-1003 : finish command "import_db C:/Users/Administrator/Desktop/16_ov2640_sdram/ov2640_sdram_Runs/phy_1/ov2640_sdram_pr.db" in  8.851335s wall, 7.921875s user + 0.984375s system = 8.906250s CPU (100.6%)

RUN-1004 : used memory is 850 MB, reserved memory is 1016 MB, peak memory is 984 MB
RUN-1002 : start command "report_timing"
RUN-1002 : start command "start_timer"
RUN-1003 : finish command "start_timer" in  1.982517s wall, 1.984375s user + 0.031250s system = 2.015625s CPU (101.7%)

RUN-1004 : used memory is 901 MB, reserved memory is 1053 MB, peak memory is 984 MB
RUN-1002 : start command "end_timer"
RUN-1003 : finish command "report_timing" in  2.709072s wall, 2.718750s user + 0.031250s system = 2.750000s CPU (101.5%)

RUN-1004 : used memory is 909 MB, reserved memory is 1061 MB, peak memory is 984 MB
RUN-1002 : start command "download -bit ov2640_sdram_Runs\phy_1\ov2640_sdram.bit -mode jtag -spd 7 -sec 64 -cable 0"
PRG-2014 : Chip validation success: EAGLE_S20_BG256
RUN-1002 : start command "bit_to_vec -chip EAGLE_S20_BG256 -m jtag_burst -freq 4 -bit ov2640_sdram_Runs/phy_1/ov2640_sdram.bit"
RUN-1002 : start command "program -cable 0 -mode svf -spd 7 -p"
RUN-1003 : finish command "program -cable 0 -mode svf -spd 7 -p" in  6.379805s wall, 0.109375s user + 0.125000s system = 0.234375s CPU (3.7%)

RUN-1004 : used memory is 942 MB, reserved memory is 1061 MB, peak memory is 984 MB
RUN-1003 : finish command "download -bit ov2640_sdram_Runs\phy_1\ov2640_sdram.bit -mode jtag -spd 7 -sec 64 -cable 0" in  6.692623s wall, 0.203125s user + 0.171875s system = 0.375000s CPU (5.6%)

RUN-1004 : used memory is 942 MB, reserved memory is 1061 MB, peak memory is 984 MB
GUI-1001 : Download success!
HDL-1007 : analyze verilog file RTL/test_camera.v
HDL-5007 WARNING: literal value 'h0x0a truncated to fit in 8 bits in RTL/test_camera.v(239)
HDL-5007 WARNING: literal value 'h0x0d truncated to fit in 8 bits in RTL/test_camera.v(239)
HDL-8007 ERROR: cannot find port 'clkw' on this module in al_ip/ramfifo.v(43)
HDL-8007 ERROR: cannot find port 'clkr' on this module in al_ip/ramfifo.v(46)
RUN-1001 : reset_run syn_1 phy_1.
GUI-6001 WARNING: File C:/Users/Administrator/Desktop/16_ov2640_sdram/ov2640_sdram_Runs/phy_1/ov2640_sdram.bit does not exist!
RUN-1001 : launch_runs syn_1 phy_1  -jobs 6.
RUN-1001 : syn_1: run complete.
RUN-1001 : phy_1: run complete.
RUN-1001 : open_run phy_1.
RUN-1002 : start command "import_db C:/Users/Administrator/Desktop/16_ov2640_sdram/ov2640_sdram_Runs/phy_1/ov2640_sdram_pr.db"
RUN-1001 : Importing database generated by Tang Dynasty, V5.6.59063.
RUN-1001 : Database version number 46140.
RUN-1001 : Import flow parameters
PHY-1001 : Generate detailed routing grids ...
PHY-1001 : Generate nets ...
PHY-1001 : net clk_24m_dup_1 will be routed on clock mesh
PHY-1001 : net vga_clk_dup_1 will be routed on clock mesh
PHY-1001 : clock net Sdram_Control_4Port/CTRL_CLK will be merged with clock u_pll/clk0_buf
PHY-1001 : net Sdram_Control_4Port/SDRAM_CLK will be routed on clock mesh
PHY-1001 : net u_seg_4/clk_24m will be routed on clock mesh
PHY-1001 : clock net u_image_select/mode[3]_syn_29 will be merged with clock u_image_select/mode[3]_syn_26
PHY-1001 : clock net u_camera_init/divider2[8]_syn_4 will be merged with clock u_camera_init/divider2[8]
PHY-1001 : clock net u_camera_init/divider2[7]_syn_2 will be merged with clock u_camera_init/divider2[7]
PHY-1001 : net u_camera_init/u_i2c_write/clk will be routed on clock mesh
PHY-5010 WARNING: Net u_image_process/out_img_imy[1] is skipped due to 0 input or output
PHY-5010 WARNING: Net u_image_process/out_img_imy[0] is skipped due to 0 input or output
PHY-5010 WARNING: Net u_image_process/post3_frame_href is skipped due to 0 input or output
PHY-5010 WARNING: Net u_image_process/post3_frame_vsync is skipped due to 0 input or output
PHY-1001 : clock net u_image_process/wrreq_syn_2 will be merged with clock u_image_process/wrreq
PHY-5010 WARNING: Net u_image_process/u_Hu_Invariant_moment/n_11[31] is skipped due to 0 input or output
PHY-5010 WARNING: Net u_image_process/u_Hu_Invariant_moment/n_11[30] is skipped due to 0 input or output
PHY-5010 WARNING: Net u_image_process/u_Hu_Invariant_moment/ok_flag_n20 is skipped due to 0 input or output
PHY-1001 : net u_image_process/u_Median_Gray_3/u_three_martix/csi_pclk will be routed on clock mesh
PHY-5010 WARNING: Net u_image_process/out_img_imy[1] is skipped due to 0 input or output
PHY-5010 WARNING: Net u_image_process/out_img_imy[0] is skipped due to 0 input or output
PHY-5010 WARNING: Net u_image_process/post3_frame_href is skipped due to 0 input or output
PHY-5010 Similar messages will be suppressed.
PHY-1001 : eco open net = 0
PHY-1001 : 279 feed throughs used by 187 nets
RUN-1001 : Import timing constraints
RUN-1001 : Import IO constraints
RUN-1001 : Import Inst constraints
RUN-1001 : Import design success TD_VERSION=5.6.59063 , DB_VERSION=46140
RUN-1003 : finish command "import_db C:/Users/Administrator/Desktop/16_ov2640_sdram/ov2640_sdram_Runs/phy_1/ov2640_sdram_pr.db" in  8.546838s wall, 8.031250s user + 0.609375s system = 8.640625s CPU (101.1%)

RUN-1004 : used memory is 849 MB, reserved memory is 1024 MB, peak memory is 984 MB
RUN-1002 : start command "report_timing"
RUN-1002 : start command "start_timer"
RUN-1003 : finish command "start_timer" in  2.124564s wall, 2.156250s user + 0.015625s system = 2.171875s CPU (102.2%)

RUN-1004 : used memory is 899 MB, reserved memory is 1056 MB, peak memory is 984 MB
RUN-1002 : start command "end_timer"
RUN-1003 : finish command "report_timing" in  2.863253s wall, 2.890625s user + 0.015625s system = 2.906250s CPU (101.5%)

RUN-1004 : used memory is 908 MB, reserved memory is 1064 MB, peak memory is 984 MB
RUN-1002 : start command "download -bit ov2640_sdram_Runs\phy_1\ov2640_sdram.bit -mode jtag -spd 7 -sec 64 -cable 0"
PRG-2014 : Chip validation success: EAGLE_S20_BG256
RUN-1002 : start command "bit_to_vec -chip EAGLE_S20_BG256 -m jtag_burst -freq 4 -bit ov2640_sdram_Runs/phy_1/ov2640_sdram.bit"
RUN-1002 : start command "program -cable 0 -mode svf -spd 7 -p"
RUN-1003 : finish command "program -cable 0 -mode svf -spd 7 -p" in  6.353280s wall, 0.187500s user + 0.125000s system = 0.312500s CPU (4.9%)

RUN-1004 : used memory is 935 MB, reserved memory is 1066 MB, peak memory is 984 MB
RUN-1003 : finish command "download -bit ov2640_sdram_Runs\phy_1\ov2640_sdram.bit -mode jtag -spd 7 -sec 64 -cable 0" in  6.630527s wall, 0.265625s user + 0.171875s system = 0.437500s CPU (6.6%)

RUN-1004 : used memory is 935 MB, reserved memory is 1066 MB, peak memory is 984 MB
GUI-1001 : Download success!
HDL-1007 : analyze verilog file RTL/Uart_Send.v
HDL-1007 : analyze verilog file RTL/test_camera.v
HDL-5007 WARNING: literal value 'h0x0d truncated to fit in 8 bits in RTL/test_camera.v(239)
HDL-5007 WARNING: literal value 'h0x0a truncated to fit in 8 bits in RTL/test_camera.v(239)
HDL-8007 ERROR: cannot find port 'clkw' on this module in al_ip/ramfifo.v(43)
HDL-8007 ERROR: cannot find port 'clkr' on this module in al_ip/ramfifo.v(46)
RUN-1001 : reset_run syn_1 phy_1.
GUI-6001 WARNING: File C:/Users/Administrator/Desktop/16_ov2640_sdram/ov2640_sdram_Runs/phy_1/ov2640_sdram.bit does not exist!
RUN-1001 : launch_runs syn_1 phy_1  -jobs 6.
RUN-1001 : syn_1: run complete.
RUN-1001 : phy_1: run complete.
RUN-1001 : open_run phy_1.
RUN-1002 : start command "import_db C:/Users/Administrator/Desktop/16_ov2640_sdram/ov2640_sdram_Runs/phy_1/ov2640_sdram_pr.db"
RUN-1001 : Importing database generated by Tang Dynasty, V5.6.59063.
RUN-1001 : Database version number 46140.
RUN-1001 : Import flow parameters
PHY-1001 : Generate detailed routing grids ...
PHY-1001 : Generate nets ...
PHY-1001 : net clk_24m_dup_1 will be routed on clock mesh
PHY-1001 : net vga_clk_dup_1 will be routed on clock mesh
PHY-1001 : clock net Sdram_Control_4Port/CTRL_CLK will be merged with clock u_pll/clk0_buf
PHY-1001 : net Sdram_Control_4Port/SDRAM_CLK will be routed on clock mesh
PHY-1001 : net u_seg_4/clk_24m will be routed on clock mesh
PHY-1001 : clock net u_camera_init/divider2[8]_syn_4 will be merged with clock u_camera_init/divider2[8]
PHY-1001 : clock net u_camera_init/divider2[7]_syn_2 will be merged with clock u_camera_init/divider2[7]
PHY-1001 : clock net u_image_select/mode[3]_syn_29 will be merged with clock u_image_select/mode[3]_syn_26
PHY-1001 : net u_camera_init/u_i2c_write/clk will be routed on clock mesh
PHY-5010 WARNING: Net u_image_process/out_img_imy[1] is skipped due to 0 input or output
PHY-5010 WARNING: Net u_image_process/out_img_imy[0] is skipped due to 0 input or output
PHY-5010 WARNING: Net u_image_process/post3_frame_href is skipped due to 0 input or output
PHY-5010 WARNING: Net u_image_process/post3_frame_vsync is skipped due to 0 input or output
PHY-1001 : clock net u_image_process/wrreq_syn_2 will be merged with clock u_image_process/wrreq
PHY-5010 WARNING: Net u_image_process/u_Hu_Invariant_moment/n_11[31] is skipped due to 0 input or output
PHY-5010 WARNING: Net u_image_process/u_Hu_Invariant_moment/n_11[30] is skipped due to 0 input or output
PHY-5010 WARNING: Net u_image_process/u_Hu_Invariant_moment/ok_flag_n20 is skipped due to 0 input or output
PHY-1001 : net u_image_process/u_Median_Gray_3/u_three_martix/csi_pclk will be routed on clock mesh
PHY-5010 WARNING: Net u_image_process/out_img_imy[1] is skipped due to 0 input or output
PHY-5010 WARNING: Net u_image_process/out_img_imy[0] is skipped due to 0 input or output
PHY-5010 WARNING: Net u_image_process/post3_frame_href is skipped due to 0 input or output
PHY-5010 Similar messages will be suppressed.
PHY-1001 : eco open net = 0
PHY-1001 : 325 feed throughs used by 208 nets
RUN-1001 : Import timing constraints
RUN-1001 : Import IO constraints
RUN-1001 : Import Inst constraints
RUN-1001 : Import design success TD_VERSION=5.6.59063 , DB_VERSION=46140
RUN-1003 : finish command "import_db C:/Users/Administrator/Desktop/16_ov2640_sdram/ov2640_sdram_Runs/phy_1/ov2640_sdram_pr.db" in  8.689180s wall, 7.937500s user + 0.875000s system = 8.812500s CPU (101.4%)

RUN-1004 : used memory is 853 MB, reserved memory is 1034 MB, peak memory is 984 MB
RUN-1002 : start command "report_timing"
RUN-1002 : start command "start_timer"
RUN-1003 : finish command "start_timer" in  2.013170s wall, 1.984375s user + 0.078125s system = 2.062500s CPU (102.5%)

RUN-1004 : used memory is 904 MB, reserved memory is 1073 MB, peak memory is 984 MB
RUN-1002 : start command "end_timer"
RUN-1003 : finish command "report_timing" in  2.737195s wall, 2.703125s user + 0.078125s system = 2.781250s CPU (101.6%)

RUN-1004 : used memory is 913 MB, reserved memory is 1081 MB, peak memory is 984 MB
RUN-1002 : start command "download -bit ov2640_sdram_Runs\phy_1\ov2640_sdram.bit -mode jtag -spd 7 -sec 64 -cable 0"
PRG-2014 : Chip validation success: EAGLE_S20_BG256
RUN-1002 : start command "bit_to_vec -chip EAGLE_S20_BG256 -m jtag_burst -freq 4 -bit ov2640_sdram_Runs/phy_1/ov2640_sdram.bit"
RUN-1002 : start command "program -cable 0 -mode svf -spd 7 -p"
RUN-1003 : finish command "program -cable 0 -mode svf -spd 7 -p" in  6.377662s wall, 0.078125s user + 0.234375s system = 0.312500s CPU (4.9%)

RUN-1004 : used memory is 940 MB, reserved memory is 1082 MB, peak memory is 984 MB
RUN-1003 : finish command "download -bit ov2640_sdram_Runs\phy_1\ov2640_sdram.bit -mode jtag -spd 7 -sec 64 -cable 0" in  6.646988s wall, 0.203125s user + 0.250000s system = 0.453125s CPU (6.8%)

RUN-1004 : used memory is 940 MB, reserved memory is 1082 MB, peak memory is 984 MB
GUI-1001 : Download success!
HDL-1007 : analyze verilog file RTL/Uart_Send.v
HDL-1007 : analyze verilog file RTL/test_camera.v
HDL-5007 WARNING: literal value 'h0x0d truncated to fit in 8 bits in RTL/test_camera.v(239)
HDL-5007 WARNING: literal value 'h0x0a truncated to fit in 8 bits in RTL/test_camera.v(239)
HDL-8007 ERROR: cannot find port 'clkw' on this module in al_ip/ramfifo.v(43)
HDL-8007 ERROR: cannot find port 'clkr' on this module in al_ip/ramfifo.v(46)
RUN-1001 : reset_run syn_1 phy_1.
GUI-6001 WARNING: File C:/Users/Administrator/Desktop/16_ov2640_sdram/ov2640_sdram_Runs/phy_1/ov2640_sdram.bit does not exist!
RUN-1001 : launch_runs syn_1 phy_1  -jobs 6.
RUN-1001 : syn_1: run complete.
RUN-1001 : phy_1: run complete.
RUN-1001 : open_run phy_1.
RUN-1002 : start command "import_db C:/Users/Administrator/Desktop/16_ov2640_sdram/ov2640_sdram_Runs/phy_1/ov2640_sdram_pr.db"
RUN-1001 : Importing database generated by Tang Dynasty, V5.6.59063.
RUN-1001 : Database version number 46140.
RUN-1001 : Import flow parameters
PHY-1001 : Generate detailed routing grids ...
PHY-1001 : Generate nets ...
PHY-1001 : net clk_24m_dup_1 will be routed on clock mesh
PHY-1001 : net vga_clk_dup_1 will be routed on clock mesh
PHY-1001 : clock net Sdram_Control_4Port/CTRL_CLK will be merged with clock u_pll/clk0_buf
PHY-1001 : net Sdram_Control_4Port/SDRAM_CLK will be routed on clock mesh
PHY-1001 : net u_seg_4/clk_24m will be routed on clock mesh
PHY-1001 : clock net u_image_select/mode[3]_syn_29 will be merged with clock u_image_select/mode[3]_syn_26
PHY-1001 : clock net u_camera_init/divider2[8]_syn_4 will be merged with clock u_camera_init/divider2[8]
PHY-1001 : clock net u_camera_init/divider2[7]_syn_2 will be merged with clock u_camera_init/divider2[7]
PHY-1001 : net u_camera_init/u_i2c_write/clk will be routed on clock mesh
PHY-5010 WARNING: Net u_image_process/out_img_imy[1] is skipped due to 0 input or output
PHY-5010 WARNING: Net u_image_process/out_img_imy[0] is skipped due to 0 input or output
PHY-5010 WARNING: Net u_image_process/post3_frame_href is skipped due to 0 input or output
PHY-5010 WARNING: Net u_image_process/post3_frame_vsync is skipped due to 0 input or output
PHY-1001 : clock net u_image_process/wrreq_syn_2 will be merged with clock u_image_process/wrreq
PHY-5010 WARNING: Net u_image_process/u_Hu_Invariant_moment/n_11[31] is skipped due to 0 input or output
PHY-5010 WARNING: Net u_image_process/u_Hu_Invariant_moment/n_11[30] is skipped due to 0 input or output
PHY-5010 WARNING: Net u_image_process/u_Hu_Invariant_moment/ok_flag_n20 is skipped due to 0 input or output
PHY-1001 : net u_image_process/u_Median_Gray_3/u_three_martix/csi_pclk will be routed on clock mesh
PHY-5010 WARNING: Net u_image_process/out_img_imy[1] is skipped due to 0 input or output
PHY-5010 WARNING: Net u_image_process/out_img_imy[0] is skipped due to 0 input or output
PHY-5010 WARNING: Net u_image_process/post3_frame_href is skipped due to 0 input or output
PHY-5010 Similar messages will be suppressed.
PHY-1001 : eco open net = 0
PHY-1001 : 187 feed throughs used by 140 nets
RUN-1001 : Import timing constraints
RUN-1001 : Import IO constraints
RUN-1001 : Import Inst constraints
RUN-1001 : Import design success TD_VERSION=5.6.59063 , DB_VERSION=46140
RUN-1003 : finish command "import_db C:/Users/Administrator/Desktop/16_ov2640_sdram/ov2640_sdram_Runs/phy_1/ov2640_sdram_pr.db" in  7.604165s wall, 7.421875s user + 0.250000s system = 7.671875s CPU (100.9%)

RUN-1004 : used memory is 901 MB, reserved memory is 1016 MB, peak memory is 984 MB
RUN-1002 : start command "report_timing"
RUN-1002 : start command "start_timer"
RUN-1003 : finish command "start_timer" in  1.979767s wall, 2.000000s user + 0.015625s system = 2.015625s CPU (101.8%)

RUN-1004 : used memory is 932 MB, reserved memory is 1050 MB, peak memory is 984 MB
RUN-1002 : start command "end_timer"
RUN-1003 : finish command "report_timing" in  2.648563s wall, 2.671875s user + 0.015625s system = 2.687500s CPU (101.5%)

RUN-1004 : used memory is 939 MB, reserved memory is 1057 MB, peak memory is 984 MB
RUN-1002 : start command "download -bit ov2640_sdram_Runs\phy_1\ov2640_sdram.bit -mode jtag -spd 7 -sec 64 -cable 0"
PRG-2014 : Chip validation success: EAGLE_S20_BG256
RUN-1002 : start command "bit_to_vec -chip EAGLE_S20_BG256 -m jtag_burst -freq 4 -bit ov2640_sdram_Runs/phy_1/ov2640_sdram.bit"
RUN-1002 : start command "program -cable 0 -mode svf -spd 7 -p"
RUN-1003 : finish command "program -cable 0 -mode svf -spd 7 -p" in  6.375681s wall, 0.093750s user + 0.156250s system = 0.250000s CPU (3.9%)

RUN-1004 : used memory is 941 MB, reserved memory is 1058 MB, peak memory is 984 MB
RUN-1003 : finish command "download -bit ov2640_sdram_Runs\phy_1\ov2640_sdram.bit -mode jtag -spd 7 -sec 64 -cable 0" in  6.648876s wall, 0.203125s user + 0.171875s system = 0.375000s CPU (5.6%)

RUN-1004 : used memory is 941 MB, reserved memory is 1058 MB, peak memory is 984 MB
GUI-1001 : Download success!
HDL-1007 : analyze verilog file RTL/test_camera.v
HDL-5007 WARNING: literal value 'h0x0d truncated to fit in 8 bits in RTL/test_camera.v(239)
HDL-5007 WARNING: literal value 'h0x0a truncated to fit in 8 bits in RTL/test_camera.v(239)
HDL-8007 ERROR: cannot find port 'clkw' on this module in al_ip/ramfifo.v(43)
HDL-8007 ERROR: cannot find port 'clkr' on this module in al_ip/ramfifo.v(46)
RUN-1001 : reset_run syn_1 phy_1.
GUI-6001 WARNING: File C:/Users/Administrator/Desktop/16_ov2640_sdram/ov2640_sdram_Runs/phy_1/ov2640_sdram.bit does not exist!
RUN-1001 : launch_runs syn_1 phy_1  -jobs 6.
RUN-1001 : syn_1: run complete.
RUN-1001 : phy_1: run complete.
RUN-1001 : open_run phy_1.
RUN-1002 : start command "import_db C:/Users/Administrator/Desktop/16_ov2640_sdram/ov2640_sdram_Runs/phy_1/ov2640_sdram_pr.db"
RUN-1001 : Importing database generated by Tang Dynasty, V5.6.59063.
RUN-1001 : Database version number 46140.
RUN-1001 : Import flow parameters
PHY-1001 : Generate detailed routing grids ...
PHY-1001 : Generate nets ...
PHY-1001 : net clk_24m_dup_1 will be routed on clock mesh
PHY-1001 : net vga_clk_dup_1 will be routed on clock mesh
PHY-1001 : clock net Sdram_Control_4Port/CTRL_CLK will be merged with clock u_pll/clk0_buf
PHY-1001 : net Sdram_Control_4Port/SDRAM_CLK will be routed on clock mesh
PHY-1001 : net u_seg_4/clk_24m will be routed on clock mesh
PHY-1001 : clock net u_image_select/mode[3]_syn_29 will be merged with clock u_image_select/mode[3]_syn_26
PHY-1001 : clock net u_camera_init/divider2[8]_syn_4 will be merged with clock u_camera_init/divider2[8]
PHY-1001 : clock net u_camera_init/divider2[7]_syn_2 will be merged with clock u_camera_init/divider2[7]
PHY-1001 : net u_camera_init/u_i2c_write/clk will be routed on clock mesh
PHY-5010 WARNING: Net u_image_process/out_img_imy[1] is skipped due to 0 input or output
PHY-5010 WARNING: Net u_image_process/out_img_imy[0] is skipped due to 0 input or output
PHY-5010 WARNING: Net u_image_process/post3_frame_href is skipped due to 0 input or output
PHY-5010 WARNING: Net u_image_process/post3_frame_vsync is skipped due to 0 input or output
PHY-1001 : clock net u_image_process/wrreq_syn_2 will be merged with clock u_image_process/wrreq
PHY-5010 WARNING: Net u_image_process/u_Hu_Invariant_moment/n_11[31] is skipped due to 0 input or output
PHY-5010 WARNING: Net u_image_process/u_Hu_Invariant_moment/n_11[30] is skipped due to 0 input or output
PHY-5010 WARNING: Net u_image_process/u_Hu_Invariant_moment/ok_flag_n20 is skipped due to 0 input or output
PHY-1001 : net u_image_process/u_Median_Gray_3/u_three_martix/csi_pclk will be routed on clock mesh
PHY-5010 WARNING: Net u_image_process/out_img_imy[1] is skipped due to 0 input or output
PHY-5010 WARNING: Net u_image_process/out_img_imy[0] is skipped due to 0 input or output
PHY-5010 WARNING: Net u_image_process/post3_frame_href is skipped due to 0 input or output
PHY-5010 Similar messages will be suppressed.
PHY-1001 : eco open net = 0
PHY-1001 : 306 feed throughs used by 172 nets
RUN-1001 : Import timing constraints
RUN-1001 : Import IO constraints
RUN-1001 : Import Inst constraints
RUN-1001 : Import design success TD_VERSION=5.6.59063 , DB_VERSION=46140
RUN-1003 : finish command "import_db C:/Users/Administrator/Desktop/16_ov2640_sdram/ov2640_sdram_Runs/phy_1/ov2640_sdram_pr.db" in  8.279127s wall, 7.484375s user + 0.890625s system = 8.375000s CPU (101.2%)

RUN-1004 : used memory is 826 MB, reserved memory is 1024 MB, peak memory is 984 MB
RUN-1002 : start command "report_timing"
RUN-1002 : start command "start_timer"
RUN-1003 : finish command "start_timer" in  1.940492s wall, 1.937500s user + 0.046875s system = 1.984375s CPU (102.3%)

RUN-1004 : used memory is 873 MB, reserved memory is 1056 MB, peak memory is 984 MB
RUN-1002 : start command "end_timer"
RUN-1003 : finish command "report_timing" in  2.612227s wall, 2.609375s user + 0.046875s system = 2.656250s CPU (101.7%)

RUN-1004 : used memory is 881 MB, reserved memory is 1063 MB, peak memory is 984 MB
RUN-1002 : start command "download -bit ov2640_sdram_Runs\phy_1\ov2640_sdram.bit -mode jtag -spd 7 -sec 64 -cable 0"
PRG-2014 : Chip validation success: EAGLE_S20_BG256
RUN-1002 : start command "bit_to_vec -chip EAGLE_S20_BG256 -m jtag_burst -freq 4 -bit ov2640_sdram_Runs/phy_1/ov2640_sdram.bit"
RUN-1002 : start command "program -cable 0 -mode svf -spd 7 -p"
RUN-1003 : finish command "program -cable 0 -mode svf -spd 7 -p" in  6.380937s wall, 0.156250s user + 0.171875s system = 0.328125s CPU (5.1%)

RUN-1004 : used memory is 908 MB, reserved memory is 1064 MB, peak memory is 984 MB
RUN-1003 : finish command "download -bit ov2640_sdram_Runs\phy_1\ov2640_sdram.bit -mode jtag -spd 7 -sec 64 -cable 0" in  6.671177s wall, 0.265625s user + 0.187500s system = 0.453125s CPU (6.8%)

RUN-1004 : used memory is 908 MB, reserved memory is 1064 MB, peak memory is 984 MB
GUI-1001 : Download success!
HDL-1007 : analyze verilog file RTL/test_camera.v
HDL-5007 WARNING: literal value 'h0x0d truncated to fit in 8 bits in RTL/test_camera.v(239)
HDL-5007 WARNING: literal value 'h0x0a truncated to fit in 8 bits in RTL/test_camera.v(239)
HDL-8007 ERROR: cannot find port 'clkw' on this module in al_ip/ramfifo.v(43)
HDL-8007 ERROR: cannot find port 'clkr' on this module in al_ip/ramfifo.v(46)
RUN-1002 : start command "download -bit ov2640_sdram_Runs\phy_1\ov2640_sdram.bit -mode jtag -spd 7 -sec 64 -cable 0"
PRG-2014 : Chip validation success: EAGLE_S20_BG256
RUN-1002 : start command "bit_to_vec -chip EAGLE_S20_BG256 -m jtag_burst -freq 4 -bit ov2640_sdram_Runs/phy_1/ov2640_sdram.bit"
RUN-1002 : start command "program -cable 0 -mode svf -spd 7 -p"
RUN-1003 : finish command "program -cable 0 -mode svf -spd 7 -p" in  6.345327s wall, 0.078125s user + 0.281250s system = 0.359375s CPU (5.7%)

RUN-1004 : used memory is 64 MB, reserved memory is 1063 MB, peak memory is 984 MB
RUN-1003 : finish command "download -bit ov2640_sdram_Runs\phy_1\ov2640_sdram.bit -mode jtag -spd 7 -sec 64 -cable 0" in  6.673010s wall, 0.203125s user + 0.312500s system = 0.515625s CPU (7.7%)

RUN-1004 : used memory is 64 MB, reserved memory is 1063 MB, peak memory is 984 MB
GUI-1001 : Download success!
RUN-1002 : start command "download -bit ov2640_sdram_Runs\phy_1\ov2640_sdram.bit -mode jtag -spd 7 -sec 64 -cable 0"
PRG-2014 : Chip validation success: EAGLE_S20_BG256
RUN-1002 : start command "bit_to_vec -chip EAGLE_S20_BG256 -m jtag_burst -freq 4 -bit ov2640_sdram_Runs/phy_1/ov2640_sdram.bit"
RUN-1002 : start command "program -cable 0 -mode svf -spd 7 -p"
RUN-1003 : finish command "program -cable 0 -mode svf -spd 7 -p" in  6.343333s wall, 0.109375s user + 0.156250s system = 0.265625s CPU (4.2%)

RUN-1004 : used memory is 73 MB, reserved memory is 1063 MB, peak memory is 984 MB
RUN-1003 : finish command "download -bit ov2640_sdram_Runs\phy_1\ov2640_sdram.bit -mode jtag -spd 7 -sec 64 -cable 0" in  6.665120s wall, 0.203125s user + 0.171875s system = 0.375000s CPU (5.6%)

RUN-1004 : used memory is 73 MB, reserved memory is 1063 MB, peak memory is 984 MB
GUI-1001 : Download success!
RUN-1001 : reset_run syn_1 phy_1.
GUI-6001 WARNING: File C:/Users/Administrator/Desktop/16_ov2640_sdram/ov2640_sdram_Runs/phy_1/ov2640_sdram.bit does not exist!
RUN-1001 : launch_runs syn_1 phy_1  -jobs 6.
RUN-1001 : syn_1: run complete.
RUN-1001 : stop_run phy_1.
RUN-1001 : reset_run phy_1 -step opt_route.
RUN-1001 : phy_1: run complete.
RUN-1001 : open_run phy_1.
RUN-1002 : start command "import_db C:/Users/Administrator/Desktop/16_ov2640_sdram/ov2640_sdram_Runs/phy_1/ov2640_sdram_place.db"
RUN-1001 : Importing database generated by Tang Dynasty, V5.6.59063.
RUN-1001 : Database version number 46140.
RUN-1001 : Import flow parameters
RUN-1001 : Import timing constraints
RUN-1001 : Import IO constraints
RUN-1001 : Import Inst constraints
RUN-1001 : Import design success TD_VERSION=5.6.59063 , DB_VERSION=46140
RUN-1003 : finish command "import_db C:/Users/Administrator/Desktop/16_ov2640_sdram/ov2640_sdram_Runs/phy_1/ov2640_sdram_place.db" in  4.175495s wall, 3.359375s user + 0.843750s system = 4.203125s CPU (100.7%)

RUN-1004 : used memory is 470 MB, reserved memory is 736 MB, peak memory is 984 MB
RUN-1002 : start command "report_timing -mode manhattan"
RUN-1002 : start command "start_timer"
RUN-1003 : finish command "start_timer" in  2.123112s wall, 2.093750s user + 0.062500s system = 2.156250s CPU (101.6%)

RUN-1004 : used memory is 563 MB, reserved memory is 807 MB, peak memory is 984 MB
RUN-1002 : start command "end_timer"
RUN-1003 : finish command "report_timing -mode manhattan" in  2.553754s wall, 2.531250s user + 0.062500s system = 2.593750s CPU (101.6%)

RUN-1004 : used memory is 569 MB, reserved memory is 812 MB, peak memory is 984 MB
RUN-1001 : reset_run syn_1 phy_1.
RUN-1001 : launch_runs syn_1 phy_1  -jobs 6.
RUN-1001 : syn_1: run complete.
RUN-1001 : phy_1: run complete.
RUN-1001 : open_run phy_1.
RUN-1002 : start command "import_db C:/Users/Administrator/Desktop/16_ov2640_sdram/ov2640_sdram_Runs/phy_1/ov2640_sdram_pr.db"
RUN-1001 : Importing database generated by Tang Dynasty, V5.6.59063.
RUN-1001 : Database version number 46140.
RUN-1001 : Import flow parameters
PHY-1001 : Generate detailed routing grids ...
PHY-1001 : Generate nets ...
PHY-1001 : net clk_24m_dup_1 will be routed on clock mesh
PHY-1001 : net vga_clk_dup_1 will be routed on clock mesh
PHY-1001 : clock net Sdram_Control_4Port/CTRL_CLK will be merged with clock u_pll/clk0_buf
PHY-1001 : net Sdram_Control_4Port/SDRAM_CLK will be routed on clock mesh
PHY-1001 : net u_seg_4/clk_24m will be routed on clock mesh
PHY-1001 : clock net u_image_select/mode[3]_syn_29 will be merged with clock u_image_select/mode[3]_syn_26
PHY-1001 : clock net u_camera_init/divider2[8]_syn_4 will be merged with clock u_camera_init/divider2[8]
PHY-1001 : clock net u_camera_init/divider2[7]_syn_2 will be merged with clock u_camera_init/divider2[7]
PHY-1001 : net u_camera_init/u_i2c_write/clk will be routed on clock mesh
PHY-5010 WARNING: Net u_image_process/out_img_imy[1] is skipped due to 0 input or output
PHY-5010 WARNING: Net u_image_process/out_img_imy[0] is skipped due to 0 input or output
PHY-5010 WARNING: Net u_image_process/post3_frame_href is skipped due to 0 input or output
PHY-5010 WARNING: Net u_image_process/post3_frame_vsync is skipped due to 0 input or output
PHY-1001 : clock net u_image_process/wrreq_syn_2 will be merged with clock u_image_process/wrreq
PHY-5010 WARNING: Net u_image_process/u_Hu_Invariant_moment/n_11[31] is skipped due to 0 input or output
PHY-5010 WARNING: Net u_image_process/u_Hu_Invariant_moment/n_11[30] is skipped due to 0 input or output
PHY-5010 WARNING: Net u_image_process/u_Hu_Invariant_moment/ok_flag_n20 is skipped due to 0 input or output
PHY-1001 : net u_image_process/u_Median_Gray_3/u_three_martix/csi_pclk will be routed on clock mesh
PHY-5010 WARNING: Net u_image_process/out_img_imy[1] is skipped due to 0 input or output
PHY-5010 WARNING: Net u_image_process/out_img_imy[0] is skipped due to 0 input or output
PHY-5010 WARNING: Net u_image_process/post3_frame_href is skipped due to 0 input or output
PHY-5010 Similar messages will be suppressed.
PHY-1001 : eco open net = 0
PHY-1001 : 306 feed throughs used by 172 nets
RUN-1001 : Import timing constraints
RUN-1001 : Import IO constraints
RUN-1001 : Import Inst constraints
RUN-1001 : Import design success TD_VERSION=5.6.59063 , DB_VERSION=46140
RUN-1003 : finish command "import_db C:/Users/Administrator/Desktop/16_ov2640_sdram/ov2640_sdram_Runs/phy_1/ov2640_sdram_pr.db" in  7.880401s wall, 7.171875s user + 0.734375s system = 7.906250s CPU (100.3%)

RUN-1004 : used memory is 811 MB, reserved memory is 1001 MB, peak memory is 984 MB
RUN-1002 : start command "report_timing"
RUN-1002 : start command "start_timer"
RUN-1003 : finish command "start_timer" in  1.930740s wall, 1.906250s user + 0.046875s system = 1.953125s CPU (101.2%)

RUN-1004 : used memory is 857 MB, reserved memory is 1031 MB, peak memory is 984 MB
RUN-1002 : start command "end_timer"
RUN-1003 : finish command "report_timing" in  2.603616s wall, 2.578125s user + 0.046875s system = 2.625000s CPU (100.8%)

RUN-1004 : used memory is 865 MB, reserved memory is 1039 MB, peak memory is 984 MB
RUN-1002 : start command "download -bit ov2640_sdram_Runs\phy_1\ov2640_sdram.bit -mode jtag -spd 7 -sec 64 -cable 0"
PRG-2014 : Chip validation success: EAGLE_S20_BG256
RUN-1002 : start command "bit_to_vec -chip EAGLE_S20_BG256 -m jtag_burst -freq 4 -bit ov2640_sdram_Runs/phy_1/ov2640_sdram.bit"
RUN-1002 : start command "program -cable 0 -mode svf -spd 7 -p"
RUN-1003 : finish command "program -cable 0 -mode svf -spd 7 -p" in  6.324256s wall, 0.093750s user + 0.218750s system = 0.312500s CPU (4.9%)

RUN-1004 : used memory is 918 MB, reserved memory is 1063 MB, peak memory is 984 MB
RUN-1003 : finish command "download -bit ov2640_sdram_Runs\phy_1\ov2640_sdram.bit -mode jtag -spd 7 -sec 64 -cable 0" in  6.639080s wall, 0.234375s user + 0.281250s system = 0.515625s CPU (7.8%)

RUN-1004 : used memory is 918 MB, reserved memory is 1063 MB, peak memory is 984 MB
GUI-1001 : Download success!
RUN-1002 : start command "download -bit ov2640_sdram_Runs\phy_1\ov2640_sdram.bit -mode program_spi -v -spd 7 -sec 64 -cable 0 -flashsize 128"
PRG-2014 : Chip validation success: EAGLE_S20_BG256
PRG-1001 : SPI Flash ID is:  68
RUN-1002 : start command "bit_to_vec -chip EAGLE_S20_BG256 -m program_spi -freq 4 -bit ov2640_sdram_Runs/phy_1/ov2640_sdram.bit"
RUN-1003 : finish command "bit_to_vec -chip EAGLE_S20_BG256 -m program_spi -freq 4 -bit ov2640_sdram_Runs/phy_1/ov2640_sdram.bit" in  2.030949s wall, 1.750000s user + 0.234375s system = 1.984375s CPU (97.7%)

RUN-1004 : used memory is 418 MB, reserved memory is 1368 MB, peak memory is 984 MB
RUN-1002 : start command "program_spi -cable 0 -spd 7"
RUN-1003 : finish command "program_spi -cable 0 -spd 7" in  93.051327s wall, 4.312500s user + 1.515625s system = 5.828125s CPU (6.3%)

RUN-1004 : used memory is 81 MB, reserved memory is 1368 MB, peak memory is 984 MB
RUN-1002 : start command "bit_to_vec -chip EAGLE_S20_BG256 -m verify_spi -freq 4 -bit ov2640_sdram_Runs/phy_1/ov2640_sdram.bit"
RUN-1002 : start command "program -cable 0 -spd 4"
RUN-1003 : finish command "program -cable 0 -spd 4" in  25.772435s wall, 0.375000s user + 0.234375s system = 0.609375s CPU (2.4%)

RUN-1004 : used memory is 207 MB, reserved memory is 1192 MB, peak memory is 984 MB
RUN-1003 : finish command "download -bit ov2640_sdram_Runs\phy_1\ov2640_sdram.bit -mode program_spi -v -spd 7 -sec 64 -cable 0 -flashsize 128" in  124.625671s wall, 8.265625s user + 2.359375s system = 10.625000s CPU (8.5%)

RUN-1004 : used memory is 207 MB, reserved memory is 1192 MB, peak memory is 984 MB
GUI-1001 : Download success!
