============================================================
   Tang Dynasty, V5.6.59063
   Copyright (c) 2012-2022 Anlogic
   Executable = C:/Anlogic/TD5.6.59063/bin/td.exe
   Built at =   12:45:13 Sep  6 2022
   Run by =     Administrator
   Run Date =   Sun Oct 30 20:50:44 2022

   Run on =     WIN-25FR57M34TT
============================================================
RUN-1001 : reset_run syn_1 phy_1.
RUN-1001 : launch_runs syn_1 phy_1  -jobs 6.
RUN-1001 : syn_1: run complete.
RUN-1001 : phy_1: run complete.
RUN-1001 : open_run phy_1.
RUN-1002 : start command "import_db C:/Users/Administrator/Desktop/16_ov2640_sdram/ov2640_sdram_Runs/phy_1/ov2640_sdram_pr.db"
RUN-1001 : Importing database generated by Tang Dynasty, V5.6.59063.
RUN-1001 : Database version number 46140.
RUN-1001 : Import flow parameters
PHY-1001 : Generate detailed routing grids ...
PHY-1001 : Generate nets ...
PHY-1001 : net clk_24m_dup_1 will be routed on clock mesh
PHY-1001 : net clk_cam will be routed on clock mesh
PHY-1001 : net vga_clk_dup_1 will be routed on clock mesh
PHY-1001 : clock net Sdram_Control_4Port/CTRL_CLK will be merged with clock u_pll/clk0_buf
PHY-1001 : net Sdram_Control_4Port/SDRAM_CLK will be routed on clock mesh
PHY-1001 : clock net u_image_select/mode[3]_syn_29 will be merged with clock u_image_select/mode[3]_syn_26
PHY-1001 : clock net u_camera_init/divider2[8]_syn_4 will be merged with clock u_camera_init/divider2[8]
PHY-1001 : clock net u_camera_init/divider2[7]_syn_2 will be merged with clock u_camera_init/divider2[7]
PHY-1001 : net u_camera_init/u_i2c_write/clk will be routed on clock mesh
PHY-5010 WARNING: Net u_image_process/out_img_imy[1] is skipped due to 0 input or output
PHY-5010 WARNING: Net u_image_process/out_img_imy[0] is skipped due to 0 input or output
PHY-5010 WARNING: Net u_image_process/post3_frame_href is skipped due to 0 input or output
PHY-5010 WARNING: Net u_image_process/post3_frame_vsync is skipped due to 0 input or output
PHY-1001 : clock net u_image_process/wrreq_syn_2 will be merged with clock u_image_process/wrreq
PHY-1001 : net u_image_process/u_Median_Gray_3/u_three_martix/csi_pclk will be routed on clock mesh
PHY-5010 WARNING: Net u_image_process/out_img_imy[1] is skipped due to 0 input or output
PHY-5010 WARNING: Net u_image_process/out_img_imy[0] is skipped due to 0 input or output
PHY-5010 WARNING: Net u_image_process/post3_frame_href is skipped due to 0 input or output
PHY-5010 WARNING: Net u_image_process/post3_frame_vsync is skipped due to 0 input or output
PHY-1001 : eco open net = 0
PHY-1001 : 50 feed throughs used by 17 nets
RUN-1001 : Import timing constraints
RUN-1001 : Import IO constraints
RUN-1001 : Import Inst constraints
RUN-1001 : Import design success TD_VERSION=5.6.59063 , DB_VERSION=46140
RUN-1003 : finish command "import_db C:/Users/Administrator/Desktop/16_ov2640_sdram/ov2640_sdram_Runs/phy_1/ov2640_sdram_pr.db" in  6.567431s wall, 6.453125s user + 0.203125s system = 6.656250s CPU (101.4%)

RUN-1004 : used memory is 576 MB, reserved memory is 547 MB, peak memory is 618 MB
RUN-1002 : start command "report_timing"
RUN-1002 : start command "start_timer"
RUN-1003 : finish command "start_timer" in  1.342196s wall, 1.359375s user + 0.031250s system = 1.390625s CPU (103.6%)

RUN-1004 : used memory is 613 MB, reserved memory is 584 MB, peak memory is 618 MB
RUN-1002 : start command "end_timer"
RUN-1003 : finish command "report_timing" in  1.657465s wall, 1.671875s user + 0.031250s system = 1.703125s CPU (102.8%)

RUN-1004 : used memory is 585 MB, reserved memory is 559 MB, peak memory is 618 MB
RUN-1002 : start command "download -bit ov2640_sdram_Runs\phy_1\ov2640_sdram.bit -mode jtag -spd 7 -sec 64 -cable 0"
PRG-2014 : Chip validation success: EAGLE_S20_BG256
RUN-1002 : start command "bit_to_vec -chip EAGLE_S20_BG256 -m jtag_burst -freq 4 -bit ov2640_sdram_Runs/phy_1/ov2640_sdram.bit"
RUN-1002 : start command "program -cable 0 -mode svf -spd 7 -p"
RUN-1003 : finish command "program -cable 0 -mode svf -spd 7 -p" in  6.376870s wall, 0.046875s user + 0.093750s system = 0.140625s CPU (2.2%)

RUN-1004 : used memory is 618 MB, reserved memory is 590 MB, peak memory is 634 MB
RUN-1003 : finish command "download -bit ov2640_sdram_Runs\phy_1\ov2640_sdram.bit -mode jtag -spd 7 -sec 64 -cable 0" in  6.680912s wall, 0.125000s user + 0.093750s system = 0.218750s CPU (3.3%)

RUN-1004 : used memory is 618 MB, reserved memory is 590 MB, peak memory is 634 MB
GUI-1001 : Download success!
HDL-1007 : analyze verilog file RTL/Hu_Invariant_moment.v
HDL-1007 : undeclared symbol 'row_flag', assumed default net type 'wire' in RTL/Hu_Invariant_moment.v(45)
HDL-5007 WARNING: redeclaration of ANSI port 'X_0' is not allowed in RTL/Hu_Invariant_moment.v(188)
HDL-5007 WARNING: redeclaration of ANSI port 'Y_0' is not allowed in RTL/Hu_Invariant_moment.v(189)
HDL-5007 WARNING: 'ok_flag_n20' is not declared in RTL/Hu_Invariant_moment.v(271)
HDL-5007 WARNING: 'ok_flag_n02' is not declared in RTL/Hu_Invariant_moment.v(273)
HDL-5007 WARNING: 'ok_flag_n11' is not declared in RTL/Hu_Invariant_moment.v(275)
HDL-8007 ERROR: cannot find port 'clkw' on this module in al_ip/ramfifo.v(43)
HDL-8007 ERROR: cannot find port 'clkr' on this module in al_ip/ramfifo.v(46)
RUN-1001 : reset_run syn_1 phy_1.
GUI-6001 WARNING: File C:/Users/Administrator/Desktop/16_ov2640_sdram/ov2640_sdram_Runs/phy_1/ov2640_sdram.bit does not exist!
RUN-1001 : launch_runs syn_1 phy_1  -jobs 6.
RUN-6001 WARNING: syn_1: run failed.
HDL-1007 : analyze verilog file RTL/Hu_Invariant_moment.v
HDL-1007 : undeclared symbol 'row_flag', assumed default net type 'wire' in RTL/Hu_Invariant_moment.v(45)
HDL-5007 WARNING: redeclaration of ANSI port 'X_0' is not allowed in RTL/Hu_Invariant_moment.v(188)
HDL-5007 WARNING: redeclaration of ANSI port 'Y_0' is not allowed in RTL/Hu_Invariant_moment.v(189)
HDL-8007 ERROR: cannot find port 'clkw' on this module in al_ip/ramfifo.v(43)
HDL-8007 ERROR: cannot find port 'clkr' on this module in al_ip/ramfifo.v(46)
RUN-1001 : reset_run syn_1 phy_1.
RUN-1001 : launch_runs syn_1 phy_1  -jobs 6.
RUN-1001 : syn_1: run complete.
RUN-1001 : phy_1: run complete.
RUN-1001 : open_run phy_1.
RUN-1002 : start command "import_db C:/Users/Administrator/Desktop/16_ov2640_sdram/ov2640_sdram_Runs/phy_1/ov2640_sdram_pr.db"
RUN-1001 : Importing database generated by Tang Dynasty, V5.6.59063.
RUN-1001 : Database version number 46140.
RUN-1001 : Import flow parameters
PHY-1001 : Generate detailed routing grids ...
PHY-1001 : Generate nets ...
PHY-1001 : net clk_24m_dup_1 will be routed on clock mesh
PHY-1001 : net clk_cam will be routed on clock mesh
PHY-1001 : net vga_clk_dup_1 will be routed on clock mesh
PHY-1001 : clock net Sdram_Control_4Port/CTRL_CLK will be merged with clock u_pll/clk0_buf
PHY-1001 : net Sdram_Control_4Port/SDRAM_CLK will be routed on clock mesh
PHY-1001 : clock net u_image_select/mode[3]_syn_29 will be merged with clock u_image_select/mode[3]_syn_26
PHY-1001 : clock net u_camera_init/divider2[8]_syn_4 will be merged with clock u_camera_init/divider2[8]
PHY-1001 : clock net u_camera_init/divider2[7]_syn_2 will be merged with clock u_camera_init/divider2[7]
PHY-1001 : net u_camera_init/u_i2c_write/clk will be routed on clock mesh
PHY-5010 WARNING: Net u_image_process/out_img_imy[1] is skipped due to 0 input or output
PHY-5010 WARNING: Net u_image_process/out_img_imy[0] is skipped due to 0 input or output
PHY-5010 WARNING: Net u_image_process/post3_frame_href is skipped due to 0 input or output
PHY-5010 WARNING: Net u_image_process/post3_frame_vsync is skipped due to 0 input or output
PHY-1001 : clock net u_image_process/wrreq_syn_2 will be merged with clock u_image_process/wrreq
PHY-1001 : net u_image_process/u_Median_Gray_3/u_three_martix/csi_pclk will be routed on clock mesh
PHY-5010 WARNING: Net u_image_process/out_img_imy[1] is skipped due to 0 input or output
PHY-5010 WARNING: Net u_image_process/out_img_imy[0] is skipped due to 0 input or output
PHY-5010 WARNING: Net u_image_process/post3_frame_href is skipped due to 0 input or output
PHY-5010 WARNING: Net u_image_process/post3_frame_vsync is skipped due to 0 input or output
PHY-1001 : eco open net = 0
PHY-1001 : 46 feed throughs used by 27 nets
RUN-1001 : Import timing constraints
RUN-1001 : Import IO constraints
RUN-1001 : Import Inst constraints
RUN-1001 : Import design success TD_VERSION=5.6.59063 , DB_VERSION=46140
RUN-1003 : finish command "import_db C:/Users/Administrator/Desktop/16_ov2640_sdram/ov2640_sdram_Runs/phy_1/ov2640_sdram_pr.db" in  3.558564s wall, 3.328125s user + 0.250000s system = 3.578125s CPU (100.5%)

RUN-1004 : used memory is 482 MB, reserved memory is 593 MB, peak memory is 634 MB
RUN-1002 : start command "report_timing"
RUN-1002 : start command "start_timer"
RUN-1003 : finish command "start_timer" in  1.342983s wall, 1.328125s user + 0.046875s system = 1.375000s CPU (102.4%)

RUN-1004 : used memory is 529 MB, reserved memory is 625 MB, peak memory is 634 MB
RUN-1002 : start command "end_timer"
RUN-1003 : finish command "report_timing" in  1.660094s wall, 1.625000s user + 0.062500s system = 1.687500s CPU (101.7%)

RUN-1004 : used memory is 529 MB, reserved memory is 624 MB, peak memory is 634 MB
RUN-1002 : start command "download -bit ov2640_sdram_Runs\phy_1\ov2640_sdram.bit -mode jtag -spd 7 -sec 64 -cable 0"
PRG-2014 : Chip validation success: EAGLE_S20_BG256
RUN-1002 : start command "bit_to_vec -chip EAGLE_S20_BG256 -m jtag_burst -freq 4 -bit ov2640_sdram_Runs/phy_1/ov2640_sdram.bit"
RUN-1002 : start command "program -cable 0 -mode svf -spd 7 -p"
RUN-1003 : finish command "program -cable 0 -mode svf -spd 7 -p" in  6.372643s wall, 0.125000s user + 0.234375s system = 0.359375s CPU (5.6%)

RUN-1004 : used memory is 565 MB, reserved memory is 629 MB, peak memory is 634 MB
RUN-1003 : finish command "download -bit ov2640_sdram_Runs\phy_1\ov2640_sdram.bit -mode jtag -spd 7 -sec 64 -cable 0" in  6.680743s wall, 0.234375s user + 0.250000s system = 0.484375s CPU (7.3%)

RUN-1004 : used memory is 565 MB, reserved memory is 629 MB, peak memory is 634 MB
GUI-1001 : Download success!
HDL-1007 : analyze verilog file RTL/Hu_Invariant_moment.v
HDL-1007 : undeclared symbol 'row_flag', assumed default net type 'wire' in RTL/Hu_Invariant_moment.v(45)
HDL-5007 WARNING: redeclaration of ANSI port 'X_0' is not allowed in RTL/Hu_Invariant_moment.v(188)
HDL-5007 WARNING: redeclaration of ANSI port 'Y_0' is not allowed in RTL/Hu_Invariant_moment.v(189)
HDL-8007 ERROR: cannot find port 'clkw' on this module in al_ip/ramfifo.v(43)
HDL-8007 ERROR: cannot find port 'clkr' on this module in al_ip/ramfifo.v(46)
RUN-1001 : reset_run syn_1 phy_1.
GUI-6001 WARNING: File C:/Users/Administrator/Desktop/16_ov2640_sdram/ov2640_sdram_Runs/phy_1/ov2640_sdram.bit does not exist!
RUN-1001 : launch_runs syn_1 phy_1  -jobs 6.
RUN-1001 : syn_1: run complete.
RUN-1001 : phy_1: run complete.
RUN-1001 : open_run phy_1.
RUN-1002 : start command "import_db C:/Users/Administrator/Desktop/16_ov2640_sdram/ov2640_sdram_Runs/phy_1/ov2640_sdram_pr.db"
RUN-1001 : Importing database generated by Tang Dynasty, V5.6.59063.
RUN-1001 : Database version number 46140.
RUN-1001 : Import flow parameters
PHY-1001 : Generate detailed routing grids ...
PHY-1001 : Generate nets ...
PHY-1001 : net clk_24m_dup_1 will be routed on clock mesh
PHY-1001 : net clk_cam will be routed on clock mesh
PHY-1001 : net vga_clk_dup_1 will be routed on clock mesh
PHY-1001 : clock net Sdram_Control_4Port/CTRL_CLK will be merged with clock u_pll/clk0_buf
PHY-1001 : net Sdram_Control_4Port/SDRAM_CLK will be routed on clock mesh
PHY-1001 : clock net u_image_select/mode[3]_syn_29 will be merged with clock u_image_select/mode[3]_syn_26
PHY-1001 : clock net u_camera_init/divider2[8]_syn_4 will be merged with clock u_camera_init/divider2[8]
PHY-1001 : clock net u_camera_init/divider2[7]_syn_2 will be merged with clock u_camera_init/divider2[7]
PHY-1001 : net u_camera_init/u_i2c_write/clk will be routed on clock mesh
PHY-5010 WARNING: Net u_image_process/out_img_imy[1] is skipped due to 0 input or output
PHY-5010 WARNING: Net u_image_process/out_img_imy[0] is skipped due to 0 input or output
PHY-5010 WARNING: Net u_image_process/post3_frame_href is skipped due to 0 input or output
PHY-5010 WARNING: Net u_image_process/post3_frame_vsync is skipped due to 0 input or output
PHY-1001 : clock net u_image_process/wrreq_syn_2 will be merged with clock u_image_process/wrreq
PHY-1001 : net u_image_process/u_Median_Gray_3/u_three_martix/csi_pclk will be routed on clock mesh
PHY-5010 WARNING: Net u_image_process/out_img_imy[1] is skipped due to 0 input or output
PHY-5010 WARNING: Net u_image_process/out_img_imy[0] is skipped due to 0 input or output
PHY-5010 WARNING: Net u_image_process/post3_frame_href is skipped due to 0 input or output
PHY-5010 WARNING: Net u_image_process/post3_frame_vsync is skipped due to 0 input or output
PHY-1001 : eco open net = 0
PHY-1001 : 59 feed throughs used by 47 nets
RUN-1001 : Import timing constraints
RUN-1001 : Import IO constraints
RUN-1001 : Import Inst constraints
RUN-1001 : Import design success TD_VERSION=5.6.59063 , DB_VERSION=46140
RUN-1003 : finish command "import_db C:/Users/Administrator/Desktop/16_ov2640_sdram/ov2640_sdram_Runs/phy_1/ov2640_sdram_pr.db" in  3.008203s wall, 2.968750s user + 0.078125s system = 3.046875s CPU (101.3%)

RUN-1004 : used memory is 571 MB, reserved memory is 630 MB, peak memory is 634 MB
RUN-1002 : start command "report_timing"
RUN-1002 : start command "start_timer"
RUN-1003 : finish command "start_timer" in  1.261879s wall, 1.281250s user + 0.000000s system = 1.281250s CPU (101.5%)

RUN-1004 : used memory is 572 MB, reserved memory is 631 MB, peak memory is 634 MB
RUN-1002 : start command "end_timer"
RUN-1003 : finish command "report_timing" in  1.539584s wall, 1.562500s user + 0.000000s system = 1.562500s CPU (101.5%)

RUN-1004 : used memory is 572 MB, reserved memory is 631 MB, peak memory is 634 MB
RUN-1002 : start command "download -bit ov2640_sdram_Runs\phy_1\ov2640_sdram.bit -mode jtag -spd 7 -sec 64 -cable 0"
PRG-2014 : Chip validation success: EAGLE_S20_BG256
RUN-1002 : start command "bit_to_vec -chip EAGLE_S20_BG256 -m jtag_burst -freq 4 -bit ov2640_sdram_Runs/phy_1/ov2640_sdram.bit"
RUN-1002 : start command "program -cable 0 -mode svf -spd 7 -p"
RUN-1003 : finish command "program -cable 0 -mode svf -spd 7 -p" in  6.369796s wall, 0.140625s user + 0.140625s system = 0.281250s CPU (4.4%)

RUN-1004 : used memory is 573 MB, reserved memory is 631 MB, peak memory is 634 MB
RUN-1003 : finish command "download -bit ov2640_sdram_Runs\phy_1\ov2640_sdram.bit -mode jtag -spd 7 -sec 64 -cable 0" in  6.678204s wall, 0.218750s user + 0.171875s system = 0.390625s CPU (5.8%)

RUN-1004 : used memory is 573 MB, reserved memory is 631 MB, peak memory is 634 MB
GUI-1001 : Download success!
HDL-1007 : analyze verilog file RTL/Hu_Invariant_moment.v
HDL-1007 : undeclared symbol 'row_flag', assumed default net type 'wire' in RTL/Hu_Invariant_moment.v(45)
HDL-5007 WARNING: redeclaration of ANSI port 'X_0' is not allowed in RTL/Hu_Invariant_moment.v(147)
HDL-5007 WARNING: redeclaration of ANSI port 'Y_0' is not allowed in RTL/Hu_Invariant_moment.v(148)
HDL-8007 ERROR: cannot find port 'clkw' on this module in al_ip/ramfifo.v(43)
HDL-8007 ERROR: cannot find port 'clkr' on this module in al_ip/ramfifo.v(46)
RUN-1001 : reset_run syn_1 phy_1.
GUI-6001 WARNING: File C:/Users/Administrator/Desktop/16_ov2640_sdram/ov2640_sdram_Runs/phy_1/ov2640_sdram.bit does not exist!
RUN-1001 : launch_runs syn_1 phy_1  -jobs 6.
RUN-1001 : syn_1: run complete.
RUN-1001 : phy_1: run complete.
RUN-1001 : open_run phy_1.
RUN-1002 : start command "import_db C:/Users/Administrator/Desktop/16_ov2640_sdram/ov2640_sdram_Runs/phy_1/ov2640_sdram_pr.db"
RUN-1001 : Importing database generated by Tang Dynasty, V5.6.59063.
RUN-1001 : Database version number 46140.
RUN-1001 : Import flow parameters
PHY-1001 : Generate detailed routing grids ...
PHY-1001 : Generate nets ...
PHY-1001 : net clk_24m_dup_1 will be routed on clock mesh
PHY-1001 : net clk_cam will be routed on clock mesh
PHY-1001 : net vga_clk_dup_1 will be routed on clock mesh
PHY-1001 : clock net Sdram_Control_4Port/CTRL_CLK will be merged with clock u_pll/clk0_buf
PHY-1001 : net Sdram_Control_4Port/SDRAM_CLK will be routed on clock mesh
PHY-1001 : clock net u_image_select/mode[3]_syn_29 will be merged with clock u_image_select/mode[3]_syn_26
PHY-1001 : clock net u_camera_init/divider2[8]_syn_4 will be merged with clock u_camera_init/divider2[8]
PHY-1001 : clock net u_camera_init/divider2[7]_syn_2 will be merged with clock u_camera_init/divider2[7]
PHY-1001 : net u_camera_init/u_i2c_write/clk will be routed on clock mesh
PHY-5010 WARNING: Net u_image_process/out_img_imy[1] is skipped due to 0 input or output
PHY-5010 WARNING: Net u_image_process/out_img_imy[0] is skipped due to 0 input or output
PHY-5010 WARNING: Net u_image_process/post3_frame_href is skipped due to 0 input or output
PHY-5010 WARNING: Net u_image_process/post3_frame_vsync is skipped due to 0 input or output
PHY-1001 : clock net u_image_process/wrreq_syn_2 will be merged with clock u_image_process/wrreq
PHY-1001 : net u_image_process/u_Median_Gray_3/u_three_martix/csi_pclk will be routed on clock mesh
PHY-5010 WARNING: Net u_image_process/out_img_imy[1] is skipped due to 0 input or output
PHY-5010 WARNING: Net u_image_process/out_img_imy[0] is skipped due to 0 input or output
PHY-5010 WARNING: Net u_image_process/post3_frame_href is skipped due to 0 input or output
PHY-5010 WARNING: Net u_image_process/post3_frame_vsync is skipped due to 0 input or output
PHY-1001 : eco open net = 0
PHY-1001 : 43 feed throughs used by 38 nets
RUN-1001 : Import timing constraints
RUN-1001 : Import IO constraints
RUN-1001 : Import Inst constraints
RUN-1001 : Import design success TD_VERSION=5.6.59063 , DB_VERSION=46140
RUN-1003 : finish command "import_db C:/Users/Administrator/Desktop/16_ov2640_sdram/ov2640_sdram_Runs/phy_1/ov2640_sdram_pr.db" in  3.474066s wall, 3.156250s user + 0.359375s system = 3.515625s CPU (101.2%)

RUN-1004 : used memory is 549 MB, reserved memory is 647 MB, peak memory is 634 MB
RUN-1002 : start command "report_timing"
RUN-1002 : start command "start_timer"
RUN-1003 : finish command "start_timer" in  1.321702s wall, 1.328125s user + 0.015625s system = 1.343750s CPU (101.7%)

RUN-1004 : used memory is 565 MB, reserved memory is 648 MB, peak memory is 634 MB
RUN-1002 : start command "end_timer"
RUN-1003 : finish command "report_timing" in  1.627987s wall, 1.640625s user + 0.015625s system = 1.656250s CPU (101.7%)

RUN-1004 : used memory is 566 MB, reserved memory is 649 MB, peak memory is 634 MB
RUN-1002 : start command "download -bit ov2640_sdram_Runs\phy_1\ov2640_sdram.bit -mode jtag -spd 7 -sec 64 -cable 0"
PRG-2014 : Chip validation success: EAGLE_S20_BG256
RUN-1002 : start command "bit_to_vec -chip EAGLE_S20_BG256 -m jtag_burst -freq 4 -bit ov2640_sdram_Runs/phy_1/ov2640_sdram.bit"
RUN-1002 : start command "program -cable 0 -mode svf -spd 7 -p"
RUN-1003 : finish command "program -cable 0 -mode svf -spd 7 -p" in  6.353030s wall, 0.046875s user + 0.187500s system = 0.234375s CPU (3.7%)

RUN-1004 : used memory is 590 MB, reserved memory is 650 MB, peak memory is 634 MB
RUN-1003 : finish command "download -bit ov2640_sdram_Runs\phy_1\ov2640_sdram.bit -mode jtag -spd 7 -sec 64 -cable 0" in  6.667421s wall, 0.125000s user + 0.218750s system = 0.343750s CPU (5.2%)

RUN-1004 : used memory is 590 MB, reserved memory is 650 MB, peak memory is 634 MB
GUI-1001 : Download success!
HDL-1007 : analyze verilog file RTL/Hu_Invariant_moment.v
HDL-1007 : undeclared symbol 'row_flag', assumed default net type 'wire' in RTL/Hu_Invariant_moment.v(45)
HDL-5007 WARNING: redeclaration of ANSI port 'X_0' is not allowed in RTL/Hu_Invariant_moment.v(147)
HDL-5007 WARNING: redeclaration of ANSI port 'Y_0' is not allowed in RTL/Hu_Invariant_moment.v(148)
HDL-8007 ERROR: */ is outside a comment in RTL/Hu_Invariant_moment.v(303)
HDL-8007 ERROR: ignore module module due to previous errors in RTL/Hu_Invariant_moment.v(1)
HDL-1007 : Verilog file 'RTL/Hu_Invariant_moment.v' ignored due to errors
HDL-8007 ERROR: cannot find port 'clkw' on this module in al_ip/ramfifo.v(43)
HDL-8007 ERROR: cannot find port 'clkr' on this module in al_ip/ramfifo.v(46)
RUN-1001 : reset_run syn_1 phy_1.
GUI-6001 WARNING: File C:/Users/Administrator/Desktop/16_ov2640_sdram/ov2640_sdram_Runs/phy_1/ov2640_sdram.bit does not exist!
RUN-1001 : launch_runs syn_1 phy_1  -jobs 6.
RUN-6001 WARNING: syn_1: run failed.
HDL-1007 : analyze verilog file RTL/Hu_Invariant_moment.v
HDL-1007 : undeclared symbol 'row_flag', assumed default net type 'wire' in RTL/Hu_Invariant_moment.v(45)
HDL-5007 WARNING: redeclaration of ANSI port 'X_0' is not allowed in RTL/Hu_Invariant_moment.v(147)
HDL-5007 WARNING: redeclaration of ANSI port 'Y_0' is not allowed in RTL/Hu_Invariant_moment.v(148)
HDL-8007 ERROR: cannot find port 'clkw' on this module in al_ip/ramfifo.v(43)
HDL-8007 ERROR: cannot find port 'clkr' on this module in al_ip/ramfifo.v(46)
RUN-1001 : reset_run syn_1 phy_1.
RUN-1001 : launch_runs syn_1 phy_1  -jobs 6.
RUN-6001 WARNING: syn_1: run failed.
