============================================================
   Tang Dynasty, V5.6.59063
   Copyright (c) 2012-2022 Anlogic
   Executable = C:/Anlogic/TD5.6.59063/bin/td.exe
   Built at =   12:45:13 Sep  6 2022
   Run by =     Administrator
   Run Date =   Thu Oct 27 12:24:55 2022

   Run on =     WIN-25FR57M34TT
============================================================
RUN-1001 : reset_run phy_1.
RUN-8001 ERROR: Can't launch run syn_1 to step read_design now.
HDL-1007 : analyze verilog file RTL/image_process.v
HDL-8007 ERROR: cannot find port 'clkw' on this module in al_ip/ramfifo.v(43)
HDL-8007 ERROR: cannot find port 'clkr' on this module in al_ip/ramfifo.v(46)
RUN-1001 : reset_run syn_1.
RUN-1001 : reset_run phy_1.
RUN-1001 : launch_runs syn_1 -step read_design.
RUN-1001 : reset_run phy_1.
RUN-1001 : syn_1: run complete.
RUN-1001 : open_run syn_1.
RUN-1002 : start command "import_db C:/Users/Administrator/Desktop/16_ov2640_sdram/ov2640_sdram_Runs/syn_1/ov2640_sdram_elaborate.db"
RUN-1001 : Importing database generated by Tang Dynasty, V5.6.59063.
RUN-1001 : Database version number 46140.
RUN-1001 : Import flow parameters
RUN-1001 : Import IO constraints
RUN-1001 : Import Inst constraints
RUN-1001 : Import design success TD_VERSION=5.6.59063 , DB_VERSION=46140
RUN-1002 : start command "report_timing"
RUN-1002 : start command "start_timer"
RUN-1002 : start command "end_timer"
HDL-1007 : analyze verilog file RTL/test_camera.v
HDL-8007 ERROR: syntax error near '.' in RTL/test_camera.v(156)
HDL-8007 ERROR: ignore module module due to previous errors in RTL/test_camera.v(14)
HDL-1007 : Verilog file 'RTL/test_camera.v' ignored due to errors
HDL-8007 ERROR: cannot find port 'clkw' on this module in al_ip/ramfifo.v(43)
HDL-8007 ERROR: cannot find port 'clkr' on this module in al_ip/ramfifo.v(46)
HDL-1007 : analyze verilog file RTL/test_camera.v
HDL-8007 ERROR: syntax error near '.' in RTL/test_camera.v(156)
HDL-8007 ERROR: ignore module module due to previous errors in RTL/test_camera.v(14)
HDL-1007 : Verilog file 'RTL/test_camera.v' ignored due to errors
HDL-8007 ERROR: cannot find port 'clkw' on this module in al_ip/ramfifo.v(43)
HDL-8007 ERROR: cannot find port 'clkr' on this module in al_ip/ramfifo.v(46)
HDL-1007 : analyze verilog file RTL/test_camera.v
HDL-8007 ERROR: syntax error near '.' in RTL/test_camera.v(156)
HDL-8007 ERROR: ignore module module due to previous errors in RTL/test_camera.v(14)
HDL-1007 : Verilog file 'RTL/test_camera.v' ignored due to errors
HDL-8007 ERROR: cannot find port 'clkw' on this module in al_ip/ramfifo.v(43)
HDL-8007 ERROR: cannot find port 'clkr' on this module in al_ip/ramfifo.v(46)
HDL-1007 : analyze verilog file RTL/test_camera.v
HDL-8007 ERROR: cannot find port 'clkw' on this module in al_ip/ramfifo.v(43)
HDL-8007 ERROR: cannot find port 'clkr' on this module in al_ip/ramfifo.v(46)
HDL-1007 : analyze verilog file RTL/image_select.v
HDL-8007 ERROR: cannot find port 'clkw' on this module in al_ip/ramfifo.v(43)
HDL-8007 ERROR: cannot find port 'clkr' on this module in al_ip/ramfifo.v(46)
HDL-1007 : analyze verilog file RTL/image_select.v
HDL-8007 ERROR: cannot find port 'clkw' on this module in al_ip/ramfifo.v(43)
HDL-8007 ERROR: cannot find port 'clkr' on this module in al_ip/ramfifo.v(46)
HDL-1007 : analyze verilog file RTL/image_select.v
HDL-8007 ERROR: cannot find port 'clkw' on this module in al_ip/ramfifo.v(43)
HDL-8007 ERROR: cannot find port 'clkr' on this module in al_ip/ramfifo.v(46)
HDL-1007 : analyze verilog file RTL/image_select.v
HDL-8007 ERROR: cannot find port 'clkw' on this module in al_ip/ramfifo.v(43)
HDL-8007 ERROR: cannot find port 'clkr' on this module in al_ip/ramfifo.v(46)
HDL-1007 : analyze verilog file RTL/image_select.v
HDL-8007 ERROR: syntax error near 'orSobel_clk' in RTL/image_select.v(25)
HDL-5007 WARNING: empty statement in always construct in RTL/image_select.v(25)
HDL-7007 CRITICAL-WARNING: potential always loop found in RTL/image_select.v(25)
HDL-8007 ERROR: 'orSobel_clk' is an unknown type in RTL/image_select.v(25)
HDL-8007 ERROR: 'show_clk' is not a type in RTL/image_select.v(29)
HDL-8007 ERROR: 'show_data' is not a type in RTL/image_select.v(32)
HDL-8007 ERROR: 'show_clk' is not a type in RTL/image_select.v(33)
HDL-8007 ERROR: 'show_data' is not a type in RTL/image_select.v(36)
HDL-8007 ERROR: 'show_clk' is not a type in RTL/image_select.v(37)
HDL-8007 ERROR: 'show_data' is not a type in RTL/image_select.v(40)
HDL-8007 ERROR: 'show_clk' is not a type in RTL/image_select.v(41)
HDL-8007 ERROR: ignore module module due to previous errors in RTL/image_select.v(1)
HDL-1007 : Verilog file 'RTL/image_select.v' ignored due to errors
HDL-8007 ERROR: cannot find port 'clkw' on this module in al_ip/ramfifo.v(43)
HDL-8007 ERROR: cannot find port 'clkr' on this module in al_ip/ramfifo.v(46)
HDL-1007 : analyze verilog file RTL/image_select.v
HDL-8007 ERROR: cannot find port 'clkw' on this module in al_ip/ramfifo.v(43)
HDL-8007 ERROR: cannot find port 'clkr' on this module in al_ip/ramfifo.v(46)
RUN-1001 : reset_run syn_1.
RUN-1001 : reset_run phy_1.
RUN-1001 : launch_runs syn_1 -step read_design.
RUN-1001 : reset_run phy_1.
RUN-6001 WARNING: syn_1: run failed.
HDL-1007 : analyze verilog file RTL/image_process.v
HDL-8007 ERROR: cannot find port 'clkw' on this module in al_ip/ramfifo.v(43)
HDL-8007 ERROR: cannot find port 'clkr' on this module in al_ip/ramfifo.v(46)
RUN-1001 : reset_run syn_1.
RUN-1001 : reset_run phy_1.
RUN-1001 : launch_runs syn_1 -step read_design.
RUN-1001 : reset_run phy_1.
RUN-6001 WARNING: syn_1: run failed.
