============================================================
   Tang Dynasty, V5.6.59063
   Copyright (c) 2012-2022 Anlogic
   Executable = C:/Anlogic/TD5.6.59063/bin/td.exe
   Built at =   12:45:13 Sep  6 2022
   Run by =     Administrator
   Run Date =   Wed Oct 26 18:56:37 2022

   Run on =     WIN-25FR57M34TT
============================================================
RUN-1002 : start command "open_project ov2640_sdram.prj"
RUN-1001 : Print Global Property
RUN-1001 : ---------------------------------------------------------------
RUN-1001 :        Parameters        |  Settings  |  Default Values  |  Note  
RUN-1001 : ---------------------------------------------------------------
RUN-1001 :          message         |  standard  |     standard     |        
RUN-1001 :   mixed_pack_place_flow  |     on     |        on        |        
RUN-1001 :        qor_monitor       |    off     |       off        |        
RUN-1001 :        syn_ip_flow       |    off     |       off        |        
RUN-1001 :          thread          |    auto    |       auto       |        
RUN-1001 : ---------------------------------------------------------------
RUN-1001 : Print Design Property
RUN-1001 : --------------------------------------------------------------
RUN-1001 :        Parameters       |  Settings  |  Default Values  |  Note  
RUN-1001 : --------------------------------------------------------------
RUN-1001 :   default_reg_initial   |    auto    |       auto       |        
RUN-1001 :        infer_add        |     on     |        on        |        
RUN-1001 :        infer_fsm        |    off     |       off        |        
RUN-1001 :        infer_mult       |     on     |        on        |        
RUN-1001 :        infer_ram        |     on     |        on        |        
RUN-1001 :        infer_reg        |     on     |        on        |        
RUN-1001 :   infer_reg_init_value  |     on     |        on        |        
RUN-1001 :        infer_rom        |     on     |        on        |        
RUN-1001 :      infer_shifter      |     on     |        on        |        
RUN-1001 : --------------------------------------------------------------
RUN-1001 : Print Rtl Property
RUN-1001 : --------------------------------------------------------------
RUN-1001 :        Parameters       |  Settings  |  Default Values  |  Note  
RUN-1001 : --------------------------------------------------------------
RUN-1001 :       compress_add      |   ripple   |      ripple      |        
RUN-1001 :        elf_sload        |    off     |       off        |        
RUN-1001 :       fix_undriven      |     0      |        0         |        
RUN-1001 :         flatten         |    off     |       off        |        
RUN-1001 :       gate_sharing      |     on     |        on        |        
RUN-1001 :    hdl_warning_level    |   normal   |      normal      |        
RUN-1001 :   impl_internal_tribuf  |     on     |        on        |        
RUN-1001 :      impl_set_reset     |     on     |        on        |        
RUN-1001 :        infer_gsr        |    off     |       off        |        
RUN-1001 :      keep_hierarchy     |    auto    |       auto       |        
RUN-1001 :        max_fanout       |    9999    |       9999       |        
RUN-1001 :      max_oh2bin_len     |     10     |        10        |        
RUN-1001 :       merge_equal       |     on     |        on        |        
RUN-1001 :       merge_equiv       |     on     |        on        |        
RUN-1001 :        merge_mux        |    off     |       off        |        
RUN-1001 :     min_control_set     |     8      |        8         |        
RUN-1001 :      min_ripple_len     |    auto    |       auto       |        
RUN-1001 :       oh2bin_ratio      |    0.08    |       0.08       |        
RUN-1001 :     opt_adder_fanout    |     on     |        on        |        
RUN-1001 :        opt_arith        |     on     |        on        |        
RUN-1001 :       opt_big_gate      |    off     |       off        |        
RUN-1001 :        opt_const        |     on     |        on        |        
RUN-1001 :      opt_const_mult     |     on     |        on        |        
RUN-1001 :       opt_lessthan      |     on     |        on        |        
RUN-1001 :         opt_mux         |    off     |       off        |        
RUN-1001 :         opt_ram         |    high    |       high       |        
RUN-1001 :      rtl_sim_model      |    off     |       off        |        
RUN-1001 :         seq_syn         |     on     |        on        |        
RUN-1001 : --------------------------------------------------------------
HDL-1007 : analyze verilog file ../../al_ip/ip_pll.v
HDL-1007 : undeclared symbol 'open', assumed default net type 'wire' in ../../al_ip/ip_pll.v(93)
HDL-1007 : analyze verilog file ../../al_ip/softfifo.v
HDL-1007 : analyze verilog file ../../RTL/camera_init.v
HDL-1007 : undeclared symbol 'clk_div', assumed default net type 'wire' in ../../RTL/camera_init.v(74)
HDL-1007 : analyze verilog file ../../RTL/camera_reader.v
HDL-1007 : analyze verilog file ../../RTL/i2c_module.v
HDL-1007 : analyze verilog file ../../RTL/Sdram_Control_4Port/command.v
HDL-1007 : analyze included file ../../RTL/Sdram_Control_4Port/Sdram_Params.h in ../../RTL/Sdram_Control_4Port/command.v(27)
HDL-1007 : back to file '../../RTL/Sdram_Control_4Port/command.v' in ../../RTL/Sdram_Control_4Port/command.v(27)
HDL-1007 : analyze verilog file ../../RTL/Sdram_Control_4Port/control_interface.v
HDL-1007 : analyze included file ../../RTL/Sdram_Control_4Port/Sdram_Params.h in ../../RTL/Sdram_Control_4Port/control_interface.v(21)
HDL-1007 : back to file '../../RTL/Sdram_Control_4Port/control_interface.v' in ../../RTL/Sdram_Control_4Port/control_interface.v(21)
HDL-1007 : analyze verilog file ../../RTL/Sdram_Control_4Port/sdr_data_path.v
HDL-1007 : analyze included file ../../RTL/Sdram_Control_4Port/Sdram_Params.h in ../../RTL/Sdram_Control_4Port/sdr_data_path.v(10)
HDL-1007 : back to file '../../RTL/Sdram_Control_4Port/sdr_data_path.v' in ../../RTL/Sdram_Control_4Port/sdr_data_path.v(10)
HDL-1007 : analyze verilog file ../../RTL/Sdram_Control_4Port/Sdram_Control_4Port.v
HDL-1007 : analyze included file ../../RTL/Sdram_Control_4Port/Sdram_Params.h in ../../RTL/Sdram_Control_4Port/Sdram_Control_4Port.v(49)
HDL-1007 : back to file '../../RTL/Sdram_Control_4Port/Sdram_Control_4Port.v' in ../../RTL/Sdram_Control_4Port/Sdram_Control_4Port.v(49)
HDL-1007 : analyze verilog file ../../RTL/Sdram_Control_4Port/Sdram_RD_FIFO.v
HDL-5007 WARNING: 'clk' is not declared in ../../RTL/Sdram_Control_4Port/Sdram_RD_FIFO.v(44)
HDL-1007 : analyze verilog file ../../RTL/Sdram_Control_4Port/Sdram_WR_FIFO.v
HDL-1007 : analyze verilog file ../../al_ip/sdram.v
HDL-1007 : analyze verilog file ../../RTL/Driver.v
HDL-1007 : analyze verilog file ../../RTL/RGBYCbCr.v
HDL-1007 : analyze verilog file ../../RTL/image_process.v
HDL-5007 WARNING: identifier 'post_frame_clken' is used before its declaration in ../../RTL/image_process.v(42)
HDL-5007 WARNING: identifier 'post_img_Y' is used before its declaration in ../../RTL/image_process.v(43)
HDL-5007 WARNING: identifier 'post_frame_clken' is used before its declaration in ../../RTL/image_process.v(46)
HDL-5007 WARNING: identifier 'post_img_Y' is used before its declaration in ../../RTL/image_process.v(47)
HDL-1007 : analyze verilog file ../../RTL/test_camera.v
HDL-1007 : undeclared symbol 'Median_gray_clk', assumed default net type 'wire' in ../../RTL/test_camera.v(123)
HDL-1007 : analyze verilog file ../../RTL/Mode_Switch.v
HDL-1007 : analyze verilog file ../../RTL/image_select.v
HDL-1007 : analyze verilog file ../../RTL/Median_Gray.v
HDL-5007 WARNING: identifier 'mid_value' is used before its declaration in ../../RTL/Median_Gray.v(19)
HDL-1007 : analyze verilog file ../../RTL/three_martix.v
HDL-5007 WARNING: empty statement in sequential block in ../../RTL/three_martix.v(225)
HDL-5007 WARNING: empty statement in sequential block in ../../RTL/three_martix.v(224)
HDL-1007 : analyze verilog file ../../RTL/Median_Filter_3X3.v
HDL-1007 : analyze verilog file ../../RTL/Sort3.v
HDL-5007 WARNING: 'clk' is not declared in ../../RTL/Sdram_Control_4Port/Sdram_RD_FIFO.v(44)
RUN-1001 : Project manager successfully analyzed 22 source files.
RUN-1002 : start command "import_device eagle_s20.db -package EG4S20BG256"
ARC-1001 : Device Initialization.
ARC-1001 : ------------------------------------------------------------------
ARC-1001 :            OPTION            |          IO          |   SETTING   
ARC-1001 : ------------------------------------------------------------------
ARC-1001 :   cso_b/cclk/mosi/miso/dout  |  T3/R11/T10/P10/S11  |    gpio    
ARC-1001 :             done             |         P13          |    gpio    
ARC-1001 :           program_b          |          T2          |  dedicate  
ARC-1001 :        tdi/tms/tck/tdo       |   C12/A15/C14/E14    |  dedicate  
ARC-1001 : ------------------------------------------------------------------
ARC-1004 : Device setting, marked 5 dedicate IOs in total.
RUN-1002 : start command "elaborate -top test_camera"
RUN-1001 : Print Design Property
RUN-1001 : --------------------------------------------------------------
RUN-1001 :        Parameters       |  Settings  |  Default Values  |  Note  
RUN-1001 : --------------------------------------------------------------
RUN-1001 :   default_reg_initial   |    auto    |       auto       |        
RUN-1001 :        infer_add        |     on     |        on        |        
RUN-1001 :        infer_fsm        |    off     |       off        |        
RUN-1001 :        infer_mult       |     on     |        on        |        
RUN-1001 :        infer_ram        |     on     |        on        |        
RUN-1001 :        infer_reg        |     on     |        on        |        
RUN-1001 :   infer_reg_init_value  |     on     |        on        |        
RUN-1001 :        infer_rom        |     on     |        on        |        
RUN-1001 :      infer_shifter      |     on     |        on        |        
RUN-1001 : --------------------------------------------------------------
RUN-1001 : Print Rtl Property
RUN-1001 : --------------------------------------------------------------
RUN-1001 :        Parameters       |  Settings  |  Default Values  |  Note  
RUN-1001 : --------------------------------------------------------------
RUN-1001 :       compress_add      |   ripple   |      ripple      |        
RUN-1001 :        elf_sload        |    off     |       off        |        
RUN-1001 :       fix_undriven      |     0      |        0         |        
RUN-1001 :         flatten         |    off     |       off        |        
RUN-1001 :       gate_sharing      |     on     |        on        |        
RUN-1001 :    hdl_warning_level    |   normal   |      normal      |        
RUN-1001 :   impl_internal_tribuf  |     on     |        on        |        
RUN-1001 :      impl_set_reset     |     on     |        on        |        
RUN-1001 :        infer_gsr        |    off     |       off        |        
RUN-1001 :      keep_hierarchy     |    auto    |       auto       |        
RUN-1001 :        max_fanout       |    9999    |       9999       |        
RUN-1001 :      max_oh2bin_len     |     10     |        10        |        
RUN-1001 :       merge_equal       |     on     |        on        |        
RUN-1001 :       merge_equiv       |     on     |        on        |        
RUN-1001 :        merge_mux        |    off     |       off        |        
RUN-1001 :     min_control_set     |     8      |        8         |        
RUN-1001 :      min_ripple_len     |    auto    |       auto       |        
RUN-1001 :       oh2bin_ratio      |    0.08    |       0.08       |        
RUN-1001 :     opt_adder_fanout    |     on     |        on        |        
RUN-1001 :        opt_arith        |     on     |        on        |        
RUN-1001 :       opt_big_gate      |    off     |       off        |        
RUN-1001 :        opt_const        |     on     |        on        |        
RUN-1001 :      opt_const_mult     |     on     |        on        |        
RUN-1001 :       opt_lessthan      |     on     |        on        |        
RUN-1001 :         opt_mux         |    off     |       off        |        
RUN-1001 :         opt_ram         |    high    |       high       |        
RUN-1001 :      rtl_sim_model      |    off     |       off        |        
RUN-1001 :         seq_syn         |     on     |        on        |        
RUN-1001 : --------------------------------------------------------------
RUN-1001 : Print Global Property
RUN-1001 : ---------------------------------------------------------------
RUN-1001 :        Parameters        |  Settings  |  Default Values  |  Note  
RUN-1001 : ---------------------------------------------------------------
RUN-1001 :          message         |  standard  |     standard     |        
RUN-1001 :   mixed_pack_place_flow  |     on     |        on        |        
RUN-1001 :        qor_monitor       |    off     |       off        |        
RUN-1001 :        syn_ip_flow       |    off     |       off        |        
RUN-1001 :          thread          |    auto    |       auto       |        
RUN-1001 : ---------------------------------------------------------------
RUN-1001 : Print Design Property
RUN-1001 : --------------------------------------------------------------
RUN-1001 :        Parameters       |  Settings  |  Default Values  |  Note  
RUN-1001 : --------------------------------------------------------------
RUN-1001 :   default_reg_initial   |    auto    |       auto       |        
RUN-1001 :        infer_add        |     on     |        on        |        
RUN-1001 :        infer_fsm        |    off     |       off        |        
RUN-1001 :        infer_mult       |     on     |        on        |        
RUN-1001 :        infer_ram        |     on     |        on        |        
RUN-1001 :        infer_reg        |     on     |        on        |        
RUN-1001 :   infer_reg_init_value  |     on     |        on        |        
RUN-1001 :        infer_rom        |     on     |        on        |        
RUN-1001 :      infer_shifter      |     on     |        on        |        
RUN-1001 : --------------------------------------------------------------
HDL-1007 : elaborate module test_camera in ../../RTL/test_camera.v(14)
HDL-1007 : elaborate module image_process in ../../RTL/image_process.v(1)
HDL-1007 : elaborate module RGBYCbCr in ../../RTL/RGBYCbCr.v(1)
HDL-1007 : elaborate module Median_Gray in ../../RTL/Median_Gray.v(1)
HDL-1007 : elaborate module three_martix in ../../RTL/three_martix.v(1)
HDL-5007 WARNING: net 'data_out1[7]' does not have a driver in ../../RTL/three_martix.v(62)
HDL-5007 WARNING: net 'data_out2[7]' does not have a driver in ../../RTL/three_martix.v(63)
HDL-1007 : elaborate module Median_Filter_3X3 in ../../RTL/Median_Filter_3X3.v(1)
HDL-1007 : elaborate module Sort3 in ../../RTL/Sort3.v(1)
HDL-5007 WARNING: net 'frame_vsync' does not have a driver in ../../RTL/image_process.v(23)
HDL-5007 WARNING: net 'frame_hsync' does not have a driver in ../../RTL/image_process.v(24)
HDL-1007 : elaborate module Mode_Switch in ../../RTL/Mode_Switch.v(1)
HDL-1007 : elaborate module image_select in ../../RTL/image_select.v(1)
HDL-7007 CRITICAL-WARNING: 'mode' should be on the sensitivity list in ../../RTL/image_select.v(23)
HDL-7007 CRITICAL-WARNING: 'original_image' should be on the sensitivity list in ../../RTL/image_select.v(25)
HDL-7007 CRITICAL-WARNING: 'Gray_rgb565_img' should be on the sensitivity list in ../../RTL/image_select.v(29)
HDL-7007 CRITICAL-WARNING: 'Median_img_gray_565' should be on the sensitivity list in ../../RTL/image_select.v(33)
HDL-5007 WARNING: latch inferred for net 'show_data[15]' in ../../RTL/image_select.v(22)
HDL-1007 : elaborate module ip_pll in ../../al_ip/ip_pll.v(26)
HDL-1007 : elaborate module EG_LOGIC_BUFG in C:/Anlogic/TD5.6.59063/arch/eagle_macro.v(8)
HDL-1007 : elaborate module EG_PHY_PLL(FIN="24.000",FBCLK_DIV=4,CLKC0_DIV=5,CLKC1_DIV=5,CLKC2_DIV=12,CLKC3_DIV=20,CLKC4_DIV=120,CLKC0_ENABLE="ENABLE",CLKC1_ENABLE="ENABLE",CLKC2_ENABLE="ENABLE",CLKC3_ENABLE="ENABLE",CLKC4_ENABLE="ENABLE",FEEDBK_PATH="CLKC0_EXT",STDBY_ENABLE="DISABLE",CLKC1_FPHASE=2,CLKC0_CPHASE=4,CLKC1_CPHASE=5,CLKC2_CPHASE=11,CLKC3_CPHASE=19,CLKC4_CPHASE=119,GMC_GAIN=2,ICP_CURRENT=9,KVCO=2,LPF_CAPACITOR=1,LPF_RESISTOR=8,SYNC_ENABLE="DISABLE") in C:/Anlogic/TD5.6.59063/arch/eagle_macro.v(929)
HDL-1007 : elaborate module camera_init in ../../RTL/camera_init.v(14)
HDL-1007 : elaborate module i2c_module in ../../RTL/i2c_module.v(2)
HDL-1007 : elaborate module Driver in ../../RTL/Driver.v(11)
HDL-1007 : elaborate module camera_reader in ../../RTL/camera_reader.v(14)
HDL-5007 WARNING: port 'INIT_ACK' is not connected on this instance in ../../RTL/Sdram_Control_4Port/Sdram_Control_4Port.v(163)
HDL-1007 : elaborate module Sdram_Control_4Port in ../../RTL/Sdram_Control_4Port/Sdram_Control_4Port.v(1)
HDL-1007 : elaborate module control_interface in ../../RTL/Sdram_Control_4Port/control_interface.v(1)
HDL-5007 WARNING: actual bit length 2 differs from formal bit length 3 for port 'CMD' in ../../RTL/Sdram_Control_4Port/Sdram_Control_4Port.v(166)
HDL-1007 : elaborate module command in ../../RTL/Sdram_Control_4Port/command.v(1)
HDL-1007 : elaborate module sdr_data_path in ../../RTL/Sdram_Control_4Port/sdr_data_path.v(1)
HDL-5007 WARNING: port 'valid' remains unconnected for this instance in ../../RTL/Sdram_Control_4Port/Sdram_WR_FIFO.v(86)
HDL-1007 : elaborate module Sdram_WR_FIFO in ../../RTL/Sdram_Control_4Port/Sdram_WR_FIFO.v(39)
HDL-5007 WARNING: port 'doa' remains unconnected for this instance in ../../al_ip/softfifo.v(260)
HDL-1007 : elaborate module softfifo in ../../al_ip/softfifo.v(25)
HDL-1007 : elaborate module fifo_cross_domain_addr_process_al_softfifo(ADDR_WIDTH=10) in ../../al_ip/softfifo.v(289)
HDL-1007 : elaborate module ram_infer_softfifo(DATAWIDTH_A=16,ADDRWIDTH_A=10,DATAWIDTH_B=16,ADDRWIDTH_B=10) in ../../al_ip/softfifo.v(377)
HDL-1007 : extracting RAM for identifier 'memory' in ../../al_ip/softfifo.v(442)
HDL-5007 WARNING: input port 'dib[15]' is not connected on this instance in ../../al_ip/softfifo.v(265)
HDL-5007 WARNING: actual bit length 16 differs from formal bit length 11 for port 'wrusedw' in ../../RTL/Sdram_Control_4Port/Sdram_WR_FIFO.v(93)
HDL-5007 WARNING: actual bit length 16 differs from formal bit length 11 for port 'rdusedw' in ../../RTL/Sdram_Control_4Port/Sdram_WR_FIFO.v(98)
HDL-5007 WARNING: port 'valid' remains unconnected for this instance in ../../RTL/Sdram_Control_4Port/Sdram_RD_FIFO.v(86)
HDL-1007 : elaborate module Sdram_RD_FIFO in ../../RTL/Sdram_Control_4Port/Sdram_RD_FIFO.v(39)
HDL-5007 WARNING: actual bit length 16 differs from formal bit length 11 for port 'wrusedw' in ../../RTL/Sdram_Control_4Port/Sdram_RD_FIFO.v(93)
HDL-5007 WARNING: actual bit length 16 differs from formal bit length 11 for port 'rdusedw' in ../../RTL/Sdram_Control_4Port/Sdram_RD_FIFO.v(98)
HDL-1007 : elaborate module sdram in ../../al_ip/sdram.v(14)
HDL-1007 : elaborate module EG_PHY_SDRAM_2M_32 in C:/Anlogic/TD5.6.59063/arch/eagle_macro.v(720)
HDL-5007 WARNING: input port 'INIT_ACK' is not connected on this instance in ../../RTL/Sdram_Control_4Port/Sdram_Control_4Port.v(163)
HDL-5007 WARNING: actual bit length 32 differs from formal bit length 21 for port 'WR1_MAX_ADDR' in ../../RTL/test_camera.v(217)
HDL-5007 WARNING: actual bit length 32 differs from formal bit length 21 for port 'WR2_MAX_ADDR' in ../../RTL/test_camera.v(228)
HDL-5007 WARNING: actual bit length 32 differs from formal bit length 21 for port 'RD1_MAX_ADDR' in ../../RTL/test_camera.v(238)
HDL-5007 WARNING: actual bit length 32 differs from formal bit length 21 for port 'RD2_MAX_ADDR' in ../../RTL/test_camera.v(250)
HDL-5001 WARNING: Contains anonymous inst(s) and/or net(s) that have not been renamed
HDL-1200 : Current top model is test_camera
HDL-1100 : Inferred 1 RAMs.
RUN-1002 : start command "export_db ov2640_sdram_elaborate.db"
RUN-1001 : Exported /
RUN-1001 : Exported flow parameters
RUN-1001 : Exported libs
RUN-1001 : Exported entities
RUN-1001 : Exported ports
RUN-1001 : Exported pins
RUN-1001 : Exported instances
RUN-1001 : Exported nets
RUN-1001 : Exported buses
RUN-1001 : Exported models
RUN-1001 : Exported congestions
RUN-1001 : Exported violations
RUN-1001 : Exported IO constraints
RUN-1001 : Exported Inst constraints
RUN-1002 : start command "read_adc ../../SparkRoad.adc"
RUN-1002 : start command "set_pin_assignment  Led[0]   LOCATION = M3; "
RUN-1002 : start command "set_pin_assignment  Led[10]   LOCATION = T8; "
RUN-1002 : start command "set_pin_assignment  Led[11]   LOCATION = T9; "
RUN-1002 : start command "set_pin_assignment  Led[12]   LOCATION = M7; "
RUN-1002 : start command "set_pin_assignment  Led[13]   LOCATION = R12; "
RUN-1002 : start command "set_pin_assignment  Led[14]   LOCATION = T12; "
RUN-1002 : start command "set_pin_assignment  Led[15]   LOCATION = T13; "
RUN-1002 : start command "set_pin_assignment  Led[1]   LOCATION = M4; "
RUN-1002 : start command "set_pin_assignment  Led[2]   LOCATION = N3; "
RUN-1002 : start command "set_pin_assignment  Led[3]   LOCATION = N4; "
RUN-1002 : start command "set_pin_assignment  Led[4]   LOCATION = M5; "
RUN-1002 : start command "set_pin_assignment  Led[5]   LOCATION = P4; "
RUN-1002 : start command "set_pin_assignment  Led[6]   LOCATION = N5; "
RUN-1002 : start command "set_pin_assignment  Led[7]   LOCATION = P5; "
RUN-1002 : start command "set_pin_assignment  Led[8]   LOCATION = R7; "
RUN-1002 : start command "set_pin_assignment  Led[9]   LOCATION = T7; "
RUN-1002 : start command "set_pin_assignment  Switch[0]   LOCATION = T4; "
RUN-1002 : start command "set_pin_assignment  Switch[10]   LOCATION = P9; "
RUN-1002 : start command "set_pin_assignment  Switch[11]   LOCATION = N9; "
RUN-1002 : start command "set_pin_assignment  Switch[12]   LOCATION = T14; "
RUN-1002 : start command "set_pin_assignment  Switch[13]   LOCATION = R14; "
RUN-1002 : start command "set_pin_assignment  Switch[14]   LOCATION = T15; "
RUN-1002 : start command "set_pin_assignment  Switch[15]   LOCATION = R15; "
RUN-1002 : start command "set_pin_assignment  Switch[1]   LOCATION = R5; "
RUN-1002 : start command "set_pin_assignment  Switch[2]   LOCATION = T5; "
RUN-1002 : start command "set_pin_assignment  Switch[3]   LOCATION = T6; "
RUN-1002 : start command "set_pin_assignment  Switch[4]   LOCATION = M6; "
RUN-1002 : start command "set_pin_assignment  Switch[5]   LOCATION = P6; "
RUN-1002 : start command "set_pin_assignment  Switch[6]   LOCATION = N6; "
RUN-1002 : start command "set_pin_assignment  Switch[7]   LOCATION = P8; "
RUN-1002 : start command "set_pin_assignment  Switch[8]   LOCATION = N8; "
RUN-1002 : start command "set_pin_assignment  Switch[9]   LOCATION = R9; "
RUN-1002 : start command "set_pin_assignment  cam_data[0]   LOCATION = H15; IOSTANDARD = LVCMOS33; "
RUN-1002 : start command "set_pin_assignment  cam_data[1]   LOCATION = J16; IOSTANDARD = LVCMOS33; "
RUN-1002 : start command "set_pin_assignment  cam_data[2]   LOCATION = K16; IOSTANDARD = LVCMOS33; "
RUN-1002 : start command "set_pin_assignment  cam_data[3]   LOCATION = K15; IOSTANDARD = LVCMOS33; "
RUN-1002 : start command "set_pin_assignment  cam_data[4]   LOCATION = G14; IOSTANDARD = LVCMOS33; "
RUN-1002 : start command "set_pin_assignment  cam_data[5]   LOCATION = H16; IOSTANDARD = LVCMOS33; "
RUN-1002 : start command "set_pin_assignment  cam_data[6]   LOCATION = G16; IOSTANDARD = LVCMOS33; "
RUN-1002 : start command "set_pin_assignment  cam_data[7]   LOCATION = H13; IOSTANDARD = LVCMOS33; "
RUN-1002 : start command "set_pin_assignment  cam_href   LOCATION = F15; "
RUN-1002 : start command "set_pin_assignment  cam_pclk   LOCATION = K12; "
RUN-1002 : start command "set_pin_assignment  cam_pwdn   LOCATION = F14; "
RUN-1002 : start command "set_pin_assignment  cam_rst   LOCATION = F13; "
RUN-1002 : start command "set_pin_assignment  cam_soic   LOCATION = D16; PULLTYPE = PULLUP; "
RUN-1002 : start command "set_pin_assignment  cam_soid   LOCATION = D14; "
RUN-1002 : start command "set_pin_assignment  cam_vsync   LOCATION = E15; "
RUN-1002 : start command "set_pin_assignment  cam_xclk   LOCATION = J12; "
RUN-1002 : start command "set_pin_assignment  clk_24m   LOCATION = K14; "
RUN-1002 : start command "set_pin_assignment  rst_n   LOCATION = G11; "
RUN-1002 : start command "set_pin_assignment  vga_b[0]   LOCATION = G1; SLEWRATE = FAST; "
RUN-1002 : start command "set_pin_assignment  vga_b[1]   LOCATION = F1; SLEWRATE = FAST; "
RUN-1002 : start command "set_pin_assignment  vga_b[2]   LOCATION = F2; SLEWRATE = FAST; "
RUN-1002 : start command "set_pin_assignment  vga_b[3]   LOCATION = E1; SLEWRATE = FAST; "
RUN-1002 : start command "set_pin_assignment  vga_b[4]   LOCATION = G3; SLEWRATE = FAST; "
RUN-1002 : start command "set_pin_assignment  vga_b[5]   LOCATION = E2; SLEWRATE = FAST; "
RUN-1002 : start command "set_pin_assignment  vga_b[6]   LOCATION = D1; SLEWRATE = FAST; "
RUN-1002 : start command "set_pin_assignment  vga_b[7]   LOCATION = C1; SLEWRATE = FAST; "
RUN-1002 : start command "set_pin_assignment  vga_clk   LOCATION = H2; "
RUN-1002 : start command "set_pin_assignment  vga_g[0]   LOCATION = L1; "
RUN-1002 : start command "set_pin_assignment  vga_g[1]   LOCATION = K2; "
RUN-1002 : start command "set_pin_assignment  vga_g[2]   LOCATION = K1; "
RUN-1002 : start command "set_pin_assignment  vga_g[3]   LOCATION = J1; "
RUN-1002 : start command "set_pin_assignment  vga_g[4]   LOCATION = H3; "
RUN-1002 : start command "set_pin_assignment  vga_g[5]   LOCATION = J6; "
RUN-1002 : start command "set_pin_assignment  vga_g[6]   LOCATION = H1; "
RUN-1002 : start command "set_pin_assignment  vga_g[7]   LOCATION = H5; "
RUN-1002 : start command "set_pin_assignment  vga_hsync   LOCATION = J3; "
RUN-1002 : start command "set_pin_assignment  vga_r[0]   LOCATION = L5; "
RUN-1002 : start command "set_pin_assignment  vga_r[1]   LOCATION = L3; "
RUN-1002 : start command "set_pin_assignment  vga_r[2]   LOCATION = M2; "
RUN-1002 : start command "set_pin_assignment  vga_r[3]   LOCATION = M1; "
RUN-1002 : start command "set_pin_assignment  vga_r[4]   LOCATION = L4; "
RUN-1002 : start command "set_pin_assignment  vga_r[5]   LOCATION = K5; "
RUN-1002 : start command "set_pin_assignment  vga_r[6]   LOCATION = K3; "
RUN-1002 : start command "set_pin_assignment  vga_r[7]   LOCATION = K6; "
RUN-1002 : start command "set_pin_assignment  vga_vsync   LOCATION = J4; "
RUN-1002 : start command "optimize_rtl"
RUN-1001 : Open license file C:/Anlogic/TD5.6.59063/license/Anlogic.lic
RUN-1001 : Print Global Property
RUN-1001 : ---------------------------------------------------------------
RUN-1001 :        Parameters        |  Settings  |  Default Values  |  Note  
RUN-1001 : ---------------------------------------------------------------
RUN-1001 :          message         |  standard  |     standard     |        
RUN-1001 :   mixed_pack_place_flow  |     on     |        on        |        
RUN-1001 :        qor_monitor       |    off     |       off        |        
RUN-1001 :        syn_ip_flow       |    off     |       off        |        
RUN-1001 :          thread          |    auto    |       auto       |        
RUN-1001 : ---------------------------------------------------------------
RUN-1001 : Print Rtl Property
RUN-1001 : --------------------------------------------------------------
RUN-1001 :        Parameters       |  Settings  |  Default Values  |  Note  
RUN-1001 : --------------------------------------------------------------
RUN-1001 :       compress_add      |   ripple   |      ripple      |        
RUN-1001 :        elf_sload        |    off     |       off        |        
RUN-1001 :       fix_undriven      |     0      |        0         |        
RUN-1001 :         flatten         |    off     |       off        |        
RUN-1001 :       gate_sharing      |     on     |        on        |        
RUN-1001 :    hdl_warning_level    |   normal   |      normal      |        
RUN-1001 :   impl_internal_tribuf  |     on     |        on        |        
RUN-1001 :      impl_set_reset     |     on     |        on        |        
RUN-1001 :        infer_gsr        |    off     |       off        |        
RUN-1001 :      keep_hierarchy     |    auto    |       auto       |        
RUN-1001 :        max_fanout       |    9999    |       9999       |        
RUN-1001 :      max_oh2bin_len     |     10     |        10        |        
RUN-1001 :       merge_equal       |     on     |        on        |        
RUN-1001 :       merge_equiv       |     on     |        on        |        
RUN-1001 :        merge_mux        |    off     |       off        |        
RUN-1001 :     min_control_set     |     8      |        8         |        
RUN-1001 :      min_ripple_len     |    auto    |       auto       |        
RUN-1001 :       oh2bin_ratio      |    0.08    |       0.08       |        
RUN-1001 :     opt_adder_fanout    |     on     |        on        |        
RUN-1001 :        opt_arith        |     on     |        on        |        
RUN-1001 :       opt_big_gate      |    off     |       off        |        
RUN-1001 :        opt_const        |     on     |        on        |        
RUN-1001 :      opt_const_mult     |     on     |        on        |        
RUN-1001 :       opt_lessthan      |     on     |        on        |        
RUN-1001 :         opt_mux         |    off     |       off        |        
RUN-1001 :         opt_ram         |    high    |       high       |        
RUN-1001 :      rtl_sim_model      |    off     |       off        |        
RUN-1001 :         seq_syn         |     on     |        on        |        
RUN-1001 : --------------------------------------------------------------
SYN-1012 : SanityCheck: Model "test_camera"
SYN-8105 ERROR: Multi-driven net: model "test_camera" / net "cam_href" in ../../RTL/test_camera.v(25)
SYN-8105 ERROR: Multi-driven net: model "test_camera" / net "cam_vsync" in ../../RTL/test_camera.v(26)
RUN-1002 : start command "backup_run_log run.log ../.logs/syn_1/td_20221026_185637.log"
