============================================================
   Tang Dynasty, V5.6.59063
   Copyright (c) 2012-2022 Anlogic
   Executable = C:/Anlogic/TD5.6.59063/bin/td.exe
   Built at =   12:45:13 Sep  6 2022
   Run by =     Administrator
   Run Date =   Tue Oct 25 00:25:04 2022

   Run on =     WIN-25FR57M34TT
============================================================
RUN-1002 : start command "open_project ov2640_sdram.prj"
RUN-1001 : Print Global Property
RUN-1001 : ---------------------------------------------------------------
RUN-1001 :        Parameters        |  Settings  |  Default Values  |  Note  
RUN-1001 : ---------------------------------------------------------------
RUN-1001 :          message         |  standard  |     standard     |        
RUN-1001 :   mixed_pack_place_flow  |     on     |        on        |        
RUN-1001 :        qor_monitor       |    off     |       off        |        
RUN-1001 :        syn_ip_flow       |    off     |       off        |        
RUN-1001 :          thread          |    auto    |       auto       |        
RUN-1001 : ---------------------------------------------------------------
RUN-1001 : Print Design Property
RUN-1001 : --------------------------------------------------------------
RUN-1001 :        Parameters       |  Settings  |  Default Values  |  Note  
RUN-1001 : --------------------------------------------------------------
RUN-1001 :   default_reg_initial   |    auto    |       auto       |        
RUN-1001 :        infer_add        |     on     |        on        |        
RUN-1001 :        infer_fsm        |    off     |       off        |        
RUN-1001 :        infer_mult       |     on     |        on        |        
RUN-1001 :        infer_ram        |     on     |        on        |        
RUN-1001 :        infer_reg        |     on     |        on        |        
RUN-1001 :   infer_reg_init_value  |     on     |        on        |        
RUN-1001 :        infer_rom        |     on     |        on        |        
RUN-1001 :      infer_shifter      |     on     |        on        |        
RUN-1001 : --------------------------------------------------------------
RUN-1001 : Print Rtl Property
RUN-1001 : --------------------------------------------------------------
RUN-1001 :        Parameters       |  Settings  |  Default Values  |  Note  
RUN-1001 : --------------------------------------------------------------
RUN-1001 :       compress_add      |   ripple   |      ripple      |        
RUN-1001 :        elf_sload        |    off     |       off        |        
RUN-1001 :       fix_undriven      |     0      |        0         |        
RUN-1001 :         flatten         |    off     |       off        |        
RUN-1001 :       gate_sharing      |     on     |        on        |        
RUN-1001 :    hdl_warning_level    |   normal   |      normal      |        
RUN-1001 :   impl_internal_tribuf  |     on     |        on        |        
RUN-1001 :      impl_set_reset     |     on     |        on        |        
RUN-1001 :        infer_gsr        |    off     |       off        |        
RUN-1001 :      keep_hierarchy     |    auto    |       auto       |        
RUN-1001 :        max_fanout       |    9999    |       9999       |        
RUN-1001 :      max_oh2bin_len     |     10     |        10        |        
RUN-1001 :       merge_equal       |     on     |        on        |        
RUN-1001 :       merge_equiv       |     on     |        on        |        
RUN-1001 :        merge_mux        |    off     |       off        |        
RUN-1001 :     min_control_set     |     8      |        8         |        
RUN-1001 :      min_ripple_len     |    auto    |       auto       |        
RUN-1001 :       oh2bin_ratio      |    0.08    |       0.08       |        
RUN-1001 :     opt_adder_fanout    |     on     |        on        |        
RUN-1001 :        opt_arith        |     on     |        on        |        
RUN-1001 :       opt_big_gate      |    off     |       off        |        
RUN-1001 :        opt_const        |     on     |        on        |        
RUN-1001 :      opt_const_mult     |     on     |        on        |        
RUN-1001 :       opt_lessthan      |     on     |        on        |        
RUN-1001 :         opt_mux         |    off     |       off        |        
RUN-1001 :         opt_ram         |    high    |       high       |        
RUN-1001 :      rtl_sim_model      |    off     |       off        |        
RUN-1001 :         seq_syn         |     on     |        on        |        
RUN-1001 : --------------------------------------------------------------
HDL-1007 : analyze verilog file ../../al_ip/ip_pll.v
HDL-1007 : undeclared symbol 'open', assumed default net type 'wire' in ../../al_ip/ip_pll.v(93)
HDL-1007 : analyze verilog file ../../al_ip/softfifo.v
HDL-1007 : analyze verilog file ../../RTL/camera_init.v
HDL-1007 : undeclared symbol 'clk_div', assumed default net type 'wire' in ../../RTL/camera_init.v(74)
HDL-1007 : analyze verilog file ../../RTL/camera_reader.v
HDL-1007 : analyze verilog file ../../RTL/i2c_module.v
HDL-1007 : analyze verilog file ../../RTL/Sdram_Control_4Port/command.v
HDL-1007 : analyze included file ../../RTL/Sdram_Control_4Port/Sdram_Params.h in ../../RTL/Sdram_Control_4Port/command.v(27)
HDL-1007 : back to file '../../RTL/Sdram_Control_4Port/command.v' in ../../RTL/Sdram_Control_4Port/command.v(27)
HDL-1007 : analyze verilog file ../../RTL/Sdram_Control_4Port/control_interface.v
HDL-1007 : analyze included file ../../RTL/Sdram_Control_4Port/Sdram_Params.h in ../../RTL/Sdram_Control_4Port/control_interface.v(21)
HDL-1007 : back to file '../../RTL/Sdram_Control_4Port/control_interface.v' in ../../RTL/Sdram_Control_4Port/control_interface.v(21)
HDL-1007 : analyze verilog file ../../RTL/Sdram_Control_4Port/sdr_data_path.v
HDL-1007 : analyze included file ../../RTL/Sdram_Control_4Port/Sdram_Params.h in ../../RTL/Sdram_Control_4Port/sdr_data_path.v(10)
HDL-1007 : back to file '../../RTL/Sdram_Control_4Port/sdr_data_path.v' in ../../RTL/Sdram_Control_4Port/sdr_data_path.v(10)
HDL-1007 : analyze verilog file ../../RTL/Sdram_Control_4Port/Sdram_Control_4Port.v
HDL-1007 : analyze included file ../../RTL/Sdram_Control_4Port/Sdram_Params.h in ../../RTL/Sdram_Control_4Port/Sdram_Control_4Port.v(49)
HDL-1007 : back to file '../../RTL/Sdram_Control_4Port/Sdram_Control_4Port.v' in ../../RTL/Sdram_Control_4Port/Sdram_Control_4Port.v(49)
HDL-1007 : analyze verilog file ../../RTL/Sdram_Control_4Port/Sdram_RD_FIFO.v
HDL-5007 WARNING: 'clk' is not declared in ../../RTL/Sdram_Control_4Port/Sdram_RD_FIFO.v(44)
HDL-1007 : analyze verilog file ../../RTL/Sdram_Control_4Port/Sdram_WR_FIFO.v
HDL-1007 : analyze verilog file ../../al_ip/sdram.v
HDL-1007 : analyze verilog file ../../RTL/Driver.v
HDL-1007 : analyze verilog file ../../RTL/RGBYCbCr.v
HDL-1007 : analyze verilog file ../../RTL/image_process.v
HDL-1007 : analyze verilog file ../../RTL/test_camera.v
HDL-1007 : analyze verilog file ../../RTL/Mode_Switch.v
HDL-5007 WARNING: 'clk' is not declared in ../../RTL/Sdram_Control_4Port/Sdram_RD_FIFO.v(44)
RUN-1001 : Project manager successfully analyzed 17 source files.
RUN-1002 : start command "import_device eagle_s20.db -package EG4S20BG256"
ARC-1001 : Device Initialization.
ARC-1001 : ------------------------------------------------------------------
ARC-1001 :            OPTION            |          IO          |   SETTING   
ARC-1001 : ------------------------------------------------------------------
ARC-1001 :   cso_b/cclk/mosi/miso/dout  |  T3/R11/T10/P10/S11  |    gpio    
ARC-1001 :             done             |         P13          |    gpio    
ARC-1001 :           program_b          |          T2          |  dedicate  
ARC-1001 :        tdi/tms/tck/tdo       |   C12/A15/C14/E14    |  dedicate  
ARC-1001 : ------------------------------------------------------------------
ARC-1004 : Device setting, marked 5 dedicate IOs in total.
RUN-1002 : start command "import_db ../syn_1/ov2640_sdram_gate.db"
RUN-1001 : Importing database generated by Tang Dynasty, V5.6.59063.
RUN-1001 : Database version number 46140.
RUN-1001 : Import flow parameters
RUN-1001 : Import timing constraints
RUN-1001 : Import IO constraints
RUN-1001 : Import Inst constraints
RUN-1001 : Import design success TD_VERSION=5.6.59063 , DB_VERSION=46140
RUN-1002 : start command "read_sdc"
USR-1002 : read_sdc file_name -help -h -eco
RUN-1002 : start command "get_regs */primary_addr_gray_reg[*]"
RUN-1002 : start command "get_regs */sync_r1[*]"
RUN-1002 : start command "set_max_delay -from  -to  5 -datapath_only"
RUN-1002 : start command "get_regs */primary_addr_gray_reg[*]"
RUN-1002 : start command "get_regs */sync_r1[*]"
RUN-1002 : start command "set_false_path -from  -to  -hold 5"
USR-1002 : set_false_path -help -setup -hold -from <list> -rise_from <list> -fall_from <list> -to <list> -rise_to <list> -fall_to <list> -through <list>
RUN-1002 : start command "get_regs */primary_addr_gray_reg[*]"
RUN-1002 : start command "get_regs */sync_r1[*]"
RUN-1002 : start command "set_max_delay -from  -to  5 -datapath_only"
RUN-1002 : start command "get_regs */primary_addr_gray_reg[*]"
RUN-1002 : start command "get_regs */sync_r1[*]"
RUN-1002 : start command "set_max_delay -from  -to  5 -datapath_only"
RUN-1002 : start command "get_regs */primary_addr_gray_reg[*]"
RUN-1002 : start command "get_regs */sync_r1[*]"
RUN-1002 : start command "set_max_delay -from  -to  5 -datapath_only"
SYN-1001 : 	kept net: Sdram_Control_4Port/read_fifo1/dcfifo_component/rd_to_wr_cross_inst/primary_addr_gray_reg[9](Sdram_Control_4Port/read_fifo1/dcfifo_component/rd_to_wr_cross_inst/primary_addr_gray_reg[9]_syn_5)
SYN-1001 : 	kept net: Sdram_Control_4Port/read_fifo1/dcfifo_component/rd_to_wr_cross_inst/primary_addr_gray_reg[8](Sdram_Control_4Port/read_fifo1/dcfifo_component/rd_to_wr_cross_inst/primary_addr_gray_reg[8]_syn_5)
SYN-1001 : 	kept net: Sdram_Control_4Port/read_fifo1/dcfifo_component/rd_to_wr_cross_inst/primary_addr_gray_reg[7](Sdram_Control_4Port/read_fifo1/dcfifo_component/rd_to_wr_cross_inst/primary_addr_gray_reg[7]_syn_5)
SYN-1001 : 	kept net: Sdram_Control_4Port/read_fifo1/dcfifo_component/rd_to_wr_cross_inst/primary_addr_gray_reg[6](Sdram_Control_4Port/read_fifo1/dcfifo_component/rd_to_wr_cross_inst/primary_addr_gray_reg[6]_syn_5)
SYN-1001 : 	kept net: Sdram_Control_4Port/read_fifo1/dcfifo_component/rd_to_wr_cross_inst/primary_addr_gray_reg[5](Sdram_Control_4Port/read_fifo1/dcfifo_component/rd_to_wr_cross_inst/primary_addr_gray_reg[5]_syn_5)
SYN-1001 : 	kept net: Sdram_Control_4Port/read_fifo1/dcfifo_component/rd_to_wr_cross_inst/primary_addr_gray_reg[4](Sdram_Control_4Port/read_fifo1/dcfifo_component/rd_to_wr_cross_inst/primary_addr_gray_reg[4]_syn_5)
SYN-1001 : 	kept net: Sdram_Control_4Port/read_fifo1/dcfifo_component/rd_to_wr_cross_inst/primary_addr_gray_reg[3](Sdram_Control_4Port/read_fifo1/dcfifo_component/rd_to_wr_cross_inst/primary_addr_gray_reg[3]_syn_5)
SYN-1001 : 	kept net: Sdram_Control_4Port/read_fifo1/dcfifo_component/rd_to_wr_cross_inst/primary_addr_gray_reg[2](Sdram_Control_4Port/read_fifo1/dcfifo_component/rd_to_wr_cross_inst/primary_addr_gray_reg[2]_syn_5)
SYN-1001 : 	kept net: Sdram_Control_4Port/read_fifo1/dcfifo_component/rd_to_wr_cross_inst/primary_addr_gray_reg[1](Sdram_Control_4Port/read_fifo1/dcfifo_component/rd_to_wr_cross_inst/primary_addr_gray_reg[1]_syn_5)
SYN-1001 : 	kept net: Sdram_Control_4Port/read_fifo1/dcfifo_component/rd_to_wr_cross_inst/primary_addr_gray_reg[0](Sdram_Control_4Port/read_fifo1/dcfifo_component/rd_to_wr_cross_inst/primary_addr_gray_reg[0]_syn_5)
SYN-1001 : 	kept net: Sdram_Control_4Port/read_fifo1/dcfifo_component/rd_to_wr_cross_inst/sync_r1[9](Sdram_Control_4Port/read_fifo1/dcfifo_component/rd_to_wr_cross_inst/sync_r1[9]_syn_3)
SYN-1001 : 	kept net: Sdram_Control_4Port/read_fifo1/dcfifo_component/rd_to_wr_cross_inst/sync_r1[8](Sdram_Control_4Port/read_fifo1/dcfifo_component/rd_to_wr_cross_inst/sync_r1[8]_syn_3)
SYN-1001 : 	kept net: Sdram_Control_4Port/read_fifo1/dcfifo_component/rd_to_wr_cross_inst/sync_r1[7](Sdram_Control_4Port/read_fifo1/dcfifo_component/rd_to_wr_cross_inst/sync_r1[7]_syn_3)
SYN-1001 : 	kept net: Sdram_Control_4Port/read_fifo1/dcfifo_component/rd_to_wr_cross_inst/sync_r1[6](Sdram_Control_4Port/read_fifo1/dcfifo_component/rd_to_wr_cross_inst/sync_r1[6]_syn_3)
SYN-1001 : 	kept net: Sdram_Control_4Port/read_fifo1/dcfifo_component/rd_to_wr_cross_inst/sync_r1[5](Sdram_Control_4Port/read_fifo1/dcfifo_component/rd_to_wr_cross_inst/sync_r1[5]_syn_3)
SYN-1001 : 	kept net: Sdram_Control_4Port/read_fifo1/dcfifo_component/rd_to_wr_cross_inst/sync_r1[4](Sdram_Control_4Port/read_fifo1/dcfifo_component/rd_to_wr_cross_inst/sync_r1[4]_syn_3)
SYN-1001 : 	kept net: Sdram_Control_4Port/read_fifo1/dcfifo_component/rd_to_wr_cross_inst/sync_r1[3](Sdram_Control_4Port/read_fifo1/dcfifo_component/rd_to_wr_cross_inst/sync_r1[3]_syn_3)
SYN-1001 : 	kept net: Sdram_Control_4Port/read_fifo1/dcfifo_component/rd_to_wr_cross_inst/sync_r1[2](Sdram_Control_4Port/read_fifo1/dcfifo_component/rd_to_wr_cross_inst/sync_r1[2]_syn_3)
SYN-1001 : 	kept net: Sdram_Control_4Port/read_fifo1/dcfifo_component/rd_to_wr_cross_inst/sync_r1[1](Sdram_Control_4Port/read_fifo1/dcfifo_component/rd_to_wr_cross_inst/sync_r1[1]_syn_3)
SYN-1001 : 	kept net: Sdram_Control_4Port/read_fifo1/dcfifo_component/rd_to_wr_cross_inst/sync_r1[0](Sdram_Control_4Port/read_fifo1/dcfifo_component/rd_to_wr_cross_inst/sync_r1[0]_syn_3)
SYN-1001 : 	kept net: Sdram_Control_4Port/read_fifo1/dcfifo_component/wr_to_rd_cross_inst/primary_addr_gray_reg[9](Sdram_Control_4Port/read_fifo1/dcfifo_component/wr_to_rd_cross_inst/primary_addr_gray_reg[9]_syn_5)
SYN-1001 : 	kept net: Sdram_Control_4Port/read_fifo1/dcfifo_component/wr_to_rd_cross_inst/primary_addr_gray_reg[8](Sdram_Control_4Port/read_fifo1/dcfifo_component/wr_to_rd_cross_inst/primary_addr_gray_reg[8]_syn_5)
SYN-1001 : 	kept net: Sdram_Control_4Port/read_fifo1/dcfifo_component/wr_to_rd_cross_inst/primary_addr_gray_reg[7](Sdram_Control_4Port/read_fifo1/dcfifo_component/wr_to_rd_cross_inst/primary_addr_gray_reg[7]_syn_5)
SYN-1001 : 	kept net: Sdram_Control_4Port/read_fifo1/dcfifo_component/wr_to_rd_cross_inst/primary_addr_gray_reg[6](Sdram_Control_4Port/read_fifo1/dcfifo_component/wr_to_rd_cross_inst/primary_addr_gray_reg[6]_syn_5)
SYN-1001 : 	kept net: Sdram_Control_4Port/read_fifo1/dcfifo_component/wr_to_rd_cross_inst/primary_addr_gray_reg[5](Sdram_Control_4Port/read_fifo1/dcfifo_component/wr_to_rd_cross_inst/primary_addr_gray_reg[5]_syn_5)
SYN-1001 : 	kept net: Sdram_Control_4Port/read_fifo1/dcfifo_component/wr_to_rd_cross_inst/primary_addr_gray_reg[4](Sdram_Control_4Port/read_fifo1/dcfifo_component/wr_to_rd_cross_inst/primary_addr_gray_reg[4]_syn_5)
SYN-1001 : 	kept net: Sdram_Control_4Port/read_fifo1/dcfifo_component/wr_to_rd_cross_inst/primary_addr_gray_reg[3](Sdram_Control_4Port/read_fifo1/dcfifo_component/wr_to_rd_cross_inst/primary_addr_gray_reg[3]_syn_5)
SYN-1001 : 	kept net: Sdram_Control_4Port/read_fifo1/dcfifo_component/wr_to_rd_cross_inst/primary_addr_gray_reg[2](Sdram_Control_4Port/read_fifo1/dcfifo_component/wr_to_rd_cross_inst/primary_addr_gray_reg[2]_syn_5)
SYN-1001 : 	kept net: Sdram_Control_4Port/read_fifo1/dcfifo_component/wr_to_rd_cross_inst/primary_addr_gray_reg[1](Sdram_Control_4Port/read_fifo1/dcfifo_component/wr_to_rd_cross_inst/primary_addr_gray_reg[1]_syn_5)
SYN-1001 : 	kept net: Sdram_Control_4Port/read_fifo1/dcfifo_component/wr_to_rd_cross_inst/primary_addr_gray_reg[0](Sdram_Control_4Port/read_fifo1/dcfifo_component/wr_to_rd_cross_inst/primary_addr_gray_reg[0]_syn_5)
SYN-1001 : 	kept net: Sdram_Control_4Port/read_fifo1/dcfifo_component/wr_to_rd_cross_inst/sync_r1[9](Sdram_Control_4Port/read_fifo1/dcfifo_component/wr_to_rd_cross_inst/sync_r1[9]_syn_3)
SYN-1001 : 	kept net: Sdram_Control_4Port/read_fifo1/dcfifo_component/wr_to_rd_cross_inst/sync_r1[8](Sdram_Control_4Port/read_fifo1/dcfifo_component/wr_to_rd_cross_inst/sync_r1[8]_syn_3)
SYN-1001 : 	kept net: Sdram_Control_4Port/read_fifo1/dcfifo_component/wr_to_rd_cross_inst/sync_r1[7](Sdram_Control_4Port/read_fifo1/dcfifo_component/wr_to_rd_cross_inst/sync_r1[7]_syn_3)
SYN-1001 : 	kept net: Sdram_Control_4Port/read_fifo1/dcfifo_component/wr_to_rd_cross_inst/sync_r1[6](Sdram_Control_4Port/read_fifo1/dcfifo_component/wr_to_rd_cross_inst/sync_r1[6]_syn_3)
SYN-1001 : 	kept net: Sdram_Control_4Port/read_fifo1/dcfifo_component/wr_to_rd_cross_inst/sync_r1[5](Sdram_Control_4Port/read_fifo1/dcfifo_component/wr_to_rd_cross_inst/sync_r1[5]_syn_3)
SYN-1001 : 	kept net: Sdram_Control_4Port/read_fifo1/dcfifo_component/wr_to_rd_cross_inst/sync_r1[4](Sdram_Control_4Port/read_fifo1/dcfifo_component/wr_to_rd_cross_inst/sync_r1[4]_syn_3)
SYN-1001 : 	kept net: Sdram_Control_4Port/read_fifo1/dcfifo_component/wr_to_rd_cross_inst/sync_r1[3](Sdram_Control_4Port/read_fifo1/dcfifo_component/wr_to_rd_cross_inst/sync_r1[3]_syn_3)
SYN-1001 : 	kept net: Sdram_Control_4Port/read_fifo1/dcfifo_component/wr_to_rd_cross_inst/sync_r1[2](Sdram_Control_4Port/read_fifo1/dcfifo_component/wr_to_rd_cross_inst/sync_r1[2]_syn_3)
SYN-1001 : 	kept net: Sdram_Control_4Port/read_fifo1/dcfifo_component/wr_to_rd_cross_inst/sync_r1[1](Sdram_Control_4Port/read_fifo1/dcfifo_component/wr_to_rd_cross_inst/sync_r1[1]_syn_3)
SYN-1001 : 	kept net: Sdram_Control_4Port/read_fifo1/dcfifo_component/wr_to_rd_cross_inst/sync_r1[0](Sdram_Control_4Port/read_fifo1/dcfifo_component/wr_to_rd_cross_inst/sync_r1[0]_syn_3)
SYN-1001 : 	kept net: Sdram_Control_4Port/write_fifo1/dcfifo_component/rd_to_wr_cross_inst/primary_addr_gray_reg[9](Sdram_Control_4Port/write_fifo1/dcfifo_component/rd_to_wr_cross_inst/primary_addr_gray_reg[9]_syn_5)
SYN-1001 : 	kept net: Sdram_Control_4Port/write_fifo1/dcfifo_component/rd_to_wr_cross_inst/primary_addr_gray_reg[8](Sdram_Control_4Port/write_fifo1/dcfifo_component/rd_to_wr_cross_inst/primary_addr_gray_reg[8]_syn_5)
SYN-1001 : 	kept net: Sdram_Control_4Port/write_fifo1/dcfifo_component/rd_to_wr_cross_inst/primary_addr_gray_reg[7](Sdram_Control_4Port/write_fifo1/dcfifo_component/rd_to_wr_cross_inst/primary_addr_gray_reg[7]_syn_5)
SYN-1001 : 	kept net: Sdram_Control_4Port/write_fifo1/dcfifo_component/rd_to_wr_cross_inst/primary_addr_gray_reg[6](Sdram_Control_4Port/write_fifo1/dcfifo_component/rd_to_wr_cross_inst/primary_addr_gray_reg[6]_syn_5)
SYN-1001 : 	kept net: Sdram_Control_4Port/write_fifo1/dcfifo_component/rd_to_wr_cross_inst/primary_addr_gray_reg[5](Sdram_Control_4Port/write_fifo1/dcfifo_component/rd_to_wr_cross_inst/primary_addr_gray_reg[5]_syn_5)
SYN-1001 : 	kept net: Sdram_Control_4Port/write_fifo1/dcfifo_component/rd_to_wr_cross_inst/primary_addr_gray_reg[4](Sdram_Control_4Port/write_fifo1/dcfifo_component/rd_to_wr_cross_inst/primary_addr_gray_reg[4]_syn_5)
SYN-1001 : 	kept net: Sdram_Control_4Port/write_fifo1/dcfifo_component/rd_to_wr_cross_inst/primary_addr_gray_reg[3](Sdram_Control_4Port/write_fifo1/dcfifo_component/rd_to_wr_cross_inst/primary_addr_gray_reg[3]_syn_5)
SYN-1001 : 	kept net: Sdram_Control_4Port/write_fifo1/dcfifo_component/rd_to_wr_cross_inst/primary_addr_gray_reg[2](Sdram_Control_4Port/write_fifo1/dcfifo_component/rd_to_wr_cross_inst/primary_addr_gray_reg[2]_syn_5)
SYN-1001 : 	kept net: Sdram_Control_4Port/write_fifo1/dcfifo_component/rd_to_wr_cross_inst/primary_addr_gray_reg[1](Sdram_Control_4Port/write_fifo1/dcfifo_component/rd_to_wr_cross_inst/primary_addr_gray_reg[1]_syn_5)
SYN-1001 : 	kept net: Sdram_Control_4Port/write_fifo1/dcfifo_component/rd_to_wr_cross_inst/primary_addr_gray_reg[0](Sdram_Control_4Port/write_fifo1/dcfifo_component/rd_to_wr_cross_inst/primary_addr_gray_reg[0]_syn_5)
SYN-1001 : 	kept net: Sdram_Control_4Port/write_fifo1/dcfifo_component/rd_to_wr_cross_inst/sync_r1[9](Sdram_Control_4Port/write_fifo1/dcfifo_component/rd_to_wr_cross_inst/sync_r1[9]_syn_3)
SYN-1001 : 	kept net: Sdram_Control_4Port/write_fifo1/dcfifo_component/rd_to_wr_cross_inst/sync_r1[8](Sdram_Control_4Port/write_fifo1/dcfifo_component/rd_to_wr_cross_inst/sync_r1[8]_syn_3)
SYN-1001 : 	kept net: Sdram_Control_4Port/write_fifo1/dcfifo_component/rd_to_wr_cross_inst/sync_r1[7](Sdram_Control_4Port/write_fifo1/dcfifo_component/rd_to_wr_cross_inst/sync_r1[7]_syn_3)
SYN-1001 : 	kept net: Sdram_Control_4Port/write_fifo1/dcfifo_component/rd_to_wr_cross_inst/sync_r1[6](Sdram_Control_4Port/write_fifo1/dcfifo_component/rd_to_wr_cross_inst/sync_r1[6]_syn_3)
SYN-1001 : 	kept net: Sdram_Control_4Port/write_fifo1/dcfifo_component/rd_to_wr_cross_inst/sync_r1[5](Sdram_Control_4Port/write_fifo1/dcfifo_component/rd_to_wr_cross_inst/sync_r1[5]_syn_3)
SYN-1001 : 	kept net: Sdram_Control_4Port/write_fifo1/dcfifo_component/rd_to_wr_cross_inst/sync_r1[4](Sdram_Control_4Port/write_fifo1/dcfifo_component/rd_to_wr_cross_inst/sync_r1[4]_syn_3)
SYN-1001 : 	kept net: Sdram_Control_4Port/write_fifo1/dcfifo_component/rd_to_wr_cross_inst/sync_r1[3](Sdram_Control_4Port/write_fifo1/dcfifo_component/rd_to_wr_cross_inst/sync_r1[3]_syn_3)
SYN-1001 : 	kept net: Sdram_Control_4Port/write_fifo1/dcfifo_component/rd_to_wr_cross_inst/sync_r1[2](Sdram_Control_4Port/write_fifo1/dcfifo_component/rd_to_wr_cross_inst/sync_r1[2]_syn_3)
SYN-1001 : 	kept net: Sdram_Control_4Port/write_fifo1/dcfifo_component/rd_to_wr_cross_inst/sync_r1[1](Sdram_Control_4Port/write_fifo1/dcfifo_component/rd_to_wr_cross_inst/sync_r1[1]_syn_3)
SYN-1001 : 	kept net: Sdram_Control_4Port/write_fifo1/dcfifo_component/rd_to_wr_cross_inst/sync_r1[0](Sdram_Control_4Port/write_fifo1/dcfifo_component/rd_to_wr_cross_inst/sync_r1[0]_syn_3)
SYN-1001 : 	kept net: Sdram_Control_4Port/write_fifo1/dcfifo_component/wr_to_rd_cross_inst/primary_addr_gray_reg[9](Sdram_Control_4Port/write_fifo1/dcfifo_component/wr_to_rd_cross_inst/primary_addr_gray_reg[9]_syn_5)
SYN-1001 : 	kept net: Sdram_Control_4Port/write_fifo1/dcfifo_component/wr_to_rd_cross_inst/primary_addr_gray_reg[8](Sdram_Control_4Port/write_fifo1/dcfifo_component/wr_to_rd_cross_inst/primary_addr_gray_reg[8]_syn_5)
SYN-1001 : 	kept net: Sdram_Control_4Port/write_fifo1/dcfifo_component/wr_to_rd_cross_inst/primary_addr_gray_reg[7](Sdram_Control_4Port/write_fifo1/dcfifo_component/wr_to_rd_cross_inst/primary_addr_gray_reg[7]_syn_5)
SYN-1001 : 	kept net: Sdram_Control_4Port/write_fifo1/dcfifo_component/wr_to_rd_cross_inst/primary_addr_gray_reg[6](Sdram_Control_4Port/write_fifo1/dcfifo_component/wr_to_rd_cross_inst/primary_addr_gray_reg[6]_syn_5)
SYN-1001 : 	kept net: Sdram_Control_4Port/write_fifo1/dcfifo_component/wr_to_rd_cross_inst/primary_addr_gray_reg[5](Sdram_Control_4Port/write_fifo1/dcfifo_component/wr_to_rd_cross_inst/primary_addr_gray_reg[5]_syn_5)
SYN-1001 : 	kept net: Sdram_Control_4Port/write_fifo1/dcfifo_component/wr_to_rd_cross_inst/primary_addr_gray_reg[4](Sdram_Control_4Port/write_fifo1/dcfifo_component/wr_to_rd_cross_inst/primary_addr_gray_reg[4]_syn_5)
SYN-1001 : 	kept net: Sdram_Control_4Port/write_fifo1/dcfifo_component/wr_to_rd_cross_inst/primary_addr_gray_reg[3](Sdram_Control_4Port/write_fifo1/dcfifo_component/wr_to_rd_cross_inst/primary_addr_gray_reg[3]_syn_5)
SYN-1001 : 	kept net: Sdram_Control_4Port/write_fifo1/dcfifo_component/wr_to_rd_cross_inst/primary_addr_gray_reg[2](Sdram_Control_4Port/write_fifo1/dcfifo_component/wr_to_rd_cross_inst/primary_addr_gray_reg[2]_syn_5)
SYN-1001 : 	kept net: Sdram_Control_4Port/write_fifo1/dcfifo_component/wr_to_rd_cross_inst/primary_addr_gray_reg[1](Sdram_Control_4Port/write_fifo1/dcfifo_component/wr_to_rd_cross_inst/primary_addr_gray_reg[1]_syn_5)
SYN-1001 : 	kept net: Sdram_Control_4Port/write_fifo1/dcfifo_component/wr_to_rd_cross_inst/primary_addr_gray_reg[0](Sdram_Control_4Port/write_fifo1/dcfifo_component/wr_to_rd_cross_inst/primary_addr_gray_reg[0]_syn_5)
SYN-1001 : 	kept net: Sdram_Control_4Port/write_fifo1/dcfifo_component/wr_to_rd_cross_inst/sync_r1[9](Sdram_Control_4Port/write_fifo1/dcfifo_component/wr_to_rd_cross_inst/sync_r1[9]_syn_3)
SYN-1001 : 	kept net: Sdram_Control_4Port/write_fifo1/dcfifo_component/wr_to_rd_cross_inst/sync_r1[8](Sdram_Control_4Port/write_fifo1/dcfifo_component/wr_to_rd_cross_inst/sync_r1[8]_syn_3)
SYN-1001 : 	kept net: Sdram_Control_4Port/write_fifo1/dcfifo_component/wr_to_rd_cross_inst/sync_r1[7](Sdram_Control_4Port/write_fifo1/dcfifo_component/wr_to_rd_cross_inst/sync_r1[7]_syn_3)
SYN-1001 : 	kept net: Sdram_Control_4Port/write_fifo1/dcfifo_component/wr_to_rd_cross_inst/sync_r1[6](Sdram_Control_4Port/write_fifo1/dcfifo_component/wr_to_rd_cross_inst/sync_r1[6]_syn_3)
SYN-1001 : 	kept net: Sdram_Control_4Port/write_fifo1/dcfifo_component/wr_to_rd_cross_inst/sync_r1[5](Sdram_Control_4Port/write_fifo1/dcfifo_component/wr_to_rd_cross_inst/sync_r1[5]_syn_3)
SYN-1001 : 	kept net: Sdram_Control_4Port/write_fifo1/dcfifo_component/wr_to_rd_cross_inst/sync_r1[4](Sdram_Control_4Port/write_fifo1/dcfifo_component/wr_to_rd_cross_inst/sync_r1[4]_syn_3)
SYN-1001 : 	kept net: Sdram_Control_4Port/write_fifo1/dcfifo_component/wr_to_rd_cross_inst/sync_r1[3](Sdram_Control_4Port/write_fifo1/dcfifo_component/wr_to_rd_cross_inst/sync_r1[3]_syn_3)
SYN-1001 : 	kept net: Sdram_Control_4Port/write_fifo1/dcfifo_component/wr_to_rd_cross_inst/sync_r1[2](Sdram_Control_4Port/write_fifo1/dcfifo_component/wr_to_rd_cross_inst/sync_r1[2]_syn_3)
SYN-1001 : 	kept net: Sdram_Control_4Port/write_fifo1/dcfifo_component/wr_to_rd_cross_inst/sync_r1[1](Sdram_Control_4Port/write_fifo1/dcfifo_component/wr_to_rd_cross_inst/sync_r1[1]_syn_3)
SYN-1001 : 	kept net: Sdram_Control_4Port/write_fifo1/dcfifo_component/wr_to_rd_cross_inst/sync_r1[0](Sdram_Control_4Port/write_fifo1/dcfifo_component/wr_to_rd_cross_inst/sync_r1[0]_syn_3)
RUN-1104 : Import SDC file  finished, there are 80 nets kept by constraints.
RUN-1002 : start command "place"
RUN-1001 : Open license file C:/Anlogic/TD5.6.59063/license/Anlogic.lic
RUN-1001 : Print Global Property
RUN-1001 : ---------------------------------------------------------------
RUN-1001 :        Parameters        |  Settings  |  Default Values  |  Note  
RUN-1001 : ---------------------------------------------------------------
RUN-1001 :          message         |  standard  |     standard     |        
RUN-1001 :   mixed_pack_place_flow  |     on     |        on        |        
RUN-1001 :        qor_monitor       |    off     |       off        |        
RUN-1001 :        syn_ip_flow       |    off     |       off        |        
RUN-1001 :          thread          |    auto    |       auto       |        
RUN-1001 : ---------------------------------------------------------------
RUN-1001 : Print Place Property
RUN-1001 : --------------------------------------------------------------
RUN-1001 :        Parameters       |  Settings  |  Default Values  |  Note  
RUN-1001 : --------------------------------------------------------------
RUN-1001 :      detailed_place     |     on     |        on        |        
RUN-1001 :          effort         |   medium   |      medium      |        
RUN-1001 :         fix_hold        |    off     |       off        |        
RUN-1001 :       legalization      |    ori     |       ori        |        
RUN-1001 :      new_spreading      |     on     |        on        |        
RUN-1001 :        opt_timing       |   medium   |      medium      |        
RUN-1001 :   post_clock_route_opt  |    off     |       off        |        
RUN-1001 :       pr_strategy       |     1      |        1         |        
RUN-1001 :        relaxation       |    1.00    |       1.00       |        
RUN-1001 :         retiming        |    off     |       off        |        
RUN-1001 : --------------------------------------------------------------
PHY-3001 : Placer runs in 16 thread(s).
RUN-1002 : start command "legalize_phy_inst"
SYN-1011 : Flatten model test_camera
RUN-1002 : start command "phys_opt -simplify_lut"
SYN-4016 : Net Sdram_Control_4Port/CTRL_CLK driven by BUFG (294 clock/control pins, 1 other pins).
SYN-4027 : Net Sdram_Control_4Port/SDRAM_CLK is clkc1 of pll u_pll/pll_inst.
SYN-4027 : Net vga_clk_dup_1 is clkc2 of pll u_pll/pll_inst.
SYN-4027 : Net clk_cam is clkc3 of pll u_pll/pll_inst.
SYN-4027 : Net u_camera_init/u_i2c_write/clk is clkc4 of pll u_pll/pll_inst.
SYN-4019 : Net clk_24m_dup_1 is refclk of pll u_pll/pll_inst.
SYN-4020 : Net clk_24m_dup_1 is fbclk of pll u_pll/pll_inst.
SYN-4024 : Net "cam_pclk_dup_1" drives clk pins.
SYN-4024 : Net "u_camera_init/divider2[8]" drives clk pins.
SYN-4024 : Net "u_camera_init/divider2[7]" drives clk pins.
SYN-4025 : Tag rtl::Net Sdram_Control_4Port/CTRL_CLK as clock net
SYN-4025 : Tag rtl::Net Sdram_Control_4Port/SDRAM_CLK as clock net
SYN-4025 : Tag rtl::Net cam_pclk_dup_1 as clock net
SYN-4025 : Tag rtl::Net clk_24m_dup_1 as clock net
SYN-4025 : Tag rtl::Net clk_cam as clock net
SYN-4025 : Tag rtl::Net u_camera_init/divider2[7] as clock net
SYN-4025 : Tag rtl::Net u_camera_init/divider2[8] as clock net
SYN-4025 : Tag rtl::Net u_camera_init/u_i2c_write/clk as clock net
SYN-4025 : Tag rtl::Net vga_clk_dup_1 as clock net
SYN-4026 : Tagged 9 rtl::Net as clock net
SYN-4015 : Create BUFG instance for clk Net u_camera_init/divider2[8] to drive 28 clock pins.
SYN-4015 : Create BUFG instance for clk Net u_camera_init/divider2[7] to drive 18 clock pins.
PHY-1001 : Populate physical database on model test_camera.
RUN-1001 : There are total 1682 instances
RUN-0007 : 860 luts, 520 seqs, 103 mslices, 58 lslices, 132 pads, 2 brams, 0 dsps
RUN-1001 : There are total 1876 nets
RUN-1001 : 1323 nets have 2 pins
RUN-1001 : 360 nets have [3 - 5] pins
RUN-1001 : 118 nets have [6 - 10] pins
RUN-1001 : 45 nets have [11 - 20] pins
RUN-1001 : 25 nets have [21 - 99] pins
RUN-1001 : 5 nets have 100+ pins
RUN-1001 : Report Control nets information:
RUN-1001 : DFF Distribution
RUN-1001 : ----------------------------------
RUN-1001 :   CE   |  SSR  |  ASR  |  DFF Count  
RUN-1001 : ----------------------------------
RUN-1001 :   No   |  No   |  No   |     52      
RUN-1001 :   No   |  No   |  Yes  |     328     
RUN-1001 :   No   |  Yes  |  No   |     34      
RUN-1001 :   Yes  |  No   |  No   |      0      
RUN-1001 :   Yes  |  No   |  Yes  |     82      
RUN-1001 :   Yes  |  Yes  |  No   |     24      
RUN-1001 : ----------------------------------
RUN-0007 : Control Group Statistic
RUN-0007 : ---------------------------
RUN-0007 :   #CLK  |  #CE  |  #SSR/ASR  
RUN-0007 : ---------------------------
RUN-0007 :    9    |  12   |     6      
RUN-0007 : ---------------------------
RUN-0007 : Control Set = 27
PHY-3001 : Initial placement ...
PHY-3001 : design contains 1680 instances, 860 luts, 520 seqs, 161 slices, 33 macros(161 instances: 103 mslices 58 lslices)
PHY-0007 : Cell area utilization is 6%
PHY-3001 : Start timing update ...
RUN-1002 : start command "start_timer -report"
TMR-2505 : Start building timing graph for model test_camera.
TMR-2506 : Build timing graph completely. Port num: 19, tpin num: 7232, tnet num: 1874, tinst num: 1680, tnode num: 8899, tedge num: 11303.
TMR-2508 : Levelizing timing graph completed, there are 27 levels in total.
TMR-2501 : Timing graph initialized successfully.
TMR-2503 : Start to update net delay, extr mode = 2.
TMR-2504 : Update delay of 1874 nets completely.
TMR-2502 : Annotate delay completely, extr mode = 2.
TMR-3001 : Initiate 0 clocks from SDC.
TMR-3004 : Map sdc constraints, there are 2 constraints in total.
TMR-3003 : Constraints initiated successfully.
TMR-3501 : Forward propagation: start to calculate arrival time...
TMR-3502 : Backward propagation: start to calculate required time...
TMR-3503 : Timing propagation completes.
PHY-3001 : End timing update;  0.806570s wall, 0.812500s user + 0.000000s system = 0.812500s CPU (100.7%)

PHY-3001 : Global placement ...
PHY-3001 : Initial: Len = 385397
PHY-3001 : Clustering ...
PHY-3001 : Level 0 #clusters 1680.
PHY-3001 : End clustering;  0.000011s wall, 0.000000s user + 0.000000s system = 0.000000s CPU (n/a%)

PHY-3001 : Run with size of 4
PHY-3001 : Cell area utilization is 6%
PHY-3001 : :::0::: Try harder cell spreading with beta_ = 0
PHY-3002 : Step(1): len = 320313, overlap = 9
PHY-3002 : Step(2): len = 260682, overlap = 9
PHY-3002 : Step(3): len = 229786, overlap = 9
PHY-3002 : Step(4): len = 194865, overlap = 9
PHY-3002 : Step(5): len = 166253, overlap = 9
PHY-3002 : Step(6): len = 138890, overlap = 9
PHY-3002 : Step(7): len = 125128, overlap = 9
PHY-3002 : Step(8): len = 109471, overlap = 9
PHY-3002 : Step(9): len = 100356, overlap = 9
PHY-3002 : Step(10): len = 90660.6, overlap = 10.125
PHY-3002 : Step(11): len = 84480, overlap = 12.6562
PHY-3002 : Step(12): len = 79653.7, overlap = 14.0938
PHY-3002 : Step(13): len = 76291.2, overlap = 15.375
PHY-3002 : Step(14): len = 72424.1, overlap = 15.875
PHY-3002 : Step(15): len = 68986.8, overlap = 15.7188
PHY-3002 : Step(16): len = 66415.7, overlap = 14.8125
PHY-3002 : Step(17): len = 64274.5, overlap = 14.625
PHY-3002 : Step(18): len = 61190.2, overlap = 14.125
PHY-3002 : Step(19): len = 61190.2, overlap = 14.125
PHY-3001 : :::1::: Try harder cell spreading with beta_ = 0.000169559
PHY-3002 : Step(20): len = 75677.5, overlap = 14.1875
PHY-3002 : Step(21): len = 79015.7, overlap = 5.21875
PHY-3002 : Step(22): len = 75898.8, overlap = 9.71875
PHY-3002 : Step(23): len = 75382.5, overlap = 9.71875
PHY-3002 : Step(24): len = 71126.4, overlap = 14.2188
PHY-3002 : Step(25): len = 70729.7, overlap = 14.0312
PHY-3002 : Step(26): len = 71359.9, overlap = 14.0312
PHY-3002 : Step(27): len = 71497.4, overlap = 14.0938
PHY-3002 : Step(28): len = 71558.8, overlap = 14.25
PHY-3001 : :::2::: Try harder cell spreading with beta_ = 0.000339118
PHY-3002 : Step(29): len = 71765.1, overlap = 14.25
PHY-3002 : Step(30): len = 71809, overlap = 14.25
PHY-3001 : :::3::: Try harder cell spreading with beta_ = 0.000678235
PHY-3002 : Step(31): len = 71888.7, overlap = 9.625
PHY-3002 : Step(32): len = 71887.1, overlap = 9.53125
PHY-3001 : Legalization ...
PHY-3001 : End legalization;  0.006456s wall, 0.046875s user + 0.000000s system = 0.046875s CPU (726.1%)

PHY-3001 : Run with size of 4
PHY-3001 : Cell area utilization is 7%
PHY-3001 : Update timing in Manhattan mode ...
TMR-2503 : Start to update net delay, extr mode = 3.
TMR-2504 : Update delay of 1874 nets completely.
TMR-2502 : Annotate delay completely, extr mode = 3.
TMR-3501 : Forward propagation: start to calculate arrival time...
TMR-3502 : Backward propagation: start to calculate required time...
TMR-3503 : Timing propagation completes.
PHY-3001 : End timing update;  0.030260s wall, 0.015625s user + 0.015625s system = 0.031250s CPU (103.3%)

PHY-3001 : :::0::: Try harder cell spreading with beta_ = 0.000135936
PHY-3002 : Step(33): len = 70252.4, overlap = 16.4688
PHY-3002 : Step(34): len = 70229.4, overlap = 16.5938
PHY-3002 : Step(35): len = 69169.7, overlap = 16.7188
PHY-3002 : Step(36): len = 69062.5, overlap = 16.8125
PHY-3002 : Step(37): len = 67931.6, overlap = 15.4375
PHY-3002 : Step(38): len = 68298.7, overlap = 13.7812
PHY-3002 : Step(39): len = 66554.8, overlap = 13.9375
PHY-3002 : Step(40): len = 65883.8, overlap = 13.5312
PHY-3002 : Step(41): len = 65655.6, overlap = 13
PHY-3002 : Step(42): len = 65480.2, overlap = 12.8125
PHY-3002 : Step(43): len = 64650.8, overlap = 11.875
PHY-3002 : Step(44): len = 63973.5, overlap = 10.8438
PHY-3002 : Step(45): len = 62671.9, overlap = 11.0938
PHY-3002 : Step(46): len = 62230.6, overlap = 10.5625
PHY-3002 : Step(47): len = 61645.9, overlap = 8.84375
PHY-3001 : :::1::: Try harder cell spreading with beta_ = 0.000271872
PHY-3002 : Step(48): len = 61170.4, overlap = 8.1875
PHY-3002 : Step(49): len = 61112.1, overlap = 8.09375
PHY-3002 : Step(50): len = 61092.3, overlap = 8.09375
PHY-3001 : :::2::: Try harder cell spreading with beta_ = 0.000543745
PHY-3002 : Step(51): len = 60973.4, overlap = 6.875
PHY-3002 : Step(52): len = 60970.8, overlap = 6.9375
PHY-3001 : Run with size of 2
PHY-3001 : Cell area utilization is 7%
PHY-3001 : Update timing in Manhattan mode ...
TMR-2503 : Start to update net delay, extr mode = 3.
TMR-2504 : Update delay of 1874 nets completely.
TMR-2502 : Annotate delay completely, extr mode = 3.
TMR-3501 : Forward propagation: start to calculate arrival time...
TMR-3502 : Backward propagation: start to calculate required time...
TMR-3503 : Timing propagation completes.
PHY-3001 : End timing update;  0.029606s wall, 0.015625s user + 0.015625s system = 0.031250s CPU (105.6%)

PHY-3001 : :::0::: Try harder cell spreading with beta_ = 2.64062e-05
PHY-3002 : Step(53): len = 61183.1, overlap = 49.0938
PHY-3002 : Step(54): len = 61254.5, overlap = 48.5312
PHY-3002 : Step(55): len = 62209.9, overlap = 46.0625
PHY-3002 : Step(56): len = 62823.9, overlap = 43.1875
PHY-3002 : Step(57): len = 63871.9, overlap = 35.25
PHY-3002 : Step(58): len = 62111.9, overlap = 40.4688
PHY-3002 : Step(59): len = 62061.1, overlap = 42.2812
PHY-3002 : Step(60): len = 61591.8, overlap = 44.2812
PHY-3002 : Step(61): len = 61523.7, overlap = 44.4688
PHY-3002 : Step(62): len = 61209.3, overlap = 45.7812
PHY-3001 : :::1::: Try harder cell spreading with beta_ = 5.28124e-05
PHY-3002 : Step(63): len = 61103.4, overlap = 44.9375
PHY-3002 : Step(64): len = 61153.9, overlap = 44.2812
PHY-3002 : Step(65): len = 61205.2, overlap = 40.7188
PHY-3001 : :::2::: Try harder cell spreading with beta_ = 0.000105625
PHY-3002 : Step(66): len = 61714.8, overlap = 39.0312
PHY-3002 : Step(67): len = 61858, overlap = 38.4375
PHY-3002 : Step(68): len = 62760, overlap = 34.4688
PHY-3002 : Step(69): len = 63060.4, overlap = 34.2188
PHY-3002 : Step(70): len = 63175.8, overlap = 32
OPT-1001 : Start physical optimization ...
RUN-1002 : start command "start_timer -report"
TMR-2505 : Start building timing graph for model test_camera.
TMR-2506 : Build timing graph completely. Port num: 19, tpin num: 7232, tnet num: 1874, tinst num: 1680, tnode num: 8899, tedge num: 11303.
TMR-2508 : Levelizing timing graph completed, there are 27 levels in total.
TMR-2501 : Timing graph initialized successfully.
OPT-1001 : Total overflow 75.62 peak overflow 3.25
OPT-1001 : Start high-fanout net optimization ...
OPT-1001 : Update timing in global mode
PHY-1001 : Start incremental global routing, caller is place ...
RUN-1001 : Generating global routing grids ...
RUN-1001 : Building simple global routing graph ...
PHY-1001 : Generate routing nets ...
PHY-1001 : Reuse net number 0/1876.
PHY-1001 : Global iterations in 16 thread ...
PHY-1002 : len = 69136, over cnt = 181(0%), over = 685, worst = 16
PHY-1001 : End global iterations;  0.103013s wall, 0.140625s user + 0.046875s system = 0.187500s CPU (182.0%)

PHY-1001 : Congestion index: top1 = 33.43, top5 = 20.08, top10 = 14.08, top15 = 10.86.
PHY-1001 : End incremental global routing;  0.163920s wall, 0.187500s user + 0.046875s system = 0.234375s CPU (143.0%)

TMR-2503 : Start to update net delay, extr mode = 5.
TMR-2504 : Update delay of 1874 nets completely.
TMR-2502 : Annotate delay completely, extr mode = 5.
TMR-3001 : Initiate 0 clocks from SDC.
TMR-3004 : Map sdc constraints, there are 2 constraints in total.
TMR-3003 : Constraints initiated successfully.
TMR-3501 : Forward propagation: start to calculate arrival time...
TMR-3502 : Backward propagation: start to calculate required time...
TMR-3503 : Timing propagation completes.
OPT-1001 : End timing update;  0.039704s wall, 0.046875s user + 0.000000s system = 0.046875s CPU (118.1%)

OPT-1001 : 0 high-fanout net processed.
OPT-1001 : End high-fanout net optimization;  0.233132s wall, 0.265625s user + 0.046875s system = 0.312500s CPU (134.0%)

OPT-1001 : Current memory(MB): used = 176, reserve = 151, peak = 176.
OPT-1001 : Start global optimization ...
OPT-1001 : Start congestion update ...
RUN-1001 : Generating global routing grids ...
PHY-1001 : Generate routing nets ...
PHY-1001 : Reuse net number 1241/1876.
PHY-1001 : Global iterations in 16 thread ...
PHY-1002 : len = 69136, over cnt = 181(0%), over = 685, worst = 16
PHY-1002 : len = 74000, over cnt = 103(0%), over = 204, worst = 10
PHY-1002 : len = 75704, over cnt = 28(0%), over = 43, worst = 8
PHY-1002 : len = 76096, over cnt = 0(0%), over = 0, worst = 0
PHY-1001 : End global iterations;  0.108151s wall, 0.109375s user + 0.015625s system = 0.125000s CPU (115.6%)

PHY-1001 : Congestion index: top1 = 30.32, top5 = 20.10, top10 = 14.68, top15 = 11.50.
OPT-1001 : End congestion update;  0.160189s wall, 0.156250s user + 0.015625s system = 0.171875s CPU (107.3%)

OPT-1001 : Update timing in Manhattan mode
TMR-2503 : Start to update net delay, extr mode = 3.
TMR-2504 : Update delay of 1874 nets completely.
TMR-2502 : Annotate delay completely, extr mode = 3.
TMR-3501 : Forward propagation: start to calculate arrival time...
TMR-3502 : Backward propagation: start to calculate required time...
TMR-3503 : Timing propagation completes.
OPT-1001 : End timing update;  0.030367s wall, 0.031250s user + 0.000000s system = 0.031250s CPU (102.9%)

OPT-0007 : Start: WNS 4470 TNS 0 NUM_FEPS 0
OPT-1001 : End global optimization;  0.190687s wall, 0.187500s user + 0.015625s system = 0.203125s CPU (106.5%)

OPT-1001 : Current memory(MB): used = 178, reserve = 152, peak = 178.
OPT-1001 : End physical optimization;  1.226244s wall, 1.265625s user + 0.062500s system = 1.328125s CPU (108.3%)

PHY-3001 : Start packing ...
SYN-4007 : Packing 0 MUX to BLE ...
SYN-4008 : Packed 0 MUX and 0 SEQ to BLE.
SYN-4007 : Packing 860 LUT to BLE ...
SYN-4008 : Packed 860 LUT and 293 SEQ to BLE.
SYN-4003 : Packing 227 remaining SEQ's ...
SYN-4005 : Packed 102 SEQ with LUT/SLICE
SYN-4006 : 494 single LUT's are left
SYN-4006 : 125 single SEQ's are left
SYN-4011 : Packing model "test_camera" (AL_USER_NORMAL) with 985/1447 primitive instances ...
PHY-3001 : End packing;  0.070538s wall, 0.062500s user + 0.000000s system = 0.062500s CPU (88.6%)

PHY-1001 : Populate physical database on model test_camera.
RUN-1001 : There are total 852 instances
RUN-1001 : 355 mslices, 356 lslices, 132 pads, 2 brams, 0 dsps
RUN-1001 : There are total 1620 nets
RUN-1001 : 1054 nets have 2 pins
RUN-1001 : 370 nets have [3 - 5] pins
RUN-1001 : 124 nets have [6 - 10] pins
RUN-1001 : 39 nets have [11 - 20] pins
RUN-1001 : 29 nets have [21 - 99] pins
RUN-1001 : 4 nets have 100+ pins
PHY-3001 : design contains 850 instances, 711 slices, 33 macros(161 instances: 103 mslices 58 lslices)
PHY-3001 : Cell area utilization is 9%
PHY-3001 : After packing: Len = 63759.4, Over = 45.5
PHY-3001 : Run with size of 2
PHY-3001 : Cell area utilization is 9%
PHY-3001 : Update timing in Manhattan mode ...
RUN-1002 : start command "start_timer -report"
TMR-2505 : Start building timing graph for model test_camera.
TMR-2506 : Build timing graph completely. Port num: 19, tpin num: 6456, tnet num: 1618, tinst num: 850, tnode num: 7672, tedge num: 10557.
TMR-2508 : Levelizing timing graph completed, there are 27 levels in total.
TMR-2501 : Timing graph initialized successfully.
TMR-2503 : Start to update net delay, extr mode = 3.
TMR-2504 : Update delay of 1618 nets completely.
TMR-2502 : Annotate delay completely, extr mode = 3.
TMR-3001 : Initiate 0 clocks from SDC.
TMR-3004 : Map sdc constraints, there are 2 constraints in total.
TMR-3003 : Constraints initiated successfully.
TMR-3501 : Forward propagation: start to calculate arrival time...
TMR-3502 : Backward propagation: start to calculate required time...
TMR-3503 : Timing propagation completes.
PHY-3001 : End timing update;  0.861322s wall, 0.859375s user + 0.000000s system = 0.859375s CPU (99.8%)

PHY-3001 : :::0::: Try harder cell spreading with beta_ = 7.64778e-05
PHY-3002 : Step(71): len = 63388.8, overlap = 47.75
PHY-3002 : Step(72): len = 63387.8, overlap = 46.75
PHY-3002 : Step(73): len = 63596.7, overlap = 43.75
PHY-3002 : Step(74): len = 63257.8, overlap = 40.25
PHY-3002 : Step(75): len = 63224.8, overlap = 37
PHY-3002 : Step(76): len = 62989.1, overlap = 38
PHY-3002 : Step(77): len = 62501.6, overlap = 38.25
PHY-3002 : Step(78): len = 61976.9, overlap = 34.25
PHY-3002 : Step(79): len = 61540.5, overlap = 32.75
PHY-3002 : Step(80): len = 61067, overlap = 38
PHY-3002 : Step(81): len = 60418.9, overlap = 36
PHY-3002 : Step(82): len = 60194.3, overlap = 39.75
PHY-3002 : Step(83): len = 59852.3, overlap = 43.25
PHY-3002 : Step(84): len = 59788, overlap = 43.25
PHY-3002 : Step(85): len = 59641.1, overlap = 46.5
PHY-3001 : :::1::: Try harder cell spreading with beta_ = 0.000152956
PHY-3002 : Step(86): len = 60238.5, overlap = 42
PHY-3002 : Step(87): len = 60503, overlap = 41
PHY-3002 : Step(88): len = 60761.1, overlap = 40.25
PHY-3001 : :::2::: Try harder cell spreading with beta_ = 0.000305911
PHY-3002 : Step(89): len = 60800.2, overlap = 38
PHY-3002 : Step(90): len = 60800.2, overlap = 38
PHY-3001 : Legalization ...
PHY-3001 : End legalization;  0.127954s wall, 0.078125s user + 0.296875s system = 0.375000s CPU (293.1%)

PHY-3001 : Trial Legalized: Len = 74164.2
PHY-3001 : Run with size of 2
PHY-3001 : Cell area utilization is 9%
PHY-3001 : Update timing in Manhattan mode ...
TMR-2503 : Start to update net delay, extr mode = 3.
TMR-2504 : Update delay of 1618 nets completely.
TMR-2502 : Annotate delay completely, extr mode = 3.
TMR-3501 : Forward propagation: start to calculate arrival time...
TMR-3502 : Backward propagation: start to calculate required time...
TMR-3503 : Timing propagation completes.
PHY-3001 : End timing update;  0.026435s wall, 0.031250s user + 0.000000s system = 0.031250s CPU (118.2%)

PHY-3001 : :::0::: Try harder cell spreading with beta_ = 0.000690984
PHY-3002 : Step(91): len = 70756, overlap = 4.25
PHY-3002 : Step(92): len = 66752.5, overlap = 10.75
PHY-3002 : Step(93): len = 64689.3, overlap = 18
PHY-3002 : Step(94): len = 64066.2, overlap = 19
PHY-3002 : Step(95): len = 63542.1, overlap = 19.25
PHY-3002 : Step(96): len = 62961.9, overlap = 21.5
PHY-3001 : :::1::: Try harder cell spreading with beta_ = 0.00138197
PHY-3002 : Step(97): len = 63066.8, overlap = 20.75
PHY-3002 : Step(98): len = 63012.8, overlap = 21.75
PHY-3002 : Step(99): len = 62963.4, overlap = 22
PHY-3001 : :::2::: Try harder cell spreading with beta_ = 0.00276394
PHY-3002 : Step(100): len = 62925.5, overlap = 21.75
PHY-3002 : Step(101): len = 62925.5, overlap = 21.75
PHY-3001 : Legalization ...
PHY-3001 : End legalization;  0.005612s wall, 0.000000s user + 0.000000s system = 0.000000s CPU (n/a%)

PHY-3001 : Legalized: Len = 68479.8, Over = 0
PHY-3001 : Spreading special nets. 4 overflows in 2952 tiles.
PHY-3001 : End spreading;  0.006927s wall, 0.000000s user + 0.000000s system = 0.000000s CPU (n/a%)

PHY-3001 : 7 instances has been re-located, deltaX = 0, deltaY = 7, maxDist = 1.
PHY-3001 : Final: Len = 68649.8, Over = 0
OPT-1001 : Start physical optimization ...
RUN-1002 : start command "start_timer -report"
TMR-2505 : Start building timing graph for model test_camera.
TMR-2506 : Build timing graph completely. Port num: 19, tpin num: 6456, tnet num: 1618, tinst num: 850, tnode num: 7672, tedge num: 10557.
TMR-2508 : Levelizing timing graph completed, there are 27 levels in total.
TMR-2501 : Timing graph initialized successfully.
OPT-1001 : Total overflow 0.00 peak overflow 0.00
OPT-1001 : Start high-fanout net optimization ...
OPT-1001 : Update timing in global mode
PHY-1001 : Start incremental global routing, caller is place ...
RUN-1001 : Generating global routing grids ...
PHY-1001 : Generate routing nets ...
PHY-1001 : Reuse net number 49/1620.
PHY-1001 : Global iterations in 16 thread ...
PHY-1002 : len = 77792, over cnt = 166(0%), over = 243, worst = 6
PHY-1002 : len = 79000, over cnt = 65(0%), over = 82, worst = 4
PHY-1002 : len = 79856, over cnt = 13(0%), over = 13, worst = 1
PHY-1002 : len = 80032, over cnt = 0(0%), over = 0, worst = 0
PHY-1001 : End global iterations;  0.195693s wall, 0.234375s user + 0.046875s system = 0.281250s CPU (143.7%)

PHY-1001 : Congestion index: top1 = 28.30, top5 = 21.05, top10 = 16.23, top15 = 12.79.
PHY-1001 : End incremental global routing;  0.261694s wall, 0.312500s user + 0.046875s system = 0.359375s CPU (137.3%)

TMR-2503 : Start to update net delay, extr mode = 5.
TMR-2504 : Update delay of 1618 nets completely.
TMR-2502 : Annotate delay completely, extr mode = 5.
TMR-3001 : Initiate 0 clocks from SDC.
TMR-3004 : Map sdc constraints, there are 2 constraints in total.
TMR-3003 : Constraints initiated successfully.
TMR-3501 : Forward propagation: start to calculate arrival time...
TMR-3502 : Backward propagation: start to calculate required time...
TMR-3503 : Timing propagation completes.
OPT-1001 : End timing update;  0.039113s wall, 0.046875s user + 0.000000s system = 0.046875s CPU (119.8%)

OPT-1001 : 0 high-fanout net processed.
OPT-1001 : End high-fanout net optimization;  0.331560s wall, 0.390625s user + 0.046875s system = 0.437500s CPU (132.0%)

OPT-1001 : Current memory(MB): used = 184, reserve = 159, peak = 185.
OPT-1001 : Start path based optimization ...
OPT-1001 : Start congestion update ...
RUN-1001 : Generating global routing grids ...
PHY-1001 : Generate routing nets ...
PHY-1001 : Reuse net number 1378/1620.
PHY-1001 : Global iterations in 16 thread ...
PHY-1002 : len = 80032, over cnt = 0(0%), over = 0, worst = 0
PHY-1001 : End global iterations;  0.008402s wall, 0.000000s user + 0.000000s system = 0.000000s CPU (n/a%)

PHY-1001 : Congestion index: top1 = 28.30, top5 = 21.05, top10 = 16.23, top15 = 12.79.
OPT-1001 : End congestion update;  0.063607s wall, 0.062500s user + 0.000000s system = 0.062500s CPU (98.3%)

OPT-1001 : Update timing in Manhattan mode
TMR-2503 : Start to update net delay, extr mode = 3.
TMR-2504 : Update delay of 1618 nets completely.
TMR-2502 : Annotate delay completely, extr mode = 3.
TMR-3501 : Forward propagation: start to calculate arrival time...
TMR-3502 : Backward propagation: start to calculate required time...
TMR-3503 : Timing propagation completes.
OPT-1001 : End timing update;  0.026324s wall, 0.015625s user + 0.000000s system = 0.015625s CPU (59.4%)

OPT-0007 : Start: WNS 4345 TNS 0 NUM_FEPS 0
OPT-1001 : End path based optimization;  0.090046s wall, 0.078125s user + 0.000000s system = 0.078125s CPU (86.8%)

OPT-1001 : Current memory(MB): used = 186, reserve = 160, peak = 186.
OPT-1001 : Update timing in Manhattan mode
TMR-2503 : Start to update net delay, extr mode = 3.
TMR-2504 : Update delay of 1618 nets completely.
TMR-2502 : Annotate delay completely, extr mode = 3.
TMR-3501 : Forward propagation: start to calculate arrival time...
TMR-3502 : Backward propagation: start to calculate required time...
TMR-3503 : Timing propagation completes.
OPT-1001 : End timing update;  0.026316s wall, 0.031250s user + 0.000000s system = 0.031250s CPU (118.7%)

OPT-1001 : Start pin optimization...
OPT-1001 : skip pin optimization...
OPT-1001 : Update timing in global mode
PHY-1001 : Start incremental global routing, caller is place ...
RUN-1001 : Generating global routing grids ...
PHY-1001 : Generate routing nets ...
PHY-1001 : Reuse net number 1378/1620.
PHY-1001 : Global iterations in 16 thread ...
PHY-1002 : len = 80032, over cnt = 0(0%), over = 0, worst = 0
PHY-1001 : End global iterations;  0.009024s wall, 0.015625s user + 0.000000s system = 0.015625s CPU (173.2%)

PHY-1001 : Congestion index: top1 = 28.30, top5 = 21.05, top10 = 16.23, top15 = 12.79.
PHY-1001 : End incremental global routing;  0.067313s wall, 0.062500s user + 0.000000s system = 0.062500s CPU (92.9%)

TMR-2503 : Start to update net delay, extr mode = 5.
TMR-2504 : Update delay of 1618 nets completely.
TMR-2502 : Annotate delay completely, extr mode = 5.
TMR-3501 : Forward propagation: start to calculate arrival time...
TMR-3502 : Backward propagation: start to calculate required time...
TMR-3503 : Timing propagation completes.
OPT-1001 : End timing update;  0.036272s wall, 0.046875s user + 0.000000s system = 0.046875s CPU (129.2%)

RUN-1001 : Generating global routing grids ...
PHY-1001 : Generate routing nets ...
PHY-1001 : Reuse net number 1378/1620.
PHY-1001 : Global iterations in 16 thread ...
PHY-1002 : len = 80032, over cnt = 0(0%), over = 0, worst = 0
PHY-1001 : End global iterations;  0.008887s wall, 0.000000s user + 0.000000s system = 0.000000s CPU (n/a%)

PHY-1001 : Congestion index: top1 = 28.30, top5 = 21.05, top10 = 16.23, top15 = 12.79.
OPT-1001 : Update timing in Manhattan mode
TMR-2503 : Start to update net delay, extr mode = 3.
TMR-2504 : Update delay of 1618 nets completely.
TMR-2502 : Annotate delay completely, extr mode = 3.
TMR-3501 : Forward propagation: start to calculate arrival time...
TMR-3502 : Backward propagation: start to calculate required time...
TMR-3503 : Timing propagation completes.
OPT-1001 : End timing update;  0.027228s wall, 0.031250s user + 0.000000s system = 0.031250s CPU (114.8%)

RUN-1001 : QoR Analysis:
OPT-0007 :   WNS 4345 TNS 0 NUM_FEPS 0
RUN-1001 :   No local congestion issue, and most congested 1% tile average routing util is 27.827586
RUN-1001 :   Top critical paths
OPT-1001 : End physical optimization;  1.499746s wall, 1.546875s user + 0.046875s system = 1.593750s CPU (106.3%)

RUN-1003 : finish command "place" in  7.228971s wall, 8.390625s user + 3.125000s system = 11.515625s CPU (159.3%)

RUN-1004 : used memory is 165 MB, reserved memory is 139 MB, peak memory is 186 MB
RUN-1002 : start command "export_db ov2640_sdram_place.db"
RUN-1001 : Exported /
RUN-1001 : Exported flow parameters
RUN-1001 : Exported libs
RUN-1001 : Exported entities
RUN-1001 : Exported ports
RUN-1001 : Exported pins
RUN-1001 : Exported instances
RUN-1001 : Exported nets
RUN-1001 : Exported buses
RUN-1001 : Exported models
RUN-1001 : Exported congestions
RUN-1001 : Exported violations
RUN-1001 : Exported timing constraints
RUN-1001 : Exported IO constraints
RUN-1001 : Exported Inst constraints
RUN-1002 : start command "route"
RUN-1001 : Open license file C:/Anlogic/TD5.6.59063/license/Anlogic.lic
RUN-1001 : Print Global Property
RUN-1001 : ---------------------------------------------------------------
RUN-1001 :        Parameters        |  Settings  |  Default Values  |  Note  
RUN-1001 : ---------------------------------------------------------------
RUN-1001 :          message         |  standard  |     standard     |        
RUN-1001 :   mixed_pack_place_flow  |     on     |        on        |        
RUN-1001 :        qor_monitor       |    off     |       off        |        
RUN-1001 :        syn_ip_flow       |    off     |       off        |        
RUN-1001 :          thread          |    auto    |       auto       |        
RUN-1001 : ---------------------------------------------------------------
RUN-1001 : Print Route Property
RUN-1001 : -------------------------------------------------------
RUN-1001 :    Parameters    |  Settings  |  Default Values  |  Note  
RUN-1001 : -------------------------------------------------------
RUN-1001 :      effort      |   medium   |      medium      |        
RUN-1001 :     fix_hold     |    off     |       off        |        
RUN-1001 :    opt_timing    |   medium   |      medium      |        
RUN-1001 :   phy_sim_model  |    off     |       off        |        
RUN-1001 :     priority     |   timing   |      timing      |        
RUN-1001 :     swap_pin     |     on     |        on        |        
RUN-1001 : -------------------------------------------------------
PHY-1001 : Route runs in 16 thread(s)
RUN-1001 : There are total 852 instances
RUN-1001 : 355 mslices, 356 lslices, 132 pads, 2 brams, 0 dsps
RUN-1001 : There are total 1620 nets
RUN-1001 : 1054 nets have 2 pins
RUN-1001 : 370 nets have [3 - 5] pins
RUN-1001 : 124 nets have [6 - 10] pins
RUN-1001 : 39 nets have [11 - 20] pins
RUN-1001 : 29 nets have [21 - 99] pins
RUN-1001 : 4 nets have 100+ pins
RUN-1002 : start command "start_timer -report"
TMR-2505 : Start building timing graph for model test_camera.
TMR-2506 : Build timing graph completely. Port num: 19, tpin num: 6456, tnet num: 1618, tinst num: 850, tnode num: 7672, tedge num: 10557.
TMR-2508 : Levelizing timing graph completed, there are 27 levels in total.
TMR-2501 : Timing graph initialized successfully.
PHY-1001 : 355 mslices, 356 lslices, 132 pads, 2 brams, 0 dsps
TMR-2503 : Start to update net delay, extr mode = 3.
TMR-2504 : Update delay of 1618 nets completely.
TMR-2502 : Annotate delay completely, extr mode = 3.
TMR-3001 : Initiate 0 clocks from SDC.
TMR-3004 : Map sdc constraints, there are 2 constraints in total.
TMR-3003 : Constraints initiated successfully.
TMR-3501 : Forward propagation: start to calculate arrival time...
TMR-3502 : Backward propagation: start to calculate required time...
TMR-3503 : Timing propagation completes.
PHY-1001 : Start global routing, caller is route ...
RUN-1001 : Generating global routing grids ...
PHY-1001 : Generate routing nets ...
PHY-1001 : Global iterations in 16 thread ...
PHY-1002 : len = 77296, over cnt = 171(0%), over = 245, worst = 6
PHY-1002 : len = 78288, over cnt = 80(0%), over = 111, worst = 4
PHY-1002 : len = 79432, over cnt = 19(0%), over = 26, worst = 2
PHY-1002 : len = 79744, over cnt = 0(0%), over = 0, worst = 0
PHY-1001 : End global iterations;  0.195884s wall, 0.265625s user + 0.062500s system = 0.328125s CPU (167.5%)

PHY-1001 : Congestion index: top1 = 28.53, top5 = 20.91, top10 = 16.18, top15 = 12.77.
PHY-1001 : End global routing;  0.258195s wall, 0.343750s user + 0.062500s system = 0.406250s CPU (157.3%)

PHY-1001 : Start detail routing ...
PHY-1001 : Current memory(MB): used = 205, reserve = 179, peak = 221.
PHY-1001 : Detailed router is running in normal mode.
PHY-1001 : Generate detailed routing grids ...
PHY-1001 : Generate nets ...
PHY-1001 : net cam_pclk_dup_1 will be routed on clock mesh
PHY-1001 : net clk_24m_dup_1 will be routed on clock mesh
PHY-1001 : net clk_cam will be routed on clock mesh
PHY-1001 : net vga_clk_dup_1 will be routed on clock mesh
PHY-1001 : clock net Sdram_Control_4Port/CTRL_CLK will be merged with clock u_pll/clk0_buf
PHY-1001 : net Sdram_Control_4Port/SDRAM_CLK will be routed on clock mesh
PHY-1001 : net u_camera_init/u_i2c_write/clk will be routed on clock mesh
PHY-1001 : clock net u_camera_init/divider2[8]_syn_4 will be merged with clock u_camera_init/divider2[8]
PHY-1001 : clock net u_camera_init/divider2[7]_syn_2 will be merged with clock u_camera_init/divider2[7]
PHY-1001 : Current memory(MB): used = 474, reserve = 453, peak = 474.
PHY-1001 : End build detailed router design. 3.903276s wall, 3.859375s user + 0.046875s system = 3.906250s CPU (100.1%)

PHY-1001 : Detail Route ...
PHY-1001 : ===== Detail Route Phase 1 =====
PHY-1001 : Clock net routing.....
PHY-1001 : Routed 0% nets.
PHY-1022 : len = 21640, over cnt = 0(0%), over = 0, worst = 0, crit = 0
PHY-1001 : End initial clock net routed; 3.403664s wall, 3.390625s user + 0.015625s system = 3.406250s CPU (100.1%)

PHY-1001 : Current memory(MB): used = 507, reserve = 487, peak = 507.
PHY-1001 : End phase 1; 3.410200s wall, 3.390625s user + 0.015625s system = 3.406250s CPU (99.9%)

PHY-1001 : ===== Detail Route Phase 2 =====
PHY-1001 : Initial routing.....
PHY-1001 : Routed 18% nets.
PHY-1001 : Routed 24% nets.
PHY-1001 : Routed 33% nets.
PHY-1001 : Routed 38% nets.
PHY-1001 : Routed 46% nets.
PHY-1001 : Patch 676 net; 1.607993s wall, 1.609375s user + 0.000000s system = 1.609375s CPU (100.1%)

PHY-1022 : len = 144608, over cnt = 89(0%), over = 89, worst = 1, crit = 0
PHY-1001 : Current memory(MB): used = 508, reserve = 488, peak = 508.
PHY-1001 : End initial routed; 4.330002s wall, 5.031250s user + 0.031250s system = 5.062500s CPU (116.9%)

PHY-1001 : Update timing.....
PHY-1001 : 0/1431(0%) critical/total net(s).
RUN-1001 : ------------------------------------------
RUN-1001 :   Type   |    WNS(ns)    |  TNS(ns)  |  FEP  
RUN-1001 : ------------------------------------------
RUN-1001 :   Setup  |     3.846     |   0.000   |   0   
RUN-1001 :   Hold   |  2147483.647  |   0.000   |   0   
RUN-1001 : ------------------------------------------
PHY-1001 : End update timing; 0.910423s wall, 0.921875s user + 0.000000s system = 0.921875s CPU (101.3%)

PHY-1001 : Current memory(MB): used = 511, reserve = 491, peak = 511.
PHY-1001 : End phase 2; 5.240489s wall, 5.953125s user + 0.031250s system = 5.984375s CPU (114.2%)

PHY-1001 : ===== Detail Route Phase 3 =====
PHY-1001 : Optimize timing.....
PHY-1022 : len = 144608, over cnt = 89(0%), over = 89, worst = 1, crit = 0
PHY-1001 : End optimize timing; 0.007412s wall, 0.000000s user + 0.000000s system = 0.000000s CPU (n/a%)

PHY-1001 : Ripup-reroute.....
PHY-1001 : ===== DR Iter 1 =====
PHY-1022 : len = 144104, over cnt = 21(0%), over = 21, worst = 1, crit = 0
PHY-1001 : End DR Iter 1; 0.095132s wall, 0.156250s user + 0.031250s system = 0.187500s CPU (197.1%)

PHY-1001 : ===== DR Iter 2 =====
PHY-1022 : len = 144224, over cnt = 3(0%), over = 3, worst = 1, crit = 0
PHY-1001 : End DR Iter 2; 0.051331s wall, 0.046875s user + 0.000000s system = 0.046875s CPU (91.3%)

PHY-1001 : ===== DR Iter 3 =====
PHY-1022 : len = 144256, over cnt = 0(0%), over = 0, worst = 0, crit = 0
PHY-1001 : End DR Iter 3; 0.023265s wall, 0.062500s user + 0.031250s system = 0.093750s CPU (403.0%)

PHY-1001 : Update timing.....
PHY-1001 : 0/1431(0%) critical/total net(s).
RUN-1001 : ------------------------------------------
RUN-1001 :   Type   |    WNS(ns)    |  TNS(ns)  |  FEP  
RUN-1001 : ------------------------------------------
RUN-1001 :   Setup  |     3.846     |   0.000   |   0   
RUN-1001 :   Hold   |  2147483.647  |   0.000   |   0   
RUN-1001 : ------------------------------------------
PHY-1001 : End update timing; 0.910381s wall, 0.906250s user + 0.000000s system = 0.906250s CPU (99.5%)

PHY-1001 : Commit to database.....
PHY-1001 : 48 feed throughs used by 23 nets
PHY-1001 : End commit to database; 0.165087s wall, 0.156250s user + 0.000000s system = 0.156250s CPU (94.6%)

PHY-1001 : Current memory(MB): used = 525, reserve = 505, peak = 525.
PHY-1001 : End phase 3; 1.371257s wall, 1.453125s user + 0.062500s system = 1.515625s CPU (110.5%)

PHY-1003 : Routed, final wirelength = 144256
PHY-1001 : Current memory(MB): used = 525, reserve = 505, peak = 525.
PHY-1001 : End export database. 0.009414s wall, 0.000000s user + 0.000000s system = 0.000000s CPU (n/a%)

PHY-1001 : End detail routing;  14.164237s wall, 14.890625s user + 0.156250s system = 15.046875s CPU (106.2%)

RUN-1003 : finish command "route" in  15.357285s wall, 16.156250s user + 0.234375s system = 16.390625s CPU (106.7%)

RUN-1004 : used memory is 470 MB, reserved memory is 451 MB, peak memory is 525 MB
RUN-1002 : start command "report_area -io_info -file ov2640_sdram_phy.area"
RUN-1001 : standard
***Report Model: test_camera Device: EG4S20BG256***

IO Statistics
#IO                        77
  #input                   29
  #output                  47
  #inout                    1

Utilization Statistics
#lut                     1238   out of  19600    6.32%
#reg                      535   out of  19600    2.73%
#le                      1363
  #lut only               828   out of   1363   60.75%
  #reg only               125   out of   1363    9.17%
  #lut&reg                410   out of   1363   30.08%
#dsp                        0   out of     29    0.00%
#bram                       0   out of     64    0.00%
  #bram9k                   0
  #fifo9k                   0
#bram32k                    2   out of     16   12.50%
#pad                       77   out of    188   40.96%
  #ireg                     0
  #oreg                     0
  #treg                     0
#pll                        1   out of      4   25.00%
#gclk                       9   out of     16   56.25%

Clock Resource Statistics
Index     ClockNet                         Type               DriverType         Driver                          Fanout
#1        u_pll/clk0_buf                   GCLK               pll                u_pll/pll_inst.clkc0            174
#2        vga_clk_dup_1                    GCLK               pll                u_pll/pll_inst.clkc2            43
#3        cam_pclk_dup_1                   GCLK               io                 cam_pclk_syn_2.di               41
#4        u_camera_init/divider2[8]        GCLK               lslice             u_camera_init/reg3_syn_53.q1    25
#5        u_camera_init/u_i2c_write/clk    GCLK               pll                u_pll/pll_inst.clkc4            22
#6        u_camera_init/divider2[7]        GCLK               lslice             u_camera_init/reg3_syn_53.q0    16
#7        clk_24m_dup_1                    GCLK               io                 clk_24m_syn_2.di                5
#8        Sdram_Control_4Port/SDRAM_CLK    GCLK               pll                u_pll/pll_inst.clkc1            0
#9        clk_cam                          GCLK               pll                u_pll/pll_inst.clkc3            0


Detailed IO Report

    Name       Direction    Location    IOStandard    DriveStrength    PullType    PackReg  
  Switch[5]      INPUT         P6        LVCMOS25          N/A          PULLUP      NONE    
  Switch[4]      INPUT         M6        LVCMOS25          N/A          PULLUP      NONE    
  Switch[3]      INPUT         T6        LVCMOS25          N/A          PULLUP      NONE    
  Switch[2]      INPUT         T5        LVCMOS25          N/A          PULLUP      NONE    
  Switch[1]      INPUT         R5        LVCMOS25          N/A          PULLUP      NONE    
  Switch[0]      INPUT         T4        LVCMOS25          N/A          PULLUP      NONE    
  cam_href       INPUT        F15        LVCMOS33          N/A          PULLUP      NONE    
  cam_pclk       INPUT        K12        LVCMOS33          N/A          PULLUP      NONE    
  cam_vsync      INPUT        E15        LVCMOS33          N/A          PULLUP      NONE    
   clk_24m       INPUT        K14        LVCMOS33          N/A          PULLUP      NONE    
    rst_n        INPUT        G11        LVCMOS33          N/A          PULLUP      NONE    
   Led[15]      OUTPUT        T13        LVCMOS25           8            NONE       NONE    
   Led[14]      OUTPUT        T12        LVCMOS25           8            NONE       NONE    
   Led[13]      OUTPUT        R12        LVCMOS25           8            NONE       NONE    
   Led[12]      OUTPUT         M7        LVCMOS25           8            NONE       NONE    
   Led[11]      OUTPUT         T9        LVCMOS25           8            NONE       NONE    
   Led[10]      OUTPUT         T8        LVCMOS25           8            NONE       NONE    
   Led[9]       OUTPUT         T7        LVCMOS25           8            NONE       NONE    
   Led[8]       OUTPUT         R7        LVCMOS25           8            NONE       NONE    
   Led[7]       OUTPUT         P5        LVCMOS25           8            NONE       NONE    
   Led[6]       OUTPUT         N5        LVCMOS25           8            NONE       NONE    
   Led[5]       OUTPUT         P4        LVCMOS25           8            NONE       NONE    
   Led[4]       OUTPUT         M5        LVCMOS25           8            NONE       NONE    
   Led[3]       OUTPUT         N4        LVCMOS25           8            NONE       NONE    
   Led[2]       OUTPUT         N3        LVCMOS25           8            NONE       NONE    
   Led[1]       OUTPUT         M4        LVCMOS25           8            NONE       NONE    
   Led[0]       OUTPUT         M3        LVCMOS25           8            NONE       NONE    
  cam_pwdn      OUTPUT        F14        LVCMOS33           8            NONE       NONE    
   cam_rst      OUTPUT        F13        LVCMOS33           8            NONE       NONE    
  cam_soic      OUTPUT        D16        LVCMOS33           8           PULLUP      NONE    
  cam_xclk      OUTPUT        J12        LVCMOS33           8            NONE       NONE    
  vga_b[7]      OUTPUT         C1        LVCMOS25           8            NONE       NONE    
  vga_b[6]      OUTPUT         D1        LVCMOS25           8            NONE       NONE    
  vga_b[5]      OUTPUT         E2        LVCMOS25           8            NONE       NONE    
  vga_b[4]      OUTPUT         G3        LVCMOS25           8            NONE       NONE    
  vga_b[3]      OUTPUT         E1        LVCMOS25           8            NONE       NONE    
  vga_b[2]      OUTPUT         F2        LVCMOS25           8            NONE       NONE    
  vga_b[1]      OUTPUT         F1        LVCMOS25           8            NONE       NONE    
  vga_b[0]      OUTPUT         G1        LVCMOS25           8            NONE       NONE    
   vga_clk      OUTPUT         H2        LVCMOS25           8            NONE       NONE    
  vga_g[7]      OUTPUT         H5        LVCMOS25           8            NONE       NONE    
  vga_g[6]      OUTPUT         H1        LVCMOS25           8            NONE       NONE    
  vga_g[5]      OUTPUT         J6        LVCMOS25           8            NONE       NONE    
  vga_g[4]      OUTPUT         H3        LVCMOS25           8            NONE       NONE    
  vga_g[3]      OUTPUT         J1        LVCMOS25           8            NONE       NONE    
  vga_g[2]      OUTPUT         K1        LVCMOS25           8            NONE       NONE    
  vga_g[1]      OUTPUT         K2        LVCMOS25           8            NONE       NONE    
  vga_g[0]      OUTPUT         L1        LVCMOS25           8            NONE       NONE    
  vga_hsync     OUTPUT         J3        LVCMOS25           8            NONE       NONE    
  vga_r[7]      OUTPUT         K6        LVCMOS25           8            NONE       NONE    
  vga_r[6]      OUTPUT         K3        LVCMOS25           8            NONE       NONE    
  vga_r[5]      OUTPUT         K5        LVCMOS25           8            NONE       NONE    
  vga_r[4]      OUTPUT         L4        LVCMOS25           8            NONE       NONE    
  vga_r[3]      OUTPUT         M1        LVCMOS25           8            NONE       NONE    
  vga_r[2]      OUTPUT         M2        LVCMOS25           8            NONE       NONE    
  vga_r[1]      OUTPUT         L3        LVCMOS25           8            NONE       NONE    
  vga_r[0]      OUTPUT         L5        LVCMOS25           8            NONE       NONE    
  vga_vsync     OUTPUT         J4        LVCMOS25           8            NONE       NONE    
  cam_soid       INOUT        D14        LVCMOS33           8           PULLUP      NONE    

Report Hierarchy Area:
+-----------------------------------------------------------------------------------------------------------------------------+
|Instance                    |Module                                     |le     |lut     |ripple  |seq     |bram    |dsp     |
+-----------------------------------------------------------------------------------------------------------------------------+
|top                         |test_camera                                |1363   |1077    |161     |535     |2       |0       |
|  Sdram_Control_4Port       |Sdram_Control_4Port                        |614    |402     |87      |395     |2       |0       |
|    command1                |command                                    |56     |54      |0       |46      |0       |0       |
|    control1                |control_interface                          |102    |73      |24      |53      |0       |0       |
|    data_path1              |sdr_data_path                              |18     |18      |0       |1       |0       |0       |
|    read_fifo1              |Sdram_RD_FIFO                              |131    |62      |18      |103     |1       |0       |
|      dcfifo_component      |softfifo                                   |131    |62      |18      |103     |1       |0       |
|        ram_inst            |ram_infer_softfifo                         |0      |0       |0       |0       |1       |0       |
|        rd_to_wr_cross_inst |fifo_cross_domain_addr_process_al_softfifo |39     |19      |0       |39      |0       |0       |
|        wr_to_rd_cross_inst |fifo_cross_domain_addr_process_al_softfifo |38     |20      |0       |38      |0       |0       |
|    sdram1                  |sdram                                      |0      |0       |0       |0       |0       |0       |
|    write_fifo1             |Sdram_WR_FIFO                              |129    |58      |18      |103     |1       |0       |
|      dcfifo_component      |softfifo                                   |129    |58      |18      |103     |1       |0       |
|        ram_inst            |ram_infer_softfifo                         |0      |0       |0       |0       |1       |0       |
|        rd_to_wr_cross_inst |fifo_cross_domain_addr_process_al_softfifo |38     |17      |0       |38      |0       |0       |
|        wr_to_rd_cross_inst |fifo_cross_domain_addr_process_al_softfifo |36     |21      |0       |36      |0       |0       |
|  u_Mode_Switch             |Mode_Switch                                |9      |9       |0       |6       |0       |0       |
|  u_cam_vga_out             |Driver                                     |113    |69      |44      |25      |0       |0       |
|  u_camera_init             |camera_init                                |548    |535     |13      |84      |0       |0       |
|    u_i2c_write             |i2c_module                                 |164    |164     |0       |43      |0       |0       |
|  u_camera_reader           |camera_reader                              |57     |40      |17      |23      |0       |0       |
|  u_pll                     |ip_pll                                     |0      |0       |0       |0       |0       |0       |
+-----------------------------------------------------------------------------------------------------------------------------+


DataNet Average Fanout:

   Index     Fanout     Nets  
    #1          1       993   
    #2          2       225   
    #3          3        72   
    #4          4        72   
    #5        5-10      128   
    #6        11-50      49   
    #7       51-100      9    
    #8       101-500     1    
  Average     2.87            

RUN-1002 : start command "export_db ov2640_sdram_pr.db"
RUN-1001 : Exported /
RUN-1001 : Exported flow parameters
RUN-1001 : Exported libs
RUN-1001 : Exported entities
RUN-1001 : Exported ports
RUN-1001 : Exported pins
RUN-1001 : Exported instances
RUN-1001 : Exported nets
RUN-1001 : Exported buses
RUN-1001 : Exported models
RUN-1001 : Exported congestions
RUN-1001 : Exported violations
RUN-1001 : Exported timing constraints
RUN-1001 : Exported IO constraints
RUN-1001 : Exported Inst constraints
RUN-1002 : start command "export_bid ov2640_sdram_inst.bid"
RUN-1002 : start command "bitgen -bit ov2640_sdram.bit"
BIT-1003 : Start to generate bitstream. 
BIT-1002 : Init instances with 16 threads.
BIT-1002 : Init instances completely, inst num: 850
BIT-1002 : Init pips with 16 threads.
BIT-1002 : Init pips completely, net num: 1620, pip num: 13476
BIT-1002 : Init feedthrough with 16 threads.
BIT-1002 : Init feedthrough completely, num: 48
BIT-1003 : Multithreading accelaration with 16 threads.
BIT-1003 : Generate bitstream completely, there are 1253 valid insts, and 41272 bits set as '1'.
BIT-1004 : the usercode register value: 00000000000100110000000000000000
BIT-1004 : PLL setting string = 0001
BIT-1004 : Generate bits file ov2640_sdram.bit.
RUN-1003 : finish command "bitgen -bit ov2640_sdram.bit" in  2.343944s wall, 19.406250s user + 0.218750s system = 19.625000s CPU (837.3%)

RUN-1004 : used memory is 464 MB, reserved memory is 449 MB, peak memory is 664 MB
RUN-1002 : start command "backup_run_log run.log ../.logs/phy_1/td_20221025_002504.log"
