============================================================
   Tang Dynasty, V5.6.59063
   Copyright (c) 2012-2022 Anlogic
   Executable = C:/Anlogic/TD5.6.59063/bin/td.exe
   Built at =   12:45:13 Sep  6 2022
   Run by =     Administrator
   Run Date =   Fri Oct 28 19:48:17 2022

   Run on =     WIN-25FR57M34TT
============================================================
RUN-1002 : start command "open_project ov2640_sdram.prj"
RUN-1001 : Print Global Property
RUN-1001 : ---------------------------------------------------------------
RUN-1001 :        Parameters        |  Settings  |  Default Values  |  Note  
RUN-1001 : ---------------------------------------------------------------
RUN-1001 :          message         |  standard  |     standard     |        
RUN-1001 :   mixed_pack_place_flow  |     on     |        on        |        
RUN-1001 :        qor_monitor       |    off     |       off        |        
RUN-1001 :        syn_ip_flow       |    off     |       off        |        
RUN-1001 :          thread          |    auto    |       auto       |        
RUN-1001 : ---------------------------------------------------------------
RUN-1001 : Print Design Property
RUN-1001 : --------------------------------------------------------------
RUN-1001 :        Parameters       |  Settings  |  Default Values  |  Note  
RUN-1001 : --------------------------------------------------------------
RUN-1001 :   default_reg_initial   |    auto    |       auto       |        
RUN-1001 :        infer_add        |     on     |        on        |        
RUN-1001 :        infer_fsm        |    off     |       off        |        
RUN-1001 :        infer_mult       |     on     |        on        |        
RUN-1001 :        infer_ram        |     on     |        on        |        
RUN-1001 :        infer_reg        |     on     |        on        |        
RUN-1001 :   infer_reg_init_value  |     on     |        on        |        
RUN-1001 :        infer_rom        |     on     |        on        |        
RUN-1001 :      infer_shifter      |     on     |        on        |        
RUN-1001 : --------------------------------------------------------------
RUN-1001 : Print Rtl Property
RUN-1001 : --------------------------------------------------------------
RUN-1001 :        Parameters       |  Settings  |  Default Values  |  Note  
RUN-1001 : --------------------------------------------------------------
RUN-1001 :       compress_add      |   ripple   |      ripple      |        
RUN-1001 :        elf_sload        |    off     |       off        |        
RUN-1001 :       fix_undriven      |     0      |        0         |        
RUN-1001 :         flatten         |    off     |       off        |        
RUN-1001 :       gate_sharing      |     on     |        on        |        
RUN-1001 :    hdl_warning_level    |   normal   |      normal      |        
RUN-1001 :   impl_internal_tribuf  |     on     |        on        |        
RUN-1001 :      impl_set_reset     |     on     |        on        |        
RUN-1001 :        infer_gsr        |    off     |       off        |        
RUN-1001 :      keep_hierarchy     |    auto    |       auto       |        
RUN-1001 :        max_fanout       |    9999    |       9999       |        
RUN-1001 :      max_oh2bin_len     |     10     |        10        |        
RUN-1001 :       merge_equal       |     on     |        on        |        
RUN-1001 :       merge_equiv       |     on     |        on        |        
RUN-1001 :        merge_mux        |    off     |       off        |        
RUN-1001 :     min_control_set     |     8      |        8         |        
RUN-1001 :      min_ripple_len     |    auto    |       auto       |        
RUN-1001 :       oh2bin_ratio      |    0.08    |       0.08       |        
RUN-1001 :     opt_adder_fanout    |     on     |        on        |        
RUN-1001 :        opt_arith        |     on     |        on        |        
RUN-1001 :       opt_big_gate      |    off     |       off        |        
RUN-1001 :        opt_const        |     on     |        on        |        
RUN-1001 :      opt_const_mult     |     on     |        on        |        
RUN-1001 :       opt_lessthan      |     on     |        on        |        
RUN-1001 :         opt_mux         |    off     |       off        |        
RUN-1001 :         opt_ram         |    high    |       high       |        
RUN-1001 :      rtl_sim_model      |    off     |       off        |        
RUN-1001 :         seq_syn         |     on     |        on        |        
RUN-1001 : --------------------------------------------------------------
HDL-1007 : analyze verilog file ../../al_ip/ip_pll.v
HDL-1007 : undeclared symbol 'open', assumed default net type 'wire' in ../../al_ip/ip_pll.v(93)
HDL-1007 : analyze verilog file ../../al_ip/softfifo.v
HDL-1007 : analyze verilog file ../../al_ip/fifo_1.v
HDL-1007 : analyze verilog file ../../al_ip/fifo_2.v
HDL-1007 : analyze verilog file ../../RTL/camera_init.v
HDL-1007 : undeclared symbol 'clk_div', assumed default net type 'wire' in ../../RTL/camera_init.v(74)
HDL-1007 : analyze verilog file ../../RTL/camera_reader.v
HDL-1007 : analyze verilog file ../../RTL/i2c_module.v
HDL-1007 : analyze verilog file ../../RTL/Sdram_Control_4Port/command.v
HDL-1007 : analyze included file ../../RTL/Sdram_Control_4Port/Sdram_Params.h in ../../RTL/Sdram_Control_4Port/command.v(27)
HDL-1007 : back to file '../../RTL/Sdram_Control_4Port/command.v' in ../../RTL/Sdram_Control_4Port/command.v(27)
HDL-1007 : analyze verilog file ../../RTL/Sdram_Control_4Port/control_interface.v
HDL-1007 : analyze included file ../../RTL/Sdram_Control_4Port/Sdram_Params.h in ../../RTL/Sdram_Control_4Port/control_interface.v(21)
HDL-1007 : back to file '../../RTL/Sdram_Control_4Port/control_interface.v' in ../../RTL/Sdram_Control_4Port/control_interface.v(21)
HDL-1007 : analyze verilog file ../../RTL/Sdram_Control_4Port/sdr_data_path.v
HDL-1007 : analyze included file ../../RTL/Sdram_Control_4Port/Sdram_Params.h in ../../RTL/Sdram_Control_4Port/sdr_data_path.v(10)
HDL-1007 : back to file '../../RTL/Sdram_Control_4Port/sdr_data_path.v' in ../../RTL/Sdram_Control_4Port/sdr_data_path.v(10)
HDL-1007 : analyze verilog file ../../RTL/Sdram_Control_4Port/Sdram_Control_4Port.v
HDL-1007 : analyze included file ../../RTL/Sdram_Control_4Port/Sdram_Params.h in ../../RTL/Sdram_Control_4Port/Sdram_Control_4Port.v(49)
HDL-1007 : back to file '../../RTL/Sdram_Control_4Port/Sdram_Control_4Port.v' in ../../RTL/Sdram_Control_4Port/Sdram_Control_4Port.v(49)
HDL-1007 : analyze verilog file ../../RTL/Sdram_Control_4Port/Sdram_RD_FIFO.v
HDL-5007 WARNING: 'clk' is not declared in ../../RTL/Sdram_Control_4Port/Sdram_RD_FIFO.v(44)
HDL-1007 : analyze verilog file ../../RTL/Sdram_Control_4Port/Sdram_WR_FIFO.v
HDL-1007 : analyze verilog file ../../al_ip/sdram.v
HDL-1007 : analyze verilog file ../../RTL/Driver.v
HDL-1007 : analyze verilog file ../../RTL/RGBYCbCr.v
HDL-1007 : analyze verilog file ../../RTL/image_process.v
HDL-5007 WARNING: identifier 'post_img_cb' is used before its declaration in ../../RTL/image_process.v(51)
HDL-5007 WARNING: identifier 'post_img_cb' is used before its declaration in ../../RTL/image_process.v(55)
HDL-5007 WARNING: identifier 'post_frame_clken' is used before its declaration in ../../RTL/image_process.v(61)
HDL-5007 WARNING: identifier 'skin_img' is used before its declaration in ../../RTL/image_process.v(62)
HDL-5007 WARNING: identifier 'post_frame_clken' is used before its declaration in ../../RTL/image_process.v(65)
HDL-5007 WARNING: identifier 'skin_img' is used before its declaration in ../../RTL/image_process.v(66)
HDL-5007 WARNING: identifier 'post1_frame_clken' is used before its declaration in ../../RTL/image_process.v(72)
HDL-5007 WARNING: identifier 'post1_img_Y' is used before its declaration in ../../RTL/image_process.v(73)
HDL-5007 WARNING: identifier 'post1_frame_clken' is used before its declaration in ../../RTL/image_process.v(76)
HDL-5007 WARNING: identifier 'post1_img_Y' is used before its declaration in ../../RTL/image_process.v(77)
HDL-5007 Similar messages will be suppressed.
HDL-1007 : analyze verilog file ../../RTL/test_camera.v
HDL-1007 : analyze verilog file ../../RTL/Mode_Switch.v
HDL-1007 : analyze verilog file ../../RTL/image_select.v
HDL-1007 : analyze verilog file ../../RTL/Median_Gray.v
HDL-5007 WARNING: identifier 'mid_value' is used before its declaration in ../../RTL/Median_Gray.v(20)
HDL-1007 : analyze verilog file ../../RTL/three_martix.v
HDL-5007 WARNING: empty statement in sequential block in ../../RTL/three_martix.v(235)
HDL-5007 WARNING: empty statement in sequential block in ../../RTL/three_martix.v(234)
HDL-1007 : analyze verilog file ../../RTL/Median_Filter_3X3.v
HDL-1007 : analyze verilog file ../../RTL/Sort3.v
HDL-1007 : analyze verilog file ../../RTL/Sobel_Process.v
HDL-1007 : undeclared symbol 'csi_pclk', assumed default net type 'wire' in ../../RTL/Sobel_Process.v(48)
HDL-5007 WARNING: identifier 'sobel_value' is used before its declaration in ../../RTL/Sobel_Process.v(23)
HDL-1007 : analyze verilog file ../../RTL/Caculate_Sobel.v
HDL-5007 WARNING: identifier 'matrix_frame_vsync_r' is used before its declaration in ../../RTL/Caculate_Sobel.v(110)
HDL-5007 WARNING: identifier 'matrix_frame_href_r' is used before its declaration in ../../RTL/Caculate_Sobel.v(111)
HDL-5007 WARNING: identifier 'matrix_frame_clken_r' is used before its declaration in ../../RTL/Caculate_Sobel.v(112)
HDL-1007 : analyze verilog file ../../RTL/Erosion_Detector.v
HDL-1007 : analyze verilog file ../../RTL/Dilation_Detector.v
HDL-5007 WARNING: redeclaration of ANSI port 'post_img_Bit4' is not allowed in ../../RTL/Dilation_Detector.v(79)
HDL-1007 : undeclared symbol 'post_frame_href', assumed default net type 'wire' in ../../RTL/Dilation_Detector.v(109)
HDL-1007 : analyze verilog file ../../RTL/Gesture_detech.v
HDL-1007 : analyze verilog file ../../RTL/seg_4.v
HDL-1007 : undeclared symbol 'data0', assumed default net type 'wire' in ../../RTL/seg_4.v(64)
HDL-1007 : undeclared symbol 'data1', assumed default net type 'wire' in ../../RTL/seg_4.v(65)
HDL-1007 : undeclared symbol 'data2', assumed default net type 'wire' in ../../RTL/seg_4.v(66)
HDL-5007 WARNING: 'clk' is not declared in ../../RTL/Sdram_Control_4Port/Sdram_RD_FIFO.v(44)
RUN-1001 : Project manager successfully analyzed 30 source files.
RUN-1002 : start command "import_device eagle_s20.db -package EG4S20BG256"
ARC-1001 : Device Initialization.
ARC-1001 : ------------------------------------------------------------------
ARC-1001 :            OPTION            |          IO          |   SETTING   
ARC-1001 : ------------------------------------------------------------------
ARC-1001 :   cso_b/cclk/mosi/miso/dout  |  T3/R11/T10/P10/S11  |    gpio    
ARC-1001 :             done             |         P13          |    gpio    
ARC-1001 :           program_b          |          T2          |  dedicate  
ARC-1001 :        tdi/tms/tck/tdo       |   C12/A15/C14/E14    |  dedicate  
ARC-1001 : ------------------------------------------------------------------
ARC-1004 : Device setting, marked 5 dedicate IOs in total.
RUN-1002 : start command "import_db ../syn_1/ov2640_sdram_gate.db"
RUN-1001 : Importing database generated by Tang Dynasty, V5.6.59063.
RUN-1001 : Database version number 46140.
RUN-1001 : Import flow parameters
RUN-1001 : Import timing constraints
RUN-1001 : Import IO constraints
RUN-1001 : Import Inst constraints
RUN-1001 : Import design success TD_VERSION=5.6.59063 , DB_VERSION=46140
RUN-1002 : start command "read_sdc"
USR-1002 : read_sdc file_name -help -h -eco
RUN-1002 : start command "get_regs */primary_addr_gray_reg[*]"
RUN-1002 : start command "get_regs */sync_r1[*]"
RUN-1002 : start command "set_max_delay -from  -to  5 -datapath_only"
RUN-1002 : start command "get_regs */primary_addr_gray_reg[*]"
RUN-1002 : start command "get_regs */sync_r1[*]"
RUN-1002 : start command "set_false_path -from  -to  -hold 5"
USR-1002 : set_false_path -help -setup -hold -from <list> -rise_from <list> -fall_from <list> -to <list> -rise_to <list> -fall_to <list> -through <list>
RUN-1002 : start command "get_regs */primary_addr_gray_reg[*]"
RUN-1002 : start command "get_regs */sync_r1[*]"
RUN-1002 : start command "set_max_delay -from  -to  5 -datapath_only"
RUN-1002 : start command "get_regs */primary_addr_gray_reg[*]"
RUN-1002 : start command "get_regs */sync_r1[*]"
RUN-1002 : start command "set_max_delay -from  -to  5 -datapath_only"
RUN-1002 : start command "get_regs */primary_addr_gray_reg[*]"
RUN-1002 : start command "get_regs */sync_r1[*]"
RUN-1002 : start command "set_max_delay -from  -to  5 -datapath_only"
SYN-1001 : 	kept net: Sdram_Control_4Port/read_fifo1/dcfifo_component/rd_to_wr_cross_inst/primary_addr_gray_reg[9](Sdram_Control_4Port/read_fifo1/dcfifo_component/rd_to_wr_cross_inst/primary_addr_gray_reg[9]_syn_5)
SYN-1001 : 	kept net: Sdram_Control_4Port/read_fifo1/dcfifo_component/rd_to_wr_cross_inst/primary_addr_gray_reg[8](Sdram_Control_4Port/read_fifo1/dcfifo_component/rd_to_wr_cross_inst/primary_addr_gray_reg[8]_syn_5)
SYN-1001 : 	kept net: Sdram_Control_4Port/read_fifo1/dcfifo_component/rd_to_wr_cross_inst/primary_addr_gray_reg[7](Sdram_Control_4Port/read_fifo1/dcfifo_component/rd_to_wr_cross_inst/primary_addr_gray_reg[7]_syn_5)
SYN-1001 : 	kept net: Sdram_Control_4Port/read_fifo1/dcfifo_component/rd_to_wr_cross_inst/primary_addr_gray_reg[6](Sdram_Control_4Port/read_fifo1/dcfifo_component/rd_to_wr_cross_inst/primary_addr_gray_reg[6]_syn_5)
SYN-1001 : 	kept net: Sdram_Control_4Port/read_fifo1/dcfifo_component/rd_to_wr_cross_inst/primary_addr_gray_reg[5](Sdram_Control_4Port/read_fifo1/dcfifo_component/rd_to_wr_cross_inst/primary_addr_gray_reg[5]_syn_5)
SYN-1001 : 	kept net: Sdram_Control_4Port/read_fifo1/dcfifo_component/rd_to_wr_cross_inst/primary_addr_gray_reg[4](Sdram_Control_4Port/read_fifo1/dcfifo_component/rd_to_wr_cross_inst/primary_addr_gray_reg[4]_syn_5)
SYN-1001 : 	kept net: Sdram_Control_4Port/read_fifo1/dcfifo_component/rd_to_wr_cross_inst/primary_addr_gray_reg[3](Sdram_Control_4Port/read_fifo1/dcfifo_component/rd_to_wr_cross_inst/primary_addr_gray_reg[3]_syn_5)
SYN-1001 : 	kept net: Sdram_Control_4Port/read_fifo1/dcfifo_component/rd_to_wr_cross_inst/primary_addr_gray_reg[2](Sdram_Control_4Port/read_fifo1/dcfifo_component/rd_to_wr_cross_inst/primary_addr_gray_reg[2]_syn_5)
SYN-1001 : 	kept net: Sdram_Control_4Port/read_fifo1/dcfifo_component/rd_to_wr_cross_inst/primary_addr_gray_reg[1](Sdram_Control_4Port/read_fifo1/dcfifo_component/rd_to_wr_cross_inst/primary_addr_gray_reg[1]_syn_5)
SYN-1001 : 	kept net: Sdram_Control_4Port/read_fifo1/dcfifo_component/rd_to_wr_cross_inst/primary_addr_gray_reg[0](Sdram_Control_4Port/read_fifo1/dcfifo_component/rd_to_wr_cross_inst/primary_addr_gray_reg[0]_syn_5)
SYN-1001 : 	kept net: Sdram_Control_4Port/read_fifo1/dcfifo_component/rd_to_wr_cross_inst/sync_r1[9](Sdram_Control_4Port/read_fifo1/dcfifo_component/rd_to_wr_cross_inst/sync_r1[9]_syn_3)
SYN-1001 : 	kept net: Sdram_Control_4Port/read_fifo1/dcfifo_component/rd_to_wr_cross_inst/sync_r1[8](Sdram_Control_4Port/read_fifo1/dcfifo_component/rd_to_wr_cross_inst/sync_r1[8]_syn_3)
SYN-1001 : 	kept net: Sdram_Control_4Port/read_fifo1/dcfifo_component/rd_to_wr_cross_inst/sync_r1[7](Sdram_Control_4Port/read_fifo1/dcfifo_component/rd_to_wr_cross_inst/sync_r1[7]_syn_3)
SYN-1001 : 	kept net: Sdram_Control_4Port/read_fifo1/dcfifo_component/rd_to_wr_cross_inst/sync_r1[6](Sdram_Control_4Port/read_fifo1/dcfifo_component/rd_to_wr_cross_inst/sync_r1[6]_syn_3)
SYN-1001 : 	kept net: Sdram_Control_4Port/read_fifo1/dcfifo_component/rd_to_wr_cross_inst/sync_r1[5](Sdram_Control_4Port/read_fifo1/dcfifo_component/rd_to_wr_cross_inst/sync_r1[5]_syn_3)
SYN-1001 : 	kept net: Sdram_Control_4Port/read_fifo1/dcfifo_component/rd_to_wr_cross_inst/sync_r1[4](Sdram_Control_4Port/read_fifo1/dcfifo_component/rd_to_wr_cross_inst/sync_r1[4]_syn_3)
SYN-1001 : 	kept net: Sdram_Control_4Port/read_fifo1/dcfifo_component/rd_to_wr_cross_inst/sync_r1[3](Sdram_Control_4Port/read_fifo1/dcfifo_component/rd_to_wr_cross_inst/sync_r1[3]_syn_3)
SYN-1001 : 	kept net: Sdram_Control_4Port/read_fifo1/dcfifo_component/rd_to_wr_cross_inst/sync_r1[2](Sdram_Control_4Port/read_fifo1/dcfifo_component/rd_to_wr_cross_inst/sync_r1[2]_syn_3)
SYN-1001 : 	kept net: Sdram_Control_4Port/read_fifo1/dcfifo_component/rd_to_wr_cross_inst/sync_r1[1](Sdram_Control_4Port/read_fifo1/dcfifo_component/rd_to_wr_cross_inst/sync_r1[1]_syn_3)
SYN-1001 : 	kept net: Sdram_Control_4Port/read_fifo1/dcfifo_component/rd_to_wr_cross_inst/sync_r1[0](Sdram_Control_4Port/read_fifo1/dcfifo_component/rd_to_wr_cross_inst/sync_r1[0]_syn_3)
SYN-1001 : 	kept net: Sdram_Control_4Port/read_fifo1/dcfifo_component/wr_to_rd_cross_inst/primary_addr_gray_reg[9](Sdram_Control_4Port/read_fifo1/dcfifo_component/wr_to_rd_cross_inst/primary_addr_gray_reg[9]_syn_5)
SYN-1001 : 	kept net: Sdram_Control_4Port/read_fifo1/dcfifo_component/wr_to_rd_cross_inst/primary_addr_gray_reg[8](Sdram_Control_4Port/read_fifo1/dcfifo_component/wr_to_rd_cross_inst/primary_addr_gray_reg[8]_syn_5)
SYN-1001 : 	kept net: Sdram_Control_4Port/read_fifo1/dcfifo_component/wr_to_rd_cross_inst/primary_addr_gray_reg[7](Sdram_Control_4Port/read_fifo1/dcfifo_component/wr_to_rd_cross_inst/primary_addr_gray_reg[7]_syn_5)
SYN-1001 : 	kept net: Sdram_Control_4Port/read_fifo1/dcfifo_component/wr_to_rd_cross_inst/primary_addr_gray_reg[6](Sdram_Control_4Port/read_fifo1/dcfifo_component/wr_to_rd_cross_inst/primary_addr_gray_reg[6]_syn_5)
SYN-1001 : 	kept net: Sdram_Control_4Port/read_fifo1/dcfifo_component/wr_to_rd_cross_inst/primary_addr_gray_reg[5](Sdram_Control_4Port/read_fifo1/dcfifo_component/wr_to_rd_cross_inst/primary_addr_gray_reg[5]_syn_5)
SYN-1001 : 	kept net: Sdram_Control_4Port/read_fifo1/dcfifo_component/wr_to_rd_cross_inst/primary_addr_gray_reg[4](Sdram_Control_4Port/read_fifo1/dcfifo_component/wr_to_rd_cross_inst/primary_addr_gray_reg[4]_syn_5)
SYN-1001 : 	kept net: Sdram_Control_4Port/read_fifo1/dcfifo_component/wr_to_rd_cross_inst/primary_addr_gray_reg[3](Sdram_Control_4Port/read_fifo1/dcfifo_component/wr_to_rd_cross_inst/primary_addr_gray_reg[3]_syn_5)
SYN-1001 : 	kept net: Sdram_Control_4Port/read_fifo1/dcfifo_component/wr_to_rd_cross_inst/primary_addr_gray_reg[2](Sdram_Control_4Port/read_fifo1/dcfifo_component/wr_to_rd_cross_inst/primary_addr_gray_reg[2]_syn_5)
SYN-1001 : 	kept net: Sdram_Control_4Port/read_fifo1/dcfifo_component/wr_to_rd_cross_inst/primary_addr_gray_reg[1](Sdram_Control_4Port/read_fifo1/dcfifo_component/wr_to_rd_cross_inst/primary_addr_gray_reg[1]_syn_5)
SYN-1001 : 	kept net: Sdram_Control_4Port/read_fifo1/dcfifo_component/wr_to_rd_cross_inst/primary_addr_gray_reg[0](Sdram_Control_4Port/read_fifo1/dcfifo_component/wr_to_rd_cross_inst/primary_addr_gray_reg[0]_syn_5)
SYN-1001 : 	kept net: Sdram_Control_4Port/read_fifo1/dcfifo_component/wr_to_rd_cross_inst/sync_r1[9](Sdram_Control_4Port/read_fifo1/dcfifo_component/wr_to_rd_cross_inst/sync_r1[9]_syn_3)
SYN-1001 : 	kept net: Sdram_Control_4Port/read_fifo1/dcfifo_component/wr_to_rd_cross_inst/sync_r1[8](Sdram_Control_4Port/read_fifo1/dcfifo_component/wr_to_rd_cross_inst/sync_r1[8]_syn_3)
SYN-1001 : 	kept net: Sdram_Control_4Port/read_fifo1/dcfifo_component/wr_to_rd_cross_inst/sync_r1[7](Sdram_Control_4Port/read_fifo1/dcfifo_component/wr_to_rd_cross_inst/sync_r1[7]_syn_3)
SYN-1001 : 	kept net: Sdram_Control_4Port/read_fifo1/dcfifo_component/wr_to_rd_cross_inst/sync_r1[6](Sdram_Control_4Port/read_fifo1/dcfifo_component/wr_to_rd_cross_inst/sync_r1[6]_syn_3)
SYN-1001 : 	kept net: Sdram_Control_4Port/read_fifo1/dcfifo_component/wr_to_rd_cross_inst/sync_r1[5](Sdram_Control_4Port/read_fifo1/dcfifo_component/wr_to_rd_cross_inst/sync_r1[5]_syn_3)
SYN-1001 : 	kept net: Sdram_Control_4Port/read_fifo1/dcfifo_component/wr_to_rd_cross_inst/sync_r1[4](Sdram_Control_4Port/read_fifo1/dcfifo_component/wr_to_rd_cross_inst/sync_r1[4]_syn_3)
SYN-1001 : 	kept net: Sdram_Control_4Port/read_fifo1/dcfifo_component/wr_to_rd_cross_inst/sync_r1[3](Sdram_Control_4Port/read_fifo1/dcfifo_component/wr_to_rd_cross_inst/sync_r1[3]_syn_3)
SYN-1001 : 	kept net: Sdram_Control_4Port/read_fifo1/dcfifo_component/wr_to_rd_cross_inst/sync_r1[2](Sdram_Control_4Port/read_fifo1/dcfifo_component/wr_to_rd_cross_inst/sync_r1[2]_syn_3)
SYN-1001 : 	kept net: Sdram_Control_4Port/read_fifo1/dcfifo_component/wr_to_rd_cross_inst/sync_r1[1](Sdram_Control_4Port/read_fifo1/dcfifo_component/wr_to_rd_cross_inst/sync_r1[1]_syn_3)
SYN-1001 : 	kept net: Sdram_Control_4Port/read_fifo1/dcfifo_component/wr_to_rd_cross_inst/sync_r1[0](Sdram_Control_4Port/read_fifo1/dcfifo_component/wr_to_rd_cross_inst/sync_r1[0]_syn_3)
SYN-1001 : 	kept net: Sdram_Control_4Port/write_fifo1/dcfifo_component/rd_to_wr_cross_inst/primary_addr_gray_reg[9](Sdram_Control_4Port/write_fifo1/dcfifo_component/rd_to_wr_cross_inst/primary_addr_gray_reg[9]_syn_5)
SYN-1001 : 	kept net: Sdram_Control_4Port/write_fifo1/dcfifo_component/rd_to_wr_cross_inst/primary_addr_gray_reg[8](Sdram_Control_4Port/write_fifo1/dcfifo_component/rd_to_wr_cross_inst/primary_addr_gray_reg[8]_syn_5)
SYN-1001 : 	kept net: Sdram_Control_4Port/write_fifo1/dcfifo_component/rd_to_wr_cross_inst/primary_addr_gray_reg[7](Sdram_Control_4Port/write_fifo1/dcfifo_component/rd_to_wr_cross_inst/primary_addr_gray_reg[7]_syn_5)
SYN-1001 : 	kept net: Sdram_Control_4Port/write_fifo1/dcfifo_component/rd_to_wr_cross_inst/primary_addr_gray_reg[6](Sdram_Control_4Port/write_fifo1/dcfifo_component/rd_to_wr_cross_inst/primary_addr_gray_reg[6]_syn_5)
SYN-1001 : 	kept net: Sdram_Control_4Port/write_fifo1/dcfifo_component/rd_to_wr_cross_inst/primary_addr_gray_reg[5](Sdram_Control_4Port/write_fifo1/dcfifo_component/rd_to_wr_cross_inst/primary_addr_gray_reg[5]_syn_5)
SYN-1001 : 	kept net: Sdram_Control_4Port/write_fifo1/dcfifo_component/rd_to_wr_cross_inst/primary_addr_gray_reg[4](Sdram_Control_4Port/write_fifo1/dcfifo_component/rd_to_wr_cross_inst/primary_addr_gray_reg[4]_syn_5)
SYN-1001 : 	kept net: Sdram_Control_4Port/write_fifo1/dcfifo_component/rd_to_wr_cross_inst/primary_addr_gray_reg[3](Sdram_Control_4Port/write_fifo1/dcfifo_component/rd_to_wr_cross_inst/primary_addr_gray_reg[3]_syn_5)
SYN-1001 : 	kept net: Sdram_Control_4Port/write_fifo1/dcfifo_component/rd_to_wr_cross_inst/primary_addr_gray_reg[2](Sdram_Control_4Port/write_fifo1/dcfifo_component/rd_to_wr_cross_inst/primary_addr_gray_reg[2]_syn_5)
SYN-1001 : 	kept net: Sdram_Control_4Port/write_fifo1/dcfifo_component/rd_to_wr_cross_inst/primary_addr_gray_reg[1](Sdram_Control_4Port/write_fifo1/dcfifo_component/rd_to_wr_cross_inst/primary_addr_gray_reg[1]_syn_5)
SYN-1001 : 	kept net: Sdram_Control_4Port/write_fifo1/dcfifo_component/rd_to_wr_cross_inst/primary_addr_gray_reg[0](Sdram_Control_4Port/write_fifo1/dcfifo_component/rd_to_wr_cross_inst/primary_addr_gray_reg[0]_syn_5)
SYN-1001 : 	kept net: Sdram_Control_4Port/write_fifo1/dcfifo_component/rd_to_wr_cross_inst/sync_r1[9](Sdram_Control_4Port/write_fifo1/dcfifo_component/rd_to_wr_cross_inst/sync_r1[9]_syn_3)
SYN-1001 : 	kept net: Sdram_Control_4Port/write_fifo1/dcfifo_component/rd_to_wr_cross_inst/sync_r1[8](Sdram_Control_4Port/write_fifo1/dcfifo_component/rd_to_wr_cross_inst/sync_r1[8]_syn_3)
SYN-1001 : 	kept net: Sdram_Control_4Port/write_fifo1/dcfifo_component/rd_to_wr_cross_inst/sync_r1[7](Sdram_Control_4Port/write_fifo1/dcfifo_component/rd_to_wr_cross_inst/sync_r1[7]_syn_3)
SYN-1001 : 	kept net: Sdram_Control_4Port/write_fifo1/dcfifo_component/rd_to_wr_cross_inst/sync_r1[6](Sdram_Control_4Port/write_fifo1/dcfifo_component/rd_to_wr_cross_inst/sync_r1[6]_syn_3)
SYN-1001 : 	kept net: Sdram_Control_4Port/write_fifo1/dcfifo_component/rd_to_wr_cross_inst/sync_r1[5](Sdram_Control_4Port/write_fifo1/dcfifo_component/rd_to_wr_cross_inst/sync_r1[5]_syn_3)
SYN-1001 : 	kept net: Sdram_Control_4Port/write_fifo1/dcfifo_component/rd_to_wr_cross_inst/sync_r1[4](Sdram_Control_4Port/write_fifo1/dcfifo_component/rd_to_wr_cross_inst/sync_r1[4]_syn_3)
SYN-1001 : 	kept net: Sdram_Control_4Port/write_fifo1/dcfifo_component/rd_to_wr_cross_inst/sync_r1[3](Sdram_Control_4Port/write_fifo1/dcfifo_component/rd_to_wr_cross_inst/sync_r1[3]_syn_3)
SYN-1001 : 	kept net: Sdram_Control_4Port/write_fifo1/dcfifo_component/rd_to_wr_cross_inst/sync_r1[2](Sdram_Control_4Port/write_fifo1/dcfifo_component/rd_to_wr_cross_inst/sync_r1[2]_syn_3)
SYN-1001 : 	kept net: Sdram_Control_4Port/write_fifo1/dcfifo_component/rd_to_wr_cross_inst/sync_r1[1](Sdram_Control_4Port/write_fifo1/dcfifo_component/rd_to_wr_cross_inst/sync_r1[1]_syn_3)
SYN-1001 : 	kept net: Sdram_Control_4Port/write_fifo1/dcfifo_component/rd_to_wr_cross_inst/sync_r1[0](Sdram_Control_4Port/write_fifo1/dcfifo_component/rd_to_wr_cross_inst/sync_r1[0]_syn_3)
SYN-1001 : 	kept net: Sdram_Control_4Port/write_fifo1/dcfifo_component/wr_to_rd_cross_inst/primary_addr_gray_reg[9](Sdram_Control_4Port/write_fifo1/dcfifo_component/wr_to_rd_cross_inst/primary_addr_gray_reg[9]_syn_5)
SYN-1001 : 	kept net: Sdram_Control_4Port/write_fifo1/dcfifo_component/wr_to_rd_cross_inst/primary_addr_gray_reg[8](Sdram_Control_4Port/write_fifo1/dcfifo_component/wr_to_rd_cross_inst/primary_addr_gray_reg[8]_syn_5)
SYN-1001 : 	kept net: Sdram_Control_4Port/write_fifo1/dcfifo_component/wr_to_rd_cross_inst/primary_addr_gray_reg[7](Sdram_Control_4Port/write_fifo1/dcfifo_component/wr_to_rd_cross_inst/primary_addr_gray_reg[7]_syn_5)
SYN-1001 : 	kept net: Sdram_Control_4Port/write_fifo1/dcfifo_component/wr_to_rd_cross_inst/primary_addr_gray_reg[6](Sdram_Control_4Port/write_fifo1/dcfifo_component/wr_to_rd_cross_inst/primary_addr_gray_reg[6]_syn_5)
SYN-1001 : 	kept net: Sdram_Control_4Port/write_fifo1/dcfifo_component/wr_to_rd_cross_inst/primary_addr_gray_reg[5](Sdram_Control_4Port/write_fifo1/dcfifo_component/wr_to_rd_cross_inst/primary_addr_gray_reg[5]_syn_5)
SYN-1001 : 	kept net: Sdram_Control_4Port/write_fifo1/dcfifo_component/wr_to_rd_cross_inst/primary_addr_gray_reg[4](Sdram_Control_4Port/write_fifo1/dcfifo_component/wr_to_rd_cross_inst/primary_addr_gray_reg[4]_syn_5)
SYN-1001 : 	kept net: Sdram_Control_4Port/write_fifo1/dcfifo_component/wr_to_rd_cross_inst/primary_addr_gray_reg[3](Sdram_Control_4Port/write_fifo1/dcfifo_component/wr_to_rd_cross_inst/primary_addr_gray_reg[3]_syn_5)
SYN-1001 : 	kept net: Sdram_Control_4Port/write_fifo1/dcfifo_component/wr_to_rd_cross_inst/primary_addr_gray_reg[2](Sdram_Control_4Port/write_fifo1/dcfifo_component/wr_to_rd_cross_inst/primary_addr_gray_reg[2]_syn_5)
SYN-1001 : 	kept net: Sdram_Control_4Port/write_fifo1/dcfifo_component/wr_to_rd_cross_inst/primary_addr_gray_reg[1](Sdram_Control_4Port/write_fifo1/dcfifo_component/wr_to_rd_cross_inst/primary_addr_gray_reg[1]_syn_5)
SYN-1001 : 	kept net: Sdram_Control_4Port/write_fifo1/dcfifo_component/wr_to_rd_cross_inst/primary_addr_gray_reg[0](Sdram_Control_4Port/write_fifo1/dcfifo_component/wr_to_rd_cross_inst/primary_addr_gray_reg[0]_syn_5)
SYN-1001 : 	kept net: Sdram_Control_4Port/write_fifo1/dcfifo_component/wr_to_rd_cross_inst/sync_r1[9](Sdram_Control_4Port/write_fifo1/dcfifo_component/wr_to_rd_cross_inst/sync_r1[9]_syn_3)
SYN-1001 : 	kept net: Sdram_Control_4Port/write_fifo1/dcfifo_component/wr_to_rd_cross_inst/sync_r1[8](Sdram_Control_4Port/write_fifo1/dcfifo_component/wr_to_rd_cross_inst/sync_r1[8]_syn_3)
SYN-1001 : 	kept net: Sdram_Control_4Port/write_fifo1/dcfifo_component/wr_to_rd_cross_inst/sync_r1[7](Sdram_Control_4Port/write_fifo1/dcfifo_component/wr_to_rd_cross_inst/sync_r1[7]_syn_3)
SYN-1001 : 	kept net: Sdram_Control_4Port/write_fifo1/dcfifo_component/wr_to_rd_cross_inst/sync_r1[6](Sdram_Control_4Port/write_fifo1/dcfifo_component/wr_to_rd_cross_inst/sync_r1[6]_syn_3)
SYN-1001 : 	kept net: Sdram_Control_4Port/write_fifo1/dcfifo_component/wr_to_rd_cross_inst/sync_r1[5](Sdram_Control_4Port/write_fifo1/dcfifo_component/wr_to_rd_cross_inst/sync_r1[5]_syn_3)
SYN-1001 : 	kept net: Sdram_Control_4Port/write_fifo1/dcfifo_component/wr_to_rd_cross_inst/sync_r1[4](Sdram_Control_4Port/write_fifo1/dcfifo_component/wr_to_rd_cross_inst/sync_r1[4]_syn_3)
SYN-1001 : 	kept net: Sdram_Control_4Port/write_fifo1/dcfifo_component/wr_to_rd_cross_inst/sync_r1[3](Sdram_Control_4Port/write_fifo1/dcfifo_component/wr_to_rd_cross_inst/sync_r1[3]_syn_3)
SYN-1001 : 	kept net: Sdram_Control_4Port/write_fifo1/dcfifo_component/wr_to_rd_cross_inst/sync_r1[2](Sdram_Control_4Port/write_fifo1/dcfifo_component/wr_to_rd_cross_inst/sync_r1[2]_syn_3)
SYN-1001 : 	kept net: Sdram_Control_4Port/write_fifo1/dcfifo_component/wr_to_rd_cross_inst/sync_r1[1](Sdram_Control_4Port/write_fifo1/dcfifo_component/wr_to_rd_cross_inst/sync_r1[1]_syn_3)
SYN-1001 : 	kept net: Sdram_Control_4Port/write_fifo1/dcfifo_component/wr_to_rd_cross_inst/sync_r1[0](Sdram_Control_4Port/write_fifo1/dcfifo_component/wr_to_rd_cross_inst/sync_r1[0]_syn_3)
RUN-1104 : Import SDC file  finished, there are 80 nets kept by constraints.
RUN-1002 : start command "place"
RUN-1001 : Open license file C:/Anlogic/TD5.6.59063/license/Anlogic.lic
RUN-1001 : Print Global Property
RUN-1001 : ---------------------------------------------------------------
RUN-1001 :        Parameters        |  Settings  |  Default Values  |  Note  
RUN-1001 : ---------------------------------------------------------------
RUN-1001 :          message         |  standard  |     standard     |        
RUN-1001 :   mixed_pack_place_flow  |     on     |        on        |        
RUN-1001 :        qor_monitor       |    off     |       off        |        
RUN-1001 :        syn_ip_flow       |    off     |       off        |        
RUN-1001 :          thread          |    auto    |       auto       |        
RUN-1001 : ---------------------------------------------------------------
RUN-1001 : Print Place Property
RUN-1001 : --------------------------------------------------------------
RUN-1001 :        Parameters       |  Settings  |  Default Values  |  Note  
RUN-1001 : --------------------------------------------------------------
RUN-1001 :      detailed_place     |     on     |        on        |        
RUN-1001 :          effort         |   medium   |      medium      |        
RUN-1001 :         fix_hold        |    off     |       off        |        
RUN-1001 :       legalization      |    ori     |       ori        |        
RUN-1001 :      new_spreading      |     on     |        on        |        
RUN-1001 :        opt_timing       |   medium   |      medium      |        
RUN-1001 :   post_clock_route_opt  |    off     |       off        |        
RUN-1001 :       pr_strategy       |     1      |        1         |        
RUN-1001 :        relaxation       |    1.00    |       1.00       |        
RUN-1001 :         retiming        |    off     |       off        |        
RUN-1001 : --------------------------------------------------------------
PHY-3001 : Placer runs in 16 thread(s).
RUN-1002 : start command "legalize_phy_inst"
SYN-1011 : Flatten model test_camera
SYN-5055 WARNING: The kept net u_pll/clk3_out will be merged to another kept net clk_cam
SYN-5055 WARNING: The kept net u_camera_reader/clk will be merged to another kept net clk_cam
SYN-5055 WARNING: The kept net u_seg_4/data[19] will be merged to another kept net figuredata[19]
SYN-5055 WARNING: The kept net u_seg_4/data[18] will be merged to another kept net figuredata[18]
SYN-5055 WARNING: The kept net u_seg_4/data[17] will be merged to another kept net figuredata[17]
SYN-5055 WARNING: The kept net u_seg_4/data[16] will be merged to another kept net figuredata[16]
SYN-5055 WARNING: The kept net u_seg_4/data[15] will be merged to another kept net figuredata[15]
SYN-5055 WARNING: The kept net u_seg_4/data[14] will be merged to another kept net figuredata[14]
SYN-5055 WARNING: The kept net u_seg_4/data[13] will be merged to another kept net figuredata[13]
SYN-5055 WARNING: The kept net u_seg_4/data[12] will be merged to another kept net figuredata[12]
SYN-5055 Similar messages will be suppressed.
RUN-1002 : start command "phys_opt -simplify_lut"
SYN-4016 : Net Sdram_Control_4Port/CTRL_CLK driven by BUFG (294 clock/control pins, 1 other pins).
SYN-4027 : Net Sdram_Control_4Port/SDRAM_CLK is clkc1 of pll u_pll/pll_inst.
SYN-4027 : Net vga_clk_dup_1 is clkc2 of pll u_pll/pll_inst.
SYN-4027 : Net clk_cam is clkc3 of pll u_pll/pll_inst.
SYN-4027 : Net u_camera_init/u_i2c_write/clk is clkc4 of pll u_pll/pll_inst.
SYN-4019 : Net clk_24m_dup_1 is refclk of pll u_pll/pll_inst.
SYN-4020 : Net clk_24m_dup_1 is fbclk of pll u_pll/pll_inst.
SYN-4024 : Net "u_image_process/u_Median_Gray_3/u_three_martix/csi_pclk" drives clk pins.
SYN-4024 : Net "u_camera_init/divider2[8]" drives clk pins.
SYN-4024 : Net "u_camera_init/divider2[7]" drives clk pins.
SYN-4024 : Net "u_image_select/mode[3]_syn_26" drives clk pins.
SYN-4024 : Net "u_image_process/wrreq" drives clk pins.
SYN-4025 : Tag rtl::Net Sdram_Control_4Port/CTRL_CLK as clock net
SYN-4025 : Tag rtl::Net Sdram_Control_4Port/SDRAM_CLK as clock net
SYN-4025 : Tag rtl::Net clk_24m_dup_1 as clock net
SYN-4025 : Tag rtl::Net clk_cam as clock net
SYN-4025 : Tag rtl::Net u_camera_init/divider2[7] as clock net
SYN-4025 : Tag rtl::Net u_camera_init/divider2[8] as clock net
SYN-4025 : Tag rtl::Net u_camera_init/u_i2c_write/clk as clock net
SYN-4025 : Tag rtl::Net u_image_process/u_Median_Gray_3/u_three_martix/csi_pclk as clock net
SYN-4025 : Tag rtl::Net u_image_process/wrreq as clock net
SYN-4025 : Tag rtl::Net u_image_select/mode[3]_syn_26 as clock net
SYN-4025 : Tag rtl::Net vga_clk_dup_1 as clock net
SYN-4026 : Tagged 11 rtl::Net as clock net
SYN-4015 : Create BUFG instance for clk Net u_camera_init/divider2[8] to drive 32 clock pins.
SYN-4015 : Create BUFG instance for clk Net u_camera_init/divider2[7] to drive 18 clock pins.
SYN-4015 : Create BUFG instance for clk Net u_image_select/mode[3]_syn_26 to drive 17 clock pins.
SYN-4015 : Create BUFG instance for clk Net u_image_process/wrreq to drive 16 clock pins.
PHY-1001 : Populate physical database on model test_camera.
RUN-1001 : There are total 5701 instances
RUN-0007 : 2315 luts, 1985 seqs, 786 mslices, 443 lslices, 144 pads, 14 brams, 5 dsps
RUN-1001 : There are total 6839 nets
RUN-6004 WARNING: There are 2 nets with only 1 pin.
RUN-1001 : 4636 nets have 2 pins
RUN-1001 : 1420 nets have [3 - 5] pins
RUN-1001 : 611 nets have [6 - 10] pins
RUN-1001 : 95 nets have [11 - 20] pins
RUN-1001 : 68 nets have [21 - 99] pins
RUN-1001 : 7 nets have 100+ pins
RUN-1001 : Report Control nets information:
RUN-1001 : DFF Distribution
RUN-1001 : ----------------------------------
RUN-1001 :   CE   |  SSR  |  ASR  |  DFF Count  
RUN-1001 : ----------------------------------
RUN-1001 :   No   |  No   |  No   |     85      
RUN-1001 :   No   |  No   |  Yes  |    1289     
RUN-1001 :   No   |  Yes  |  No   |     34      
RUN-1001 :   Yes  |  No   |  No   |     66      
RUN-1001 :   Yes  |  No   |  Yes  |     487     
RUN-1001 :   Yes  |  Yes  |  No   |     24      
RUN-1001 : ----------------------------------
RUN-0007 : Control Group Statistic
RUN-0007 : ---------------------------
RUN-0007 :   #CLK  |  #CE  |  #SSR/ASR  
RUN-0007 : ---------------------------
RUN-0007 :    58   |  34   |    100     
RUN-0007 : ---------------------------
RUN-0007 : Control Set = 193
PHY-3001 : Initial placement ...
PHY-3001 : design contains 5699 instances, 2315 luts, 1985 seqs, 1229 slices, 238 macros(1228 instances: 785 mslices 443 lslices)
PHY-3001 : Huge net cam_rst_dup_27 with 1601 pins
PHY-0007 : Cell area utilization is 24%
PHY-3001 : Start timing update ...
RUN-1002 : start command "start_timer -report"
TMR-2505 : Start building timing graph for model test_camera.
TMR-2506 : Build timing graph completely. Port num: 21, tpin num: 26861, tnet num: 6837, tinst num: 5699, tnode num: 33338, tedge num: 44504.
TMR-2508 : Levelizing timing graph completed, there are 291 levels in total.
TMR-2501 : Timing graph initialized successfully.
RUN-1003 : finish command "start_timer -report" in  1.109421s wall, 1.093750s user + 0.015625s system = 1.109375s CPU (100.0%)

RUN-1004 : used memory is 261 MB, reserved memory is 240 MB, peak memory is 261 MB
TMR-2503 : Start to update net delay, extr mode = 2.
TMR-2504 : Update delay of 6837 nets completely.
TMR-2502 : Annotate delay completely, extr mode = 2.
TMR-3001 : Initiate 0 clocks from SDC.
TMR-3004 : Map sdc constraints, there are 2 constraints in total.
TMR-3003 : Constraints initiated successfully.
TMR-3501 : Forward propagation: start to calculate arrival time...
TMR-3502 : Backward propagation: start to calculate required time...
TMR-3503 : Timing propagation completes.
PHY-3001 : End timing update;  1.243268s wall, 1.234375s user + 0.015625s system = 1.250000s CPU (100.5%)

PHY-3001 : Global placement ...
PHY-3001 : Initial: Len = 1.61316e+06
PHY-3001 : Clustering ...
PHY-3001 : Level 0 #clusters 5699.
PHY-3001 : End clustering;  0.000011s wall, 0.000000s user + 0.000000s system = 0.000000s CPU (n/a%)

PHY-3001 : Run with size of 4
PHY-3001 : Cell area utilization is 24%
PHY-3001 : :::0::: Try harder cell spreading with beta_ = 0
PHY-3002 : Step(1): len = 1.0832e+06, overlap = 46.5938
PHY-3002 : Step(2): len = 933547, overlap = 48.3438
PHY-3002 : Step(3): len = 545456, overlap = 45.125
PHY-3002 : Step(4): len = 508039, overlap = 43.4375
PHY-3002 : Step(5): len = 394474, overlap = 59.3438
PHY-3002 : Step(6): len = 358759, overlap = 68.3125
PHY-3002 : Step(7): len = 319127, overlap = 73.625
PHY-3002 : Step(8): len = 296260, overlap = 95.2812
PHY-3002 : Step(9): len = 253434, overlap = 108.344
PHY-3002 : Step(10): len = 231234, overlap = 109.75
PHY-3002 : Step(11): len = 220410, overlap = 123.438
PHY-3002 : Step(12): len = 204445, overlap = 141.188
PHY-3002 : Step(13): len = 192699, overlap = 161.406
PHY-3002 : Step(14): len = 175846, overlap = 182.312
PHY-3002 : Step(15): len = 167688, overlap = 192.156
PHY-3002 : Step(16): len = 160814, overlap = 204.75
PHY-3002 : Step(17): len = 152716, overlap = 216.406
PHY-3001 : :::1::: Try harder cell spreading with beta_ = 1.68871e-05
PHY-3002 : Step(18): len = 164952, overlap = 153.219
PHY-3002 : Step(19): len = 169517, overlap = 149.312
PHY-3002 : Step(20): len = 157950, overlap = 135.344
PHY-3002 : Step(21): len = 158488, overlap = 134.094
PHY-3002 : Step(22): len = 160628, overlap = 136.5
PHY-3002 : Step(23): len = 160174, overlap = 127.375
PHY-3002 : Step(24): len = 160351, overlap = 116.688
PHY-3002 : Step(25): len = 158116, overlap = 119.938
PHY-3002 : Step(26): len = 152503, overlap = 115
PHY-3002 : Step(27): len = 148000, overlap = 119.688
PHY-3002 : Step(28): len = 145291, overlap = 123.062
PHY-3002 : Step(29): len = 142757, overlap = 113.031
PHY-3002 : Step(30): len = 141643, overlap = 114.781
PHY-3002 : Step(31): len = 139450, overlap = 122.188
PHY-3002 : Step(32): len = 134341, overlap = 121.812
PHY-3002 : Step(33): len = 132250, overlap = 121.625
PHY-3002 : Step(34): len = 130378, overlap = 127.219
PHY-3002 : Step(35): len = 130354, overlap = 139.656
PHY-3002 : Step(36): len = 129192, overlap = 136.5
PHY-3002 : Step(37): len = 125773, overlap = 135.812
PHY-3002 : Step(38): len = 123391, overlap = 141.656
PHY-3002 : Step(39): len = 121340, overlap = 145.031
PHY-3002 : Step(40): len = 120501, overlap = 151.656
PHY-3002 : Step(41): len = 120166, overlap = 156.625
PHY-3002 : Step(42): len = 117286, overlap = 151.562
PHY-3002 : Step(43): len = 116833, overlap = 152.594
PHY-3002 : Step(44): len = 115652, overlap = 158.188
PHY-3002 : Step(45): len = 115287, overlap = 154
PHY-3002 : Step(46): len = 113431, overlap = 166.531
PHY-3002 : Step(47): len = 112229, overlap = 162.875
PHY-3002 : Step(48): len = 110303, overlap = 159.562
PHY-3002 : Step(49): len = 110232, overlap = 159.438
PHY-3002 : Step(50): len = 110069, overlap = 157.875
PHY-3001 : :::2::: Try harder cell spreading with beta_ = 3.37742e-05
PHY-3002 : Step(51): len = 111682, overlap = 162.625
PHY-3002 : Step(52): len = 111745, overlap = 162.062
PHY-3002 : Step(53): len = 112093, overlap = 158.906
PHY-3001 : :::3::: Try harder cell spreading with beta_ = 6.75484e-05
PHY-3002 : Step(54): len = 112415, overlap = 151.156
PHY-3002 : Step(55): len = 112518, overlap = 146.625
PHY-3002 : Step(56): len = 112591, overlap = 146.625
PHY-3001 : :::4::: Try harder cell spreading with beta_ = 0.000135097
PHY-3002 : Step(57): len = 114246, overlap = 149.094
PHY-3002 : Step(58): len = 114506, overlap = 148.531
PHY-3002 : Step(59): len = 116086, overlap = 141.438
PHY-3001 : :::5::: Try harder cell spreading with beta_ = 0.000231926
PHY-3002 : Step(60): len = 115773, overlap = 135.312
PHY-3002 : Step(61): len = 115746, overlap = 134.938
PHY-3002 : Step(62): len = 115872, overlap = 134.719
PHY-3002 : Step(63): len = 115881, overlap = 133.656
PHY-3002 : Step(64): len = 117313, overlap = 120.906
PHY-3002 : Step(65): len = 118554, overlap = 109.375
PHY-3002 : Step(66): len = 119407, overlap = 112.812
PHY-3002 : Step(67): len = 119661, overlap = 111.312
PHY-3002 : Step(68): len = 119391, overlap = 106.031
PHY-3001 : :::6::: Try harder cell spreading with beta_ = 0.000463852
PHY-3002 : Step(69): len = 119743, overlap = 105.844
PHY-3002 : Step(70): len = 119694, overlap = 101.719
PHY-3001 : :::7::: Try harder cell spreading with beta_ = 0.000815168
PHY-3002 : Step(71): len = 119900, overlap = 105.844
PHY-3002 : Step(72): len = 119876, overlap = 106.062
PHY-3001 : Legalization ...
PHY-3001 : End legalization;  0.016433s wall, 0.015625s user + 0.015625s system = 0.031250s CPU (190.2%)

PHY-3001 : Run with size of 4
PHY-3001 : Cell area utilization is 30%
PHY-3001 : Update timing in Manhattan mode ...
TMR-2503 : Start to update net delay, extr mode = 3.
TMR-2504 : Update delay of 6837 nets completely.
TMR-2502 : Annotate delay completely, extr mode = 3.
TMR-3501 : Forward propagation: start to calculate arrival time...
TMR-3502 : Backward propagation: start to calculate required time...
TMR-3503 : Timing propagation completes.
PHY-3001 : End timing update;  0.132002s wall, 0.140625s user + 0.000000s system = 0.140625s CPU (106.5%)

PHY-3001 : :::0::: Try harder cell spreading with beta_ = 3.75257e-06
PHY-3002 : Step(73): len = 128087, overlap = 182.969
PHY-3002 : Step(74): len = 128591, overlap = 183.031
PHY-3002 : Step(75): len = 124726, overlap = 209.219
PHY-3002 : Step(76): len = 124568, overlap = 211.562
PHY-3002 : Step(77): len = 120250, overlap = 205.25
PHY-3002 : Step(78): len = 120086, overlap = 203.219
PHY-3002 : Step(79): len = 118407, overlap = 198.438
PHY-3002 : Step(80): len = 118353, overlap = 197.125
PHY-3002 : Step(81): len = 118245, overlap = 196.906
PHY-3001 : :::1::: Try harder cell spreading with beta_ = 7.50515e-06
PHY-3002 : Step(82): len = 117896, overlap = 193.844
PHY-3002 : Step(83): len = 117878, overlap = 193.25
PHY-3002 : Step(84): len = 117985, overlap = 190.75
PHY-3001 : :::2::: Try harder cell spreading with beta_ = 1.50103e-05
PHY-3002 : Step(85): len = 120360, overlap = 180.062
PHY-3002 : Step(86): len = 120627, overlap = 178.75
PHY-3002 : Step(87): len = 125737, overlap = 154.188
PHY-3002 : Step(88): len = 127056, overlap = 146.969
PHY-3002 : Step(89): len = 127149, overlap = 147.469
PHY-3002 : Step(90): len = 126383, overlap = 153.719
PHY-3001 : :::3::: Try harder cell spreading with beta_ = 3.00206e-05
PHY-3002 : Step(91): len = 125800, overlap = 152.156
PHY-3002 : Step(92): len = 125800, overlap = 152.156
PHY-3002 : Step(93): len = 125813, overlap = 152
PHY-3001 : :::4::: Try harder cell spreading with beta_ = 6.00412e-05
PHY-3002 : Step(94): len = 129904, overlap = 136.781
PHY-3002 : Step(95): len = 130991, overlap = 134.188
PHY-3002 : Step(96): len = 137046, overlap = 145.25
PHY-3002 : Step(97): len = 134673, overlap = 141.375
PHY-3002 : Step(98): len = 134164, overlap = 145.656
PHY-3002 : Step(99): len = 134164, overlap = 145.656
PHY-3001 : :::5::: Try harder cell spreading with beta_ = 0.000120082
PHY-3002 : Step(100): len = 133959, overlap = 145.5
PHY-3002 : Step(101): len = 133959, overlap = 145.5
PHY-3002 : Step(102): len = 133770, overlap = 147.25
PHY-3002 : Step(103): len = 133855, overlap = 146.469
PHY-3002 : Step(104): len = 133835, overlap = 146.438
PHY-3001 : :::6::: Try harder cell spreading with beta_ = 0.000240165
PHY-3002 : Step(105): len = 134761, overlap = 133.688
PHY-3002 : Step(106): len = 135058, overlap = 133.594
PHY-3002 : Step(107): len = 136100, overlap = 129.406
PHY-3001 : Run with size of 2
PHY-3001 : Cell area utilization is 30%
PHY-3001 : Update timing in Manhattan mode ...
TMR-2503 : Start to update net delay, extr mode = 3.
TMR-2504 : Update delay of 6837 nets completely.
TMR-2502 : Annotate delay completely, extr mode = 3.
TMR-3501 : Forward propagation: start to calculate arrival time...
TMR-3502 : Backward propagation: start to calculate required time...
TMR-3503 : Timing propagation completes.
PHY-3001 : End timing update;  0.122553s wall, 0.125000s user + 0.000000s system = 0.125000s CPU (102.0%)

PHY-3001 : :::0::: Try harder cell spreading with beta_ = 2.71229e-05
PHY-3002 : Step(108): len = 137900, overlap = 315.25
PHY-3002 : Step(109): len = 138309, overlap = 314.062
PHY-3002 : Step(110): len = 140936, overlap = 298.312
PHY-3002 : Step(111): len = 142080, overlap = 280.062
PHY-3002 : Step(112): len = 145613, overlap = 257.938
PHY-3002 : Step(113): len = 145314, overlap = 235.281
PHY-3002 : Step(114): len = 143952, overlap = 230.25
PHY-3002 : Step(115): len = 143632, overlap = 233.312
PHY-3002 : Step(116): len = 141547, overlap = 233.844
PHY-3002 : Step(117): len = 140593, overlap = 225.719
PHY-3002 : Step(118): len = 140376, overlap = 224.125
PHY-3001 : :::1::: Try harder cell spreading with beta_ = 5.42458e-05
PHY-3002 : Step(119): len = 141292, overlap = 219.094
PHY-3002 : Step(120): len = 141704, overlap = 216.156
PHY-3002 : Step(121): len = 142063, overlap = 208.562
PHY-3001 : :::2::: Try harder cell spreading with beta_ = 0.000108492
PHY-3002 : Step(122): len = 146190, overlap = 188
PHY-3002 : Step(123): len = 146841, overlap = 181.844
PHY-3002 : Step(124): len = 150921, overlap = 163.875
PHY-3002 : Step(125): len = 150067, overlap = 157.281
PHY-3002 : Step(126): len = 150032, overlap = 155.656
PHY-3002 : Step(127): len = 149434, overlap = 152.25
PHY-3001 : :::3::: Try harder cell spreading with beta_ = 0.000216983
PHY-3002 : Step(128): len = 151217, overlap = 145.312
PHY-3002 : Step(129): len = 152138, overlap = 142
PHY-3002 : Step(130): len = 152876, overlap = 141.75
PHY-3001 : :::4::: Try harder cell spreading with beta_ = 0.000433967
PHY-3002 : Step(131): len = 154003, overlap = 145.062
PHY-3002 : Step(132): len = 155811, overlap = 139.719
PHY-3002 : Step(133): len = 158835, overlap = 128.031
PHY-3002 : Step(134): len = 159697, overlap = 123.531
PHY-3002 : Step(135): len = 158405, overlap = 122.219
PHY-3002 : Step(136): len = 157360, overlap = 123.312
PHY-3002 : Step(137): len = 156862, overlap = 122.031
PHY-3001 : :::5::: Try harder cell spreading with beta_ = 0.000867933
PHY-3002 : Step(138): len = 157817, overlap = 118.25
PHY-3002 : Step(139): len = 158197, overlap = 117.406
PHY-3002 : Step(140): len = 157992, overlap = 118.625
PHY-3001 : :::6::: Try harder cell spreading with beta_ = 0.00173587
PHY-3002 : Step(141): len = 158595, overlap = 117.781
PHY-3002 : Step(142): len = 158782, overlap = 118.031
OPT-1001 : Start physical optimization ...
RUN-1002 : start command "start_timer -report"
TMR-2505 : Start building timing graph for model test_camera.
TMR-2506 : Build timing graph completely. Port num: 21, tpin num: 26861, tnet num: 6837, tinst num: 5699, tnode num: 33338, tedge num: 44504.
TMR-2508 : Levelizing timing graph completed, there are 291 levels in total.
TMR-2501 : Timing graph initialized successfully.
RUN-1003 : finish command "start_timer -report" in  1.168468s wall, 1.171875s user + 0.000000s system = 1.171875s CPU (100.3%)

RUN-1004 : used memory is 257 MB, reserved memory is 237 MB, peak memory is 271 MB
OPT-1001 : Total overflow 347.34 peak overflow 3.62
OPT-1001 : Start high-fanout net optimization ...
OPT-1001 : Update timing in global mode
PHY-1001 : Start incremental global routing, caller is place ...
RUN-1001 : Generating global routing grids ...
RUN-1001 : Building simple global routing graph ...
PHY-1001 : Generate routing nets ...
PHY-1001 : Reuse net number 0/6839.
PHY-1001 : Global iterations in 16 thread ...
PHY-1002 : len = 186344, over cnt = 849(2%), over = 3208, worst = 22
PHY-1001 : End global iterations;  0.356448s wall, 0.546875s user + 0.000000s system = 0.546875s CPU (153.4%)

PHY-1001 : Congestion index: top1 = 47.35, top5 = 35.66, top10 = 29.73, top15 = 25.87.
PHY-1001 : End incremental global routing;  0.454350s wall, 0.640625s user + 0.000000s system = 0.640625s CPU (141.0%)

TMR-2503 : Start to update net delay, extr mode = 5.
TMR-2504 : Update delay of 6837 nets completely.
TMR-2502 : Annotate delay completely, extr mode = 5.
TMR-3001 : Initiate 0 clocks from SDC.
TMR-3004 : Map sdc constraints, there are 2 constraints in total.
TMR-3003 : Constraints initiated successfully.
TMR-3501 : Forward propagation: start to calculate arrival time...
TMR-3502 : Backward propagation: start to calculate required time...
TMR-3503 : Timing propagation completes.
OPT-1001 : End timing update;  0.159512s wall, 0.140625s user + 0.015625s system = 0.156250s CPU (98.0%)

OPT-1001 : 0 high-fanout net processed.
OPT-1001 : End high-fanout net optimization;  0.723539s wall, 0.890625s user + 0.015625s system = 0.906250s CPU (125.3%)

OPT-1001 : Current memory(MB): used = 295, reserve = 275, peak = 295.
OPT-1001 : Start global optimization ...
OPT-1001 : Start congestion update ...
RUN-1001 : Generating global routing grids ...
PHY-1001 : Generate routing nets ...
PHY-1001 : Reuse net number 4958/6839.
PHY-1001 : Global iterations in 16 thread ...
PHY-1002 : len = 186344, over cnt = 849(2%), over = 3208, worst = 22
PHY-1002 : len = 205352, over cnt = 527(1%), over = 1309, worst = 22
PHY-1002 : len = 217176, over cnt = 133(0%), over = 234, worst = 7
PHY-1002 : len = 219384, over cnt = 45(0%), over = 79, worst = 7
PHY-1002 : len = 220520, over cnt = 0(0%), over = 0, worst = 0
PHY-1001 : End global iterations;  0.461658s wall, 0.625000s user + 0.000000s system = 0.625000s CPU (135.4%)

PHY-1001 : Congestion index: top1 = 38.90, top5 = 32.51, top10 = 28.38, top15 = 25.64.
OPT-1001 : End congestion update;  0.552768s wall, 0.718750s user + 0.000000s system = 0.718750s CPU (130.0%)

OPT-1001 : Update timing in Manhattan mode
TMR-2503 : Start to update net delay, extr mode = 3.
TMR-2504 : Update delay of 6837 nets completely.
TMR-2502 : Annotate delay completely, extr mode = 3.
TMR-3501 : Forward propagation: start to calculate arrival time...
TMR-3502 : Backward propagation: start to calculate required time...
TMR-3503 : Timing propagation completes.
OPT-1001 : End timing update;  0.122562s wall, 0.125000s user + 0.000000s system = 0.125000s CPU (102.0%)

OPT-0007 : Start: WNS 4470 TNS 0 NUM_FEPS 0
OPT-1001 : End global optimization;  0.675457s wall, 0.843750s user + 0.000000s system = 0.843750s CPU (124.9%)

OPT-1001 : Current memory(MB): used = 300, reserve = 279, peak = 300.
OPT-1001 : End physical optimization;  2.619020s wall, 2.953125s user + 0.015625s system = 2.968750s CPU (113.4%)

PHY-3001 : Start packing ...
SYN-4007 : Packing 0 MUX to BLE ...
SYN-4008 : Packed 0 MUX and 0 SEQ to BLE.
SYN-4007 : Packing 2315 LUT to BLE ...
SYN-4008 : Packed 2315 LUT and 1022 SEQ to BLE.
SYN-4003 : Packing 963 remaining SEQ's ...
SYN-4005 : Packed 608 SEQ with LUT/SLICE
SYN-4006 : 858 single LUT's are left
SYN-4006 : 355 single SEQ's are left
SYN-4011 : Packing model "test_camera" (AL_USER_NORMAL) with 2670/5089 primitive instances ...
PHY-3001 : End packing;  0.250769s wall, 0.250000s user + 0.000000s system = 0.250000s CPU (99.7%)

PHY-1001 : Populate physical database on model test_camera.
RUN-1001 : There are total 2895 instances
RUN-1001 : 1362 mslices, 1361 lslices, 144 pads, 14 brams, 5 dsps
RUN-1001 : There are total 5882 nets
RUN-6004 WARNING: There are 2 nets with only 1 pin.
RUN-1001 : 3667 nets have 2 pins
RUN-1001 : 1415 nets have [3 - 5] pins
RUN-1001 : 634 nets have [6 - 10] pins
RUN-1001 : 91 nets have [11 - 20] pins
RUN-1001 : 63 nets have [21 - 99] pins
RUN-1001 : 10 nets have 100+ pins
PHY-3001 : design contains 2893 instances, 2723 slices, 238 macros(1228 instances: 785 mslices 443 lslices)
PHY-3001 : Cell area utilization is 33%
PHY-3001 : After packing: Len = 161639, Over = 160.5
PHY-3001 : Run with size of 2
PHY-3001 : Cell area utilization is 33%
PHY-3001 : Update timing in Manhattan mode ...
RUN-1002 : start command "start_timer -report"
TMR-2505 : Start building timing graph for model test_camera.
TMR-2506 : Build timing graph completely. Port num: 21, tpin num: 23445, tnet num: 5880, tinst num: 2893, tnode num: 28129, tedge num: 40531.
TMR-2508 : Levelizing timing graph completed, there are 289 levels in total.
TMR-2501 : Timing graph initialized successfully.
RUN-1003 : finish command "start_timer -report" in  1.245078s wall, 1.250000s user + 0.000000s system = 1.250000s CPU (100.4%)

RUN-1004 : used memory is 304 MB, reserved memory is 285 MB, peak memory is 304 MB
TMR-2503 : Start to update net delay, extr mode = 3.
TMR-2504 : Update delay of 5880 nets completely.
TMR-2502 : Annotate delay completely, extr mode = 3.
TMR-3001 : Initiate 0 clocks from SDC.
TMR-3004 : Map sdc constraints, there are 2 constraints in total.
TMR-3003 : Constraints initiated successfully.
TMR-3501 : Forward propagation: start to calculate arrival time...
TMR-3502 : Backward propagation: start to calculate required time...
TMR-3503 : Timing propagation completes.
PHY-3001 : End timing update;  1.366015s wall, 1.359375s user + 0.000000s system = 1.359375s CPU (99.5%)

PHY-3001 : :::0::: Try harder cell spreading with beta_ = 2.33741e-05
PHY-3002 : Step(143): len = 156857, overlap = 167.75
PHY-3002 : Step(144): len = 155821, overlap = 169.5
PHY-3002 : Step(145): len = 151219, overlap = 183.25
PHY-3002 : Step(146): len = 150077, overlap = 194.5
PHY-3002 : Step(147): len = 148175, overlap = 194
PHY-3002 : Step(148): len = 146812, overlap = 196.75
PHY-3002 : Step(149): len = 145812, overlap = 203.5
PHY-3001 : :::1::: Try harder cell spreading with beta_ = 4.67481e-05
PHY-3002 : Step(150): len = 147494, overlap = 188.5
PHY-3002 : Step(151): len = 148537, overlap = 188
PHY-3002 : Step(152): len = 151277, overlap = 180.25
PHY-3002 : Step(153): len = 150649, overlap = 180
PHY-3002 : Step(154): len = 150649, overlap = 180
PHY-3002 : Step(155): len = 150468, overlap = 178.5
PHY-3001 : :::2::: Try harder cell spreading with beta_ = 9.34963e-05
PHY-3002 : Step(156): len = 156800, overlap = 164.75
PHY-3002 : Step(157): len = 158464, overlap = 165.5
PHY-3002 : Step(158): len = 161172, overlap = 161.25
PHY-3002 : Step(159): len = 162004, overlap = 157
PHY-3002 : Step(160): len = 162777, overlap = 151.5
PHY-3001 : Legalization ...
PHY-3001 : End legalization;  0.373763s wall, 0.281250s user + 0.671875s system = 0.953125s CPU (255.0%)

PHY-3001 : Trial Legalized: Len = 207157
PHY-3001 : Run with size of 2
PHY-3001 : Cell area utilization is 32%
PHY-3001 : Update timing in Manhattan mode ...
TMR-2503 : Start to update net delay, extr mode = 3.
TMR-2504 : Update delay of 5880 nets completely.
TMR-2502 : Annotate delay completely, extr mode = 3.
TMR-3501 : Forward propagation: start to calculate arrival time...
TMR-3502 : Backward propagation: start to calculate required time...
TMR-3503 : Timing propagation completes.
PHY-3001 : End timing update;  0.109947s wall, 0.109375s user + 0.000000s system = 0.109375s CPU (99.5%)

PHY-3001 : :::0::: Try harder cell spreading with beta_ = 0.000191289
PHY-3002 : Step(161): len = 192652, overlap = 14.25
PHY-3002 : Step(162): len = 183869, overlap = 40
PHY-3002 : Step(163): len = 180157, overlap = 40.75
PHY-3002 : Step(164): len = 178712, overlap = 44.25
PHY-3002 : Step(165): len = 177151, overlap = 46.5
PHY-3002 : Step(166): len = 175954, overlap = 51
PHY-3002 : Step(167): len = 175683, overlap = 51.25
PHY-3002 : Step(168): len = 175178, overlap = 50.75
PHY-3001 : :::1::: Try harder cell spreading with beta_ = 0.000382579
PHY-3002 : Step(169): len = 176417, overlap = 49
PHY-3002 : Step(170): len = 176730, overlap = 49.5
PHY-3002 : Step(171): len = 177601, overlap = 49.5
PHY-3001 : Legalization ...
PHY-3001 : End legalization;  0.008130s wall, 0.015625s user + 0.000000s system = 0.015625s CPU (192.2%)

PHY-3001 : Legalized: Len = 190725, Over = 0
PHY-3001 : Spreading special nets. 25 overflows in 2952 tiles.
PHY-3001 : End spreading;  0.018546s wall, 0.015625s user + 0.000000s system = 0.015625s CPU (84.2%)

PHY-3001 : 37 instances has been re-located, deltaX = 1, deltaY = 29, maxDist = 2.
PHY-3001 : Final: Len = 191148, Over = 0
OPT-1001 : Start physical optimization ...
RUN-1002 : start command "start_timer -report"
TMR-2505 : Start building timing graph for model test_camera.
TMR-2506 : Build timing graph completely. Port num: 21, tpin num: 23445, tnet num: 5880, tinst num: 2893, tnode num: 28129, tedge num: 40531.
TMR-2508 : Levelizing timing graph completed, there are 289 levels in total.
TMR-2501 : Timing graph initialized successfully.
RUN-1003 : finish command "start_timer -report" in  1.272973s wall, 1.265625s user + 0.015625s system = 1.281250s CPU (100.7%)

RUN-1004 : used memory is 300 MB, reserved memory is 283 MB, peak memory is 308 MB
OPT-1001 : Total overflow 0.00 peak overflow 0.00
OPT-1001 : Start high-fanout net optimization ...
OPT-1001 : Update timing in global mode
PHY-1001 : Start incremental global routing, caller is place ...
RUN-1001 : Generating global routing grids ...
PHY-1001 : Generate routing nets ...
PHY-1001 : Reuse net number 232/5882.
PHY-1001 : Global iterations in 16 thread ...
PHY-1002 : len = 235456, over cnt = 700(1%), over = 1190, worst = 8
PHY-1002 : len = 240064, over cnt = 378(1%), over = 554, worst = 8
PHY-1002 : len = 245128, over cnt = 118(0%), over = 156, worst = 5
PHY-1002 : len = 246152, over cnt = 53(0%), over = 68, worst = 4
PHY-1002 : len = 247128, over cnt = 0(0%), over = 0, worst = 0
PHY-1001 : End global iterations;  0.749026s wall, 1.078125s user + 0.156250s system = 1.234375s CPU (164.8%)

PHY-1001 : Congestion index: top1 = 34.01, top5 = 29.66, top10 = 27.03, top15 = 25.00.
PHY-1001 : End incremental global routing;  0.894807s wall, 1.218750s user + 0.156250s system = 1.375000s CPU (153.7%)

TMR-2503 : Start to update net delay, extr mode = 5.
TMR-2504 : Update delay of 5880 nets completely.
TMR-2502 : Annotate delay completely, extr mode = 5.
TMR-3001 : Initiate 0 clocks from SDC.
TMR-3004 : Map sdc constraints, there are 2 constraints in total.
TMR-3003 : Constraints initiated successfully.
TMR-3501 : Forward propagation: start to calculate arrival time...
TMR-3502 : Backward propagation: start to calculate required time...
TMR-3503 : Timing propagation completes.
OPT-1001 : End timing update;  0.156024s wall, 0.156250s user + 0.000000s system = 0.156250s CPU (100.1%)

OPT-1001 : 0 high-fanout net processed.
OPT-1001 : End high-fanout net optimization;  1.169396s wall, 1.500000s user + 0.156250s system = 1.656250s CPU (141.6%)

OPT-1001 : Current memory(MB): used = 310, reserve = 291, peak = 310.
OPT-1001 : Start path based optimization ...
OPT-1001 : Start congestion update ...
RUN-1001 : Generating global routing grids ...
PHY-1001 : Generate routing nets ...
PHY-1001 : Reuse net number 4996/5882.
PHY-1001 : Global iterations in 16 thread ...
PHY-1002 : len = 247128, over cnt = 0(0%), over = 0, worst = 0
PHY-1001 : End global iterations;  0.028204s wall, 0.031250s user + 0.000000s system = 0.031250s CPU (110.8%)

PHY-1001 : Congestion index: top1 = 34.01, top5 = 29.66, top10 = 27.03, top15 = 25.00.
OPT-1001 : End congestion update;  0.132040s wall, 0.125000s user + 0.000000s system = 0.125000s CPU (94.7%)

OPT-1001 : Update timing in Manhattan mode
TMR-2503 : Start to update net delay, extr mode = 3.
TMR-2504 : Update delay of 5880 nets completely.
TMR-2502 : Annotate delay completely, extr mode = 3.
TMR-3501 : Forward propagation: start to calculate arrival time...
TMR-3502 : Backward propagation: start to calculate required time...
TMR-3503 : Timing propagation completes.
OPT-1001 : End timing update;  0.109757s wall, 0.109375s user + 0.000000s system = 0.109375s CPU (99.7%)

OPT-0007 : Start: WNS 4345 TNS 0 NUM_FEPS 0
OPT-1001 : End path based optimization;  0.241926s wall, 0.234375s user + 0.000000s system = 0.234375s CPU (96.9%)

OPT-1001 : Current memory(MB): used = 312, reserve = 293, peak = 312.
OPT-1001 : Update timing in Manhattan mode
TMR-2503 : Start to update net delay, extr mode = 3.
TMR-2504 : Update delay of 5880 nets completely.
TMR-2502 : Annotate delay completely, extr mode = 3.
TMR-3501 : Forward propagation: start to calculate arrival time...
TMR-3502 : Backward propagation: start to calculate required time...
TMR-3503 : Timing propagation completes.
OPT-1001 : End timing update;  0.110777s wall, 0.109375s user + 0.000000s system = 0.109375s CPU (98.7%)

OPT-1001 : Start pin optimization...
OPT-1001 : skip pin optimization...
OPT-1001 : Update timing in global mode
PHY-1001 : Start incremental global routing, caller is place ...
RUN-1001 : Generating global routing grids ...
PHY-1001 : Generate routing nets ...
PHY-1001 : Reuse net number 4996/5882.
PHY-1001 : Global iterations in 16 thread ...
PHY-1002 : len = 247128, over cnt = 0(0%), over = 0, worst = 0
PHY-1001 : End global iterations;  0.028210s wall, 0.031250s user + 0.000000s system = 0.031250s CPU (110.8%)

PHY-1001 : Congestion index: top1 = 34.01, top5 = 29.66, top10 = 27.03, top15 = 25.00.
PHY-1001 : End incremental global routing;  0.131737s wall, 0.140625s user + 0.000000s system = 0.140625s CPU (106.7%)

TMR-2503 : Start to update net delay, extr mode = 5.
TMR-2504 : Update delay of 5880 nets completely.
TMR-2502 : Annotate delay completely, extr mode = 5.
TMR-3501 : Forward propagation: start to calculate arrival time...
TMR-3502 : Backward propagation: start to calculate required time...
TMR-3503 : Timing propagation completes.
OPT-1001 : End timing update;  0.143040s wall, 0.140625s user + 0.000000s system = 0.140625s CPU (98.3%)

RUN-1001 : Generating global routing grids ...
PHY-1001 : Generate routing nets ...
PHY-1001 : Reuse net number 4996/5882.
PHY-1001 : Global iterations in 16 thread ...
PHY-1002 : len = 247128, over cnt = 0(0%), over = 0, worst = 0
PHY-1001 : End global iterations;  0.028834s wall, 0.015625s user + 0.000000s system = 0.015625s CPU (54.2%)

PHY-1001 : Congestion index: top1 = 34.01, top5 = 29.66, top10 = 27.03, top15 = 25.00.
OPT-1001 : Update timing in Manhattan mode
TMR-2503 : Start to update net delay, extr mode = 3.
TMR-2504 : Update delay of 5880 nets completely.
TMR-2502 : Annotate delay completely, extr mode = 3.
TMR-3501 : Forward propagation: start to calculate arrival time...
TMR-3502 : Backward propagation: start to calculate required time...
TMR-3503 : Timing propagation completes.
OPT-1001 : End timing update;  0.112563s wall, 0.109375s user + 0.000000s system = 0.109375s CPU (97.2%)

RUN-1001 : QoR Analysis:
OPT-0007 :   WNS 4345 TNS 0 NUM_FEPS 0
RUN-1001 :   No local congestion issue, and most congested 1% tile average routing util is 33.586207
RUN-1001 :   Top critical paths
OPT-1001 : End physical optimization;  3.365983s wall, 3.687500s user + 0.171875s system = 3.859375s CPU (114.7%)

RUN-1003 : finish command "place" in  16.326995s wall, 26.343750s user + 6.875000s system = 33.218750s CPU (203.5%)

RUN-1004 : used memory is 288 MB, reserved memory is 270 MB, peak memory is 312 MB
RUN-1002 : start command "export_db ov2640_sdram_place.db"
RUN-1001 : Exported /
RUN-1001 : Exported flow parameters
RUN-1001 : Exported libs
RUN-1001 : Exported entities
RUN-1001 : Exported ports
RUN-1001 : Exported pins
RUN-1001 : Exported instances
RUN-1001 : Exported nets
RUN-1001 : Exported buses
RUN-1001 : Exported models
RUN-1001 : Exported congestions
RUN-1001 : Exported violations
RUN-1001 : Exported timing constraints
RUN-1001 : Exported IO constraints
RUN-1001 : Exported Inst constraints
RUN-1002 : start command "route"
RUN-1001 : Open license file C:/Anlogic/TD5.6.59063/license/Anlogic.lic
RUN-1001 : Print Global Property
RUN-1001 : ---------------------------------------------------------------
RUN-1001 :        Parameters        |  Settings  |  Default Values  |  Note  
RUN-1001 : ---------------------------------------------------------------
RUN-1001 :          message         |  standard  |     standard     |        
RUN-1001 :   mixed_pack_place_flow  |     on     |        on        |        
RUN-1001 :        qor_monitor       |    off     |       off        |        
RUN-1001 :        syn_ip_flow       |    off     |       off        |        
RUN-1001 :          thread          |    auto    |       auto       |        
RUN-1001 : ---------------------------------------------------------------
RUN-1001 : Print Route Property
RUN-1001 : -------------------------------------------------------
RUN-1001 :    Parameters    |  Settings  |  Default Values  |  Note  
RUN-1001 : -------------------------------------------------------
RUN-1001 :      effort      |   medium   |      medium      |        
RUN-1001 :     fix_hold     |    off     |       off        |        
RUN-1001 :    opt_timing    |   medium   |      medium      |        
RUN-1001 :   phy_sim_model  |    off     |       off        |        
RUN-1001 :     priority     |   timing   |      timing      |        
RUN-1001 :     swap_pin     |     on     |        on        |        
RUN-1001 : -------------------------------------------------------
PHY-1001 : Route runs in 16 thread(s)
RUN-1001 : There are total 2895 instances
RUN-1001 : 1362 mslices, 1361 lslices, 144 pads, 14 brams, 5 dsps
RUN-1001 : There are total 5882 nets
RUN-6004 WARNING: There are 2 nets with only 1 pin.
RUN-1001 : 3667 nets have 2 pins
RUN-1001 : 1415 nets have [3 - 5] pins
RUN-1001 : 634 nets have [6 - 10] pins
RUN-1001 : 91 nets have [11 - 20] pins
RUN-1001 : 63 nets have [21 - 99] pins
RUN-1001 : 10 nets have 100+ pins
RUN-1002 : start command "start_timer -report"
TMR-2505 : Start building timing graph for model test_camera.
TMR-2506 : Build timing graph completely. Port num: 21, tpin num: 23445, tnet num: 5880, tinst num: 2893, tnode num: 28129, tedge num: 40531.
TMR-2508 : Levelizing timing graph completed, there are 289 levels in total.
TMR-2501 : Timing graph initialized successfully.
RUN-1003 : finish command "start_timer -report" in  1.234579s wall, 1.234375s user + 0.000000s system = 1.234375s CPU (100.0%)

RUN-1004 : used memory is 305 MB, reserved memory is 288 MB, peak memory is 340 MB
PHY-1001 : 1362 mslices, 1361 lslices, 144 pads, 14 brams, 5 dsps
TMR-2503 : Start to update net delay, extr mode = 3.
TMR-2504 : Update delay of 5880 nets completely.
TMR-2502 : Annotate delay completely, extr mode = 3.
TMR-3001 : Initiate 0 clocks from SDC.
TMR-3004 : Map sdc constraints, there are 2 constraints in total.
TMR-3003 : Constraints initiated successfully.
TMR-3501 : Forward propagation: start to calculate arrival time...
TMR-3502 : Backward propagation: start to calculate required time...
TMR-3503 : Timing propagation completes.
PHY-1001 : Start global routing, caller is route ...
RUN-1001 : Generating global routing grids ...
PHY-1001 : Generate routing nets ...
PHY-1001 : Global iterations in 16 thread ...
PHY-1002 : len = 232360, over cnt = 704(2%), over = 1197, worst = 9
PHY-1002 : len = 237944, over cnt = 339(0%), over = 489, worst = 8
PHY-1002 : len = 242832, over cnt = 90(0%), over = 129, worst = 5
PHY-1002 : len = 244480, over cnt = 1(0%), over = 1, worst = 1
PHY-1002 : len = 244576, over cnt = 0(0%), over = 0, worst = 0
PHY-1001 : End global iterations;  0.788190s wall, 1.109375s user + 0.093750s system = 1.203125s CPU (152.6%)

PHY-1001 : Congestion index: top1 = 34.35, top5 = 29.76, top10 = 27.03, top15 = 24.97.
PHY-1001 : End global routing;  0.916461s wall, 1.234375s user + 0.093750s system = 1.328125s CPU (144.9%)

PHY-1001 : Start detail routing ...
PHY-1001 : Current memory(MB): used = 340, reserve = 322, peak = 343.
PHY-1001 : Detailed router is running in normal mode.
PHY-1001 : Generate detailed routing grids ...
PHY-1001 : Generate nets ...
PHY-1001 : net clk_24m_dup_1 will be routed on clock mesh
PHY-1001 : net clk_cam will be routed on clock mesh
PHY-1001 : net vga_clk_dup_1 will be routed on clock mesh
PHY-1001 : clock net Sdram_Control_4Port/CTRL_CLK will be merged with clock u_pll/clk0_buf
PHY-1001 : net Sdram_Control_4Port/SDRAM_CLK will be routed on clock mesh
PHY-1001 : clock net u_image_select/mode[3]_syn_28 will be merged with clock u_image_select/mode[3]_syn_26
PHY-1001 : clock net u_camera_init/divider2[8]_syn_4 will be merged with clock u_camera_init/divider2[8]
PHY-1001 : clock net u_camera_init/divider2[7]_syn_2 will be merged with clock u_camera_init/divider2[7]
PHY-1001 : net u_camera_init/u_i2c_write/clk will be routed on clock mesh
PHY-5010 WARNING: Net u_image_process/out_img_imy[1] is skipped due to 0 input or output
PHY-5010 WARNING: Net u_image_process/out_img_imy[0] is skipped due to 0 input or output
PHY-1001 : clock net u_image_process/wrreq_syn_2 will be merged with clock u_image_process/wrreq
PHY-1001 : net u_image_process/u_Median_Gray_3/u_three_martix/csi_pclk will be routed on clock mesh
PHY-5010 WARNING: Net u_image_process/out_img_imy[1] is skipped due to 0 input or output
PHY-5010 WARNING: Net u_image_process/out_img_imy[0] is skipped due to 0 input or output
PHY-1001 : Current memory(MB): used = 598, reserve = 584, peak = 598.
PHY-1001 : End build detailed router design. 3.957554s wall, 3.843750s user + 0.109375s system = 3.953125s CPU (99.9%)

PHY-1001 : Detail Route ...
PHY-1001 : ===== Detail Route Phase 1 =====
PHY-1001 : Clock net routing.....
PHY-1001 : Routed 0% nets.
PHY-1022 : len = 70880, over cnt = 0(0%), over = 0, worst = 0, crit = 0
PHY-1001 : End initial clock net routed; 4.241084s wall, 4.250000s user + 0.000000s system = 4.250000s CPU (100.2%)

PHY-1001 : Current memory(MB): used = 631, reserve = 617, peak = 631.
PHY-1001 : End phase 1; 4.247441s wall, 4.250000s user + 0.000000s system = 4.250000s CPU (100.1%)

PHY-1001 : ===== Detail Route Phase 2 =====
PHY-1001 : Initial routing.....
PHY-1001 : Routed 23% nets.
PHY-1001 : Routed 25% nets.
PHY-1001 : Routed 28% nets.
PHY-1001 : Routed 33% nets.
PHY-1001 : Routed 40% nets.
PHY-1001 : Patch 2436 net; 2.115602s wall, 2.125000s user + 0.000000s system = 2.125000s CPU (100.4%)

PHY-1022 : len = 614672, over cnt = 264(0%), over = 264, worst = 1, crit = 0
PHY-1001 : Current memory(MB): used = 635, reserve = 621, peak = 635.
PHY-1001 : End initial routed; 7.182904s wall, 10.609375s user + 0.281250s system = 10.890625s CPU (151.6%)

PHY-1001 : Update timing.....
PHY-1001 : 0/4809(0%) critical/total net(s).
RUN-1001 : ------------------------------------------
RUN-1001 :   Type   |    WNS(ns)    |  TNS(ns)  |  FEP  
RUN-1001 : ------------------------------------------
RUN-1001 :   Setup  |     3.846     |   0.000   |   0   
RUN-1001 :   Hold   |  2147483.647  |   0.000   |   0   
RUN-1001 : ------------------------------------------
PHY-1001 : End update timing; 1.539368s wall, 1.531250s user + 0.000000s system = 1.531250s CPU (99.5%)

PHY-1001 : Current memory(MB): used = 641, reserve = 627, peak = 641.
PHY-1001 : End phase 2; 8.722340s wall, 12.140625s user + 0.281250s system = 12.421875s CPU (142.4%)

PHY-1001 : ===== Detail Route Phase 3 =====
PHY-1001 : Optimize timing.....
PHY-1022 : len = 614672, over cnt = 264(0%), over = 264, worst = 1, crit = 0
PHY-1001 : End optimize timing; 0.021282s wall, 0.015625s user + 0.000000s system = 0.015625s CPU (73.4%)

PHY-1001 : Ripup-reroute.....
PHY-1001 : ===== DR Iter 1 =====
PHY-1022 : len = 612864, over cnt = 76(0%), over = 76, worst = 1, crit = 0
PHY-1001 : End DR Iter 1; 0.196422s wall, 0.250000s user + 0.000000s system = 0.250000s CPU (127.3%)

PHY-1001 : ===== DR Iter 2 =====
PHY-1022 : len = 612576, over cnt = 17(0%), over = 17, worst = 1, crit = 0
PHY-1001 : End DR Iter 2; 0.107110s wall, 0.140625s user + 0.062500s system = 0.203125s CPU (189.6%)

PHY-1001 : ===== DR Iter 3 =====
PHY-1022 : len = 612808, over cnt = 0(0%), over = 0, worst = 0, crit = 0
PHY-1001 : End DR Iter 3; 0.071915s wall, 0.062500s user + 0.000000s system = 0.062500s CPU (86.9%)

PHY-1001 : Update timing.....
PHY-1001 : 0/4809(0%) critical/total net(s).
RUN-1001 : ------------------------------------------
RUN-1001 :   Type   |    WNS(ns)    |  TNS(ns)  |  FEP  
RUN-1001 : ------------------------------------------
RUN-1001 :   Setup  |     3.846     |   0.000   |   0   
RUN-1001 :   Hold   |  2147483.647  |   0.000   |   0   
RUN-1001 : ------------------------------------------
PHY-1001 : End update timing; 1.612377s wall, 1.625000s user + 0.000000s system = 1.625000s CPU (100.8%)

PHY-1001 : Commit to database.....
PHY-1001 : 64 feed throughs used by 48 nets
PHY-1001 : End commit to database; 0.648751s wall, 0.640625s user + 0.000000s system = 0.640625s CPU (98.7%)

PHY-1001 : Current memory(MB): used = 673, reserve = 660, peak = 673.
PHY-1001 : End phase 3; 2.837436s wall, 2.953125s user + 0.062500s system = 3.015625s CPU (106.3%)

PHY-1003 : Routed, final wirelength = 612808
PHY-1001 : Current memory(MB): used = 674, reserve = 661, peak = 674.
PHY-1001 : End export database. 0.020987s wall, 0.031250s user + 0.000000s system = 0.031250s CPU (148.9%)

PHY-1001 : End detail routing;  20.052631s wall, 23.468750s user + 0.453125s system = 23.921875s CPU (119.3%)

RUN-1003 : finish command "route" in  22.447701s wall, 26.171875s user + 0.546875s system = 26.718750s CPU (119.0%)

RUN-1004 : used memory is 609 MB, reserved memory is 596 MB, peak memory is 674 MB
RUN-1002 : start command "report_area -io_info -file ov2640_sdram_phy.area"
RUN-1001 : standard
***Report Model: test_camera Device: EG4S20BG256***

IO Statistics
#IO                        89
  #input                   29
  #output                  59
  #inout                    1

Utilization Statistics
#lut                     4862   out of  19600   24.81%
#reg                     1988   out of  19600   10.14%
#le                      5215
  #lut only              3227   out of   5215   61.88%
  #reg only               353   out of   5215    6.77%
  #lut&reg               1635   out of   5215   31.35%
#dsp                        5   out of     29   17.24%
#bram                      12   out of     64   18.75%
  #bram9k                   0
  #fifo9k                  12
#bram32k                    2   out of     16   12.50%
#pad                       89   out of    188   47.34%
  #ireg                     0
  #oreg                     0
  #treg                     0
#pll                        1   out of      4   25.00%
#gclk                      11   out of     16   68.75%

Clock Resource Statistics
Index     ClockNet                                                   Type               DriverType         Driver                                       Fanout
#1        u_image_process/u_Median_Gray_3/u_three_martix/csi_pclk    GCLK               io                 cam_pclk_syn_9.di                            852
#2        u_pll/clk0_buf                                             GCLK               pll                u_pll/pll_inst.clkc0                         184
#3        vga_clk_dup_1                                              GCLK               pll                u_pll/pll_inst.clkc2                         41
#4        u_camera_init/u_i2c_write/clk                              GCLK               pll                u_pll/pll_inst.clkc4                         36
#5        u_camera_init/divider2[8]                                  GCLK               lslice             u_camera_init/add2_syn_56.q1                 21
#6        u_camera_init/divider2[7]                                  GCLK               lslice             u_camera_init/add2_syn_56.q0                 18
#7        u_image_process/wrreq                                      GCLK               lslice             u_image_process/u_RGBYCbCr/reg7_syn_21.f0    9
#8        u_image_select/mode[3]_syn_26                              GCLK               mslice             u_image_select/sel1_syn_74.f0                9
#9        clk_24m_dup_1                                              GCLK               io                 clk_24m_syn_2.di                             7
#10       Sdram_Control_4Port/SDRAM_CLK                              GCLK               pll                u_pll/pll_inst.clkc1                         0
#11       clk_cam                                                    GCLK               pll                u_pll/pll_inst.clkc3                         0


Detailed IO Report

     Name        Direction    Location    IOStandard    DriveStrength    PullType    PackReg  
   Switch[5]       INPUT         P6        LVCMOS25          N/A          PULLUP      NONE    
   Switch[4]       INPUT         M6        LVCMOS25          N/A          PULLUP      NONE    
   Switch[3]       INPUT         T6        LVCMOS25          N/A          PULLUP      NONE    
   Switch[2]       INPUT         T5        LVCMOS25          N/A          PULLUP      NONE    
   Switch[1]       INPUT         R5        LVCMOS25          N/A          PULLUP      NONE    
   Switch[0]       INPUT         T4        LVCMOS25          N/A          PULLUP      NONE    
  cam_data[7]      INPUT        H13        LVCMOS33          N/A          PULLUP      NONE    
  cam_data[6]      INPUT        G16        LVCMOS33          N/A          PULLUP      NONE    
  cam_data[5]      INPUT        H16        LVCMOS33          N/A          PULLUP      NONE    
  cam_data[4]      INPUT        G14        LVCMOS33          N/A          PULLUP      NONE    
  cam_data[3]      INPUT        K15        LVCMOS33          N/A          PULLUP      NONE    
  cam_data[2]      INPUT        K16        LVCMOS33          N/A          PULLUP      NONE    
  cam_data[1]      INPUT        J16        LVCMOS33          N/A          PULLUP      NONE    
  cam_data[0]      INPUT        H15        LVCMOS33          N/A          PULLUP      NONE    
   cam_href        INPUT        F15        LVCMOS33          N/A          PULLUP      NONE    
   cam_pclk        INPUT        K12        LVCMOS33          N/A          PULLUP      NONE    
   cam_vsync       INPUT        E15        LVCMOS33          N/A          PULLUP      NONE    
    clk_24m        INPUT        K14        LVCMOS33          N/A          PULLUP      NONE    
     rst_n         INPUT        G11        LVCMOS33          N/A          PULLUP      NONE    
    Led[15]       OUTPUT        T13        LVCMOS25           8            NONE       NONE    
    Led[14]       OUTPUT        T12        LVCMOS25           8            NONE       NONE    
    Led[13]       OUTPUT        R12        LVCMOS25           8            NONE       NONE    
    Led[12]       OUTPUT         M7        LVCMOS25           8            NONE       NONE    
    Led[11]       OUTPUT         T9        LVCMOS25           8            NONE       NONE    
    Led[10]       OUTPUT         T8        LVCMOS25           8            NONE       NONE    
    Led[9]        OUTPUT         T7        LVCMOS25           8            NONE       NONE    
    Led[8]        OUTPUT         R7        LVCMOS25           8            NONE       NONE    
    Led[7]        OUTPUT         P5        LVCMOS25           8            NONE       NONE    
    Led[6]        OUTPUT         N5        LVCMOS25           8            NONE       NONE    
    Led[5]        OUTPUT         P4        LVCMOS25           8            NONE       NONE    
    Led[4]        OUTPUT         M5        LVCMOS25           8            NONE       NONE    
    Led[3]        OUTPUT         N4        LVCMOS25           8            NONE       NONE    
    Led[2]        OUTPUT         N3        LVCMOS25           8            NONE       NONE    
    Led[1]        OUTPUT         M4        LVCMOS25           8            NONE       NONE    
    Led[0]        OUTPUT         M3        LVCMOS25           8            NONE       NONE    
   cam_pwdn       OUTPUT        F14        LVCMOS33           8            NONE       NONE    
    cam_rst       OUTPUT        F13        LVCMOS33           8            NONE       NONE    
   cam_soic       OUTPUT        D16        LVCMOS33           8           PULLUP      NONE    
   cam_xclk       OUTPUT        J12        LVCMOS33           8            NONE       NONE    
   sm_bit[3]      OUTPUT         F3        LVCMOS25           8            NONE       NONE    
   sm_bit[2]      OUTPUT         C2        LVCMOS25           8            NONE       NONE    
   sm_bit[1]      OUTPUT         C3        LVCMOS25           8            NONE       NONE    
   sm_bit[0]      OUTPUT         B1        LVCMOS25           8            NONE       NONE    
   sm_seg[7]      OUTPUT         A2        LVCMOS25           8            NONE       NONE    
   sm_seg[6]      OUTPUT         B2        LVCMOS25           8            NONE       NONE    
   sm_seg[5]      OUTPUT         D3        LVCMOS25           8            NONE       NONE    
   sm_seg[4]      OUTPUT         F5        LVCMOS25           8            NONE       NONE    
   sm_seg[3]      OUTPUT         E4        LVCMOS25           8            NONE       NONE    
   sm_seg[2]      OUTPUT         F4        LVCMOS25           8            NONE       NONE    
   sm_seg[1]      OUTPUT         B3        LVCMOS25           8            NONE       NONE    
   sm_seg[0]      OUTPUT         E3        LVCMOS25           8            NONE       NONE    
   vga_b[7]       OUTPUT         C1        LVCMOS25           8            NONE       NONE    
   vga_b[6]       OUTPUT         D1        LVCMOS25           8            NONE       NONE    
   vga_b[5]       OUTPUT         E2        LVCMOS25           8            NONE       NONE    
   vga_b[4]       OUTPUT         G3        LVCMOS25           8            NONE       NONE    
   vga_b[3]       OUTPUT         E1        LVCMOS25           8            NONE       NONE    
   vga_b[2]       OUTPUT         F2        LVCMOS25           8            NONE       NONE    
   vga_b[1]       OUTPUT         F1        LVCMOS25           8            NONE       NONE    
   vga_b[0]       OUTPUT         G1        LVCMOS25           8            NONE       NONE    
    vga_clk       OUTPUT         H2        LVCMOS25           8            NONE       NONE    
   vga_g[7]       OUTPUT         H5        LVCMOS25           8            NONE       NONE    
   vga_g[6]       OUTPUT         H1        LVCMOS25           8            NONE       NONE    
   vga_g[5]       OUTPUT         J6        LVCMOS25           8            NONE       NONE    
   vga_g[4]       OUTPUT         H3        LVCMOS25           8            NONE       NONE    
   vga_g[3]       OUTPUT         J1        LVCMOS25           8            NONE       NONE    
   vga_g[2]       OUTPUT         K1        LVCMOS25           8            NONE       NONE    
   vga_g[1]       OUTPUT         K2        LVCMOS25           8            NONE       NONE    
   vga_g[0]       OUTPUT         L1        LVCMOS25           8            NONE       NONE    
   vga_hsync      OUTPUT         J3        LVCMOS25           8            NONE       NONE    
   vga_r[7]       OUTPUT         K6        LVCMOS25           8            NONE       NONE    
   vga_r[6]       OUTPUT         K3        LVCMOS25           8            NONE       NONE    
   vga_r[5]       OUTPUT         K5        LVCMOS25           8            NONE       NONE    
   vga_r[4]       OUTPUT         L4        LVCMOS25           8            NONE       NONE    
   vga_r[3]       OUTPUT         M1        LVCMOS25           8            NONE       NONE    
   vga_r[2]       OUTPUT         M2        LVCMOS25           8            NONE       NONE    
   vga_r[1]       OUTPUT         L3        LVCMOS25           8            NONE       NONE    
   vga_r[0]       OUTPUT         L5        LVCMOS25           8            NONE       NONE    
   vga_vsync      OUTPUT         J4        LVCMOS25           8            NONE       NONE    
   cam_soid        INOUT        D14        LVCMOS33           8           PULLUP      NONE    

Report Hierarchy Area:
+---------------------------------------------------------------------------------------------------------------------------------------+
|Instance                              |Module                                     |le     |lut     |ripple  |seq     |bram    |dsp     |
+---------------------------------------------------------------------------------------------------------------------------------------+
|top                                   |test_camera                                |5215   |3633    |1229    |1988    |14      |5       |
|  Sdram_Control_4Port                 |Sdram_Control_4Port                        |785    |526     |173     |394     |2       |0       |
|    command1                          |command                                    |46     |46      |0       |40      |0       |0       |
|    control1                          |control_interface                          |103    |75      |24      |56      |0       |0       |
|    data_path1                        |sdr_data_path                              |16     |16      |0       |2       |0       |0       |
|    read_fifo1                        |Sdram_RD_FIFO                              |127    |64      |18      |98      |1       |0       |
|      dcfifo_component                |softfifo                                   |127    |64      |18      |98      |1       |0       |
|        ram_inst                      |ram_infer_softfifo                         |0      |0       |0       |0       |1       |0       |
|        rd_to_wr_cross_inst           |fifo_cross_domain_addr_process_al_softfifo |37     |18      |0       |37      |0       |0       |
|        wr_to_rd_cross_inst           |fifo_cross_domain_addr_process_al_softfifo |33     |22      |0       |33      |0       |0       |
|    sdram1                            |sdram                                      |1      |1       |0       |0       |0       |0       |
|    write_fifo1                       |Sdram_WR_FIFO                              |120    |77      |18      |95      |1       |0       |
|      dcfifo_component                |softfifo                                   |120    |77      |18      |95      |1       |0       |
|        ram_inst                      |ram_infer_softfifo                         |0      |0       |0       |0       |1       |0       |
|        rd_to_wr_cross_inst           |fifo_cross_domain_addr_process_al_softfifo |39     |21      |0       |39      |0       |0       |
|        wr_to_rd_cross_inst           |fifo_cross_domain_addr_process_al_softfifo |28     |23      |0       |28      |0       |0       |
|  u_Mode_Switch                       |Mode_Switch                                |11     |11      |0       |9       |0       |0       |
|  u_cam_vga_out                       |Driver                                     |110    |66      |44      |31      |0       |0       |
|  u_camera_init                       |camera_init                                |549    |529     |9       |88      |0       |0       |
|    u_i2c_write                       |i2c_module                                 |151    |150     |0       |45      |0       |0       |
|  u_camera_reader                     |camera_reader                              |93     |52      |17      |55      |0       |0       |
|  u_image_process                     |image_process                              |3432   |2237    |976     |1339    |12      |5       |
|    u_Dilation_Detector               |Dilation_Detector                          |169    |123     |45      |74      |2       |0       |
|      u_three_martix_4                |three_martix                               |158    |113     |45      |63      |2       |0       |
|        u_fifo_1                      |fifo_1                                     |2      |2       |0       |0       |1       |0       |
|        u_fifo_2                      |fifo_2                                     |4      |4       |0       |2       |1       |0       |
|    u_Erosion_Detector                |Erosion_Detector                           |164    |113     |45      |78      |2       |0       |
|      u_three_martix_3                |three_martix                               |156    |105     |45      |70      |2       |0       |
|        u_fifo_1                      |fifo_1                                     |2      |2       |0       |0       |1       |0       |
|        u_fifo_2                      |fifo_2                                     |2      |2       |0       |0       |1       |0       |
|    u_Gesture_detech                  |Gesture_detech                             |910    |646     |251     |247     |0       |1       |
|    u_Median_Gray                     |Median_Gray                                |169    |123     |45      |68      |2       |0       |
|      u_Median_Filter_3X3_8Bit_median |Median_Filter_3X3                          |5      |4       |0       |5       |0       |0       |
|      u_three_martix                  |three_martix                               |164    |119     |45      |63      |2       |0       |
|        u_fifo_1                      |fifo_1                                     |2      |2       |0       |0       |1       |0       |
|        u_fifo_2                      |fifo_2                                     |0      |0       |0       |0       |1       |0       |
|    u_Median_Gray_2                   |Median_Gray                                |723    |409     |235     |293     |2       |0       |
|      u_Median_Filter_3X3_8Bit_median |Median_Filter_3X3                          |481    |291     |190     |144     |0       |0       |
|        u_Sort3_1                     |Sort3                                      |83     |53      |30      |33      |0       |0       |
|        u_Sort3_2                     |Sort3                                      |83     |53      |30      |32      |0       |0       |
|        u_Sort3_3                     |Sort3                                      |82     |52      |30      |31      |0       |0       |
|        u_Sort3_4                     |Sort3                                      |48     |28      |20      |12      |0       |0       |
|        u_Sort3_5                     |Sort3                                      |70     |40      |30      |13      |0       |0       |
|        u_Sort3_6                     |Sort3                                      |47     |27      |20      |10      |0       |0       |
|        u_Sort3_7                     |Sort3                                      |68     |38      |30      |13      |0       |0       |
|      u_three_martix                  |three_martix                               |242    |118     |45      |149     |2       |0       |
|        u_fifo_1                      |fifo_1                                     |0      |0       |0       |0       |1       |0       |
|        u_fifo_2                      |fifo_2                                     |0      |0       |0       |0       |1       |0       |
|    u_Median_Gray_3                   |Median_Gray                                |706    |432     |235     |244     |2       |0       |
|      u_Median_Filter_3X3_8Bit_median |Median_Filter_3X3                          |493    |303     |190     |119     |0       |0       |
|        u_Sort3_1                     |Sort3                                      |84     |54      |30      |24      |0       |0       |
|        u_Sort3_2                     |Sort3                                      |84     |54      |30      |28      |0       |0       |
|        u_Sort3_3                     |Sort3                                      |84     |54      |30      |26      |0       |0       |
|        u_Sort3_4                     |Sort3                                      |51     |31      |20      |9       |0       |0       |
|        u_Sort3_5                     |Sort3                                      |70     |40      |30      |8       |0       |0       |
|        u_Sort3_6                     |Sort3                                      |50     |30      |20      |8       |0       |0       |
|        u_Sort3_7                     |Sort3                                      |70     |40      |30      |16      |0       |0       |
|      u_three_martix                  |three_martix                               |213    |129     |45      |125     |2       |0       |
|        u_fifo_1                      |fifo_1                                     |2      |2       |0       |0       |1       |0       |
|        u_fifo_2                      |fifo_2                                     |2      |2       |0       |1       |1       |0       |
|    u_RGBYCbCr                        |RGBYCbCr                                   |73     |33      |14      |50      |0       |4       |
|    u_Sobel_Process                   |Sobel_Process                              |350    |218     |92      |159     |2       |0       |
|      u_Caculate_Sobel                |Caculate_Sobel                             |151    |102     |47      |49      |0       |0       |
|      u_three_martix_2                |three_martix                               |199    |116     |45      |110     |2       |0       |
|        u_fifo_1                      |fifo_1                                     |0      |0       |0       |0       |1       |0       |
|        u_fifo_2                      |fifo_2                                     |0      |0       |0       |0       |1       |0       |
|  u_image_select                      |image_select                               |59     |59      |0       |36      |0       |0       |
|  u_pll                               |ip_pll                                     |0      |0       |0       |0       |0       |0       |
|  u_seg_4                             |seg_4                                      |156    |133     |10      |32      |0       |0       |
+---------------------------------------------------------------------------------------------------------------------------------------+


DataNet Average Fanout:

   Index     Fanout     Nets  
    #1          1       3586  
    #2          2       605   
    #3          3       548   
    #4          4       214   
    #5        5-10      648   
    #6        11-50     126   
    #7       51-100      9    
    #8       101-500     3    
    #9        >500       1    
  Average     2.82            

RUN-1002 : start command "export_db ov2640_sdram_pr.db"
RUN-1001 : Exported /
RUN-1001 : Exported flow parameters
RUN-1001 : Exported libs
RUN-1001 : Exported entities
RUN-1001 : Exported ports
RUN-1001 : Exported pins
RUN-1001 : Exported instances
RUN-1001 : Exported nets
RUN-1001 : Exported buses
RUN-1001 : Exported models
RUN-1001 : Exported congestions
RUN-1001 : Exported violations
RUN-1001 : Exported timing constraints
RUN-1001 : Exported IO constraints
RUN-1001 : Exported Inst constraints
RUN-1002 : start command "export_bid ov2640_sdram_inst.bid"
RUN-1002 : start command "bitgen -bit ov2640_sdram.bit"
BIT-1003 : Start to generate bitstream. 
BIT-1002 : Init instances with 16 threads.
BIT-1002 : Init instances completely, inst num: 2893
BIT-1002 : Init pips with 16 threads.
BIT-1002 : Init pips completely, net num: 5882, pip num: 51134
BIT-1002 : Init feedthrough with 16 threads.
BIT-1002 : Init feedthrough completely, num: 64
BIT-1003 : Multithreading accelaration with 16 threads.
BIT-1003 : Generate bitstream completely, there are 2312 valid insts, and 160915 bits set as '1'.
BIT-1004 : the usercode register value: 00000000000100110000000000000000
BIT-1004 : PLL setting string = 0001
BIT-1004 : Generate bits file ov2640_sdram.bit.
RUN-1003 : finish command "bitgen -bit ov2640_sdram.bit" in  5.032824s wall, 53.593750s user + 0.562500s system = 54.156250s CPU (1076.1%)

RUN-1004 : used memory is 119 MB, reserved memory is 622 MB, peak memory is 793 MB
RUN-1002 : start command "backup_run_log run.log ../.logs/phy_1/td_20221028_194817.log"
