============================================================
   Tang Dynasty, V5.6.59063
   Copyright (c) 2012-2022 Anlogic
   Executable = C:/Anlogic/TD5.6.59063/bin/td.exe
   Built at =   12:45:13 Sep  6 2022
   Run by =     Administrator
   Run Date =   Fri Oct 28 21:36:27 2022

   Run on =     WIN-25FR57M34TT
============================================================
RUN-1002 : start command "open_project ov2640_sdram.prj"
RUN-1001 : Print Global Property
RUN-1001 : ---------------------------------------------------------------
RUN-1001 :        Parameters        |  Settings  |  Default Values  |  Note  
RUN-1001 : ---------------------------------------------------------------
RUN-1001 :          message         |  standard  |     standard     |        
RUN-1001 :   mixed_pack_place_flow  |     on     |        on        |        
RUN-1001 :        qor_monitor       |    off     |       off        |        
RUN-1001 :        syn_ip_flow       |    off     |       off        |        
RUN-1001 :          thread          |    auto    |       auto       |        
RUN-1001 : ---------------------------------------------------------------
RUN-1001 : Print Design Property
RUN-1001 : --------------------------------------------------------------
RUN-1001 :        Parameters       |  Settings  |  Default Values  |  Note  
RUN-1001 : --------------------------------------------------------------
RUN-1001 :   default_reg_initial   |    auto    |       auto       |        
RUN-1001 :        infer_add        |     on     |        on        |        
RUN-1001 :        infer_fsm        |    off     |       off        |        
RUN-1001 :        infer_mult       |     on     |        on        |        
RUN-1001 :        infer_ram        |     on     |        on        |        
RUN-1001 :        infer_reg        |     on     |        on        |        
RUN-1001 :   infer_reg_init_value  |     on     |        on        |        
RUN-1001 :        infer_rom        |     on     |        on        |        
RUN-1001 :      infer_shifter      |     on     |        on        |        
RUN-1001 : --------------------------------------------------------------
RUN-1001 : Print Rtl Property
RUN-1001 : --------------------------------------------------------------
RUN-1001 :        Parameters       |  Settings  |  Default Values  |  Note  
RUN-1001 : --------------------------------------------------------------
RUN-1001 :       compress_add      |   ripple   |      ripple      |        
RUN-1001 :        elf_sload        |    off     |       off        |        
RUN-1001 :       fix_undriven      |     0      |        0         |        
RUN-1001 :         flatten         |    off     |       off        |        
RUN-1001 :       gate_sharing      |     on     |        on        |        
RUN-1001 :    hdl_warning_level    |   normal   |      normal      |        
RUN-1001 :   impl_internal_tribuf  |     on     |        on        |        
RUN-1001 :      impl_set_reset     |     on     |        on        |        
RUN-1001 :        infer_gsr        |    off     |       off        |        
RUN-1001 :      keep_hierarchy     |    auto    |       auto       |        
RUN-1001 :        max_fanout       |    9999    |       9999       |        
RUN-1001 :      max_oh2bin_len     |     10     |        10        |        
RUN-1001 :       merge_equal       |     on     |        on        |        
RUN-1001 :       merge_equiv       |     on     |        on        |        
RUN-1001 :        merge_mux        |    off     |       off        |        
RUN-1001 :     min_control_set     |     8      |        8         |        
RUN-1001 :      min_ripple_len     |    auto    |       auto       |        
RUN-1001 :       oh2bin_ratio      |    0.08    |       0.08       |        
RUN-1001 :     opt_adder_fanout    |     on     |        on        |        
RUN-1001 :        opt_arith        |     on     |        on        |        
RUN-1001 :       opt_big_gate      |    off     |       off        |        
RUN-1001 :        opt_const        |     on     |        on        |        
RUN-1001 :      opt_const_mult     |     on     |        on        |        
RUN-1001 :       opt_lessthan      |     on     |        on        |        
RUN-1001 :         opt_mux         |    off     |       off        |        
RUN-1001 :         opt_ram         |    high    |       high       |        
RUN-1001 :      rtl_sim_model      |    off     |       off        |        
RUN-1001 :         seq_syn         |     on     |        on        |        
RUN-1001 : --------------------------------------------------------------
HDL-1007 : analyze verilog file ../../al_ip/ip_pll.v
HDL-1007 : undeclared symbol 'open', assumed default net type 'wire' in ../../al_ip/ip_pll.v(93)
HDL-1007 : analyze verilog file ../../al_ip/softfifo.v
HDL-1007 : analyze verilog file ../../al_ip/fifo_1.v
HDL-1007 : analyze verilog file ../../al_ip/fifo_2.v
HDL-1007 : analyze verilog file ../../RTL/camera_init.v
HDL-1007 : undeclared symbol 'clk_div', assumed default net type 'wire' in ../../RTL/camera_init.v(74)
HDL-1007 : analyze verilog file ../../RTL/camera_reader.v
HDL-1007 : analyze verilog file ../../RTL/i2c_module.v
HDL-1007 : analyze verilog file ../../RTL/Sdram_Control_4Port/command.v
HDL-1007 : analyze included file ../../RTL/Sdram_Control_4Port/Sdram_Params.h in ../../RTL/Sdram_Control_4Port/command.v(27)
HDL-1007 : back to file '../../RTL/Sdram_Control_4Port/command.v' in ../../RTL/Sdram_Control_4Port/command.v(27)
HDL-1007 : analyze verilog file ../../RTL/Sdram_Control_4Port/control_interface.v
HDL-1007 : analyze included file ../../RTL/Sdram_Control_4Port/Sdram_Params.h in ../../RTL/Sdram_Control_4Port/control_interface.v(21)
HDL-1007 : back to file '../../RTL/Sdram_Control_4Port/control_interface.v' in ../../RTL/Sdram_Control_4Port/control_interface.v(21)
HDL-1007 : analyze verilog file ../../RTL/Sdram_Control_4Port/sdr_data_path.v
HDL-1007 : analyze included file ../../RTL/Sdram_Control_4Port/Sdram_Params.h in ../../RTL/Sdram_Control_4Port/sdr_data_path.v(10)
HDL-1007 : back to file '../../RTL/Sdram_Control_4Port/sdr_data_path.v' in ../../RTL/Sdram_Control_4Port/sdr_data_path.v(10)
HDL-1007 : analyze verilog file ../../RTL/Sdram_Control_4Port/Sdram_Control_4Port.v
HDL-1007 : analyze included file ../../RTL/Sdram_Control_4Port/Sdram_Params.h in ../../RTL/Sdram_Control_4Port/Sdram_Control_4Port.v(49)
HDL-1007 : back to file '../../RTL/Sdram_Control_4Port/Sdram_Control_4Port.v' in ../../RTL/Sdram_Control_4Port/Sdram_Control_4Port.v(49)
HDL-1007 : analyze verilog file ../../RTL/Sdram_Control_4Port/Sdram_RD_FIFO.v
HDL-5007 WARNING: 'clk' is not declared in ../../RTL/Sdram_Control_4Port/Sdram_RD_FIFO.v(44)
HDL-1007 : analyze verilog file ../../RTL/Sdram_Control_4Port/Sdram_WR_FIFO.v
HDL-1007 : analyze verilog file ../../al_ip/sdram.v
HDL-1007 : analyze verilog file ../../RTL/Driver.v
HDL-1007 : analyze verilog file ../../RTL/RGBYCbCr.v
HDL-1007 : analyze verilog file ../../RTL/image_process.v
HDL-5007 WARNING: identifier 'post_img_cb' is used before its declaration in ../../RTL/image_process.v(51)
HDL-5007 WARNING: identifier 'post_img_cb' is used before its declaration in ../../RTL/image_process.v(55)
HDL-5007 WARNING: identifier 'post_frame_clken' is used before its declaration in ../../RTL/image_process.v(61)
HDL-5007 WARNING: identifier 'skin_img' is used before its declaration in ../../RTL/image_process.v(62)
HDL-5007 WARNING: identifier 'post_frame_clken' is used before its declaration in ../../RTL/image_process.v(65)
HDL-5007 WARNING: identifier 'skin_img' is used before its declaration in ../../RTL/image_process.v(66)
HDL-5007 WARNING: identifier 'post1_frame_clken' is used before its declaration in ../../RTL/image_process.v(72)
HDL-5007 WARNING: identifier 'post1_img_Y' is used before its declaration in ../../RTL/image_process.v(73)
HDL-5007 WARNING: identifier 'post1_frame_clken' is used before its declaration in ../../RTL/image_process.v(76)
HDL-5007 WARNING: identifier 'post1_img_Y' is used before its declaration in ../../RTL/image_process.v(77)
HDL-5007 Similar messages will be suppressed.
HDL-1007 : analyze verilog file ../../RTL/test_camera.v
HDL-1007 : analyze verilog file ../../RTL/Mode_Switch.v
HDL-1007 : analyze verilog file ../../RTL/image_select.v
HDL-1007 : analyze verilog file ../../RTL/Median_Gray.v
HDL-5007 WARNING: identifier 'mid_value' is used before its declaration in ../../RTL/Median_Gray.v(20)
HDL-1007 : analyze verilog file ../../RTL/three_martix.v
HDL-5007 WARNING: empty statement in sequential block in ../../RTL/three_martix.v(235)
HDL-5007 WARNING: empty statement in sequential block in ../../RTL/three_martix.v(234)
HDL-1007 : analyze verilog file ../../RTL/Median_Filter_3X3.v
HDL-1007 : analyze verilog file ../../RTL/Sort3.v
HDL-1007 : analyze verilog file ../../RTL/Sobel_Process.v
HDL-1007 : undeclared symbol 'csi_pclk', assumed default net type 'wire' in ../../RTL/Sobel_Process.v(48)
HDL-5007 WARNING: identifier 'sobel_value' is used before its declaration in ../../RTL/Sobel_Process.v(23)
HDL-1007 : analyze verilog file ../../RTL/Caculate_Sobel.v
HDL-5007 WARNING: identifier 'matrix_frame_vsync_r' is used before its declaration in ../../RTL/Caculate_Sobel.v(110)
HDL-5007 WARNING: identifier 'matrix_frame_href_r' is used before its declaration in ../../RTL/Caculate_Sobel.v(111)
HDL-5007 WARNING: identifier 'matrix_frame_clken_r' is used before its declaration in ../../RTL/Caculate_Sobel.v(112)
HDL-1007 : analyze verilog file ../../RTL/Erosion_Detector.v
HDL-1007 : analyze verilog file ../../RTL/Dilation_Detector.v
HDL-5007 WARNING: redeclaration of ANSI port 'post_img_Bit4' is not allowed in ../../RTL/Dilation_Detector.v(79)
HDL-1007 : undeclared symbol 'post_frame_href', assumed default net type 'wire' in ../../RTL/Dilation_Detector.v(109)
HDL-1007 : analyze verilog file ../../RTL/Gesture_detech.v
HDL-1007 : analyze verilog file ../../RTL/seg_4.v
HDL-1007 : undeclared symbol 'data0', assumed default net type 'wire' in ../../RTL/seg_4.v(64)
HDL-1007 : undeclared symbol 'data1', assumed default net type 'wire' in ../../RTL/seg_4.v(65)
HDL-1007 : undeclared symbol 'data2', assumed default net type 'wire' in ../../RTL/seg_4.v(66)
HDL-5007 WARNING: 'clk' is not declared in ../../RTL/Sdram_Control_4Port/Sdram_RD_FIFO.v(44)
RUN-1001 : Project manager successfully analyzed 30 source files.
RUN-1002 : start command "import_device eagle_s20.db -package EG4S20BG256"
ARC-1001 : Device Initialization.
ARC-1001 : ------------------------------------------------------------------
ARC-1001 :            OPTION            |          IO          |   SETTING   
ARC-1001 : ------------------------------------------------------------------
ARC-1001 :   cso_b/cclk/mosi/miso/dout  |  T3/R11/T10/P10/S11  |    gpio    
ARC-1001 :             done             |         P13          |    gpio    
ARC-1001 :           program_b          |          T2          |  dedicate  
ARC-1001 :        tdi/tms/tck/tdo       |   C12/A15/C14/E14    |  dedicate  
ARC-1001 : ------------------------------------------------------------------
ARC-1004 : Device setting, marked 5 dedicate IOs in total.
RUN-1002 : start command "import_db ../syn_1/ov2640_sdram_gate.db"
RUN-1001 : Importing database generated by Tang Dynasty, V5.6.59063.
RUN-1001 : Database version number 46140.
RUN-1001 : Import flow parameters
RUN-1001 : Import timing constraints
RUN-1001 : Import IO constraints
RUN-1001 : Import Inst constraints
RUN-1001 : Import design success TD_VERSION=5.6.59063 , DB_VERSION=46140
RUN-1002 : start command "read_sdc"
USR-1002 : read_sdc file_name -help -h -eco
RUN-1002 : start command "get_regs */primary_addr_gray_reg[*]"
RUN-1002 : start command "get_regs */sync_r1[*]"
RUN-1002 : start command "set_max_delay -from  -to  5 -datapath_only"
RUN-1002 : start command "get_regs */primary_addr_gray_reg[*]"
RUN-1002 : start command "get_regs */sync_r1[*]"
RUN-1002 : start command "set_false_path -from  -to  -hold 5"
USR-1002 : set_false_path -help -setup -hold -from <list> -rise_from <list> -fall_from <list> -to <list> -rise_to <list> -fall_to <list> -through <list>
RUN-1002 : start command "get_regs */primary_addr_gray_reg[*]"
RUN-1002 : start command "get_regs */sync_r1[*]"
RUN-1002 : start command "set_max_delay -from  -to  5 -datapath_only"
RUN-1002 : start command "get_regs */primary_addr_gray_reg[*]"
RUN-1002 : start command "get_regs */sync_r1[*]"
RUN-1002 : start command "set_max_delay -from  -to  5 -datapath_only"
RUN-1002 : start command "get_regs */primary_addr_gray_reg[*]"
RUN-1002 : start command "get_regs */sync_r1[*]"
RUN-1002 : start command "set_max_delay -from  -to  5 -datapath_only"
SYN-1001 : 	kept net: Sdram_Control_4Port/read_fifo1/dcfifo_component/rd_to_wr_cross_inst/primary_addr_gray_reg[9](Sdram_Control_4Port/read_fifo1/dcfifo_component/rd_to_wr_cross_inst/primary_addr_gray_reg[9]_syn_5)
SYN-1001 : 	kept net: Sdram_Control_4Port/read_fifo1/dcfifo_component/rd_to_wr_cross_inst/primary_addr_gray_reg[8](Sdram_Control_4Port/read_fifo1/dcfifo_component/rd_to_wr_cross_inst/primary_addr_gray_reg[8]_syn_5)
SYN-1001 : 	kept net: Sdram_Control_4Port/read_fifo1/dcfifo_component/rd_to_wr_cross_inst/primary_addr_gray_reg[7](Sdram_Control_4Port/read_fifo1/dcfifo_component/rd_to_wr_cross_inst/primary_addr_gray_reg[7]_syn_5)
SYN-1001 : 	kept net: Sdram_Control_4Port/read_fifo1/dcfifo_component/rd_to_wr_cross_inst/primary_addr_gray_reg[6](Sdram_Control_4Port/read_fifo1/dcfifo_component/rd_to_wr_cross_inst/primary_addr_gray_reg[6]_syn_5)
SYN-1001 : 	kept net: Sdram_Control_4Port/read_fifo1/dcfifo_component/rd_to_wr_cross_inst/primary_addr_gray_reg[5](Sdram_Control_4Port/read_fifo1/dcfifo_component/rd_to_wr_cross_inst/primary_addr_gray_reg[5]_syn_5)
SYN-1001 : 	kept net: Sdram_Control_4Port/read_fifo1/dcfifo_component/rd_to_wr_cross_inst/primary_addr_gray_reg[4](Sdram_Control_4Port/read_fifo1/dcfifo_component/rd_to_wr_cross_inst/primary_addr_gray_reg[4]_syn_5)
SYN-1001 : 	kept net: Sdram_Control_4Port/read_fifo1/dcfifo_component/rd_to_wr_cross_inst/primary_addr_gray_reg[3](Sdram_Control_4Port/read_fifo1/dcfifo_component/rd_to_wr_cross_inst/primary_addr_gray_reg[3]_syn_5)
SYN-1001 : 	kept net: Sdram_Control_4Port/read_fifo1/dcfifo_component/rd_to_wr_cross_inst/primary_addr_gray_reg[2](Sdram_Control_4Port/read_fifo1/dcfifo_component/rd_to_wr_cross_inst/primary_addr_gray_reg[2]_syn_5)
SYN-1001 : 	kept net: Sdram_Control_4Port/read_fifo1/dcfifo_component/rd_to_wr_cross_inst/primary_addr_gray_reg[1](Sdram_Control_4Port/read_fifo1/dcfifo_component/rd_to_wr_cross_inst/primary_addr_gray_reg[1]_syn_5)
SYN-1001 : 	kept net: Sdram_Control_4Port/read_fifo1/dcfifo_component/rd_to_wr_cross_inst/primary_addr_gray_reg[0](Sdram_Control_4Port/read_fifo1/dcfifo_component/rd_to_wr_cross_inst/primary_addr_gray_reg[0]_syn_5)
SYN-1001 : 	kept net: Sdram_Control_4Port/read_fifo1/dcfifo_component/rd_to_wr_cross_inst/sync_r1[9](Sdram_Control_4Port/read_fifo1/dcfifo_component/rd_to_wr_cross_inst/sync_r1[9]_syn_3)
SYN-1001 : 	kept net: Sdram_Control_4Port/read_fifo1/dcfifo_component/rd_to_wr_cross_inst/sync_r1[8](Sdram_Control_4Port/read_fifo1/dcfifo_component/rd_to_wr_cross_inst/sync_r1[8]_syn_3)
SYN-1001 : 	kept net: Sdram_Control_4Port/read_fifo1/dcfifo_component/rd_to_wr_cross_inst/sync_r1[7](Sdram_Control_4Port/read_fifo1/dcfifo_component/rd_to_wr_cross_inst/sync_r1[7]_syn_3)
SYN-1001 : 	kept net: Sdram_Control_4Port/read_fifo1/dcfifo_component/rd_to_wr_cross_inst/sync_r1[6](Sdram_Control_4Port/read_fifo1/dcfifo_component/rd_to_wr_cross_inst/sync_r1[6]_syn_3)
SYN-1001 : 	kept net: Sdram_Control_4Port/read_fifo1/dcfifo_component/rd_to_wr_cross_inst/sync_r1[5](Sdram_Control_4Port/read_fifo1/dcfifo_component/rd_to_wr_cross_inst/sync_r1[5]_syn_3)
SYN-1001 : 	kept net: Sdram_Control_4Port/read_fifo1/dcfifo_component/rd_to_wr_cross_inst/sync_r1[4](Sdram_Control_4Port/read_fifo1/dcfifo_component/rd_to_wr_cross_inst/sync_r1[4]_syn_3)
SYN-1001 : 	kept net: Sdram_Control_4Port/read_fifo1/dcfifo_component/rd_to_wr_cross_inst/sync_r1[3](Sdram_Control_4Port/read_fifo1/dcfifo_component/rd_to_wr_cross_inst/sync_r1[3]_syn_3)
SYN-1001 : 	kept net: Sdram_Control_4Port/read_fifo1/dcfifo_component/rd_to_wr_cross_inst/sync_r1[2](Sdram_Control_4Port/read_fifo1/dcfifo_component/rd_to_wr_cross_inst/sync_r1[2]_syn_3)
SYN-1001 : 	kept net: Sdram_Control_4Port/read_fifo1/dcfifo_component/rd_to_wr_cross_inst/sync_r1[1](Sdram_Control_4Port/read_fifo1/dcfifo_component/rd_to_wr_cross_inst/sync_r1[1]_syn_3)
SYN-1001 : 	kept net: Sdram_Control_4Port/read_fifo1/dcfifo_component/rd_to_wr_cross_inst/sync_r1[0](Sdram_Control_4Port/read_fifo1/dcfifo_component/rd_to_wr_cross_inst/sync_r1[0]_syn_3)
SYN-1001 : 	kept net: Sdram_Control_4Port/read_fifo1/dcfifo_component/wr_to_rd_cross_inst/primary_addr_gray_reg[9](Sdram_Control_4Port/read_fifo1/dcfifo_component/wr_to_rd_cross_inst/primary_addr_gray_reg[9]_syn_5)
SYN-1001 : 	kept net: Sdram_Control_4Port/read_fifo1/dcfifo_component/wr_to_rd_cross_inst/primary_addr_gray_reg[8](Sdram_Control_4Port/read_fifo1/dcfifo_component/wr_to_rd_cross_inst/primary_addr_gray_reg[8]_syn_5)
SYN-1001 : 	kept net: Sdram_Control_4Port/read_fifo1/dcfifo_component/wr_to_rd_cross_inst/primary_addr_gray_reg[7](Sdram_Control_4Port/read_fifo1/dcfifo_component/wr_to_rd_cross_inst/primary_addr_gray_reg[7]_syn_5)
SYN-1001 : 	kept net: Sdram_Control_4Port/read_fifo1/dcfifo_component/wr_to_rd_cross_inst/primary_addr_gray_reg[6](Sdram_Control_4Port/read_fifo1/dcfifo_component/wr_to_rd_cross_inst/primary_addr_gray_reg[6]_syn_5)
SYN-1001 : 	kept net: Sdram_Control_4Port/read_fifo1/dcfifo_component/wr_to_rd_cross_inst/primary_addr_gray_reg[5](Sdram_Control_4Port/read_fifo1/dcfifo_component/wr_to_rd_cross_inst/primary_addr_gray_reg[5]_syn_5)
SYN-1001 : 	kept net: Sdram_Control_4Port/read_fifo1/dcfifo_component/wr_to_rd_cross_inst/primary_addr_gray_reg[4](Sdram_Control_4Port/read_fifo1/dcfifo_component/wr_to_rd_cross_inst/primary_addr_gray_reg[4]_syn_5)
SYN-1001 : 	kept net: Sdram_Control_4Port/read_fifo1/dcfifo_component/wr_to_rd_cross_inst/primary_addr_gray_reg[3](Sdram_Control_4Port/read_fifo1/dcfifo_component/wr_to_rd_cross_inst/primary_addr_gray_reg[3]_syn_5)
SYN-1001 : 	kept net: Sdram_Control_4Port/read_fifo1/dcfifo_component/wr_to_rd_cross_inst/primary_addr_gray_reg[2](Sdram_Control_4Port/read_fifo1/dcfifo_component/wr_to_rd_cross_inst/primary_addr_gray_reg[2]_syn_5)
SYN-1001 : 	kept net: Sdram_Control_4Port/read_fifo1/dcfifo_component/wr_to_rd_cross_inst/primary_addr_gray_reg[1](Sdram_Control_4Port/read_fifo1/dcfifo_component/wr_to_rd_cross_inst/primary_addr_gray_reg[1]_syn_5)
SYN-1001 : 	kept net: Sdram_Control_4Port/read_fifo1/dcfifo_component/wr_to_rd_cross_inst/primary_addr_gray_reg[0](Sdram_Control_4Port/read_fifo1/dcfifo_component/wr_to_rd_cross_inst/primary_addr_gray_reg[0]_syn_5)
SYN-1001 : 	kept net: Sdram_Control_4Port/read_fifo1/dcfifo_component/wr_to_rd_cross_inst/sync_r1[9](Sdram_Control_4Port/read_fifo1/dcfifo_component/wr_to_rd_cross_inst/sync_r1[9]_syn_3)
SYN-1001 : 	kept net: Sdram_Control_4Port/read_fifo1/dcfifo_component/wr_to_rd_cross_inst/sync_r1[8](Sdram_Control_4Port/read_fifo1/dcfifo_component/wr_to_rd_cross_inst/sync_r1[8]_syn_3)
SYN-1001 : 	kept net: Sdram_Control_4Port/read_fifo1/dcfifo_component/wr_to_rd_cross_inst/sync_r1[7](Sdram_Control_4Port/read_fifo1/dcfifo_component/wr_to_rd_cross_inst/sync_r1[7]_syn_3)
SYN-1001 : 	kept net: Sdram_Control_4Port/read_fifo1/dcfifo_component/wr_to_rd_cross_inst/sync_r1[6](Sdram_Control_4Port/read_fifo1/dcfifo_component/wr_to_rd_cross_inst/sync_r1[6]_syn_3)
SYN-1001 : 	kept net: Sdram_Control_4Port/read_fifo1/dcfifo_component/wr_to_rd_cross_inst/sync_r1[5](Sdram_Control_4Port/read_fifo1/dcfifo_component/wr_to_rd_cross_inst/sync_r1[5]_syn_3)
SYN-1001 : 	kept net: Sdram_Control_4Port/read_fifo1/dcfifo_component/wr_to_rd_cross_inst/sync_r1[4](Sdram_Control_4Port/read_fifo1/dcfifo_component/wr_to_rd_cross_inst/sync_r1[4]_syn_3)
SYN-1001 : 	kept net: Sdram_Control_4Port/read_fifo1/dcfifo_component/wr_to_rd_cross_inst/sync_r1[3](Sdram_Control_4Port/read_fifo1/dcfifo_component/wr_to_rd_cross_inst/sync_r1[3]_syn_3)
SYN-1001 : 	kept net: Sdram_Control_4Port/read_fifo1/dcfifo_component/wr_to_rd_cross_inst/sync_r1[2](Sdram_Control_4Port/read_fifo1/dcfifo_component/wr_to_rd_cross_inst/sync_r1[2]_syn_3)
SYN-1001 : 	kept net: Sdram_Control_4Port/read_fifo1/dcfifo_component/wr_to_rd_cross_inst/sync_r1[1](Sdram_Control_4Port/read_fifo1/dcfifo_component/wr_to_rd_cross_inst/sync_r1[1]_syn_3)
SYN-1001 : 	kept net: Sdram_Control_4Port/read_fifo1/dcfifo_component/wr_to_rd_cross_inst/sync_r1[0](Sdram_Control_4Port/read_fifo1/dcfifo_component/wr_to_rd_cross_inst/sync_r1[0]_syn_3)
SYN-1001 : 	kept net: Sdram_Control_4Port/write_fifo1/dcfifo_component/rd_to_wr_cross_inst/primary_addr_gray_reg[9](Sdram_Control_4Port/write_fifo1/dcfifo_component/rd_to_wr_cross_inst/primary_addr_gray_reg[9]_syn_5)
SYN-1001 : 	kept net: Sdram_Control_4Port/write_fifo1/dcfifo_component/rd_to_wr_cross_inst/primary_addr_gray_reg[8](Sdram_Control_4Port/write_fifo1/dcfifo_component/rd_to_wr_cross_inst/primary_addr_gray_reg[8]_syn_5)
SYN-1001 : 	kept net: Sdram_Control_4Port/write_fifo1/dcfifo_component/rd_to_wr_cross_inst/primary_addr_gray_reg[7](Sdram_Control_4Port/write_fifo1/dcfifo_component/rd_to_wr_cross_inst/primary_addr_gray_reg[7]_syn_5)
SYN-1001 : 	kept net: Sdram_Control_4Port/write_fifo1/dcfifo_component/rd_to_wr_cross_inst/primary_addr_gray_reg[6](Sdram_Control_4Port/write_fifo1/dcfifo_component/rd_to_wr_cross_inst/primary_addr_gray_reg[6]_syn_5)
SYN-1001 : 	kept net: Sdram_Control_4Port/write_fifo1/dcfifo_component/rd_to_wr_cross_inst/primary_addr_gray_reg[5](Sdram_Control_4Port/write_fifo1/dcfifo_component/rd_to_wr_cross_inst/primary_addr_gray_reg[5]_syn_5)
SYN-1001 : 	kept net: Sdram_Control_4Port/write_fifo1/dcfifo_component/rd_to_wr_cross_inst/primary_addr_gray_reg[4](Sdram_Control_4Port/write_fifo1/dcfifo_component/rd_to_wr_cross_inst/primary_addr_gray_reg[4]_syn_5)
SYN-1001 : 	kept net: Sdram_Control_4Port/write_fifo1/dcfifo_component/rd_to_wr_cross_inst/primary_addr_gray_reg[3](Sdram_Control_4Port/write_fifo1/dcfifo_component/rd_to_wr_cross_inst/primary_addr_gray_reg[3]_syn_5)
SYN-1001 : 	kept net: Sdram_Control_4Port/write_fifo1/dcfifo_component/rd_to_wr_cross_inst/primary_addr_gray_reg[2](Sdram_Control_4Port/write_fifo1/dcfifo_component/rd_to_wr_cross_inst/primary_addr_gray_reg[2]_syn_5)
SYN-1001 : 	kept net: Sdram_Control_4Port/write_fifo1/dcfifo_component/rd_to_wr_cross_inst/primary_addr_gray_reg[1](Sdram_Control_4Port/write_fifo1/dcfifo_component/rd_to_wr_cross_inst/primary_addr_gray_reg[1]_syn_5)
SYN-1001 : 	kept net: Sdram_Control_4Port/write_fifo1/dcfifo_component/rd_to_wr_cross_inst/primary_addr_gray_reg[0](Sdram_Control_4Port/write_fifo1/dcfifo_component/rd_to_wr_cross_inst/primary_addr_gray_reg[0]_syn_5)
SYN-1001 : 	kept net: Sdram_Control_4Port/write_fifo1/dcfifo_component/rd_to_wr_cross_inst/sync_r1[9](Sdram_Control_4Port/write_fifo1/dcfifo_component/rd_to_wr_cross_inst/sync_r1[9]_syn_3)
SYN-1001 : 	kept net: Sdram_Control_4Port/write_fifo1/dcfifo_component/rd_to_wr_cross_inst/sync_r1[8](Sdram_Control_4Port/write_fifo1/dcfifo_component/rd_to_wr_cross_inst/sync_r1[8]_syn_3)
SYN-1001 : 	kept net: Sdram_Control_4Port/write_fifo1/dcfifo_component/rd_to_wr_cross_inst/sync_r1[7](Sdram_Control_4Port/write_fifo1/dcfifo_component/rd_to_wr_cross_inst/sync_r1[7]_syn_3)
SYN-1001 : 	kept net: Sdram_Control_4Port/write_fifo1/dcfifo_component/rd_to_wr_cross_inst/sync_r1[6](Sdram_Control_4Port/write_fifo1/dcfifo_component/rd_to_wr_cross_inst/sync_r1[6]_syn_3)
SYN-1001 : 	kept net: Sdram_Control_4Port/write_fifo1/dcfifo_component/rd_to_wr_cross_inst/sync_r1[5](Sdram_Control_4Port/write_fifo1/dcfifo_component/rd_to_wr_cross_inst/sync_r1[5]_syn_3)
SYN-1001 : 	kept net: Sdram_Control_4Port/write_fifo1/dcfifo_component/rd_to_wr_cross_inst/sync_r1[4](Sdram_Control_4Port/write_fifo1/dcfifo_component/rd_to_wr_cross_inst/sync_r1[4]_syn_3)
SYN-1001 : 	kept net: Sdram_Control_4Port/write_fifo1/dcfifo_component/rd_to_wr_cross_inst/sync_r1[3](Sdram_Control_4Port/write_fifo1/dcfifo_component/rd_to_wr_cross_inst/sync_r1[3]_syn_3)
SYN-1001 : 	kept net: Sdram_Control_4Port/write_fifo1/dcfifo_component/rd_to_wr_cross_inst/sync_r1[2](Sdram_Control_4Port/write_fifo1/dcfifo_component/rd_to_wr_cross_inst/sync_r1[2]_syn_3)
SYN-1001 : 	kept net: Sdram_Control_4Port/write_fifo1/dcfifo_component/rd_to_wr_cross_inst/sync_r1[1](Sdram_Control_4Port/write_fifo1/dcfifo_component/rd_to_wr_cross_inst/sync_r1[1]_syn_3)
SYN-1001 : 	kept net: Sdram_Control_4Port/write_fifo1/dcfifo_component/rd_to_wr_cross_inst/sync_r1[0](Sdram_Control_4Port/write_fifo1/dcfifo_component/rd_to_wr_cross_inst/sync_r1[0]_syn_3)
SYN-1001 : 	kept net: Sdram_Control_4Port/write_fifo1/dcfifo_component/wr_to_rd_cross_inst/primary_addr_gray_reg[9](Sdram_Control_4Port/write_fifo1/dcfifo_component/wr_to_rd_cross_inst/primary_addr_gray_reg[9]_syn_5)
SYN-1001 : 	kept net: Sdram_Control_4Port/write_fifo1/dcfifo_component/wr_to_rd_cross_inst/primary_addr_gray_reg[8](Sdram_Control_4Port/write_fifo1/dcfifo_component/wr_to_rd_cross_inst/primary_addr_gray_reg[8]_syn_5)
SYN-1001 : 	kept net: Sdram_Control_4Port/write_fifo1/dcfifo_component/wr_to_rd_cross_inst/primary_addr_gray_reg[7](Sdram_Control_4Port/write_fifo1/dcfifo_component/wr_to_rd_cross_inst/primary_addr_gray_reg[7]_syn_5)
SYN-1001 : 	kept net: Sdram_Control_4Port/write_fifo1/dcfifo_component/wr_to_rd_cross_inst/primary_addr_gray_reg[6](Sdram_Control_4Port/write_fifo1/dcfifo_component/wr_to_rd_cross_inst/primary_addr_gray_reg[6]_syn_5)
SYN-1001 : 	kept net: Sdram_Control_4Port/write_fifo1/dcfifo_component/wr_to_rd_cross_inst/primary_addr_gray_reg[5](Sdram_Control_4Port/write_fifo1/dcfifo_component/wr_to_rd_cross_inst/primary_addr_gray_reg[5]_syn_5)
SYN-1001 : 	kept net: Sdram_Control_4Port/write_fifo1/dcfifo_component/wr_to_rd_cross_inst/primary_addr_gray_reg[4](Sdram_Control_4Port/write_fifo1/dcfifo_component/wr_to_rd_cross_inst/primary_addr_gray_reg[4]_syn_5)
SYN-1001 : 	kept net: Sdram_Control_4Port/write_fifo1/dcfifo_component/wr_to_rd_cross_inst/primary_addr_gray_reg[3](Sdram_Control_4Port/write_fifo1/dcfifo_component/wr_to_rd_cross_inst/primary_addr_gray_reg[3]_syn_5)
SYN-1001 : 	kept net: Sdram_Control_4Port/write_fifo1/dcfifo_component/wr_to_rd_cross_inst/primary_addr_gray_reg[2](Sdram_Control_4Port/write_fifo1/dcfifo_component/wr_to_rd_cross_inst/primary_addr_gray_reg[2]_syn_5)
SYN-1001 : 	kept net: Sdram_Control_4Port/write_fifo1/dcfifo_component/wr_to_rd_cross_inst/primary_addr_gray_reg[1](Sdram_Control_4Port/write_fifo1/dcfifo_component/wr_to_rd_cross_inst/primary_addr_gray_reg[1]_syn_5)
SYN-1001 : 	kept net: Sdram_Control_4Port/write_fifo1/dcfifo_component/wr_to_rd_cross_inst/primary_addr_gray_reg[0](Sdram_Control_4Port/write_fifo1/dcfifo_component/wr_to_rd_cross_inst/primary_addr_gray_reg[0]_syn_5)
SYN-1001 : 	kept net: Sdram_Control_4Port/write_fifo1/dcfifo_component/wr_to_rd_cross_inst/sync_r1[9](Sdram_Control_4Port/write_fifo1/dcfifo_component/wr_to_rd_cross_inst/sync_r1[9]_syn_3)
SYN-1001 : 	kept net: Sdram_Control_4Port/write_fifo1/dcfifo_component/wr_to_rd_cross_inst/sync_r1[8](Sdram_Control_4Port/write_fifo1/dcfifo_component/wr_to_rd_cross_inst/sync_r1[8]_syn_3)
SYN-1001 : 	kept net: Sdram_Control_4Port/write_fifo1/dcfifo_component/wr_to_rd_cross_inst/sync_r1[7](Sdram_Control_4Port/write_fifo1/dcfifo_component/wr_to_rd_cross_inst/sync_r1[7]_syn_3)
SYN-1001 : 	kept net: Sdram_Control_4Port/write_fifo1/dcfifo_component/wr_to_rd_cross_inst/sync_r1[6](Sdram_Control_4Port/write_fifo1/dcfifo_component/wr_to_rd_cross_inst/sync_r1[6]_syn_3)
SYN-1001 : 	kept net: Sdram_Control_4Port/write_fifo1/dcfifo_component/wr_to_rd_cross_inst/sync_r1[5](Sdram_Control_4Port/write_fifo1/dcfifo_component/wr_to_rd_cross_inst/sync_r1[5]_syn_3)
SYN-1001 : 	kept net: Sdram_Control_4Port/write_fifo1/dcfifo_component/wr_to_rd_cross_inst/sync_r1[4](Sdram_Control_4Port/write_fifo1/dcfifo_component/wr_to_rd_cross_inst/sync_r1[4]_syn_3)
SYN-1001 : 	kept net: Sdram_Control_4Port/write_fifo1/dcfifo_component/wr_to_rd_cross_inst/sync_r1[3](Sdram_Control_4Port/write_fifo1/dcfifo_component/wr_to_rd_cross_inst/sync_r1[3]_syn_3)
SYN-1001 : 	kept net: Sdram_Control_4Port/write_fifo1/dcfifo_component/wr_to_rd_cross_inst/sync_r1[2](Sdram_Control_4Port/write_fifo1/dcfifo_component/wr_to_rd_cross_inst/sync_r1[2]_syn_3)
SYN-1001 : 	kept net: Sdram_Control_4Port/write_fifo1/dcfifo_component/wr_to_rd_cross_inst/sync_r1[1](Sdram_Control_4Port/write_fifo1/dcfifo_component/wr_to_rd_cross_inst/sync_r1[1]_syn_3)
SYN-1001 : 	kept net: Sdram_Control_4Port/write_fifo1/dcfifo_component/wr_to_rd_cross_inst/sync_r1[0](Sdram_Control_4Port/write_fifo1/dcfifo_component/wr_to_rd_cross_inst/sync_r1[0]_syn_3)
RUN-1104 : Import SDC file  finished, there are 80 nets kept by constraints.
RUN-1002 : start command "place"
RUN-1001 : Open license file C:/Anlogic/TD5.6.59063/license/Anlogic.lic
RUN-1001 : Print Global Property
RUN-1001 : ---------------------------------------------------------------
RUN-1001 :        Parameters        |  Settings  |  Default Values  |  Note  
RUN-1001 : ---------------------------------------------------------------
RUN-1001 :          message         |  standard  |     standard     |        
RUN-1001 :   mixed_pack_place_flow  |     on     |        on        |        
RUN-1001 :        qor_monitor       |    off     |       off        |        
RUN-1001 :        syn_ip_flow       |    off     |       off        |        
RUN-1001 :          thread          |    auto    |       auto       |        
RUN-1001 : ---------------------------------------------------------------
RUN-1001 : Print Place Property
RUN-1001 : --------------------------------------------------------------
RUN-1001 :        Parameters       |  Settings  |  Default Values  |  Note  
RUN-1001 : --------------------------------------------------------------
RUN-1001 :      detailed_place     |     on     |        on        |        
RUN-1001 :          effort         |   medium   |      medium      |        
RUN-1001 :         fix_hold        |    off     |       off        |        
RUN-1001 :       legalization      |    ori     |       ori        |        
RUN-1001 :      new_spreading      |     on     |        on        |        
RUN-1001 :        opt_timing       |   medium   |      medium      |        
RUN-1001 :   post_clock_route_opt  |    off     |       off        |        
RUN-1001 :       pr_strategy       |     1      |        1         |        
RUN-1001 :        relaxation       |    1.00    |       1.00       |        
RUN-1001 :         retiming        |    off     |       off        |        
RUN-1001 : --------------------------------------------------------------
PHY-3001 : Placer runs in 16 thread(s).
RUN-1002 : start command "legalize_phy_inst"
SYN-1011 : Flatten model test_camera
SYN-5055 WARNING: The kept net u_pll/clk3_out will be merged to another kept net clk_cam
SYN-5055 WARNING: The kept net u_camera_reader/clk will be merged to another kept net clk_cam
SYN-5055 WARNING: The kept net u_seg_4/data[19] will be merged to another kept net figuredata[19]
SYN-5055 WARNING: The kept net u_seg_4/data[18] will be merged to another kept net figuredata[18]
SYN-5055 WARNING: The kept net u_seg_4/data[17] will be merged to another kept net figuredata[17]
SYN-5055 WARNING: The kept net u_seg_4/data[16] will be merged to another kept net figuredata[16]
SYN-5055 WARNING: The kept net u_seg_4/data[15] will be merged to another kept net figuredata[15]
SYN-5055 WARNING: The kept net u_seg_4/data[14] will be merged to another kept net figuredata[14]
SYN-5055 WARNING: The kept net u_seg_4/data[13] will be merged to another kept net figuredata[13]
SYN-5055 WARNING: The kept net u_seg_4/data[12] will be merged to another kept net figuredata[12]
SYN-5055 Similar messages will be suppressed.
RUN-1002 : start command "phys_opt -simplify_lut"
SYN-4016 : Net Sdram_Control_4Port/CTRL_CLK driven by BUFG (294 clock/control pins, 1 other pins).
SYN-4027 : Net Sdram_Control_4Port/SDRAM_CLK is clkc1 of pll u_pll/pll_inst.
SYN-4027 : Net vga_clk_dup_1 is clkc2 of pll u_pll/pll_inst.
SYN-4027 : Net clk_cam is clkc3 of pll u_pll/pll_inst.
SYN-4027 : Net u_camera_init/u_i2c_write/clk is clkc4 of pll u_pll/pll_inst.
SYN-4019 : Net clk_24m_dup_1 is refclk of pll u_pll/pll_inst.
SYN-4020 : Net clk_24m_dup_1 is fbclk of pll u_pll/pll_inst.
SYN-4024 : Net "u_image_process/u_Median_Gray_3/u_three_martix/csi_pclk" drives clk pins.
SYN-4024 : Net "u_camera_init/divider2[8]" drives clk pins.
SYN-4024 : Net "u_camera_init/divider2[7]" drives clk pins.
SYN-4024 : Net "u_image_select/mode[3]_syn_26" drives clk pins.
SYN-4024 : Net "u_image_process/wrreq" drives clk pins.
SYN-4025 : Tag rtl::Net Sdram_Control_4Port/CTRL_CLK as clock net
SYN-4025 : Tag rtl::Net Sdram_Control_4Port/SDRAM_CLK as clock net
SYN-4025 : Tag rtl::Net clk_24m_dup_1 as clock net
SYN-4025 : Tag rtl::Net clk_cam as clock net
SYN-4025 : Tag rtl::Net u_camera_init/divider2[7] as clock net
SYN-4025 : Tag rtl::Net u_camera_init/divider2[8] as clock net
SYN-4025 : Tag rtl::Net u_camera_init/u_i2c_write/clk as clock net
SYN-4025 : Tag rtl::Net u_image_process/u_Median_Gray_3/u_three_martix/csi_pclk as clock net
SYN-4025 : Tag rtl::Net u_image_process/wrreq as clock net
SYN-4025 : Tag rtl::Net u_image_select/mode[3]_syn_26 as clock net
SYN-4025 : Tag rtl::Net vga_clk_dup_1 as clock net
SYN-4026 : Tagged 11 rtl::Net as clock net
SYN-4015 : Create BUFG instance for clk Net u_camera_init/divider2[8] to drive 32 clock pins.
SYN-4015 : Create BUFG instance for clk Net u_camera_init/divider2[7] to drive 18 clock pins.
SYN-4015 : Create BUFG instance for clk Net u_image_select/mode[3]_syn_26 to drive 17 clock pins.
SYN-4015 : Create BUFG instance for clk Net u_image_process/wrreq to drive 16 clock pins.
PHY-1001 : Populate physical database on model test_camera.
RUN-1001 : There are total 5709 instances
RUN-0007 : 2317 luts, 1985 seqs, 792 mslices, 443 lslices, 144 pads, 14 brams, 5 dsps
RUN-1001 : There are total 6847 nets
RUN-6004 WARNING: There are 2 nets with only 1 pin.
RUN-1001 : 4627 nets have 2 pins
RUN-1001 : 1442 nets have [3 - 5] pins
RUN-1001 : 611 nets have [6 - 10] pins
RUN-1001 : 90 nets have [11 - 20] pins
RUN-1001 : 68 nets have [21 - 99] pins
RUN-1001 : 7 nets have 100+ pins
RUN-1001 : Report Control nets information:
RUN-1001 : DFF Distribution
RUN-1001 : ----------------------------------
RUN-1001 :   CE   |  SSR  |  ASR  |  DFF Count  
RUN-1001 : ----------------------------------
RUN-1001 :   No   |  No   |  No   |     85      
RUN-1001 :   No   |  No   |  Yes  |    1289     
RUN-1001 :   No   |  Yes  |  No   |     34      
RUN-1001 :   Yes  |  No   |  No   |     66      
RUN-1001 :   Yes  |  No   |  Yes  |     487     
RUN-1001 :   Yes  |  Yes  |  No   |     24      
RUN-1001 : ----------------------------------
RUN-0007 : Control Group Statistic
RUN-0007 : ---------------------------
RUN-0007 :   #CLK  |  #CE  |  #SSR/ASR  
RUN-0007 : ---------------------------
RUN-0007 :    58   |  34   |    100     
RUN-0007 : ---------------------------
RUN-0007 : Control Set = 193
PHY-3001 : Initial placement ...
PHY-3001 : design contains 5707 instances, 2317 luts, 1985 seqs, 1235 slices, 239 macros(1234 instances: 791 mslices 443 lslices)
PHY-3001 : Huge net cam_rst_dup_27 with 1600 pins
PHY-0007 : Cell area utilization is 24%
PHY-3001 : Start timing update ...
RUN-1002 : start command "start_timer -report"
TMR-2505 : Start building timing graph for model test_camera.
TMR-2506 : Build timing graph completely. Port num: 21, tpin num: 26900, tnet num: 6845, tinst num: 5707, tnode num: 33377, tedge num: 44566.
TMR-2508 : Levelizing timing graph completed, there are 291 levels in total.
TMR-2501 : Timing graph initialized successfully.
RUN-1003 : finish command "start_timer -report" in  1.116036s wall, 1.109375s user + 0.000000s system = 1.109375s CPU (99.4%)

RUN-1004 : used memory is 260 MB, reserved memory is 239 MB, peak memory is 260 MB
TMR-2503 : Start to update net delay, extr mode = 2.
TMR-2504 : Update delay of 6845 nets completely.
TMR-2502 : Annotate delay completely, extr mode = 2.
TMR-3001 : Initiate 0 clocks from SDC.
TMR-3004 : Map sdc constraints, there are 2 constraints in total.
TMR-3003 : Constraints initiated successfully.
TMR-3501 : Forward propagation: start to calculate arrival time...
TMR-3502 : Backward propagation: start to calculate required time...
TMR-3503 : Timing propagation completes.
PHY-3001 : End timing update;  1.248328s wall, 1.250000s user + 0.000000s system = 1.250000s CPU (100.1%)

PHY-3001 : Global placement ...
PHY-3001 : Initial: Len = 1.61704e+06
PHY-3001 : Clustering ...
PHY-3001 : Level 0 #clusters 5707.
PHY-3001 : End clustering;  0.000013s wall, 0.000000s user + 0.000000s system = 0.000000s CPU (n/a%)

PHY-3001 : Run with size of 4
PHY-3001 : Cell area utilization is 24%
PHY-3001 : :::0::: Try harder cell spreading with beta_ = 0
PHY-3002 : Step(1): len = 1.07862e+06, overlap = 40.5
PHY-3002 : Step(2): len = 927870, overlap = 47.75
PHY-3002 : Step(3): len = 544041, overlap = 62.8125
PHY-3002 : Step(4): len = 504497, overlap = 68.4375
PHY-3002 : Step(5): len = 390142, overlap = 80.3125
PHY-3002 : Step(6): len = 357303, overlap = 97.1562
PHY-3002 : Step(7): len = 314293, overlap = 105.875
PHY-3002 : Step(8): len = 296081, overlap = 127.25
PHY-3002 : Step(9): len = 249727, overlap = 151.469
PHY-3002 : Step(10): len = 224719, overlap = 169.156
PHY-3002 : Step(11): len = 217877, overlap = 187.5
PHY-3002 : Step(12): len = 201308, overlap = 193.469
PHY-3002 : Step(13): len = 194505, overlap = 192.469
PHY-3002 : Step(14): len = 174922, overlap = 210.062
PHY-3002 : Step(15): len = 169637, overlap = 214.312
PHY-3002 : Step(16): len = 168685, overlap = 227.094
PHY-3002 : Step(17): len = 158930, overlap = 232.312
PHY-3002 : Step(18): len = 149419, overlap = 248.812
PHY-3002 : Step(19): len = 145394, overlap = 254.281
PHY-3001 : :::1::: Try harder cell spreading with beta_ = 1.63475e-05
PHY-3002 : Step(20): len = 153513, overlap = 209.75
PHY-3002 : Step(21): len = 160243, overlap = 192.906
PHY-3002 : Step(22): len = 156347, overlap = 150.188
PHY-3002 : Step(23): len = 159086, overlap = 130.375
PHY-3002 : Step(24): len = 156512, overlap = 129.344
PHY-3002 : Step(25): len = 154989, overlap = 130.219
PHY-3002 : Step(26): len = 152166, overlap = 126.906
PHY-3002 : Step(27): len = 147257, overlap = 119.438
PHY-3002 : Step(28): len = 143896, overlap = 111.312
PHY-3002 : Step(29): len = 142152, overlap = 107.719
PHY-3002 : Step(30): len = 140498, overlap = 103.312
PHY-3002 : Step(31): len = 135773, overlap = 110.5
PHY-3002 : Step(32): len = 135296, overlap = 113.781
PHY-3002 : Step(33): len = 131563, overlap = 121.281
PHY-3002 : Step(34): len = 130440, overlap = 109.625
PHY-3002 : Step(35): len = 129611, overlap = 107.906
PHY-3002 : Step(36): len = 126156, overlap = 108.656
PHY-3002 : Step(37): len = 123302, overlap = 108.375
PHY-3002 : Step(38): len = 122540, overlap = 110.594
PHY-3002 : Step(39): len = 120496, overlap = 108.781
PHY-3002 : Step(40): len = 119825, overlap = 103.5
PHY-3002 : Step(41): len = 118481, overlap = 107.625
PHY-3002 : Step(42): len = 118268, overlap = 114.75
PHY-3002 : Step(43): len = 116494, overlap = 124.531
PHY-3002 : Step(44): len = 115426, overlap = 129.375
PHY-3002 : Step(45): len = 113829, overlap = 130.156
PHY-3002 : Step(46): len = 112549, overlap = 126.781
PHY-3002 : Step(47): len = 112224, overlap = 126.781
PHY-3001 : :::2::: Try harder cell spreading with beta_ = 3.26951e-05
PHY-3002 : Step(48): len = 111992, overlap = 124.438
PHY-3002 : Step(49): len = 112030, overlap = 123.188
PHY-3002 : Step(50): len = 112454, overlap = 125.188
PHY-3001 : :::3::: Try harder cell spreading with beta_ = 6.53901e-05
PHY-3002 : Step(51): len = 113297, overlap = 121.562
PHY-3002 : Step(52): len = 113361, overlap = 120.906
PHY-3002 : Step(53): len = 113981, overlap = 120.25
PHY-3001 : :::4::: Try harder cell spreading with beta_ = 0.00013078
PHY-3002 : Step(54): len = 115283, overlap = 119.25
PHY-3002 : Step(55): len = 115582, overlap = 119.219
PHY-3002 : Step(56): len = 117147, overlap = 123.5
PHY-3001 : :::5::: Try harder cell spreading with beta_ = 0.000214781
PHY-3002 : Step(57): len = 117191, overlap = 118.125
PHY-3002 : Step(58): len = 117186, overlap = 116.5
PHY-3002 : Step(59): len = 117492, overlap = 116.906
PHY-3002 : Step(60): len = 117618, overlap = 117.469
PHY-3002 : Step(61): len = 118007, overlap = 117.875
PHY-3001 : Legalization ...
PHY-3001 : End legalization;  0.021498s wall, 0.000000s user + 0.046875s system = 0.046875s CPU (218.0%)

PHY-3001 : Run with size of 4
PHY-3001 : Cell area utilization is 30%
PHY-3001 : Update timing in Manhattan mode ...
TMR-2503 : Start to update net delay, extr mode = 3.
TMR-2504 : Update delay of 6845 nets completely.
TMR-2502 : Annotate delay completely, extr mode = 3.
TMR-3501 : Forward propagation: start to calculate arrival time...
TMR-3502 : Backward propagation: start to calculate required time...
TMR-3503 : Timing propagation completes.
PHY-3001 : End timing update;  0.125577s wall, 0.125000s user + 0.000000s system = 0.125000s CPU (99.5%)

PHY-3001 : :::0::: Try harder cell spreading with beta_ = 3.34369e-06
PHY-3002 : Step(62): len = 131633, overlap = 199.938
PHY-3002 : Step(63): len = 132084, overlap = 206
PHY-3002 : Step(64): len = 127424, overlap = 220.406
PHY-3002 : Step(65): len = 127613, overlap = 219.75
PHY-3002 : Step(66): len = 125265, overlap = 225.875
PHY-3002 : Step(67): len = 125193, overlap = 226.188
PHY-3002 : Step(68): len = 123441, overlap = 227.219
PHY-3002 : Step(69): len = 123361, overlap = 227.594
PHY-3002 : Step(70): len = 123107, overlap = 222
PHY-3001 : :::1::: Try harder cell spreading with beta_ = 6.68739e-06
PHY-3002 : Step(71): len = 122330, overlap = 215.531
PHY-3002 : Step(72): len = 122404, overlap = 214.906
PHY-3002 : Step(73): len = 122404, overlap = 214.906
PHY-3001 : :::2::: Try harder cell spreading with beta_ = 1.33748e-05
PHY-3002 : Step(74): len = 124641, overlap = 192.25
PHY-3002 : Step(75): len = 124901, overlap = 191.875
PHY-3002 : Step(76): len = 131490, overlap = 165.875
PHY-3002 : Step(77): len = 129001, overlap = 171.281
PHY-3002 : Step(78): len = 128666, overlap = 171.656
PHY-3002 : Step(79): len = 128348, overlap = 170.906
PHY-3001 : :::3::: Try harder cell spreading with beta_ = 2.67495e-05
PHY-3002 : Step(80): len = 130036, overlap = 162.406
PHY-3002 : Step(81): len = 130399, overlap = 163.812
PHY-3002 : Step(82): len = 134096, overlap = 154.062
PHY-3002 : Step(83): len = 138607, overlap = 140.188
PHY-3002 : Step(84): len = 135484, overlap = 137.719
PHY-3002 : Step(85): len = 134877, overlap = 137.031
PHY-3002 : Step(86): len = 134543, overlap = 136.719
PHY-3001 : :::4::: Try harder cell spreading with beta_ = 5.34991e-05
PHY-3002 : Step(87): len = 134737, overlap = 137.531
PHY-3002 : Step(88): len = 134777, overlap = 138.344
PHY-3002 : Step(89): len = 136175, overlap = 144.719
PHY-3002 : Step(90): len = 136927, overlap = 145.844
PHY-3002 : Step(91): len = 135002, overlap = 150.125
PHY-3002 : Step(92): len = 134847, overlap = 150.469
PHY-3002 : Step(93): len = 134555, overlap = 151.906
PHY-3001 : :::5::: Try harder cell spreading with beta_ = 0.000106998
PHY-3002 : Step(94): len = 134938, overlap = 147.094
PHY-3002 : Step(95): len = 134986, overlap = 149.969
PHY-3002 : Step(96): len = 135465, overlap = 155.344
PHY-3001 : :::6::: Try harder cell spreading with beta_ = 0.000213996
PHY-3002 : Step(97): len = 136428, overlap = 155.719
PHY-3002 : Step(98): len = 136519, overlap = 155.562
PHY-3002 : Step(99): len = 139495, overlap = 132.781
PHY-3002 : Step(100): len = 136730, overlap = 133.719
PHY-3002 : Step(101): len = 136272, overlap = 134.719
PHY-3002 : Step(102): len = 134495, overlap = 136.375
PHY-3001 : :::7::: Try harder cell spreading with beta_ = 0.000427993
PHY-3002 : Step(103): len = 135237, overlap = 141.938
PHY-3002 : Step(104): len = 135434, overlap = 142.156
PHY-3002 : Step(105): len = 134854, overlap = 136.531
PHY-3001 : Run with size of 2
PHY-3001 : Cell area utilization is 30%
PHY-3001 : Update timing in Manhattan mode ...
TMR-2503 : Start to update net delay, extr mode = 3.
TMR-2504 : Update delay of 6845 nets completely.
TMR-2502 : Annotate delay completely, extr mode = 3.
TMR-3501 : Forward propagation: start to calculate arrival time...
TMR-3502 : Backward propagation: start to calculate required time...
TMR-3503 : Timing propagation completes.
PHY-3001 : End timing update;  0.126567s wall, 0.125000s user + 0.000000s system = 0.125000s CPU (98.8%)

PHY-3001 : :::0::: Try harder cell spreading with beta_ = 1.58365e-05
PHY-3002 : Step(106): len = 138959, overlap = 320.875
PHY-3002 : Step(107): len = 139875, overlap = 319.344
PHY-3002 : Step(108): len = 138043, overlap = 305.375
PHY-3002 : Step(109): len = 138210, overlap = 305.094
PHY-3002 : Step(110): len = 136678, overlap = 288.719
PHY-3002 : Step(111): len = 136632, overlap = 287.438
PHY-3002 : Step(112): len = 135977, overlap = 274.156
PHY-3002 : Step(113): len = 135505, overlap = 271.219
PHY-3002 : Step(114): len = 135523, overlap = 270.281
PHY-3002 : Step(115): len = 135838, overlap = 262.906
PHY-3001 : :::1::: Try harder cell spreading with beta_ = 3.1673e-05
PHY-3002 : Step(116): len = 136145, overlap = 258.062
PHY-3002 : Step(117): len = 136211, overlap = 256.531
PHY-3002 : Step(118): len = 137278, overlap = 246.281
PHY-3001 : :::2::: Try harder cell spreading with beta_ = 6.33459e-05
PHY-3002 : Step(119): len = 140793, overlap = 231.688
PHY-3002 : Step(120): len = 141542, overlap = 232.031
PHY-3002 : Step(121): len = 144147, overlap = 209.062
PHY-3001 : :::3::: Try harder cell spreading with beta_ = 0.000126692
PHY-3002 : Step(122): len = 147888, overlap = 184
PHY-3002 : Step(123): len = 149154, overlap = 178.562
PHY-3002 : Step(124): len = 152623, overlap = 166.469
PHY-3002 : Step(125): len = 156227, overlap = 155.438
PHY-3002 : Step(126): len = 152140, overlap = 166.406
PHY-3002 : Step(127): len = 152539, overlap = 164.125
PHY-3002 : Step(128): len = 152593, overlap = 162.25
PHY-3001 : :::4::: Try harder cell spreading with beta_ = 0.000253384
PHY-3002 : Step(129): len = 154303, overlap = 157.5
PHY-3002 : Step(130): len = 155347, overlap = 153.75
PHY-3002 : Step(131): len = 158731, overlap = 138.938
PHY-3002 : Step(132): len = 158709, overlap = 128.719
PHY-3002 : Step(133): len = 158567, overlap = 130.031
PHY-3002 : Step(134): len = 158358, overlap = 129.625
PHY-3001 : :::5::: Try harder cell spreading with beta_ = 0.000506767
PHY-3002 : Step(135): len = 159281, overlap = 127.031
PHY-3002 : Step(136): len = 159600, overlap = 127.594
PHY-3002 : Step(137): len = 160175, overlap = 125.812
PHY-3001 : :::6::: Try harder cell spreading with beta_ = 0.000875234
PHY-3002 : Step(138): len = 160997, overlap = 125.188
PHY-3002 : Step(139): len = 161672, overlap = 123.312
PHY-3002 : Step(140): len = 163325, overlap = 114.281
PHY-3001 : :::7::: Try harder cell spreading with beta_ = 0.00154724
PHY-3002 : Step(141): len = 163756, overlap = 109.094
PHY-3002 : Step(142): len = 164228, overlap = 107.969
PHY-3002 : Step(143): len = 165287, overlap = 107.312
OPT-1001 : Start physical optimization ...
RUN-1002 : start command "start_timer -report"
TMR-2505 : Start building timing graph for model test_camera.
TMR-2506 : Build timing graph completely. Port num: 21, tpin num: 26900, tnet num: 6845, tinst num: 5707, tnode num: 33377, tedge num: 44566.
TMR-2508 : Levelizing timing graph completed, there are 291 levels in total.
TMR-2501 : Timing graph initialized successfully.
RUN-1003 : finish command "start_timer -report" in  1.153912s wall, 1.140625s user + 0.015625s system = 1.156250s CPU (100.2%)

RUN-1004 : used memory is 257 MB, reserved memory is 236 MB, peak memory is 269 MB
OPT-1001 : Total overflow 323.25 peak overflow 3.56
OPT-1001 : Start high-fanout net optimization ...
OPT-1001 : Update timing in global mode
PHY-1001 : Start incremental global routing, caller is place ...
RUN-1001 : Generating global routing grids ...
RUN-1001 : Building simple global routing graph ...
PHY-1001 : Generate routing nets ...
PHY-1001 : Reuse net number 0/6847.
PHY-1001 : Global iterations in 16 thread ...
PHY-1002 : len = 193136, over cnt = 847(2%), over = 3424, worst = 23
PHY-1001 : End global iterations;  0.368860s wall, 0.593750s user + 0.140625s system = 0.734375s CPU (199.1%)

PHY-1001 : Congestion index: top1 = 49.38, top5 = 37.33, top10 = 30.69, top15 = 26.68.
PHY-1001 : End incremental global routing;  0.465648s wall, 0.671875s user + 0.156250s system = 0.828125s CPU (177.8%)

TMR-2503 : Start to update net delay, extr mode = 5.
TMR-2504 : Update delay of 6845 nets completely.
TMR-2502 : Annotate delay completely, extr mode = 5.
TMR-3001 : Initiate 0 clocks from SDC.
TMR-3004 : Map sdc constraints, there are 2 constraints in total.
TMR-3003 : Constraints initiated successfully.
TMR-3501 : Forward propagation: start to calculate arrival time...
TMR-3502 : Backward propagation: start to calculate required time...
TMR-3503 : Timing propagation completes.
OPT-1001 : End timing update;  0.157609s wall, 0.156250s user + 0.000000s system = 0.156250s CPU (99.1%)

OPT-1001 : 0 high-fanout net processed.
OPT-1001 : End high-fanout net optimization;  0.734670s wall, 0.937500s user + 0.156250s system = 1.093750s CPU (148.9%)

OPT-1001 : Current memory(MB): used = 296, reserve = 275, peak = 296.
OPT-1001 : Start global optimization ...
OPT-1001 : Start congestion update ...
RUN-1001 : Generating global routing grids ...
PHY-1001 : Generate routing nets ...
PHY-1001 : Reuse net number 5190/6847.
PHY-1001 : Global iterations in 16 thread ...
PHY-1002 : len = 193136, over cnt = 847(2%), over = 3424, worst = 23
PHY-1002 : len = 214672, over cnt = 557(1%), over = 1329, worst = 17
PHY-1002 : len = 225992, over cnt = 212(0%), over = 399, worst = 16
PHY-1002 : len = 230648, over cnt = 28(0%), over = 37, worst = 5
PHY-1002 : len = 231120, over cnt = 0(0%), over = 0, worst = 0
PHY-1001 : End global iterations;  0.447503s wall, 0.578125s user + 0.031250s system = 0.609375s CPU (136.2%)

PHY-1001 : Congestion index: top1 = 41.51, top5 = 33.58, top10 = 29.25, top15 = 26.42.
OPT-1001 : End congestion update;  0.541946s wall, 0.671875s user + 0.031250s system = 0.703125s CPU (129.7%)

OPT-1001 : Update timing in Manhattan mode
TMR-2503 : Start to update net delay, extr mode = 3.
TMR-2504 : Update delay of 6845 nets completely.
TMR-2502 : Annotate delay completely, extr mode = 3.
TMR-3501 : Forward propagation: start to calculate arrival time...
TMR-3502 : Backward propagation: start to calculate required time...
TMR-3503 : Timing propagation completes.
OPT-1001 : End timing update;  0.120952s wall, 0.125000s user + 0.000000s system = 0.125000s CPU (103.3%)

OPT-0007 : Start: WNS 4470 TNS 0 NUM_FEPS 0
OPT-1001 : End global optimization;  0.663052s wall, 0.796875s user + 0.031250s system = 0.828125s CPU (124.9%)

OPT-1001 : Current memory(MB): used = 300, reserve = 280, peak = 300.
OPT-1001 : End physical optimization;  2.602861s wall, 2.921875s user + 0.203125s system = 3.125000s CPU (120.1%)

PHY-3001 : Start packing ...
SYN-4007 : Packing 0 MUX to BLE ...
SYN-4008 : Packed 0 MUX and 0 SEQ to BLE.
SYN-4007 : Packing 2317 LUT to BLE ...
SYN-4008 : Packed 2317 LUT and 1022 SEQ to BLE.
SYN-4003 : Packing 963 remaining SEQ's ...
SYN-4005 : Packed 601 SEQ with LUT/SLICE
SYN-4006 : 844 single LUT's are left
SYN-4006 : 362 single SEQ's are left
SYN-4011 : Packing model "test_camera" (AL_USER_NORMAL) with 2679/5104 primitive instances ...
PHY-3001 : End packing;  0.257509s wall, 0.250000s user + 0.000000s system = 0.250000s CPU (97.1%)

PHY-1001 : Populate physical database on model test_camera.
RUN-1001 : There are total 2907 instances
RUN-1001 : 1368 mslices, 1367 lslices, 144 pads, 14 brams, 5 dsps
RUN-1001 : There are total 5889 nets
RUN-6004 WARNING: There are 2 nets with only 1 pin.
RUN-1001 : 3640 nets have 2 pins
RUN-1001 : 1460 nets have [3 - 5] pins
RUN-1001 : 630 nets have [6 - 10] pins
RUN-1001 : 83 nets have [11 - 20] pins
RUN-1001 : 65 nets have [21 - 99] pins
RUN-1001 : 9 nets have 100+ pins
PHY-3001 : design contains 2905 instances, 2735 slices, 239 macros(1234 instances: 791 mslices 443 lslices)
PHY-3001 : Cell area utilization is 34%
PHY-3001 : After packing: Len = 166082, Over = 154
PHY-3001 : Run with size of 2
PHY-3001 : Cell area utilization is 34%
PHY-3001 : Update timing in Manhattan mode ...
RUN-1002 : start command "start_timer -report"
TMR-2505 : Start building timing graph for model test_camera.
TMR-2506 : Build timing graph completely. Port num: 21, tpin num: 23469, tnet num: 5887, tinst num: 2905, tnode num: 28143, tedge num: 40563.
TMR-2508 : Levelizing timing graph completed, there are 289 levels in total.
TMR-2501 : Timing graph initialized successfully.
RUN-1003 : finish command "start_timer -report" in  1.231143s wall, 1.203125s user + 0.015625s system = 1.218750s CPU (99.0%)

RUN-1004 : used memory is 304 MB, reserved memory is 285 MB, peak memory is 304 MB
TMR-2503 : Start to update net delay, extr mode = 3.
TMR-2504 : Update delay of 5887 nets completely.
TMR-2502 : Annotate delay completely, extr mode = 3.
TMR-3001 : Initiate 0 clocks from SDC.
TMR-3004 : Map sdc constraints, there are 2 constraints in total.
TMR-3003 : Constraints initiated successfully.
TMR-3501 : Forward propagation: start to calculate arrival time...
TMR-3502 : Backward propagation: start to calculate required time...
TMR-3503 : Timing propagation completes.
PHY-3001 : End timing update;  1.352756s wall, 1.328125s user + 0.015625s system = 1.343750s CPU (99.3%)

PHY-3001 : :::0::: Try harder cell spreading with beta_ = 2.70295e-05
PHY-3002 : Step(144): len = 161470, overlap = 161.75
PHY-3002 : Step(145): len = 160291, overlap = 159.25
PHY-3002 : Step(146): len = 154518, overlap = 168.5
PHY-3002 : Step(147): len = 153128, overlap = 173.5
PHY-3002 : Step(148): len = 151431, overlap = 177.25
PHY-3002 : Step(149): len = 151022, overlap = 180.75
PHY-3002 : Step(150): len = 149206, overlap = 185
PHY-3002 : Step(151): len = 148540, overlap = 192.5
PHY-3002 : Step(152): len = 148021, overlap = 194.5
PHY-3001 : :::1::: Try harder cell spreading with beta_ = 5.4059e-05
PHY-3002 : Step(153): len = 151789, overlap = 182.75
PHY-3002 : Step(154): len = 152785, overlap = 183.5
PHY-3002 : Step(155): len = 155632, overlap = 174.5
PHY-3002 : Step(156): len = 156780, overlap = 169
PHY-3002 : Step(157): len = 156995, overlap = 168.25
PHY-3001 : :::2::: Try harder cell spreading with beta_ = 0.000108118
PHY-3002 : Step(158): len = 160388, overlap = 161.5
PHY-3002 : Step(159): len = 160388, overlap = 161.5
PHY-3002 : Step(160): len = 160541, overlap = 160.25
PHY-3002 : Step(161): len = 160772, overlap = 162
PHY-3002 : Step(162): len = 160895, overlap = 159.75
PHY-3001 : Legalization ...
PHY-3001 : End legalization;  0.313229s wall, 0.203125s user + 0.640625s system = 0.843750s CPU (269.4%)

PHY-3001 : Trial Legalized: Len = 205143
PHY-3001 : Run with size of 2
PHY-3001 : Cell area utilization is 32%
PHY-3001 : Update timing in Manhattan mode ...
TMR-2503 : Start to update net delay, extr mode = 3.
TMR-2504 : Update delay of 5887 nets completely.
TMR-2502 : Annotate delay completely, extr mode = 3.
TMR-3501 : Forward propagation: start to calculate arrival time...
TMR-3502 : Backward propagation: start to calculate required time...
TMR-3503 : Timing propagation completes.
PHY-3001 : End timing update;  0.109243s wall, 0.093750s user + 0.000000s system = 0.093750s CPU (85.8%)

PHY-3001 : :::0::: Try harder cell spreading with beta_ = 0.000156425
PHY-3002 : Step(163): len = 193202, overlap = 13.25
PHY-3002 : Step(164): len = 182870, overlap = 35.25
PHY-3002 : Step(165): len = 179064, overlap = 42.5
PHY-3002 : Step(166): len = 177590, overlap = 43
PHY-3002 : Step(167): len = 175834, overlap = 49.75
PHY-3002 : Step(168): len = 174905, overlap = 51.75
PHY-3002 : Step(169): len = 174759, overlap = 53.75
PHY-3002 : Step(170): len = 174521, overlap = 53.5
PHY-3001 : :::1::: Try harder cell spreading with beta_ = 0.000312851
PHY-3002 : Step(171): len = 176030, overlap = 52.25
PHY-3002 : Step(172): len = 176809, overlap = 50.75
PHY-3002 : Step(173): len = 177526, overlap = 50.25
PHY-3001 : :::2::: Try harder cell spreading with beta_ = 0.000625701
PHY-3002 : Step(174): len = 179458, overlap = 50.25
PHY-3002 : Step(175): len = 180349, overlap = 49.25
PHY-3002 : Step(176): len = 181581, overlap = 47.25
PHY-3001 : Legalization ...
PHY-3001 : End legalization;  0.008603s wall, 0.015625s user + 0.000000s system = 0.015625s CPU (181.6%)

PHY-3001 : Legalized: Len = 193190, Over = 0
PHY-3001 : Spreading special nets. 35 overflows in 2952 tiles.
PHY-3001 : End spreading;  0.019923s wall, 0.015625s user + 0.000000s system = 0.015625s CPU (78.4%)

PHY-3001 : 48 instances has been re-located, deltaX = 14, deltaY = 30, maxDist = 2.
PHY-3001 : Final: Len = 194126, Over = 0
OPT-1001 : Start physical optimization ...
RUN-1002 : start command "start_timer -report"
TMR-2505 : Start building timing graph for model test_camera.
TMR-2506 : Build timing graph completely. Port num: 21, tpin num: 23469, tnet num: 5887, tinst num: 2905, tnode num: 28143, tedge num: 40563.
TMR-2508 : Levelizing timing graph completed, there are 289 levels in total.
TMR-2501 : Timing graph initialized successfully.
RUN-1003 : finish command "start_timer -report" in  1.268853s wall, 1.250000s user + 0.015625s system = 1.265625s CPU (99.7%)

RUN-1004 : used memory is 300 MB, reserved memory is 282 MB, peak memory is 308 MB
OPT-1001 : Total overflow 0.00 peak overflow 0.00
OPT-1001 : Start high-fanout net optimization ...
OPT-1001 : Update timing in global mode
PHY-1001 : Start incremental global routing, caller is place ...
RUN-1001 : Generating global routing grids ...
PHY-1001 : Generate routing nets ...
PHY-1001 : Reuse net number 196/5889.
PHY-1001 : Global iterations in 16 thread ...
PHY-1002 : len = 236768, over cnt = 683(1%), over = 1123, worst = 6
PHY-1002 : len = 241000, over cnt = 401(1%), over = 575, worst = 5
PHY-1002 : len = 246664, over cnt = 92(0%), over = 126, worst = 5
PHY-1002 : len = 247856, over cnt = 20(0%), over = 27, worst = 4
PHY-1002 : len = 248264, over cnt = 0(0%), over = 0, worst = 0
PHY-1001 : End global iterations;  0.759977s wall, 1.078125s user + 0.109375s system = 1.187500s CPU (156.3%)

PHY-1001 : Congestion index: top1 = 35.86, top5 = 30.35, top10 = 27.28, top15 = 25.23.
PHY-1001 : End incremental global routing;  0.894160s wall, 1.218750s user + 0.109375s system = 1.328125s CPU (148.5%)

TMR-2503 : Start to update net delay, extr mode = 5.
TMR-2504 : Update delay of 5887 nets completely.
TMR-2502 : Annotate delay completely, extr mode = 5.
TMR-3001 : Initiate 0 clocks from SDC.
TMR-3004 : Map sdc constraints, there are 2 constraints in total.
TMR-3003 : Constraints initiated successfully.
TMR-3501 : Forward propagation: start to calculate arrival time...
TMR-3502 : Backward propagation: start to calculate required time...
TMR-3503 : Timing propagation completes.
OPT-1001 : End timing update;  0.153814s wall, 0.156250s user + 0.000000s system = 0.156250s CPU (101.6%)

OPT-1001 : 0 high-fanout net processed.
OPT-1001 : End high-fanout net optimization;  1.161264s wall, 1.484375s user + 0.109375s system = 1.593750s CPU (137.2%)

OPT-1001 : Current memory(MB): used = 309, reserve = 290, peak = 309.
OPT-1001 : Start path based optimization ...
OPT-1001 : Start congestion update ...
RUN-1001 : Generating global routing grids ...
PHY-1001 : Generate routing nets ...
PHY-1001 : Reuse net number 5012/5889.
PHY-1001 : Global iterations in 16 thread ...
PHY-1002 : len = 248264, over cnt = 0(0%), over = 0, worst = 0
PHY-1001 : End global iterations;  0.029031s wall, 0.031250s user + 0.000000s system = 0.031250s CPU (107.6%)

PHY-1001 : Congestion index: top1 = 35.86, top5 = 30.35, top10 = 27.28, top15 = 25.23.
OPT-1001 : End congestion update;  0.132313s wall, 0.125000s user + 0.000000s system = 0.125000s CPU (94.5%)

OPT-1001 : Update timing in Manhattan mode
TMR-2503 : Start to update net delay, extr mode = 3.
TMR-2504 : Update delay of 5887 nets completely.
TMR-2502 : Annotate delay completely, extr mode = 3.
TMR-3501 : Forward propagation: start to calculate arrival time...
TMR-3502 : Backward propagation: start to calculate required time...
TMR-3503 : Timing propagation completes.
OPT-1001 : End timing update;  0.110776s wall, 0.109375s user + 0.000000s system = 0.109375s CPU (98.7%)

OPT-0007 : Start: WNS 4295 TNS 0 NUM_FEPS 0
OPT-1001 : End path based optimization;  0.243226s wall, 0.234375s user + 0.000000s system = 0.234375s CPU (96.4%)

OPT-1001 : Current memory(MB): used = 311, reserve = 292, peak = 311.
OPT-1001 : Update timing in Manhattan mode
TMR-2503 : Start to update net delay, extr mode = 3.
TMR-2504 : Update delay of 5887 nets completely.
TMR-2502 : Annotate delay completely, extr mode = 3.
TMR-3501 : Forward propagation: start to calculate arrival time...
TMR-3502 : Backward propagation: start to calculate required time...
TMR-3503 : Timing propagation completes.
OPT-1001 : End timing update;  0.108056s wall, 0.109375s user + 0.000000s system = 0.109375s CPU (101.2%)

OPT-1001 : Start pin optimization...
OPT-1001 : skip pin optimization...
OPT-1001 : Update timing in global mode
PHY-1001 : Start incremental global routing, caller is place ...
RUN-1001 : Generating global routing grids ...
PHY-1001 : Generate routing nets ...
PHY-1001 : Reuse net number 5012/5889.
PHY-1001 : Global iterations in 16 thread ...
PHY-1002 : len = 248264, over cnt = 0(0%), over = 0, worst = 0
PHY-1001 : End global iterations;  0.028118s wall, 0.031250s user + 0.000000s system = 0.031250s CPU (111.1%)

PHY-1001 : Congestion index: top1 = 35.86, top5 = 30.35, top10 = 27.28, top15 = 25.23.
PHY-1001 : End incremental global routing;  0.132429s wall, 0.140625s user + 0.000000s system = 0.140625s CPU (106.2%)

TMR-2503 : Start to update net delay, extr mode = 5.
TMR-2504 : Update delay of 5887 nets completely.
TMR-2502 : Annotate delay completely, extr mode = 5.
TMR-3501 : Forward propagation: start to calculate arrival time...
TMR-3502 : Backward propagation: start to calculate required time...
TMR-3503 : Timing propagation completes.
OPT-1001 : End timing update;  0.141272s wall, 0.140625s user + 0.000000s system = 0.140625s CPU (99.5%)

RUN-1001 : Generating global routing grids ...
PHY-1001 : Generate routing nets ...
PHY-1001 : Reuse net number 5012/5889.
PHY-1001 : Global iterations in 16 thread ...
PHY-1002 : len = 248264, over cnt = 0(0%), over = 0, worst = 0
PHY-1001 : End global iterations;  0.029059s wall, 0.031250s user + 0.000000s system = 0.031250s CPU (107.5%)

PHY-1001 : Congestion index: top1 = 35.86, top5 = 30.35, top10 = 27.28, top15 = 25.23.
OPT-1001 : Update timing in Manhattan mode
TMR-2503 : Start to update net delay, extr mode = 3.
TMR-2504 : Update delay of 5887 nets completely.
TMR-2502 : Annotate delay completely, extr mode = 3.
TMR-3501 : Forward propagation: start to calculate arrival time...
TMR-3502 : Backward propagation: start to calculate required time...
TMR-3503 : Timing propagation completes.
OPT-1001 : End timing update;  0.113584s wall, 0.093750s user + 0.015625s system = 0.109375s CPU (96.3%)

RUN-1001 : QoR Analysis:
OPT-0007 :   WNS 4295 TNS 0 NUM_FEPS 0
RUN-1001 :   No local congestion issue, and most congested 1% tile average routing util is 35.551724
RUN-1001 :   Top critical paths
OPT-1001 : End physical optimization;  3.350612s wall, 3.656250s user + 0.156250s system = 3.812500s CPU (113.8%)

RUN-1003 : finish command "place" in  16.256860s wall, 26.968750s user + 7.875000s system = 34.843750s CPU (214.3%)

RUN-1004 : used memory is 286 MB, reserved memory is 267 MB, peak memory is 311 MB
RUN-1002 : start command "export_db ov2640_sdram_place.db"
RUN-1001 : Exported /
RUN-1001 : Exported flow parameters
RUN-1001 : Exported libs
RUN-1001 : Exported entities
RUN-1001 : Exported ports
RUN-1001 : Exported pins
RUN-1001 : Exported instances
RUN-1001 : Exported nets
RUN-1001 : Exported buses
RUN-1001 : Exported models
RUN-1001 : Exported congestions
RUN-1001 : Exported violations
RUN-1001 : Exported timing constraints
RUN-1001 : Exported IO constraints
RUN-1001 : Exported Inst constraints
RUN-1002 : start command "route"
RUN-1001 : Open license file C:/Anlogic/TD5.6.59063/license/Anlogic.lic
RUN-1001 : Print Global Property
RUN-1001 : ---------------------------------------------------------------
RUN-1001 :        Parameters        |  Settings  |  Default Values  |  Note  
RUN-1001 : ---------------------------------------------------------------
RUN-1001 :          message         |  standard  |     standard     |        
RUN-1001 :   mixed_pack_place_flow  |     on     |        on        |        
RUN-1001 :        qor_monitor       |    off     |       off        |        
RUN-1001 :        syn_ip_flow       |    off     |       off        |        
RUN-1001 :          thread          |    auto    |       auto       |        
RUN-1001 : ---------------------------------------------------------------
RUN-1001 : Print Route Property
RUN-1001 : -------------------------------------------------------
RUN-1001 :    Parameters    |  Settings  |  Default Values  |  Note  
RUN-1001 : -------------------------------------------------------
RUN-1001 :      effort      |   medium   |      medium      |        
RUN-1001 :     fix_hold     |    off     |       off        |        
RUN-1001 :    opt_timing    |   medium   |      medium      |        
RUN-1001 :   phy_sim_model  |    off     |       off        |        
RUN-1001 :     priority     |   timing   |      timing      |        
RUN-1001 :     swap_pin     |     on     |        on        |        
RUN-1001 : -------------------------------------------------------
PHY-1001 : Route runs in 16 thread(s)
RUN-1001 : There are total 2907 instances
RUN-1001 : 1368 mslices, 1367 lslices, 144 pads, 14 brams, 5 dsps
RUN-1001 : There are total 5889 nets
RUN-6004 WARNING: There are 2 nets with only 1 pin.
RUN-1001 : 3640 nets have 2 pins
RUN-1001 : 1460 nets have [3 - 5] pins
RUN-1001 : 630 nets have [6 - 10] pins
RUN-1001 : 83 nets have [11 - 20] pins
RUN-1001 : 65 nets have [21 - 99] pins
RUN-1001 : 9 nets have 100+ pins
RUN-1002 : start command "start_timer -report"
TMR-2505 : Start building timing graph for model test_camera.
TMR-2506 : Build timing graph completely. Port num: 21, tpin num: 23469, tnet num: 5887, tinst num: 2905, tnode num: 28143, tedge num: 40563.
TMR-2508 : Levelizing timing graph completed, there are 289 levels in total.
TMR-2501 : Timing graph initialized successfully.
RUN-1003 : finish command "start_timer -report" in  1.227689s wall, 1.218750s user + 0.000000s system = 1.218750s CPU (99.3%)

RUN-1004 : used memory is 304 MB, reserved memory is 286 MB, peak memory is 338 MB
PHY-1001 : 1368 mslices, 1367 lslices, 144 pads, 14 brams, 5 dsps
TMR-2503 : Start to update net delay, extr mode = 3.
TMR-2504 : Update delay of 5887 nets completely.
TMR-2502 : Annotate delay completely, extr mode = 3.
TMR-3001 : Initiate 0 clocks from SDC.
TMR-3004 : Map sdc constraints, there are 2 constraints in total.
TMR-3003 : Constraints initiated successfully.
TMR-3501 : Forward propagation: start to calculate arrival time...
TMR-3502 : Backward propagation: start to calculate required time...
TMR-3503 : Timing propagation completes.
PHY-1001 : Start global routing, caller is route ...
RUN-1001 : Generating global routing grids ...
PHY-1001 : Generate routing nets ...
PHY-1001 : Global iterations in 16 thread ...
PHY-1002 : len = 234096, over cnt = 716(2%), over = 1158, worst = 6
PHY-1002 : len = 238280, over cnt = 442(1%), over = 635, worst = 6
PHY-1002 : len = 243568, over cnt = 128(0%), over = 186, worst = 6
PHY-1002 : len = 245912, over cnt = 0(0%), over = 0, worst = 0
PHY-1001 : End global iterations;  0.734931s wall, 1.000000s user + 0.046875s system = 1.046875s CPU (142.4%)

PHY-1001 : Congestion index: top1 = 36.06, top5 = 30.31, top10 = 27.21, top15 = 25.09.
PHY-1001 : End global routing;  0.855181s wall, 1.125000s user + 0.046875s system = 1.171875s CPU (137.0%)

PHY-1001 : Start detail routing ...
PHY-1001 : Current memory(MB): used = 343, reserve = 325, peak = 343.
PHY-1001 : Detailed router is running in normal mode.
PHY-1001 : Generate detailed routing grids ...
PHY-1001 : Generate nets ...
PHY-1001 : net clk_24m_dup_1 will be routed on clock mesh
PHY-1001 : net clk_cam will be routed on clock mesh
PHY-1001 : net vga_clk_dup_1 will be routed on clock mesh
PHY-1001 : clock net Sdram_Control_4Port/CTRL_CLK will be merged with clock u_pll/clk0_buf
PHY-1001 : net Sdram_Control_4Port/SDRAM_CLK will be routed on clock mesh
PHY-1001 : clock net u_image_select/mode[3]_syn_28 will be merged with clock u_image_select/mode[3]_syn_26
PHY-1001 : clock net u_camera_init/divider2[8]_syn_4 will be merged with clock u_camera_init/divider2[8]
PHY-1001 : clock net u_camera_init/divider2[7]_syn_2 will be merged with clock u_camera_init/divider2[7]
PHY-1001 : net u_camera_init/u_i2c_write/clk will be routed on clock mesh
PHY-5010 WARNING: Net u_image_process/out_img_imy[1] is skipped due to 0 input or output
PHY-5010 WARNING: Net u_image_process/out_img_imy[0] is skipped due to 0 input or output
PHY-1001 : clock net u_image_process/wrreq_syn_2 will be merged with clock u_image_process/wrreq
PHY-1001 : net u_image_process/u_Median_Gray_3/u_three_martix/csi_pclk will be routed on clock mesh
PHY-5010 WARNING: Net u_image_process/out_img_imy[1] is skipped due to 0 input or output
PHY-5010 WARNING: Net u_image_process/out_img_imy[0] is skipped due to 0 input or output
PHY-1001 : Current memory(MB): used = 597, reserve = 582, peak = 597.
PHY-1001 : End build detailed router design. 3.956277s wall, 3.875000s user + 0.078125s system = 3.953125s CPU (99.9%)

PHY-1001 : Detail Route ...
PHY-1001 : ===== Detail Route Phase 1 =====
PHY-1001 : Clock net routing.....
PHY-1001 : Routed 0% nets.
PHY-1022 : len = 70448, over cnt = 0(0%), over = 0, worst = 0, crit = 0
PHY-1001 : End initial clock net routed; 4.782605s wall, 4.781250s user + 0.000000s system = 4.781250s CPU (100.0%)

PHY-1001 : Current memory(MB): used = 630, reserve = 617, peak = 630.
PHY-1001 : End phase 1; 4.793955s wall, 4.796875s user + 0.000000s system = 4.796875s CPU (100.1%)

PHY-1001 : ===== Detail Route Phase 2 =====
PHY-1001 : Initial routing.....
PHY-1001 : Routed 21% nets.
PHY-1001 : Routed 23% nets.
PHY-1001 : Routed 26% nets.
PHY-1001 : Routed 31% nets.
PHY-1001 : Routed 38% nets.
PHY-1001 : Patch 2561 net; 3.123567s wall, 3.125000s user + 0.000000s system = 3.125000s CPU (100.0%)

PHY-1022 : len = 516080, over cnt = 335(0%), over = 335, worst = 1, crit = 0
PHY-1001 : Current memory(MB): used = 634, reserve = 620, peak = 634.
PHY-1001 : End initial routed; 8.668500s wall, 12.796875s user + 0.046875s system = 12.843750s CPU (148.2%)

PHY-1001 : Update timing.....
PHY-1001 : 0/4811(0%) critical/total net(s).
RUN-1001 : ------------------------------------------
RUN-1001 :   Type   |    WNS(ns)    |  TNS(ns)  |  FEP  
RUN-1001 : ------------------------------------------
RUN-1001 :   Setup  |     3.846     |   0.000   |   0   
RUN-1001 :   Hold   |  2147483.647  |   0.000   |   0   
RUN-1001 : ------------------------------------------
PHY-1001 : End update timing; 1.530178s wall, 1.531250s user + 0.000000s system = 1.531250s CPU (100.1%)

PHY-1001 : Current memory(MB): used = 640, reserve = 626, peak = 640.
PHY-1001 : End phase 2; 10.198754s wall, 14.328125s user + 0.046875s system = 14.375000s CPU (140.9%)

PHY-1001 : ===== Detail Route Phase 3 =====
PHY-1001 : Optimize timing.....
PHY-1022 : len = 516080, over cnt = 335(0%), over = 335, worst = 1, crit = 0
PHY-1001 : End optimize timing; 0.022342s wall, 0.031250s user + 0.000000s system = 0.031250s CPU (139.9%)

PHY-1001 : Ripup-reroute.....
PHY-1001 : ===== DR Iter 1 =====
PHY-1022 : len = 513960, over cnt = 110(0%), over = 110, worst = 1, crit = 0
PHY-1001 : End DR Iter 1; 0.278656s wall, 0.406250s user + 0.000000s system = 0.406250s CPU (145.8%)

PHY-1001 : ===== DR Iter 2 =====
PHY-1022 : len = 514424, over cnt = 7(0%), over = 7, worst = 1, crit = 0
PHY-1001 : End DR Iter 2; 0.107800s wall, 0.125000s user + 0.000000s system = 0.125000s CPU (116.0%)

PHY-1001 : ===== DR Iter 3 =====
PHY-1022 : len = 514336, over cnt = 0(0%), over = 0, worst = 0, crit = 0
PHY-1001 : End DR Iter 3; 0.053385s wall, 0.062500s user + 0.000000s system = 0.062500s CPU (117.1%)

PHY-1001 : Update timing.....
PHY-1001 : 0/4811(0%) critical/total net(s).
RUN-1001 : ------------------------------------------
RUN-1001 :   Type   |    WNS(ns)    |  TNS(ns)  |  FEP  
RUN-1001 : ------------------------------------------
RUN-1001 :   Setup  |     3.699     |   0.000   |   0   
RUN-1001 :   Hold   |  2147483.647  |   0.000   |   0   
RUN-1001 : ------------------------------------------
PHY-1001 : End update timing; 1.532903s wall, 1.531250s user + 0.000000s system = 1.531250s CPU (99.9%)

PHY-1001 : Commit to database.....
PHY-1001 : 70 feed throughs used by 50 nets
PHY-1001 : End commit to database; 0.621969s wall, 0.625000s user + 0.000000s system = 0.625000s CPU (100.5%)

PHY-1001 : Current memory(MB): used = 670, reserve = 658, peak = 670.
PHY-1001 : End phase 3; 2.791573s wall, 2.937500s user + 0.000000s system = 2.937500s CPU (105.2%)

PHY-1003 : Routed, final wirelength = 514336
PHY-1001 : Current memory(MB): used = 672, reserve = 659, peak = 672.
PHY-1001 : End export database. 0.022163s wall, 0.015625s user + 0.000000s system = 0.015625s CPU (70.5%)

PHY-1001 : End detail routing;  22.031461s wall, 26.203125s user + 0.125000s system = 26.328125s CPU (119.5%)

RUN-1003 : finish command "route" in  24.355189s wall, 28.796875s user + 0.171875s system = 28.968750s CPU (118.9%)

RUN-1004 : used memory is 608 MB, reserved memory is 594 MB, peak memory is 672 MB
RUN-1002 : start command "report_area -io_info -file ov2640_sdram_phy.area"
RUN-1001 : standard
***Report Model: test_camera Device: EG4S20BG256***

IO Statistics
#IO                        89
  #input                   29
  #output                  59
  #inout                    1

Utilization Statistics
#lut                     4875   out of  19600   24.87%
#reg                     1988   out of  19600   10.14%
#le                      5234
  #lut only              3246   out of   5234   62.02%
  #reg only               359   out of   5234    6.86%
  #lut&reg               1629   out of   5234   31.12%
#dsp                        5   out of     29   17.24%
#bram                      12   out of     64   18.75%
  #bram9k                   0
  #fifo9k                  12
#bram32k                    2   out of     16   12.50%
#pad                       89   out of    188   47.34%
  #ireg                     0
  #oreg                     0
  #treg                     0
#pll                        1   out of      4   25.00%
#gclk                      11   out of     16   68.75%

Clock Resource Statistics
Index     ClockNet                                                   Type               DriverType         Driver                                              Fanout
#1        u_image_process/u_Median_Gray_3/u_three_martix/csi_pclk    GCLK               io                 cam_pclk_syn_9.di                                   852
#2        u_pll/clk0_buf                                             GCLK               pll                u_pll/pll_inst.clkc0                                182
#3        vga_clk_dup_1                                              GCLK               pll                u_pll/pll_inst.clkc2                                43
#4        u_camera_init/u_i2c_write/clk                              GCLK               pll                u_pll/pll_inst.clkc4                                33
#5        u_camera_init/divider2[8]                                  GCLK               lslice             u_camera_init/add2_syn_56.q1                        21
#6        u_camera_init/divider2[7]                                  GCLK               lslice             u_camera_init/add2_syn_56.q0                        18
#7        u_image_select/mode[3]_syn_26                              GCLK               lslice             u_image_process/u_RGBYCbCr/img_cb1_b_n_syn_10.f1    10
#8        u_image_process/wrreq                                      GCLK               mslice             u_image_process/u_RGBYCbCr/reg7_syn_24.f0           9
#9        clk_24m_dup_1                                              GCLK               io                 clk_24m_syn_2.di                                    7
#10       Sdram_Control_4Port/SDRAM_CLK                              GCLK               pll                u_pll/pll_inst.clkc1                                0
#11       clk_cam                                                    GCLK               pll                u_pll/pll_inst.clkc3                                0


Detailed IO Report

     Name        Direction    Location    IOStandard    DriveStrength    PullType    PackReg  
   Switch[5]       INPUT         P6        LVCMOS25          N/A          PULLUP      NONE    
   Switch[4]       INPUT         M6        LVCMOS25          N/A          PULLUP      NONE    
   Switch[3]       INPUT         T6        LVCMOS25          N/A          PULLUP      NONE    
   Switch[2]       INPUT         T5        LVCMOS25          N/A          PULLUP      NONE    
   Switch[1]       INPUT         R5        LVCMOS25          N/A          PULLUP      NONE    
   Switch[0]       INPUT         T4        LVCMOS25          N/A          PULLUP      NONE    
  cam_data[7]      INPUT        H13        LVCMOS33          N/A          PULLUP      NONE    
  cam_data[6]      INPUT        G16        LVCMOS33          N/A          PULLUP      NONE    
  cam_data[5]      INPUT        H16        LVCMOS33          N/A          PULLUP      NONE    
  cam_data[4]      INPUT        G14        LVCMOS33          N/A          PULLUP      NONE    
  cam_data[3]      INPUT        K15        LVCMOS33          N/A          PULLUP      NONE    
  cam_data[2]      INPUT        K16        LVCMOS33          N/A          PULLUP      NONE    
  cam_data[1]      INPUT        J16        LVCMOS33          N/A          PULLUP      NONE    
  cam_data[0]      INPUT        H15        LVCMOS33          N/A          PULLUP      NONE    
   cam_href        INPUT        F15        LVCMOS33          N/A          PULLUP      NONE    
   cam_pclk        INPUT        K12        LVCMOS33          N/A          PULLUP      NONE    
   cam_vsync       INPUT        E15        LVCMOS33          N/A          PULLUP      NONE    
    clk_24m        INPUT        K14        LVCMOS33          N/A          PULLUP      NONE    
     rst_n         INPUT        G11        LVCMOS33          N/A          PULLUP      NONE    
    Led[15]       OUTPUT        T13        LVCMOS25           8            NONE       NONE    
    Led[14]       OUTPUT        T12        LVCMOS25           8            NONE       NONE    
    Led[13]       OUTPUT        R12        LVCMOS25           8            NONE       NONE    
    Led[12]       OUTPUT         M7        LVCMOS25           8            NONE       NONE    
    Led[11]       OUTPUT         T9        LVCMOS25           8            NONE       NONE    
    Led[10]       OUTPUT         T8        LVCMOS25           8            NONE       NONE    
    Led[9]        OUTPUT         T7        LVCMOS25           8            NONE       NONE    
    Led[8]        OUTPUT         R7        LVCMOS25           8            NONE       NONE    
    Led[7]        OUTPUT         P5        LVCMOS25           8            NONE       NONE    
    Led[6]        OUTPUT         N5        LVCMOS25           8            NONE       NONE    
    Led[5]        OUTPUT         P4        LVCMOS25           8            NONE       NONE    
    Led[4]        OUTPUT         M5        LVCMOS25           8            NONE       NONE    
    Led[3]        OUTPUT         N4        LVCMOS25           8            NONE       NONE    
    Led[2]        OUTPUT         N3        LVCMOS25           8            NONE       NONE    
    Led[1]        OUTPUT         M4        LVCMOS25           8            NONE       NONE    
    Led[0]        OUTPUT         M3        LVCMOS25           8            NONE       NONE    
   cam_pwdn       OUTPUT        F14        LVCMOS33           8            NONE       NONE    
    cam_rst       OUTPUT        F13        LVCMOS33           8            NONE       NONE    
   cam_soic       OUTPUT        D16        LVCMOS33           8           PULLUP      NONE    
   cam_xclk       OUTPUT        J12        LVCMOS33           8            NONE       NONE    
   sm_bit[3]      OUTPUT         F3        LVCMOS25           8            NONE       NONE    
   sm_bit[2]      OUTPUT         C2        LVCMOS25           8            NONE       NONE    
   sm_bit[1]      OUTPUT         C3        LVCMOS25           8            NONE       NONE    
   sm_bit[0]      OUTPUT         B1        LVCMOS25           8            NONE       NONE    
   sm_seg[7]      OUTPUT         A2        LVCMOS25           8            NONE       NONE    
   sm_seg[6]      OUTPUT         B2        LVCMOS25           8            NONE       NONE    
   sm_seg[5]      OUTPUT         D3        LVCMOS25           8            NONE       NONE    
   sm_seg[4]      OUTPUT         F5        LVCMOS25           8            NONE       NONE    
   sm_seg[3]      OUTPUT         E4        LVCMOS25           8            NONE       NONE    
   sm_seg[2]      OUTPUT         F4        LVCMOS25           8            NONE       NONE    
   sm_seg[1]      OUTPUT         B3        LVCMOS25           8            NONE       NONE    
   sm_seg[0]      OUTPUT         E3        LVCMOS25           8            NONE       NONE    
   vga_b[7]       OUTPUT         C1        LVCMOS25           8            NONE       NONE    
   vga_b[6]       OUTPUT         D1        LVCMOS25           8            NONE       NONE    
   vga_b[5]       OUTPUT         E2        LVCMOS25           8            NONE       NONE    
   vga_b[4]       OUTPUT         G3        LVCMOS25           8            NONE       NONE    
   vga_b[3]       OUTPUT         E1        LVCMOS25           8            NONE       NONE    
   vga_b[2]       OUTPUT         F2        LVCMOS25           8            NONE       NONE    
   vga_b[1]       OUTPUT         F1        LVCMOS25           8            NONE       NONE    
   vga_b[0]       OUTPUT         G1        LVCMOS25           8            NONE       NONE    
    vga_clk       OUTPUT         H2        LVCMOS25           8            NONE       NONE    
   vga_g[7]       OUTPUT         H5        LVCMOS25           8            NONE       NONE    
   vga_g[6]       OUTPUT         H1        LVCMOS25           8            NONE       NONE    
   vga_g[5]       OUTPUT         J6        LVCMOS25           8            NONE       NONE    
   vga_g[4]       OUTPUT         H3        LVCMOS25           8            NONE       NONE    
   vga_g[3]       OUTPUT         J1        LVCMOS25           8            NONE       NONE    
   vga_g[2]       OUTPUT         K1        LVCMOS25           8            NONE       NONE    
   vga_g[1]       OUTPUT         K2        LVCMOS25           8            NONE       NONE    
   vga_g[0]       OUTPUT         L1        LVCMOS25           8            NONE       NONE    
   vga_hsync      OUTPUT         J3        LVCMOS25           8            NONE       NONE    
   vga_r[7]       OUTPUT         K6        LVCMOS25           8            NONE       NONE    
   vga_r[6]       OUTPUT         K3        LVCMOS25           8            NONE       NONE    
   vga_r[5]       OUTPUT         K5        LVCMOS25           8            NONE       NONE    
   vga_r[4]       OUTPUT         L4        LVCMOS25           8            NONE       NONE    
   vga_r[3]       OUTPUT         M1        LVCMOS25           8            NONE       NONE    
   vga_r[2]       OUTPUT         M2        LVCMOS25           8            NONE       NONE    
   vga_r[1]       OUTPUT         L3        LVCMOS25           8            NONE       NONE    
   vga_r[0]       OUTPUT         L5        LVCMOS25           8            NONE       NONE    
   vga_vsync      OUTPUT         J4        LVCMOS25           8            NONE       NONE    
   cam_soid        INOUT        D14        LVCMOS33           8           PULLUP      NONE    

Report Hierarchy Area:
+---------------------------------------------------------------------------------------------------------------------------------------+
|Instance                              |Module                                     |le     |lut     |ripple  |seq     |bram    |dsp     |
+---------------------------------------------------------------------------------------------------------------------------------------+
|top                                   |test_camera                                |5234   |3640    |1235    |1988    |14      |5       |
|  Sdram_Control_4Port                 |Sdram_Control_4Port                        |798    |554     |173     |397     |2       |0       |
|    command1                          |command                                    |50     |50      |0       |42      |0       |0       |
|    control1                          |control_interface                          |105    |68      |24      |57      |0       |0       |
|    data_path1                        |sdr_data_path                              |17     |17      |0       |2       |0       |0       |
|    read_fifo1                        |Sdram_RD_FIFO                              |129    |77      |18      |101     |1       |0       |
|      dcfifo_component                |softfifo                                   |129    |77      |18      |101     |1       |0       |
|        ram_inst                      |ram_infer_softfifo                         |0      |0       |0       |0       |1       |0       |
|        rd_to_wr_cross_inst           |fifo_cross_domain_addr_process_al_softfifo |42     |22      |0       |42      |0       |0       |
|        wr_to_rd_cross_inst           |fifo_cross_domain_addr_process_al_softfifo |31     |22      |0       |31      |0       |0       |
|    sdram1                            |sdram                                      |2      |2       |0       |0       |0       |0       |
|    write_fifo1                       |Sdram_WR_FIFO                              |132    |101     |18      |99      |1       |0       |
|      dcfifo_component                |softfifo                                   |132    |101     |18      |99      |1       |0       |
|        ram_inst                      |ram_infer_softfifo                         |0      |0       |0       |0       |1       |0       |
|        rd_to_wr_cross_inst           |fifo_cross_domain_addr_process_al_softfifo |38     |35      |0       |38      |0       |0       |
|        wr_to_rd_cross_inst           |fifo_cross_domain_addr_process_al_softfifo |36     |36      |0       |36      |0       |0       |
|  u_Mode_Switch                       |Mode_Switch                                |12     |12      |0       |9       |0       |0       |
|  u_cam_vga_out                       |Driver                                     |110    |66      |44      |24      |0       |0       |
|  u_camera_init                       |camera_init                                |519    |499     |9       |86      |0       |0       |
|    u_i2c_write                       |i2c_module                                 |123    |123     |0       |43      |0       |0       |
|  u_camera_reader                     |camera_reader                              |96     |48      |17      |61      |0       |0       |
|  u_image_process                     |image_process                              |3468   |2252    |982     |1344    |12      |5       |
|    u_Dilation_Detector               |Dilation_Detector                          |170    |114     |45      |80      |2       |0       |
|      u_three_martix_4                |three_martix                               |156    |104     |45      |66      |2       |0       |
|        u_fifo_1                      |fifo_1                                     |4      |4       |0       |2       |1       |0       |
|        u_fifo_2                      |fifo_2                                     |3      |3       |0       |1       |1       |0       |
|    u_Erosion_Detector                |Erosion_Detector                           |170    |119     |45      |82      |2       |0       |
|      u_three_martix_3                |three_martix                               |156    |106     |45      |68      |2       |0       |
|        u_fifo_1                      |fifo_1                                     |2      |2       |0       |0       |1       |0       |
|        u_fifo_2                      |fifo_2                                     |2      |2       |0       |0       |1       |0       |
|    u_Gesture_detech                  |Gesture_detech                             |920    |652     |251     |254     |0       |1       |
|    u_Median_Gray                     |Median_Gray                                |166    |111     |45      |70      |2       |0       |
|      u_Median_Filter_3X3_8Bit_median |Median_Filter_3X3                          |10     |2       |0       |10      |0       |0       |
|      u_three_martix                  |three_martix                               |156    |109     |45      |60      |2       |0       |
|        u_fifo_1                      |fifo_1                                     |2      |2       |0       |0       |1       |0       |
|        u_fifo_2                      |fifo_2                                     |0      |0       |0       |0       |1       |0       |
|    u_Median_Gray_2                   |Median_Gray                                |711    |423     |235     |268     |2       |0       |
|      u_Median_Filter_3X3_8Bit_median |Median_Filter_3X3                          |483    |293     |190     |138     |0       |0       |
|        u_Sort3_1                     |Sort3                                      |84     |54      |30      |34      |0       |0       |
|        u_Sort3_2                     |Sort3                                      |83     |53      |30      |31      |0       |0       |
|        u_Sort3_3                     |Sort3                                      |84     |54      |30      |30      |0       |0       |
|        u_Sort3_4                     |Sort3                                      |50     |30      |20      |10      |0       |0       |
|        u_Sort3_5                     |Sort3                                      |70     |40      |30      |10      |0       |0       |
|        u_Sort3_6                     |Sort3                                      |48     |28      |20      |13      |0       |0       |
|        u_Sort3_7                     |Sort3                                      |64     |34      |30      |10      |0       |0       |
|      u_three_martix                  |three_martix                               |228    |130     |45      |130     |2       |0       |
|        u_fifo_1                      |fifo_1                                     |0      |0       |0       |0       |1       |0       |
|        u_fifo_2                      |fifo_2                                     |0      |0       |0       |0       |1       |0       |
|    u_Median_Gray_3                   |Median_Gray                                |703    |430     |235     |256     |2       |0       |
|      u_Median_Filter_3X3_8Bit_median |Median_Filter_3X3                          |491    |301     |190     |130     |0       |0       |
|        u_Sort3_1                     |Sort3                                      |84     |54      |30      |28      |0       |0       |
|        u_Sort3_2                     |Sort3                                      |86     |56      |30      |32      |0       |0       |
|        u_Sort3_3                     |Sort3                                      |84     |54      |30      |25      |0       |0       |
|        u_Sort3_4                     |Sort3                                      |48     |28      |20      |10      |0       |0       |
|        u_Sort3_5                     |Sort3                                      |70     |40      |30      |8       |0       |0       |
|        u_Sort3_6                     |Sort3                                      |50     |30      |20      |8       |0       |0       |
|        u_Sort3_7                     |Sort3                                      |69     |39      |30      |19      |0       |0       |
|      u_three_martix                  |three_martix                               |212    |129     |45      |126     |2       |0       |
|        u_fifo_1                      |fifo_1                                     |0      |0       |0       |0       |1       |0       |
|        u_fifo_2                      |fifo_2                                     |0      |0       |0       |0       |1       |0       |
|    u_RGBYCbCr                        |RGBYCbCr                                   |92     |38      |14      |62      |0       |4       |
|    u_Sobel_Process                   |Sobel_Process                              |352    |212     |92      |156     |2       |0       |
|      u_Caculate_Sobel                |Caculate_Sobel                             |150    |102     |47      |49      |0       |0       |
|      u_three_martix_2                |three_martix                               |202    |110     |45      |107     |2       |0       |
|        u_fifo_1                      |fifo_1                                     |0      |0       |0       |0       |1       |0       |
|        u_fifo_2                      |fifo_2                                     |0      |0       |0       |0       |1       |0       |
|  u_image_select                      |image_select                               |52     |52      |0       |34      |0       |0       |
|  u_pll                               |ip_pll                                     |0      |0       |0       |0       |0       |0       |
|  u_seg_4                             |seg_4                                      |156    |134     |10      |28      |0       |0       |
+---------------------------------------------------------------------------------------------------------------------------------------+


DataNet Average Fanout:

   Index     Fanout     Nets  
    #1          1       3559  
    #2          2       640   
    #3          3       557   
    #4          4       215   
    #5        5-10      640   
    #6        11-50     124   
    #7       51-100      7    
    #8       101-500     4    
    #9        >500       1    
  Average     2.82            

RUN-1002 : start command "export_db ov2640_sdram_pr.db"
RUN-1001 : Exported /
RUN-1001 : Exported flow parameters
RUN-1001 : Exported libs
RUN-1001 : Exported entities
RUN-1001 : Exported ports
RUN-1001 : Exported pins
RUN-1001 : Exported instances
RUN-1001 : Exported nets
RUN-1001 : Exported buses
RUN-1001 : Exported models
RUN-1001 : Exported congestions
RUN-1001 : Exported violations
RUN-1001 : Exported timing constraints
RUN-1001 : Exported IO constraints
RUN-1001 : Exported Inst constraints
RUN-1002 : start command "export_bid ov2640_sdram_inst.bid"
RUN-1002 : start command "bitgen -bit ov2640_sdram.bit"
BIT-1003 : Start to generate bitstream. 
BIT-1002 : Init instances with 16 threads.
BIT-1002 : Init instances completely, inst num: 2905
BIT-1002 : Init pips with 16 threads.
BIT-1002 : Init pips completely, net num: 5889, pip num: 49514
BIT-1002 : Init feedthrough with 16 threads.
BIT-1002 : Init feedthrough completely, num: 70
BIT-1003 : Multithreading accelaration with 16 threads.
BIT-1003 : Generate bitstream completely, there are 2226 valid insts, and 157904 bits set as '1'.
BIT-1004 : the usercode register value: 00000000000100110000000000000000
BIT-1004 : PLL setting string = 0001
BIT-1004 : Generate bits file ov2640_sdram.bit.
RUN-1003 : finish command "bitgen -bit ov2640_sdram.bit" in  4.561843s wall, 51.171875s user + 0.281250s system = 51.453125s CPU (1127.9%)

RUN-1004 : used memory is 631 MB, reserved memory is 626 MB, peak memory is 792 MB
RUN-1002 : start command "backup_run_log run.log ../.logs/phy_1/td_20221028_213627.log"
