============================================================
   Tang Dynasty, V5.6.59063
   Copyright (c) 2012-2022 Anlogic
   Executable = C:/Anlogic/TD5.6.59063/bin/td.exe
   Built at =   12:45:13 Sep  6 2022
   Run by =     Administrator
   Run Date =   Thu Nov  3 00:56:06 2022

   Run on =     WIN-25FR57M34TT
============================================================
RUN-1002 : start command "open_project ov2640_sdram.prj"
RUN-1001 : Print Global Property
RUN-1001 : ---------------------------------------------------------------
RUN-1001 :        Parameters        |  Settings  |  Default Values  |  Note  
RUN-1001 : ---------------------------------------------------------------
RUN-1001 :          message         |  standard  |     standard     |        
RUN-1001 :   mixed_pack_place_flow  |     on     |        on        |        
RUN-1001 :        qor_monitor       |    off     |       off        |        
RUN-1001 :        syn_ip_flow       |    off     |       off        |        
RUN-1001 :          thread          |    auto    |       auto       |        
RUN-1001 : ---------------------------------------------------------------
RUN-1001 : Print Design Property
RUN-1001 : --------------------------------------------------------------
RUN-1001 :        Parameters       |  Settings  |  Default Values  |  Note  
RUN-1001 : --------------------------------------------------------------
RUN-1001 :   default_reg_initial   |    auto    |       auto       |        
RUN-1001 :        infer_add        |     on     |        on        |        
RUN-1001 :        infer_fsm        |    off     |       off        |        
RUN-1001 :        infer_mult       |     on     |        on        |        
RUN-1001 :        infer_ram        |     on     |        on        |        
RUN-1001 :        infer_reg        |     on     |        on        |        
RUN-1001 :   infer_reg_init_value  |     on     |        on        |        
RUN-1001 :        infer_rom        |     on     |        on        |        
RUN-1001 :      infer_shifter      |     on     |        on        |        
RUN-1001 : --------------------------------------------------------------
RUN-1001 : Print Rtl Property
RUN-1001 : --------------------------------------------------------------
RUN-1001 :        Parameters       |  Settings  |  Default Values  |  Note  
RUN-1001 : --------------------------------------------------------------
RUN-1001 :       compress_add      |   ripple   |      ripple      |        
RUN-1001 :        elf_sload        |    off     |       off        |        
RUN-1001 :       fix_undriven      |     0      |        0         |        
RUN-1001 :         flatten         |    off     |       off        |        
RUN-1001 :       gate_sharing      |     on     |        on        |        
RUN-1001 :    hdl_warning_level    |   normal   |      normal      |        
RUN-1001 :   impl_internal_tribuf  |     on     |        on        |        
RUN-1001 :      impl_set_reset     |     on     |        on        |        
RUN-1001 :        infer_gsr        |    off     |       off        |        
RUN-1001 :      keep_hierarchy     |    auto    |       auto       |        
RUN-1001 :        max_fanout       |    9999    |       9999       |        
RUN-1001 :      max_oh2bin_len     |     10     |        10        |        
RUN-1001 :       merge_equal       |     on     |        on        |        
RUN-1001 :       merge_equiv       |     on     |        on        |        
RUN-1001 :        merge_mux        |    off     |       off        |        
RUN-1001 :     min_control_set     |     8      |        8         |        
RUN-1001 :      min_ripple_len     |    auto    |       auto       |        
RUN-1001 :       oh2bin_ratio      |    0.08    |       0.08       |        
RUN-1001 :     opt_adder_fanout    |     on     |        on        |        
RUN-1001 :        opt_arith        |     on     |        on        |        
RUN-1001 :       opt_big_gate      |    off     |       off        |        
RUN-1001 :        opt_const        |     on     |        on        |        
RUN-1001 :      opt_const_mult     |     on     |        on        |        
RUN-1001 :       opt_lessthan      |     on     |        on        |        
RUN-1001 :         opt_mux         |    off     |       off        |        
RUN-1001 :         opt_ram         |    high    |       high       |        
RUN-1001 :      rtl_sim_model      |    off     |       off        |        
RUN-1001 :         seq_syn         |     on     |        on        |        
RUN-1001 : --------------------------------------------------------------
HDL-1007 : analyze verilog file ../../al_ip/ip_pll.v
HDL-1007 : undeclared symbol 'open', assumed default net type 'wire' in ../../al_ip/ip_pll.v(93)
HDL-1007 : analyze verilog file ../../al_ip/softfifo.v
HDL-1007 : analyze verilog file ../../al_ip/fifo_1.v
HDL-1007 : analyze verilog file ../../al_ip/fifo_2.v
HDL-1007 : analyze verilog file ../../al_ip/Divder_gate.v
HDL-1007 : undeclared symbol 'open_n2', assumed default net type 'wire' in ../../al_ip/Divder_gate.v(401)
HDL-1007 : undeclared symbol 'open_n3', assumed default net type 'wire' in ../../al_ip/Divder_gate.v(408)
HDL-1007 : undeclared symbol 'open_n4', assumed default net type 'wire' in ../../al_ip/Divder_gate.v(415)
HDL-1007 : undeclared symbol 'open_n5', assumed default net type 'wire' in ../../al_ip/Divder_gate.v(422)
HDL-1007 : undeclared symbol 'open_n6', assumed default net type 'wire' in ../../al_ip/Divder_gate.v(429)
HDL-1007 : undeclared symbol 'open_n7', assumed default net type 'wire' in ../../al_ip/Divder_gate.v(436)
HDL-1007 : undeclared symbol 'open_n8', assumed default net type 'wire' in ../../al_ip/Divder_gate.v(443)
HDL-1007 : undeclared symbol 'open_n9', assumed default net type 'wire' in ../../al_ip/Divder_gate.v(450)
HDL-1007 : undeclared symbol 'open_n10', assumed default net type 'wire' in ../../al_ip/Divder_gate.v(457)
HDL-1007 : undeclared symbol 'open_n11', assumed default net type 'wire' in ../../al_ip/Divder_gate.v(464)
HDL-1007 : undeclared symbol 'open_n12', assumed default net type 'wire' in ../../al_ip/Divder_gate.v(471)
HDL-1007 : undeclared symbol 'open_n13', assumed default net type 'wire' in ../../al_ip/Divder_gate.v(478)
HDL-1007 : undeclared symbol 'open_n14', assumed default net type 'wire' in ../../al_ip/Divder_gate.v(485)
HDL-1007 : undeclared symbol 'open_n15', assumed default net type 'wire' in ../../al_ip/Divder_gate.v(492)
HDL-1007 : undeclared symbol 'open_n16', assumed default net type 'wire' in ../../al_ip/Divder_gate.v(499)
HDL-1007 : undeclared symbol 'open_n17', assumed default net type 'wire' in ../../al_ip/Divder_gate.v(506)
HDL-1007 : undeclared symbol 'open_n18', assumed default net type 'wire' in ../../al_ip/Divder_gate.v(513)
HDL-1007 : undeclared symbol 'open_n19', assumed default net type 'wire' in ../../al_ip/Divder_gate.v(520)
HDL-1007 : undeclared symbol 'open_n20', assumed default net type 'wire' in ../../al_ip/Divder_gate.v(527)
HDL-1007 : undeclared symbol 'open_n21', assumed default net type 'wire' in ../../al_ip/Divder_gate.v(534)
HDL-1007 : undeclared symbol 'open_n22', assumed default net type 'wire' in ../../al_ip/Divder_gate.v(541)
HDL-1007 : undeclared symbol 'open_n23', assumed default net type 'wire' in ../../al_ip/Divder_gate.v(548)
HDL-1007 : undeclared symbol 'open_n24', assumed default net type 'wire' in ../../al_ip/Divder_gate.v(555)
HDL-1007 : undeclared symbol 'open_n25', assumed default net type 'wire' in ../../al_ip/Divder_gate.v(562)
HDL-1007 : undeclared symbol 'open_n26', assumed default net type 'wire' in ../../al_ip/Divder_gate.v(569)
HDL-1007 : undeclared symbol 'open_n27', assumed default net type 'wire' in ../../al_ip/Divder_gate.v(576)
HDL-1007 : undeclared symbol 'open_n28', assumed default net type 'wire' in ../../al_ip/Divder_gate.v(583)
HDL-1007 : undeclared symbol 'open_n29', assumed default net type 'wire' in ../../al_ip/Divder_gate.v(590)
HDL-1007 : undeclared symbol 'open_n30', assumed default net type 'wire' in ../../al_ip/Divder_gate.v(597)
HDL-1007 : undeclared symbol 'open_n31', assumed default net type 'wire' in ../../al_ip/Divder_gate.v(604)
HDL-1007 : undeclared symbol 'open_n32', assumed default net type 'wire' in ../../al_ip/Divder_gate.v(611)
HDL-1007 : undeclared symbol 'open_n33', assumed default net type 'wire' in ../../al_ip/Divder_gate.v(618)
HDL-1007 : undeclared symbol 'open_n34', assumed default net type 'wire' in ../../al_ip/Divder_gate.v(625)
HDL-1007 : undeclared symbol 'open_n35', assumed default net type 'wire' in ../../al_ip/Divder_gate.v(632)
HDL-1007 : undeclared symbol 'open_n36', assumed default net type 'wire' in ../../al_ip/Divder_gate.v(639)
HDL-1007 : undeclared symbol 'open_n37', assumed default net type 'wire' in ../../al_ip/Divder_gate.v(646)
HDL-1007 : undeclared symbol 'open_n38', assumed default net type 'wire' in ../../al_ip/Divder_gate.v(653)
HDL-1007 : undeclared symbol 'open_n39', assumed default net type 'wire' in ../../al_ip/Divder_gate.v(660)
HDL-1007 : undeclared symbol 'open_n40', assumed default net type 'wire' in ../../al_ip/Divder_gate.v(667)
HDL-1007 : undeclared symbol 'open_n41', assumed default net type 'wire' in ../../al_ip/Divder_gate.v(674)
HDL-1007 : undeclared symbol 'open_n42', assumed default net type 'wire' in ../../al_ip/Divder_gate.v(681)
HDL-1007 : undeclared symbol 'open_n43', assumed default net type 'wire' in ../../al_ip/Divder_gate.v(688)
HDL-1007 : undeclared symbol 'open_n44', assumed default net type 'wire' in ../../al_ip/Divder_gate.v(695)
HDL-1007 : undeclared symbol 'open_n45', assumed default net type 'wire' in ../../al_ip/Divder_gate.v(702)
HDL-1007 : undeclared symbol 'open_n46', assumed default net type 'wire' in ../../al_ip/Divder_gate.v(709)
HDL-1007 : undeclared symbol 'open_n47', assumed default net type 'wire' in ../../al_ip/Divder_gate.v(716)
HDL-1007 : undeclared symbol 'open_n48', assumed default net type 'wire' in ../../al_ip/Divder_gate.v(723)
HDL-1007 : undeclared symbol 'open_n49', assumed default net type 'wire' in ../../al_ip/Divder_gate.v(730)
HDL-1007 : undeclared symbol 'open_n50', assumed default net type 'wire' in ../../al_ip/Divder_gate.v(737)
HDL-1007 : undeclared symbol 'open_n53', assumed default net type 'wire' in ../../al_ip/Divder_gate.v(2384)
HDL-1007 : undeclared symbol 'open_n54', assumed default net type 'wire' in ../../al_ip/Divder_gate.v(2433)
HDL-1007 : analyze verilog file ../../al_ip/Diver_64_gate.v
HDL-1007 : undeclared symbol 'open_n0', assumed default net type 'wire' in ../../al_ip/Diver_64_gate.v(270)
HDL-1007 : undeclared symbol 'open_n3', assumed default net type 'wire' in ../../al_ip/Diver_64_gate.v(275)
HDL-1007 : undeclared symbol 'open_n6', assumed default net type 'wire' in ../../al_ip/Diver_64_gate.v(890)
HDL-1007 : undeclared symbol 'open_n7', assumed default net type 'wire' in ../../al_ip/Diver_64_gate.v(897)
HDL-1007 : undeclared symbol 'open_n8', assumed default net type 'wire' in ../../al_ip/Diver_64_gate.v(904)
HDL-1007 : undeclared symbol 'open_n9', assumed default net type 'wire' in ../../al_ip/Diver_64_gate.v(911)
HDL-1007 : undeclared symbol 'open_n10', assumed default net type 'wire' in ../../al_ip/Diver_64_gate.v(918)
HDL-1007 : undeclared symbol 'open_n11', assumed default net type 'wire' in ../../al_ip/Diver_64_gate.v(925)
HDL-1007 : undeclared symbol 'open_n12', assumed default net type 'wire' in ../../al_ip/Diver_64_gate.v(932)
HDL-1007 : undeclared symbol 'open_n13', assumed default net type 'wire' in ../../al_ip/Diver_64_gate.v(939)
HDL-1007 : undeclared symbol 'open_n14', assumed default net type 'wire' in ../../al_ip/Diver_64_gate.v(946)
HDL-1007 : undeclared symbol 'open_n15', assumed default net type 'wire' in ../../al_ip/Diver_64_gate.v(953)
HDL-1007 : undeclared symbol 'open_n16', assumed default net type 'wire' in ../../al_ip/Diver_64_gate.v(960)
HDL-1007 : undeclared symbol 'open_n17', assumed default net type 'wire' in ../../al_ip/Diver_64_gate.v(967)
HDL-1007 : undeclared symbol 'open_n18', assumed default net type 'wire' in ../../al_ip/Diver_64_gate.v(974)
HDL-1007 : undeclared symbol 'open_n19', assumed default net type 'wire' in ../../al_ip/Diver_64_gate.v(981)
HDL-1007 : undeclared symbol 'open_n20', assumed default net type 'wire' in ../../al_ip/Diver_64_gate.v(988)
HDL-1007 : undeclared symbol 'open_n21', assumed default net type 'wire' in ../../al_ip/Diver_64_gate.v(995)
HDL-1007 : undeclared symbol 'open_n22', assumed default net type 'wire' in ../../al_ip/Diver_64_gate.v(1002)
HDL-1007 : undeclared symbol 'open_n23', assumed default net type 'wire' in ../../al_ip/Diver_64_gate.v(1009)
HDL-1007 : undeclared symbol 'open_n24', assumed default net type 'wire' in ../../al_ip/Diver_64_gate.v(1016)
HDL-1007 : undeclared symbol 'open_n25', assumed default net type 'wire' in ../../al_ip/Diver_64_gate.v(1023)
HDL-1007 : undeclared symbol 'open_n26', assumed default net type 'wire' in ../../al_ip/Diver_64_gate.v(1030)
HDL-1007 : undeclared symbol 'open_n27', assumed default net type 'wire' in ../../al_ip/Diver_64_gate.v(1037)
HDL-1007 : undeclared symbol 'open_n28', assumed default net type 'wire' in ../../al_ip/Diver_64_gate.v(1044)
HDL-1007 : undeclared symbol 'open_n29', assumed default net type 'wire' in ../../al_ip/Diver_64_gate.v(1051)
HDL-1007 : undeclared symbol 'open_n30', assumed default net type 'wire' in ../../al_ip/Diver_64_gate.v(1058)
HDL-1007 : undeclared symbol 'open_n31', assumed default net type 'wire' in ../../al_ip/Diver_64_gate.v(1065)
HDL-1007 : undeclared symbol 'open_n32', assumed default net type 'wire' in ../../al_ip/Diver_64_gate.v(1072)
HDL-1007 : undeclared symbol 'open_n33', assumed default net type 'wire' in ../../al_ip/Diver_64_gate.v(1079)
HDL-1007 : undeclared symbol 'open_n34', assumed default net type 'wire' in ../../al_ip/Diver_64_gate.v(1086)
HDL-1007 : undeclared symbol 'open_n35', assumed default net type 'wire' in ../../al_ip/Diver_64_gate.v(1093)
HDL-1007 : undeclared symbol 'open_n36', assumed default net type 'wire' in ../../al_ip/Diver_64_gate.v(1100)
HDL-1007 : undeclared symbol 'open_n37', assumed default net type 'wire' in ../../al_ip/Diver_64_gate.v(1107)
HDL-1007 : undeclared symbol 'open_n38', assumed default net type 'wire' in ../../al_ip/Diver_64_gate.v(1114)
HDL-1007 : undeclared symbol 'open_n39', assumed default net type 'wire' in ../../al_ip/Diver_64_gate.v(1121)
HDL-1007 : undeclared symbol 'open_n40', assumed default net type 'wire' in ../../al_ip/Diver_64_gate.v(1128)
HDL-1007 : undeclared symbol 'open_n41', assumed default net type 'wire' in ../../al_ip/Diver_64_gate.v(1135)
HDL-1007 : undeclared symbol 'open_n42', assumed default net type 'wire' in ../../al_ip/Diver_64_gate.v(1142)
HDL-1007 : undeclared symbol 'open_n43', assumed default net type 'wire' in ../../al_ip/Diver_64_gate.v(1149)
HDL-1007 : undeclared symbol 'open_n44', assumed default net type 'wire' in ../../al_ip/Diver_64_gate.v(1156)
HDL-1007 : undeclared symbol 'open_n45', assumed default net type 'wire' in ../../al_ip/Diver_64_gate.v(1163)
HDL-1007 : undeclared symbol 'open_n46', assumed default net type 'wire' in ../../al_ip/Diver_64_gate.v(1170)
HDL-1007 : undeclared symbol 'open_n47', assumed default net type 'wire' in ../../al_ip/Diver_64_gate.v(1177)
HDL-1007 : undeclared symbol 'open_n48', assumed default net type 'wire' in ../../al_ip/Diver_64_gate.v(1184)
HDL-1007 : undeclared symbol 'open_n49', assumed default net type 'wire' in ../../al_ip/Diver_64_gate.v(1191)
HDL-1007 : undeclared symbol 'open_n50', assumed default net type 'wire' in ../../al_ip/Diver_64_gate.v(1198)
HDL-1007 : undeclared symbol 'open_n51', assumed default net type 'wire' in ../../al_ip/Diver_64_gate.v(1205)
HDL-1007 : undeclared symbol 'open_n52', assumed default net type 'wire' in ../../al_ip/Diver_64_gate.v(1212)
HDL-1007 : undeclared symbol 'open_n53', assumed default net type 'wire' in ../../al_ip/Diver_64_gate.v(1219)
HDL-1007 : undeclared symbol 'open_n54', assumed default net type 'wire' in ../../al_ip/Diver_64_gate.v(1226)
HDL-1007 : undeclared symbol 'open_n55', assumed default net type 'wire' in ../../al_ip/Diver_64_gate.v(1233)
HDL-1007 : undeclared symbol 'open_n56', assumed default net type 'wire' in ../../al_ip/Diver_64_gate.v(1240)
HDL-1007 : undeclared symbol 'open_n57', assumed default net type 'wire' in ../../al_ip/Diver_64_gate.v(1247)
HDL-1007 : undeclared symbol 'open_n58', assumed default net type 'wire' in ../../al_ip/Diver_64_gate.v(1254)
HDL-1007 : undeclared symbol 'open_n59', assumed default net type 'wire' in ../../al_ip/Diver_64_gate.v(1261)
HDL-1007 : undeclared symbol 'open_n60', assumed default net type 'wire' in ../../al_ip/Diver_64_gate.v(1268)
HDL-1007 : undeclared symbol 'open_n61', assumed default net type 'wire' in ../../al_ip/Diver_64_gate.v(1275)
HDL-1007 : undeclared symbol 'open_n62', assumed default net type 'wire' in ../../al_ip/Diver_64_gate.v(1282)
HDL-1007 : undeclared symbol 'open_n63', assumed default net type 'wire' in ../../al_ip/Diver_64_gate.v(1289)
HDL-1007 : undeclared symbol 'open_n64', assumed default net type 'wire' in ../../al_ip/Diver_64_gate.v(1296)
HDL-1007 : undeclared symbol 'open_n65', assumed default net type 'wire' in ../../al_ip/Diver_64_gate.v(1303)
HDL-1007 : undeclared symbol 'open_n66', assumed default net type 'wire' in ../../al_ip/Diver_64_gate.v(1310)
HDL-1007 : undeclared symbol 'open_n67', assumed default net type 'wire' in ../../al_ip/Diver_64_gate.v(1317)
HDL-1007 : undeclared symbol 'open_n68', assumed default net type 'wire' in ../../al_ip/Diver_64_gate.v(1324)
HDL-1007 : undeclared symbol 'open_n69', assumed default net type 'wire' in ../../al_ip/Diver_64_gate.v(1331)
HDL-1007 : undeclared symbol 'open_n70', assumed default net type 'wire' in ../../al_ip/Diver_64_gate.v(1338)
HDL-1007 : undeclared symbol 'open_n71', assumed default net type 'wire' in ../../al_ip/Diver_64_gate.v(1345)
HDL-1007 : undeclared symbol 'open_n72', assumed default net type 'wire' in ../../al_ip/Diver_64_gate.v(1352)
HDL-1007 : undeclared symbol 'open_n73', assumed default net type 'wire' in ../../al_ip/Diver_64_gate.v(1359)
HDL-1007 : undeclared symbol 'open_n74', assumed default net type 'wire' in ../../al_ip/Diver_64_gate.v(1366)
HDL-1007 : undeclared symbol 'open_n75', assumed default net type 'wire' in ../../al_ip/Diver_64_gate.v(1373)
HDL-1007 : undeclared symbol 'open_n76', assumed default net type 'wire' in ../../al_ip/Diver_64_gate.v(1380)
HDL-1007 : undeclared symbol 'open_n77', assumed default net type 'wire' in ../../al_ip/Diver_64_gate.v(1387)
HDL-1007 : undeclared symbol 'open_n78', assumed default net type 'wire' in ../../al_ip/Diver_64_gate.v(1394)
HDL-1007 : undeclared symbol 'open_n79', assumed default net type 'wire' in ../../al_ip/Diver_64_gate.v(1401)
HDL-1007 : undeclared symbol 'open_n80', assumed default net type 'wire' in ../../al_ip/Diver_64_gate.v(1408)
HDL-1007 : undeclared symbol 'open_n81', assumed default net type 'wire' in ../../al_ip/Diver_64_gate.v(1415)
HDL-1007 : undeclared symbol 'open_n82', assumed default net type 'wire' in ../../al_ip/Diver_64_gate.v(1422)
HDL-1007 : undeclared symbol 'open_n83', assumed default net type 'wire' in ../../al_ip/Diver_64_gate.v(1429)
HDL-1007 : undeclared symbol 'open_n84', assumed default net type 'wire' in ../../al_ip/Diver_64_gate.v(1436)
HDL-1007 : undeclared symbol 'open_n85', assumed default net type 'wire' in ../../al_ip/Diver_64_gate.v(1443)
HDL-1007 : undeclared symbol 'open_n86', assumed default net type 'wire' in ../../al_ip/Diver_64_gate.v(1450)
HDL-1007 : undeclared symbol 'open_n87', assumed default net type 'wire' in ../../al_ip/Diver_64_gate.v(1457)
HDL-1007 : undeclared symbol 'open_n88', assumed default net type 'wire' in ../../al_ip/Diver_64_gate.v(1464)
HDL-1007 : undeclared symbol 'open_n89', assumed default net type 'wire' in ../../al_ip/Diver_64_gate.v(1471)
HDL-1007 : undeclared symbol 'open_n90', assumed default net type 'wire' in ../../al_ip/Diver_64_gate.v(1478)
HDL-1007 : undeclared symbol 'open_n91', assumed default net type 'wire' in ../../al_ip/Diver_64_gate.v(1485)
HDL-1007 : undeclared symbol 'open_n92', assumed default net type 'wire' in ../../al_ip/Diver_64_gate.v(1492)
HDL-1007 : undeclared symbol 'open_n93', assumed default net type 'wire' in ../../al_ip/Diver_64_gate.v(1499)
HDL-1007 : undeclared symbol 'open_n94', assumed default net type 'wire' in ../../al_ip/Diver_64_gate.v(1506)
HDL-1007 : undeclared symbol 'open_n95', assumed default net type 'wire' in ../../al_ip/Diver_64_gate.v(1513)
HDL-1007 : undeclared symbol 'open_n96', assumed default net type 'wire' in ../../al_ip/Diver_64_gate.v(1520)
HDL-1007 : undeclared symbol 'open_n97', assumed default net type 'wire' in ../../al_ip/Diver_64_gate.v(1527)
HDL-1007 : undeclared symbol 'open_n98', assumed default net type 'wire' in ../../al_ip/Diver_64_gate.v(1534)
HDL-1007 : undeclared symbol 'open_n99', assumed default net type 'wire' in ../../al_ip/Diver_64_gate.v(1541)
HDL-1007 : undeclared symbol 'open_n100', assumed default net type 'wire' in ../../al_ip/Diver_64_gate.v(1548)
HDL-1007 : undeclared symbol 'open_n101', assumed default net type 'wire' in ../../al_ip/Diver_64_gate.v(1555)
HDL-1007 : undeclared symbol 'open_n102', assumed default net type 'wire' in ../../al_ip/Diver_64_gate.v(1562)
HDL-1007 : undeclared symbol 'open_n103', assumed default net type 'wire' in ../../al_ip/Diver_64_gate.v(1569)
HDL-1007 : undeclared symbol 'open_n104', assumed default net type 'wire' in ../../al_ip/Diver_64_gate.v(1576)
HDL-1007 : undeclared symbol 'open_n105', assumed default net type 'wire' in ../../al_ip/Diver_64_gate.v(1583)
HDL-1007 : undeclared symbol 'open_n106', assumed default net type 'wire' in ../../al_ip/Diver_64_gate.v(1590)
HDL-1007 : undeclared symbol 'open_n107', assumed default net type 'wire' in ../../al_ip/Diver_64_gate.v(1597)
HDL-1007 : undeclared symbol 'open_n108', assumed default net type 'wire' in ../../al_ip/Diver_64_gate.v(1604)
HDL-1007 : undeclared symbol 'open_n109', assumed default net type 'wire' in ../../al_ip/Diver_64_gate.v(1611)
HDL-1007 : undeclared symbol 'open_n110', assumed default net type 'wire' in ../../al_ip/Diver_64_gate.v(1618)
HDL-1007 : undeclared symbol 'open_n111', assumed default net type 'wire' in ../../al_ip/Diver_64_gate.v(1625)
HDL-1007 : undeclared symbol 'open_n112', assumed default net type 'wire' in ../../al_ip/Diver_64_gate.v(1632)
HDL-1007 : undeclared symbol 'open_n113', assumed default net type 'wire' in ../../al_ip/Diver_64_gate.v(1639)
HDL-1007 : undeclared symbol 'open_n114', assumed default net type 'wire' in ../../al_ip/Diver_64_gate.v(1646)
HDL-1007 : undeclared symbol 'open_n115', assumed default net type 'wire' in ../../al_ip/Diver_64_gate.v(1653)
HDL-1007 : undeclared symbol 'open_n116', assumed default net type 'wire' in ../../al_ip/Diver_64_gate.v(1660)
HDL-1007 : undeclared symbol 'open_n117', assumed default net type 'wire' in ../../al_ip/Diver_64_gate.v(1667)
HDL-1007 : undeclared symbol 'open_n118', assumed default net type 'wire' in ../../al_ip/Diver_64_gate.v(1674)
HDL-1007 : undeclared symbol 'open_n119', assumed default net type 'wire' in ../../al_ip/Diver_64_gate.v(1681)
HDL-1007 : undeclared symbol 'open_n120', assumed default net type 'wire' in ../../al_ip/Diver_64_gate.v(1688)
HDL-1007 : undeclared symbol 'open_n121', assumed default net type 'wire' in ../../al_ip/Diver_64_gate.v(1695)
HDL-1007 : undeclared symbol 'open_n122', assumed default net type 'wire' in ../../al_ip/Diver_64_gate.v(1702)
HDL-1007 : undeclared symbol 'open_n123', assumed default net type 'wire' in ../../al_ip/Diver_64_gate.v(1709)
HDL-1007 : undeclared symbol 'open_n124', assumed default net type 'wire' in ../../al_ip/Diver_64_gate.v(1716)
HDL-1007 : undeclared symbol 'open_n125', assumed default net type 'wire' in ../../al_ip/Diver_64_gate.v(1723)
HDL-1007 : undeclared symbol 'open_n126', assumed default net type 'wire' in ../../al_ip/Diver_64_gate.v(1730)
HDL-1007 : undeclared symbol 'open_n127', assumed default net type 'wire' in ../../al_ip/Diver_64_gate.v(1737)
HDL-1007 : undeclared symbol 'open_n128', assumed default net type 'wire' in ../../al_ip/Diver_64_gate.v(1744)
HDL-1007 : undeclared symbol 'open_n129', assumed default net type 'wire' in ../../al_ip/Diver_64_gate.v(1751)
HDL-1007 : undeclared symbol 'open_n130', assumed default net type 'wire' in ../../al_ip/Diver_64_gate.v(1758)
HDL-1007 : undeclared symbol 'open_n131', assumed default net type 'wire' in ../../al_ip/Diver_64_gate.v(1765)
HDL-1007 : undeclared symbol 'open_n132', assumed default net type 'wire' in ../../al_ip/Diver_64_gate.v(1772)
HDL-1007 : undeclared symbol 'open_n133', assumed default net type 'wire' in ../../al_ip/Diver_64_gate.v(1779)
HDL-1007 : undeclared symbol 'open_n134', assumed default net type 'wire' in ../../al_ip/Diver_64_gate.v(1786)
HDL-1007 : undeclared symbol 'open_n137', assumed default net type 'wire' in ../../al_ip/Diver_64_gate.v(6011)
HDL-1007 : undeclared symbol 'open_n138', assumed default net type 'wire' in ../../al_ip/Diver_64_gate.v(6368)
HDL-1007 : analyze verilog file ../../RTL/camera_init.v
HDL-1007 : undeclared symbol 'clk_div', assumed default net type 'wire' in ../../RTL/camera_init.v(74)
HDL-1007 : analyze verilog file ../../RTL/camera_reader.v
HDL-1007 : analyze verilog file ../../RTL/i2c_module.v
HDL-1007 : analyze verilog file ../../RTL/Sdram_Control_4Port/command.v
HDL-1007 : analyze included file ../../RTL/Sdram_Control_4Port/Sdram_Params.h in ../../RTL/Sdram_Control_4Port/command.v(27)
HDL-1007 : back to file '../../RTL/Sdram_Control_4Port/command.v' in ../../RTL/Sdram_Control_4Port/command.v(27)
HDL-1007 : analyze verilog file ../../RTL/Sdram_Control_4Port/control_interface.v
HDL-1007 : analyze included file ../../RTL/Sdram_Control_4Port/Sdram_Params.h in ../../RTL/Sdram_Control_4Port/control_interface.v(21)
HDL-1007 : back to file '../../RTL/Sdram_Control_4Port/control_interface.v' in ../../RTL/Sdram_Control_4Port/control_interface.v(21)
HDL-1007 : analyze verilog file ../../RTL/Sdram_Control_4Port/sdr_data_path.v
HDL-1007 : analyze included file ../../RTL/Sdram_Control_4Port/Sdram_Params.h in ../../RTL/Sdram_Control_4Port/sdr_data_path.v(10)
HDL-1007 : back to file '../../RTL/Sdram_Control_4Port/sdr_data_path.v' in ../../RTL/Sdram_Control_4Port/sdr_data_path.v(10)
HDL-1007 : analyze verilog file ../../RTL/Sdram_Control_4Port/Sdram_Control_4Port.v
HDL-1007 : analyze included file ../../RTL/Sdram_Control_4Port/Sdram_Params.h in ../../RTL/Sdram_Control_4Port/Sdram_Control_4Port.v(49)
HDL-1007 : back to file '../../RTL/Sdram_Control_4Port/Sdram_Control_4Port.v' in ../../RTL/Sdram_Control_4Port/Sdram_Control_4Port.v(49)
HDL-1007 : analyze verilog file ../../RTL/Sdram_Control_4Port/Sdram_RD_FIFO.v
HDL-5007 WARNING: 'clk' is not declared in ../../RTL/Sdram_Control_4Port/Sdram_RD_FIFO.v(44)
HDL-1007 : analyze verilog file ../../RTL/Sdram_Control_4Port/Sdram_WR_FIFO.v
HDL-1007 : analyze verilog file ../../al_ip/sdram.v
HDL-1007 : analyze verilog file ../../RTL/Driver.v
HDL-1007 : analyze verilog file ../../RTL/RGBYCbCr.v
HDL-1007 : analyze verilog file ../../RTL/image_process.v
HDL-1007 : undeclared symbol 'post3_img_Y', assumed default net type 'wire' in ../../RTL/image_process.v(209)
HDL-1007 : undeclared symbol 'post3_frame_vsync', assumed default net type 'wire' in ../../RTL/image_process.v(211)
HDL-1007 : undeclared symbol 'post3_frame_href', assumed default net type 'wire' in ../../RTL/image_process.v(212)
HDL-1007 : undeclared symbol 'post3_frame_clken', assumed default net type 'wire' in ../../RTL/image_process.v(213)
HDL-7007 CRITICAL-WARNING: 'post3_img_Y' is already implicitly declared on line 209 in ../../RTL/image_process.v(243)
HDL-7007 CRITICAL-WARNING: 'post3_frame_vsync' is already implicitly declared on line 211 in ../../RTL/image_process.v(244)
HDL-7007 CRITICAL-WARNING: 'post3_frame_href' is already implicitly declared on line 212 in ../../RTL/image_process.v(245)
HDL-7007 CRITICAL-WARNING: 'post3_frame_clken' is already implicitly declared on line 213 in ../../RTL/image_process.v(246)
HDL-5007 WARNING: identifier 'post_img_cb' is used before its declaration in ../../RTL/image_process.v(56)
HDL-5007 WARNING: identifier 'post_img_cb' is used before its declaration in ../../RTL/image_process.v(60)
HDL-5007 WARNING: identifier 'post_frame_clken' is used before its declaration in ../../RTL/image_process.v(66)
HDL-5007 WARNING: identifier 'skin_img' is used before its declaration in ../../RTL/image_process.v(67)
HDL-5007 WARNING: identifier 'post_frame_clken' is used before its declaration in ../../RTL/image_process.v(70)
HDL-5007 WARNING: identifier 'skin_img' is used before its declaration in ../../RTL/image_process.v(71)
HDL-5007 WARNING: identifier 'post3_frame_clken' is used before its declaration in ../../RTL/image_process.v(77)
HDL-5007 WARNING: identifier 'post1_img_Y' is used before its declaration in ../../RTL/image_process.v(78)
HDL-5007 WARNING: identifier 'post3_frame_clken' is used before its declaration in ../../RTL/image_process.v(81)
HDL-5007 WARNING: identifier 'post1_img_Y' is used before its declaration in ../../RTL/image_process.v(82)
HDL-5007 Similar messages will be suppressed.
HDL-1007 : analyze verilog file ../../RTL/test_camera.v
HDL-1007 : analyze verilog file ../../RTL/Mode_Switch.v
HDL-1007 : analyze verilog file ../../RTL/image_select.v
HDL-1007 : undeclared symbol 'row_flag', assumed default net type 'wire' in ../../RTL/image_select.v(54)
HDL-1007 : analyze verilog file ../../RTL/Median_Gray.v
HDL-5007 WARNING: identifier 'mid_value' is used before its declaration in ../../RTL/Median_Gray.v(20)
HDL-1007 : analyze verilog file ../../RTL/three_martix.v
HDL-5007 WARNING: empty statement in sequential block in ../../RTL/three_martix.v(235)
HDL-5007 WARNING: empty statement in sequential block in ../../RTL/three_martix.v(234)
HDL-1007 : analyze verilog file ../../RTL/Median_Filter_3X3.v
HDL-1007 : analyze verilog file ../../RTL/Sort3.v
HDL-1007 : analyze verilog file ../../RTL/Sobel_Process.v
HDL-1007 : undeclared symbol 'csi_pclk', assumed default net type 'wire' in ../../RTL/Sobel_Process.v(48)
HDL-5007 WARNING: identifier 'sobel_value' is used before its declaration in ../../RTL/Sobel_Process.v(23)
HDL-1007 : analyze verilog file ../../RTL/Caculate_Sobel.v
HDL-5007 WARNING: identifier 'matrix_frame_vsync_r' is used before its declaration in ../../RTL/Caculate_Sobel.v(110)
HDL-5007 WARNING: identifier 'matrix_frame_href_r' is used before its declaration in ../../RTL/Caculate_Sobel.v(111)
HDL-5007 WARNING: identifier 'matrix_frame_clken_r' is used before its declaration in ../../RTL/Caculate_Sobel.v(112)
HDL-1007 : analyze verilog file ../../RTL/Erosion_Detector.v
HDL-1007 : analyze verilog file ../../RTL/Dilation_Detector.v
HDL-5007 WARNING: redeclaration of ANSI port 'post_img_Bit4' is not allowed in ../../RTL/Dilation_Detector.v(79)
HDL-1007 : undeclared symbol 'post_frame_href', assumed default net type 'wire' in ../../RTL/Dilation_Detector.v(109)
HDL-1007 : analyze verilog file ../../RTL/vga_display.v
HDL-1007 : analyze verilog file ../../RTL/Hu_Invariant_moment.v
HDL-1007 : undeclared symbol 'row_flag', assumed default net type 'wire' in ../../RTL/Hu_Invariant_moment.v(40)
HDL-5007 WARNING: redeclaration of ANSI port 'X_0' is not allowed in ../../RTL/Hu_Invariant_moment.v(141)
HDL-5007 WARNING: redeclaration of ANSI port 'Y_0' is not allowed in ../../RTL/Hu_Invariant_moment.v(142)
HDL-5007 WARNING: identifier 'ok_flag_n02' is used before its declaration in ../../RTL/Hu_Invariant_moment.v(237)
HDL-1007 : analyze verilog file ../../RTL/Perimeter_aera.v
HDL-1007 : undeclared symbol 'row_flag', assumed default net type 'wire' in ../../RTL/Perimeter_aera.v(39)
HDL-5007 WARNING: identifier 'ok_flag_Perimeter_Aera' is used before its declaration in ../../RTL/Perimeter_aera.v(100)
HDL-5007 WARNING: identifier 'quotient' is used before its declaration in ../../RTL/Perimeter_aera.v(102)
HDL-1007 : analyze verilog file ../../RTL/Gesture_recognition.v
HDL-1007 : analyze verilog file ../../RTL/seg_4.v
HDL-5007 WARNING: 'clk' is not declared in ../../RTL/Sdram_Control_4Port/Sdram_RD_FIFO.v(44)
RUN-1001 : Project manager successfully analyzed 35 source files.
RUN-1003 : finish command "open_project ov2640_sdram.prj" in  1.261640s wall, 0.734375s user + 0.515625s system = 1.250000s CPU (99.1%)

RUN-1004 : used memory is 54 MB, reserved memory is 27 MB, peak memory is 60 MB
RUN-1002 : start command "import_device eagle_s20.db -package EG4S20BG256"
ARC-1001 : Device Initialization.
ARC-1001 : ------------------------------------------------------------------
ARC-1001 :            OPTION            |          IO          |   SETTING   
ARC-1001 : ------------------------------------------------------------------
ARC-1001 :   cso_b/cclk/mosi/miso/dout  |  T3/R11/T10/P10/S11  |    gpio    
ARC-1001 :             done             |         P13          |    gpio    
ARC-1001 :           program_b          |          T2          |  dedicate  
ARC-1001 :        tdi/tms/tck/tdo       |   C12/A15/C14/E14    |  dedicate  
ARC-1001 : ------------------------------------------------------------------
ARC-1004 : Device setting, marked 5 dedicate IOs in total.
RUN-1002 : start command "import_db ../syn_1/ov2640_sdram_gate.db"
RUN-1001 : Importing database generated by Tang Dynasty, V5.6.59063.
RUN-1001 : Database version number 46140.
RUN-1001 : Import flow parameters
RUN-1001 : Import timing constraints
RUN-1001 : Import IO constraints
RUN-1001 : Import Inst constraints
RUN-1001 : Import design success TD_VERSION=5.6.59063 , DB_VERSION=46140
RUN-1003 : finish command "import_db ../syn_1/ov2640_sdram_gate.db" in  7.162916s wall, 6.828125s user + 0.265625s system = 7.093750s CPU (99.0%)

RUN-1004 : used memory is 739 MB, reserved memory is 735 MB, peak memory is 757 MB
RUN-1002 : start command "read_sdc"
USR-1002 : read_sdc file_name -help -h -eco
RUN-1002 : start command "get_regs */primary_addr_gray_reg[*]"
RUN-1002 : start command "get_regs */sync_r1[*]"
RUN-1002 : start command "set_max_delay -from  -to  5 -datapath_only"
RUN-1002 : start command "get_regs */primary_addr_gray_reg[*]"
RUN-1002 : start command "get_regs */sync_r1[*]"
RUN-1002 : start command "set_false_path -from  -to  -hold 5"
USR-1002 : set_false_path -help -setup -hold -from <list> -rise_from <list> -fall_from <list> -to <list> -rise_to <list> -fall_to <list> -through <list>
RUN-1002 : start command "get_regs */primary_addr_gray_reg[*]"
RUN-1002 : start command "get_regs */sync_r1[*]"
RUN-1002 : start command "set_max_delay -from  -to  5 -datapath_only"
RUN-1002 : start command "get_regs */primary_addr_gray_reg[*]"
RUN-1002 : start command "get_regs */sync_r1[*]"
RUN-1002 : start command "set_max_delay -from  -to  5 -datapath_only"
RUN-1002 : start command "get_regs */primary_addr_gray_reg[*]"
RUN-1002 : start command "get_regs */sync_r1[*]"
RUN-1002 : start command "set_max_delay -from  -to  5 -datapath_only"
SYN-1001 : 	kept net: Sdram_Control_4Port/read_fifo1/dcfifo_component/rd_to_wr_cross_inst/primary_addr_gray_reg[9](Sdram_Control_4Port/read_fifo1/dcfifo_component/rd_to_wr_cross_inst/primary_addr_gray_reg[9]_syn_5)
SYN-1001 : 	kept net: Sdram_Control_4Port/read_fifo1/dcfifo_component/rd_to_wr_cross_inst/primary_addr_gray_reg[8](Sdram_Control_4Port/read_fifo1/dcfifo_component/rd_to_wr_cross_inst/primary_addr_gray_reg[8]_syn_5)
SYN-1001 : 	kept net: Sdram_Control_4Port/read_fifo1/dcfifo_component/rd_to_wr_cross_inst/primary_addr_gray_reg[7](Sdram_Control_4Port/read_fifo1/dcfifo_component/rd_to_wr_cross_inst/primary_addr_gray_reg[7]_syn_5)
SYN-1001 : 	kept net: Sdram_Control_4Port/read_fifo1/dcfifo_component/rd_to_wr_cross_inst/primary_addr_gray_reg[6](Sdram_Control_4Port/read_fifo1/dcfifo_component/rd_to_wr_cross_inst/primary_addr_gray_reg[6]_syn_5)
SYN-1001 : 	kept net: Sdram_Control_4Port/read_fifo1/dcfifo_component/rd_to_wr_cross_inst/primary_addr_gray_reg[5](Sdram_Control_4Port/read_fifo1/dcfifo_component/rd_to_wr_cross_inst/primary_addr_gray_reg[5]_syn_5)
SYN-1001 : 	kept net: Sdram_Control_4Port/read_fifo1/dcfifo_component/rd_to_wr_cross_inst/primary_addr_gray_reg[4](Sdram_Control_4Port/read_fifo1/dcfifo_component/rd_to_wr_cross_inst/primary_addr_gray_reg[4]_syn_5)
SYN-1001 : 	kept net: Sdram_Control_4Port/read_fifo1/dcfifo_component/rd_to_wr_cross_inst/primary_addr_gray_reg[3](Sdram_Control_4Port/read_fifo1/dcfifo_component/rd_to_wr_cross_inst/primary_addr_gray_reg[3]_syn_5)
SYN-1001 : 	kept net: Sdram_Control_4Port/read_fifo1/dcfifo_component/rd_to_wr_cross_inst/primary_addr_gray_reg[2](Sdram_Control_4Port/read_fifo1/dcfifo_component/rd_to_wr_cross_inst/primary_addr_gray_reg[2]_syn_5)
SYN-1001 : 	kept net: Sdram_Control_4Port/read_fifo1/dcfifo_component/rd_to_wr_cross_inst/primary_addr_gray_reg[1](Sdram_Control_4Port/read_fifo1/dcfifo_component/rd_to_wr_cross_inst/primary_addr_gray_reg[1]_syn_5)
SYN-1001 : 	kept net: Sdram_Control_4Port/read_fifo1/dcfifo_component/rd_to_wr_cross_inst/primary_addr_gray_reg[0](Sdram_Control_4Port/read_fifo1/dcfifo_component/rd_to_wr_cross_inst/primary_addr_gray_reg[0]_syn_5)
SYN-1001 : 	kept net: Sdram_Control_4Port/read_fifo1/dcfifo_component/rd_to_wr_cross_inst/sync_r1[9](Sdram_Control_4Port/read_fifo1/dcfifo_component/rd_to_wr_cross_inst/sync_r1[9]_syn_3)
SYN-1001 : 	kept net: Sdram_Control_4Port/read_fifo1/dcfifo_component/rd_to_wr_cross_inst/sync_r1[8](Sdram_Control_4Port/read_fifo1/dcfifo_component/rd_to_wr_cross_inst/sync_r1[8]_syn_3)
SYN-1001 : 	kept net: Sdram_Control_4Port/read_fifo1/dcfifo_component/rd_to_wr_cross_inst/sync_r1[7](Sdram_Control_4Port/read_fifo1/dcfifo_component/rd_to_wr_cross_inst/sync_r1[7]_syn_3)
SYN-1001 : 	kept net: Sdram_Control_4Port/read_fifo1/dcfifo_component/rd_to_wr_cross_inst/sync_r1[6](Sdram_Control_4Port/read_fifo1/dcfifo_component/rd_to_wr_cross_inst/sync_r1[6]_syn_3)
SYN-1001 : 	kept net: Sdram_Control_4Port/read_fifo1/dcfifo_component/rd_to_wr_cross_inst/sync_r1[5](Sdram_Control_4Port/read_fifo1/dcfifo_component/rd_to_wr_cross_inst/sync_r1[5]_syn_3)
SYN-1001 : 	kept net: Sdram_Control_4Port/read_fifo1/dcfifo_component/rd_to_wr_cross_inst/sync_r1[4](Sdram_Control_4Port/read_fifo1/dcfifo_component/rd_to_wr_cross_inst/sync_r1[4]_syn_3)
SYN-1001 : 	kept net: Sdram_Control_4Port/read_fifo1/dcfifo_component/rd_to_wr_cross_inst/sync_r1[3](Sdram_Control_4Port/read_fifo1/dcfifo_component/rd_to_wr_cross_inst/sync_r1[3]_syn_3)
SYN-1001 : 	kept net: Sdram_Control_4Port/read_fifo1/dcfifo_component/rd_to_wr_cross_inst/sync_r1[2](Sdram_Control_4Port/read_fifo1/dcfifo_component/rd_to_wr_cross_inst/sync_r1[2]_syn_3)
SYN-1001 : 	kept net: Sdram_Control_4Port/read_fifo1/dcfifo_component/rd_to_wr_cross_inst/sync_r1[1](Sdram_Control_4Port/read_fifo1/dcfifo_component/rd_to_wr_cross_inst/sync_r1[1]_syn_3)
SYN-1001 : 	kept net: Sdram_Control_4Port/read_fifo1/dcfifo_component/rd_to_wr_cross_inst/sync_r1[0](Sdram_Control_4Port/read_fifo1/dcfifo_component/rd_to_wr_cross_inst/sync_r1[0]_syn_3)
SYN-1001 : 	kept net: Sdram_Control_4Port/read_fifo1/dcfifo_component/wr_to_rd_cross_inst/primary_addr_gray_reg[9](Sdram_Control_4Port/read_fifo1/dcfifo_component/wr_to_rd_cross_inst/primary_addr_gray_reg[9]_syn_5)
SYN-1001 : 	kept net: Sdram_Control_4Port/read_fifo1/dcfifo_component/wr_to_rd_cross_inst/primary_addr_gray_reg[8](Sdram_Control_4Port/read_fifo1/dcfifo_component/wr_to_rd_cross_inst/primary_addr_gray_reg[8]_syn_5)
SYN-1001 : 	kept net: Sdram_Control_4Port/read_fifo1/dcfifo_component/wr_to_rd_cross_inst/primary_addr_gray_reg[7](Sdram_Control_4Port/read_fifo1/dcfifo_component/wr_to_rd_cross_inst/primary_addr_gray_reg[7]_syn_5)
SYN-1001 : 	kept net: Sdram_Control_4Port/read_fifo1/dcfifo_component/wr_to_rd_cross_inst/primary_addr_gray_reg[6](Sdram_Control_4Port/read_fifo1/dcfifo_component/wr_to_rd_cross_inst/primary_addr_gray_reg[6]_syn_5)
SYN-1001 : 	kept net: Sdram_Control_4Port/read_fifo1/dcfifo_component/wr_to_rd_cross_inst/primary_addr_gray_reg[5](Sdram_Control_4Port/read_fifo1/dcfifo_component/wr_to_rd_cross_inst/primary_addr_gray_reg[5]_syn_5)
SYN-1001 : 	kept net: Sdram_Control_4Port/read_fifo1/dcfifo_component/wr_to_rd_cross_inst/primary_addr_gray_reg[4](Sdram_Control_4Port/read_fifo1/dcfifo_component/wr_to_rd_cross_inst/primary_addr_gray_reg[4]_syn_5)
SYN-1001 : 	kept net: Sdram_Control_4Port/read_fifo1/dcfifo_component/wr_to_rd_cross_inst/primary_addr_gray_reg[3](Sdram_Control_4Port/read_fifo1/dcfifo_component/wr_to_rd_cross_inst/primary_addr_gray_reg[3]_syn_5)
SYN-1001 : 	kept net: Sdram_Control_4Port/read_fifo1/dcfifo_component/wr_to_rd_cross_inst/primary_addr_gray_reg[2](Sdram_Control_4Port/read_fifo1/dcfifo_component/wr_to_rd_cross_inst/primary_addr_gray_reg[2]_syn_5)
SYN-1001 : 	kept net: Sdram_Control_4Port/read_fifo1/dcfifo_component/wr_to_rd_cross_inst/primary_addr_gray_reg[1](Sdram_Control_4Port/read_fifo1/dcfifo_component/wr_to_rd_cross_inst/primary_addr_gray_reg[1]_syn_5)
SYN-1001 : 	kept net: Sdram_Control_4Port/read_fifo1/dcfifo_component/wr_to_rd_cross_inst/primary_addr_gray_reg[0](Sdram_Control_4Port/read_fifo1/dcfifo_component/wr_to_rd_cross_inst/primary_addr_gray_reg[0]_syn_5)
SYN-1001 : 	kept net: Sdram_Control_4Port/read_fifo1/dcfifo_component/wr_to_rd_cross_inst/sync_r1[9](Sdram_Control_4Port/read_fifo1/dcfifo_component/wr_to_rd_cross_inst/sync_r1[9]_syn_3)
SYN-1001 : 	kept net: Sdram_Control_4Port/read_fifo1/dcfifo_component/wr_to_rd_cross_inst/sync_r1[8](Sdram_Control_4Port/read_fifo1/dcfifo_component/wr_to_rd_cross_inst/sync_r1[8]_syn_3)
SYN-1001 : 	kept net: Sdram_Control_4Port/read_fifo1/dcfifo_component/wr_to_rd_cross_inst/sync_r1[7](Sdram_Control_4Port/read_fifo1/dcfifo_component/wr_to_rd_cross_inst/sync_r1[7]_syn_3)
SYN-1001 : 	kept net: Sdram_Control_4Port/read_fifo1/dcfifo_component/wr_to_rd_cross_inst/sync_r1[6](Sdram_Control_4Port/read_fifo1/dcfifo_component/wr_to_rd_cross_inst/sync_r1[6]_syn_3)
SYN-1001 : 	kept net: Sdram_Control_4Port/read_fifo1/dcfifo_component/wr_to_rd_cross_inst/sync_r1[5](Sdram_Control_4Port/read_fifo1/dcfifo_component/wr_to_rd_cross_inst/sync_r1[5]_syn_3)
SYN-1001 : 	kept net: Sdram_Control_4Port/read_fifo1/dcfifo_component/wr_to_rd_cross_inst/sync_r1[4](Sdram_Control_4Port/read_fifo1/dcfifo_component/wr_to_rd_cross_inst/sync_r1[4]_syn_3)
SYN-1001 : 	kept net: Sdram_Control_4Port/read_fifo1/dcfifo_component/wr_to_rd_cross_inst/sync_r1[3](Sdram_Control_4Port/read_fifo1/dcfifo_component/wr_to_rd_cross_inst/sync_r1[3]_syn_3)
SYN-1001 : 	kept net: Sdram_Control_4Port/read_fifo1/dcfifo_component/wr_to_rd_cross_inst/sync_r1[2](Sdram_Control_4Port/read_fifo1/dcfifo_component/wr_to_rd_cross_inst/sync_r1[2]_syn_3)
SYN-1001 : 	kept net: Sdram_Control_4Port/read_fifo1/dcfifo_component/wr_to_rd_cross_inst/sync_r1[1](Sdram_Control_4Port/read_fifo1/dcfifo_component/wr_to_rd_cross_inst/sync_r1[1]_syn_3)
SYN-1001 : 	kept net: Sdram_Control_4Port/read_fifo1/dcfifo_component/wr_to_rd_cross_inst/sync_r1[0](Sdram_Control_4Port/read_fifo1/dcfifo_component/wr_to_rd_cross_inst/sync_r1[0]_syn_3)
SYN-1001 : 	kept net: Sdram_Control_4Port/write_fifo1/dcfifo_component/rd_to_wr_cross_inst/primary_addr_gray_reg[9](Sdram_Control_4Port/write_fifo1/dcfifo_component/rd_to_wr_cross_inst/primary_addr_gray_reg[9]_syn_5)
SYN-1001 : 	kept net: Sdram_Control_4Port/write_fifo1/dcfifo_component/rd_to_wr_cross_inst/primary_addr_gray_reg[8](Sdram_Control_4Port/write_fifo1/dcfifo_component/rd_to_wr_cross_inst/primary_addr_gray_reg[8]_syn_5)
SYN-1001 : 	kept net: Sdram_Control_4Port/write_fifo1/dcfifo_component/rd_to_wr_cross_inst/primary_addr_gray_reg[7](Sdram_Control_4Port/write_fifo1/dcfifo_component/rd_to_wr_cross_inst/primary_addr_gray_reg[7]_syn_5)
SYN-1001 : 	kept net: Sdram_Control_4Port/write_fifo1/dcfifo_component/rd_to_wr_cross_inst/primary_addr_gray_reg[6](Sdram_Control_4Port/write_fifo1/dcfifo_component/rd_to_wr_cross_inst/primary_addr_gray_reg[6]_syn_5)
SYN-1001 : 	kept net: Sdram_Control_4Port/write_fifo1/dcfifo_component/rd_to_wr_cross_inst/primary_addr_gray_reg[5](Sdram_Control_4Port/write_fifo1/dcfifo_component/rd_to_wr_cross_inst/primary_addr_gray_reg[5]_syn_5)
SYN-1001 : 	kept net: Sdram_Control_4Port/write_fifo1/dcfifo_component/rd_to_wr_cross_inst/primary_addr_gray_reg[4](Sdram_Control_4Port/write_fifo1/dcfifo_component/rd_to_wr_cross_inst/primary_addr_gray_reg[4]_syn_5)
SYN-1001 : 	kept net: Sdram_Control_4Port/write_fifo1/dcfifo_component/rd_to_wr_cross_inst/primary_addr_gray_reg[3](Sdram_Control_4Port/write_fifo1/dcfifo_component/rd_to_wr_cross_inst/primary_addr_gray_reg[3]_syn_5)
SYN-1001 : 	kept net: Sdram_Control_4Port/write_fifo1/dcfifo_component/rd_to_wr_cross_inst/primary_addr_gray_reg[2](Sdram_Control_4Port/write_fifo1/dcfifo_component/rd_to_wr_cross_inst/primary_addr_gray_reg[2]_syn_5)
SYN-1001 : 	kept net: Sdram_Control_4Port/write_fifo1/dcfifo_component/rd_to_wr_cross_inst/primary_addr_gray_reg[1](Sdram_Control_4Port/write_fifo1/dcfifo_component/rd_to_wr_cross_inst/primary_addr_gray_reg[1]_syn_5)
SYN-1001 : 	kept net: Sdram_Control_4Port/write_fifo1/dcfifo_component/rd_to_wr_cross_inst/primary_addr_gray_reg[0](Sdram_Control_4Port/write_fifo1/dcfifo_component/rd_to_wr_cross_inst/primary_addr_gray_reg[0]_syn_5)
SYN-1001 : 	kept net: Sdram_Control_4Port/write_fifo1/dcfifo_component/rd_to_wr_cross_inst/sync_r1[9](Sdram_Control_4Port/write_fifo1/dcfifo_component/rd_to_wr_cross_inst/sync_r1[9]_syn_3)
SYN-1001 : 	kept net: Sdram_Control_4Port/write_fifo1/dcfifo_component/rd_to_wr_cross_inst/sync_r1[8](Sdram_Control_4Port/write_fifo1/dcfifo_component/rd_to_wr_cross_inst/sync_r1[8]_syn_3)
SYN-1001 : 	kept net: Sdram_Control_4Port/write_fifo1/dcfifo_component/rd_to_wr_cross_inst/sync_r1[7](Sdram_Control_4Port/write_fifo1/dcfifo_component/rd_to_wr_cross_inst/sync_r1[7]_syn_3)
SYN-1001 : 	kept net: Sdram_Control_4Port/write_fifo1/dcfifo_component/rd_to_wr_cross_inst/sync_r1[6](Sdram_Control_4Port/write_fifo1/dcfifo_component/rd_to_wr_cross_inst/sync_r1[6]_syn_3)
SYN-1001 : 	kept net: Sdram_Control_4Port/write_fifo1/dcfifo_component/rd_to_wr_cross_inst/sync_r1[5](Sdram_Control_4Port/write_fifo1/dcfifo_component/rd_to_wr_cross_inst/sync_r1[5]_syn_3)
SYN-1001 : 	kept net: Sdram_Control_4Port/write_fifo1/dcfifo_component/rd_to_wr_cross_inst/sync_r1[4](Sdram_Control_4Port/write_fifo1/dcfifo_component/rd_to_wr_cross_inst/sync_r1[4]_syn_3)
SYN-1001 : 	kept net: Sdram_Control_4Port/write_fifo1/dcfifo_component/rd_to_wr_cross_inst/sync_r1[3](Sdram_Control_4Port/write_fifo1/dcfifo_component/rd_to_wr_cross_inst/sync_r1[3]_syn_3)
SYN-1001 : 	kept net: Sdram_Control_4Port/write_fifo1/dcfifo_component/rd_to_wr_cross_inst/sync_r1[2](Sdram_Control_4Port/write_fifo1/dcfifo_component/rd_to_wr_cross_inst/sync_r1[2]_syn_3)
SYN-1001 : 	kept net: Sdram_Control_4Port/write_fifo1/dcfifo_component/rd_to_wr_cross_inst/sync_r1[1](Sdram_Control_4Port/write_fifo1/dcfifo_component/rd_to_wr_cross_inst/sync_r1[1]_syn_3)
SYN-1001 : 	kept net: Sdram_Control_4Port/write_fifo1/dcfifo_component/rd_to_wr_cross_inst/sync_r1[0](Sdram_Control_4Port/write_fifo1/dcfifo_component/rd_to_wr_cross_inst/sync_r1[0]_syn_3)
SYN-1001 : 	kept net: Sdram_Control_4Port/write_fifo1/dcfifo_component/wr_to_rd_cross_inst/primary_addr_gray_reg[9](Sdram_Control_4Port/write_fifo1/dcfifo_component/wr_to_rd_cross_inst/primary_addr_gray_reg[9]_syn_5)
SYN-1001 : 	kept net: Sdram_Control_4Port/write_fifo1/dcfifo_component/wr_to_rd_cross_inst/primary_addr_gray_reg[8](Sdram_Control_4Port/write_fifo1/dcfifo_component/wr_to_rd_cross_inst/primary_addr_gray_reg[8]_syn_5)
SYN-1001 : 	kept net: Sdram_Control_4Port/write_fifo1/dcfifo_component/wr_to_rd_cross_inst/primary_addr_gray_reg[7](Sdram_Control_4Port/write_fifo1/dcfifo_component/wr_to_rd_cross_inst/primary_addr_gray_reg[7]_syn_5)
SYN-1001 : 	kept net: Sdram_Control_4Port/write_fifo1/dcfifo_component/wr_to_rd_cross_inst/primary_addr_gray_reg[6](Sdram_Control_4Port/write_fifo1/dcfifo_component/wr_to_rd_cross_inst/primary_addr_gray_reg[6]_syn_5)
SYN-1001 : 	kept net: Sdram_Control_4Port/write_fifo1/dcfifo_component/wr_to_rd_cross_inst/primary_addr_gray_reg[5](Sdram_Control_4Port/write_fifo1/dcfifo_component/wr_to_rd_cross_inst/primary_addr_gray_reg[5]_syn_5)
SYN-1001 : 	kept net: Sdram_Control_4Port/write_fifo1/dcfifo_component/wr_to_rd_cross_inst/primary_addr_gray_reg[4](Sdram_Control_4Port/write_fifo1/dcfifo_component/wr_to_rd_cross_inst/primary_addr_gray_reg[4]_syn_5)
SYN-1001 : 	kept net: Sdram_Control_4Port/write_fifo1/dcfifo_component/wr_to_rd_cross_inst/primary_addr_gray_reg[3](Sdram_Control_4Port/write_fifo1/dcfifo_component/wr_to_rd_cross_inst/primary_addr_gray_reg[3]_syn_5)
SYN-1001 : 	kept net: Sdram_Control_4Port/write_fifo1/dcfifo_component/wr_to_rd_cross_inst/primary_addr_gray_reg[2](Sdram_Control_4Port/write_fifo1/dcfifo_component/wr_to_rd_cross_inst/primary_addr_gray_reg[2]_syn_5)
SYN-1001 : 	kept net: Sdram_Control_4Port/write_fifo1/dcfifo_component/wr_to_rd_cross_inst/primary_addr_gray_reg[1](Sdram_Control_4Port/write_fifo1/dcfifo_component/wr_to_rd_cross_inst/primary_addr_gray_reg[1]_syn_5)
SYN-1001 : 	kept net: Sdram_Control_4Port/write_fifo1/dcfifo_component/wr_to_rd_cross_inst/primary_addr_gray_reg[0](Sdram_Control_4Port/write_fifo1/dcfifo_component/wr_to_rd_cross_inst/primary_addr_gray_reg[0]_syn_5)
SYN-1001 : 	kept net: Sdram_Control_4Port/write_fifo1/dcfifo_component/wr_to_rd_cross_inst/sync_r1[9](Sdram_Control_4Port/write_fifo1/dcfifo_component/wr_to_rd_cross_inst/sync_r1[9]_syn_3)
SYN-1001 : 	kept net: Sdram_Control_4Port/write_fifo1/dcfifo_component/wr_to_rd_cross_inst/sync_r1[8](Sdram_Control_4Port/write_fifo1/dcfifo_component/wr_to_rd_cross_inst/sync_r1[8]_syn_3)
SYN-1001 : 	kept net: Sdram_Control_4Port/write_fifo1/dcfifo_component/wr_to_rd_cross_inst/sync_r1[7](Sdram_Control_4Port/write_fifo1/dcfifo_component/wr_to_rd_cross_inst/sync_r1[7]_syn_3)
SYN-1001 : 	kept net: Sdram_Control_4Port/write_fifo1/dcfifo_component/wr_to_rd_cross_inst/sync_r1[6](Sdram_Control_4Port/write_fifo1/dcfifo_component/wr_to_rd_cross_inst/sync_r1[6]_syn_3)
SYN-1001 : 	kept net: Sdram_Control_4Port/write_fifo1/dcfifo_component/wr_to_rd_cross_inst/sync_r1[5](Sdram_Control_4Port/write_fifo1/dcfifo_component/wr_to_rd_cross_inst/sync_r1[5]_syn_3)
SYN-1001 : 	kept net: Sdram_Control_4Port/write_fifo1/dcfifo_component/wr_to_rd_cross_inst/sync_r1[4](Sdram_Control_4Port/write_fifo1/dcfifo_component/wr_to_rd_cross_inst/sync_r1[4]_syn_3)
SYN-1001 : 	kept net: Sdram_Control_4Port/write_fifo1/dcfifo_component/wr_to_rd_cross_inst/sync_r1[3](Sdram_Control_4Port/write_fifo1/dcfifo_component/wr_to_rd_cross_inst/sync_r1[3]_syn_3)
SYN-1001 : 	kept net: Sdram_Control_4Port/write_fifo1/dcfifo_component/wr_to_rd_cross_inst/sync_r1[2](Sdram_Control_4Port/write_fifo1/dcfifo_component/wr_to_rd_cross_inst/sync_r1[2]_syn_3)
SYN-1001 : 	kept net: Sdram_Control_4Port/write_fifo1/dcfifo_component/wr_to_rd_cross_inst/sync_r1[1](Sdram_Control_4Port/write_fifo1/dcfifo_component/wr_to_rd_cross_inst/sync_r1[1]_syn_3)
SYN-1001 : 	kept net: Sdram_Control_4Port/write_fifo1/dcfifo_component/wr_to_rd_cross_inst/sync_r1[0](Sdram_Control_4Port/write_fifo1/dcfifo_component/wr_to_rd_cross_inst/sync_r1[0]_syn_3)
RUN-1104 : Import SDC file  finished, there are 80 nets kept by constraints.
RUN-1002 : start command "config_chipwatcher ../../123.cwc -dir "
RUN-1002 : start command "legalize_phy_inst"
SYN-1011 : Flatten model test_camera
KIT-1004 : ChipWatcher: import watcher inst auto_chipwatcher_0 completed, there are 9 view nodes, 256 trigger nets, 256 data nets.
KIT-1004 : Chipwatcher code = 1010010000011100
RUN-1002 : start command "compile_watcher"
RUN-1002 : start command "read_verilog -no_sch -dir C:/Anlogic/TD5.6.59063/cw/ -file ov2640_sdram_watcherInst.sv -lib cw -top CW_TOP_WRAPPER"
HDL-1007 : analyze verilog file C:/Anlogic/TD5.6.59063/cw\bus_det.v
HDL-1007 : analyze verilog file C:/Anlogic/TD5.6.59063/cw\bus_top.sv
HDL-1007 : analyze verilog file C:/Anlogic/TD5.6.59063/cw\cfg_int.v
HDL-1007 : analyze verilog file C:/Anlogic/TD5.6.59063/cw\cwc_cfg_int.v
HDL-1007 : analyze verilog file C:/Anlogic/TD5.6.59063/cw\cwc_top.sv
HDL-1007 : analyze verilog file C:/Anlogic/TD5.6.59063/cw\detect_bus.v
HDL-1007 : analyze verilog file C:/Anlogic/TD5.6.59063/cw\detect_non_bus.v
HDL-1007 : analyze verilog file C:/Anlogic/TD5.6.59063/cw\emb_ctrl.v
HDL-1007 : analyze verilog file C:/Anlogic/TD5.6.59063/cw\register.v
HDL-1007 : analyze verilog file C:/Anlogic/TD5.6.59063/cw\tap.v
HDL-1007 : analyze verilog file C:/Anlogic/TD5.6.59063/cw\trigger.sv
HDL-1007 : analyze verilog file ov2640_sdram_watcherInst.sv
HDL-1007 : elaborate module CW_TOP_WRAPPER in ov2640_sdram_watcherInst.sv(1)
HDL-1007 : elaborate module cwc_top(BUS_NUM=9,BUS_DIN_NUM=256,BUS_CTRL_NUM=548,BUS_WIDTH='{32'sb011000,32'sb0100000,32'sb011100,32'sb011100,32'sb011100,32'sb011100,32'sb011100,32'sb011100,32'sb0100000},BUS_DIN_POS='{32'sb0,32'sb011000,32'sb0111000,32'sb01010100,32'sb01110000,32'sb010001100,32'sb010101000,32'sb011000100,32'sb011100000},BUS_CTRL_POS='{32'sb0,32'sb0110100,32'sb01111000,32'sb010110100,32'sb011110000,32'sb0100101100,32'sb0101101000,32'sb0110100100,32'sb0111100000}) in C:/Anlogic/TD5.6.59063/cw\cwc_top.sv(21)
HDL-1007 : elaborate module cwc_cfg_int(CTRL_REG_LEN=570) in C:/Anlogic/TD5.6.59063/cw\cwc_cfg_int.v(21)
HDL-1007 : elaborate module register(CTRL_REG_LEN=570) in C:/Anlogic/TD5.6.59063/cw\register.v(21)
HDL-1007 : elaborate module tap in C:/Anlogic/TD5.6.59063/cw\tap.v(21)
HDL-1007 : elaborate module trigger(BUS_NUM=9,BUS_DIN_NUM=256,BUS_CTRL_NUM=548,BUS_WIDTH='{32'sb011000,32'sb0100000,32'sb011100,32'sb011100,32'sb011100,32'sb011100,32'sb011100,32'sb011100,32'sb0100000},BUS_DIN_POS='{32'sb0,32'sb011000,32'sb0111000,32'sb01010100,32'sb01110000,32'sb010001100,32'sb010101000,32'sb011000100,32'sb011100000},BUS_CTRL_POS='{32'sb0,32'sb0110100,32'sb01111000,32'sb010110100,32'sb011110000,32'sb0100101100,32'sb0101101000,32'sb0110100100,32'sb0111100000}) in C:/Anlogic/TD5.6.59063/cw\trigger.sv(21)
HDL-1007 : elaborate module bus_top(BUS_NODE_NUM=9,BUS_DIN_NUM=256,BUS_CTRL_NUM=548,BUS_WIDTH='{32'sb011000,32'sb0100000,32'sb011100,32'sb011100,32'sb011100,32'sb011100,32'sb011100,32'sb011100,32'sb0100000},BUS_DIN_POS='{32'sb0,32'sb011000,32'sb0111000,32'sb01010100,32'sb01110000,32'sb010001100,32'sb010101000,32'sb011000100,32'sb011100000},BUS_CTRL_POS='{32'sb0,32'sb0110100,32'sb01111000,32'sb010110100,32'sb011110000,32'sb0100101100,32'sb0101101000,32'sb0110100100,32'sb0111100000}) in C:/Anlogic/TD5.6.59063/cw\bus_top.sv(22)
HDL-1007 : elaborate module bus_det(BUS_WIDTH=32'sb011000) in C:/Anlogic/TD5.6.59063/cw\bus_det.v(21)
HDL-1007 : elaborate module bus_det(BUS_WIDTH=32'sb0100000) in C:/Anlogic/TD5.6.59063/cw\bus_det.v(21)
HDL-1007 : elaborate module bus_det(BUS_WIDTH=32'sb011100) in C:/Anlogic/TD5.6.59063/cw\bus_det.v(21)
HDL-1007 : elaborate module emb_ctrl in C:/Anlogic/TD5.6.59063/cw\emb_ctrl.v(21)
HDL-1200 : Current top model is CW_TOP_WRAPPER
HDL-1100 : Inferred 0 RAMs.
RUN-1002 : start command "force_keep -a auto_chipwatcher_0_logicbram"
RUN-1002 : start command "optimize_rtl -no_sch"
RUN-1001 : Open license file C:/Anlogic/TD5.6.59063/license/Anlogic.lic
RUN-1001 : Print Global Property
RUN-1001 : ---------------------------------------------------------------
RUN-1001 :        Parameters        |  Settings  |  Default Values  |  Note  
RUN-1001 : ---------------------------------------------------------------
RUN-1001 :          message         |  standard  |     standard     |        
RUN-1001 :   mixed_pack_place_flow  |     on     |        on        |        
RUN-1001 :        qor_monitor       |    off     |       off        |        
RUN-1001 :        syn_ip_flow       |    off     |       off        |        
RUN-1001 :          thread          |    auto    |       auto       |        
RUN-1001 : ---------------------------------------------------------------
RUN-1001 : Print Rtl Property
RUN-1001 : --------------------------------------------------------------
RUN-1001 :        Parameters       |  Settings  |  Default Values  |  Note  
RUN-1001 : --------------------------------------------------------------
RUN-1001 :       compress_add      |   ripple   |      ripple      |        
RUN-1001 :        elf_sload        |    off     |       off        |        
RUN-1001 :       fix_undriven      |     0      |        0         |        
RUN-1001 :         flatten         |    off     |       off        |        
RUN-1001 :       gate_sharing      |     on     |        on        |        
RUN-1001 :    hdl_warning_level    |   normal   |      normal      |        
RUN-1001 :   impl_internal_tribuf  |     on     |        on        |        
RUN-1001 :      impl_set_reset     |     on     |        on        |        
RUN-1001 :        infer_gsr        |    off     |       off        |        
RUN-1001 :      keep_hierarchy     |    auto    |       auto       |        
RUN-1001 :        max_fanout       |    9999    |       9999       |        
RUN-1001 :      max_oh2bin_len     |     10     |        10        |        
RUN-1001 :       merge_equal       |     on     |        on        |        
RUN-1001 :       merge_equiv       |     on     |        on        |        
RUN-1001 :        merge_mux        |    off     |       off        |        
RUN-1001 :     min_control_set     |     8      |        8         |        
RUN-1001 :      min_ripple_len     |    auto    |       auto       |        
RUN-1001 :       oh2bin_ratio      |    0.08    |       0.08       |        
RUN-1001 :     opt_adder_fanout    |     on     |        on        |        
RUN-1001 :        opt_arith        |     on     |        on        |        
RUN-1001 :       opt_big_gate      |    off     |       off        |        
RUN-1001 :        opt_const        |     on     |        on        |        
RUN-1001 :      opt_const_mult     |     on     |        on        |        
RUN-1001 :       opt_lessthan      |     on     |        on        |        
RUN-1001 :         opt_mux         |    off     |       off        |        
RUN-1001 :         opt_ram         |    high    |       high       |        
RUN-1001 :      rtl_sim_model      |    off     |       off        |        
RUN-1001 :         seq_syn         |     on     |        on        |        
RUN-1001 : --------------------------------------------------------------
SYN-1012 : SanityCheck: Model "test_camera"
SYN-1012 : SanityCheck: Model "CW_TOP_WRAPPER"
SYN-1012 : SanityCheck: Model "cwc_top(BUS_NUM=9,BUS_DIN_NUM=256,BUS_CTRL_NUM=548,BUS_WIDTH='{32'sb011000,32'sb0100000,32'sb011100,32'sb011100,32'sb011100,32'sb011100,32'sb011100,32'sb011100,32'sb0100000},BUS_DIN_POS='{32'sb0,32'sb011000,32'sb0111000,32'sb01010100,32'sb01110000,32'sb010001100,32'sb010101000,32'sb011000100,32'sb011100000},BUS_CTRL_POS='{32'sb0,32'sb0110100,32'sb01111000,32'sb010110100,32'sb011110000,32'sb0100101100,32'sb0101101000,32'sb0110100100,32'sb0111100000})"
SYN-1012 : SanityCheck: Model "cwc_cfg_int(CTRL_REG_LEN=570)"
SYN-1012 : SanityCheck: Model "register(CTRL_REG_LEN=570)"
SYN-1012 : SanityCheck: Model "tap"
SYN-1012 : SanityCheck: Model "trigger(BUS_NUM=9,BUS_DIN_NUM=256,BUS_CTRL_NUM=548,BUS_WIDTH='{32'sb011000,32'sb0100000,32'sb011100,32'sb011100,32'sb011100,32'sb011100,32'sb011100,32'sb011100,32'sb0100000},BUS_DIN_POS='{32'sb0,32'sb011000,32'sb0111000,32'sb01010100,32'sb01110000,32'sb010001100,32'sb010101000,32'sb011000100,32'sb011100000},BUS_CTRL_POS='{32'sb0,32'sb0110100,32'sb01111000,32'sb010110100,32'sb011110000,32'sb0100101100,32'sb0101101000,32'sb0110100100,32'sb0111100000})"
SYN-1012 : SanityCheck: Model "bus_top(BUS_NODE_NUM=9,BUS_DIN_NUM=256,BUS_CTRL_NUM=548,BUS_WIDTH='{32'sb011000,32'sb0100000,32'sb011100,32'sb011100,32'sb011100,32'sb011100,32'sb011100,32'sb011100,32'sb0100000},BUS_DIN_POS='{32'sb0,32'sb011000,32'sb0111000,32'sb01010100,32'sb01110000,32'sb010001100,32'sb010101000,32'sb011000100,32'sb011100000},BUS_CTRL_POS='{32'sb0,32'sb0110100,32'sb01111000,32'sb010110100,32'sb011110000,32'sb0100101100,32'sb0101101000,32'sb0110100100,32'sb0111100000})"
SYN-1012 : SanityCheck: Model "bus_det(BUS_WIDTH=32'sb011000)"
SYN-1012 : SanityCheck: Model "bus_det(BUS_WIDTH=32'sb0100000)"
SYN-1012 : SanityCheck: Model "bus_det(BUS_WIDTH=32'sb011100)"
SYN-1012 : SanityCheck: Model "emb_ctrl"
SYN-1001 : 	kept net: Sdram_Control_4Port/read_fifo1/dcfifo_component/rd_to_wr_cross_inst/primary_addr_gray_reg[9](Sdram_Control_4Port/read_fifo1/dcfifo_component/rd_to_wr_cross_inst/primary_addr_gray_reg[9]_syn_5)
SYN-1001 : 	kept net: Sdram_Control_4Port/read_fifo1/dcfifo_component/rd_to_wr_cross_inst/primary_addr_gray_reg[8](Sdram_Control_4Port/read_fifo1/dcfifo_component/rd_to_wr_cross_inst/primary_addr_gray_reg[8]_syn_5)
SYN-1001 : 	kept net: Sdram_Control_4Port/read_fifo1/dcfifo_component/rd_to_wr_cross_inst/primary_addr_gray_reg[7](Sdram_Control_4Port/read_fifo1/dcfifo_component/rd_to_wr_cross_inst/primary_addr_gray_reg[7]_syn_5)
SYN-1001 : 	kept net: Sdram_Control_4Port/read_fifo1/dcfifo_component/rd_to_wr_cross_inst/primary_addr_gray_reg[6](Sdram_Control_4Port/read_fifo1/dcfifo_component/rd_to_wr_cross_inst/primary_addr_gray_reg[6]_syn_5)
SYN-1001 : 	kept net: Sdram_Control_4Port/read_fifo1/dcfifo_component/rd_to_wr_cross_inst/primary_addr_gray_reg[5](Sdram_Control_4Port/read_fifo1/dcfifo_component/rd_to_wr_cross_inst/primary_addr_gray_reg[5]_syn_5)
SYN-1001 : 	kept net: Sdram_Control_4Port/read_fifo1/dcfifo_component/rd_to_wr_cross_inst/primary_addr_gray_reg[4](Sdram_Control_4Port/read_fifo1/dcfifo_component/rd_to_wr_cross_inst/primary_addr_gray_reg[4]_syn_5)
SYN-1001 : 	kept net: Sdram_Control_4Port/read_fifo1/dcfifo_component/rd_to_wr_cross_inst/primary_addr_gray_reg[3](Sdram_Control_4Port/read_fifo1/dcfifo_component/rd_to_wr_cross_inst/primary_addr_gray_reg[3]_syn_5)
SYN-1001 : 	kept net: Sdram_Control_4Port/read_fifo1/dcfifo_component/rd_to_wr_cross_inst/primary_addr_gray_reg[2](Sdram_Control_4Port/read_fifo1/dcfifo_component/rd_to_wr_cross_inst/primary_addr_gray_reg[2]_syn_5)
SYN-1001 : 	kept net: Sdram_Control_4Port/read_fifo1/dcfifo_component/rd_to_wr_cross_inst/primary_addr_gray_reg[1](Sdram_Control_4Port/read_fifo1/dcfifo_component/rd_to_wr_cross_inst/primary_addr_gray_reg[1]_syn_5)
SYN-1001 : 	kept net: Sdram_Control_4Port/read_fifo1/dcfifo_component/rd_to_wr_cross_inst/primary_addr_gray_reg[0](Sdram_Control_4Port/read_fifo1/dcfifo_component/rd_to_wr_cross_inst/primary_addr_gray_reg[0]_syn_5)
SYN-1001 : 	kept net: Sdram_Control_4Port/read_fifo1/dcfifo_component/rd_to_wr_cross_inst/sync_r1[9](Sdram_Control_4Port/read_fifo1/dcfifo_component/rd_to_wr_cross_inst/sync_r1[9]_syn_3)
SYN-1001 : 	kept net: Sdram_Control_4Port/read_fifo1/dcfifo_component/rd_to_wr_cross_inst/sync_r1[8](Sdram_Control_4Port/read_fifo1/dcfifo_component/rd_to_wr_cross_inst/sync_r1[8]_syn_3)
SYN-1001 : 	kept net: Sdram_Control_4Port/read_fifo1/dcfifo_component/rd_to_wr_cross_inst/sync_r1[7](Sdram_Control_4Port/read_fifo1/dcfifo_component/rd_to_wr_cross_inst/sync_r1[7]_syn_3)
SYN-1001 : 	kept net: Sdram_Control_4Port/read_fifo1/dcfifo_component/rd_to_wr_cross_inst/sync_r1[6](Sdram_Control_4Port/read_fifo1/dcfifo_component/rd_to_wr_cross_inst/sync_r1[6]_syn_3)
SYN-1001 : 	kept net: Sdram_Control_4Port/read_fifo1/dcfifo_component/rd_to_wr_cross_inst/sync_r1[5](Sdram_Control_4Port/read_fifo1/dcfifo_component/rd_to_wr_cross_inst/sync_r1[5]_syn_3)
SYN-1001 : 	kept net: Sdram_Control_4Port/read_fifo1/dcfifo_component/rd_to_wr_cross_inst/sync_r1[4](Sdram_Control_4Port/read_fifo1/dcfifo_component/rd_to_wr_cross_inst/sync_r1[4]_syn_3)
SYN-1001 : 	kept net: Sdram_Control_4Port/read_fifo1/dcfifo_component/rd_to_wr_cross_inst/sync_r1[3](Sdram_Control_4Port/read_fifo1/dcfifo_component/rd_to_wr_cross_inst/sync_r1[3]_syn_3)
SYN-1001 : 	kept net: Sdram_Control_4Port/read_fifo1/dcfifo_component/rd_to_wr_cross_inst/sync_r1[2](Sdram_Control_4Port/read_fifo1/dcfifo_component/rd_to_wr_cross_inst/sync_r1[2]_syn_3)
SYN-1001 : 	kept net: Sdram_Control_4Port/read_fifo1/dcfifo_component/rd_to_wr_cross_inst/sync_r1[1](Sdram_Control_4Port/read_fifo1/dcfifo_component/rd_to_wr_cross_inst/sync_r1[1]_syn_3)
SYN-1001 : 	kept net: Sdram_Control_4Port/read_fifo1/dcfifo_component/rd_to_wr_cross_inst/sync_r1[0](Sdram_Control_4Port/read_fifo1/dcfifo_component/rd_to_wr_cross_inst/sync_r1[0]_syn_3)
SYN-1001 : 	kept net: Sdram_Control_4Port/read_fifo1/dcfifo_component/wr_to_rd_cross_inst/primary_addr_gray_reg[9](Sdram_Control_4Port/read_fifo1/dcfifo_component/wr_to_rd_cross_inst/primary_addr_gray_reg[9]_syn_5)
SYN-1001 : 	kept net: Sdram_Control_4Port/read_fifo1/dcfifo_component/wr_to_rd_cross_inst/primary_addr_gray_reg[8](Sdram_Control_4Port/read_fifo1/dcfifo_component/wr_to_rd_cross_inst/primary_addr_gray_reg[8]_syn_5)
SYN-1001 : 	kept net: Sdram_Control_4Port/read_fifo1/dcfifo_component/wr_to_rd_cross_inst/primary_addr_gray_reg[7](Sdram_Control_4Port/read_fifo1/dcfifo_component/wr_to_rd_cross_inst/primary_addr_gray_reg[7]_syn_5)
SYN-1001 : 	kept net: Sdram_Control_4Port/read_fifo1/dcfifo_component/wr_to_rd_cross_inst/primary_addr_gray_reg[6](Sdram_Control_4Port/read_fifo1/dcfifo_component/wr_to_rd_cross_inst/primary_addr_gray_reg[6]_syn_5)
SYN-1001 : 	kept net: Sdram_Control_4Port/read_fifo1/dcfifo_component/wr_to_rd_cross_inst/primary_addr_gray_reg[5](Sdram_Control_4Port/read_fifo1/dcfifo_component/wr_to_rd_cross_inst/primary_addr_gray_reg[5]_syn_5)
SYN-1001 : 	kept net: Sdram_Control_4Port/read_fifo1/dcfifo_component/wr_to_rd_cross_inst/primary_addr_gray_reg[4](Sdram_Control_4Port/read_fifo1/dcfifo_component/wr_to_rd_cross_inst/primary_addr_gray_reg[4]_syn_5)
SYN-1001 : 	kept net: Sdram_Control_4Port/read_fifo1/dcfifo_component/wr_to_rd_cross_inst/primary_addr_gray_reg[3](Sdram_Control_4Port/read_fifo1/dcfifo_component/wr_to_rd_cross_inst/primary_addr_gray_reg[3]_syn_5)
SYN-1001 : 	kept net: Sdram_Control_4Port/read_fifo1/dcfifo_component/wr_to_rd_cross_inst/primary_addr_gray_reg[2](Sdram_Control_4Port/read_fifo1/dcfifo_component/wr_to_rd_cross_inst/primary_addr_gray_reg[2]_syn_5)
SYN-1001 : 	kept net: Sdram_Control_4Port/read_fifo1/dcfifo_component/wr_to_rd_cross_inst/primary_addr_gray_reg[1](Sdram_Control_4Port/read_fifo1/dcfifo_component/wr_to_rd_cross_inst/primary_addr_gray_reg[1]_syn_5)
SYN-1001 : 	kept net: Sdram_Control_4Port/read_fifo1/dcfifo_component/wr_to_rd_cross_inst/primary_addr_gray_reg[0](Sdram_Control_4Port/read_fifo1/dcfifo_component/wr_to_rd_cross_inst/primary_addr_gray_reg[0]_syn_5)
SYN-1001 : 	kept net: Sdram_Control_4Port/read_fifo1/dcfifo_component/wr_to_rd_cross_inst/sync_r1[9](Sdram_Control_4Port/read_fifo1/dcfifo_component/wr_to_rd_cross_inst/sync_r1[9]_syn_3)
SYN-1001 : 	kept net: Sdram_Control_4Port/read_fifo1/dcfifo_component/wr_to_rd_cross_inst/sync_r1[8](Sdram_Control_4Port/read_fifo1/dcfifo_component/wr_to_rd_cross_inst/sync_r1[8]_syn_3)
SYN-1001 : 	kept net: Sdram_Control_4Port/read_fifo1/dcfifo_component/wr_to_rd_cross_inst/sync_r1[7](Sdram_Control_4Port/read_fifo1/dcfifo_component/wr_to_rd_cross_inst/sync_r1[7]_syn_3)
SYN-1001 : 	kept net: Sdram_Control_4Port/read_fifo1/dcfifo_component/wr_to_rd_cross_inst/sync_r1[6](Sdram_Control_4Port/read_fifo1/dcfifo_component/wr_to_rd_cross_inst/sync_r1[6]_syn_3)
SYN-1001 : 	kept net: Sdram_Control_4Port/read_fifo1/dcfifo_component/wr_to_rd_cross_inst/sync_r1[5](Sdram_Control_4Port/read_fifo1/dcfifo_component/wr_to_rd_cross_inst/sync_r1[5]_syn_3)
SYN-1001 : 	kept net: Sdram_Control_4Port/read_fifo1/dcfifo_component/wr_to_rd_cross_inst/sync_r1[4](Sdram_Control_4Port/read_fifo1/dcfifo_component/wr_to_rd_cross_inst/sync_r1[4]_syn_3)
SYN-1001 : 	kept net: Sdram_Control_4Port/read_fifo1/dcfifo_component/wr_to_rd_cross_inst/sync_r1[3](Sdram_Control_4Port/read_fifo1/dcfifo_component/wr_to_rd_cross_inst/sync_r1[3]_syn_3)
SYN-1001 : 	kept net: Sdram_Control_4Port/read_fifo1/dcfifo_component/wr_to_rd_cross_inst/sync_r1[2](Sdram_Control_4Port/read_fifo1/dcfifo_component/wr_to_rd_cross_inst/sync_r1[2]_syn_3)
SYN-1001 : 	kept net: Sdram_Control_4Port/read_fifo1/dcfifo_component/wr_to_rd_cross_inst/sync_r1[1](Sdram_Control_4Port/read_fifo1/dcfifo_component/wr_to_rd_cross_inst/sync_r1[1]_syn_3)
SYN-1001 : 	kept net: Sdram_Control_4Port/read_fifo1/dcfifo_component/wr_to_rd_cross_inst/sync_r1[0](Sdram_Control_4Port/read_fifo1/dcfifo_component/wr_to_rd_cross_inst/sync_r1[0]_syn_3)
SYN-1001 : 	kept net: Sdram_Control_4Port/write_fifo1/dcfifo_component/rd_to_wr_cross_inst/primary_addr_gray_reg[9](Sdram_Control_4Port/write_fifo1/dcfifo_component/rd_to_wr_cross_inst/primary_addr_gray_reg[9]_syn_5)
SYN-1001 : 	kept net: Sdram_Control_4Port/write_fifo1/dcfifo_component/rd_to_wr_cross_inst/primary_addr_gray_reg[8](Sdram_Control_4Port/write_fifo1/dcfifo_component/rd_to_wr_cross_inst/primary_addr_gray_reg[8]_syn_5)
SYN-1001 : 	kept net: Sdram_Control_4Port/write_fifo1/dcfifo_component/rd_to_wr_cross_inst/primary_addr_gray_reg[7](Sdram_Control_4Port/write_fifo1/dcfifo_component/rd_to_wr_cross_inst/primary_addr_gray_reg[7]_syn_5)
SYN-1001 : 	kept net: Sdram_Control_4Port/write_fifo1/dcfifo_component/rd_to_wr_cross_inst/primary_addr_gray_reg[6](Sdram_Control_4Port/write_fifo1/dcfifo_component/rd_to_wr_cross_inst/primary_addr_gray_reg[6]_syn_5)
SYN-1001 : 	kept net: Sdram_Control_4Port/write_fifo1/dcfifo_component/rd_to_wr_cross_inst/primary_addr_gray_reg[5](Sdram_Control_4Port/write_fifo1/dcfifo_component/rd_to_wr_cross_inst/primary_addr_gray_reg[5]_syn_5)
SYN-1001 : 	kept net: Sdram_Control_4Port/write_fifo1/dcfifo_component/rd_to_wr_cross_inst/primary_addr_gray_reg[4](Sdram_Control_4Port/write_fifo1/dcfifo_component/rd_to_wr_cross_inst/primary_addr_gray_reg[4]_syn_5)
SYN-1001 : 	kept net: Sdram_Control_4Port/write_fifo1/dcfifo_component/rd_to_wr_cross_inst/primary_addr_gray_reg[3](Sdram_Control_4Port/write_fifo1/dcfifo_component/rd_to_wr_cross_inst/primary_addr_gray_reg[3]_syn_5)
SYN-1001 : 	kept net: Sdram_Control_4Port/write_fifo1/dcfifo_component/rd_to_wr_cross_inst/primary_addr_gray_reg[2](Sdram_Control_4Port/write_fifo1/dcfifo_component/rd_to_wr_cross_inst/primary_addr_gray_reg[2]_syn_5)
SYN-1001 : 	kept net: Sdram_Control_4Port/write_fifo1/dcfifo_component/rd_to_wr_cross_inst/primary_addr_gray_reg[1](Sdram_Control_4Port/write_fifo1/dcfifo_component/rd_to_wr_cross_inst/primary_addr_gray_reg[1]_syn_5)
SYN-1001 : 	kept net: Sdram_Control_4Port/write_fifo1/dcfifo_component/rd_to_wr_cross_inst/primary_addr_gray_reg[0](Sdram_Control_4Port/write_fifo1/dcfifo_component/rd_to_wr_cross_inst/primary_addr_gray_reg[0]_syn_5)
SYN-1001 : 	kept net: Sdram_Control_4Port/write_fifo1/dcfifo_component/rd_to_wr_cross_inst/sync_r1[9](Sdram_Control_4Port/write_fifo1/dcfifo_component/rd_to_wr_cross_inst/sync_r1[9]_syn_3)
SYN-1001 : 	kept net: Sdram_Control_4Port/write_fifo1/dcfifo_component/rd_to_wr_cross_inst/sync_r1[8](Sdram_Control_4Port/write_fifo1/dcfifo_component/rd_to_wr_cross_inst/sync_r1[8]_syn_3)
SYN-1001 : 	kept net: Sdram_Control_4Port/write_fifo1/dcfifo_component/rd_to_wr_cross_inst/sync_r1[7](Sdram_Control_4Port/write_fifo1/dcfifo_component/rd_to_wr_cross_inst/sync_r1[7]_syn_3)
SYN-1001 : 	kept net: Sdram_Control_4Port/write_fifo1/dcfifo_component/rd_to_wr_cross_inst/sync_r1[6](Sdram_Control_4Port/write_fifo1/dcfifo_component/rd_to_wr_cross_inst/sync_r1[6]_syn_3)
SYN-1001 : 	kept net: Sdram_Control_4Port/write_fifo1/dcfifo_component/rd_to_wr_cross_inst/sync_r1[5](Sdram_Control_4Port/write_fifo1/dcfifo_component/rd_to_wr_cross_inst/sync_r1[5]_syn_3)
SYN-1001 : 	kept net: Sdram_Control_4Port/write_fifo1/dcfifo_component/rd_to_wr_cross_inst/sync_r1[4](Sdram_Control_4Port/write_fifo1/dcfifo_component/rd_to_wr_cross_inst/sync_r1[4]_syn_3)
SYN-1001 : 	kept net: Sdram_Control_4Port/write_fifo1/dcfifo_component/rd_to_wr_cross_inst/sync_r1[3](Sdram_Control_4Port/write_fifo1/dcfifo_component/rd_to_wr_cross_inst/sync_r1[3]_syn_3)
SYN-1001 : 	kept net: Sdram_Control_4Port/write_fifo1/dcfifo_component/rd_to_wr_cross_inst/sync_r1[2](Sdram_Control_4Port/write_fifo1/dcfifo_component/rd_to_wr_cross_inst/sync_r1[2]_syn_3)
SYN-1001 : 	kept net: Sdram_Control_4Port/write_fifo1/dcfifo_component/rd_to_wr_cross_inst/sync_r1[1](Sdram_Control_4Port/write_fifo1/dcfifo_component/rd_to_wr_cross_inst/sync_r1[1]_syn_3)
SYN-1001 : 	kept net: Sdram_Control_4Port/write_fifo1/dcfifo_component/rd_to_wr_cross_inst/sync_r1[0](Sdram_Control_4Port/write_fifo1/dcfifo_component/rd_to_wr_cross_inst/sync_r1[0]_syn_3)
SYN-1001 : 	kept net: Sdram_Control_4Port/write_fifo1/dcfifo_component/wr_to_rd_cross_inst/primary_addr_gray_reg[9](Sdram_Control_4Port/write_fifo1/dcfifo_component/wr_to_rd_cross_inst/primary_addr_gray_reg[9]_syn_5)
SYN-1001 : 	kept net: Sdram_Control_4Port/write_fifo1/dcfifo_component/wr_to_rd_cross_inst/primary_addr_gray_reg[8](Sdram_Control_4Port/write_fifo1/dcfifo_component/wr_to_rd_cross_inst/primary_addr_gray_reg[8]_syn_5)
SYN-1001 : 	kept net: Sdram_Control_4Port/write_fifo1/dcfifo_component/wr_to_rd_cross_inst/primary_addr_gray_reg[7](Sdram_Control_4Port/write_fifo1/dcfifo_component/wr_to_rd_cross_inst/primary_addr_gray_reg[7]_syn_5)
SYN-1001 : 	kept net: Sdram_Control_4Port/write_fifo1/dcfifo_component/wr_to_rd_cross_inst/primary_addr_gray_reg[6](Sdram_Control_4Port/write_fifo1/dcfifo_component/wr_to_rd_cross_inst/primary_addr_gray_reg[6]_syn_5)
SYN-1001 : 	kept net: Sdram_Control_4Port/write_fifo1/dcfifo_component/wr_to_rd_cross_inst/primary_addr_gray_reg[5](Sdram_Control_4Port/write_fifo1/dcfifo_component/wr_to_rd_cross_inst/primary_addr_gray_reg[5]_syn_5)
SYN-1001 : 	kept net: Sdram_Control_4Port/write_fifo1/dcfifo_component/wr_to_rd_cross_inst/primary_addr_gray_reg[4](Sdram_Control_4Port/write_fifo1/dcfifo_component/wr_to_rd_cross_inst/primary_addr_gray_reg[4]_syn_5)
SYN-1001 : 	kept net: Sdram_Control_4Port/write_fifo1/dcfifo_component/wr_to_rd_cross_inst/primary_addr_gray_reg[3](Sdram_Control_4Port/write_fifo1/dcfifo_component/wr_to_rd_cross_inst/primary_addr_gray_reg[3]_syn_5)
SYN-1001 : 	kept net: Sdram_Control_4Port/write_fifo1/dcfifo_component/wr_to_rd_cross_inst/primary_addr_gray_reg[2](Sdram_Control_4Port/write_fifo1/dcfifo_component/wr_to_rd_cross_inst/primary_addr_gray_reg[2]_syn_5)
SYN-1001 : 	kept net: Sdram_Control_4Port/write_fifo1/dcfifo_component/wr_to_rd_cross_inst/primary_addr_gray_reg[1](Sdram_Control_4Port/write_fifo1/dcfifo_component/wr_to_rd_cross_inst/primary_addr_gray_reg[1]_syn_5)
SYN-1001 : 	kept net: Sdram_Control_4Port/write_fifo1/dcfifo_component/wr_to_rd_cross_inst/primary_addr_gray_reg[0](Sdram_Control_4Port/write_fifo1/dcfifo_component/wr_to_rd_cross_inst/primary_addr_gray_reg[0]_syn_5)
SYN-1001 : 	kept net: Sdram_Control_4Port/write_fifo1/dcfifo_component/wr_to_rd_cross_inst/sync_r1[9](Sdram_Control_4Port/write_fifo1/dcfifo_component/wr_to_rd_cross_inst/sync_r1[9]_syn_3)
SYN-1001 : 	kept net: Sdram_Control_4Port/write_fifo1/dcfifo_component/wr_to_rd_cross_inst/sync_r1[8](Sdram_Control_4Port/write_fifo1/dcfifo_component/wr_to_rd_cross_inst/sync_r1[8]_syn_3)
SYN-1001 : 	kept net: Sdram_Control_4Port/write_fifo1/dcfifo_component/wr_to_rd_cross_inst/sync_r1[7](Sdram_Control_4Port/write_fifo1/dcfifo_component/wr_to_rd_cross_inst/sync_r1[7]_syn_3)
SYN-1001 : 	kept net: Sdram_Control_4Port/write_fifo1/dcfifo_component/wr_to_rd_cross_inst/sync_r1[6](Sdram_Control_4Port/write_fifo1/dcfifo_component/wr_to_rd_cross_inst/sync_r1[6]_syn_3)
SYN-1001 : 	kept net: Sdram_Control_4Port/write_fifo1/dcfifo_component/wr_to_rd_cross_inst/sync_r1[5](Sdram_Control_4Port/write_fifo1/dcfifo_component/wr_to_rd_cross_inst/sync_r1[5]_syn_3)
SYN-1001 : 	kept net: Sdram_Control_4Port/write_fifo1/dcfifo_component/wr_to_rd_cross_inst/sync_r1[4](Sdram_Control_4Port/write_fifo1/dcfifo_component/wr_to_rd_cross_inst/sync_r1[4]_syn_3)
SYN-1001 : 	kept net: Sdram_Control_4Port/write_fifo1/dcfifo_component/wr_to_rd_cross_inst/sync_r1[3](Sdram_Control_4Port/write_fifo1/dcfifo_component/wr_to_rd_cross_inst/sync_r1[3]_syn_3)
SYN-1001 : 	kept net: Sdram_Control_4Port/write_fifo1/dcfifo_component/wr_to_rd_cross_inst/sync_r1[2](Sdram_Control_4Port/write_fifo1/dcfifo_component/wr_to_rd_cross_inst/sync_r1[2]_syn_3)
SYN-1001 : 	kept net: Sdram_Control_4Port/write_fifo1/dcfifo_component/wr_to_rd_cross_inst/sync_r1[1](Sdram_Control_4Port/write_fifo1/dcfifo_component/wr_to_rd_cross_inst/sync_r1[1]_syn_3)
SYN-1001 : 	kept net: Sdram_Control_4Port/write_fifo1/dcfifo_component/wr_to_rd_cross_inst/sync_r1[0](Sdram_Control_4Port/write_fifo1/dcfifo_component/wr_to_rd_cross_inst/sync_r1[0]_syn_3)
SYN-1011 : Flatten model test_camera
SYN-1032 : 66824/47 useful/useless nets, 37083/0 useful/useless insts
SYN-1016 : Merged 66 instances.
SYN-1032 : 65567/16 useful/useless nets, 38574/12 useful/useless insts
SYN-1014 : Optimize round 1
SYN-1021 : Optimized 9 onehot mux instances.
SYN-1020 : Optimized 1 distributor mux.
SYN-1019 : Optimized 9 mux instances.
SYN-1015 : Optimize round 1, 1516 better
SYN-1014 : Optimize round 2
SYN-1032 : 64255/135 useful/useless nets, 37262/144 useful/useless insts
SYN-1015 : Optimize round 2, 288 better
SYN-1014 : Optimize round 1
SYN-1015 : Optimize round 1, 0 better
RUN-1003 : finish command "optimize_rtl -no_sch" in  13.768020s wall, 13.468750s user + 0.265625s system = 13.734375s CPU (99.8%)

RUN-1004 : used memory is 798 MB, reserved memory is 791 MB, peak memory is 800 MB
RUN-1002 : start command "optimize_gate -no_sch"
RUN-1001 : Open license file C:/Anlogic/TD5.6.59063/license/Anlogic.lic
RUN-1001 : Print Global Property
RUN-1001 : ---------------------------------------------------------------
RUN-1001 :        Parameters        |  Settings  |  Default Values  |  Note  
RUN-1001 : ---------------------------------------------------------------
RUN-1001 :          message         |  standard  |     standard     |        
RUN-1001 :   mixed_pack_place_flow  |     on     |        on        |        
RUN-1001 :        qor_monitor       |    off     |       off        |        
RUN-1001 :        syn_ip_flow       |    off     |       off        |        
RUN-1001 :          thread          |    auto    |       auto       |        
RUN-1001 : ---------------------------------------------------------------
RUN-1001 : Print Gate Property
RUN-1001 : ------------------------------------------------------------------
RUN-1001 :          Parameters         |  Settings  |  Default Values  |  Note  
RUN-1001 : ------------------------------------------------------------------
RUN-1001 :         cascade_dsp         |    off     |       off        |        
RUN-1001 :         cascade_eram        |    off     |       off        |        
RUN-1001 :        gate_sim_model       |    off     |       off        |        
RUN-1001 :        map_sim_model        |    off     |       off        |        
RUN-1001 :         map_strategy        |     1      |        1         |        
RUN-1001 :           opt_area          |   medium   |      medium      |        
RUN-1001 :          opt_timing         |    auto    |       auto       |        
RUN-1001 :         pack_effort         |   medium   |      medium      |        
RUN-1001 :      pack_lslice_ripple     |     on     |        on        |        
RUN-1001 :   pack_lslice_ripple_ratio  |    0.5     |       0.5        |        
RUN-1001 :        pack_seq_in_io       |    auto    |       auto       |        
RUN-1001 :        ph1_mux_ratio        |    1.0     |       1.0        |        
RUN-1001 :            report           |  standard  |     standard     |        
RUN-1001 :           retiming          |    off     |       off        |        
RUN-1001 : ------------------------------------------------------------------
SYN-2001 : Map 89 IOs to PADs
RUN-1002 : start command "update_pll_param -module test_camera"
SYN-2501 : Processed 0 LOGIC_BUF instances.
SYN-2512 : LOGIC BRAM "auto_chipwatcher_0_logicbram"
SYN-2571 : Optimize after map_dsp, round 1
SYN-2571 : Optimize after map_dsp, round 1, 0 better
SYN-1001 : Throwback 3 control mux instances
SYN-2501 : Optimize round 1
SYN-1016 : Merged 256 instances.
SYN-2501 : Optimize round 1, 514 better
SYN-2501 : Optimize round 2
SYN-2501 : Optimize round 2, 0 better
SYN-2501 : Map 28 macro adder
SYN-1019 : Optimized 37 mux instances.
SYN-1016 : Merged 17 instances.
SYN-1032 : 65873/39 useful/useless nets, 38908/1 useful/useless insts
RUN-1002 : start command "start_timer -prepack"
TMR-2505 : Start building timing graph for model test_camera.
TMR-2506 : Build timing graph completely. Port num: 21, tpin num: 201794, tnet num: 65873, tinst num: 38907, tnode num: 224727, tedge num: 416845.
TMR-2508 : Levelizing timing graph completed, there are 135 levels in total.
TMR-2501 : Timing graph initialized successfully.
RUN-1003 : finish command "start_timer -prepack" in  5.008237s wall, 4.765625s user + 0.171875s system = 4.937500s CPU (98.6%)

RUN-1004 : used memory is 1128 MB, reserved memory is 1133 MB, peak memory is 1128 MB
TMR-2503 : Start to update net delay, extr mode = 2.
TMR-2504 : Update delay of 65873 nets completely.
TMR-2502 : Annotate delay completely, extr mode = 2.
TMR-3001 : Initiate 0 clocks from SDC.
TMR-3004 : Map sdc constraints, there are 2 constraints in total.
TMR-3003 : Constraints initiated successfully.
TMR-3501 : Forward propagation: start to calculate arrival time...
TMR-3502 : Backward propagation: start to calculate required time...
TMR-3503 : Timing propagation completes.
SYN-3001 : Running gate level optimization.
SYN-2581 : Mapping with K=5, #lut = 887 (2.91), #lev = 8 (1.26)
SYN-2551 : Post LUT mapping optimization.
SYN-2581 : Mapping with K=5, #lut = 887 (2.91), #lev = 8 (1.26)
SYN-3001 : Logic optimization runtime opt =   0.11 sec, map =   0.00 sec
SYN-3001 : Mapper mapped 1666 instances into 887 LUTs, name keeping = 71%.
SYN-1001 : Packing model "test_camera" ...
SYN-4010 : Pack lib has 58 rtl pack models with 25 top pack blocks
SYN-1014 : Optimize round 1
SYN-1015 : Optimize round 1, 0 better
SYN-4002 : Packing 1497 DFF/LATCH to SEQ ...
SYN-4009 : Pack 8 carry chain into lslice
SYN-4007 : Packing 584 adder to BLE ...
SYN-4008 : Packed 584 adder and 0 SEQ to BLE.
SYN-4007 : Packing 0 gate4 to BLE ...
SYN-4008 : Packed 0 gate4 and 0 SEQ to BLE.
SYN-4012 : Packed 0 FxMUX
RUN-1003 : finish command "optimize_gate -no_sch" in  15.731957s wall, 15.296875s user + 0.250000s system = 15.546875s CPU (98.8%)

RUN-1004 : used memory is 838 MB, reserved memory is 868 MB, peak memory is 1166 MB
RUN-1002 : start command "legalize_phy_inst"
SYN-1011 : Flatten model test_camera
KIT-1004 : Compile Chipwatcher: Clear obsolete physical data.
RUN-1003 : finish command "compile_watcher" in  30.187139s wall, 29.406250s user + 0.546875s system = 29.953125s CPU (99.2%)

RUN-1004 : used memory is 839 MB, reserved memory is 868 MB, peak memory is 1166 MB
RUN-1002 : start command "place"
RUN-1001 : Open license file C:/Anlogic/TD5.6.59063/license/Anlogic.lic
RUN-1001 : Print Global Property
RUN-1001 : ---------------------------------------------------------------
RUN-1001 :        Parameters        |  Settings  |  Default Values  |  Note  
RUN-1001 : ---------------------------------------------------------------
RUN-1001 :          message         |  standard  |     standard     |        
RUN-1001 :   mixed_pack_place_flow  |     on     |        on        |        
RUN-1001 :        qor_monitor       |    off     |       off        |        
RUN-1001 :        syn_ip_flow       |    off     |       off        |        
RUN-1001 :          thread          |    auto    |       auto       |        
RUN-1001 : ---------------------------------------------------------------
RUN-1001 : Print Place Property
RUN-1001 : --------------------------------------------------------------
RUN-1001 :        Parameters       |  Settings  |  Default Values  |  Note  
RUN-1001 : --------------------------------------------------------------
RUN-1001 :      detailed_place     |     on     |        on        |        
RUN-1001 :          effort         |   medium   |      medium      |        
RUN-1001 :         fix_hold        |    off     |       off        |        
RUN-1001 :       legalization      |    ori     |       ori        |        
RUN-1001 :      new_spreading      |     on     |        on        |        
RUN-1001 :        opt_timing       |   medium   |      medium      |        
RUN-1001 :   post_clock_route_opt  |    off     |       off        |        
RUN-1001 :       pr_strategy       |     1      |        1         |        
RUN-1001 :        relaxation       |    1.00    |       1.00       |        
RUN-1001 :         retiming        |    off     |       off        |        
RUN-1001 : --------------------------------------------------------------
PHY-3001 : Placer runs in 16 thread(s).
RUN-1002 : start command "legalize_phy_inst"
SYN-1011 : Flatten model test_camera
SYN-5055 WARNING: The kept net figuredata[19] will be merged to another kept net figuredata[18]
SYN-5055 WARNING: The kept net figuredata[18] will be merged to another kept net figuredata[17]
SYN-5055 WARNING: The kept net figuredata[17] will be merged to another kept net figuredata[16]
SYN-5055 WARNING: The kept net figuredata[16] will be merged to another kept net figuredata[15]
SYN-5055 WARNING: The kept net figuredata[15] will be merged to another kept net figuredata[14]
SYN-5055 WARNING: The kept net figuredata[14] will be merged to another kept net figuredata[13]
SYN-5055 WARNING: The kept net figuredata[13] will be merged to another kept net figuredata[12]
SYN-5055 WARNING: The kept net figuredata[12] will be merged to another kept net figuredata[11]
SYN-5055 WARNING: The kept net figuredata[11] will be merged to another kept net figuredata[10]
SYN-5055 WARNING: The kept net figuredata[10] will be merged to another kept net figuredata[9]
SYN-5055 Similar messages will be suppressed.
RUN-1002 : start command "phys_opt -simplify_lut"
SYN-4016 : Net Sdram_Control_4Port/CTRL_CLK driven by BUFG (644 clock/control pins, 1 other pins).
SYN-4016 : Net config_inst_syn_10 driven by BUFG (1161 clock/control pins, 0 other pins).
SYN-4027 : Net Sdram_Control_4Port/SDRAM_CLK is clkc1 of pll u_pll/pll_inst.
SYN-4027 : Net vga_clk_dup_1 is clkc2 of pll u_pll/pll_inst.
SYN-4027 : Net u_seg_4/clk_24m is clkc3 of pll u_pll/pll_inst.
SYN-4027 : Net u_camera_init/u_i2c_write/clk is clkc4 of pll u_pll/pll_inst.
SYN-4019 : Net clk_24m_dup_1 is refclk of pll u_pll/pll_inst.
SYN-4020 : Net clk_24m_dup_1 is fbclk of pll u_pll/pll_inst.
SYN-4024 : Net "u_image_process/u_Median_Gray_3/u_three_martix/csi_pclk" drives clk pins.
SYN-4024 : Net "u_camera_init/divider2[8]" drives clk pins.
SYN-4024 : Net "u_camera_init/divider2[7]" drives clk pins.
SYN-4024 : Net "u_image_select/mode[3]_syn_26" drives clk pins.
SYN-4024 : Net "u_image_process/wrreq" drives clk pins.
SYN-4025 : Tag rtl::Net Sdram_Control_4Port/CTRL_CLK as clock net
SYN-4025 : Tag rtl::Net Sdram_Control_4Port/SDRAM_CLK as clock net
SYN-4025 : Tag rtl::Net clk_24m_dup_1 as clock net
SYN-4025 : Tag rtl::Net config_inst_syn_10 as clock net
SYN-4025 : Tag rtl::Net u_camera_init/divider2[7] as clock net
SYN-4025 : Tag rtl::Net u_camera_init/divider2[8] as clock net
SYN-4025 : Tag rtl::Net u_camera_init/u_i2c_write/clk as clock net
SYN-4025 : Tag rtl::Net u_image_process/u_Median_Gray_3/u_three_martix/csi_pclk as clock net
SYN-4025 : Tag rtl::Net u_image_process/wrreq as clock net
SYN-4025 : Tag rtl::Net u_image_select/mode[3]_syn_26 as clock net
SYN-4025 : Tag rtl::Net u_seg_4/clk_24m as clock net
SYN-4025 : Tag rtl::Net vga_clk_dup_1 as clock net
SYN-4026 : Tagged 12 rtl::Net as clock net
SYN-4015 : Create BUFG instance for clk Net u_camera_init/divider2[8] to drive 28 clock pins.
SYN-4015 : Create BUFG instance for clk Net u_camera_init/divider2[7] to drive 18 clock pins.
SYN-4015 : Create BUFG instance for clk Net u_image_select/mode[3]_syn_26 to drive 17 clock pins.
SYN-4015 : Create BUFG instance for clk Net u_image_process/wrreq to drive 16 clock pins.
PHY-1001 : Populate physical database on model test_camera.
RUN-1001 : There are total 35571 instances
RUN-0007 : 16381 luts, 5991 seqs, 8657 mslices, 4316 lslices, 144 pads, 43 brams, 29 dsps
RUN-1001 : There are total 62783 nets
RUN-6004 WARNING: There are 133 nets with only 1 pin.
RUN-1001 : 48631 nets have 2 pins
RUN-1001 : 11289 nets have [3 - 5] pins
RUN-1001 : 1588 nets have [6 - 10] pins
RUN-1001 : 475 nets have [11 - 20] pins
RUN-1001 : 635 nets have [21 - 99] pins
RUN-1001 : 32 nets have 100+ pins
RUN-1001 : Report Control nets information:
RUN-1001 : DFF Distribution
RUN-1001 : ----------------------------------
RUN-1001 :   CE   |  SSR  |  ASR  |  DFF Count  
RUN-1001 : ----------------------------------
RUN-1001 :   No   |  No   |  No   |     770     
RUN-1001 :   No   |  No   |  Yes  |    2900     
RUN-1001 :   No   |  Yes  |  No   |     465     
RUN-1001 :   Yes  |  No   |  No   |     24      
RUN-1001 :   Yes  |  No   |  Yes  |    1808     
RUN-1001 :   Yes  |  Yes  |  No   |     24      
RUN-1001 : ----------------------------------
RUN-0007 : Control Group Statistic
RUN-0007 : ---------------------------
RUN-0007 :   #CLK  |  #CE  |  #SSR/ASR  
RUN-0007 : ---------------------------
RUN-0007 :    64   |  33   |    110     
RUN-0007 : ---------------------------
RUN-0007 : Control Set = 205
PHY-9009 ERROR: Design's mslice number = 8657, exceeds the limit 4900.
RUN-1003 : finish command "place" in  1.536604s wall, 1.500000s user + 0.015625s system = 1.515625s CPU (98.6%)

RUN-1004 : used memory is 862 MB, reserved memory is 875 MB, peak memory is 1166 MB
RUN-1002 : start command "backup_run_log run.log ../.logs/phy_1/td_20221103_005606.log"
