============================================================
   Tang Dynasty, V5.6.59063
   Copyright (c) 2012-2022 Anlogic
   Executable = C:/Anlogic/TD5.6.59063/bin/td.exe
   Built at =   12:45:13 Sep  6 2022
   Run by =     Administrator
   Run Date =   Thu Oct 27 14:08:08 2022

   Run on =     WIN-25FR57M34TT
============================================================
RUN-1002 : start command "open_project ov2640_sdram.prj"
RUN-1001 : Print Global Property
RUN-1001 : ---------------------------------------------------------------
RUN-1001 :        Parameters        |  Settings  |  Default Values  |  Note  
RUN-1001 : ---------------------------------------------------------------
RUN-1001 :          message         |  standard  |     standard     |        
RUN-1001 :   mixed_pack_place_flow  |     on     |        on        |        
RUN-1001 :        qor_monitor       |    off     |       off        |        
RUN-1001 :        syn_ip_flow       |    off     |       off        |        
RUN-1001 :          thread          |    auto    |       auto       |        
RUN-1001 : ---------------------------------------------------------------
RUN-1001 : Print Design Property
RUN-1001 : --------------------------------------------------------------
RUN-1001 :        Parameters       |  Settings  |  Default Values  |  Note  
RUN-1001 : --------------------------------------------------------------
RUN-1001 :   default_reg_initial   |    auto    |       auto       |        
RUN-1001 :        infer_add        |     on     |        on        |        
RUN-1001 :        infer_fsm        |    off     |       off        |        
RUN-1001 :        infer_mult       |     on     |        on        |        
RUN-1001 :        infer_ram        |     on     |        on        |        
RUN-1001 :        infer_reg        |     on     |        on        |        
RUN-1001 :   infer_reg_init_value  |     on     |        on        |        
RUN-1001 :        infer_rom        |     on     |        on        |        
RUN-1001 :      infer_shifter      |     on     |        on        |        
RUN-1001 : --------------------------------------------------------------
RUN-1001 : Print Rtl Property
RUN-1001 : --------------------------------------------------------------
RUN-1001 :        Parameters       |  Settings  |  Default Values  |  Note  
RUN-1001 : --------------------------------------------------------------
RUN-1001 :       compress_add      |   ripple   |      ripple      |        
RUN-1001 :        elf_sload        |    off     |       off        |        
RUN-1001 :       fix_undriven      |     0      |        0         |        
RUN-1001 :         flatten         |    off     |       off        |        
RUN-1001 :       gate_sharing      |     on     |        on        |        
RUN-1001 :    hdl_warning_level    |   normal   |      normal      |        
RUN-1001 :   impl_internal_tribuf  |     on     |        on        |        
RUN-1001 :      impl_set_reset     |     on     |        on        |        
RUN-1001 :        infer_gsr        |    off     |       off        |        
RUN-1001 :      keep_hierarchy     |    auto    |       auto       |        
RUN-1001 :        max_fanout       |    9999    |       9999       |        
RUN-1001 :      max_oh2bin_len     |     10     |        10        |        
RUN-1001 :       merge_equal       |     on     |        on        |        
RUN-1001 :       merge_equiv       |     on     |        on        |        
RUN-1001 :        merge_mux        |    off     |       off        |        
RUN-1001 :     min_control_set     |     8      |        8         |        
RUN-1001 :      min_ripple_len     |    auto    |       auto       |        
RUN-1001 :       oh2bin_ratio      |    0.08    |       0.08       |        
RUN-1001 :     opt_adder_fanout    |     on     |        on        |        
RUN-1001 :        opt_arith        |     on     |        on        |        
RUN-1001 :       opt_big_gate      |    off     |       off        |        
RUN-1001 :        opt_const        |     on     |        on        |        
RUN-1001 :      opt_const_mult     |     on     |        on        |        
RUN-1001 :       opt_lessthan      |     on     |        on        |        
RUN-1001 :         opt_mux         |    off     |       off        |        
RUN-1001 :         opt_ram         |    high    |       high       |        
RUN-1001 :      rtl_sim_model      |    off     |       off        |        
RUN-1001 :         seq_syn         |     on     |        on        |        
RUN-1001 : --------------------------------------------------------------
HDL-1007 : analyze verilog file ../../al_ip/ip_pll.v
HDL-1007 : undeclared symbol 'open', assumed default net type 'wire' in ../../al_ip/ip_pll.v(93)
HDL-1007 : analyze verilog file ../../al_ip/softfifo.v
HDL-1007 : analyze verilog file ../../al_ip/fifo_1.v
HDL-1007 : analyze verilog file ../../al_ip/fifo_2.v
HDL-1007 : analyze verilog file ../../RTL/camera_init.v
HDL-1007 : undeclared symbol 'clk_div', assumed default net type 'wire' in ../../RTL/camera_init.v(74)
HDL-1007 : analyze verilog file ../../RTL/camera_reader.v
HDL-1007 : analyze verilog file ../../RTL/i2c_module.v
HDL-1007 : analyze verilog file ../../RTL/Sdram_Control_4Port/command.v
HDL-1007 : analyze included file ../../RTL/Sdram_Control_4Port/Sdram_Params.h in ../../RTL/Sdram_Control_4Port/command.v(27)
HDL-1007 : back to file '../../RTL/Sdram_Control_4Port/command.v' in ../../RTL/Sdram_Control_4Port/command.v(27)
HDL-1007 : analyze verilog file ../../RTL/Sdram_Control_4Port/control_interface.v
HDL-1007 : analyze included file ../../RTL/Sdram_Control_4Port/Sdram_Params.h in ../../RTL/Sdram_Control_4Port/control_interface.v(21)
HDL-1007 : back to file '../../RTL/Sdram_Control_4Port/control_interface.v' in ../../RTL/Sdram_Control_4Port/control_interface.v(21)
HDL-1007 : analyze verilog file ../../RTL/Sdram_Control_4Port/sdr_data_path.v
HDL-1007 : analyze included file ../../RTL/Sdram_Control_4Port/Sdram_Params.h in ../../RTL/Sdram_Control_4Port/sdr_data_path.v(10)
HDL-1007 : back to file '../../RTL/Sdram_Control_4Port/sdr_data_path.v' in ../../RTL/Sdram_Control_4Port/sdr_data_path.v(10)
HDL-1007 : analyze verilog file ../../RTL/Sdram_Control_4Port/Sdram_Control_4Port.v
HDL-1007 : analyze included file ../../RTL/Sdram_Control_4Port/Sdram_Params.h in ../../RTL/Sdram_Control_4Port/Sdram_Control_4Port.v(49)
HDL-1007 : back to file '../../RTL/Sdram_Control_4Port/Sdram_Control_4Port.v' in ../../RTL/Sdram_Control_4Port/Sdram_Control_4Port.v(49)
HDL-1007 : analyze verilog file ../../RTL/Sdram_Control_4Port/Sdram_RD_FIFO.v
HDL-5007 WARNING: 'clk' is not declared in ../../RTL/Sdram_Control_4Port/Sdram_RD_FIFO.v(44)
HDL-1007 : analyze verilog file ../../RTL/Sdram_Control_4Port/Sdram_WR_FIFO.v
HDL-1007 : analyze verilog file ../../al_ip/sdram.v
HDL-1007 : analyze verilog file ../../RTL/Driver.v
HDL-1007 : analyze verilog file ../../RTL/RGBYCbCr.v
HDL-1007 : analyze verilog file ../../RTL/image_process.v
HDL-5007 WARNING: identifier 'post_frame_clken' is used before its declaration in ../../RTL/image_process.v(46)
HDL-5007 WARNING: identifier 'post_img_Y' is used before its declaration in ../../RTL/image_process.v(47)
HDL-5007 WARNING: identifier 'post_frame_clken' is used before its declaration in ../../RTL/image_process.v(50)
HDL-5007 WARNING: identifier 'post_img_Y' is used before its declaration in ../../RTL/image_process.v(51)
HDL-5007 WARNING: identifier 'post1_frame_clken' is used before its declaration in ../../RTL/image_process.v(57)
HDL-5007 WARNING: identifier 'post1_img_Y' is used before its declaration in ../../RTL/image_process.v(58)
HDL-5007 WARNING: identifier 'post1_frame_clken' is used before its declaration in ../../RTL/image_process.v(61)
HDL-5007 WARNING: identifier 'post1_img_Y' is used before its declaration in ../../RTL/image_process.v(62)
HDL-1007 : analyze verilog file ../../RTL/test_camera.v
HDL-1007 : analyze verilog file ../../RTL/Mode_Switch.v
HDL-1007 : analyze verilog file ../../RTL/image_select.v
HDL-1007 : analyze verilog file ../../RTL/Median_Gray.v
HDL-5007 WARNING: identifier 'mid_value' is used before its declaration in ../../RTL/Median_Gray.v(20)
HDL-1007 : analyze verilog file ../../RTL/three_martix.v
HDL-5007 WARNING: empty statement in sequential block in ../../RTL/three_martix.v(235)
HDL-5007 WARNING: empty statement in sequential block in ../../RTL/three_martix.v(234)
HDL-1007 : analyze verilog file ../../RTL/Median_Filter_3X3.v
HDL-1007 : analyze verilog file ../../RTL/Sort3.v
HDL-1007 : analyze verilog file ../../RTL/Sobel_Process.v
HDL-1007 : undeclared symbol 'csi_pclk', assumed default net type 'wire' in ../../RTL/Sobel_Process.v(48)
HDL-5007 WARNING: identifier 'sobel_value' is used before its declaration in ../../RTL/Sobel_Process.v(23)
HDL-1007 : analyze verilog file ../../RTL/Caculate_Sobel.v
HDL-5007 WARNING: 'clk' is not declared in ../../RTL/Sdram_Control_4Port/Sdram_RD_FIFO.v(44)
RUN-1001 : Project manager successfully analyzed 26 source files.
RUN-1002 : start command "import_device eagle_s20.db -package EG4S20BG256"
ARC-1001 : Device Initialization.
ARC-1001 : ------------------------------------------------------------------
ARC-1001 :            OPTION            |          IO          |   SETTING   
ARC-1001 : ------------------------------------------------------------------
ARC-1001 :   cso_b/cclk/mosi/miso/dout  |  T3/R11/T10/P10/S11  |    gpio    
ARC-1001 :             done             |         P13          |    gpio    
ARC-1001 :           program_b          |          T2          |  dedicate  
ARC-1001 :        tdi/tms/tck/tdo       |   C12/A15/C14/E14    |  dedicate  
ARC-1001 : ------------------------------------------------------------------
ARC-1004 : Device setting, marked 5 dedicate IOs in total.
RUN-1002 : start command "import_db ../syn_1/ov2640_sdram_gate.db"
RUN-1001 : Importing database generated by Tang Dynasty, V5.6.59063.
RUN-1001 : Database version number 46140.
RUN-1001 : Import flow parameters
RUN-1001 : Import timing constraints
RUN-1001 : Import IO constraints
RUN-1001 : Import Inst constraints
RUN-1001 : Import design success TD_VERSION=5.6.59063 , DB_VERSION=46140
RUN-1002 : start command "read_sdc"
USR-1002 : read_sdc file_name -help -h -eco
RUN-1002 : start command "get_regs */primary_addr_gray_reg[*]"
RUN-1002 : start command "get_regs */sync_r1[*]"
RUN-1002 : start command "set_max_delay -from  -to  5 -datapath_only"
RUN-1002 : start command "get_regs */primary_addr_gray_reg[*]"
RUN-1002 : start command "get_regs */sync_r1[*]"
RUN-1002 : start command "set_false_path -from  -to  -hold 5"
USR-1002 : set_false_path -help -setup -hold -from <list> -rise_from <list> -fall_from <list> -to <list> -rise_to <list> -fall_to <list> -through <list>
RUN-1002 : start command "get_regs */primary_addr_gray_reg[*]"
RUN-1002 : start command "get_regs */sync_r1[*]"
RUN-1002 : start command "set_max_delay -from  -to  5 -datapath_only"
RUN-1002 : start command "get_regs */primary_addr_gray_reg[*]"
RUN-1002 : start command "get_regs */sync_r1[*]"
RUN-1002 : start command "set_max_delay -from  -to  5 -datapath_only"
RUN-1002 : start command "get_regs */primary_addr_gray_reg[*]"
RUN-1002 : start command "get_regs */sync_r1[*]"
RUN-1002 : start command "set_max_delay -from  -to  5 -datapath_only"
SYN-1001 : 	kept net: Sdram_Control_4Port/read_fifo1/dcfifo_component/rd_to_wr_cross_inst/primary_addr_gray_reg[9](Sdram_Control_4Port/read_fifo1/dcfifo_component/rd_to_wr_cross_inst/primary_addr_gray_reg[9]_syn_5)
SYN-1001 : 	kept net: Sdram_Control_4Port/read_fifo1/dcfifo_component/rd_to_wr_cross_inst/primary_addr_gray_reg[8](Sdram_Control_4Port/read_fifo1/dcfifo_component/rd_to_wr_cross_inst/primary_addr_gray_reg[8]_syn_5)
SYN-1001 : 	kept net: Sdram_Control_4Port/read_fifo1/dcfifo_component/rd_to_wr_cross_inst/primary_addr_gray_reg[7](Sdram_Control_4Port/read_fifo1/dcfifo_component/rd_to_wr_cross_inst/primary_addr_gray_reg[7]_syn_5)
SYN-1001 : 	kept net: Sdram_Control_4Port/read_fifo1/dcfifo_component/rd_to_wr_cross_inst/primary_addr_gray_reg[6](Sdram_Control_4Port/read_fifo1/dcfifo_component/rd_to_wr_cross_inst/primary_addr_gray_reg[6]_syn_5)
SYN-1001 : 	kept net: Sdram_Control_4Port/read_fifo1/dcfifo_component/rd_to_wr_cross_inst/primary_addr_gray_reg[5](Sdram_Control_4Port/read_fifo1/dcfifo_component/rd_to_wr_cross_inst/primary_addr_gray_reg[5]_syn_5)
SYN-1001 : 	kept net: Sdram_Control_4Port/read_fifo1/dcfifo_component/rd_to_wr_cross_inst/primary_addr_gray_reg[4](Sdram_Control_4Port/read_fifo1/dcfifo_component/rd_to_wr_cross_inst/primary_addr_gray_reg[4]_syn_5)
SYN-1001 : 	kept net: Sdram_Control_4Port/read_fifo1/dcfifo_component/rd_to_wr_cross_inst/primary_addr_gray_reg[3](Sdram_Control_4Port/read_fifo1/dcfifo_component/rd_to_wr_cross_inst/primary_addr_gray_reg[3]_syn_5)
SYN-1001 : 	kept net: Sdram_Control_4Port/read_fifo1/dcfifo_component/rd_to_wr_cross_inst/primary_addr_gray_reg[2](Sdram_Control_4Port/read_fifo1/dcfifo_component/rd_to_wr_cross_inst/primary_addr_gray_reg[2]_syn_5)
SYN-1001 : 	kept net: Sdram_Control_4Port/read_fifo1/dcfifo_component/rd_to_wr_cross_inst/primary_addr_gray_reg[1](Sdram_Control_4Port/read_fifo1/dcfifo_component/rd_to_wr_cross_inst/primary_addr_gray_reg[1]_syn_5)
SYN-1001 : 	kept net: Sdram_Control_4Port/read_fifo1/dcfifo_component/rd_to_wr_cross_inst/primary_addr_gray_reg[0](Sdram_Control_4Port/read_fifo1/dcfifo_component/rd_to_wr_cross_inst/primary_addr_gray_reg[0]_syn_5)
SYN-1001 : 	kept net: Sdram_Control_4Port/read_fifo1/dcfifo_component/rd_to_wr_cross_inst/sync_r1[9](Sdram_Control_4Port/read_fifo1/dcfifo_component/rd_to_wr_cross_inst/sync_r1[9]_syn_3)
SYN-1001 : 	kept net: Sdram_Control_4Port/read_fifo1/dcfifo_component/rd_to_wr_cross_inst/sync_r1[8](Sdram_Control_4Port/read_fifo1/dcfifo_component/rd_to_wr_cross_inst/sync_r1[8]_syn_3)
SYN-1001 : 	kept net: Sdram_Control_4Port/read_fifo1/dcfifo_component/rd_to_wr_cross_inst/sync_r1[7](Sdram_Control_4Port/read_fifo1/dcfifo_component/rd_to_wr_cross_inst/sync_r1[7]_syn_3)
SYN-1001 : 	kept net: Sdram_Control_4Port/read_fifo1/dcfifo_component/rd_to_wr_cross_inst/sync_r1[6](Sdram_Control_4Port/read_fifo1/dcfifo_component/rd_to_wr_cross_inst/sync_r1[6]_syn_3)
SYN-1001 : 	kept net: Sdram_Control_4Port/read_fifo1/dcfifo_component/rd_to_wr_cross_inst/sync_r1[5](Sdram_Control_4Port/read_fifo1/dcfifo_component/rd_to_wr_cross_inst/sync_r1[5]_syn_3)
SYN-1001 : 	kept net: Sdram_Control_4Port/read_fifo1/dcfifo_component/rd_to_wr_cross_inst/sync_r1[4](Sdram_Control_4Port/read_fifo1/dcfifo_component/rd_to_wr_cross_inst/sync_r1[4]_syn_3)
SYN-1001 : 	kept net: Sdram_Control_4Port/read_fifo1/dcfifo_component/rd_to_wr_cross_inst/sync_r1[3](Sdram_Control_4Port/read_fifo1/dcfifo_component/rd_to_wr_cross_inst/sync_r1[3]_syn_3)
SYN-1001 : 	kept net: Sdram_Control_4Port/read_fifo1/dcfifo_component/rd_to_wr_cross_inst/sync_r1[2](Sdram_Control_4Port/read_fifo1/dcfifo_component/rd_to_wr_cross_inst/sync_r1[2]_syn_3)
SYN-1001 : 	kept net: Sdram_Control_4Port/read_fifo1/dcfifo_component/rd_to_wr_cross_inst/sync_r1[1](Sdram_Control_4Port/read_fifo1/dcfifo_component/rd_to_wr_cross_inst/sync_r1[1]_syn_3)
SYN-1001 : 	kept net: Sdram_Control_4Port/read_fifo1/dcfifo_component/rd_to_wr_cross_inst/sync_r1[0](Sdram_Control_4Port/read_fifo1/dcfifo_component/rd_to_wr_cross_inst/sync_r1[0]_syn_3)
SYN-1001 : 	kept net: Sdram_Control_4Port/read_fifo1/dcfifo_component/wr_to_rd_cross_inst/primary_addr_gray_reg[9](Sdram_Control_4Port/read_fifo1/dcfifo_component/wr_to_rd_cross_inst/primary_addr_gray_reg[9]_syn_5)
SYN-1001 : 	kept net: Sdram_Control_4Port/read_fifo1/dcfifo_component/wr_to_rd_cross_inst/primary_addr_gray_reg[8](Sdram_Control_4Port/read_fifo1/dcfifo_component/wr_to_rd_cross_inst/primary_addr_gray_reg[8]_syn_5)
SYN-1001 : 	kept net: Sdram_Control_4Port/read_fifo1/dcfifo_component/wr_to_rd_cross_inst/primary_addr_gray_reg[7](Sdram_Control_4Port/read_fifo1/dcfifo_component/wr_to_rd_cross_inst/primary_addr_gray_reg[7]_syn_5)
SYN-1001 : 	kept net: Sdram_Control_4Port/read_fifo1/dcfifo_component/wr_to_rd_cross_inst/primary_addr_gray_reg[6](Sdram_Control_4Port/read_fifo1/dcfifo_component/wr_to_rd_cross_inst/primary_addr_gray_reg[6]_syn_5)
SYN-1001 : 	kept net: Sdram_Control_4Port/read_fifo1/dcfifo_component/wr_to_rd_cross_inst/primary_addr_gray_reg[5](Sdram_Control_4Port/read_fifo1/dcfifo_component/wr_to_rd_cross_inst/primary_addr_gray_reg[5]_syn_5)
SYN-1001 : 	kept net: Sdram_Control_4Port/read_fifo1/dcfifo_component/wr_to_rd_cross_inst/primary_addr_gray_reg[4](Sdram_Control_4Port/read_fifo1/dcfifo_component/wr_to_rd_cross_inst/primary_addr_gray_reg[4]_syn_5)
SYN-1001 : 	kept net: Sdram_Control_4Port/read_fifo1/dcfifo_component/wr_to_rd_cross_inst/primary_addr_gray_reg[3](Sdram_Control_4Port/read_fifo1/dcfifo_component/wr_to_rd_cross_inst/primary_addr_gray_reg[3]_syn_5)
SYN-1001 : 	kept net: Sdram_Control_4Port/read_fifo1/dcfifo_component/wr_to_rd_cross_inst/primary_addr_gray_reg[2](Sdram_Control_4Port/read_fifo1/dcfifo_component/wr_to_rd_cross_inst/primary_addr_gray_reg[2]_syn_5)
SYN-1001 : 	kept net: Sdram_Control_4Port/read_fifo1/dcfifo_component/wr_to_rd_cross_inst/primary_addr_gray_reg[1](Sdram_Control_4Port/read_fifo1/dcfifo_component/wr_to_rd_cross_inst/primary_addr_gray_reg[1]_syn_5)
SYN-1001 : 	kept net: Sdram_Control_4Port/read_fifo1/dcfifo_component/wr_to_rd_cross_inst/primary_addr_gray_reg[0](Sdram_Control_4Port/read_fifo1/dcfifo_component/wr_to_rd_cross_inst/primary_addr_gray_reg[0]_syn_5)
SYN-1001 : 	kept net: Sdram_Control_4Port/read_fifo1/dcfifo_component/wr_to_rd_cross_inst/sync_r1[9](Sdram_Control_4Port/read_fifo1/dcfifo_component/wr_to_rd_cross_inst/sync_r1[9]_syn_3)
SYN-1001 : 	kept net: Sdram_Control_4Port/read_fifo1/dcfifo_component/wr_to_rd_cross_inst/sync_r1[8](Sdram_Control_4Port/read_fifo1/dcfifo_component/wr_to_rd_cross_inst/sync_r1[8]_syn_3)
SYN-1001 : 	kept net: Sdram_Control_4Port/read_fifo1/dcfifo_component/wr_to_rd_cross_inst/sync_r1[7](Sdram_Control_4Port/read_fifo1/dcfifo_component/wr_to_rd_cross_inst/sync_r1[7]_syn_3)
SYN-1001 : 	kept net: Sdram_Control_4Port/read_fifo1/dcfifo_component/wr_to_rd_cross_inst/sync_r1[6](Sdram_Control_4Port/read_fifo1/dcfifo_component/wr_to_rd_cross_inst/sync_r1[6]_syn_3)
SYN-1001 : 	kept net: Sdram_Control_4Port/read_fifo1/dcfifo_component/wr_to_rd_cross_inst/sync_r1[5](Sdram_Control_4Port/read_fifo1/dcfifo_component/wr_to_rd_cross_inst/sync_r1[5]_syn_3)
SYN-1001 : 	kept net: Sdram_Control_4Port/read_fifo1/dcfifo_component/wr_to_rd_cross_inst/sync_r1[4](Sdram_Control_4Port/read_fifo1/dcfifo_component/wr_to_rd_cross_inst/sync_r1[4]_syn_3)
SYN-1001 : 	kept net: Sdram_Control_4Port/read_fifo1/dcfifo_component/wr_to_rd_cross_inst/sync_r1[3](Sdram_Control_4Port/read_fifo1/dcfifo_component/wr_to_rd_cross_inst/sync_r1[3]_syn_3)
SYN-1001 : 	kept net: Sdram_Control_4Port/read_fifo1/dcfifo_component/wr_to_rd_cross_inst/sync_r1[2](Sdram_Control_4Port/read_fifo1/dcfifo_component/wr_to_rd_cross_inst/sync_r1[2]_syn_3)
SYN-1001 : 	kept net: Sdram_Control_4Port/read_fifo1/dcfifo_component/wr_to_rd_cross_inst/sync_r1[1](Sdram_Control_4Port/read_fifo1/dcfifo_component/wr_to_rd_cross_inst/sync_r1[1]_syn_3)
SYN-1001 : 	kept net: Sdram_Control_4Port/read_fifo1/dcfifo_component/wr_to_rd_cross_inst/sync_r1[0](Sdram_Control_4Port/read_fifo1/dcfifo_component/wr_to_rd_cross_inst/sync_r1[0]_syn_3)
SYN-1001 : 	kept net: Sdram_Control_4Port/write_fifo1/dcfifo_component/rd_to_wr_cross_inst/primary_addr_gray_reg[9](Sdram_Control_4Port/write_fifo1/dcfifo_component/rd_to_wr_cross_inst/primary_addr_gray_reg[9]_syn_5)
SYN-1001 : 	kept net: Sdram_Control_4Port/write_fifo1/dcfifo_component/rd_to_wr_cross_inst/primary_addr_gray_reg[8](Sdram_Control_4Port/write_fifo1/dcfifo_component/rd_to_wr_cross_inst/primary_addr_gray_reg[8]_syn_5)
SYN-1001 : 	kept net: Sdram_Control_4Port/write_fifo1/dcfifo_component/rd_to_wr_cross_inst/primary_addr_gray_reg[7](Sdram_Control_4Port/write_fifo1/dcfifo_component/rd_to_wr_cross_inst/primary_addr_gray_reg[7]_syn_5)
SYN-1001 : 	kept net: Sdram_Control_4Port/write_fifo1/dcfifo_component/rd_to_wr_cross_inst/primary_addr_gray_reg[6](Sdram_Control_4Port/write_fifo1/dcfifo_component/rd_to_wr_cross_inst/primary_addr_gray_reg[6]_syn_5)
SYN-1001 : 	kept net: Sdram_Control_4Port/write_fifo1/dcfifo_component/rd_to_wr_cross_inst/primary_addr_gray_reg[5](Sdram_Control_4Port/write_fifo1/dcfifo_component/rd_to_wr_cross_inst/primary_addr_gray_reg[5]_syn_5)
SYN-1001 : 	kept net: Sdram_Control_4Port/write_fifo1/dcfifo_component/rd_to_wr_cross_inst/primary_addr_gray_reg[4](Sdram_Control_4Port/write_fifo1/dcfifo_component/rd_to_wr_cross_inst/primary_addr_gray_reg[4]_syn_5)
SYN-1001 : 	kept net: Sdram_Control_4Port/write_fifo1/dcfifo_component/rd_to_wr_cross_inst/primary_addr_gray_reg[3](Sdram_Control_4Port/write_fifo1/dcfifo_component/rd_to_wr_cross_inst/primary_addr_gray_reg[3]_syn_5)
SYN-1001 : 	kept net: Sdram_Control_4Port/write_fifo1/dcfifo_component/rd_to_wr_cross_inst/primary_addr_gray_reg[2](Sdram_Control_4Port/write_fifo1/dcfifo_component/rd_to_wr_cross_inst/primary_addr_gray_reg[2]_syn_5)
SYN-1001 : 	kept net: Sdram_Control_4Port/write_fifo1/dcfifo_component/rd_to_wr_cross_inst/primary_addr_gray_reg[1](Sdram_Control_4Port/write_fifo1/dcfifo_component/rd_to_wr_cross_inst/primary_addr_gray_reg[1]_syn_5)
SYN-1001 : 	kept net: Sdram_Control_4Port/write_fifo1/dcfifo_component/rd_to_wr_cross_inst/primary_addr_gray_reg[0](Sdram_Control_4Port/write_fifo1/dcfifo_component/rd_to_wr_cross_inst/primary_addr_gray_reg[0]_syn_5)
SYN-1001 : 	kept net: Sdram_Control_4Port/write_fifo1/dcfifo_component/rd_to_wr_cross_inst/sync_r1[9](Sdram_Control_4Port/write_fifo1/dcfifo_component/rd_to_wr_cross_inst/sync_r1[9]_syn_3)
SYN-1001 : 	kept net: Sdram_Control_4Port/write_fifo1/dcfifo_component/rd_to_wr_cross_inst/sync_r1[8](Sdram_Control_4Port/write_fifo1/dcfifo_component/rd_to_wr_cross_inst/sync_r1[8]_syn_3)
SYN-1001 : 	kept net: Sdram_Control_4Port/write_fifo1/dcfifo_component/rd_to_wr_cross_inst/sync_r1[7](Sdram_Control_4Port/write_fifo1/dcfifo_component/rd_to_wr_cross_inst/sync_r1[7]_syn_3)
SYN-1001 : 	kept net: Sdram_Control_4Port/write_fifo1/dcfifo_component/rd_to_wr_cross_inst/sync_r1[6](Sdram_Control_4Port/write_fifo1/dcfifo_component/rd_to_wr_cross_inst/sync_r1[6]_syn_3)
SYN-1001 : 	kept net: Sdram_Control_4Port/write_fifo1/dcfifo_component/rd_to_wr_cross_inst/sync_r1[5](Sdram_Control_4Port/write_fifo1/dcfifo_component/rd_to_wr_cross_inst/sync_r1[5]_syn_3)
SYN-1001 : 	kept net: Sdram_Control_4Port/write_fifo1/dcfifo_component/rd_to_wr_cross_inst/sync_r1[4](Sdram_Control_4Port/write_fifo1/dcfifo_component/rd_to_wr_cross_inst/sync_r1[4]_syn_3)
SYN-1001 : 	kept net: Sdram_Control_4Port/write_fifo1/dcfifo_component/rd_to_wr_cross_inst/sync_r1[3](Sdram_Control_4Port/write_fifo1/dcfifo_component/rd_to_wr_cross_inst/sync_r1[3]_syn_3)
SYN-1001 : 	kept net: Sdram_Control_4Port/write_fifo1/dcfifo_component/rd_to_wr_cross_inst/sync_r1[2](Sdram_Control_4Port/write_fifo1/dcfifo_component/rd_to_wr_cross_inst/sync_r1[2]_syn_3)
SYN-1001 : 	kept net: Sdram_Control_4Port/write_fifo1/dcfifo_component/rd_to_wr_cross_inst/sync_r1[1](Sdram_Control_4Port/write_fifo1/dcfifo_component/rd_to_wr_cross_inst/sync_r1[1]_syn_3)
SYN-1001 : 	kept net: Sdram_Control_4Port/write_fifo1/dcfifo_component/rd_to_wr_cross_inst/sync_r1[0](Sdram_Control_4Port/write_fifo1/dcfifo_component/rd_to_wr_cross_inst/sync_r1[0]_syn_3)
SYN-1001 : 	kept net: Sdram_Control_4Port/write_fifo1/dcfifo_component/wr_to_rd_cross_inst/primary_addr_gray_reg[9](Sdram_Control_4Port/write_fifo1/dcfifo_component/wr_to_rd_cross_inst/primary_addr_gray_reg[9]_syn_5)
SYN-1001 : 	kept net: Sdram_Control_4Port/write_fifo1/dcfifo_component/wr_to_rd_cross_inst/primary_addr_gray_reg[8](Sdram_Control_4Port/write_fifo1/dcfifo_component/wr_to_rd_cross_inst/primary_addr_gray_reg[8]_syn_5)
SYN-1001 : 	kept net: Sdram_Control_4Port/write_fifo1/dcfifo_component/wr_to_rd_cross_inst/primary_addr_gray_reg[7](Sdram_Control_4Port/write_fifo1/dcfifo_component/wr_to_rd_cross_inst/primary_addr_gray_reg[7]_syn_5)
SYN-1001 : 	kept net: Sdram_Control_4Port/write_fifo1/dcfifo_component/wr_to_rd_cross_inst/primary_addr_gray_reg[6](Sdram_Control_4Port/write_fifo1/dcfifo_component/wr_to_rd_cross_inst/primary_addr_gray_reg[6]_syn_5)
SYN-1001 : 	kept net: Sdram_Control_4Port/write_fifo1/dcfifo_component/wr_to_rd_cross_inst/primary_addr_gray_reg[5](Sdram_Control_4Port/write_fifo1/dcfifo_component/wr_to_rd_cross_inst/primary_addr_gray_reg[5]_syn_5)
SYN-1001 : 	kept net: Sdram_Control_4Port/write_fifo1/dcfifo_component/wr_to_rd_cross_inst/primary_addr_gray_reg[4](Sdram_Control_4Port/write_fifo1/dcfifo_component/wr_to_rd_cross_inst/primary_addr_gray_reg[4]_syn_5)
SYN-1001 : 	kept net: Sdram_Control_4Port/write_fifo1/dcfifo_component/wr_to_rd_cross_inst/primary_addr_gray_reg[3](Sdram_Control_4Port/write_fifo1/dcfifo_component/wr_to_rd_cross_inst/primary_addr_gray_reg[3]_syn_5)
SYN-1001 : 	kept net: Sdram_Control_4Port/write_fifo1/dcfifo_component/wr_to_rd_cross_inst/primary_addr_gray_reg[2](Sdram_Control_4Port/write_fifo1/dcfifo_component/wr_to_rd_cross_inst/primary_addr_gray_reg[2]_syn_5)
SYN-1001 : 	kept net: Sdram_Control_4Port/write_fifo1/dcfifo_component/wr_to_rd_cross_inst/primary_addr_gray_reg[1](Sdram_Control_4Port/write_fifo1/dcfifo_component/wr_to_rd_cross_inst/primary_addr_gray_reg[1]_syn_5)
SYN-1001 : 	kept net: Sdram_Control_4Port/write_fifo1/dcfifo_component/wr_to_rd_cross_inst/primary_addr_gray_reg[0](Sdram_Control_4Port/write_fifo1/dcfifo_component/wr_to_rd_cross_inst/primary_addr_gray_reg[0]_syn_5)
SYN-1001 : 	kept net: Sdram_Control_4Port/write_fifo1/dcfifo_component/wr_to_rd_cross_inst/sync_r1[9](Sdram_Control_4Port/write_fifo1/dcfifo_component/wr_to_rd_cross_inst/sync_r1[9]_syn_3)
SYN-1001 : 	kept net: Sdram_Control_4Port/write_fifo1/dcfifo_component/wr_to_rd_cross_inst/sync_r1[8](Sdram_Control_4Port/write_fifo1/dcfifo_component/wr_to_rd_cross_inst/sync_r1[8]_syn_3)
SYN-1001 : 	kept net: Sdram_Control_4Port/write_fifo1/dcfifo_component/wr_to_rd_cross_inst/sync_r1[7](Sdram_Control_4Port/write_fifo1/dcfifo_component/wr_to_rd_cross_inst/sync_r1[7]_syn_3)
SYN-1001 : 	kept net: Sdram_Control_4Port/write_fifo1/dcfifo_component/wr_to_rd_cross_inst/sync_r1[6](Sdram_Control_4Port/write_fifo1/dcfifo_component/wr_to_rd_cross_inst/sync_r1[6]_syn_3)
SYN-1001 : 	kept net: Sdram_Control_4Port/write_fifo1/dcfifo_component/wr_to_rd_cross_inst/sync_r1[5](Sdram_Control_4Port/write_fifo1/dcfifo_component/wr_to_rd_cross_inst/sync_r1[5]_syn_3)
SYN-1001 : 	kept net: Sdram_Control_4Port/write_fifo1/dcfifo_component/wr_to_rd_cross_inst/sync_r1[4](Sdram_Control_4Port/write_fifo1/dcfifo_component/wr_to_rd_cross_inst/sync_r1[4]_syn_3)
SYN-1001 : 	kept net: Sdram_Control_4Port/write_fifo1/dcfifo_component/wr_to_rd_cross_inst/sync_r1[3](Sdram_Control_4Port/write_fifo1/dcfifo_component/wr_to_rd_cross_inst/sync_r1[3]_syn_3)
SYN-1001 : 	kept net: Sdram_Control_4Port/write_fifo1/dcfifo_component/wr_to_rd_cross_inst/sync_r1[2](Sdram_Control_4Port/write_fifo1/dcfifo_component/wr_to_rd_cross_inst/sync_r1[2]_syn_3)
SYN-1001 : 	kept net: Sdram_Control_4Port/write_fifo1/dcfifo_component/wr_to_rd_cross_inst/sync_r1[1](Sdram_Control_4Port/write_fifo1/dcfifo_component/wr_to_rd_cross_inst/sync_r1[1]_syn_3)
SYN-1001 : 	kept net: Sdram_Control_4Port/write_fifo1/dcfifo_component/wr_to_rd_cross_inst/sync_r1[0](Sdram_Control_4Port/write_fifo1/dcfifo_component/wr_to_rd_cross_inst/sync_r1[0]_syn_3)
RUN-1104 : Import SDC file  finished, there are 80 nets kept by constraints.
RUN-1002 : start command "place"
RUN-1001 : Open license file C:/Anlogic/TD5.6.59063/license/Anlogic.lic
RUN-1001 : Print Global Property
RUN-1001 : ---------------------------------------------------------------
RUN-1001 :        Parameters        |  Settings  |  Default Values  |  Note  
RUN-1001 : ---------------------------------------------------------------
RUN-1001 :          message         |  standard  |     standard     |        
RUN-1001 :   mixed_pack_place_flow  |     on     |        on        |        
RUN-1001 :        qor_monitor       |    off     |       off        |        
RUN-1001 :        syn_ip_flow       |    off     |       off        |        
RUN-1001 :          thread          |    auto    |       auto       |        
RUN-1001 : ---------------------------------------------------------------
RUN-1001 : Print Place Property
RUN-1001 : --------------------------------------------------------------
RUN-1001 :        Parameters       |  Settings  |  Default Values  |  Note  
RUN-1001 : --------------------------------------------------------------
RUN-1001 :      detailed_place     |     on     |        on        |        
RUN-1001 :          effort         |   medium   |      medium      |        
RUN-1001 :         fix_hold        |    off     |       off        |        
RUN-1001 :       legalization      |    ori     |       ori        |        
RUN-1001 :      new_spreading      |     on     |        on        |        
RUN-1001 :        opt_timing       |   medium   |      medium      |        
RUN-1001 :   post_clock_route_opt  |    off     |       off        |        
RUN-1001 :       pr_strategy       |     1      |        1         |        
RUN-1001 :        relaxation       |    1.00    |       1.00       |        
RUN-1001 :         retiming        |    off     |       off        |        
RUN-1001 : --------------------------------------------------------------
PHY-3001 : Placer runs in 16 thread(s).
RUN-1002 : start command "legalize_phy_inst"
SYN-1011 : Flatten model test_camera
SYN-5055 WARNING: The kept net u_pll/clk3_out will be merged to another kept net clk_cam
SYN-5055 WARNING: The kept net u_camera_reader/clk will be merged to another kept net clk_cam
SYN-5055 WARNING: The kept net u_image_process/u_Median_Gray/pre_frame_hsync will be merged to another kept net u_image_process/frame_hsync
SYN-5055 WARNING: The kept net Gray_img[7] will be merged to another kept net u_image_process/out_img_imy[7]
SYN-5055 WARNING: The kept net Gray_img[6] will be merged to another kept net u_image_process/out_img_imy[6]
SYN-5055 WARNING: The kept net Gray_img[5] will be merged to another kept net u_image_process/out_img_imy[5]
SYN-5055 WARNING: The kept net Gray_img[4] will be merged to another kept net u_image_process/out_img_imy[4]
SYN-5055 WARNING: The kept net Gray_img[3] will be merged to another kept net u_image_process/out_img_imy[3]
SYN-5055 WARNING: The kept net Gray_img[2] will be merged to another kept net u_image_process/out_img_imy[2]
SYN-5055 WARNING: The kept net u_image_select/Sobel_img_565[15] will be merged to another kept net u_image_process/post_img_Sobel[15]
SYN-5055 Similar messages will be suppressed.
RUN-1002 : start command "phys_opt -simplify_lut"
SYN-4016 : Net Sdram_Control_4Port/CTRL_CLK driven by BUFG (294 clock/control pins, 1 other pins).
SYN-4027 : Net Sdram_Control_4Port/SDRAM_CLK is clkc1 of pll u_pll/pll_inst.
SYN-4027 : Net vga_clk_dup_1 is clkc2 of pll u_pll/pll_inst.
SYN-4027 : Net clk_cam is clkc3 of pll u_pll/pll_inst.
SYN-4027 : Net u_camera_init/u_i2c_write/clk is clkc4 of pll u_pll/pll_inst.
SYN-4019 : Net clk_24m_dup_1 is refclk of pll u_pll/pll_inst.
SYN-4020 : Net clk_24m_dup_1 is fbclk of pll u_pll/pll_inst.
SYN-4024 : Net "cam_pclk_dup_4" drives clk pins.
SYN-4024 : Net "u_camera_init/divider2[8]" drives clk pins.
SYN-4024 : Net "u_camera_init/divider2[7]" drives clk pins.
SYN-4024 : Net "u_image_select/mode[3]_syn_18" drives clk pins.
SYN-4024 : Net "u_image_process/wrreq" drives clk pins.
SYN-4025 : Tag rtl::Net Sdram_Control_4Port/CTRL_CLK as clock net
SYN-4025 : Tag rtl::Net Sdram_Control_4Port/SDRAM_CLK as clock net
SYN-4025 : Tag rtl::Net cam_pclk_dup_4 as clock net
SYN-4025 : Tag rtl::Net clk_24m_dup_1 as clock net
SYN-4025 : Tag rtl::Net clk_cam as clock net
SYN-4025 : Tag rtl::Net u_camera_init/divider2[7] as clock net
SYN-4025 : Tag rtl::Net u_camera_init/divider2[8] as clock net
SYN-4025 : Tag rtl::Net u_camera_init/u_i2c_write/clk as clock net
SYN-4025 : Tag rtl::Net u_image_process/wrreq as clock net
SYN-4025 : Tag rtl::Net u_image_select/mode[3]_syn_18 as clock net
SYN-4025 : Tag rtl::Net vga_clk_dup_1 as clock net
SYN-4026 : Tagged 11 rtl::Net as clock net
SYN-4015 : Create BUFG instance for clk Net u_camera_init/divider2[8] to drive 32 clock pins.
SYN-4015 : Create BUFG instance for clk Net u_camera_init/divider2[7] to drive 18 clock pins.
SYN-4015 : Create BUFG instance for clk Net u_image_select/mode[3]_syn_18 to drive 17 clock pins.
SYN-4015 : Create BUFG instance for clk Net u_image_process/wrreq to drive 16 clock pins.
PHY-1001 : Populate physical database on model test_camera.
RUN-1001 : There are total 3130 instances
RUN-0007 : 1288 luts, 1157 seqs, 373 mslices, 161 lslices, 132 pads, 6 brams, 4 dsps
RUN-1001 : There are total 3713 nets
RUN-6004 WARNING: There are 3 nets with only 1 pin.
RUN-1001 : 2570 nets have 2 pins
RUN-1001 : 698 nets have [3 - 5] pins
RUN-1001 : 346 nets have [6 - 10] pins
RUN-1001 : 57 nets have [11 - 20] pins
RUN-1001 : 33 nets have [21 - 99] pins
RUN-1001 : 6 nets have 100+ pins
RUN-1001 : Report Control nets information:
RUN-1001 : DFF Distribution
RUN-1001 : ----------------------------------
RUN-1001 :   CE   |  SSR  |  ASR  |  DFF Count  
RUN-1001 : ----------------------------------
RUN-1001 :   No   |  No   |  No   |     69      
RUN-1001 :   No   |  No   |  Yes  |     680     
RUN-1001 :   No   |  Yes  |  No   |     50      
RUN-1001 :   Yes  |  No   |  No   |     32      
RUN-1001 :   Yes  |  No   |  Yes  |     302     
RUN-1001 :   Yes  |  Yes  |  No   |     24      
RUN-1001 : ----------------------------------
RUN-0007 : Control Group Statistic
RUN-0007 : ---------------------------
RUN-0007 :   #CLK  |  #CE  |  #SSR/ASR  
RUN-0007 : ---------------------------
RUN-0007 :    28   |  21   |     41     
RUN-0007 : ---------------------------
RUN-0007 : Control Set = 90
PHY-3001 : Initial placement ...
PHY-3001 : design contains 3128 instances, 1288 luts, 1157 seqs, 534 slices, 109 macros(534 instances: 373 mslices 161 lslices)
PHY-0007 : Cell area utilization is 12%
PHY-3001 : Start timing update ...
RUN-1002 : start command "start_timer -report"
TMR-2505 : Start building timing graph for model test_camera.
TMR-2506 : Build timing graph completely. Port num: 19, tpin num: 14383, tnet num: 3711, tinst num: 3128, tnode num: 18165, tedge num: 23229.
TMR-2508 : Levelizing timing graph completed, there are 31 levels in total.
TMR-2501 : Timing graph initialized successfully.
TMR-2503 : Start to update net delay, extr mode = 2.
TMR-2504 : Update delay of 3711 nets completely.
TMR-2502 : Annotate delay completely, extr mode = 2.
TMR-3001 : Initiate 0 clocks from SDC.
TMR-3004 : Map sdc constraints, there are 2 constraints in total.
TMR-3003 : Constraints initiated successfully.
TMR-3501 : Forward propagation: start to calculate arrival time...
TMR-3502 : Backward propagation: start to calculate required time...
TMR-3503 : Timing propagation completes.
PHY-3001 : End timing update;  1.032532s wall, 1.015625s user + 0.015625s system = 1.031250s CPU (99.9%)

PHY-3001 : Global placement ...
PHY-3001 : Initial: Len = 926509
PHY-3001 : Clustering ...
PHY-3001 : Level 0 #clusters 3128.
PHY-3001 : End clustering;  0.000012s wall, 0.000000s user + 0.000000s system = 0.000000s CPU (n/a%)

PHY-3001 : Run with size of 4
PHY-3001 : Cell area utilization is 12%
PHY-3001 : :::0::: Try harder cell spreading with beta_ = 0
PHY-3002 : Step(1): len = 722657, overlap = 27
PHY-3002 : Step(2): len = 549856, overlap = 22.5
PHY-3002 : Step(3): len = 430036, overlap = 24.75
PHY-3002 : Step(4): len = 325795, overlap = 27
PHY-3002 : Step(5): len = 271795, overlap = 24.75
PHY-3002 : Step(6): len = 239049, overlap = 20
PHY-3002 : Step(7): len = 217240, overlap = 27.625
PHY-3002 : Step(8): len = 193955, overlap = 37.125
PHY-3002 : Step(9): len = 175591, overlap = 42.4375
PHY-3002 : Step(10): len = 154025, overlap = 44.0625
PHY-3002 : Step(11): len = 143433, overlap = 53.3125
PHY-3002 : Step(12): len = 133399, overlap = 53.5312
PHY-3002 : Step(13): len = 124313, overlap = 65.6562
PHY-3002 : Step(14): len = 115233, overlap = 79.7188
PHY-3002 : Step(15): len = 110283, overlap = 86.75
PHY-3002 : Step(16): len = 103361, overlap = 91.0625
PHY-3002 : Step(17): len = 100542, overlap = 102.344
PHY-3002 : Step(18): len = 94665.8, overlap = 104.844
PHY-3001 : :::1::: Try harder cell spreading with beta_ = 3.40656e-05
PHY-3002 : Step(19): len = 100735, overlap = 92.5312
PHY-3002 : Step(20): len = 107308, overlap = 76.2812
PHY-3002 : Step(21): len = 111325, overlap = 59.9062
PHY-3002 : Step(22): len = 107598, overlap = 31.9062
PHY-3002 : Step(23): len = 101080, overlap = 37.5625
PHY-3002 : Step(24): len = 99771.5, overlap = 36.8438
PHY-3002 : Step(25): len = 99005.5, overlap = 39.25
PHY-3001 : :::2::: Try harder cell spreading with beta_ = 6.81313e-05
PHY-3002 : Step(26): len = 101417, overlap = 39.375
PHY-3002 : Step(27): len = 102025, overlap = 36.9375
PHY-3002 : Step(28): len = 103445, overlap = 31.6875
PHY-3002 : Step(29): len = 103810, overlap = 31.4688
PHY-3002 : Step(30): len = 102128, overlap = 31.9062
PHY-3002 : Step(31): len = 101590, overlap = 32.2188
PHY-3002 : Step(32): len = 100316, overlap = 38.2188
PHY-3002 : Step(33): len = 100198, overlap = 38.3438
PHY-3002 : Step(34): len = 99698.4, overlap = 34.0625
PHY-3002 : Step(35): len = 99587, overlap = 34.6562
PHY-3002 : Step(36): len = 99597.7, overlap = 37.5
PHY-3001 : :::3::: Try harder cell spreading with beta_ = 0.000136263
PHY-3002 : Step(37): len = 100365, overlap = 37.75
PHY-3002 : Step(38): len = 100426, overlap = 38.0938
PHY-3002 : Step(39): len = 100539, overlap = 38.25
PHY-3001 : :::4::: Try harder cell spreading with beta_ = 0.000272525
PHY-3002 : Step(40): len = 100763, overlap = 38.5625
PHY-3002 : Step(41): len = 100794, overlap = 40.5312
PHY-3001 : Legalization ...
PHY-3001 : End legalization;  0.011056s wall, 0.015625s user + 0.000000s system = 0.015625s CPU (141.3%)

PHY-3001 : Run with size of 4
PHY-3001 : Cell area utilization is 15%
PHY-3001 : Update timing in Manhattan mode ...
TMR-2503 : Start to update net delay, extr mode = 3.
TMR-2504 : Update delay of 3711 nets completely.
TMR-2502 : Annotate delay completely, extr mode = 3.
TMR-3501 : Forward propagation: start to calculate arrival time...
TMR-3502 : Backward propagation: start to calculate required time...
TMR-3503 : Timing propagation completes.
PHY-3001 : End timing update;  0.069064s wall, 0.078125s user + 0.000000s system = 0.078125s CPU (113.1%)

PHY-3001 : :::0::: Try harder cell spreading with beta_ = 5.956e-06
PHY-3002 : Step(42): len = 97232.6, overlap = 74.4688
PHY-3002 : Step(43): len = 96598.3, overlap = 74.125
PHY-3002 : Step(44): len = 93331.9, overlap = 75.3438
PHY-3002 : Step(45): len = 93198.6, overlap = 72.4688
PHY-3002 : Step(46): len = 89583.7, overlap = 82.2812
PHY-3002 : Step(47): len = 89664.8, overlap = 82.4688
PHY-3002 : Step(48): len = 88700.2, overlap = 83.7188
PHY-3002 : Step(49): len = 88648.1, overlap = 83.9375
PHY-3002 : Step(50): len = 87427, overlap = 86.8438
PHY-3002 : Step(51): len = 87522.4, overlap = 87.3125
PHY-3002 : Step(52): len = 88087.1, overlap = 90.2188
PHY-3001 : :::1::: Try harder cell spreading with beta_ = 1.1912e-05
PHY-3002 : Step(53): len = 86178.3, overlap = 91.4062
PHY-3002 : Step(54): len = 86107.4, overlap = 91.0938
PHY-3002 : Step(55): len = 85401.6, overlap = 94.4062
PHY-3001 : :::2::: Try harder cell spreading with beta_ = 2.3824e-05
PHY-3002 : Step(56): len = 85292.6, overlap = 92.875
PHY-3002 : Step(57): len = 85335, overlap = 93.1562
PHY-3002 : Step(58): len = 85482.2, overlap = 92.75
PHY-3001 : :::3::: Try harder cell spreading with beta_ = 4.7648e-05
PHY-3002 : Step(59): len = 85973.5, overlap = 91.2188
PHY-3002 : Step(60): len = 86059.4, overlap = 90.3438
PHY-3002 : Step(61): len = 86995, overlap = 90.375
PHY-3001 : :::4::: Try harder cell spreading with beta_ = 9.5296e-05
PHY-3002 : Step(62): len = 86816.4, overlap = 83.8438
PHY-3002 : Step(63): len = 86858, overlap = 83.8438
PHY-3002 : Step(64): len = 87178.1, overlap = 78.5625
PHY-3001 : :::5::: Try harder cell spreading with beta_ = 0.000190592
PHY-3002 : Step(65): len = 87523.1, overlap = 79.9062
PHY-3002 : Step(66): len = 87860.5, overlap = 79.4375
PHY-3002 : Step(67): len = 88009.5, overlap = 79.2188
PHY-3001 : :::6::: Try harder cell spreading with beta_ = 0.000381184
PHY-3002 : Step(68): len = 88987.2, overlap = 72.7812
PHY-3002 : Step(69): len = 89334.3, overlap = 71.625
PHY-3002 : Step(70): len = 90258, overlap = 70.5312
PHY-3002 : Step(71): len = 89556.6, overlap = 63.0312
PHY-3002 : Step(72): len = 89458.8, overlap = 65.2812
PHY-3002 : Step(73): len = 89118.9, overlap = 63.8125
PHY-3001 : Run with size of 2
PHY-3001 : Cell area utilization is 15%
PHY-3001 : Update timing in Manhattan mode ...
TMR-2503 : Start to update net delay, extr mode = 3.
TMR-2504 : Update delay of 3711 nets completely.
TMR-2502 : Annotate delay completely, extr mode = 3.
TMR-3501 : Forward propagation: start to calculate arrival time...
TMR-3502 : Backward propagation: start to calculate required time...
TMR-3503 : Timing propagation completes.
PHY-3001 : End timing update;  0.072925s wall, 0.078125s user + 0.000000s system = 0.078125s CPU (107.1%)

PHY-3001 : :::0::: Try harder cell spreading with beta_ = 3.06893e-05
PHY-3002 : Step(74): len = 90604.4, overlap = 159.656
PHY-3002 : Step(75): len = 91064, overlap = 158
PHY-3002 : Step(76): len = 93425.6, overlap = 139.75
PHY-3002 : Step(77): len = 91069.6, overlap = 145.344
PHY-3002 : Step(78): len = 90657.4, overlap = 141.844
PHY-3002 : Step(79): len = 91008.6, overlap = 135.844
PHY-3002 : Step(80): len = 91466.4, overlap = 135.25
PHY-3002 : Step(81): len = 91550.6, overlap = 129.938
PHY-3002 : Step(82): len = 91857.8, overlap = 125.781
PHY-3002 : Step(83): len = 91639.7, overlap = 126.906
PHY-3002 : Step(84): len = 90197.4, overlap = 118.094
PHY-3002 : Step(85): len = 90197.4, overlap = 118.094
PHY-3002 : Step(86): len = 89772, overlap = 119.156
PHY-3001 : :::1::: Try harder cell spreading with beta_ = 6.13786e-05
PHY-3002 : Step(87): len = 90901.2, overlap = 118.625
PHY-3002 : Step(88): len = 90901.2, overlap = 118.625
PHY-3002 : Step(89): len = 90722.7, overlap = 116.031
PHY-3001 : :::2::: Try harder cell spreading with beta_ = 0.000122757
PHY-3002 : Step(90): len = 93580.1, overlap = 94.125
PHY-3002 : Step(91): len = 94289.8, overlap = 87.8438
PHY-3002 : Step(92): len = 95479.4, overlap = 86.2812
PHY-3001 : :::3::: Try harder cell spreading with beta_ = 0.000245515
PHY-3002 : Step(93): len = 95251.3, overlap = 84
PHY-3002 : Step(94): len = 95408.8, overlap = 84.5
PHY-3002 : Step(95): len = 95517.3, overlap = 83.2188
PHY-3001 : :::4::: Try harder cell spreading with beta_ = 0.000490832
PHY-3002 : Step(96): len = 96831.8, overlap = 79.1562
PHY-3002 : Step(97): len = 98010.4, overlap = 70.9688
PHY-3002 : Step(98): len = 98428.8, overlap = 70.0625
PHY-3002 : Step(99): len = 98343.7, overlap = 70.1875
PHY-3002 : Step(100): len = 98284.3, overlap = 69.5625
OPT-1001 : Start physical optimization ...
RUN-1002 : start command "start_timer -report"
TMR-2505 : Start building timing graph for model test_camera.
TMR-2506 : Build timing graph completely. Port num: 19, tpin num: 14383, tnet num: 3711, tinst num: 3128, tnode num: 18165, tedge num: 23229.
TMR-2508 : Levelizing timing graph completed, there are 31 levels in total.
TMR-2501 : Timing graph initialized successfully.
OPT-1001 : Total overflow 221.50 peak overflow 4.25
OPT-1001 : Start high-fanout net optimization ...
OPT-1001 : Update timing in global mode
PHY-1001 : Start incremental global routing, caller is place ...
RUN-1001 : Generating global routing grids ...
RUN-1001 : Building simple global routing graph ...
PHY-1001 : Generate routing nets ...
PHY-1001 : Reuse net number 0/3713.
PHY-1001 : Global iterations in 16 thread ...
PHY-1002 : len = 111144, over cnt = 442(1%), over = 1793, worst = 26
PHY-1001 : End global iterations;  0.227529s wall, 0.328125s user + 0.031250s system = 0.359375s CPU (157.9%)

PHY-1001 : Congestion index: top1 = 43.88, top5 = 31.39, top10 = 24.05, top15 = 19.07.
PHY-1001 : End incremental global routing;  0.304298s wall, 0.390625s user + 0.046875s system = 0.437500s CPU (143.8%)

TMR-2503 : Start to update net delay, extr mode = 5.
TMR-2504 : Update delay of 3711 nets completely.
TMR-2502 : Annotate delay completely, extr mode = 5.
TMR-3001 : Initiate 0 clocks from SDC.
TMR-3004 : Map sdc constraints, there are 2 constraints in total.
TMR-3003 : Constraints initiated successfully.
TMR-3501 : Forward propagation: start to calculate arrival time...
TMR-3502 : Backward propagation: start to calculate required time...
TMR-3503 : Timing propagation completes.
OPT-1001 : End timing update;  0.091291s wall, 0.093750s user + 0.000000s system = 0.093750s CPU (102.7%)

OPT-1001 : 0 high-fanout net processed.
OPT-1001 : End high-fanout net optimization;  0.455580s wall, 0.546875s user + 0.046875s system = 0.593750s CPU (130.3%)

OPT-1001 : Current memory(MB): used = 216, reserve = 192, peak = 216.
OPT-1001 : Start global optimization ...
OPT-1001 : Start congestion update ...
RUN-1001 : Generating global routing grids ...
PHY-1001 : Generate routing nets ...
PHY-1001 : Reuse net number 2689/3713.
PHY-1001 : Global iterations in 16 thread ...
PHY-1002 : len = 111144, over cnt = 442(1%), over = 1793, worst = 26
PHY-1002 : len = 121440, over cnt = 316(0%), over = 820, worst = 16
PHY-1002 : len = 128592, over cnt = 89(0%), over = 237, worst = 13
PHY-1002 : len = 130952, over cnt = 19(0%), over = 31, worst = 7
PHY-1002 : len = 131280, over cnt = 0(0%), over = 0, worst = 0
PHY-1001 : End global iterations;  0.267887s wall, 0.328125s user + 0.015625s system = 0.343750s CPU (128.3%)

PHY-1001 : Congestion index: top1 = 38.56, top5 = 30.20, top10 = 24.62, top15 = 20.46.
OPT-1001 : End congestion update;  0.340362s wall, 0.390625s user + 0.015625s system = 0.406250s CPU (119.4%)

OPT-1001 : Update timing in Manhattan mode
TMR-2503 : Start to update net delay, extr mode = 3.
TMR-2504 : Update delay of 3711 nets completely.
TMR-2502 : Annotate delay completely, extr mode = 3.
TMR-3501 : Forward propagation: start to calculate arrival time...
TMR-3502 : Backward propagation: start to calculate required time...
TMR-3503 : Timing propagation completes.
OPT-1001 : End timing update;  0.067264s wall, 0.078125s user + 0.000000s system = 0.078125s CPU (116.1%)

OPT-0007 : Start: WNS 4470 TNS 0 NUM_FEPS 0
OPT-1001 : End global optimization;  0.407774s wall, 0.468750s user + 0.015625s system = 0.484375s CPU (118.8%)

OPT-1001 : Current memory(MB): used = 219, reserve = 195, peak = 219.
OPT-1001 : End physical optimization;  1.826787s wall, 1.953125s user + 0.062500s system = 2.015625s CPU (110.3%)

PHY-3001 : Start packing ...
SYN-4007 : Packing 0 MUX to BLE ...
SYN-4008 : Packed 0 MUX and 0 SEQ to BLE.
SYN-4007 : Packing 1288 LUT to BLE ...
SYN-4008 : Packed 1288 LUT and 545 SEQ to BLE.
SYN-4003 : Packing 612 remaining SEQ's ...
SYN-4005 : Packed 286 SEQ with LUT/SLICE
SYN-4006 : 551 single LUT's are left
SYN-4006 : 326 single SEQ's are left
SYN-4011 : Packing model "test_camera" (AL_USER_NORMAL) with 1614/2841 primitive instances ...
PHY-3001 : End packing;  0.143798s wall, 0.140625s user + 0.000000s system = 0.140625s CPU (97.8%)

PHY-1001 : Populate physical database on model test_camera.
RUN-1001 : There are total 1585 instances
RUN-1001 : 717 mslices, 717 lslices, 132 pads, 6 brams, 4 dsps
RUN-1001 : There are total 3219 nets
RUN-6004 WARNING: There are 3 nets with only 1 pin.
RUN-1001 : 2082 nets have 2 pins
RUN-1001 : 695 nets have [3 - 5] pins
RUN-1001 : 350 nets have [6 - 10] pins
RUN-1001 : 50 nets have [11 - 20] pins
RUN-1001 : 31 nets have [21 - 99] pins
RUN-1001 : 8 nets have 100+ pins
PHY-3001 : design contains 1583 instances, 1434 slices, 109 macros(534 instances: 373 mslices 161 lslices)
PHY-3001 : Cell area utilization is 18%
PHY-3001 : After packing: Len = 100017, Over = 100.75
PHY-3001 : Run with size of 2
PHY-3001 : Cell area utilization is 18%
PHY-3001 : Update timing in Manhattan mode ...
RUN-1002 : start command "start_timer -report"
TMR-2505 : Start building timing graph for model test_camera.
TMR-2506 : Build timing graph completely. Port num: 19, tpin num: 12482, tnet num: 3217, tinst num: 1583, tnode num: 15190, tedge num: 21002.
TMR-2508 : Levelizing timing graph completed, there are 29 levels in total.
TMR-2501 : Timing graph initialized successfully.
TMR-2503 : Start to update net delay, extr mode = 3.
TMR-2504 : Update delay of 3217 nets completely.
TMR-2502 : Annotate delay completely, extr mode = 3.
TMR-3001 : Initiate 0 clocks from SDC.
TMR-3004 : Map sdc constraints, there are 2 constraints in total.
TMR-3003 : Constraints initiated successfully.
TMR-3501 : Forward propagation: start to calculate arrival time...
TMR-3502 : Backward propagation: start to calculate required time...
TMR-3503 : Timing propagation completes.
PHY-3001 : End timing update;  1.042596s wall, 1.031250s user + 0.015625s system = 1.046875s CPU (100.4%)

PHY-3001 : :::0::: Try harder cell spreading with beta_ = 2.51724e-05
PHY-3002 : Step(101): len = 98740.4, overlap = 104.75
PHY-3002 : Step(102): len = 98233.7, overlap = 107.75
PHY-3002 : Step(103): len = 97661.9, overlap = 112.5
PHY-3002 : Step(104): len = 96319.1, overlap = 114.5
PHY-3002 : Step(105): len = 95660.9, overlap = 115.5
PHY-3002 : Step(106): len = 95319.3, overlap = 114.75
PHY-3001 : :::1::: Try harder cell spreading with beta_ = 5.03448e-05
PHY-3002 : Step(107): len = 96239.9, overlap = 115.75
PHY-3002 : Step(108): len = 96624.9, overlap = 115.5
PHY-3002 : Step(109): len = 98427.2, overlap = 106.75
PHY-3002 : Step(110): len = 99061.8, overlap = 102.25
PHY-3002 : Step(111): len = 99260.9, overlap = 100.25
PHY-3001 : :::2::: Try harder cell spreading with beta_ = 0.00010069
PHY-3002 : Step(112): len = 100003, overlap = 96.5
PHY-3002 : Step(113): len = 100003, overlap = 96.5
PHY-3002 : Step(114): len = 100169, overlap = 93.75
PHY-3001 : Legalization ...
PHY-3001 : End legalization;  0.174670s wall, 0.125000s user + 0.281250s system = 0.406250s CPU (232.6%)

PHY-3001 : Trial Legalized: Len = 126412
PHY-3001 : Run with size of 2
PHY-3001 : Cell area utilization is 18%
PHY-3001 : Update timing in Manhattan mode ...
TMR-2503 : Start to update net delay, extr mode = 3.
TMR-2504 : Update delay of 3217 nets completely.
TMR-2502 : Annotate delay completely, extr mode = 3.
TMR-3501 : Forward propagation: start to calculate arrival time...
TMR-3502 : Backward propagation: start to calculate required time...
TMR-3503 : Timing propagation completes.
PHY-3001 : End timing update;  0.061406s wall, 0.062500s user + 0.000000s system = 0.062500s CPU (101.8%)

PHY-3001 : :::0::: Try harder cell spreading with beta_ = 0.000218015
PHY-3002 : Step(115): len = 120554, overlap = 5.5
PHY-3002 : Step(116): len = 112449, overlap = 27
PHY-3002 : Step(117): len = 110161, overlap = 34.75
PHY-3002 : Step(118): len = 109068, overlap = 41.75
PHY-3002 : Step(119): len = 108305, overlap = 44
PHY-3002 : Step(120): len = 108136, overlap = 43.75
PHY-3001 : :::1::: Try harder cell spreading with beta_ = 0.000436031
PHY-3002 : Step(121): len = 108450, overlap = 44
PHY-3002 : Step(122): len = 108560, overlap = 44.5
PHY-3002 : Step(123): len = 108497, overlap = 43.5
PHY-3001 : :::2::: Try harder cell spreading with beta_ = 0.000872061
PHY-3002 : Step(124): len = 108769, overlap = 43.75
PHY-3002 : Step(125): len = 109007, overlap = 43.75
PHY-3001 : Legalization ...
PHY-3001 : End legalization;  0.006330s wall, 0.000000s user + 0.000000s system = 0.000000s CPU (n/a%)

PHY-3001 : Legalized: Len = 118272, Over = 0
PHY-3001 : Spreading special nets. 27 overflows in 2952 tiles.
PHY-3001 : End spreading;  0.014019s wall, 0.015625s user + 0.000000s system = 0.015625s CPU (111.5%)

PHY-3001 : 38 instances has been re-located, deltaX = 30, deltaY = 17, maxDist = 2.
PHY-3001 : Final: Len = 119109, Over = 0
OPT-1001 : Start physical optimization ...
RUN-1002 : start command "start_timer -report"
TMR-2505 : Start building timing graph for model test_camera.
TMR-2506 : Build timing graph completely. Port num: 19, tpin num: 12482, tnet num: 3217, tinst num: 1583, tnode num: 15190, tedge num: 21002.
TMR-2508 : Levelizing timing graph completed, there are 29 levels in total.
TMR-2501 : Timing graph initialized successfully.
OPT-1001 : Total overflow 0.00 peak overflow 0.00
OPT-1001 : Start high-fanout net optimization ...
OPT-1001 : Update timing in global mode
PHY-1001 : Start incremental global routing, caller is place ...
RUN-1001 : Generating global routing grids ...
PHY-1001 : Generate routing nets ...
PHY-1001 : Reuse net number 147/3219.
PHY-1001 : Global iterations in 16 thread ...
PHY-1002 : len = 139536, over cnt = 336(0%), over = 567, worst = 6
PHY-1002 : len = 141816, over cnt = 196(0%), over = 278, worst = 5
PHY-1002 : len = 144752, over cnt = 32(0%), over = 47, worst = 5
PHY-1002 : len = 145400, over cnt = 4(0%), over = 4, worst = 1
PHY-1002 : len = 145464, over cnt = 0(0%), over = 0, worst = 0
PHY-1001 : End global iterations;  0.453035s wall, 0.546875s user + 0.046875s system = 0.593750s CPU (131.1%)

PHY-1001 : Congestion index: top1 = 34.50, top5 = 27.90, top10 = 23.89, top15 = 20.95.
PHY-1001 : End incremental global routing;  0.548113s wall, 0.640625s user + 0.046875s system = 0.687500s CPU (125.4%)

TMR-2503 : Start to update net delay, extr mode = 5.
TMR-2504 : Update delay of 3217 nets completely.
TMR-2502 : Annotate delay completely, extr mode = 5.
TMR-3001 : Initiate 0 clocks from SDC.
TMR-3004 : Map sdc constraints, there are 2 constraints in total.
TMR-3003 : Constraints initiated successfully.
TMR-3501 : Forward propagation: start to calculate arrival time...
TMR-3502 : Backward propagation: start to calculate required time...
TMR-3503 : Timing propagation completes.
OPT-1001 : End timing update;  0.085042s wall, 0.078125s user + 0.000000s system = 0.078125s CPU (91.9%)

OPT-1001 : 0 high-fanout net processed.
OPT-1001 : End high-fanout net optimization;  0.694199s wall, 0.781250s user + 0.046875s system = 0.828125s CPU (119.3%)

OPT-1001 : Current memory(MB): used = 227, reserve = 203, peak = 227.
OPT-1001 : Start path based optimization ...
OPT-1001 : Start congestion update ...
RUN-1001 : Generating global routing grids ...
PHY-1001 : Generate routing nets ...
PHY-1001 : Reuse net number 2691/3219.
PHY-1001 : Global iterations in 16 thread ...
PHY-1002 : len = 145464, over cnt = 0(0%), over = 0, worst = 0
PHY-1001 : End global iterations;  0.015834s wall, 0.015625s user + 0.000000s system = 0.015625s CPU (98.7%)

PHY-1001 : Congestion index: top1 = 34.50, top5 = 27.90, top10 = 23.89, top15 = 20.95.
OPT-1001 : End congestion update;  0.091412s wall, 0.093750s user + 0.000000s system = 0.093750s CPU (102.6%)

OPT-1001 : Update timing in Manhattan mode
TMR-2503 : Start to update net delay, extr mode = 3.
TMR-2504 : Update delay of 3217 nets completely.
TMR-2502 : Annotate delay completely, extr mode = 3.
TMR-3501 : Forward propagation: start to calculate arrival time...
TMR-3502 : Backward propagation: start to calculate required time...
TMR-3503 : Timing propagation completes.
OPT-1001 : End timing update;  0.060904s wall, 0.062500s user + 0.000000s system = 0.062500s CPU (102.6%)

OPT-0007 : Start: WNS 4245 TNS 0 NUM_FEPS 0
OPT-1001 : End path based optimization;  0.152442s wall, 0.156250s user + 0.000000s system = 0.156250s CPU (102.5%)

OPT-1001 : Current memory(MB): used = 228, reserve = 204, peak = 228.
OPT-1001 : Update timing in Manhattan mode
TMR-2503 : Start to update net delay, extr mode = 3.
TMR-2504 : Update delay of 3217 nets completely.
TMR-2502 : Annotate delay completely, extr mode = 3.
TMR-3501 : Forward propagation: start to calculate arrival time...
TMR-3502 : Backward propagation: start to calculate required time...
TMR-3503 : Timing propagation completes.
OPT-1001 : End timing update;  0.061264s wall, 0.062500s user + 0.000000s system = 0.062500s CPU (102.0%)

OPT-1001 : Start pin optimization...
OPT-1001 : skip pin optimization...
OPT-1001 : Update timing in global mode
PHY-1001 : Start incremental global routing, caller is place ...
RUN-1001 : Generating global routing grids ...
PHY-1001 : Generate routing nets ...
PHY-1001 : Reuse net number 2691/3219.
PHY-1001 : Global iterations in 16 thread ...
PHY-1002 : len = 145464, over cnt = 0(0%), over = 0, worst = 0
PHY-1001 : End global iterations;  0.016371s wall, 0.015625s user + 0.000000s system = 0.015625s CPU (95.4%)

PHY-1001 : Congestion index: top1 = 34.50, top5 = 27.90, top10 = 23.89, top15 = 20.95.
PHY-1001 : End incremental global routing;  0.092201s wall, 0.093750s user + 0.000000s system = 0.093750s CPU (101.7%)

TMR-2503 : Start to update net delay, extr mode = 5.
TMR-2504 : Update delay of 3217 nets completely.
TMR-2502 : Annotate delay completely, extr mode = 5.
TMR-3501 : Forward propagation: start to calculate arrival time...
TMR-3502 : Backward propagation: start to calculate required time...
TMR-3503 : Timing propagation completes.
OPT-1001 : End timing update;  0.076732s wall, 0.078125s user + 0.000000s system = 0.078125s CPU (101.8%)

RUN-1001 : Generating global routing grids ...
PHY-1001 : Generate routing nets ...
PHY-1001 : Reuse net number 2691/3219.
PHY-1001 : Global iterations in 16 thread ...
PHY-1002 : len = 145464, over cnt = 0(0%), over = 0, worst = 0
PHY-1001 : End global iterations;  0.016329s wall, 0.015625s user + 0.000000s system = 0.015625s CPU (95.7%)

PHY-1001 : Congestion index: top1 = 34.50, top5 = 27.90, top10 = 23.89, top15 = 20.95.
OPT-1001 : Update timing in Manhattan mode
TMR-2503 : Start to update net delay, extr mode = 3.
TMR-2504 : Update delay of 3217 nets completely.
TMR-2502 : Annotate delay completely, extr mode = 3.
TMR-3501 : Forward propagation: start to calculate arrival time...
TMR-3502 : Backward propagation: start to calculate required time...
TMR-3503 : Timing propagation completes.
OPT-1001 : End timing update;  0.061405s wall, 0.062500s user + 0.000000s system = 0.062500s CPU (101.8%)

RUN-1001 : QoR Analysis:
OPT-0007 :   WNS 4245 TNS 0 NUM_FEPS 0
RUN-1001 :   No local congestion issue, and most congested 1% tile average routing util is 34.068966
RUN-1001 :   Top critical paths
OPT-1001 : End physical optimization;  2.257102s wall, 2.328125s user + 0.109375s system = 2.437500s CPU (108.0%)

RUN-1003 : finish command "place" in  10.769877s wall, 16.062500s user + 5.203125s system = 21.265625s CPU (197.5%)

RUN-1004 : used memory is 197 MB, reserved memory is 173 MB, peak memory is 229 MB
RUN-1002 : start command "export_db ov2640_sdram_place.db"
RUN-1001 : Exported /
RUN-1001 : Exported flow parameters
RUN-1001 : Exported libs
RUN-1001 : Exported entities
RUN-1001 : Exported ports
RUN-1001 : Exported pins
RUN-1001 : Exported instances
RUN-1001 : Exported nets
RUN-1001 : Exported buses
RUN-1001 : Exported models
RUN-1001 : Exported congestions
RUN-1001 : Exported violations
RUN-1001 : Exported timing constraints
RUN-1001 : Exported IO constraints
RUN-1001 : Exported Inst constraints
RUN-1002 : start command "route"
RUN-1001 : Open license file C:/Anlogic/TD5.6.59063/license/Anlogic.lic
RUN-1001 : Print Global Property
RUN-1001 : ---------------------------------------------------------------
RUN-1001 :        Parameters        |  Settings  |  Default Values  |  Note  
RUN-1001 : ---------------------------------------------------------------
RUN-1001 :          message         |  standard  |     standard     |        
RUN-1001 :   mixed_pack_place_flow  |     on     |        on        |        
RUN-1001 :        qor_monitor       |    off     |       off        |        
RUN-1001 :        syn_ip_flow       |    off     |       off        |        
RUN-1001 :          thread          |    auto    |       auto       |        
RUN-1001 : ---------------------------------------------------------------
RUN-1001 : Print Route Property
RUN-1001 : -------------------------------------------------------
RUN-1001 :    Parameters    |  Settings  |  Default Values  |  Note  
RUN-1001 : -------------------------------------------------------
RUN-1001 :      effort      |   medium   |      medium      |        
RUN-1001 :     fix_hold     |    off     |       off        |        
RUN-1001 :    opt_timing    |   medium   |      medium      |        
RUN-1001 :   phy_sim_model  |    off     |       off        |        
RUN-1001 :     priority     |   timing   |      timing      |        
RUN-1001 :     swap_pin     |     on     |        on        |        
RUN-1001 : -------------------------------------------------------
PHY-1001 : Route runs in 16 thread(s)
RUN-1001 : There are total 1585 instances
RUN-1001 : 717 mslices, 717 lslices, 132 pads, 6 brams, 4 dsps
RUN-1001 : There are total 3219 nets
RUN-6004 WARNING: There are 3 nets with only 1 pin.
RUN-1001 : 2082 nets have 2 pins
RUN-1001 : 695 nets have [3 - 5] pins
RUN-1001 : 350 nets have [6 - 10] pins
RUN-1001 : 50 nets have [11 - 20] pins
RUN-1001 : 31 nets have [21 - 99] pins
RUN-1001 : 8 nets have 100+ pins
RUN-1002 : start command "start_timer -report"
TMR-2505 : Start building timing graph for model test_camera.
TMR-2506 : Build timing graph completely. Port num: 19, tpin num: 12482, tnet num: 3217, tinst num: 1583, tnode num: 15190, tedge num: 21002.
TMR-2508 : Levelizing timing graph completed, there are 29 levels in total.
TMR-2501 : Timing graph initialized successfully.
RUN-1003 : finish command "start_timer -report" in  1.063102s wall, 1.062500s user + 0.000000s system = 1.062500s CPU (99.9%)

RUN-1004 : used memory is 221 MB, reserved memory is 199 MB, peak memory is 253 MB
PHY-1001 : 717 mslices, 717 lslices, 132 pads, 6 brams, 4 dsps
TMR-2503 : Start to update net delay, extr mode = 3.
TMR-2504 : Update delay of 3217 nets completely.
TMR-2502 : Annotate delay completely, extr mode = 3.
TMR-3001 : Initiate 0 clocks from SDC.
TMR-3004 : Map sdc constraints, there are 2 constraints in total.
TMR-3003 : Constraints initiated successfully.
TMR-3501 : Forward propagation: start to calculate arrival time...
TMR-3502 : Backward propagation: start to calculate required time...
TMR-3503 : Timing propagation completes.
PHY-1001 : Start global routing, caller is route ...
RUN-1001 : Generating global routing grids ...
PHY-1001 : Generate routing nets ...
PHY-1001 : Global iterations in 16 thread ...
PHY-1002 : len = 137576, over cnt = 342(0%), over = 617, worst = 6
PHY-1002 : len = 140528, over cnt = 203(0%), over = 279, worst = 5
PHY-1002 : len = 143096, over cnt = 52(0%), over = 69, worst = 3
PHY-1002 : len = 144112, over cnt = 1(0%), over = 1, worst = 1
PHY-1002 : len = 144160, over cnt = 0(0%), over = 0, worst = 0
PHY-1001 : End global iterations;  0.470181s wall, 0.562500s user + 0.125000s system = 0.687500s CPU (146.2%)

PHY-1001 : Congestion index: top1 = 34.70, top5 = 28.00, top10 = 23.81, top15 = 20.79.
PHY-1001 : End global routing;  0.556176s wall, 0.640625s user + 0.125000s system = 0.765625s CPU (137.7%)

PHY-1001 : Start detail routing ...
PHY-1001 : Current memory(MB): used = 246, reserve = 223, peak = 261.
PHY-1001 : Detailed router is running in normal mode.
PHY-1001 : Generate detailed routing grids ...
PHY-1001 : Generate nets ...
PHY-1001 : net cam_pclk_dup_4 will be routed on clock mesh
PHY-1001 : net clk_24m_dup_1 will be routed on clock mesh
PHY-1001 : net clk_cam will be routed on clock mesh
PHY-1001 : net vga_clk_dup_1 will be routed on clock mesh
PHY-1001 : clock net u_image_select/mode[3]_syn_39 will be merged with clock u_image_select/mode[3]_syn_18
PHY-1001 : clock net Sdram_Control_4Port/CTRL_CLK will be merged with clock u_pll/clk0_buf
PHY-1001 : net Sdram_Control_4Port/SDRAM_CLK will be routed on clock mesh
PHY-1001 : clock net u_camera_init/divider2[8]_syn_4 will be merged with clock u_camera_init/divider2[8]
PHY-1001 : clock net u_camera_init/divider2[7]_syn_2 will be merged with clock u_camera_init/divider2[7]
PHY-1001 : net u_camera_init/u_i2c_write/clk will be routed on clock mesh
PHY-5010 WARNING: Net u_image_process/out_img_imy[1] is skipped due to 0 input or output
PHY-5010 WARNING: Net u_image_process/out_img_imy[0] is skipped due to 0 input or output
PHY-1001 : clock net u_image_process/wrreq_syn_2 will be merged with clock u_image_process/wrreq
PHY-5010 WARNING: Net u_image_process/u_RGBYCbCr/pre_frame_vsync_d[2] is skipped due to 0 input or output
PHY-5010 WARNING: Net u_image_process/out_img_imy[1] is skipped due to 0 input or output
PHY-5010 WARNING: Net u_image_process/out_img_imy[0] is skipped due to 0 input or output
PHY-5010 WARNING: Net u_image_process/u_RGBYCbCr/pre_frame_vsync_d[2] is skipped due to 0 input or output
PHY-1001 : Current memory(MB): used = 514, reserve = 495, peak = 514.
PHY-1001 : End build detailed router design. 3.959464s wall, 3.906250s user + 0.046875s system = 3.953125s CPU (99.8%)

PHY-1001 : Detail Route ...
PHY-1001 : ===== Detail Route Phase 1 =====
PHY-1001 : Clock net routing.....
PHY-1001 : Routed 0% nets.
PHY-1022 : len = 39536, over cnt = 0(0%), over = 0, worst = 0, crit = 0
PHY-1001 : End initial clock net routed; 4.646639s wall, 4.656250s user + 0.000000s system = 4.656250s CPU (100.2%)

PHY-1001 : Current memory(MB): used = 546, reserve = 530, peak = 546.
PHY-1001 : End phase 1; 4.653904s wall, 4.656250s user + 0.000000s system = 4.656250s CPU (100.1%)

PHY-1001 : ===== Detail Route Phase 2 =====
PHY-1001 : Initial routing.....
PHY-1001 : Routed 20% nets.
PHY-1001 : Routed 24% nets.
PHY-1001 : Routed 26% nets.
PHY-1001 : Routed 30% nets.
PHY-1001 : Routed 39% nets.
PHY-1001 : Patch 1442 net; 2.025665s wall, 2.031250s user + 0.000000s system = 2.031250s CPU (100.3%)

PHY-1022 : len = 339304, over cnt = 159(0%), over = 159, worst = 1, crit = 0
PHY-1001 : Current memory(MB): used = 549, reserve = 532, peak = 549.
PHY-1001 : End initial routed; 4.618129s wall, 6.406250s user + 0.015625s system = 6.421875s CPU (139.1%)

PHY-1001 : Update timing.....
PHY-1001 : 0/2722(0%) critical/total net(s).
RUN-1001 : ------------------------------------------
RUN-1001 :   Type   |    WNS(ns)    |  TNS(ns)  |  FEP  
RUN-1001 : ------------------------------------------
RUN-1001 :   Setup  |     3.792     |   0.000   |   0   
RUN-1001 :   Hold   |  2147483.647  |   0.000   |   0   
RUN-1001 : ------------------------------------------
PHY-1001 : End update timing; 1.238427s wall, 1.234375s user + 0.000000s system = 1.234375s CPU (99.7%)

PHY-1001 : Current memory(MB): used = 553, reserve = 536, peak = 553.
PHY-1001 : End phase 2; 5.856627s wall, 7.640625s user + 0.015625s system = 7.656250s CPU (130.7%)

PHY-1001 : ===== Detail Route Phase 3 =====
PHY-1001 : Optimize timing.....
PHY-1022 : len = 339304, over cnt = 159(0%), over = 159, worst = 1, crit = 0
PHY-1001 : End optimize timing; 0.013105s wall, 0.015625s user + 0.000000s system = 0.015625s CPU (119.2%)

PHY-1001 : Ripup-reroute.....
PHY-1001 : ===== DR Iter 1 =====
PHY-1022 : len = 338096, over cnt = 40(0%), over = 40, worst = 1, crit = 0
PHY-1001 : End DR Iter 1; 0.125668s wall, 0.140625s user + 0.000000s system = 0.140625s CPU (111.9%)

PHY-1001 : ===== DR Iter 2 =====
PHY-1022 : len = 338496, over cnt = 7(0%), over = 7, worst = 1, crit = 0
PHY-1001 : End DR Iter 2; 0.057540s wall, 0.062500s user + 0.000000s system = 0.062500s CPU (108.6%)

PHY-1001 : ===== DR Iter 3 =====
PHY-1022 : len = 338536, over cnt = 0(0%), over = 0, worst = 0, crit = 0
PHY-1001 : End DR Iter 3; 0.039744s wall, 0.046875s user + 0.000000s system = 0.046875s CPU (117.9%)

PHY-1001 : Update timing.....
PHY-1001 : 0/2722(0%) critical/total net(s).
RUN-1001 : ------------------------------------------
RUN-1001 :   Type   |    WNS(ns)    |  TNS(ns)  |  FEP  
RUN-1001 : ------------------------------------------
RUN-1001 :   Setup  |     3.792     |   0.000   |   0   
RUN-1001 :   Hold   |  2147483.647  |   0.000   |   0   
RUN-1001 : ------------------------------------------
PHY-1001 : End update timing; 1.151196s wall, 1.125000s user + 0.015625s system = 1.140625s CPU (99.1%)

PHY-1001 : Commit to database.....
PHY-1001 : 20 feed throughs used by 18 nets
PHY-1001 : End commit to database; 0.351619s wall, 0.343750s user + 0.015625s system = 0.359375s CPU (102.2%)

PHY-1001 : Current memory(MB): used = 570, reserve = 553, peak = 570.
PHY-1001 : End phase 3; 1.902396s wall, 1.890625s user + 0.031250s system = 1.921875s CPU (101.0%)

PHY-1003 : Routed, final wirelength = 338536
PHY-1001 : Current memory(MB): used = 571, reserve = 554, peak = 571.
PHY-1001 : End export database. 0.014082s wall, 0.015625s user + 0.000000s system = 0.015625s CPU (111.0%)

PHY-1001 : End detail routing;  16.640560s wall, 18.359375s user + 0.093750s system = 18.453125s CPU (110.9%)

RUN-1003 : finish command "route" in  18.416441s wall, 20.234375s user + 0.218750s system = 20.453125s CPU (111.1%)

RUN-1004 : used memory is 543 MB, reserved memory is 528 MB, peak memory is 571 MB
RUN-1002 : start command "report_area -io_info -file ov2640_sdram_phy.area"
RUN-1001 : standard
***Report Model: test_camera Device: EG4S20BG256***

IO Statistics
#IO                        77
  #input                   29
  #output                  47
  #inout                    1

Utilization Statistics
#lut                     2409   out of  19600   12.29%
#reg                     1160   out of  19600    5.92%
#le                      2735
  #lut only              1575   out of   2735   57.59%
  #reg only               326   out of   2735   11.92%
  #lut&reg                834   out of   2735   30.49%
#dsp                        4   out of     29   13.79%
#bram                       4   out of     64    6.25%
  #bram9k                   0
  #fifo9k                   4
#bram32k                    2   out of     16   12.50%
#pad                       77   out of    188   40.96%
  #ireg                     0
  #oreg                     0
  #treg                     0
#pll                        1   out of      4   25.00%
#gclk                      11   out of     16   68.75%

Clock Resource Statistics
Index     ClockNet                         Type               DriverType         Driver                                       Fanout
#1        cam_pclk_dup_4                   GCLK               io                 cam_pclk_syn_5.di                            384
#2        u_pll/clk0_buf                   GCLK               pll                u_pll/pll_inst.clkc0                         176
#3        vga_clk_dup_1                    GCLK               pll                u_pll/pll_inst.clkc2                         43
#4        u_camera_init/divider2[8]        GCLK               lslice             u_camera_init/add2_syn_56.q1                 22
#5        u_camera_init/u_i2c_write/clk    GCLK               pll                u_pll/pll_inst.clkc4                         19
#6        u_camera_init/divider2[7]        GCLK               lslice             u_camera_init/add2_syn_56.q0                 17
#7        u_image_select/mode[3]_syn_18    GCLK               mslice             u_image_select/mode[3]_syn_43.f0             10
#8        u_image_process/wrreq            GCLK               mslice             u_image_process/u_RGBYCbCr/reg7_syn_14.f0    9
#9        clk_24m_dup_1                    GCLK               io                 clk_24m_syn_2.di                             7
#10       Sdram_Control_4Port/SDRAM_CLK    GCLK               pll                u_pll/pll_inst.clkc1                         0
#11       clk_cam                          GCLK               pll                u_pll/pll_inst.clkc3                         0


Detailed IO Report

     Name        Direction    Location    IOStandard    DriveStrength    PullType    PackReg  
   Switch[5]       INPUT         P6        LVCMOS25          N/A          PULLUP      NONE    
   Switch[4]       INPUT         M6        LVCMOS25          N/A          PULLUP      NONE    
   Switch[3]       INPUT         T6        LVCMOS25          N/A          PULLUP      NONE    
   Switch[2]       INPUT         T5        LVCMOS25          N/A          PULLUP      NONE    
   Switch[1]       INPUT         R5        LVCMOS25          N/A          PULLUP      NONE    
   Switch[0]       INPUT         T4        LVCMOS25          N/A          PULLUP      NONE    
  cam_data[7]      INPUT        H13        LVCMOS33          N/A          PULLUP      NONE    
  cam_data[6]      INPUT        G16        LVCMOS33          N/A          PULLUP      NONE    
  cam_data[5]      INPUT        H16        LVCMOS33          N/A          PULLUP      NONE    
  cam_data[4]      INPUT        G14        LVCMOS33          N/A          PULLUP      NONE    
  cam_data[3]      INPUT        K15        LVCMOS33          N/A          PULLUP      NONE    
  cam_data[2]      INPUT        K16        LVCMOS33          N/A          PULLUP      NONE    
  cam_data[1]      INPUT        J16        LVCMOS33          N/A          PULLUP      NONE    
  cam_data[0]      INPUT        H15        LVCMOS33          N/A          PULLUP      NONE    
   cam_href        INPUT        F15        LVCMOS33          N/A          PULLUP      NONE    
   cam_pclk        INPUT        K12        LVCMOS33          N/A          PULLUP      NONE    
   cam_vsync       INPUT        E15        LVCMOS33          N/A          PULLUP      NONE    
    clk_24m        INPUT        K14        LVCMOS33          N/A          PULLUP      NONE    
     rst_n         INPUT        G11        LVCMOS33          N/A          PULLUP      NONE    
    Led[15]       OUTPUT        T13        LVCMOS25           8            NONE       NONE    
    Led[14]       OUTPUT        T12        LVCMOS25           8            NONE       NONE    
    Led[13]       OUTPUT        R12        LVCMOS25           8            NONE       NONE    
    Led[12]       OUTPUT         M7        LVCMOS25           8            NONE       NONE    
    Led[11]       OUTPUT         T9        LVCMOS25           8            NONE       NONE    
    Led[10]       OUTPUT         T8        LVCMOS25           8            NONE       NONE    
    Led[9]        OUTPUT         T7        LVCMOS25           8            NONE       NONE    
    Led[8]        OUTPUT         R7        LVCMOS25           8            NONE       NONE    
    Led[7]        OUTPUT         P5        LVCMOS25           8            NONE       NONE    
    Led[6]        OUTPUT         N5        LVCMOS25           8            NONE       NONE    
    Led[5]        OUTPUT         P4        LVCMOS25           8            NONE       NONE    
    Led[4]        OUTPUT         M5        LVCMOS25           8            NONE       NONE    
    Led[3]        OUTPUT         N4        LVCMOS25           8            NONE       NONE    
    Led[2]        OUTPUT         N3        LVCMOS25           8            NONE       NONE    
    Led[1]        OUTPUT         M4        LVCMOS25           8            NONE       NONE    
    Led[0]        OUTPUT         M3        LVCMOS25           8            NONE       NONE    
   cam_pwdn       OUTPUT        F14        LVCMOS33           8            NONE       NONE    
    cam_rst       OUTPUT        F13        LVCMOS33           8            NONE       NONE    
   cam_soic       OUTPUT        D16        LVCMOS33           8           PULLUP      NONE    
   cam_xclk       OUTPUT        J12        LVCMOS33           8            NONE       NONE    
   vga_b[7]       OUTPUT         C1        LVCMOS25           8            NONE       NONE    
   vga_b[6]       OUTPUT         D1        LVCMOS25           8            NONE       NONE    
   vga_b[5]       OUTPUT         E2        LVCMOS25           8            NONE       NONE    
   vga_b[4]       OUTPUT         G3        LVCMOS25           8            NONE       NONE    
   vga_b[3]       OUTPUT         E1        LVCMOS25           8            NONE       NONE    
   vga_b[2]       OUTPUT         F2        LVCMOS25           8            NONE       NONE    
   vga_b[1]       OUTPUT         F1        LVCMOS25           8            NONE       NONE    
   vga_b[0]       OUTPUT         G1        LVCMOS25           8            NONE       NONE    
    vga_clk       OUTPUT         H2        LVCMOS25           8            NONE       NONE    
   vga_g[7]       OUTPUT         H5        LVCMOS25           8            NONE       NONE    
   vga_g[6]       OUTPUT         H1        LVCMOS25           8            NONE       NONE    
   vga_g[5]       OUTPUT         J6        LVCMOS25           8            NONE       NONE    
   vga_g[4]       OUTPUT         H3        LVCMOS25           8            NONE       NONE    
   vga_g[3]       OUTPUT         J1        LVCMOS25           8            NONE       NONE    
   vga_g[2]       OUTPUT         K1        LVCMOS25           8            NONE       NONE    
   vga_g[1]       OUTPUT         K2        LVCMOS25           8            NONE       NONE    
   vga_g[0]       OUTPUT         L1        LVCMOS25           8            NONE       NONE    
   vga_hsync      OUTPUT         J3        LVCMOS25           8            NONE       NONE    
   vga_r[7]       OUTPUT         K6        LVCMOS25           8            NONE       NONE    
   vga_r[6]       OUTPUT         K3        LVCMOS25           8            NONE       NONE    
   vga_r[5]       OUTPUT         K5        LVCMOS25           8            NONE       NONE    
   vga_r[4]       OUTPUT         L4        LVCMOS25           8            NONE       NONE    
   vga_r[3]       OUTPUT         M1        LVCMOS25           8            NONE       NONE    
   vga_r[2]       OUTPUT         M2        LVCMOS25           8            NONE       NONE    
   vga_r[1]       OUTPUT         L3        LVCMOS25           8            NONE       NONE    
   vga_r[0]       OUTPUT         L5        LVCMOS25           8            NONE       NONE    
   vga_vsync      OUTPUT         J4        LVCMOS25           8            NONE       NONE    
   cam_soid        INOUT        D14        LVCMOS33           8           PULLUP      NONE    

Report Hierarchy Area:
+---------------------------------------------------------------------------------------------------------------------------------------+
|Instance                              |Module                                     |le     |lut     |ripple  |seq     |bram    |dsp     |
+---------------------------------------------------------------------------------------------------------------------------------------+
|top                                   |test_camera                                |2735   |1875    |534     |1160    |6       |4       |
|  Sdram_Control_4Port                 |Sdram_Control_4Port                        |655    |415     |108     |397     |2       |0       |
|    command1                          |command                                    |49     |48      |0       |42      |0       |0       |
|    control1                          |control_interface                          |100    |64      |24      |51      |0       |0       |
|    data_path1                        |sdr_data_path                              |16     |16      |0       |4       |0       |0       |
|    read_fifo1                        |Sdram_RD_FIFO                              |130    |61      |18      |103     |1       |0       |
|      dcfifo_component                |softfifo                                   |130    |61      |18      |103     |1       |0       |
|        ram_inst                      |ram_infer_softfifo                         |0      |0       |0       |0       |1       |0       |
|        rd_to_wr_cross_inst           |fifo_cross_domain_addr_process_al_softfifo |41     |20      |0       |41      |0       |0       |
|        wr_to_rd_cross_inst           |fifo_cross_domain_addr_process_al_softfifo |33     |17      |0       |33      |0       |0       |
|    sdram1                            |sdram                                      |3      |3       |0       |1       |0       |0       |
|    write_fifo1                       |Sdram_WR_FIFO                              |129    |57      |18      |103     |1       |0       |
|      dcfifo_component                |softfifo                                   |129    |57      |18      |103     |1       |0       |
|        ram_inst                      |ram_infer_softfifo                         |0      |0       |0       |0       |1       |0       |
|        rd_to_wr_cross_inst           |fifo_cross_domain_addr_process_al_softfifo |36     |19      |0       |36      |0       |0       |
|        wr_to_rd_cross_inst           |fifo_cross_domain_addr_process_al_softfifo |34     |19      |0       |34      |0       |0       |
|  u_Mode_Switch                       |Mode_Switch                                |11     |11      |0       |9       |0       |0       |
|  u_cam_vga_out                       |Driver                                     |111    |67      |44      |23      |0       |0       |
|  u_camera_init                       |camera_init                                |567    |550     |9       |85      |0       |0       |
|    u_i2c_write                       |i2c_module                                 |167    |163     |0       |44      |0       |0       |
|  u_camera_reader                     |camera_reader                              |94     |48      |17      |62      |0       |0       |
|  u_image_process                     |image_process                              |1252   |739     |356     |559     |4       |4       |
|    u_Median_Gray                     |Median_Gray                                |712    |411     |235     |268     |2       |0       |
|      u_Median_Filter_3X3_8Bit_median |Median_Filter_3X3                          |488    |298     |190     |129     |0       |0       |
|        u_Sort3_1                     |Sort3                                      |84     |54      |30      |24      |0       |0       |
|        u_Sort3_2                     |Sort3                                      |90     |60      |30      |30      |0       |0       |
|        u_Sort3_3                     |Sort3                                      |84     |54      |30      |28      |0       |0       |
|        u_Sort3_4                     |Sort3                                      |46     |26      |20      |10      |0       |0       |
|        u_Sort3_5                     |Sort3                                      |70     |40      |30      |12      |0       |0       |
|        u_Sort3_6                     |Sort3                                      |46     |26      |20      |11      |0       |0       |
|        u_Sort3_7                     |Sort3                                      |66     |36      |30      |12      |0       |0       |
|      u_three_martix                  |three_martix                               |224    |113     |45      |139     |2       |0       |
|        u_fifo_1                      |fifo_1                                     |0      |0       |0       |0       |1       |0       |
|        u_fifo_2                      |fifo_2                                     |0      |0       |0       |0       |1       |0       |
|    u_RGBYCbCr                        |RGBYCbCr                                   |112    |68      |29      |58      |0       |4       |
|    u_Sobel_Process                   |Sobel_Process                              |370    |206     |92      |184     |2       |0       |
|      u_Caculate_Sobel                |Caculate_Sobel                             |142    |95      |47      |51      |0       |0       |
|      u_three_martix_2                |three_martix                               |228    |111     |45      |133     |2       |0       |
|        u_fifo_1                      |fifo_1                                     |0      |0       |0       |0       |1       |0       |
|        u_fifo_2                      |fifo_2                                     |0      |0       |0       |0       |1       |0       |
|  u_image_select                      |image_select                               |26     |26      |0       |21      |0       |0       |
|  u_pll                               |ip_pll                                     |0      |0       |0       |0       |0       |0       |
+---------------------------------------------------------------------------------------------------------------------------------------+


DataNet Average Fanout:

   Index     Fanout     Nets  
    #1          1       2013  
    #2          2       396   
    #3          3       146   
    #4          4       135   
    #5        5-10      355   
    #6        11-50      65   
    #7       51-100      6    
    #8       101-500     2    
  Average     2.71            

RUN-1002 : start command "export_db ov2640_sdram_pr.db"
RUN-1001 : Exported /
RUN-1001 : Exported flow parameters
RUN-1001 : Exported libs
RUN-1001 : Exported entities
RUN-1001 : Exported ports
RUN-1001 : Exported pins
RUN-1001 : Exported instances
RUN-1001 : Exported nets
RUN-1001 : Exported buses
RUN-1001 : Exported models
RUN-1001 : Exported congestions
RUN-1001 : Exported violations
RUN-1001 : Exported timing constraints
RUN-1001 : Exported IO constraints
RUN-1001 : Exported Inst constraints
RUN-1002 : start command "export_bid ov2640_sdram_inst.bid"
RUN-1002 : start command "bitgen -bit ov2640_sdram.bit"
BIT-1003 : Start to generate bitstream. 
BIT-1002 : Init instances with 16 threads.
BIT-1002 : Init instances completely, inst num: 1583
BIT-1002 : Init pips with 16 threads.
BIT-1002 : Init pips completely, net num: 3219, pip num: 27331
BIT-1002 : Init feedthrough with 16 threads.
BIT-1002 : Init feedthrough completely, num: 20
BIT-1003 : Multithreading accelaration with 16 threads.
BIT-1003 : Generate bitstream completely, there are 1789 valid insts, and 82277 bits set as '1'.
BIT-1004 : the usercode register value: 00000000000100110000000000000000
BIT-1004 : PLL setting string = 0001
BIT-1004 : Generate bits file ov2640_sdram.bit.
RUN-1003 : finish command "bitgen -bit ov2640_sdram.bit" in  3.357591s wall, 32.312500s user + 0.187500s system = 32.500000s CPU (968.0%)

RUN-1004 : used memory is 532 MB, reserved memory is 517 MB, peak memory is 726 MB
RUN-1002 : start command "backup_run_log run.log ../.logs/phy_1/td_20221027_140808.log"
