============================================================
   Tang Dynasty, V5.6.59063
   Copyright (c) 2012-2022 Anlogic
   Executable = C:/Anlogic/TD5.6.59063/bin/td.exe
   Built at =   12:45:13 Sep  6 2022
   Run by =     Administrator
   Run Date =   Fri Oct 28 20:40:39 2022

   Run on =     WIN-25FR57M34TT
============================================================
RUN-1002 : start command "open_project ov2640_sdram.prj"
RUN-1001 : Print Global Property
RUN-1001 : ---------------------------------------------------------------
RUN-1001 :        Parameters        |  Settings  |  Default Values  |  Note  
RUN-1001 : ---------------------------------------------------------------
RUN-1001 :          message         |  standard  |     standard     |        
RUN-1001 :   mixed_pack_place_flow  |     on     |        on        |        
RUN-1001 :        qor_monitor       |    off     |       off        |        
RUN-1001 :        syn_ip_flow       |    off     |       off        |        
RUN-1001 :          thread          |    auto    |       auto       |        
RUN-1001 : ---------------------------------------------------------------
RUN-1001 : Print Design Property
RUN-1001 : --------------------------------------------------------------
RUN-1001 :        Parameters       |  Settings  |  Default Values  |  Note  
RUN-1001 : --------------------------------------------------------------
RUN-1001 :   default_reg_initial   |    auto    |       auto       |        
RUN-1001 :        infer_add        |     on     |        on        |        
RUN-1001 :        infer_fsm        |    off     |       off        |        
RUN-1001 :        infer_mult       |     on     |        on        |        
RUN-1001 :        infer_ram        |     on     |        on        |        
RUN-1001 :        infer_reg        |     on     |        on        |        
RUN-1001 :   infer_reg_init_value  |     on     |        on        |        
RUN-1001 :        infer_rom        |     on     |        on        |        
RUN-1001 :      infer_shifter      |     on     |        on        |        
RUN-1001 : --------------------------------------------------------------
RUN-1001 : Print Rtl Property
RUN-1001 : --------------------------------------------------------------
RUN-1001 :        Parameters       |  Settings  |  Default Values  |  Note  
RUN-1001 : --------------------------------------------------------------
RUN-1001 :       compress_add      |   ripple   |      ripple      |        
RUN-1001 :        elf_sload        |    off     |       off        |        
RUN-1001 :       fix_undriven      |     0      |        0         |        
RUN-1001 :         flatten         |    off     |       off        |        
RUN-1001 :       gate_sharing      |     on     |        on        |        
RUN-1001 :    hdl_warning_level    |   normal   |      normal      |        
RUN-1001 :   impl_internal_tribuf  |     on     |        on        |        
RUN-1001 :      impl_set_reset     |     on     |        on        |        
RUN-1001 :        infer_gsr        |    off     |       off        |        
RUN-1001 :      keep_hierarchy     |    auto    |       auto       |        
RUN-1001 :        max_fanout       |    9999    |       9999       |        
RUN-1001 :      max_oh2bin_len     |     10     |        10        |        
RUN-1001 :       merge_equal       |     on     |        on        |        
RUN-1001 :       merge_equiv       |     on     |        on        |        
RUN-1001 :        merge_mux        |    off     |       off        |        
RUN-1001 :     min_control_set     |     8      |        8         |        
RUN-1001 :      min_ripple_len     |    auto    |       auto       |        
RUN-1001 :       oh2bin_ratio      |    0.08    |       0.08       |        
RUN-1001 :     opt_adder_fanout    |     on     |        on        |        
RUN-1001 :        opt_arith        |     on     |        on        |        
RUN-1001 :       opt_big_gate      |    off     |       off        |        
RUN-1001 :        opt_const        |     on     |        on        |        
RUN-1001 :      opt_const_mult     |     on     |        on        |        
RUN-1001 :       opt_lessthan      |     on     |        on        |        
RUN-1001 :         opt_mux         |    off     |       off        |        
RUN-1001 :         opt_ram         |    high    |       high       |        
RUN-1001 :      rtl_sim_model      |    off     |       off        |        
RUN-1001 :         seq_syn         |     on     |        on        |        
RUN-1001 : --------------------------------------------------------------
HDL-1007 : analyze verilog file ../../al_ip/ip_pll.v
HDL-1007 : undeclared symbol 'open', assumed default net type 'wire' in ../../al_ip/ip_pll.v(93)
HDL-1007 : analyze verilog file ../../al_ip/softfifo.v
HDL-1007 : analyze verilog file ../../al_ip/fifo_1.v
HDL-1007 : analyze verilog file ../../al_ip/fifo_2.v
HDL-1007 : analyze verilog file ../../RTL/camera_init.v
HDL-1007 : undeclared symbol 'clk_div', assumed default net type 'wire' in ../../RTL/camera_init.v(74)
HDL-1007 : analyze verilog file ../../RTL/camera_reader.v
HDL-1007 : analyze verilog file ../../RTL/i2c_module.v
HDL-1007 : analyze verilog file ../../RTL/Sdram_Control_4Port/command.v
HDL-1007 : analyze included file ../../RTL/Sdram_Control_4Port/Sdram_Params.h in ../../RTL/Sdram_Control_4Port/command.v(27)
HDL-1007 : back to file '../../RTL/Sdram_Control_4Port/command.v' in ../../RTL/Sdram_Control_4Port/command.v(27)
HDL-1007 : analyze verilog file ../../RTL/Sdram_Control_4Port/control_interface.v
HDL-1007 : analyze included file ../../RTL/Sdram_Control_4Port/Sdram_Params.h in ../../RTL/Sdram_Control_4Port/control_interface.v(21)
HDL-1007 : back to file '../../RTL/Sdram_Control_4Port/control_interface.v' in ../../RTL/Sdram_Control_4Port/control_interface.v(21)
HDL-1007 : analyze verilog file ../../RTL/Sdram_Control_4Port/sdr_data_path.v
HDL-1007 : analyze included file ../../RTL/Sdram_Control_4Port/Sdram_Params.h in ../../RTL/Sdram_Control_4Port/sdr_data_path.v(10)
HDL-1007 : back to file '../../RTL/Sdram_Control_4Port/sdr_data_path.v' in ../../RTL/Sdram_Control_4Port/sdr_data_path.v(10)
HDL-1007 : analyze verilog file ../../RTL/Sdram_Control_4Port/Sdram_Control_4Port.v
HDL-1007 : analyze included file ../../RTL/Sdram_Control_4Port/Sdram_Params.h in ../../RTL/Sdram_Control_4Port/Sdram_Control_4Port.v(49)
HDL-1007 : back to file '../../RTL/Sdram_Control_4Port/Sdram_Control_4Port.v' in ../../RTL/Sdram_Control_4Port/Sdram_Control_4Port.v(49)
HDL-1007 : analyze verilog file ../../RTL/Sdram_Control_4Port/Sdram_RD_FIFO.v
HDL-5007 WARNING: 'clk' is not declared in ../../RTL/Sdram_Control_4Port/Sdram_RD_FIFO.v(44)
HDL-1007 : analyze verilog file ../../RTL/Sdram_Control_4Port/Sdram_WR_FIFO.v
HDL-1007 : analyze verilog file ../../al_ip/sdram.v
HDL-1007 : analyze verilog file ../../RTL/Driver.v
HDL-1007 : analyze verilog file ../../RTL/RGBYCbCr.v
HDL-1007 : analyze verilog file ../../RTL/image_process.v
HDL-5007 WARNING: identifier 'post_img_cb' is used before its declaration in ../../RTL/image_process.v(51)
HDL-5007 WARNING: identifier 'post_img_cb' is used before its declaration in ../../RTL/image_process.v(55)
HDL-5007 WARNING: identifier 'post_frame_clken' is used before its declaration in ../../RTL/image_process.v(61)
HDL-5007 WARNING: identifier 'skin_img' is used before its declaration in ../../RTL/image_process.v(62)
HDL-5007 WARNING: identifier 'post_frame_clken' is used before its declaration in ../../RTL/image_process.v(65)
HDL-5007 WARNING: identifier 'skin_img' is used before its declaration in ../../RTL/image_process.v(66)
HDL-5007 WARNING: identifier 'post1_frame_clken' is used before its declaration in ../../RTL/image_process.v(72)
HDL-5007 WARNING: identifier 'post1_img_Y' is used before its declaration in ../../RTL/image_process.v(73)
HDL-5007 WARNING: identifier 'post1_frame_clken' is used before its declaration in ../../RTL/image_process.v(76)
HDL-5007 WARNING: identifier 'post1_img_Y' is used before its declaration in ../../RTL/image_process.v(77)
HDL-5007 Similar messages will be suppressed.
HDL-1007 : analyze verilog file ../../RTL/test_camera.v
HDL-1007 : analyze verilog file ../../RTL/Mode_Switch.v
HDL-1007 : analyze verilog file ../../RTL/image_select.v
HDL-1007 : analyze verilog file ../../RTL/Median_Gray.v
HDL-5007 WARNING: identifier 'mid_value' is used before its declaration in ../../RTL/Median_Gray.v(20)
HDL-1007 : analyze verilog file ../../RTL/three_martix.v
HDL-5007 WARNING: empty statement in sequential block in ../../RTL/three_martix.v(235)
HDL-5007 WARNING: empty statement in sequential block in ../../RTL/three_martix.v(234)
HDL-1007 : analyze verilog file ../../RTL/Median_Filter_3X3.v
HDL-1007 : analyze verilog file ../../RTL/Sort3.v
HDL-1007 : analyze verilog file ../../RTL/Sobel_Process.v
HDL-1007 : undeclared symbol 'csi_pclk', assumed default net type 'wire' in ../../RTL/Sobel_Process.v(48)
HDL-5007 WARNING: identifier 'sobel_value' is used before its declaration in ../../RTL/Sobel_Process.v(23)
HDL-1007 : analyze verilog file ../../RTL/Caculate_Sobel.v
HDL-5007 WARNING: identifier 'matrix_frame_vsync_r' is used before its declaration in ../../RTL/Caculate_Sobel.v(110)
HDL-5007 WARNING: identifier 'matrix_frame_href_r' is used before its declaration in ../../RTL/Caculate_Sobel.v(111)
HDL-5007 WARNING: identifier 'matrix_frame_clken_r' is used before its declaration in ../../RTL/Caculate_Sobel.v(112)
HDL-1007 : analyze verilog file ../../RTL/Erosion_Detector.v
HDL-1007 : analyze verilog file ../../RTL/Dilation_Detector.v
HDL-5007 WARNING: redeclaration of ANSI port 'post_img_Bit4' is not allowed in ../../RTL/Dilation_Detector.v(79)
HDL-1007 : undeclared symbol 'post_frame_href', assumed default net type 'wire' in ../../RTL/Dilation_Detector.v(109)
HDL-1007 : analyze verilog file ../../RTL/Gesture_detech.v
HDL-1007 : analyze verilog file ../../RTL/seg_4.v
HDL-1007 : undeclared symbol 'data0', assumed default net type 'wire' in ../../RTL/seg_4.v(64)
HDL-1007 : undeclared symbol 'data1', assumed default net type 'wire' in ../../RTL/seg_4.v(65)
HDL-1007 : undeclared symbol 'data2', assumed default net type 'wire' in ../../RTL/seg_4.v(66)
HDL-5007 WARNING: 'clk' is not declared in ../../RTL/Sdram_Control_4Port/Sdram_RD_FIFO.v(44)
RUN-1001 : Project manager successfully analyzed 30 source files.
RUN-1002 : start command "import_device eagle_s20.db -package EG4S20BG256"
ARC-1001 : Device Initialization.
ARC-1001 : ------------------------------------------------------------------
ARC-1001 :            OPTION            |          IO          |   SETTING   
ARC-1001 : ------------------------------------------------------------------
ARC-1001 :   cso_b/cclk/mosi/miso/dout  |  T3/R11/T10/P10/S11  |    gpio    
ARC-1001 :             done             |         P13          |    gpio    
ARC-1001 :           program_b          |          T2          |  dedicate  
ARC-1001 :        tdi/tms/tck/tdo       |   C12/A15/C14/E14    |  dedicate  
ARC-1001 : ------------------------------------------------------------------
ARC-1004 : Device setting, marked 5 dedicate IOs in total.
RUN-1002 : start command "import_db ../syn_1/ov2640_sdram_gate.db"
RUN-1001 : Importing database generated by Tang Dynasty, V5.6.59063.
RUN-1001 : Database version number 46140.
RUN-1001 : Import flow parameters
RUN-1001 : Import timing constraints
RUN-1001 : Import IO constraints
RUN-1001 : Import Inst constraints
RUN-1001 : Import design success TD_VERSION=5.6.59063 , DB_VERSION=46140
RUN-1002 : start command "read_sdc"
USR-1002 : read_sdc file_name -help -h -eco
RUN-1002 : start command "get_regs */primary_addr_gray_reg[*]"
RUN-1002 : start command "get_regs */sync_r1[*]"
RUN-1002 : start command "set_max_delay -from  -to  5 -datapath_only"
RUN-1002 : start command "get_regs */primary_addr_gray_reg[*]"
RUN-1002 : start command "get_regs */sync_r1[*]"
RUN-1002 : start command "set_false_path -from  -to  -hold 5"
USR-1002 : set_false_path -help -setup -hold -from <list> -rise_from <list> -fall_from <list> -to <list> -rise_to <list> -fall_to <list> -through <list>
RUN-1002 : start command "get_regs */primary_addr_gray_reg[*]"
RUN-1002 : start command "get_regs */sync_r1[*]"
RUN-1002 : start command "set_max_delay -from  -to  5 -datapath_only"
RUN-1002 : start command "get_regs */primary_addr_gray_reg[*]"
RUN-1002 : start command "get_regs */sync_r1[*]"
RUN-1002 : start command "set_max_delay -from  -to  5 -datapath_only"
RUN-1002 : start command "get_regs */primary_addr_gray_reg[*]"
RUN-1002 : start command "get_regs */sync_r1[*]"
RUN-1002 : start command "set_max_delay -from  -to  5 -datapath_only"
SYN-1001 : 	kept net: Sdram_Control_4Port/read_fifo1/dcfifo_component/rd_to_wr_cross_inst/primary_addr_gray_reg[9](Sdram_Control_4Port/read_fifo1/dcfifo_component/rd_to_wr_cross_inst/primary_addr_gray_reg[9]_syn_5)
SYN-1001 : 	kept net: Sdram_Control_4Port/read_fifo1/dcfifo_component/rd_to_wr_cross_inst/primary_addr_gray_reg[8](Sdram_Control_4Port/read_fifo1/dcfifo_component/rd_to_wr_cross_inst/primary_addr_gray_reg[8]_syn_5)
SYN-1001 : 	kept net: Sdram_Control_4Port/read_fifo1/dcfifo_component/rd_to_wr_cross_inst/primary_addr_gray_reg[7](Sdram_Control_4Port/read_fifo1/dcfifo_component/rd_to_wr_cross_inst/primary_addr_gray_reg[7]_syn_5)
SYN-1001 : 	kept net: Sdram_Control_4Port/read_fifo1/dcfifo_component/rd_to_wr_cross_inst/primary_addr_gray_reg[6](Sdram_Control_4Port/read_fifo1/dcfifo_component/rd_to_wr_cross_inst/primary_addr_gray_reg[6]_syn_5)
SYN-1001 : 	kept net: Sdram_Control_4Port/read_fifo1/dcfifo_component/rd_to_wr_cross_inst/primary_addr_gray_reg[5](Sdram_Control_4Port/read_fifo1/dcfifo_component/rd_to_wr_cross_inst/primary_addr_gray_reg[5]_syn_5)
SYN-1001 : 	kept net: Sdram_Control_4Port/read_fifo1/dcfifo_component/rd_to_wr_cross_inst/primary_addr_gray_reg[4](Sdram_Control_4Port/read_fifo1/dcfifo_component/rd_to_wr_cross_inst/primary_addr_gray_reg[4]_syn_5)
SYN-1001 : 	kept net: Sdram_Control_4Port/read_fifo1/dcfifo_component/rd_to_wr_cross_inst/primary_addr_gray_reg[3](Sdram_Control_4Port/read_fifo1/dcfifo_component/rd_to_wr_cross_inst/primary_addr_gray_reg[3]_syn_5)
SYN-1001 : 	kept net: Sdram_Control_4Port/read_fifo1/dcfifo_component/rd_to_wr_cross_inst/primary_addr_gray_reg[2](Sdram_Control_4Port/read_fifo1/dcfifo_component/rd_to_wr_cross_inst/primary_addr_gray_reg[2]_syn_5)
SYN-1001 : 	kept net: Sdram_Control_4Port/read_fifo1/dcfifo_component/rd_to_wr_cross_inst/primary_addr_gray_reg[1](Sdram_Control_4Port/read_fifo1/dcfifo_component/rd_to_wr_cross_inst/primary_addr_gray_reg[1]_syn_5)
SYN-1001 : 	kept net: Sdram_Control_4Port/read_fifo1/dcfifo_component/rd_to_wr_cross_inst/primary_addr_gray_reg[0](Sdram_Control_4Port/read_fifo1/dcfifo_component/rd_to_wr_cross_inst/primary_addr_gray_reg[0]_syn_5)
SYN-1001 : 	kept net: Sdram_Control_4Port/read_fifo1/dcfifo_component/rd_to_wr_cross_inst/sync_r1[9](Sdram_Control_4Port/read_fifo1/dcfifo_component/rd_to_wr_cross_inst/sync_r1[9]_syn_3)
SYN-1001 : 	kept net: Sdram_Control_4Port/read_fifo1/dcfifo_component/rd_to_wr_cross_inst/sync_r1[8](Sdram_Control_4Port/read_fifo1/dcfifo_component/rd_to_wr_cross_inst/sync_r1[8]_syn_3)
SYN-1001 : 	kept net: Sdram_Control_4Port/read_fifo1/dcfifo_component/rd_to_wr_cross_inst/sync_r1[7](Sdram_Control_4Port/read_fifo1/dcfifo_component/rd_to_wr_cross_inst/sync_r1[7]_syn_3)
SYN-1001 : 	kept net: Sdram_Control_4Port/read_fifo1/dcfifo_component/rd_to_wr_cross_inst/sync_r1[6](Sdram_Control_4Port/read_fifo1/dcfifo_component/rd_to_wr_cross_inst/sync_r1[6]_syn_3)
SYN-1001 : 	kept net: Sdram_Control_4Port/read_fifo1/dcfifo_component/rd_to_wr_cross_inst/sync_r1[5](Sdram_Control_4Port/read_fifo1/dcfifo_component/rd_to_wr_cross_inst/sync_r1[5]_syn_3)
SYN-1001 : 	kept net: Sdram_Control_4Port/read_fifo1/dcfifo_component/rd_to_wr_cross_inst/sync_r1[4](Sdram_Control_4Port/read_fifo1/dcfifo_component/rd_to_wr_cross_inst/sync_r1[4]_syn_3)
SYN-1001 : 	kept net: Sdram_Control_4Port/read_fifo1/dcfifo_component/rd_to_wr_cross_inst/sync_r1[3](Sdram_Control_4Port/read_fifo1/dcfifo_component/rd_to_wr_cross_inst/sync_r1[3]_syn_3)
SYN-1001 : 	kept net: Sdram_Control_4Port/read_fifo1/dcfifo_component/rd_to_wr_cross_inst/sync_r1[2](Sdram_Control_4Port/read_fifo1/dcfifo_component/rd_to_wr_cross_inst/sync_r1[2]_syn_3)
SYN-1001 : 	kept net: Sdram_Control_4Port/read_fifo1/dcfifo_component/rd_to_wr_cross_inst/sync_r1[1](Sdram_Control_4Port/read_fifo1/dcfifo_component/rd_to_wr_cross_inst/sync_r1[1]_syn_3)
SYN-1001 : 	kept net: Sdram_Control_4Port/read_fifo1/dcfifo_component/rd_to_wr_cross_inst/sync_r1[0](Sdram_Control_4Port/read_fifo1/dcfifo_component/rd_to_wr_cross_inst/sync_r1[0]_syn_3)
SYN-1001 : 	kept net: Sdram_Control_4Port/read_fifo1/dcfifo_component/wr_to_rd_cross_inst/primary_addr_gray_reg[9](Sdram_Control_4Port/read_fifo1/dcfifo_component/wr_to_rd_cross_inst/primary_addr_gray_reg[9]_syn_5)
SYN-1001 : 	kept net: Sdram_Control_4Port/read_fifo1/dcfifo_component/wr_to_rd_cross_inst/primary_addr_gray_reg[8](Sdram_Control_4Port/read_fifo1/dcfifo_component/wr_to_rd_cross_inst/primary_addr_gray_reg[8]_syn_5)
SYN-1001 : 	kept net: Sdram_Control_4Port/read_fifo1/dcfifo_component/wr_to_rd_cross_inst/primary_addr_gray_reg[7](Sdram_Control_4Port/read_fifo1/dcfifo_component/wr_to_rd_cross_inst/primary_addr_gray_reg[7]_syn_5)
SYN-1001 : 	kept net: Sdram_Control_4Port/read_fifo1/dcfifo_component/wr_to_rd_cross_inst/primary_addr_gray_reg[6](Sdram_Control_4Port/read_fifo1/dcfifo_component/wr_to_rd_cross_inst/primary_addr_gray_reg[6]_syn_5)
SYN-1001 : 	kept net: Sdram_Control_4Port/read_fifo1/dcfifo_component/wr_to_rd_cross_inst/primary_addr_gray_reg[5](Sdram_Control_4Port/read_fifo1/dcfifo_component/wr_to_rd_cross_inst/primary_addr_gray_reg[5]_syn_5)
SYN-1001 : 	kept net: Sdram_Control_4Port/read_fifo1/dcfifo_component/wr_to_rd_cross_inst/primary_addr_gray_reg[4](Sdram_Control_4Port/read_fifo1/dcfifo_component/wr_to_rd_cross_inst/primary_addr_gray_reg[4]_syn_5)
SYN-1001 : 	kept net: Sdram_Control_4Port/read_fifo1/dcfifo_component/wr_to_rd_cross_inst/primary_addr_gray_reg[3](Sdram_Control_4Port/read_fifo1/dcfifo_component/wr_to_rd_cross_inst/primary_addr_gray_reg[3]_syn_5)
SYN-1001 : 	kept net: Sdram_Control_4Port/read_fifo1/dcfifo_component/wr_to_rd_cross_inst/primary_addr_gray_reg[2](Sdram_Control_4Port/read_fifo1/dcfifo_component/wr_to_rd_cross_inst/primary_addr_gray_reg[2]_syn_5)
SYN-1001 : 	kept net: Sdram_Control_4Port/read_fifo1/dcfifo_component/wr_to_rd_cross_inst/primary_addr_gray_reg[1](Sdram_Control_4Port/read_fifo1/dcfifo_component/wr_to_rd_cross_inst/primary_addr_gray_reg[1]_syn_5)
SYN-1001 : 	kept net: Sdram_Control_4Port/read_fifo1/dcfifo_component/wr_to_rd_cross_inst/primary_addr_gray_reg[0](Sdram_Control_4Port/read_fifo1/dcfifo_component/wr_to_rd_cross_inst/primary_addr_gray_reg[0]_syn_5)
SYN-1001 : 	kept net: Sdram_Control_4Port/read_fifo1/dcfifo_component/wr_to_rd_cross_inst/sync_r1[9](Sdram_Control_4Port/read_fifo1/dcfifo_component/wr_to_rd_cross_inst/sync_r1[9]_syn_3)
SYN-1001 : 	kept net: Sdram_Control_4Port/read_fifo1/dcfifo_component/wr_to_rd_cross_inst/sync_r1[8](Sdram_Control_4Port/read_fifo1/dcfifo_component/wr_to_rd_cross_inst/sync_r1[8]_syn_3)
SYN-1001 : 	kept net: Sdram_Control_4Port/read_fifo1/dcfifo_component/wr_to_rd_cross_inst/sync_r1[7](Sdram_Control_4Port/read_fifo1/dcfifo_component/wr_to_rd_cross_inst/sync_r1[7]_syn_3)
SYN-1001 : 	kept net: Sdram_Control_4Port/read_fifo1/dcfifo_component/wr_to_rd_cross_inst/sync_r1[6](Sdram_Control_4Port/read_fifo1/dcfifo_component/wr_to_rd_cross_inst/sync_r1[6]_syn_3)
SYN-1001 : 	kept net: Sdram_Control_4Port/read_fifo1/dcfifo_component/wr_to_rd_cross_inst/sync_r1[5](Sdram_Control_4Port/read_fifo1/dcfifo_component/wr_to_rd_cross_inst/sync_r1[5]_syn_3)
SYN-1001 : 	kept net: Sdram_Control_4Port/read_fifo1/dcfifo_component/wr_to_rd_cross_inst/sync_r1[4](Sdram_Control_4Port/read_fifo1/dcfifo_component/wr_to_rd_cross_inst/sync_r1[4]_syn_3)
SYN-1001 : 	kept net: Sdram_Control_4Port/read_fifo1/dcfifo_component/wr_to_rd_cross_inst/sync_r1[3](Sdram_Control_4Port/read_fifo1/dcfifo_component/wr_to_rd_cross_inst/sync_r1[3]_syn_3)
SYN-1001 : 	kept net: Sdram_Control_4Port/read_fifo1/dcfifo_component/wr_to_rd_cross_inst/sync_r1[2](Sdram_Control_4Port/read_fifo1/dcfifo_component/wr_to_rd_cross_inst/sync_r1[2]_syn_3)
SYN-1001 : 	kept net: Sdram_Control_4Port/read_fifo1/dcfifo_component/wr_to_rd_cross_inst/sync_r1[1](Sdram_Control_4Port/read_fifo1/dcfifo_component/wr_to_rd_cross_inst/sync_r1[1]_syn_3)
SYN-1001 : 	kept net: Sdram_Control_4Port/read_fifo1/dcfifo_component/wr_to_rd_cross_inst/sync_r1[0](Sdram_Control_4Port/read_fifo1/dcfifo_component/wr_to_rd_cross_inst/sync_r1[0]_syn_3)
SYN-1001 : 	kept net: Sdram_Control_4Port/write_fifo1/dcfifo_component/rd_to_wr_cross_inst/primary_addr_gray_reg[9](Sdram_Control_4Port/write_fifo1/dcfifo_component/rd_to_wr_cross_inst/primary_addr_gray_reg[9]_syn_5)
SYN-1001 : 	kept net: Sdram_Control_4Port/write_fifo1/dcfifo_component/rd_to_wr_cross_inst/primary_addr_gray_reg[8](Sdram_Control_4Port/write_fifo1/dcfifo_component/rd_to_wr_cross_inst/primary_addr_gray_reg[8]_syn_5)
SYN-1001 : 	kept net: Sdram_Control_4Port/write_fifo1/dcfifo_component/rd_to_wr_cross_inst/primary_addr_gray_reg[7](Sdram_Control_4Port/write_fifo1/dcfifo_component/rd_to_wr_cross_inst/primary_addr_gray_reg[7]_syn_5)
SYN-1001 : 	kept net: Sdram_Control_4Port/write_fifo1/dcfifo_component/rd_to_wr_cross_inst/primary_addr_gray_reg[6](Sdram_Control_4Port/write_fifo1/dcfifo_component/rd_to_wr_cross_inst/primary_addr_gray_reg[6]_syn_5)
SYN-1001 : 	kept net: Sdram_Control_4Port/write_fifo1/dcfifo_component/rd_to_wr_cross_inst/primary_addr_gray_reg[5](Sdram_Control_4Port/write_fifo1/dcfifo_component/rd_to_wr_cross_inst/primary_addr_gray_reg[5]_syn_5)
SYN-1001 : 	kept net: Sdram_Control_4Port/write_fifo1/dcfifo_component/rd_to_wr_cross_inst/primary_addr_gray_reg[4](Sdram_Control_4Port/write_fifo1/dcfifo_component/rd_to_wr_cross_inst/primary_addr_gray_reg[4]_syn_5)
SYN-1001 : 	kept net: Sdram_Control_4Port/write_fifo1/dcfifo_component/rd_to_wr_cross_inst/primary_addr_gray_reg[3](Sdram_Control_4Port/write_fifo1/dcfifo_component/rd_to_wr_cross_inst/primary_addr_gray_reg[3]_syn_5)
SYN-1001 : 	kept net: Sdram_Control_4Port/write_fifo1/dcfifo_component/rd_to_wr_cross_inst/primary_addr_gray_reg[2](Sdram_Control_4Port/write_fifo1/dcfifo_component/rd_to_wr_cross_inst/primary_addr_gray_reg[2]_syn_5)
SYN-1001 : 	kept net: Sdram_Control_4Port/write_fifo1/dcfifo_component/rd_to_wr_cross_inst/primary_addr_gray_reg[1](Sdram_Control_4Port/write_fifo1/dcfifo_component/rd_to_wr_cross_inst/primary_addr_gray_reg[1]_syn_5)
SYN-1001 : 	kept net: Sdram_Control_4Port/write_fifo1/dcfifo_component/rd_to_wr_cross_inst/primary_addr_gray_reg[0](Sdram_Control_4Port/write_fifo1/dcfifo_component/rd_to_wr_cross_inst/primary_addr_gray_reg[0]_syn_5)
SYN-1001 : 	kept net: Sdram_Control_4Port/write_fifo1/dcfifo_component/rd_to_wr_cross_inst/sync_r1[9](Sdram_Control_4Port/write_fifo1/dcfifo_component/rd_to_wr_cross_inst/sync_r1[9]_syn_3)
SYN-1001 : 	kept net: Sdram_Control_4Port/write_fifo1/dcfifo_component/rd_to_wr_cross_inst/sync_r1[8](Sdram_Control_4Port/write_fifo1/dcfifo_component/rd_to_wr_cross_inst/sync_r1[8]_syn_3)
SYN-1001 : 	kept net: Sdram_Control_4Port/write_fifo1/dcfifo_component/rd_to_wr_cross_inst/sync_r1[7](Sdram_Control_4Port/write_fifo1/dcfifo_component/rd_to_wr_cross_inst/sync_r1[7]_syn_3)
SYN-1001 : 	kept net: Sdram_Control_4Port/write_fifo1/dcfifo_component/rd_to_wr_cross_inst/sync_r1[6](Sdram_Control_4Port/write_fifo1/dcfifo_component/rd_to_wr_cross_inst/sync_r1[6]_syn_3)
SYN-1001 : 	kept net: Sdram_Control_4Port/write_fifo1/dcfifo_component/rd_to_wr_cross_inst/sync_r1[5](Sdram_Control_4Port/write_fifo1/dcfifo_component/rd_to_wr_cross_inst/sync_r1[5]_syn_3)
SYN-1001 : 	kept net: Sdram_Control_4Port/write_fifo1/dcfifo_component/rd_to_wr_cross_inst/sync_r1[4](Sdram_Control_4Port/write_fifo1/dcfifo_component/rd_to_wr_cross_inst/sync_r1[4]_syn_3)
SYN-1001 : 	kept net: Sdram_Control_4Port/write_fifo1/dcfifo_component/rd_to_wr_cross_inst/sync_r1[3](Sdram_Control_4Port/write_fifo1/dcfifo_component/rd_to_wr_cross_inst/sync_r1[3]_syn_3)
SYN-1001 : 	kept net: Sdram_Control_4Port/write_fifo1/dcfifo_component/rd_to_wr_cross_inst/sync_r1[2](Sdram_Control_4Port/write_fifo1/dcfifo_component/rd_to_wr_cross_inst/sync_r1[2]_syn_3)
SYN-1001 : 	kept net: Sdram_Control_4Port/write_fifo1/dcfifo_component/rd_to_wr_cross_inst/sync_r1[1](Sdram_Control_4Port/write_fifo1/dcfifo_component/rd_to_wr_cross_inst/sync_r1[1]_syn_3)
SYN-1001 : 	kept net: Sdram_Control_4Port/write_fifo1/dcfifo_component/rd_to_wr_cross_inst/sync_r1[0](Sdram_Control_4Port/write_fifo1/dcfifo_component/rd_to_wr_cross_inst/sync_r1[0]_syn_3)
SYN-1001 : 	kept net: Sdram_Control_4Port/write_fifo1/dcfifo_component/wr_to_rd_cross_inst/primary_addr_gray_reg[9](Sdram_Control_4Port/write_fifo1/dcfifo_component/wr_to_rd_cross_inst/primary_addr_gray_reg[9]_syn_5)
SYN-1001 : 	kept net: Sdram_Control_4Port/write_fifo1/dcfifo_component/wr_to_rd_cross_inst/primary_addr_gray_reg[8](Sdram_Control_4Port/write_fifo1/dcfifo_component/wr_to_rd_cross_inst/primary_addr_gray_reg[8]_syn_5)
SYN-1001 : 	kept net: Sdram_Control_4Port/write_fifo1/dcfifo_component/wr_to_rd_cross_inst/primary_addr_gray_reg[7](Sdram_Control_4Port/write_fifo1/dcfifo_component/wr_to_rd_cross_inst/primary_addr_gray_reg[7]_syn_5)
SYN-1001 : 	kept net: Sdram_Control_4Port/write_fifo1/dcfifo_component/wr_to_rd_cross_inst/primary_addr_gray_reg[6](Sdram_Control_4Port/write_fifo1/dcfifo_component/wr_to_rd_cross_inst/primary_addr_gray_reg[6]_syn_5)
SYN-1001 : 	kept net: Sdram_Control_4Port/write_fifo1/dcfifo_component/wr_to_rd_cross_inst/primary_addr_gray_reg[5](Sdram_Control_4Port/write_fifo1/dcfifo_component/wr_to_rd_cross_inst/primary_addr_gray_reg[5]_syn_5)
SYN-1001 : 	kept net: Sdram_Control_4Port/write_fifo1/dcfifo_component/wr_to_rd_cross_inst/primary_addr_gray_reg[4](Sdram_Control_4Port/write_fifo1/dcfifo_component/wr_to_rd_cross_inst/primary_addr_gray_reg[4]_syn_5)
SYN-1001 : 	kept net: Sdram_Control_4Port/write_fifo1/dcfifo_component/wr_to_rd_cross_inst/primary_addr_gray_reg[3](Sdram_Control_4Port/write_fifo1/dcfifo_component/wr_to_rd_cross_inst/primary_addr_gray_reg[3]_syn_5)
SYN-1001 : 	kept net: Sdram_Control_4Port/write_fifo1/dcfifo_component/wr_to_rd_cross_inst/primary_addr_gray_reg[2](Sdram_Control_4Port/write_fifo1/dcfifo_component/wr_to_rd_cross_inst/primary_addr_gray_reg[2]_syn_5)
SYN-1001 : 	kept net: Sdram_Control_4Port/write_fifo1/dcfifo_component/wr_to_rd_cross_inst/primary_addr_gray_reg[1](Sdram_Control_4Port/write_fifo1/dcfifo_component/wr_to_rd_cross_inst/primary_addr_gray_reg[1]_syn_5)
SYN-1001 : 	kept net: Sdram_Control_4Port/write_fifo1/dcfifo_component/wr_to_rd_cross_inst/primary_addr_gray_reg[0](Sdram_Control_4Port/write_fifo1/dcfifo_component/wr_to_rd_cross_inst/primary_addr_gray_reg[0]_syn_5)
SYN-1001 : 	kept net: Sdram_Control_4Port/write_fifo1/dcfifo_component/wr_to_rd_cross_inst/sync_r1[9](Sdram_Control_4Port/write_fifo1/dcfifo_component/wr_to_rd_cross_inst/sync_r1[9]_syn_3)
SYN-1001 : 	kept net: Sdram_Control_4Port/write_fifo1/dcfifo_component/wr_to_rd_cross_inst/sync_r1[8](Sdram_Control_4Port/write_fifo1/dcfifo_component/wr_to_rd_cross_inst/sync_r1[8]_syn_3)
SYN-1001 : 	kept net: Sdram_Control_4Port/write_fifo1/dcfifo_component/wr_to_rd_cross_inst/sync_r1[7](Sdram_Control_4Port/write_fifo1/dcfifo_component/wr_to_rd_cross_inst/sync_r1[7]_syn_3)
SYN-1001 : 	kept net: Sdram_Control_4Port/write_fifo1/dcfifo_component/wr_to_rd_cross_inst/sync_r1[6](Sdram_Control_4Port/write_fifo1/dcfifo_component/wr_to_rd_cross_inst/sync_r1[6]_syn_3)
SYN-1001 : 	kept net: Sdram_Control_4Port/write_fifo1/dcfifo_component/wr_to_rd_cross_inst/sync_r1[5](Sdram_Control_4Port/write_fifo1/dcfifo_component/wr_to_rd_cross_inst/sync_r1[5]_syn_3)
SYN-1001 : 	kept net: Sdram_Control_4Port/write_fifo1/dcfifo_component/wr_to_rd_cross_inst/sync_r1[4](Sdram_Control_4Port/write_fifo1/dcfifo_component/wr_to_rd_cross_inst/sync_r1[4]_syn_3)
SYN-1001 : 	kept net: Sdram_Control_4Port/write_fifo1/dcfifo_component/wr_to_rd_cross_inst/sync_r1[3](Sdram_Control_4Port/write_fifo1/dcfifo_component/wr_to_rd_cross_inst/sync_r1[3]_syn_3)
SYN-1001 : 	kept net: Sdram_Control_4Port/write_fifo1/dcfifo_component/wr_to_rd_cross_inst/sync_r1[2](Sdram_Control_4Port/write_fifo1/dcfifo_component/wr_to_rd_cross_inst/sync_r1[2]_syn_3)
SYN-1001 : 	kept net: Sdram_Control_4Port/write_fifo1/dcfifo_component/wr_to_rd_cross_inst/sync_r1[1](Sdram_Control_4Port/write_fifo1/dcfifo_component/wr_to_rd_cross_inst/sync_r1[1]_syn_3)
SYN-1001 : 	kept net: Sdram_Control_4Port/write_fifo1/dcfifo_component/wr_to_rd_cross_inst/sync_r1[0](Sdram_Control_4Port/write_fifo1/dcfifo_component/wr_to_rd_cross_inst/sync_r1[0]_syn_3)
RUN-1104 : Import SDC file  finished, there are 80 nets kept by constraints.
RUN-1002 : start command "place"
RUN-1001 : Open license file C:/Anlogic/TD5.6.59063/license/Anlogic.lic
RUN-1001 : Print Global Property
RUN-1001 : ---------------------------------------------------------------
RUN-1001 :        Parameters        |  Settings  |  Default Values  |  Note  
RUN-1001 : ---------------------------------------------------------------
RUN-1001 :          message         |  standard  |     standard     |        
RUN-1001 :   mixed_pack_place_flow  |     on     |        on        |        
RUN-1001 :        qor_monitor       |    off     |       off        |        
RUN-1001 :        syn_ip_flow       |    off     |       off        |        
RUN-1001 :          thread          |    auto    |       auto       |        
RUN-1001 : ---------------------------------------------------------------
RUN-1001 : Print Place Property
RUN-1001 : --------------------------------------------------------------
RUN-1001 :        Parameters       |  Settings  |  Default Values  |  Note  
RUN-1001 : --------------------------------------------------------------
RUN-1001 :      detailed_place     |     on     |        on        |        
RUN-1001 :          effort         |   medium   |      medium      |        
RUN-1001 :         fix_hold        |    off     |       off        |        
RUN-1001 :       legalization      |    ori     |       ori        |        
RUN-1001 :      new_spreading      |     on     |        on        |        
RUN-1001 :        opt_timing       |   medium   |      medium      |        
RUN-1001 :   post_clock_route_opt  |    off     |       off        |        
RUN-1001 :       pr_strategy       |     1      |        1         |        
RUN-1001 :        relaxation       |    1.00    |       1.00       |        
RUN-1001 :         retiming        |    off     |       off        |        
RUN-1001 : --------------------------------------------------------------
PHY-3001 : Placer runs in 16 thread(s).
RUN-1002 : start command "legalize_phy_inst"
SYN-1011 : Flatten model test_camera
SYN-5055 WARNING: The kept net u_pll/clk3_out will be merged to another kept net clk_cam
SYN-5055 WARNING: The kept net u_camera_reader/clk will be merged to another kept net clk_cam
SYN-5055 WARNING: The kept net u_seg_4/data[19] will be merged to another kept net figuredata[19]
SYN-5055 WARNING: The kept net u_seg_4/data[18] will be merged to another kept net figuredata[18]
SYN-5055 WARNING: The kept net u_seg_4/data[17] will be merged to another kept net figuredata[17]
SYN-5055 WARNING: The kept net u_seg_4/data[16] will be merged to another kept net figuredata[16]
SYN-5055 WARNING: The kept net u_seg_4/data[15] will be merged to another kept net figuredata[15]
SYN-5055 WARNING: The kept net u_seg_4/data[14] will be merged to another kept net figuredata[14]
SYN-5055 WARNING: The kept net u_seg_4/data[13] will be merged to another kept net figuredata[13]
SYN-5055 WARNING: The kept net u_seg_4/data[12] will be merged to another kept net figuredata[12]
SYN-5055 Similar messages will be suppressed.
RUN-1002 : start command "phys_opt -simplify_lut"
SYN-4016 : Net Sdram_Control_4Port/CTRL_CLK driven by BUFG (294 clock/control pins, 1 other pins).
SYN-4027 : Net Sdram_Control_4Port/SDRAM_CLK is clkc1 of pll u_pll/pll_inst.
SYN-4027 : Net vga_clk_dup_1 is clkc2 of pll u_pll/pll_inst.
SYN-4027 : Net clk_cam is clkc3 of pll u_pll/pll_inst.
SYN-4027 : Net u_camera_init/u_i2c_write/clk is clkc4 of pll u_pll/pll_inst.
SYN-4019 : Net clk_24m_dup_1 is refclk of pll u_pll/pll_inst.
SYN-4020 : Net clk_24m_dup_1 is fbclk of pll u_pll/pll_inst.
SYN-4024 : Net "u_image_process/u_Median_Gray_3/u_three_martix/csi_pclk" drives clk pins.
SYN-4024 : Net "u_camera_init/divider2[8]" drives clk pins.
SYN-4024 : Net "u_camera_init/divider2[7]" drives clk pins.
SYN-4024 : Net "u_image_select/mode[3]_syn_26" drives clk pins.
SYN-4024 : Net "u_image_process/wrreq" drives clk pins.
SYN-4025 : Tag rtl::Net Sdram_Control_4Port/CTRL_CLK as clock net
SYN-4025 : Tag rtl::Net Sdram_Control_4Port/SDRAM_CLK as clock net
SYN-4025 : Tag rtl::Net clk_24m_dup_1 as clock net
SYN-4025 : Tag rtl::Net clk_cam as clock net
SYN-4025 : Tag rtl::Net u_camera_init/divider2[7] as clock net
SYN-4025 : Tag rtl::Net u_camera_init/divider2[8] as clock net
SYN-4025 : Tag rtl::Net u_camera_init/u_i2c_write/clk as clock net
SYN-4025 : Tag rtl::Net u_image_process/u_Median_Gray_3/u_three_martix/csi_pclk as clock net
SYN-4025 : Tag rtl::Net u_image_process/wrreq as clock net
SYN-4025 : Tag rtl::Net u_image_select/mode[3]_syn_26 as clock net
SYN-4025 : Tag rtl::Net vga_clk_dup_1 as clock net
SYN-4026 : Tagged 11 rtl::Net as clock net
SYN-4015 : Create BUFG instance for clk Net u_camera_init/divider2[8] to drive 32 clock pins.
SYN-4015 : Create BUFG instance for clk Net u_camera_init/divider2[7] to drive 18 clock pins.
SYN-4015 : Create BUFG instance for clk Net u_image_select/mode[3]_syn_26 to drive 17 clock pins.
SYN-4015 : Create BUFG instance for clk Net u_image_process/wrreq to drive 16 clock pins.
PHY-1001 : Populate physical database on model test_camera.
RUN-1001 : There are total 5696 instances
RUN-0007 : 2304 luts, 1985 seqs, 792 mslices, 443 lslices, 144 pads, 14 brams, 5 dsps
RUN-1001 : There are total 6834 nets
RUN-6004 WARNING: There are 2 nets with only 1 pin.
RUN-1001 : 4627 nets have 2 pins
RUN-1001 : 1416 nets have [3 - 5] pins
RUN-1001 : 631 nets have [6 - 10] pins
RUN-1001 : 84 nets have [11 - 20] pins
RUN-1001 : 67 nets have [21 - 99] pins
RUN-1001 : 7 nets have 100+ pins
RUN-1001 : Report Control nets information:
RUN-1001 : DFF Distribution
RUN-1001 : ----------------------------------
RUN-1001 :   CE   |  SSR  |  ASR  |  DFF Count  
RUN-1001 : ----------------------------------
RUN-1001 :   No   |  No   |  No   |     85      
RUN-1001 :   No   |  No   |  Yes  |    1289     
RUN-1001 :   No   |  Yes  |  No   |     34      
RUN-1001 :   Yes  |  No   |  No   |     66      
RUN-1001 :   Yes  |  No   |  Yes  |     487     
RUN-1001 :   Yes  |  Yes  |  No   |     24      
RUN-1001 : ----------------------------------
RUN-0007 : Control Group Statistic
RUN-0007 : ---------------------------
RUN-0007 :   #CLK  |  #CE  |  #SSR/ASR  
RUN-0007 : ---------------------------
RUN-0007 :    58   |  34   |    100     
RUN-0007 : ---------------------------
RUN-0007 : Control Set = 193
PHY-3001 : Initial placement ...
PHY-3001 : design contains 5694 instances, 2304 luts, 1985 seqs, 1235 slices, 239 macros(1234 instances: 791 mslices 443 lslices)
PHY-3001 : Huge net cam_rst_dup_27 with 1600 pins
PHY-0007 : Cell area utilization is 24%
PHY-3001 : Start timing update ...
RUN-1002 : start command "start_timer -report"
TMR-2505 : Start building timing graph for model test_camera.
TMR-2506 : Build timing graph completely. Port num: 21, tpin num: 26832, tnet num: 6832, tinst num: 5694, tnode num: 33309, tedge num: 44456.
TMR-2508 : Levelizing timing graph completed, there are 291 levels in total.
TMR-2501 : Timing graph initialized successfully.
RUN-1003 : finish command "start_timer -report" in  1.105814s wall, 1.093750s user + 0.015625s system = 1.109375s CPU (100.3%)

RUN-1004 : used memory is 262 MB, reserved memory is 239 MB, peak memory is 262 MB
TMR-2503 : Start to update net delay, extr mode = 2.
TMR-2504 : Update delay of 6832 nets completely.
TMR-2502 : Annotate delay completely, extr mode = 2.
TMR-3001 : Initiate 0 clocks from SDC.
TMR-3004 : Map sdc constraints, there are 2 constraints in total.
TMR-3003 : Constraints initiated successfully.
TMR-3501 : Forward propagation: start to calculate arrival time...
TMR-3502 : Backward propagation: start to calculate required time...
TMR-3503 : Timing propagation completes.
PHY-3001 : End timing update;  1.238082s wall, 1.218750s user + 0.031250s system = 1.250000s CPU (101.0%)

PHY-3001 : Global placement ...
PHY-3001 : Initial: Len = 1.63881e+06
PHY-3001 : Clustering ...
PHY-3001 : Level 0 #clusters 5694.
PHY-3001 : End clustering;  0.000024s wall, 0.000000s user + 0.000000s system = 0.000000s CPU (n/a%)

PHY-3001 : Run with size of 4
PHY-3001 : Cell area utilization is 24%
PHY-3001 : :::0::: Try harder cell spreading with beta_ = 0
PHY-3002 : Step(1): len = 1.11337e+06, overlap = 45
PHY-3002 : Step(2): len = 958150, overlap = 49.375
PHY-3002 : Step(3): len = 569836, overlap = 58.4375
PHY-3002 : Step(4): len = 532149, overlap = 64.75
PHY-3002 : Step(5): len = 415224, overlap = 69.625
PHY-3002 : Step(6): len = 378886, overlap = 75.3438
PHY-3002 : Step(7): len = 334938, overlap = 103.5
PHY-3002 : Step(8): len = 302050, overlap = 126.344
PHY-3002 : Step(9): len = 255014, overlap = 147.969
PHY-3002 : Step(10): len = 234730, overlap = 155.062
PHY-3002 : Step(11): len = 222887, overlap = 186.125
PHY-3002 : Step(12): len = 205803, overlap = 205.281
PHY-3002 : Step(13): len = 195820, overlap = 219.094
PHY-3002 : Step(14): len = 175687, overlap = 234.344
PHY-3002 : Step(15): len = 167222, overlap = 232.844
PHY-3002 : Step(16): len = 165145, overlap = 234.406
PHY-3002 : Step(17): len = 152461, overlap = 249.281
PHY-3002 : Step(18): len = 148461, overlap = 253.219
PHY-3002 : Step(19): len = 141736, overlap = 258.406
PHY-3002 : Step(20): len = 136366, overlap = 265.875
PHY-3002 : Step(21): len = 135418, overlap = 262.531
PHY-3001 : :::1::: Try harder cell spreading with beta_ = 1.22446e-05
PHY-3002 : Step(22): len = 148184, overlap = 180.219
PHY-3002 : Step(23): len = 152273, overlap = 162.688
PHY-3002 : Step(24): len = 143672, overlap = 155.125
PHY-3002 : Step(25): len = 144786, overlap = 159.156
PHY-3002 : Step(26): len = 144594, overlap = 171.062
PHY-3002 : Step(27): len = 144492, overlap = 166.406
PHY-3002 : Step(28): len = 141707, overlap = 160.656
PHY-3002 : Step(29): len = 140097, overlap = 161.625
PHY-3002 : Step(30): len = 137983, overlap = 162.469
PHY-3002 : Step(31): len = 136558, overlap = 150.906
PHY-3002 : Step(32): len = 132832, overlap = 143.062
PHY-3002 : Step(33): len = 131107, overlap = 145.125
PHY-3002 : Step(34): len = 128439, overlap = 146.406
PHY-3002 : Step(35): len = 126130, overlap = 144.219
PHY-3002 : Step(36): len = 124728, overlap = 140.688
PHY-3002 : Step(37): len = 121285, overlap = 136.844
PHY-3002 : Step(38): len = 120396, overlap = 138.906
PHY-3002 : Step(39): len = 120279, overlap = 142.812
PHY-3001 : :::2::: Try harder cell spreading with beta_ = 2.44893e-05
PHY-3002 : Step(40): len = 119380, overlap = 140.156
PHY-3002 : Step(41): len = 119386, overlap = 140.25
PHY-3002 : Step(42): len = 119643, overlap = 140.375
PHY-3001 : :::3::: Try harder cell spreading with beta_ = 4.89785e-05
PHY-3002 : Step(43): len = 120694, overlap = 139.094
PHY-3002 : Step(44): len = 120873, overlap = 139.219
PHY-3002 : Step(45): len = 121165, overlap = 135.25
PHY-3001 : :::4::: Try harder cell spreading with beta_ = 9.79571e-05
PHY-3002 : Step(46): len = 121586, overlap = 138.344
PHY-3002 : Step(47): len = 121650, overlap = 137.844
PHY-3002 : Step(48): len = 122592, overlap = 140.5
PHY-3001 : :::5::: Try harder cell spreading with beta_ = 0.000160665
PHY-3002 : Step(49): len = 123576, overlap = 134.219
PHY-3002 : Step(50): len = 123742, overlap = 133.844
PHY-3002 : Step(51): len = 124317, overlap = 133.062
PHY-3001 : Legalization ...
PHY-3001 : End legalization;  0.017701s wall, 0.015625s user + 0.031250s system = 0.046875s CPU (264.8%)

PHY-3001 : Run with size of 4
PHY-3001 : Cell area utilization is 30%
PHY-3001 : Update timing in Manhattan mode ...
TMR-2503 : Start to update net delay, extr mode = 3.
TMR-2504 : Update delay of 6832 nets completely.
TMR-2502 : Annotate delay completely, extr mode = 3.
TMR-3501 : Forward propagation: start to calculate arrival time...
TMR-3502 : Backward propagation: start to calculate required time...
TMR-3503 : Timing propagation completes.
PHY-3001 : End timing update;  0.124474s wall, 0.125000s user + 0.000000s system = 0.125000s CPU (100.4%)

PHY-3001 : :::0::: Try harder cell spreading with beta_ = 3.19737e-06
PHY-3002 : Step(52): len = 132249, overlap = 238.594
PHY-3002 : Step(53): len = 132650, overlap = 250.5
PHY-3002 : Step(54): len = 127021, overlap = 258.156
PHY-3002 : Step(55): len = 127226, overlap = 261.062
PHY-3002 : Step(56): len = 123711, overlap = 264.469
PHY-3002 : Step(57): len = 123711, overlap = 264.469
PHY-3002 : Step(58): len = 122486, overlap = 265.031
PHY-3002 : Step(59): len = 122314, overlap = 264.5
PHY-3002 : Step(60): len = 122314, overlap = 264.5
PHY-3001 : :::1::: Try harder cell spreading with beta_ = 6.39473e-06
PHY-3002 : Step(61): len = 122199, overlap = 263.562
PHY-3002 : Step(62): len = 122237, overlap = 261.969
PHY-3002 : Step(63): len = 122752, overlap = 256.812
PHY-3001 : :::2::: Try harder cell spreading with beta_ = 1.27895e-05
PHY-3002 : Step(64): len = 123544, overlap = 251.031
PHY-3002 : Step(65): len = 123713, overlap = 250.344
PHY-3002 : Step(66): len = 124558, overlap = 246.375
PHY-3001 : :::3::: Try harder cell spreading with beta_ = 2.55789e-05
PHY-3002 : Step(67): len = 130039, overlap = 227.312
PHY-3002 : Step(68): len = 130369, overlap = 225.562
PHY-3002 : Step(69): len = 135190, overlap = 214.25
PHY-3002 : Step(70): len = 135973, overlap = 209.062
PHY-3002 : Step(71): len = 140034, overlap = 188.031
PHY-3002 : Step(72): len = 138060, overlap = 191.281
PHY-3002 : Step(73): len = 137790, overlap = 202.5
PHY-3002 : Step(74): len = 134243, overlap = 200.125
PHY-3002 : Step(75): len = 133484, overlap = 186.781
PHY-3002 : Step(76): len = 131558, overlap = 189.906
PHY-3002 : Step(77): len = 131495, overlap = 190.875
PHY-3002 : Step(78): len = 131413, overlap = 193.938
PHY-3001 : :::4::: Try harder cell spreading with beta_ = 5.11578e-05
PHY-3002 : Step(79): len = 132231, overlap = 185.344
PHY-3002 : Step(80): len = 132364, overlap = 181.062
PHY-3001 : :::5::: Try harder cell spreading with beta_ = 0.000102316
PHY-3002 : Step(81): len = 136346, overlap = 168.156
PHY-3002 : Step(82): len = 136550, overlap = 166.312
PHY-3002 : Step(83): len = 137696, overlap = 160.875
PHY-3002 : Step(84): len = 138003, overlap = 161.344
PHY-3002 : Step(85): len = 138948, overlap = 146.312
PHY-3002 : Step(86): len = 138587, overlap = 142.031
PHY-3002 : Step(87): len = 136146, overlap = 160.969
PHY-3002 : Step(88): len = 136254, overlap = 163.156
PHY-3002 : Step(89): len = 134733, overlap = 165.125
PHY-3002 : Step(90): len = 134420, overlap = 165.938
PHY-3002 : Step(91): len = 134064, overlap = 167.281
PHY-3001 : :::6::: Try harder cell spreading with beta_ = 0.000204631
PHY-3002 : Step(92): len = 133754, overlap = 164.438
PHY-3002 : Step(93): len = 133713, overlap = 164
PHY-3002 : Step(94): len = 133660, overlap = 164.062
PHY-3001 : :::7::: Try harder cell spreading with beta_ = 0.000409263
PHY-3002 : Step(95): len = 133097, overlap = 165.25
PHY-3002 : Step(96): len = 133047, overlap = 163.969
PHY-3001 : :::8::: Try harder cell spreading with beta_ = 0.000818525
PHY-3002 : Step(97): len = 133383, overlap = 162.656
PHY-3002 : Step(98): len = 133567, overlap = 160.781
PHY-3001 : :::9::: Try harder cell spreading with beta_ = 0.00163705
PHY-3002 : Step(99): len = 133605, overlap = 160.438
PHY-3002 : Step(100): len = 133632, overlap = 160.812
PHY-3001 : :::10::: Try harder cell spreading with beta_ = 0.00264875
PHY-3002 : Step(101): len = 133824, overlap = 159.75
PHY-3002 : Step(102): len = 134039, overlap = 158.062
PHY-3001 : :::11::: Try harder cell spreading with beta_ = 0.00428568
PHY-3002 : Step(103): len = 134110, overlap = 158.438
PHY-3002 : Step(104): len = 134216, overlap = 158.219
PHY-3001 : Run with size of 2
PHY-3001 : Cell area utilization is 30%
PHY-3001 : Update timing in Manhattan mode ...
TMR-2503 : Start to update net delay, extr mode = 3.
TMR-2504 : Update delay of 6832 nets completely.
TMR-2502 : Annotate delay completely, extr mode = 3.
TMR-3501 : Forward propagation: start to calculate arrival time...
TMR-3502 : Backward propagation: start to calculate required time...
TMR-3503 : Timing propagation completes.
PHY-3001 : End timing update;  0.122562s wall, 0.125000s user + 0.000000s system = 0.125000s CPU (102.0%)

PHY-3001 : :::0::: Try harder cell spreading with beta_ = 1.42677e-05
PHY-3002 : Step(105): len = 138915, overlap = 336.062
PHY-3002 : Step(106): len = 139893, overlap = 331.531
PHY-3002 : Step(107): len = 137666, overlap = 278.125
PHY-3002 : Step(108): len = 138174, overlap = 275.812
PHY-3002 : Step(109): len = 137679, overlap = 266.406
PHY-3002 : Step(110): len = 137862, overlap = 261.25
PHY-3002 : Step(111): len = 136783, overlap = 248.938
PHY-3002 : Step(112): len = 133870, overlap = 242.906
PHY-3002 : Step(113): len = 133961, overlap = 242.062
PHY-3002 : Step(114): len = 132896, overlap = 249.719
PHY-3001 : :::1::: Try harder cell spreading with beta_ = 2.85355e-05
PHY-3002 : Step(115): len = 133883, overlap = 239.344
PHY-3002 : Step(116): len = 133883, overlap = 239.344
PHY-3002 : Step(117): len = 134087, overlap = 238.75
PHY-3001 : :::2::: Try harder cell spreading with beta_ = 5.70709e-05
PHY-3002 : Step(118): len = 139795, overlap = 211.562
PHY-3002 : Step(119): len = 141352, overlap = 213.281
PHY-3002 : Step(120): len = 144739, overlap = 194.531
PHY-3001 : :::3::: Try harder cell spreading with beta_ = 0.000114142
PHY-3002 : Step(121): len = 144732, overlap = 184.25
PHY-3002 : Step(122): len = 144924, overlap = 183.156
PHY-3002 : Step(123): len = 146921, overlap = 169.781
PHY-3002 : Step(124): len = 148434, overlap = 162.094
PHY-3002 : Step(125): len = 147430, overlap = 165.188
PHY-3002 : Step(126): len = 147302, overlap = 165.5
PHY-3002 : Step(127): len = 147108, overlap = 166.312
PHY-3001 : :::4::: Try harder cell spreading with beta_ = 0.000228284
PHY-3002 : Step(128): len = 149199, overlap = 157.219
PHY-3002 : Step(129): len = 149876, overlap = 156.688
PHY-3002 : Step(130): len = 152845, overlap = 139.625
PHY-3002 : Step(131): len = 154168, overlap = 134.938
PHY-3002 : Step(132): len = 153734, overlap = 134.406
PHY-3001 : :::5::: Try harder cell spreading with beta_ = 0.000456568
PHY-3002 : Step(133): len = 154317, overlap = 124.625
PHY-3002 : Step(134): len = 154389, overlap = 124.594
PHY-3002 : Step(135): len = 154840, overlap = 127.094
PHY-3001 : :::6::: Try harder cell spreading with beta_ = 0.000913135
PHY-3002 : Step(136): len = 155497, overlap = 125.406
PHY-3002 : Step(137): len = 156558, overlap = 124.469
PHY-3002 : Step(138): len = 158249, overlap = 117.562
PHY-3001 : :::7::: Try harder cell spreading with beta_ = 0.00182627
PHY-3002 : Step(139): len = 158686, overlap = 112.781
PHY-3002 : Step(140): len = 158885, overlap = 111.344
PHY-3002 : Step(141): len = 159315, overlap = 107.75
PHY-3001 : :::8::: Try harder cell spreading with beta_ = 0.00315824
PHY-3002 : Step(142): len = 159531, overlap = 107.281
PHY-3002 : Step(143): len = 159613, overlap = 107.438
OPT-1001 : Start physical optimization ...
RUN-1002 : start command "start_timer -report"
TMR-2505 : Start building timing graph for model test_camera.
TMR-2506 : Build timing graph completely. Port num: 21, tpin num: 26832, tnet num: 6832, tinst num: 5694, tnode num: 33309, tedge num: 44456.
TMR-2508 : Levelizing timing graph completed, there are 291 levels in total.
TMR-2501 : Timing graph initialized successfully.
RUN-1003 : finish command "start_timer -report" in  1.144092s wall, 1.140625s user + 0.000000s system = 1.140625s CPU (99.7%)

RUN-1004 : used memory is 258 MB, reserved memory is 237 MB, peak memory is 271 MB
OPT-1001 : Total overflow 338.00 peak overflow 2.88
OPT-1001 : Start high-fanout net optimization ...
OPT-1001 : Update timing in global mode
PHY-1001 : Start incremental global routing, caller is place ...
RUN-1001 : Generating global routing grids ...
RUN-1001 : Building simple global routing graph ...
PHY-1001 : Generate routing nets ...
PHY-1001 : Reuse net number 0/6834.
PHY-1001 : Global iterations in 16 thread ...
PHY-1002 : len = 190264, over cnt = 864(2%), over = 3264, worst = 21
PHY-1001 : End global iterations;  0.386855s wall, 0.500000s user + 0.031250s system = 0.531250s CPU (137.3%)

PHY-1001 : Congestion index: top1 = 46.59, top5 = 35.76, top10 = 30.01, top15 = 26.33.
PHY-1001 : End incremental global routing;  0.481753s wall, 0.593750s user + 0.046875s system = 0.640625s CPU (133.0%)

TMR-2503 : Start to update net delay, extr mode = 5.
TMR-2504 : Update delay of 6832 nets completely.
TMR-2502 : Annotate delay completely, extr mode = 5.
TMR-3001 : Initiate 0 clocks from SDC.
TMR-3004 : Map sdc constraints, there are 2 constraints in total.
TMR-3003 : Constraints initiated successfully.
TMR-3501 : Forward propagation: start to calculate arrival time...
TMR-3502 : Backward propagation: start to calculate required time...
TMR-3503 : Timing propagation completes.
OPT-1001 : End timing update;  0.176164s wall, 0.171875s user + 0.000000s system = 0.171875s CPU (97.6%)

OPT-1001 : 0 high-fanout net processed.
OPT-1001 : End high-fanout net optimization;  0.767920s wall, 0.875000s user + 0.046875s system = 0.921875s CPU (120.0%)

OPT-1001 : Current memory(MB): used = 296, reserve = 275, peak = 296.
OPT-1001 : Start global optimization ...
OPT-1001 : Start congestion update ...
RUN-1001 : Generating global routing grids ...
PHY-1001 : Generate routing nets ...
PHY-1001 : Reuse net number 5025/6834.
PHY-1001 : Global iterations in 16 thread ...
PHY-1002 : len = 190264, over cnt = 864(2%), over = 3264, worst = 21
PHY-1002 : len = 209304, over cnt = 580(1%), over = 1338, worst = 21
PHY-1002 : len = 219352, over cnt = 262(0%), over = 483, worst = 14
PHY-1002 : len = 223760, over cnt = 101(0%), over = 162, worst = 8
PHY-1002 : len = 225520, over cnt = 0(0%), over = 0, worst = 0
PHY-1001 : End global iterations;  0.469083s wall, 0.578125s user + 0.015625s system = 0.593750s CPU (126.6%)

PHY-1001 : Congestion index: top1 = 40.22, top5 = 32.50, top10 = 28.66, top15 = 26.03.
OPT-1001 : End congestion update;  0.561512s wall, 0.671875s user + 0.015625s system = 0.687500s CPU (122.4%)

OPT-1001 : Update timing in Manhattan mode
TMR-2503 : Start to update net delay, extr mode = 3.
TMR-2504 : Update delay of 6832 nets completely.
TMR-2502 : Annotate delay completely, extr mode = 3.
TMR-3501 : Forward propagation: start to calculate arrival time...
TMR-3502 : Backward propagation: start to calculate required time...
TMR-3503 : Timing propagation completes.
OPT-1001 : End timing update;  0.127198s wall, 0.125000s user + 0.000000s system = 0.125000s CPU (98.3%)

OPT-0007 : Start: WNS 4470 TNS 0 NUM_FEPS 0
OPT-1001 : End global optimization;  0.688848s wall, 0.796875s user + 0.015625s system = 0.812500s CPU (118.0%)

OPT-1001 : Current memory(MB): used = 301, reserve = 279, peak = 301.
OPT-1001 : End physical optimization;  2.653741s wall, 2.859375s user + 0.078125s system = 2.937500s CPU (110.7%)

PHY-3001 : Start packing ...
SYN-4007 : Packing 0 MUX to BLE ...
SYN-4008 : Packed 0 MUX and 0 SEQ to BLE.
SYN-4007 : Packing 2304 LUT to BLE ...
SYN-4008 : Packed 2304 LUT and 1022 SEQ to BLE.
SYN-4003 : Packing 963 remaining SEQ's ...
SYN-4005 : Packed 601 SEQ with LUT/SLICE
SYN-4006 : 858 single LUT's are left
SYN-4006 : 362 single SEQ's are left
SYN-4011 : Packing model "test_camera" (AL_USER_NORMAL) with 2666/5091 primitive instances ...
PHY-3001 : End packing;  0.245283s wall, 0.250000s user + 0.000000s system = 0.250000s CPU (101.9%)

PHY-1001 : Populate physical database on model test_camera.
RUN-1001 : There are total 2898 instances
RUN-1001 : 1363 mslices, 1363 lslices, 144 pads, 14 brams, 5 dsps
RUN-1001 : There are total 5876 nets
RUN-6004 WARNING: There are 2 nets with only 1 pin.
RUN-1001 : 3644 nets have 2 pins
RUN-1001 : 1431 nets have [3 - 5] pins
RUN-1001 : 642 nets have [6 - 10] pins
RUN-1001 : 83 nets have [11 - 20] pins
RUN-1001 : 64 nets have [21 - 99] pins
RUN-1001 : 10 nets have 100+ pins
PHY-3001 : design contains 2896 instances, 2726 slices, 239 macros(1234 instances: 791 mslices 443 lslices)
PHY-3001 : Cell area utilization is 33%
PHY-3001 : After packing: Len = 161103, Over = 152
PHY-3001 : Run with size of 2
PHY-3001 : Cell area utilization is 33%
PHY-3001 : Update timing in Manhattan mode ...
RUN-1002 : start command "start_timer -report"
TMR-2505 : Start building timing graph for model test_camera.
TMR-2506 : Build timing graph completely. Port num: 21, tpin num: 23417, tnet num: 5874, tinst num: 2896, tnode num: 28107, tedge num: 40480.
TMR-2508 : Levelizing timing graph completed, there are 289 levels in total.
TMR-2501 : Timing graph initialized successfully.
RUN-1003 : finish command "start_timer -report" in  1.294396s wall, 1.296875s user + 0.000000s system = 1.296875s CPU (100.2%)

RUN-1004 : used memory is 306 MB, reserved memory is 286 MB, peak memory is 306 MB
TMR-2503 : Start to update net delay, extr mode = 3.
TMR-2504 : Update delay of 5874 nets completely.
TMR-2502 : Annotate delay completely, extr mode = 3.
TMR-3001 : Initiate 0 clocks from SDC.
TMR-3004 : Map sdc constraints, there are 2 constraints in total.
TMR-3003 : Constraints initiated successfully.
TMR-3501 : Forward propagation: start to calculate arrival time...
TMR-3502 : Backward propagation: start to calculate required time...
TMR-3503 : Timing propagation completes.
PHY-3001 : End timing update;  1.416663s wall, 1.421875s user + 0.000000s system = 1.421875s CPU (100.4%)

PHY-3001 : :::0::: Try harder cell spreading with beta_ = 2.4186e-05
PHY-3002 : Step(144): len = 155983, overlap = 158.5
PHY-3002 : Step(145): len = 154415, overlap = 161
PHY-3002 : Step(146): len = 150138, overlap = 182.25
PHY-3002 : Step(147): len = 147700, overlap = 186.5
PHY-3002 : Step(148): len = 147246, overlap = 187
PHY-3002 : Step(149): len = 146472, overlap = 188.5
PHY-3001 : :::1::: Try harder cell spreading with beta_ = 4.83721e-05
PHY-3002 : Step(150): len = 148171, overlap = 185.75
PHY-3002 : Step(151): len = 149000, overlap = 184.75
PHY-3002 : Step(152): len = 151252, overlap = 178.5
PHY-3001 : :::2::: Try harder cell spreading with beta_ = 9.67441e-05
PHY-3002 : Step(153): len = 154894, overlap = 167.75
PHY-3002 : Step(154): len = 156793, overlap = 164.75
PHY-3002 : Step(155): len = 160490, overlap = 155
PHY-3002 : Step(156): len = 159697, overlap = 151.5
PHY-3002 : Step(157): len = 159484, overlap = 151.5
PHY-3002 : Step(158): len = 159394, overlap = 151.5
PHY-3001 : Legalization ...
PHY-3001 : End legalization;  0.341307s wall, 0.265625s user + 0.703125s system = 0.968750s CPU (283.8%)

PHY-3001 : Trial Legalized: Len = 202717
PHY-3001 : Run with size of 2
PHY-3001 : Cell area utilization is 32%
PHY-3001 : Update timing in Manhattan mode ...
TMR-2503 : Start to update net delay, extr mode = 3.
TMR-2504 : Update delay of 5874 nets completely.
TMR-2502 : Annotate delay completely, extr mode = 3.
TMR-3501 : Forward propagation: start to calculate arrival time...
TMR-3502 : Backward propagation: start to calculate required time...
TMR-3503 : Timing propagation completes.
PHY-3001 : End timing update;  0.108103s wall, 0.109375s user + 0.000000s system = 0.109375s CPU (101.2%)

PHY-3001 : :::0::: Try harder cell spreading with beta_ = 0.000158294
PHY-3002 : Step(159): len = 187115, overlap = 16.5
PHY-3002 : Step(160): len = 178566, overlap = 42.5
PHY-3002 : Step(161): len = 175546, overlap = 47.25
PHY-3002 : Step(162): len = 174272, overlap = 49
PHY-3002 : Step(163): len = 172624, overlap = 54.75
PHY-3002 : Step(164): len = 171286, overlap = 62.5
PHY-3002 : Step(165): len = 170928, overlap = 62.75
PHY-3002 : Step(166): len = 170283, overlap = 64.5
PHY-3001 : :::1::: Try harder cell spreading with beta_ = 0.000316589
PHY-3002 : Step(167): len = 171630, overlap = 64.75
PHY-3002 : Step(168): len = 172460, overlap = 63.25
PHY-3002 : Step(169): len = 172944, overlap = 63
PHY-3001 : :::2::: Try harder cell spreading with beta_ = 0.000633177
PHY-3002 : Step(170): len = 174345, overlap = 60.25
PHY-3002 : Step(171): len = 174673, overlap = 59.25
PHY-3002 : Step(172): len = 175327, overlap = 59.5
PHY-3001 : Legalization ...
PHY-3001 : End legalization;  0.008227s wall, 0.000000s user + 0.000000s system = 0.000000s CPU (n/a%)

PHY-3001 : Legalized: Len = 187777, Over = 0
PHY-3001 : Spreading special nets. 38 overflows in 2952 tiles.
PHY-3001 : End spreading;  0.019766s wall, 0.015625s user + 0.000000s system = 0.015625s CPU (79.0%)

PHY-3001 : 45 instances has been re-located, deltaX = 20, deltaY = 23, maxDist = 2.
PHY-3001 : Final: Len = 188606, Over = 0
OPT-1001 : Start physical optimization ...
RUN-1002 : start command "start_timer -report"
TMR-2505 : Start building timing graph for model test_camera.
TMR-2506 : Build timing graph completely. Port num: 21, tpin num: 23417, tnet num: 5874, tinst num: 2896, tnode num: 28107, tedge num: 40480.
TMR-2508 : Levelizing timing graph completed, there are 289 levels in total.
TMR-2501 : Timing graph initialized successfully.
RUN-1003 : finish command "start_timer -report" in  1.346773s wall, 1.343750s user + 0.000000s system = 1.343750s CPU (99.8%)

RUN-1004 : used memory is 301 MB, reserved memory is 282 MB, peak memory is 310 MB
OPT-1001 : Total overflow 0.00 peak overflow 0.00
OPT-1001 : Start high-fanout net optimization ...
OPT-1001 : Update timing in global mode
PHY-1001 : Start incremental global routing, caller is place ...
RUN-1001 : Generating global routing grids ...
PHY-1001 : Generate routing nets ...
PHY-1001 : Reuse net number 307/5876.
PHY-1001 : Global iterations in 16 thread ...
PHY-1002 : len = 233048, over cnt = 670(1%), over = 1083, worst = 6
PHY-1002 : len = 237968, over cnt = 330(0%), over = 447, worst = 5
PHY-1002 : len = 241744, over cnt = 112(0%), over = 143, worst = 3
PHY-1002 : len = 242984, over cnt = 36(0%), over = 44, worst = 3
PHY-1002 : len = 243624, over cnt = 0(0%), over = 0, worst = 0
PHY-1001 : End global iterations;  0.719857s wall, 1.015625s user + 0.062500s system = 1.078125s CPU (149.8%)

PHY-1001 : Congestion index: top1 = 34.38, top5 = 29.78, top10 = 26.96, top15 = 24.97.
PHY-1001 : End incremental global routing;  0.850775s wall, 1.156250s user + 0.062500s system = 1.218750s CPU (143.3%)

TMR-2503 : Start to update net delay, extr mode = 5.
TMR-2504 : Update delay of 5874 nets completely.
TMR-2502 : Annotate delay completely, extr mode = 5.
TMR-3001 : Initiate 0 clocks from SDC.
TMR-3004 : Map sdc constraints, there are 2 constraints in total.
TMR-3003 : Constraints initiated successfully.
TMR-3501 : Forward propagation: start to calculate arrival time...
TMR-3502 : Backward propagation: start to calculate required time...
TMR-3503 : Timing propagation completes.
OPT-1001 : End timing update;  0.148828s wall, 0.140625s user + 0.000000s system = 0.140625s CPU (94.5%)

OPT-1001 : 0 high-fanout net processed.
OPT-1001 : End high-fanout net optimization;  1.111965s wall, 1.406250s user + 0.062500s system = 1.468750s CPU (132.1%)

OPT-1001 : Current memory(MB): used = 310, reserve = 290, peak = 310.
OPT-1001 : Start path based optimization ...
OPT-1001 : Start congestion update ...
RUN-1001 : Generating global routing grids ...
PHY-1001 : Generate routing nets ...
PHY-1001 : Reuse net number 4954/5876.
PHY-1001 : Global iterations in 16 thread ...
PHY-1002 : len = 243624, over cnt = 0(0%), over = 0, worst = 0
PHY-1001 : End global iterations;  0.028175s wall, 0.031250s user + 0.000000s system = 0.031250s CPU (110.9%)

PHY-1001 : Congestion index: top1 = 34.38, top5 = 29.78, top10 = 26.96, top15 = 24.97.
OPT-1001 : End congestion update;  0.132077s wall, 0.140625s user + 0.000000s system = 0.140625s CPU (106.5%)

OPT-1001 : Update timing in Manhattan mode
TMR-2503 : Start to update net delay, extr mode = 3.
TMR-2504 : Update delay of 5874 nets completely.
TMR-2502 : Annotate delay completely, extr mode = 3.
TMR-3501 : Forward propagation: start to calculate arrival time...
TMR-3502 : Backward propagation: start to calculate required time...
TMR-3503 : Timing propagation completes.
OPT-1001 : End timing update;  0.112047s wall, 0.109375s user + 0.000000s system = 0.109375s CPU (97.6%)

OPT-0007 : Start: WNS 4345 TNS 0 NUM_FEPS 0
OPT-1001 : End path based optimization;  0.244276s wall, 0.250000s user + 0.000000s system = 0.250000s CPU (102.3%)

OPT-1001 : Current memory(MB): used = 312, reserve = 292, peak = 312.
OPT-1001 : Update timing in Manhattan mode
TMR-2503 : Start to update net delay, extr mode = 3.
TMR-2504 : Update delay of 5874 nets completely.
TMR-2502 : Annotate delay completely, extr mode = 3.
TMR-3501 : Forward propagation: start to calculate arrival time...
TMR-3502 : Backward propagation: start to calculate required time...
TMR-3503 : Timing propagation completes.
OPT-1001 : End timing update;  0.109096s wall, 0.109375s user + 0.000000s system = 0.109375s CPU (100.3%)

OPT-1001 : Start pin optimization...
OPT-1001 : skip pin optimization...
OPT-1001 : Update timing in global mode
PHY-1001 : Start incremental global routing, caller is place ...
RUN-1001 : Generating global routing grids ...
PHY-1001 : Generate routing nets ...
PHY-1001 : Reuse net number 4954/5876.
PHY-1001 : Global iterations in 16 thread ...
PHY-1002 : len = 243624, over cnt = 0(0%), over = 0, worst = 0
PHY-1001 : End global iterations;  0.028999s wall, 0.031250s user + 0.000000s system = 0.031250s CPU (107.8%)

PHY-1001 : Congestion index: top1 = 34.38, top5 = 29.78, top10 = 26.96, top15 = 24.97.
PHY-1001 : End incremental global routing;  0.131415s wall, 0.125000s user + 0.000000s system = 0.125000s CPU (95.1%)

TMR-2503 : Start to update net delay, extr mode = 5.
TMR-2504 : Update delay of 5874 nets completely.
TMR-2502 : Annotate delay completely, extr mode = 5.
TMR-3501 : Forward propagation: start to calculate arrival time...
TMR-3502 : Backward propagation: start to calculate required time...
TMR-3503 : Timing propagation completes.
OPT-1001 : End timing update;  0.142540s wall, 0.156250s user + 0.000000s system = 0.156250s CPU (109.6%)

RUN-1001 : Generating global routing grids ...
PHY-1001 : Generate routing nets ...
PHY-1001 : Reuse net number 4954/5876.
PHY-1001 : Global iterations in 16 thread ...
PHY-1002 : len = 243624, over cnt = 0(0%), over = 0, worst = 0
PHY-1001 : End global iterations;  0.027293s wall, 0.031250s user + 0.000000s system = 0.031250s CPU (114.5%)

PHY-1001 : Congestion index: top1 = 34.38, top5 = 29.78, top10 = 26.96, top15 = 24.97.
OPT-1001 : Update timing in Manhattan mode
TMR-2503 : Start to update net delay, extr mode = 3.
TMR-2504 : Update delay of 5874 nets completely.
TMR-2502 : Annotate delay completely, extr mode = 3.
TMR-3501 : Forward propagation: start to calculate arrival time...
TMR-3502 : Backward propagation: start to calculate required time...
TMR-3503 : Timing propagation completes.
OPT-1001 : End timing update;  0.109815s wall, 0.109375s user + 0.000000s system = 0.109375s CPU (99.6%)

RUN-1001 : QoR Analysis:
OPT-0007 :   WNS 4345 TNS 0 NUM_FEPS 0
RUN-1001 :   No local congestion issue, and most congested 1% tile average routing util is 33.965517
RUN-1001 :   Top critical paths
OPT-1001 : End physical optimization;  3.373095s wall, 3.671875s user + 0.062500s system = 3.734375s CPU (110.7%)

RUN-1003 : finish command "place" in  16.253886s wall, 26.625000s user + 7.015625s system = 33.640625s CPU (207.0%)

RUN-1004 : used memory is 290 MB, reserved memory is 270 MB, peak memory is 313 MB
RUN-1002 : start command "export_db ov2640_sdram_place.db"
RUN-1001 : Exported /
RUN-1001 : Exported flow parameters
RUN-1001 : Exported libs
RUN-1001 : Exported entities
RUN-1001 : Exported ports
RUN-1001 : Exported pins
RUN-1001 : Exported instances
RUN-1001 : Exported nets
RUN-1001 : Exported buses
RUN-1001 : Exported models
RUN-1001 : Exported congestions
RUN-1001 : Exported violations
RUN-1001 : Exported timing constraints
RUN-1001 : Exported IO constraints
RUN-1001 : Exported Inst constraints
RUN-1002 : start command "route"
RUN-1001 : Open license file C:/Anlogic/TD5.6.59063/license/Anlogic.lic
RUN-1001 : Print Global Property
RUN-1001 : ---------------------------------------------------------------
RUN-1001 :        Parameters        |  Settings  |  Default Values  |  Note  
RUN-1001 : ---------------------------------------------------------------
RUN-1001 :          message         |  standard  |     standard     |        
RUN-1001 :   mixed_pack_place_flow  |     on     |        on        |        
RUN-1001 :        qor_monitor       |    off     |       off        |        
RUN-1001 :        syn_ip_flow       |    off     |       off        |        
RUN-1001 :          thread          |    auto    |       auto       |        
RUN-1001 : ---------------------------------------------------------------
RUN-1001 : Print Route Property
RUN-1001 : -------------------------------------------------------
RUN-1001 :    Parameters    |  Settings  |  Default Values  |  Note  
RUN-1001 : -------------------------------------------------------
RUN-1001 :      effort      |   medium   |      medium      |        
RUN-1001 :     fix_hold     |    off     |       off        |        
RUN-1001 :    opt_timing    |   medium   |      medium      |        
RUN-1001 :   phy_sim_model  |    off     |       off        |        
RUN-1001 :     priority     |   timing   |      timing      |        
RUN-1001 :     swap_pin     |     on     |        on        |        
RUN-1001 : -------------------------------------------------------
PHY-1001 : Route runs in 16 thread(s)
RUN-1001 : There are total 2898 instances
RUN-1001 : 1363 mslices, 1363 lslices, 144 pads, 14 brams, 5 dsps
RUN-1001 : There are total 5876 nets
RUN-6004 WARNING: There are 2 nets with only 1 pin.
RUN-1001 : 3644 nets have 2 pins
RUN-1001 : 1431 nets have [3 - 5] pins
RUN-1001 : 642 nets have [6 - 10] pins
RUN-1001 : 83 nets have [11 - 20] pins
RUN-1001 : 64 nets have [21 - 99] pins
RUN-1001 : 10 nets have 100+ pins
RUN-1002 : start command "start_timer -report"
TMR-2505 : Start building timing graph for model test_camera.
TMR-2506 : Build timing graph completely. Port num: 21, tpin num: 23417, tnet num: 5874, tinst num: 2896, tnode num: 28107, tedge num: 40480.
TMR-2508 : Levelizing timing graph completed, there are 289 levels in total.
TMR-2501 : Timing graph initialized successfully.
RUN-1003 : finish command "start_timer -report" in  1.272697s wall, 1.281250s user + 0.000000s system = 1.281250s CPU (100.7%)

RUN-1004 : used memory is 308 MB, reserved memory is 288 MB, peak memory is 342 MB
PHY-1001 : 1363 mslices, 1363 lslices, 144 pads, 14 brams, 5 dsps
TMR-2503 : Start to update net delay, extr mode = 3.
TMR-2504 : Update delay of 5874 nets completely.
TMR-2502 : Annotate delay completely, extr mode = 3.
TMR-3001 : Initiate 0 clocks from SDC.
TMR-3004 : Map sdc constraints, there are 2 constraints in total.
TMR-3003 : Constraints initiated successfully.
TMR-3501 : Forward propagation: start to calculate arrival time...
TMR-3502 : Backward propagation: start to calculate required time...
TMR-3503 : Timing propagation completes.
PHY-1001 : Start global routing, caller is route ...
RUN-1001 : Generating global routing grids ...
PHY-1001 : Generate routing nets ...
PHY-1001 : Global iterations in 16 thread ...
PHY-1002 : len = 229872, over cnt = 686(1%), over = 1121, worst = 7
PHY-1002 : len = 235712, over cnt = 303(0%), over = 397, worst = 5
PHY-1002 : len = 239248, over cnt = 82(0%), over = 107, worst = 3
PHY-1002 : len = 240672, over cnt = 1(0%), over = 1, worst = 1
PHY-1002 : len = 240720, over cnt = 0(0%), over = 0, worst = 0
PHY-1001 : End global iterations;  0.809020s wall, 1.062500s user + 0.093750s system = 1.156250s CPU (142.9%)

PHY-1001 : Congestion index: top1 = 34.14, top5 = 29.62, top10 = 26.84, top15 = 24.87.
PHY-1001 : End global routing;  0.929472s wall, 1.171875s user + 0.093750s system = 1.265625s CPU (136.2%)

PHY-1001 : Start detail routing ...
PHY-1001 : Current memory(MB): used = 343, reserve = 323, peak = 343.
PHY-1001 : Detailed router is running in normal mode.
PHY-1001 : Generate detailed routing grids ...
PHY-1001 : Generate nets ...
PHY-1001 : net clk_24m_dup_1 will be routed on clock mesh
PHY-1001 : net clk_cam will be routed on clock mesh
PHY-1001 : net vga_clk_dup_1 will be routed on clock mesh
PHY-1001 : clock net Sdram_Control_4Port/CTRL_CLK will be merged with clock u_pll/clk0_buf
PHY-1001 : net Sdram_Control_4Port/SDRAM_CLK will be routed on clock mesh
PHY-1001 : clock net u_image_select/mode[3]_syn_28 will be merged with clock u_image_select/mode[3]_syn_26
PHY-1001 : clock net u_camera_init/divider2[8]_syn_4 will be merged with clock u_camera_init/divider2[8]
PHY-1001 : clock net u_camera_init/divider2[7]_syn_2 will be merged with clock u_camera_init/divider2[7]
PHY-1001 : net u_camera_init/u_i2c_write/clk will be routed on clock mesh
PHY-5010 WARNING: Net u_image_process/out_img_imy[1] is skipped due to 0 input or output
PHY-5010 WARNING: Net u_image_process/out_img_imy[0] is skipped due to 0 input or output
PHY-1001 : clock net u_image_process/wrreq_syn_2 will be merged with clock u_image_process/wrreq
PHY-1001 : net u_image_process/u_Median_Gray_3/u_three_martix/csi_pclk will be routed on clock mesh
PHY-5010 WARNING: Net u_image_process/out_img_imy[1] is skipped due to 0 input or output
PHY-5010 WARNING: Net u_image_process/out_img_imy[0] is skipped due to 0 input or output
PHY-1001 : Current memory(MB): used = 595, reserve = 578, peak = 595.
PHY-1001 : End build detailed router design. 3.891598s wall, 3.828125s user + 0.062500s system = 3.890625s CPU (100.0%)

PHY-1001 : Detail Route ...
PHY-1001 : ===== Detail Route Phase 1 =====
PHY-1001 : Clock net routing.....
PHY-1001 : Routed 0% nets.
PHY-1022 : len = 69256, over cnt = 0(0%), over = 0, worst = 0, crit = 0
PHY-1001 : End initial clock net routed; 4.099344s wall, 4.093750s user + 0.015625s system = 4.109375s CPU (100.2%)

PHY-1001 : Current memory(MB): used = 628, reserve = 612, peak = 628.
PHY-1001 : End phase 1; 4.105804s wall, 4.093750s user + 0.015625s system = 4.109375s CPU (100.1%)

PHY-1001 : ===== Detail Route Phase 2 =====
PHY-1001 : Initial routing.....
PHY-1001 : Routed 21% nets.
PHY-1001 : Routed 23% nets.
PHY-1001 : Routed 26% nets.
PHY-1001 : Routed 30% nets.
PHY-1001 : Routed 36% nets.
PHY-1001 : Patch 2634 net; 2.591791s wall, 2.593750s user + 0.000000s system = 2.593750s CPU (100.1%)

PHY-1022 : len = 623304, over cnt = 271(0%), over = 271, worst = 1, crit = 0
PHY-1001 : Current memory(MB): used = 632, reserve = 617, peak = 632.
PHY-1001 : End initial routed; 7.429255s wall, 11.250000s user + 0.140625s system = 11.390625s CPU (153.3%)

PHY-1001 : Update timing.....
PHY-1001 : 0/4798(0%) critical/total net(s).
RUN-1001 : ------------------------------------------
RUN-1001 :   Type   |    WNS(ns)    |  TNS(ns)  |  FEP  
RUN-1001 : ------------------------------------------
RUN-1001 :   Setup  |     3.846     |   0.000   |   0   
RUN-1001 :   Hold   |  2147483.647  |   0.000   |   0   
RUN-1001 : ------------------------------------------
PHY-1001 : End update timing; 1.536267s wall, 1.546875s user + 0.000000s system = 1.546875s CPU (100.7%)

PHY-1001 : Current memory(MB): used = 638, reserve = 623, peak = 638.
PHY-1001 : End phase 2; 8.965584s wall, 12.796875s user + 0.140625s system = 12.937500s CPU (144.3%)

PHY-1001 : ===== Detail Route Phase 3 =====
PHY-1001 : Optimize timing.....
PHY-1022 : len = 623304, over cnt = 271(0%), over = 271, worst = 1, crit = 0
PHY-1001 : End optimize timing; 0.023405s wall, 0.031250s user + 0.000000s system = 0.031250s CPU (133.5%)

PHY-1001 : Ripup-reroute.....
PHY-1001 : ===== DR Iter 1 =====
PHY-1022 : len = 619976, over cnt = 81(0%), over = 81, worst = 1, crit = 0
PHY-1001 : End DR Iter 1; 0.186957s wall, 0.250000s user + 0.000000s system = 0.250000s CPU (133.7%)

PHY-1001 : ===== DR Iter 2 =====
PHY-1022 : len = 620144, over cnt = 2(0%), over = 2, worst = 1, crit = 0
PHY-1001 : End DR Iter 2; 0.124649s wall, 0.156250s user + 0.000000s system = 0.156250s CPU (125.4%)

PHY-1001 : ===== DR Iter 3 =====
PHY-1022 : len = 620136, over cnt = 0(0%), over = 0, worst = 0, crit = 0
PHY-1001 : End DR Iter 3; 0.047586s wall, 0.046875s user + 0.000000s system = 0.046875s CPU (98.5%)

PHY-1001 : Update timing.....
PHY-1001 : 0/4798(0%) critical/total net(s).
RUN-1001 : ------------------------------------------
RUN-1001 :   Type   |    WNS(ns)    |  TNS(ns)  |  FEP  
RUN-1001 : ------------------------------------------
RUN-1001 :   Setup  |     3.846     |   0.000   |   0   
RUN-1001 :   Hold   |  2147483.647  |   0.000   |   0   
RUN-1001 : ------------------------------------------
PHY-1001 : End update timing; 1.519770s wall, 1.515625s user + 0.000000s system = 1.515625s CPU (99.7%)

PHY-1001 : Commit to database.....
PHY-1001 : 52 feed throughs used by 45 nets
PHY-1001 : End commit to database; 0.633116s wall, 0.609375s user + 0.015625s system = 0.625000s CPU (98.7%)

PHY-1001 : Current memory(MB): used = 671, reserve = 657, peak = 671.
PHY-1001 : End phase 3; 2.705966s wall, 2.781250s user + 0.015625s system = 2.796875s CPU (103.4%)

PHY-1003 : Routed, final wirelength = 620136
PHY-1001 : Current memory(MB): used = 672, reserve = 659, peak = 672.
PHY-1001 : End export database. 0.021063s wall, 0.015625s user + 0.000000s system = 0.015625s CPU (74.2%)

PHY-1001 : End detail routing;  19.957143s wall, 23.781250s user + 0.234375s system = 24.015625s CPU (120.3%)

RUN-1003 : finish command "route" in  22.400650s wall, 26.484375s user + 0.328125s system = 26.812500s CPU (119.7%)

RUN-1004 : used memory is 638 MB, reserved memory is 625 MB, peak memory is 672 MB
RUN-1002 : start command "report_area -io_info -file ov2640_sdram_phy.area"
RUN-1001 : standard
***Report Model: test_camera Device: EG4S20BG256***

IO Statistics
#IO                        89
  #input                   29
  #output                  59
  #inout                    1

Utilization Statistics
#lut                     4862   out of  19600   24.81%
#reg                     1988   out of  19600   10.14%
#le                      5221
  #lut only              3233   out of   5221   61.92%
  #reg only               359   out of   5221    6.88%
  #lut&reg               1629   out of   5221   31.20%
#dsp                        5   out of     29   17.24%
#bram                      12   out of     64   18.75%
  #bram9k                   0
  #fifo9k                  12
#bram32k                    2   out of     16   12.50%
#pad                       89   out of    188   47.34%
  #ireg                     0
  #oreg                     0
  #treg                     0
#pll                        1   out of      4   25.00%
#gclk                      11   out of     16   68.75%

Clock Resource Statistics
Index     ClockNet                                                   Type               DriverType         Driver                                       Fanout
#1        u_image_process/u_Median_Gray_3/u_three_martix/csi_pclk    GCLK               io                 cam_pclk_syn_9.di                            855
#2        u_pll/clk0_buf                                             GCLK               pll                u_pll/pll_inst.clkc0                         184
#3        vga_clk_dup_1                                              GCLK               pll                u_pll/pll_inst.clkc2                         42
#4        u_camera_init/u_i2c_write/clk                              GCLK               pll                u_pll/pll_inst.clkc4                         33
#5        u_camera_init/divider2[8]                                  GCLK               mslice             u_camera_init/reg3_syn_31.q0                 21
#6        u_camera_init/divider2[7]                                  GCLK               mslice             u_camera_init/reg3_syn_31.q1                 18
#7        u_image_select/mode[3]_syn_26                              GCLK               mslice             u_image_select/sel1_syn_73.f0                10
#8        u_image_process/wrreq                                      GCLK               mslice             u_image_process/u_RGBYCbCr/reg7_syn_20.f0    9
#9        clk_24m_dup_1                                              GCLK               io                 clk_24m_syn_2.di                             7
#10       Sdram_Control_4Port/SDRAM_CLK                              GCLK               pll                u_pll/pll_inst.clkc1                         0
#11       clk_cam                                                    GCLK               pll                u_pll/pll_inst.clkc3                         0


Detailed IO Report

     Name        Direction    Location    IOStandard    DriveStrength    PullType    PackReg  
   Switch[5]       INPUT         P6        LVCMOS25          N/A          PULLUP      NONE    
   Switch[4]       INPUT         M6        LVCMOS25          N/A          PULLUP      NONE    
   Switch[3]       INPUT         T6        LVCMOS25          N/A          PULLUP      NONE    
   Switch[2]       INPUT         T5        LVCMOS25          N/A          PULLUP      NONE    
   Switch[1]       INPUT         R5        LVCMOS25          N/A          PULLUP      NONE    
   Switch[0]       INPUT         T4        LVCMOS25          N/A          PULLUP      NONE    
  cam_data[7]      INPUT        H13        LVCMOS33          N/A          PULLUP      NONE    
  cam_data[6]      INPUT        G16        LVCMOS33          N/A          PULLUP      NONE    
  cam_data[5]      INPUT        H16        LVCMOS33          N/A          PULLUP      NONE    
  cam_data[4]      INPUT        G14        LVCMOS33          N/A          PULLUP      NONE    
  cam_data[3]      INPUT        K15        LVCMOS33          N/A          PULLUP      NONE    
  cam_data[2]      INPUT        K16        LVCMOS33          N/A          PULLUP      NONE    
  cam_data[1]      INPUT        J16        LVCMOS33          N/A          PULLUP      NONE    
  cam_data[0]      INPUT        H15        LVCMOS33          N/A          PULLUP      NONE    
   cam_href        INPUT        F15        LVCMOS33          N/A          PULLUP      NONE    
   cam_pclk        INPUT        K12        LVCMOS33          N/A          PULLUP      NONE    
   cam_vsync       INPUT        E15        LVCMOS33          N/A          PULLUP      NONE    
    clk_24m        INPUT        K14        LVCMOS33          N/A          PULLUP      NONE    
     rst_n         INPUT        G11        LVCMOS33          N/A          PULLUP      NONE    
    Led[15]       OUTPUT        T13        LVCMOS25           8            NONE       NONE    
    Led[14]       OUTPUT        T12        LVCMOS25           8            NONE       NONE    
    Led[13]       OUTPUT        R12        LVCMOS25           8            NONE       NONE    
    Led[12]       OUTPUT         M7        LVCMOS25           8            NONE       NONE    
    Led[11]       OUTPUT         T9        LVCMOS25           8            NONE       NONE    
    Led[10]       OUTPUT         T8        LVCMOS25           8            NONE       NONE    
    Led[9]        OUTPUT         T7        LVCMOS25           8            NONE       NONE    
    Led[8]        OUTPUT         R7        LVCMOS25           8            NONE       NONE    
    Led[7]        OUTPUT         P5        LVCMOS25           8            NONE       NONE    
    Led[6]        OUTPUT         N5        LVCMOS25           8            NONE       NONE    
    Led[5]        OUTPUT         P4        LVCMOS25           8            NONE       NONE    
    Led[4]        OUTPUT         M5        LVCMOS25           8            NONE       NONE    
    Led[3]        OUTPUT         N4        LVCMOS25           8            NONE       NONE    
    Led[2]        OUTPUT         N3        LVCMOS25           8            NONE       NONE    
    Led[1]        OUTPUT         M4        LVCMOS25           8            NONE       NONE    
    Led[0]        OUTPUT         M3        LVCMOS25           8            NONE       NONE    
   cam_pwdn       OUTPUT        F14        LVCMOS33           8            NONE       NONE    
    cam_rst       OUTPUT        F13        LVCMOS33           8            NONE       NONE    
   cam_soic       OUTPUT        D16        LVCMOS33           8           PULLUP      NONE    
   cam_xclk       OUTPUT        J12        LVCMOS33           8            NONE       NONE    
   sm_bit[3]      OUTPUT         F3        LVCMOS25           8            NONE       NONE    
   sm_bit[2]      OUTPUT         C2        LVCMOS25           8            NONE       NONE    
   sm_bit[1]      OUTPUT         C3        LVCMOS25           8            NONE       NONE    
   sm_bit[0]      OUTPUT         B1        LVCMOS25           8            NONE       NONE    
   sm_seg[7]      OUTPUT         A2        LVCMOS25           8            NONE       NONE    
   sm_seg[6]      OUTPUT         B2        LVCMOS25           8            NONE       NONE    
   sm_seg[5]      OUTPUT         D3        LVCMOS25           8            NONE       NONE    
   sm_seg[4]      OUTPUT         F5        LVCMOS25           8            NONE       NONE    
   sm_seg[3]      OUTPUT         E4        LVCMOS25           8            NONE       NONE    
   sm_seg[2]      OUTPUT         F4        LVCMOS25           8            NONE       NONE    
   sm_seg[1]      OUTPUT         B3        LVCMOS25           8            NONE       NONE    
   sm_seg[0]      OUTPUT         E3        LVCMOS25           8            NONE       NONE    
   vga_b[7]       OUTPUT         C1        LVCMOS25           8            NONE       NONE    
   vga_b[6]       OUTPUT         D1        LVCMOS25           8            NONE       NONE    
   vga_b[5]       OUTPUT         E2        LVCMOS25           8            NONE       NONE    
   vga_b[4]       OUTPUT         G3        LVCMOS25           8            NONE       NONE    
   vga_b[3]       OUTPUT         E1        LVCMOS25           8            NONE       NONE    
   vga_b[2]       OUTPUT         F2        LVCMOS25           8            NONE       NONE    
   vga_b[1]       OUTPUT         F1        LVCMOS25           8            NONE       NONE    
   vga_b[0]       OUTPUT         G1        LVCMOS25           8            NONE       NONE    
    vga_clk       OUTPUT         H2        LVCMOS25           8            NONE       NONE    
   vga_g[7]       OUTPUT         H5        LVCMOS25           8            NONE       NONE    
   vga_g[6]       OUTPUT         H1        LVCMOS25           8            NONE       NONE    
   vga_g[5]       OUTPUT         J6        LVCMOS25           8            NONE       NONE    
   vga_g[4]       OUTPUT         H3        LVCMOS25           8            NONE       NONE    
   vga_g[3]       OUTPUT         J1        LVCMOS25           8            NONE       NONE    
   vga_g[2]       OUTPUT         K1        LVCMOS25           8            NONE       NONE    
   vga_g[1]       OUTPUT         K2        LVCMOS25           8            NONE       NONE    
   vga_g[0]       OUTPUT         L1        LVCMOS25           8            NONE       NONE    
   vga_hsync      OUTPUT         J3        LVCMOS25           8            NONE       NONE    
   vga_r[7]       OUTPUT         K6        LVCMOS25           8            NONE       NONE    
   vga_r[6]       OUTPUT         K3        LVCMOS25           8            NONE       NONE    
   vga_r[5]       OUTPUT         K5        LVCMOS25           8            NONE       NONE    
   vga_r[4]       OUTPUT         L4        LVCMOS25           8            NONE       NONE    
   vga_r[3]       OUTPUT         M1        LVCMOS25           8            NONE       NONE    
   vga_r[2]       OUTPUT         M2        LVCMOS25           8            NONE       NONE    
   vga_r[1]       OUTPUT         L3        LVCMOS25           8            NONE       NONE    
   vga_r[0]       OUTPUT         L5        LVCMOS25           8            NONE       NONE    
   vga_vsync      OUTPUT         J4        LVCMOS25           8            NONE       NONE    
   cam_soid        INOUT        D14        LVCMOS33           8           PULLUP      NONE    

Report Hierarchy Area:
+---------------------------------------------------------------------------------------------------------------------------------------+
|Instance                              |Module                                     |le     |lut     |ripple  |seq     |bram    |dsp     |
+---------------------------------------------------------------------------------------------------------------------------------------+
|top                                   |test_camera                                |5221   |3627    |1235    |1988    |14      |5       |
|  Sdram_Control_4Port                 |Sdram_Control_4Port                        |789    |530     |173     |399     |2       |0       |
|    command1                          |command                                    |45     |45      |0       |37      |0       |0       |
|    control1                          |control_interface                          |105    |67      |24      |59      |0       |0       |
|    data_path1                        |sdr_data_path                              |12     |12      |0       |1       |0       |0       |
|    read_fifo1                        |Sdram_RD_FIFO                              |127    |73      |18      |100     |1       |0       |
|      dcfifo_component                |softfifo                                   |127    |73      |18      |100     |1       |0       |
|        ram_inst                      |ram_infer_softfifo                         |0      |0       |0       |0       |1       |0       |
|        rd_to_wr_cross_inst           |fifo_cross_domain_addr_process_al_softfifo |37     |21      |0       |37      |0       |0       |
|        wr_to_rd_cross_inst           |fifo_cross_domain_addr_process_al_softfifo |33     |25      |0       |33      |0       |0       |
|    sdram1                            |sdram                                      |3      |3       |0       |1       |0       |0       |
|    write_fifo1                       |Sdram_WR_FIFO                              |126    |82      |18      |99      |1       |0       |
|      dcfifo_component                |softfifo                                   |126    |82      |18      |99      |1       |0       |
|        ram_inst                      |ram_infer_softfifo                         |0      |0       |0       |0       |1       |0       |
|        rd_to_wr_cross_inst           |fifo_cross_domain_addr_process_al_softfifo |38     |21      |0       |38      |0       |0       |
|        wr_to_rd_cross_inst           |fifo_cross_domain_addr_process_al_softfifo |33     |28      |0       |33      |0       |0       |
|  u_Mode_Switch                       |Mode_Switch                                |12     |12      |0       |9       |0       |0       |
|  u_cam_vga_out                       |Driver                                     |110    |63      |44      |25      |0       |0       |
|  u_camera_init                       |camera_init                                |549    |529     |9       |89      |0       |0       |
|    u_i2c_write                       |i2c_module                                 |147    |147     |0       |47      |0       |0       |
|  u_camera_reader                     |camera_reader                              |89     |49      |17      |52      |0       |0       |
|  u_image_process                     |image_process                              |3455   |2253    |982     |1344    |12      |5       |
|    u_Dilation_Detector               |Dilation_Detector                          |174    |120     |45      |82      |2       |0       |
|      u_three_martix_4                |three_martix                               |162    |114     |45      |70      |2       |0       |
|        u_fifo_1                      |fifo_1                                     |4      |4       |0       |2       |1       |0       |
|        u_fifo_2                      |fifo_2                                     |3      |3       |0       |1       |1       |0       |
|    u_Erosion_Detector                |Erosion_Detector                           |173    |112     |45      |81      |2       |0       |
|      u_three_martix_3                |three_martix                               |161    |106     |45      |69      |2       |0       |
|        u_fifo_1                      |fifo_1                                     |3      |3       |0       |1       |1       |0       |
|        u_fifo_2                      |fifo_2                                     |3      |3       |0       |1       |1       |0       |
|    u_Gesture_detech                  |Gesture_detech                             |930    |649     |251     |253     |0       |1       |
|    u_Median_Gray                     |Median_Gray                                |159    |107     |45      |72      |2       |0       |
|      u_Median_Filter_3X3_8Bit_median |Median_Filter_3X3                          |6      |4       |0       |6       |0       |0       |
|      u_three_martix                  |three_martix                               |153    |103     |45      |66      |2       |0       |
|        u_fifo_1                      |fifo_1                                     |2      |2       |0       |0       |1       |0       |
|        u_fifo_2                      |fifo_2                                     |0      |0       |0       |0       |1       |0       |
|    u_Median_Gray_2                   |Median_Gray                                |707    |423     |235     |277     |2       |0       |
|      u_Median_Filter_3X3_8Bit_median |Median_Filter_3X3                          |486    |296     |190     |147     |0       |0       |
|        u_Sort3_1                     |Sort3                                      |84     |54      |30      |36      |0       |0       |
|        u_Sort3_2                     |Sort3                                      |84     |54      |30      |34      |0       |0       |
|        u_Sort3_3                     |Sort3                                      |84     |54      |30      |33      |0       |0       |
|        u_Sort3_4                     |Sort3                                      |49     |29      |20      |15      |0       |0       |
|        u_Sort3_5                     |Sort3                                      |66     |36      |30      |11      |0       |0       |
|        u_Sort3_6                     |Sort3                                      |50     |30      |20      |9       |0       |0       |
|        u_Sort3_7                     |Sort3                                      |69     |39      |30      |9       |0       |0       |
|      u_three_martix                  |three_martix                               |221    |127     |45      |130     |2       |0       |
|        u_fifo_1                      |fifo_1                                     |0      |0       |0       |0       |1       |0       |
|        u_fifo_2                      |fifo_2                                     |2      |2       |0       |1       |1       |0       |
|    u_Median_Gray_3                   |Median_Gray                                |708    |431     |235     |257     |2       |0       |
|      u_Median_Filter_3X3_8Bit_median |Median_Filter_3X3                          |489    |299     |190     |125     |0       |0       |
|        u_Sort3_1                     |Sort3                                      |84     |54      |30      |30      |0       |0       |
|        u_Sort3_2                     |Sort3                                      |84     |54      |30      |24      |0       |0       |
|        u_Sort3_3                     |Sort3                                      |84     |54      |30      |28      |0       |0       |
|        u_Sort3_4                     |Sort3                                      |50     |30      |20      |8       |0       |0       |
|        u_Sort3_5                     |Sort3                                      |70     |40      |30      |8       |0       |0       |
|        u_Sort3_6                     |Sort3                                      |50     |30      |20      |8       |0       |0       |
|        u_Sort3_7                     |Sort3                                      |67     |37      |30      |19      |0       |0       |
|      u_three_martix                  |three_martix                               |219    |132     |45      |132     |2       |0       |
|        u_fifo_1                      |fifo_1                                     |0      |0       |0       |0       |1       |0       |
|        u_fifo_2                      |fifo_2                                     |2      |2       |0       |1       |1       |0       |
|    u_RGBYCbCr                        |RGBYCbCr                                   |76     |37      |14      |47      |0       |4       |
|    u_Sobel_Process                   |Sobel_Process                              |346    |225     |92      |156     |2       |0       |
|      u_Caculate_Sobel                |Caculate_Sobel                             |149    |102     |47      |52      |0       |0       |
|      u_three_martix_2                |three_martix                               |197    |123     |45      |104     |2       |0       |
|        u_fifo_1                      |fifo_1                                     |0      |0       |0       |0       |1       |0       |
|        u_fifo_2                      |fifo_2                                     |0      |0       |0       |0       |1       |0       |
|  u_image_select                      |image_select                               |60     |60      |0       |35      |0       |0       |
|  u_pll                               |ip_pll                                     |0      |0       |0       |0       |0       |0       |
|  u_seg_4                             |seg_4                                      |139    |113     |10      |32      |0       |0       |
+---------------------------------------------------------------------------------------------------------------------------------------+


DataNet Average Fanout:

   Index     Fanout     Nets  
    #1          1       3563  
    #2          2       614   
    #3          3       557   
    #4          4       212   
    #5        5-10      658   
    #6        11-50     118   
    #7       51-100      9    
    #8       101-500     2    
    #9        >500       1    
  Average     2.82            

RUN-1002 : start command "export_db ov2640_sdram_pr.db"
RUN-1001 : Exported /
RUN-1001 : Exported flow parameters
RUN-1001 : Exported libs
RUN-1001 : Exported entities
RUN-1001 : Exported ports
RUN-1001 : Exported pins
RUN-1001 : Exported instances
RUN-1001 : Exported nets
RUN-1001 : Exported buses
RUN-1001 : Exported models
RUN-1001 : Exported congestions
RUN-1001 : Exported violations
RUN-1001 : Exported timing constraints
RUN-1001 : Exported IO constraints
RUN-1001 : Exported Inst constraints
RUN-1002 : start command "export_bid ov2640_sdram_inst.bid"
RUN-1002 : start command "bitgen -bit ov2640_sdram.bit"
BIT-1003 : Start to generate bitstream. 
BIT-1002 : Init instances with 16 threads.
BIT-1002 : Init instances completely, inst num: 2896
BIT-1002 : Init pips with 16 threads.
BIT-1002 : Init pips completely, net num: 5876, pip num: 51117
BIT-1002 : Init feedthrough with 16 threads.
BIT-1002 : Init feedthrough completely, num: 52
BIT-1003 : Multithreading accelaration with 16 threads.
BIT-1003 : Generate bitstream completely, there are 2325 valid insts, and 161059 bits set as '1'.
BIT-1004 : the usercode register value: 00000000000100110000000000000000
BIT-1004 : PLL setting string = 0001
BIT-1004 : Generate bits file ov2640_sdram.bit.
RUN-1003 : finish command "bitgen -bit ov2640_sdram.bit" in  4.843273s wall, 53.843750s user + 0.625000s system = 54.468750s CPU (1124.6%)

RUN-1004 : used memory is 634 MB, reserved memory is 628 MB, peak memory is 821 MB
RUN-1002 : start command "backup_run_log run.log ../.logs/phy_1/td_20221028_204039.log"
