============================================================
   Tang Dynasty, V5.6.59063
   Copyright (c) 2012-2022 Anlogic
   Executable = C:/Anlogic/TD5.6.59063/bin/td.exe
   Built at =   12:45:13 Sep  6 2022
   Run by =     Administrator
   Run Date =   Wed Oct 26 13:25:24 2022

   Run on =     WIN-25FR57M34TT
============================================================
RUN-1002 : start command "open_project ov2640_sdram.prj"
RUN-1001 : Print Global Property
RUN-1001 : ---------------------------------------------------------------
RUN-1001 :        Parameters        |  Settings  |  Default Values  |  Note  
RUN-1001 : ---------------------------------------------------------------
RUN-1001 :          message         |  standard  |     standard     |        
RUN-1001 :   mixed_pack_place_flow  |     on     |        on        |        
RUN-1001 :        qor_monitor       |    off     |       off        |        
RUN-1001 :        syn_ip_flow       |    off     |       off        |        
RUN-1001 :          thread          |    auto    |       auto       |        
RUN-1001 : ---------------------------------------------------------------
RUN-1001 : Print Design Property
RUN-1001 : --------------------------------------------------------------
RUN-1001 :        Parameters       |  Settings  |  Default Values  |  Note  
RUN-1001 : --------------------------------------------------------------
RUN-1001 :   default_reg_initial   |    auto    |       auto       |        
RUN-1001 :        infer_add        |     on     |        on        |        
RUN-1001 :        infer_fsm        |    off     |       off        |        
RUN-1001 :        infer_mult       |     on     |        on        |        
RUN-1001 :        infer_ram        |     on     |        on        |        
RUN-1001 :        infer_reg        |     on     |        on        |        
RUN-1001 :   infer_reg_init_value  |     on     |        on        |        
RUN-1001 :        infer_rom        |     on     |        on        |        
RUN-1001 :      infer_shifter      |     on     |        on        |        
RUN-1001 : --------------------------------------------------------------
RUN-1001 : Print Rtl Property
RUN-1001 : --------------------------------------------------------------
RUN-1001 :        Parameters       |  Settings  |  Default Values  |  Note  
RUN-1001 : --------------------------------------------------------------
RUN-1001 :       compress_add      |   ripple   |      ripple      |        
RUN-1001 :        elf_sload        |    off     |       off        |        
RUN-1001 :       fix_undriven      |     0      |        0         |        
RUN-1001 :         flatten         |    off     |       off        |        
RUN-1001 :       gate_sharing      |     on     |        on        |        
RUN-1001 :    hdl_warning_level    |   normal   |      normal      |        
RUN-1001 :   impl_internal_tribuf  |     on     |        on        |        
RUN-1001 :      impl_set_reset     |     on     |        on        |        
RUN-1001 :        infer_gsr        |    off     |       off        |        
RUN-1001 :      keep_hierarchy     |    auto    |       auto       |        
RUN-1001 :        max_fanout       |    9999    |       9999       |        
RUN-1001 :      max_oh2bin_len     |     10     |        10        |        
RUN-1001 :       merge_equal       |     on     |        on        |        
RUN-1001 :       merge_equiv       |     on     |        on        |        
RUN-1001 :        merge_mux        |    off     |       off        |        
RUN-1001 :     min_control_set     |     8      |        8         |        
RUN-1001 :      min_ripple_len     |    auto    |       auto       |        
RUN-1001 :       oh2bin_ratio      |    0.08    |       0.08       |        
RUN-1001 :     opt_adder_fanout    |     on     |        on        |        
RUN-1001 :        opt_arith        |     on     |        on        |        
RUN-1001 :       opt_big_gate      |    off     |       off        |        
RUN-1001 :        opt_const        |     on     |        on        |        
RUN-1001 :      opt_const_mult     |     on     |        on        |        
RUN-1001 :       opt_lessthan      |     on     |        on        |        
RUN-1001 :         opt_mux         |    off     |       off        |        
RUN-1001 :         opt_ram         |    high    |       high       |        
RUN-1001 :      rtl_sim_model      |    off     |       off        |        
RUN-1001 :         seq_syn         |     on     |        on        |        
RUN-1001 : --------------------------------------------------------------
HDL-1007 : analyze verilog file ../../al_ip/ip_pll.v
HDL-1007 : undeclared symbol 'open', assumed default net type 'wire' in ../../al_ip/ip_pll.v(93)
HDL-1007 : analyze verilog file ../../al_ip/softfifo.v
HDL-1007 : analyze verilog file ../../RTL/camera_init.v
HDL-1007 : undeclared symbol 'clk_div', assumed default net type 'wire' in ../../RTL/camera_init.v(74)
HDL-1007 : analyze verilog file ../../RTL/camera_reader.v
HDL-1007 : analyze verilog file ../../RTL/i2c_module.v
HDL-1007 : analyze verilog file ../../RTL/Sdram_Control_4Port/command.v
HDL-1007 : analyze included file ../../RTL/Sdram_Control_4Port/Sdram_Params.h in ../../RTL/Sdram_Control_4Port/command.v(27)
HDL-1007 : back to file '../../RTL/Sdram_Control_4Port/command.v' in ../../RTL/Sdram_Control_4Port/command.v(27)
HDL-1007 : analyze verilog file ../../RTL/Sdram_Control_4Port/control_interface.v
HDL-1007 : analyze included file ../../RTL/Sdram_Control_4Port/Sdram_Params.h in ../../RTL/Sdram_Control_4Port/control_interface.v(21)
HDL-1007 : back to file '../../RTL/Sdram_Control_4Port/control_interface.v' in ../../RTL/Sdram_Control_4Port/control_interface.v(21)
HDL-1007 : analyze verilog file ../../RTL/Sdram_Control_4Port/sdr_data_path.v
HDL-1007 : analyze included file ../../RTL/Sdram_Control_4Port/Sdram_Params.h in ../../RTL/Sdram_Control_4Port/sdr_data_path.v(10)
HDL-1007 : back to file '../../RTL/Sdram_Control_4Port/sdr_data_path.v' in ../../RTL/Sdram_Control_4Port/sdr_data_path.v(10)
HDL-1007 : analyze verilog file ../../RTL/Sdram_Control_4Port/Sdram_Control_4Port.v
HDL-1007 : analyze included file ../../RTL/Sdram_Control_4Port/Sdram_Params.h in ../../RTL/Sdram_Control_4Port/Sdram_Control_4Port.v(49)
HDL-1007 : back to file '../../RTL/Sdram_Control_4Port/Sdram_Control_4Port.v' in ../../RTL/Sdram_Control_4Port/Sdram_Control_4Port.v(49)
HDL-1007 : analyze verilog file ../../RTL/Sdram_Control_4Port/Sdram_RD_FIFO.v
HDL-5007 WARNING: 'clk' is not declared in ../../RTL/Sdram_Control_4Port/Sdram_RD_FIFO.v(44)
HDL-1007 : analyze verilog file ../../RTL/Sdram_Control_4Port/Sdram_WR_FIFO.v
HDL-1007 : analyze verilog file ../../al_ip/sdram.v
HDL-1007 : analyze verilog file ../../RTL/Driver.v
HDL-1007 : analyze verilog file ../../RTL/RGBYCbCr.v
HDL-1007 : analyze verilog file ../../RTL/image_process.v
HDL-1007 : analyze verilog file ../../RTL/test_camera.v
HDL-1007 : analyze verilog file ../../RTL/Mode_Switch.v
HDL-1007 : analyze verilog file ../../RTL/image_select.v
HDL-5007 WARNING: 'clk' is not declared in ../../RTL/Sdram_Control_4Port/Sdram_RD_FIFO.v(44)
RUN-1001 : Project manager successfully analyzed 18 source files.
RUN-1002 : start command "import_device eagle_s20.db -package EG4S20BG256"
ARC-1001 : Device Initialization.
ARC-1001 : ------------------------------------------------------------------
ARC-1001 :            OPTION            |          IO          |   SETTING   
ARC-1001 : ------------------------------------------------------------------
ARC-1001 :   cso_b/cclk/mosi/miso/dout  |  T3/R11/T10/P10/S11  |    gpio    
ARC-1001 :             done             |         P13          |    gpio    
ARC-1001 :           program_b          |          T2          |  dedicate  
ARC-1001 :        tdi/tms/tck/tdo       |   C12/A15/C14/E14    |  dedicate  
ARC-1001 : ------------------------------------------------------------------
ARC-1004 : Device setting, marked 5 dedicate IOs in total.
RUN-1002 : start command "import_db ../syn_1/ov2640_sdram_gate.db"
RUN-1001 : Importing database generated by Tang Dynasty, V5.6.59063.
RUN-1001 : Database version number 46140.
RUN-1001 : Import flow parameters
RUN-1001 : Import timing constraints
RUN-1001 : Import IO constraints
RUN-1001 : Import Inst constraints
RUN-1001 : Import design success TD_VERSION=5.6.59063 , DB_VERSION=46140
RUN-1002 : start command "read_sdc"
USR-1002 : read_sdc file_name -help -h -eco
RUN-1002 : start command "get_regs */primary_addr_gray_reg[*]"
RUN-1002 : start command "get_regs */sync_r1[*]"
RUN-1002 : start command "set_max_delay -from  -to  5 -datapath_only"
RUN-1002 : start command "get_regs */primary_addr_gray_reg[*]"
RUN-1002 : start command "get_regs */sync_r1[*]"
RUN-1002 : start command "set_false_path -from  -to  -hold 5"
USR-1002 : set_false_path -help -setup -hold -from <list> -rise_from <list> -fall_from <list> -to <list> -rise_to <list> -fall_to <list> -through <list>
RUN-1002 : start command "get_regs */primary_addr_gray_reg[*]"
RUN-1002 : start command "get_regs */sync_r1[*]"
RUN-1002 : start command "set_max_delay -from  -to  5 -datapath_only"
RUN-1002 : start command "get_regs */primary_addr_gray_reg[*]"
RUN-1002 : start command "get_regs */sync_r1[*]"
RUN-1002 : start command "set_max_delay -from  -to  5 -datapath_only"
RUN-1002 : start command "get_regs */primary_addr_gray_reg[*]"
RUN-1002 : start command "get_regs */sync_r1[*]"
RUN-1002 : start command "set_max_delay -from  -to  5 -datapath_only"
SYN-1001 : 	kept net: Sdram_Control_4Port/read_fifo1/dcfifo_component/rd_to_wr_cross_inst/primary_addr_gray_reg[9](Sdram_Control_4Port/read_fifo1/dcfifo_component/rd_to_wr_cross_inst/primary_addr_gray_reg[9]_syn_5)
SYN-1001 : 	kept net: Sdram_Control_4Port/read_fifo1/dcfifo_component/rd_to_wr_cross_inst/primary_addr_gray_reg[8](Sdram_Control_4Port/read_fifo1/dcfifo_component/rd_to_wr_cross_inst/primary_addr_gray_reg[8]_syn_5)
SYN-1001 : 	kept net: Sdram_Control_4Port/read_fifo1/dcfifo_component/rd_to_wr_cross_inst/primary_addr_gray_reg[7](Sdram_Control_4Port/read_fifo1/dcfifo_component/rd_to_wr_cross_inst/primary_addr_gray_reg[7]_syn_5)
SYN-1001 : 	kept net: Sdram_Control_4Port/read_fifo1/dcfifo_component/rd_to_wr_cross_inst/primary_addr_gray_reg[6](Sdram_Control_4Port/read_fifo1/dcfifo_component/rd_to_wr_cross_inst/primary_addr_gray_reg[6]_syn_5)
SYN-1001 : 	kept net: Sdram_Control_4Port/read_fifo1/dcfifo_component/rd_to_wr_cross_inst/primary_addr_gray_reg[5](Sdram_Control_4Port/read_fifo1/dcfifo_component/rd_to_wr_cross_inst/primary_addr_gray_reg[5]_syn_5)
SYN-1001 : 	kept net: Sdram_Control_4Port/read_fifo1/dcfifo_component/rd_to_wr_cross_inst/primary_addr_gray_reg[4](Sdram_Control_4Port/read_fifo1/dcfifo_component/rd_to_wr_cross_inst/primary_addr_gray_reg[4]_syn_5)
SYN-1001 : 	kept net: Sdram_Control_4Port/read_fifo1/dcfifo_component/rd_to_wr_cross_inst/primary_addr_gray_reg[3](Sdram_Control_4Port/read_fifo1/dcfifo_component/rd_to_wr_cross_inst/primary_addr_gray_reg[3]_syn_5)
SYN-1001 : 	kept net: Sdram_Control_4Port/read_fifo1/dcfifo_component/rd_to_wr_cross_inst/primary_addr_gray_reg[2](Sdram_Control_4Port/read_fifo1/dcfifo_component/rd_to_wr_cross_inst/primary_addr_gray_reg[2]_syn_5)
SYN-1001 : 	kept net: Sdram_Control_4Port/read_fifo1/dcfifo_component/rd_to_wr_cross_inst/primary_addr_gray_reg[1](Sdram_Control_4Port/read_fifo1/dcfifo_component/rd_to_wr_cross_inst/primary_addr_gray_reg[1]_syn_5)
SYN-1001 : 	kept net: Sdram_Control_4Port/read_fifo1/dcfifo_component/rd_to_wr_cross_inst/primary_addr_gray_reg[0](Sdram_Control_4Port/read_fifo1/dcfifo_component/rd_to_wr_cross_inst/primary_addr_gray_reg[0]_syn_5)
SYN-1001 : 	kept net: Sdram_Control_4Port/read_fifo1/dcfifo_component/rd_to_wr_cross_inst/sync_r1[9](Sdram_Control_4Port/read_fifo1/dcfifo_component/rd_to_wr_cross_inst/sync_r1[9]_syn_3)
SYN-1001 : 	kept net: Sdram_Control_4Port/read_fifo1/dcfifo_component/rd_to_wr_cross_inst/sync_r1[8](Sdram_Control_4Port/read_fifo1/dcfifo_component/rd_to_wr_cross_inst/sync_r1[8]_syn_3)
SYN-1001 : 	kept net: Sdram_Control_4Port/read_fifo1/dcfifo_component/rd_to_wr_cross_inst/sync_r1[7](Sdram_Control_4Port/read_fifo1/dcfifo_component/rd_to_wr_cross_inst/sync_r1[7]_syn_3)
SYN-1001 : 	kept net: Sdram_Control_4Port/read_fifo1/dcfifo_component/rd_to_wr_cross_inst/sync_r1[6](Sdram_Control_4Port/read_fifo1/dcfifo_component/rd_to_wr_cross_inst/sync_r1[6]_syn_3)
SYN-1001 : 	kept net: Sdram_Control_4Port/read_fifo1/dcfifo_component/rd_to_wr_cross_inst/sync_r1[5](Sdram_Control_4Port/read_fifo1/dcfifo_component/rd_to_wr_cross_inst/sync_r1[5]_syn_3)
SYN-1001 : 	kept net: Sdram_Control_4Port/read_fifo1/dcfifo_component/rd_to_wr_cross_inst/sync_r1[4](Sdram_Control_4Port/read_fifo1/dcfifo_component/rd_to_wr_cross_inst/sync_r1[4]_syn_3)
SYN-1001 : 	kept net: Sdram_Control_4Port/read_fifo1/dcfifo_component/rd_to_wr_cross_inst/sync_r1[3](Sdram_Control_4Port/read_fifo1/dcfifo_component/rd_to_wr_cross_inst/sync_r1[3]_syn_3)
SYN-1001 : 	kept net: Sdram_Control_4Port/read_fifo1/dcfifo_component/rd_to_wr_cross_inst/sync_r1[2](Sdram_Control_4Port/read_fifo1/dcfifo_component/rd_to_wr_cross_inst/sync_r1[2]_syn_3)
SYN-1001 : 	kept net: Sdram_Control_4Port/read_fifo1/dcfifo_component/rd_to_wr_cross_inst/sync_r1[1](Sdram_Control_4Port/read_fifo1/dcfifo_component/rd_to_wr_cross_inst/sync_r1[1]_syn_3)
SYN-1001 : 	kept net: Sdram_Control_4Port/read_fifo1/dcfifo_component/rd_to_wr_cross_inst/sync_r1[0](Sdram_Control_4Port/read_fifo1/dcfifo_component/rd_to_wr_cross_inst/sync_r1[0]_syn_3)
SYN-1001 : 	kept net: Sdram_Control_4Port/read_fifo1/dcfifo_component/wr_to_rd_cross_inst/primary_addr_gray_reg[9](Sdram_Control_4Port/read_fifo1/dcfifo_component/wr_to_rd_cross_inst/primary_addr_gray_reg[9]_syn_5)
SYN-1001 : 	kept net: Sdram_Control_4Port/read_fifo1/dcfifo_component/wr_to_rd_cross_inst/primary_addr_gray_reg[8](Sdram_Control_4Port/read_fifo1/dcfifo_component/wr_to_rd_cross_inst/primary_addr_gray_reg[8]_syn_5)
SYN-1001 : 	kept net: Sdram_Control_4Port/read_fifo1/dcfifo_component/wr_to_rd_cross_inst/primary_addr_gray_reg[7](Sdram_Control_4Port/read_fifo1/dcfifo_component/wr_to_rd_cross_inst/primary_addr_gray_reg[7]_syn_5)
SYN-1001 : 	kept net: Sdram_Control_4Port/read_fifo1/dcfifo_component/wr_to_rd_cross_inst/primary_addr_gray_reg[6](Sdram_Control_4Port/read_fifo1/dcfifo_component/wr_to_rd_cross_inst/primary_addr_gray_reg[6]_syn_5)
SYN-1001 : 	kept net: Sdram_Control_4Port/read_fifo1/dcfifo_component/wr_to_rd_cross_inst/primary_addr_gray_reg[5](Sdram_Control_4Port/read_fifo1/dcfifo_component/wr_to_rd_cross_inst/primary_addr_gray_reg[5]_syn_5)
SYN-1001 : 	kept net: Sdram_Control_4Port/read_fifo1/dcfifo_component/wr_to_rd_cross_inst/primary_addr_gray_reg[4](Sdram_Control_4Port/read_fifo1/dcfifo_component/wr_to_rd_cross_inst/primary_addr_gray_reg[4]_syn_5)
SYN-1001 : 	kept net: Sdram_Control_4Port/read_fifo1/dcfifo_component/wr_to_rd_cross_inst/primary_addr_gray_reg[3](Sdram_Control_4Port/read_fifo1/dcfifo_component/wr_to_rd_cross_inst/primary_addr_gray_reg[3]_syn_5)
SYN-1001 : 	kept net: Sdram_Control_4Port/read_fifo1/dcfifo_component/wr_to_rd_cross_inst/primary_addr_gray_reg[2](Sdram_Control_4Port/read_fifo1/dcfifo_component/wr_to_rd_cross_inst/primary_addr_gray_reg[2]_syn_5)
SYN-1001 : 	kept net: Sdram_Control_4Port/read_fifo1/dcfifo_component/wr_to_rd_cross_inst/primary_addr_gray_reg[1](Sdram_Control_4Port/read_fifo1/dcfifo_component/wr_to_rd_cross_inst/primary_addr_gray_reg[1]_syn_5)
SYN-1001 : 	kept net: Sdram_Control_4Port/read_fifo1/dcfifo_component/wr_to_rd_cross_inst/primary_addr_gray_reg[0](Sdram_Control_4Port/read_fifo1/dcfifo_component/wr_to_rd_cross_inst/primary_addr_gray_reg[0]_syn_5)
SYN-1001 : 	kept net: Sdram_Control_4Port/read_fifo1/dcfifo_component/wr_to_rd_cross_inst/sync_r1[9](Sdram_Control_4Port/read_fifo1/dcfifo_component/wr_to_rd_cross_inst/sync_r1[9]_syn_3)
SYN-1001 : 	kept net: Sdram_Control_4Port/read_fifo1/dcfifo_component/wr_to_rd_cross_inst/sync_r1[8](Sdram_Control_4Port/read_fifo1/dcfifo_component/wr_to_rd_cross_inst/sync_r1[8]_syn_3)
SYN-1001 : 	kept net: Sdram_Control_4Port/read_fifo1/dcfifo_component/wr_to_rd_cross_inst/sync_r1[7](Sdram_Control_4Port/read_fifo1/dcfifo_component/wr_to_rd_cross_inst/sync_r1[7]_syn_3)
SYN-1001 : 	kept net: Sdram_Control_4Port/read_fifo1/dcfifo_component/wr_to_rd_cross_inst/sync_r1[6](Sdram_Control_4Port/read_fifo1/dcfifo_component/wr_to_rd_cross_inst/sync_r1[6]_syn_3)
SYN-1001 : 	kept net: Sdram_Control_4Port/read_fifo1/dcfifo_component/wr_to_rd_cross_inst/sync_r1[5](Sdram_Control_4Port/read_fifo1/dcfifo_component/wr_to_rd_cross_inst/sync_r1[5]_syn_3)
SYN-1001 : 	kept net: Sdram_Control_4Port/read_fifo1/dcfifo_component/wr_to_rd_cross_inst/sync_r1[4](Sdram_Control_4Port/read_fifo1/dcfifo_component/wr_to_rd_cross_inst/sync_r1[4]_syn_3)
SYN-1001 : 	kept net: Sdram_Control_4Port/read_fifo1/dcfifo_component/wr_to_rd_cross_inst/sync_r1[3](Sdram_Control_4Port/read_fifo1/dcfifo_component/wr_to_rd_cross_inst/sync_r1[3]_syn_3)
SYN-1001 : 	kept net: Sdram_Control_4Port/read_fifo1/dcfifo_component/wr_to_rd_cross_inst/sync_r1[2](Sdram_Control_4Port/read_fifo1/dcfifo_component/wr_to_rd_cross_inst/sync_r1[2]_syn_3)
SYN-1001 : 	kept net: Sdram_Control_4Port/read_fifo1/dcfifo_component/wr_to_rd_cross_inst/sync_r1[1](Sdram_Control_4Port/read_fifo1/dcfifo_component/wr_to_rd_cross_inst/sync_r1[1]_syn_3)
SYN-1001 : 	kept net: Sdram_Control_4Port/read_fifo1/dcfifo_component/wr_to_rd_cross_inst/sync_r1[0](Sdram_Control_4Port/read_fifo1/dcfifo_component/wr_to_rd_cross_inst/sync_r1[0]_syn_3)
SYN-1001 : 	kept net: Sdram_Control_4Port/write_fifo1/dcfifo_component/rd_to_wr_cross_inst/primary_addr_gray_reg[9](Sdram_Control_4Port/write_fifo1/dcfifo_component/rd_to_wr_cross_inst/primary_addr_gray_reg[9]_syn_5)
SYN-1001 : 	kept net: Sdram_Control_4Port/write_fifo1/dcfifo_component/rd_to_wr_cross_inst/primary_addr_gray_reg[8](Sdram_Control_4Port/write_fifo1/dcfifo_component/rd_to_wr_cross_inst/primary_addr_gray_reg[8]_syn_5)
SYN-1001 : 	kept net: Sdram_Control_4Port/write_fifo1/dcfifo_component/rd_to_wr_cross_inst/primary_addr_gray_reg[7](Sdram_Control_4Port/write_fifo1/dcfifo_component/rd_to_wr_cross_inst/primary_addr_gray_reg[7]_syn_5)
SYN-1001 : 	kept net: Sdram_Control_4Port/write_fifo1/dcfifo_component/rd_to_wr_cross_inst/primary_addr_gray_reg[6](Sdram_Control_4Port/write_fifo1/dcfifo_component/rd_to_wr_cross_inst/primary_addr_gray_reg[6]_syn_5)
SYN-1001 : 	kept net: Sdram_Control_4Port/write_fifo1/dcfifo_component/rd_to_wr_cross_inst/primary_addr_gray_reg[5](Sdram_Control_4Port/write_fifo1/dcfifo_component/rd_to_wr_cross_inst/primary_addr_gray_reg[5]_syn_5)
SYN-1001 : 	kept net: Sdram_Control_4Port/write_fifo1/dcfifo_component/rd_to_wr_cross_inst/primary_addr_gray_reg[4](Sdram_Control_4Port/write_fifo1/dcfifo_component/rd_to_wr_cross_inst/primary_addr_gray_reg[4]_syn_5)
SYN-1001 : 	kept net: Sdram_Control_4Port/write_fifo1/dcfifo_component/rd_to_wr_cross_inst/primary_addr_gray_reg[3](Sdram_Control_4Port/write_fifo1/dcfifo_component/rd_to_wr_cross_inst/primary_addr_gray_reg[3]_syn_5)
SYN-1001 : 	kept net: Sdram_Control_4Port/write_fifo1/dcfifo_component/rd_to_wr_cross_inst/primary_addr_gray_reg[2](Sdram_Control_4Port/write_fifo1/dcfifo_component/rd_to_wr_cross_inst/primary_addr_gray_reg[2]_syn_5)
SYN-1001 : 	kept net: Sdram_Control_4Port/write_fifo1/dcfifo_component/rd_to_wr_cross_inst/primary_addr_gray_reg[1](Sdram_Control_4Port/write_fifo1/dcfifo_component/rd_to_wr_cross_inst/primary_addr_gray_reg[1]_syn_5)
SYN-1001 : 	kept net: Sdram_Control_4Port/write_fifo1/dcfifo_component/rd_to_wr_cross_inst/primary_addr_gray_reg[0](Sdram_Control_4Port/write_fifo1/dcfifo_component/rd_to_wr_cross_inst/primary_addr_gray_reg[0]_syn_5)
SYN-1001 : 	kept net: Sdram_Control_4Port/write_fifo1/dcfifo_component/rd_to_wr_cross_inst/sync_r1[9](Sdram_Control_4Port/write_fifo1/dcfifo_component/rd_to_wr_cross_inst/sync_r1[9]_syn_3)
SYN-1001 : 	kept net: Sdram_Control_4Port/write_fifo1/dcfifo_component/rd_to_wr_cross_inst/sync_r1[8](Sdram_Control_4Port/write_fifo1/dcfifo_component/rd_to_wr_cross_inst/sync_r1[8]_syn_3)
SYN-1001 : 	kept net: Sdram_Control_4Port/write_fifo1/dcfifo_component/rd_to_wr_cross_inst/sync_r1[7](Sdram_Control_4Port/write_fifo1/dcfifo_component/rd_to_wr_cross_inst/sync_r1[7]_syn_3)
SYN-1001 : 	kept net: Sdram_Control_4Port/write_fifo1/dcfifo_component/rd_to_wr_cross_inst/sync_r1[6](Sdram_Control_4Port/write_fifo1/dcfifo_component/rd_to_wr_cross_inst/sync_r1[6]_syn_3)
SYN-1001 : 	kept net: Sdram_Control_4Port/write_fifo1/dcfifo_component/rd_to_wr_cross_inst/sync_r1[5](Sdram_Control_4Port/write_fifo1/dcfifo_component/rd_to_wr_cross_inst/sync_r1[5]_syn_3)
SYN-1001 : 	kept net: Sdram_Control_4Port/write_fifo1/dcfifo_component/rd_to_wr_cross_inst/sync_r1[4](Sdram_Control_4Port/write_fifo1/dcfifo_component/rd_to_wr_cross_inst/sync_r1[4]_syn_3)
SYN-1001 : 	kept net: Sdram_Control_4Port/write_fifo1/dcfifo_component/rd_to_wr_cross_inst/sync_r1[3](Sdram_Control_4Port/write_fifo1/dcfifo_component/rd_to_wr_cross_inst/sync_r1[3]_syn_3)
SYN-1001 : 	kept net: Sdram_Control_4Port/write_fifo1/dcfifo_component/rd_to_wr_cross_inst/sync_r1[2](Sdram_Control_4Port/write_fifo1/dcfifo_component/rd_to_wr_cross_inst/sync_r1[2]_syn_3)
SYN-1001 : 	kept net: Sdram_Control_4Port/write_fifo1/dcfifo_component/rd_to_wr_cross_inst/sync_r1[1](Sdram_Control_4Port/write_fifo1/dcfifo_component/rd_to_wr_cross_inst/sync_r1[1]_syn_3)
SYN-1001 : 	kept net: Sdram_Control_4Port/write_fifo1/dcfifo_component/rd_to_wr_cross_inst/sync_r1[0](Sdram_Control_4Port/write_fifo1/dcfifo_component/rd_to_wr_cross_inst/sync_r1[0]_syn_3)
SYN-1001 : 	kept net: Sdram_Control_4Port/write_fifo1/dcfifo_component/wr_to_rd_cross_inst/primary_addr_gray_reg[9](Sdram_Control_4Port/write_fifo1/dcfifo_component/wr_to_rd_cross_inst/primary_addr_gray_reg[9]_syn_5)
SYN-1001 : 	kept net: Sdram_Control_4Port/write_fifo1/dcfifo_component/wr_to_rd_cross_inst/primary_addr_gray_reg[8](Sdram_Control_4Port/write_fifo1/dcfifo_component/wr_to_rd_cross_inst/primary_addr_gray_reg[8]_syn_5)
SYN-1001 : 	kept net: Sdram_Control_4Port/write_fifo1/dcfifo_component/wr_to_rd_cross_inst/primary_addr_gray_reg[7](Sdram_Control_4Port/write_fifo1/dcfifo_component/wr_to_rd_cross_inst/primary_addr_gray_reg[7]_syn_5)
SYN-1001 : 	kept net: Sdram_Control_4Port/write_fifo1/dcfifo_component/wr_to_rd_cross_inst/primary_addr_gray_reg[6](Sdram_Control_4Port/write_fifo1/dcfifo_component/wr_to_rd_cross_inst/primary_addr_gray_reg[6]_syn_5)
SYN-1001 : 	kept net: Sdram_Control_4Port/write_fifo1/dcfifo_component/wr_to_rd_cross_inst/primary_addr_gray_reg[5](Sdram_Control_4Port/write_fifo1/dcfifo_component/wr_to_rd_cross_inst/primary_addr_gray_reg[5]_syn_5)
SYN-1001 : 	kept net: Sdram_Control_4Port/write_fifo1/dcfifo_component/wr_to_rd_cross_inst/primary_addr_gray_reg[4](Sdram_Control_4Port/write_fifo1/dcfifo_component/wr_to_rd_cross_inst/primary_addr_gray_reg[4]_syn_5)
SYN-1001 : 	kept net: Sdram_Control_4Port/write_fifo1/dcfifo_component/wr_to_rd_cross_inst/primary_addr_gray_reg[3](Sdram_Control_4Port/write_fifo1/dcfifo_component/wr_to_rd_cross_inst/primary_addr_gray_reg[3]_syn_5)
SYN-1001 : 	kept net: Sdram_Control_4Port/write_fifo1/dcfifo_component/wr_to_rd_cross_inst/primary_addr_gray_reg[2](Sdram_Control_4Port/write_fifo1/dcfifo_component/wr_to_rd_cross_inst/primary_addr_gray_reg[2]_syn_5)
SYN-1001 : 	kept net: Sdram_Control_4Port/write_fifo1/dcfifo_component/wr_to_rd_cross_inst/primary_addr_gray_reg[1](Sdram_Control_4Port/write_fifo1/dcfifo_component/wr_to_rd_cross_inst/primary_addr_gray_reg[1]_syn_5)
SYN-1001 : 	kept net: Sdram_Control_4Port/write_fifo1/dcfifo_component/wr_to_rd_cross_inst/primary_addr_gray_reg[0](Sdram_Control_4Port/write_fifo1/dcfifo_component/wr_to_rd_cross_inst/primary_addr_gray_reg[0]_syn_5)
SYN-1001 : 	kept net: Sdram_Control_4Port/write_fifo1/dcfifo_component/wr_to_rd_cross_inst/sync_r1[9](Sdram_Control_4Port/write_fifo1/dcfifo_component/wr_to_rd_cross_inst/sync_r1[9]_syn_3)
SYN-1001 : 	kept net: Sdram_Control_4Port/write_fifo1/dcfifo_component/wr_to_rd_cross_inst/sync_r1[8](Sdram_Control_4Port/write_fifo1/dcfifo_component/wr_to_rd_cross_inst/sync_r1[8]_syn_3)
SYN-1001 : 	kept net: Sdram_Control_4Port/write_fifo1/dcfifo_component/wr_to_rd_cross_inst/sync_r1[7](Sdram_Control_4Port/write_fifo1/dcfifo_component/wr_to_rd_cross_inst/sync_r1[7]_syn_3)
SYN-1001 : 	kept net: Sdram_Control_4Port/write_fifo1/dcfifo_component/wr_to_rd_cross_inst/sync_r1[6](Sdram_Control_4Port/write_fifo1/dcfifo_component/wr_to_rd_cross_inst/sync_r1[6]_syn_3)
SYN-1001 : 	kept net: Sdram_Control_4Port/write_fifo1/dcfifo_component/wr_to_rd_cross_inst/sync_r1[5](Sdram_Control_4Port/write_fifo1/dcfifo_component/wr_to_rd_cross_inst/sync_r1[5]_syn_3)
SYN-1001 : 	kept net: Sdram_Control_4Port/write_fifo1/dcfifo_component/wr_to_rd_cross_inst/sync_r1[4](Sdram_Control_4Port/write_fifo1/dcfifo_component/wr_to_rd_cross_inst/sync_r1[4]_syn_3)
SYN-1001 : 	kept net: Sdram_Control_4Port/write_fifo1/dcfifo_component/wr_to_rd_cross_inst/sync_r1[3](Sdram_Control_4Port/write_fifo1/dcfifo_component/wr_to_rd_cross_inst/sync_r1[3]_syn_3)
SYN-1001 : 	kept net: Sdram_Control_4Port/write_fifo1/dcfifo_component/wr_to_rd_cross_inst/sync_r1[2](Sdram_Control_4Port/write_fifo1/dcfifo_component/wr_to_rd_cross_inst/sync_r1[2]_syn_3)
SYN-1001 : 	kept net: Sdram_Control_4Port/write_fifo1/dcfifo_component/wr_to_rd_cross_inst/sync_r1[1](Sdram_Control_4Port/write_fifo1/dcfifo_component/wr_to_rd_cross_inst/sync_r1[1]_syn_3)
SYN-1001 : 	kept net: Sdram_Control_4Port/write_fifo1/dcfifo_component/wr_to_rd_cross_inst/sync_r1[0](Sdram_Control_4Port/write_fifo1/dcfifo_component/wr_to_rd_cross_inst/sync_r1[0]_syn_3)
RUN-1104 : Import SDC file  finished, there are 80 nets kept by constraints.
RUN-1002 : start command "place"
RUN-1001 : Open license file C:/Anlogic/TD5.6.59063/license/Anlogic.lic
RUN-1001 : Print Global Property
RUN-1001 : ---------------------------------------------------------------
RUN-1001 :        Parameters        |  Settings  |  Default Values  |  Note  
RUN-1001 : ---------------------------------------------------------------
RUN-1001 :          message         |  standard  |     standard     |        
RUN-1001 :   mixed_pack_place_flow  |     on     |        on        |        
RUN-1001 :        qor_monitor       |    off     |       off        |        
RUN-1001 :        syn_ip_flow       |    off     |       off        |        
RUN-1001 :          thread          |    auto    |       auto       |        
RUN-1001 : ---------------------------------------------------------------
RUN-1001 : Print Place Property
RUN-1001 : --------------------------------------------------------------
RUN-1001 :        Parameters       |  Settings  |  Default Values  |  Note  
RUN-1001 : --------------------------------------------------------------
RUN-1001 :      detailed_place     |     on     |        on        |        
RUN-1001 :          effort         |   medium   |      medium      |        
RUN-1001 :         fix_hold        |    off     |       off        |        
RUN-1001 :       legalization      |    ori     |       ori        |        
RUN-1001 :      new_spreading      |     on     |        on        |        
RUN-1001 :        opt_timing       |   medium   |      medium      |        
RUN-1001 :   post_clock_route_opt  |    off     |       off        |        
RUN-1001 :       pr_strategy       |     1      |        1         |        
RUN-1001 :        relaxation       |    1.00    |       1.00       |        
RUN-1001 :         retiming        |    off     |       off        |        
RUN-1001 : --------------------------------------------------------------
PHY-3001 : Placer runs in 16 thread(s).
RUN-1002 : start command "legalize_phy_inst"
SYN-1011 : Flatten model test_camera
RUN-1002 : start command "phys_opt -simplify_lut"
SYN-4016 : Net Sdram_Control_4Port/CTRL_CLK driven by BUFG (294 clock/control pins, 1 other pins).
SYN-4027 : Net Sdram_Control_4Port/SDRAM_CLK is clkc1 of pll u_pll/pll_inst.
SYN-4027 : Net vga_clk_dup_1 is clkc2 of pll u_pll/pll_inst.
SYN-4027 : Net u_image_process/u_RGBYCbCr/clk is clkc3 of pll u_pll/pll_inst.
SYN-4027 : Net u_camera_init/u_i2c_write/clk is clkc4 of pll u_pll/pll_inst.
SYN-4019 : Net clk_24m_dup_1 is refclk of pll u_pll/pll_inst.
SYN-4020 : Net clk_24m_dup_1 is fbclk of pll u_pll/pll_inst.
SYN-4024 : Net "cam_pclk_dup_1" drives clk pins.
SYN-4024 : Net "u_camera_init/divider2[8]" drives clk pins.
SYN-4024 : Net "u_camera_init/divider2[7]" drives clk pins.
SYN-4024 : Net "u_image_select/show_clk_n4" drives clk pins.
SYN-4024 : Net "u_image_process/wrreq" drives clk pins.
SYN-4025 : Tag rtl::Net Sdram_Control_4Port/CTRL_CLK as clock net
SYN-4025 : Tag rtl::Net Sdram_Control_4Port/SDRAM_CLK as clock net
SYN-4025 : Tag rtl::Net cam_pclk_dup_1 as clock net
SYN-4025 : Tag rtl::Net clk_24m_dup_1 as clock net
SYN-4025 : Tag rtl::Net u_camera_init/divider2[7] as clock net
SYN-4025 : Tag rtl::Net u_camera_init/divider2[8] as clock net
SYN-4025 : Tag rtl::Net u_camera_init/u_i2c_write/clk as clock net
SYN-4025 : Tag rtl::Net u_image_process/u_RGBYCbCr/clk as clock net
SYN-4025 : Tag rtl::Net u_image_process/wrreq as clock net
SYN-4025 : Tag rtl::Net u_image_select/show_clk_n4 as clock net
SYN-4025 : Tag rtl::Net vga_clk_dup_1 as clock net
SYN-4026 : Tagged 11 rtl::Net as clock net
SYN-4015 : Create BUFG instance for clk Net u_camera_init/divider2[8] to drive 28 clock pins.
SYN-4015 : Create BUFG instance for clk Net u_camera_init/divider2[7] to drive 18 clock pins.
SYN-4015 : Create BUFG instance for clk Net u_image_select/show_clk_n4 to drive 17 clock pins.
SYN-4015 : Create BUFG instance for clk Net u_image_process/wrreq to drive 16 clock pins.
PHY-1001 : Populate physical database on model test_camera.
RUN-1001 : There are total 1993 instances
RUN-0007 : 976 luts, 652 seqs, 140 mslices, 78 lslices, 132 pads, 2 brams, 4 dsps
RUN-1001 : There are total 2362 nets
RUN-1001 : 1699 nets have 2 pins
RUN-1001 : 441 nets have [3 - 5] pins
RUN-1001 : 131 nets have [6 - 10] pins
RUN-1001 : 57 nets have [11 - 20] pins
RUN-1001 : 28 nets have [21 - 99] pins
RUN-1001 : 6 nets have 100+ pins
RUN-1001 : Report Control nets information:
RUN-1001 : DFF Distribution
RUN-1001 : ----------------------------------
RUN-1001 :   CE   |  SSR  |  ASR  |  DFF Count  
RUN-1001 : ----------------------------------
RUN-1001 :   No   |  No   |  No   |     59      
RUN-1001 :   No   |  No   |  Yes  |     412     
RUN-1001 :   No   |  Yes  |  No   |     51      
RUN-1001 :   Yes  |  No   |  No   |     24      
RUN-1001 :   Yes  |  No   |  Yes  |     82      
RUN-1001 :   Yes  |  Yes  |  No   |     24      
RUN-1001 : ----------------------------------
RUN-0007 : Control Group Statistic
RUN-0007 : ---------------------------
RUN-0007 :   #CLK  |  #CE  |  #SSR/ASR  
RUN-0007 : ---------------------------
RUN-0007 :    19   |  14   |     21     
RUN-0007 : ---------------------------
RUN-0007 : Control Set = 53
PHY-3001 : Initial placement ...
PHY-3001 : design contains 1991 instances, 976 luts, 652 seqs, 218 slices, 43 macros(218 instances: 140 mslices 78 lslices)
PHY-0007 : Cell area utilization is 7%
PHY-3001 : Start timing update ...
RUN-1002 : start command "start_timer -report"
TMR-2505 : Start building timing graph for model test_camera.
TMR-2506 : Build timing graph completely. Port num: 19, tpin num: 8769, tnet num: 2360, tinst num: 1991, tnode num: 10845, tedge num: 13820.
TMR-2508 : Levelizing timing graph completed, there are 29 levels in total.
TMR-2501 : Timing graph initialized successfully.
TMR-2503 : Start to update net delay, extr mode = 2.
TMR-2504 : Update delay of 2360 nets completely.
TMR-2502 : Annotate delay completely, extr mode = 2.
TMR-3001 : Initiate 0 clocks from SDC.
TMR-3004 : Map sdc constraints, there are 2 constraints in total.
TMR-3003 : Constraints initiated successfully.
TMR-3501 : Forward propagation: start to calculate arrival time...
TMR-3502 : Backward propagation: start to calculate required time...
TMR-3503 : Timing propagation completes.
PHY-3001 : End timing update;  0.847848s wall, 0.843750s user + 0.000000s system = 0.843750s CPU (99.5%)

PHY-3001 : Global placement ...
PHY-3001 : Initial: Len = 537983
PHY-3001 : Clustering ...
PHY-3001 : Level 0 #clusters 1991.
PHY-3001 : End clustering;  0.000024s wall, 0.000000s user + 0.000000s system = 0.000000s CPU (n/a%)

PHY-3001 : Run with size of 4
PHY-3001 : Cell area utilization is 7%
PHY-3001 : :::0::: Try harder cell spreading with beta_ = 0
PHY-3002 : Step(1): len = 431434, overlap = 18
PHY-3002 : Step(2): len = 342245, overlap = 13.5
PHY-3002 : Step(3): len = 280089, overlap = 13.5
PHY-3002 : Step(4): len = 229471, overlap = 13.5
PHY-3002 : Step(5): len = 202584, overlap = 18
PHY-3002 : Step(6): len = 176021, overlap = 18
PHY-3002 : Step(7): len = 162708, overlap = 15.75
PHY-3002 : Step(8): len = 145381, overlap = 18
PHY-3002 : Step(9): len = 129771, overlap = 18
PHY-3002 : Step(10): len = 116128, overlap = 18.3125
PHY-3002 : Step(11): len = 109028, overlap = 18.5
PHY-3002 : Step(12): len = 100480, overlap = 18
PHY-3002 : Step(13): len = 96087.6, overlap = 22.2188
PHY-3002 : Step(14): len = 90001.2, overlap = 25.8125
PHY-3002 : Step(15): len = 86187.3, overlap = 26.4062
PHY-3002 : Step(16): len = 82277.6, overlap = 30.25
PHY-3002 : Step(17): len = 80405.7, overlap = 32.1875
PHY-3002 : Step(18): len = 76501.2, overlap = 33.3438
PHY-3002 : Step(19): len = 73878.9, overlap = 33.9375
PHY-3002 : Step(20): len = 72365.5, overlap = 34.3125
PHY-3001 : :::1::: Try harder cell spreading with beta_ = 0.000159649
PHY-3002 : Step(21): len = 78545.8, overlap = 34.7188
PHY-3002 : Step(22): len = 83170.6, overlap = 34.6875
PHY-3002 : Step(23): len = 84015, overlap = 34.8125
PHY-3002 : Step(24): len = 83963.6, overlap = 32.6562
PHY-3002 : Step(25): len = 83424.8, overlap = 32.5
PHY-3002 : Step(26): len = 80512.6, overlap = 25.4062
PHY-3002 : Step(27): len = 79791.3, overlap = 29.9062
PHY-3002 : Step(28): len = 79499.6, overlap = 30.375
PHY-3002 : Step(29): len = 79307.3, overlap = 30.625
PHY-3001 : :::2::: Try harder cell spreading with beta_ = 0.000319298
PHY-3002 : Step(30): len = 79946.4, overlap = 30.6875
PHY-3002 : Step(31): len = 80113.2, overlap = 26.5625
PHY-3002 : Step(32): len = 80078.4, overlap = 26.5625
PHY-3001 : :::3::: Try harder cell spreading with beta_ = 0.000638595
PHY-3002 : Step(33): len = 80149.8, overlap = 28.9062
PHY-3002 : Step(34): len = 80131.4, overlap = 28.8125
PHY-3002 : Step(35): len = 80335.2, overlap = 28.875
PHY-3001 : Legalization ...
PHY-3001 : End legalization;  0.010474s wall, 0.000000s user + 0.000000s system = 0.000000s CPU (n/a%)

PHY-3001 : Run with size of 4
PHY-3001 : Cell area utilization is 9%
PHY-3001 : Update timing in Manhattan mode ...
TMR-2503 : Start to update net delay, extr mode = 3.
TMR-2504 : Update delay of 2360 nets completely.
TMR-2502 : Annotate delay completely, extr mode = 3.
TMR-3501 : Forward propagation: start to calculate arrival time...
TMR-3502 : Backward propagation: start to calculate required time...
TMR-3503 : Timing propagation completes.
PHY-3001 : End timing update;  0.038255s wall, 0.031250s user + 0.000000s system = 0.031250s CPU (81.7%)

PHY-3001 : :::0::: Try harder cell spreading with beta_ = 3.50893e-05
PHY-3002 : Step(36): len = 83250.1, overlap = 32.4062
PHY-3002 : Step(37): len = 83181.6, overlap = 32.8438
PHY-3002 : Step(38): len = 79828.2, overlap = 32.2812
PHY-3002 : Step(39): len = 79536.6, overlap = 32.4375
PHY-3002 : Step(40): len = 78914.8, overlap = 33.2812
PHY-3002 : Step(41): len = 77233.5, overlap = 34.8125
PHY-3002 : Step(42): len = 77165.4, overlap = 35
PHY-3002 : Step(43): len = 77026.3, overlap = 34.0938
PHY-3002 : Step(44): len = 76711.5, overlap = 35.0625
PHY-3002 : Step(45): len = 76492.7, overlap = 34
PHY-3002 : Step(46): len = 74362.7, overlap = 35.125
PHY-3002 : Step(47): len = 72606.3, overlap = 38.625
PHY-3002 : Step(48): len = 70994.8, overlap = 39.75
PHY-3002 : Step(49): len = 70623.7, overlap = 40.7812
PHY-3002 : Step(50): len = 69871.3, overlap = 45.1562
PHY-3002 : Step(51): len = 68510.7, overlap = 43.75
PHY-3002 : Step(52): len = 68253.7, overlap = 45.1875
PHY-3002 : Step(53): len = 67496.4, overlap = 43.5938
PHY-3002 : Step(54): len = 66350.4, overlap = 43.5
PHY-3002 : Step(55): len = 66263.1, overlap = 43.0625
PHY-3002 : Step(56): len = 65660.6, overlap = 43.5938
PHY-3002 : Step(57): len = 65672.3, overlap = 43.875
PHY-3002 : Step(58): len = 65616.9, overlap = 44.7812
PHY-3001 : :::1::: Try harder cell spreading with beta_ = 7.01787e-05
PHY-3002 : Step(59): len = 65349.1, overlap = 45.3125
PHY-3002 : Step(60): len = 65349.8, overlap = 45.4062
PHY-3002 : Step(61): len = 65367.4, overlap = 45.4688
PHY-3001 : :::2::: Try harder cell spreading with beta_ = 0.000140357
PHY-3002 : Step(62): len = 65734.8, overlap = 46.25
PHY-3002 : Step(63): len = 65734.8, overlap = 46.25
PHY-3002 : Step(64): len = 65767.4, overlap = 46.375
PHY-3001 : Run with size of 2
PHY-3001 : Cell area utilization is 9%
PHY-3001 : Update timing in Manhattan mode ...
TMR-2503 : Start to update net delay, extr mode = 3.
TMR-2504 : Update delay of 2360 nets completely.
TMR-2502 : Annotate delay completely, extr mode = 3.
TMR-3501 : Forward propagation: start to calculate arrival time...
TMR-3502 : Backward propagation: start to calculate required time...
TMR-3503 : Timing propagation completes.
PHY-3001 : End timing update;  0.038739s wall, 0.015625s user + 0.015625s system = 0.031250s CPU (80.7%)

PHY-3001 : :::0::: Try harder cell spreading with beta_ = 2.22369e-05
PHY-3002 : Step(65): len = 66111.7, overlap = 87.0312
PHY-3002 : Step(66): len = 66171.3, overlap = 86.9062
PHY-3002 : Step(67): len = 66357.5, overlap = 84.1875
PHY-3002 : Step(68): len = 66479.2, overlap = 84.2812
PHY-3002 : Step(69): len = 66657.8, overlap = 85.0938
PHY-3001 : :::1::: Try harder cell spreading with beta_ = 4.44738e-05
PHY-3002 : Step(70): len = 67209.4, overlap = 80.2812
PHY-3002 : Step(71): len = 67522.1, overlap = 78.5938
PHY-3002 : Step(72): len = 69234.4, overlap = 65.625
PHY-3002 : Step(73): len = 70695.2, overlap = 60.3125
PHY-3002 : Step(74): len = 68911.3, overlap = 64.1875
PHY-3002 : Step(75): len = 68720.5, overlap = 64.3125
PHY-3002 : Step(76): len = 67826.8, overlap = 65.0625
PHY-3001 : :::2::: Try harder cell spreading with beta_ = 8.89476e-05
PHY-3002 : Step(77): len = 69723.4, overlap = 59.25
PHY-3002 : Step(78): len = 70512.6, overlap = 54.5312
PHY-3002 : Step(79): len = 69993.6, overlap = 57.9375
PHY-3002 : Step(80): len = 69951.9, overlap = 57.3125
PHY-3002 : Step(81): len = 69485.7, overlap = 56.875
PHY-3001 : :::3::: Try harder cell spreading with beta_ = 0.000177895
PHY-3002 : Step(82): len = 69786.1, overlap = 57.0625
PHY-3002 : Step(83): len = 69873.5, overlap = 55.4062
PHY-3001 : :::4::: Try harder cell spreading with beta_ = 0.000355791
PHY-3002 : Step(84): len = 70712.1, overlap = 53.9688
PHY-3002 : Step(85): len = 70911.3, overlap = 51.5312
PHY-3002 : Step(86): len = 71337.8, overlap = 49.9062
PHY-3001 : :::5::: Try harder cell spreading with beta_ = 0.000711581
PHY-3002 : Step(87): len = 71053.6, overlap = 50
PHY-3002 : Step(88): len = 71053.6, overlap = 50
PHY-3001 : :::6::: Try harder cell spreading with beta_ = 0.00142316
PHY-3002 : Step(89): len = 71380.1, overlap = 49.5625
PHY-3002 : Step(90): len = 71565, overlap = 48.9375
PHY-3001 : :::7::: Try harder cell spreading with beta_ = 0.00284632
PHY-3002 : Step(91): len = 71761.1, overlap = 48.5
PHY-3002 : Step(92): len = 71761.1, overlap = 48.5
PHY-3001 : :::8::: Try harder cell spreading with beta_ = 0.00569265
PHY-3002 : Step(93): len = 71830.3, overlap = 48.4688
PHY-3002 : Step(94): len = 71854, overlap = 48.5
PHY-3001 : :::9::: Try harder cell spreading with beta_ = 0.0107053
PHY-3002 : Step(95): len = 71876.9, overlap = 49
PHY-3002 : Step(96): len = 71858.3, overlap = 49.1562
PHY-3001 : :::10::: Try harder cell spreading with beta_ = 0.0207315
PHY-3002 : Step(97): len = 71918.7, overlap = 48.9688
PHY-3002 : Step(98): len = 71918.7, overlap = 48.9688
PHY-3001 : :::11::: Try harder cell spreading with beta_ = 0.041463
PHY-3002 : Step(99): len = 71910.7, overlap = 48.8438
PHY-3002 : Step(100): len = 71903.8, overlap = 49
PHY-3001 : :::12::: Try harder cell spreading with beta_ = 0.0670871
PHY-3002 : Step(101): len = 71945.1, overlap = 48.875
PHY-3002 : Step(102): len = 71969.5, overlap = 48.5938
PHY-3001 : :::13::: Try harder cell spreading with beta_ = 0.134174
PHY-3002 : Step(103): len = 71944.3, overlap = 48.5312
PHY-3002 : Step(104): len = 71927.6, overlap = 48.3438
OPT-1001 : Start physical optimization ...
RUN-1002 : start command "start_timer -report"
TMR-2505 : Start building timing graph for model test_camera.
TMR-2506 : Build timing graph completely. Port num: 19, tpin num: 8769, tnet num: 2360, tinst num: 1991, tnode num: 10845, tedge num: 13820.
TMR-2508 : Levelizing timing graph completed, there are 29 levels in total.
TMR-2501 : Timing graph initialized successfully.
OPT-1001 : Total overflow 111.50 peak overflow 5.56
OPT-1001 : Start high-fanout net optimization ...
OPT-1001 : Update timing in global mode
PHY-1001 : Start incremental global routing, caller is place ...
RUN-1001 : Generating global routing grids ...
RUN-1001 : Building simple global routing graph ...
PHY-1001 : Generate routing nets ...
PHY-1001 : Reuse net number 0/2362.
PHY-1001 : Global iterations in 16 thread ...
PHY-1002 : len = 79848, over cnt = 244(0%), over = 817, worst = 13
PHY-1001 : End global iterations;  0.163373s wall, 0.250000s user + 0.046875s system = 0.296875s CPU (181.7%)

PHY-1001 : Congestion index: top1 = 33.90, top5 = 23.49, top10 = 17.17, top15 = 13.34.
PHY-1001 : End incremental global routing;  0.247183s wall, 0.312500s user + 0.062500s system = 0.375000s CPU (151.7%)

TMR-2503 : Start to update net delay, extr mode = 5.
TMR-2504 : Update delay of 2360 nets completely.
TMR-2502 : Annotate delay completely, extr mode = 5.
TMR-3001 : Initiate 0 clocks from SDC.
TMR-3004 : Map sdc constraints, there are 2 constraints in total.
TMR-3003 : Constraints initiated successfully.
TMR-3501 : Forward propagation: start to calculate arrival time...
TMR-3502 : Backward propagation: start to calculate required time...
TMR-3503 : Timing propagation completes.
OPT-1001 : End timing update;  0.051286s wall, 0.046875s user + 0.000000s system = 0.046875s CPU (91.4%)

OPT-1001 : 0 high-fanout net processed.
OPT-1001 : End high-fanout net optimization;  0.333579s wall, 0.390625s user + 0.062500s system = 0.453125s CPU (135.8%)

OPT-1001 : Current memory(MB): used = 188, reserve = 164, peak = 188.
OPT-1001 : Start global optimization ...
OPT-1001 : Start congestion update ...
RUN-1001 : Generating global routing grids ...
PHY-1001 : Generate routing nets ...
PHY-1001 : Reuse net number 1642/2362.
PHY-1001 : Global iterations in 16 thread ...
PHY-1002 : len = 79848, over cnt = 244(0%), over = 817, worst = 13
PHY-1002 : len = 84672, over cnt = 113(0%), over = 245, worst = 11
PHY-1002 : len = 85976, over cnt = 38(0%), over = 84, worst = 9
PHY-1002 : len = 86608, over cnt = 0(0%), over = 0, worst = 0
PHY-1001 : End global iterations;  0.133814s wall, 0.171875s user + 0.000000s system = 0.171875s CPU (128.4%)

PHY-1001 : Congestion index: top1 = 31.81, top5 = 22.99, top10 = 17.43, top15 = 13.79.
OPT-1001 : End congestion update;  0.193786s wall, 0.218750s user + 0.000000s system = 0.218750s CPU (112.9%)

OPT-1001 : Update timing in Manhattan mode
TMR-2503 : Start to update net delay, extr mode = 3.
TMR-2504 : Update delay of 2360 nets completely.
TMR-2502 : Annotate delay completely, extr mode = 3.
TMR-3501 : Forward propagation: start to calculate arrival time...
TMR-3502 : Backward propagation: start to calculate required time...
TMR-3503 : Timing propagation completes.
OPT-1001 : End timing update;  0.046302s wall, 0.046875s user + 0.000000s system = 0.046875s CPU (101.2%)

OPT-0007 : Start: WNS 4470 TNS 0 NUM_FEPS 0
OPT-1001 : End global optimization;  0.240208s wall, 0.265625s user + 0.000000s system = 0.265625s CPU (110.6%)

OPT-1001 : Current memory(MB): used = 190, reserve = 166, peak = 190.
OPT-1001 : End physical optimization;  1.421718s wall, 1.578125s user + 0.062500s system = 1.640625s CPU (115.4%)

PHY-3001 : Start packing ...
SYN-4007 : Packing 0 MUX to BLE ...
SYN-4008 : Packed 0 MUX and 0 SEQ to BLE.
SYN-4007 : Packing 976 LUT to BLE ...
SYN-4008 : Packed 976 LUT and 328 SEQ to BLE.
SYN-4003 : Packing 324 remaining SEQ's ...
SYN-4005 : Packed 190 SEQ with LUT/SLICE
SYN-4006 : 496 single LUT's are left
SYN-4006 : 134 single SEQ's are left
SYN-4011 : Packing model "test_camera" (AL_USER_NORMAL) with 1110/1635 primitive instances ...
PHY-3001 : End packing;  0.079459s wall, 0.078125s user + 0.000000s system = 0.078125s CPU (98.3%)

PHY-1001 : Populate physical database on model test_camera.
RUN-1001 : There are total 993 instances
RUN-1001 : 423 mslices, 423 lslices, 132 pads, 2 brams, 4 dsps
RUN-1001 : There are total 2081 nets
RUN-1001 : 1421 nets have 2 pins
RUN-1001 : 430 nets have [3 - 5] pins
RUN-1001 : 143 nets have [6 - 10] pins
RUN-1001 : 52 nets have [11 - 20] pins
RUN-1001 : 31 nets have [21 - 99] pins
RUN-1001 : 4 nets have 100+ pins
PHY-3001 : design contains 991 instances, 846 slices, 43 macros(218 instances: 140 mslices 78 lslices)
PHY-3001 : Cell area utilization is 11%
PHY-3001 : After packing: Len = 73165.2, Over = 58.25
PHY-3001 : Run with size of 2
PHY-3001 : Cell area utilization is 11%
PHY-3001 : Update timing in Manhattan mode ...
RUN-1002 : start command "start_timer -report"
TMR-2505 : Start building timing graph for model test_camera.
TMR-2506 : Build timing graph completely. Port num: 19, tpin num: 7819, tnet num: 2079, tinst num: 991, tnode num: 9354, tedge num: 12838.
TMR-2508 : Levelizing timing graph completed, there are 28 levels in total.
TMR-2501 : Timing graph initialized successfully.
TMR-2503 : Start to update net delay, extr mode = 3.
TMR-2504 : Update delay of 2079 nets completely.
TMR-2502 : Annotate delay completely, extr mode = 3.
TMR-3001 : Initiate 0 clocks from SDC.
TMR-3004 : Map sdc constraints, there are 2 constraints in total.
TMR-3003 : Constraints initiated successfully.
TMR-3501 : Forward propagation: start to calculate arrival time...
TMR-3502 : Backward propagation: start to calculate required time...
TMR-3503 : Timing propagation completes.
PHY-3001 : End timing update;  0.925836s wall, 0.921875s user + 0.000000s system = 0.921875s CPU (99.6%)

PHY-3001 : :::0::: Try harder cell spreading with beta_ = 5.72688e-05
PHY-3002 : Step(105): len = 72542.8, overlap = 56.25
PHY-3002 : Step(106): len = 71901.9, overlap = 57.75
PHY-3002 : Step(107): len = 71386.8, overlap = 62.5
PHY-3002 : Step(108): len = 70759.6, overlap = 64.25
PHY-3002 : Step(109): len = 70666.8, overlap = 63.25
PHY-3002 : Step(110): len = 70380.8, overlap = 63.75
PHY-3001 : :::1::: Try harder cell spreading with beta_ = 0.000114538
PHY-3002 : Step(111): len = 71285.4, overlap = 61.25
PHY-3002 : Step(112): len = 71495.3, overlap = 60.25
PHY-3002 : Step(113): len = 71853.7, overlap = 60.25
PHY-3001 : :::2::: Try harder cell spreading with beta_ = 0.000229075
PHY-3002 : Step(114): len = 72388.5, overlap = 55.75
PHY-3002 : Step(115): len = 72481.2, overlap = 55.25
PHY-3001 : Legalization ...
PHY-3001 : End legalization;  0.154034s wall, 0.109375s user + 0.265625s system = 0.375000s CPU (243.5%)

PHY-3001 : Trial Legalized: Len = 88529.4
PHY-3001 : Run with size of 2
PHY-3001 : Cell area utilization is 11%
PHY-3001 : Update timing in Manhattan mode ...
TMR-2503 : Start to update net delay, extr mode = 3.
TMR-2504 : Update delay of 2079 nets completely.
TMR-2502 : Annotate delay completely, extr mode = 3.
TMR-3501 : Forward propagation: start to calculate arrival time...
TMR-3502 : Backward propagation: start to calculate required time...
TMR-3503 : Timing propagation completes.
PHY-3001 : End timing update;  0.033315s wall, 0.031250s user + 0.000000s system = 0.031250s CPU (93.8%)

PHY-3001 : :::0::: Try harder cell spreading with beta_ = 0.000486195
PHY-3002 : Step(116): len = 85616.3, overlap = 4.5
PHY-3002 : Step(117): len = 80059.5, overlap = 12.25
PHY-3002 : Step(118): len = 77391.1, overlap = 18
PHY-3002 : Step(119): len = 76425.3, overlap = 22.75
PHY-3002 : Step(120): len = 75762.7, overlap = 28.5
PHY-3002 : Step(121): len = 75370.1, overlap = 27.25
PHY-3002 : Step(122): len = 75035.6, overlap = 29.25
PHY-3001 : :::1::: Try harder cell spreading with beta_ = 0.00097239
PHY-3002 : Step(123): len = 75216.3, overlap = 28.75
PHY-3002 : Step(124): len = 75265.8, overlap = 28.75
PHY-3001 : :::2::: Try harder cell spreading with beta_ = 0.00194478
PHY-3002 : Step(125): len = 75229.4, overlap = 28
PHY-3002 : Step(126): len = 75237.4, overlap = 27.75
PHY-3001 : Legalization ...
PHY-3001 : End legalization;  0.005873s wall, 0.000000s user + 0.000000s system = 0.000000s CPU (n/a%)

PHY-3001 : Legalized: Len = 81667, Over = 0
PHY-3001 : Spreading special nets. 14 overflows in 2952 tiles.
PHY-3001 : End spreading;  0.007613s wall, 0.015625s user + 0.000000s system = 0.015625s CPU (205.3%)

PHY-3001 : 20 instances has been re-located, deltaX = 5, deltaY = 11, maxDist = 1.
PHY-3001 : Final: Len = 82294, Over = 0
OPT-1001 : Start physical optimization ...
RUN-1002 : start command "start_timer -report"
TMR-2505 : Start building timing graph for model test_camera.
TMR-2506 : Build timing graph completely. Port num: 19, tpin num: 7819, tnet num: 2079, tinst num: 991, tnode num: 9354, tedge num: 12838.
TMR-2508 : Levelizing timing graph completed, there are 28 levels in total.
TMR-2501 : Timing graph initialized successfully.
OPT-1001 : Total overflow 0.00 peak overflow 0.00
OPT-1001 : Start high-fanout net optimization ...
OPT-1001 : Update timing in global mode
PHY-1001 : Start incremental global routing, caller is place ...
RUN-1001 : Generating global routing grids ...
PHY-1001 : Generate routing nets ...
PHY-1001 : Reuse net number 149/2081.
PHY-1001 : Global iterations in 16 thread ...
PHY-1002 : len = 95912, over cnt = 210(0%), over = 324, worst = 5
PHY-1002 : len = 97496, over cnt = 84(0%), over = 110, worst = 5
PHY-1002 : len = 98648, over cnt = 13(0%), over = 23, worst = 5
PHY-1002 : len = 98904, over cnt = 1(0%), over = 1, worst = 1
PHY-1002 : len = 98920, over cnt = 0(0%), over = 0, worst = 0
PHY-1001 : End global iterations;  0.283513s wall, 0.328125s user + 0.015625s system = 0.343750s CPU (121.2%)

PHY-1001 : Congestion index: top1 = 33.08, top5 = 24.62, top10 = 19.16, top15 = 15.44.
PHY-1001 : End incremental global routing;  0.352689s wall, 0.406250s user + 0.015625s system = 0.421875s CPU (119.6%)

TMR-2503 : Start to update net delay, extr mode = 5.
TMR-2504 : Update delay of 2079 nets completely.
TMR-2502 : Annotate delay completely, extr mode = 5.
TMR-3001 : Initiate 0 clocks from SDC.
TMR-3004 : Map sdc constraints, there are 2 constraints in total.
TMR-3003 : Constraints initiated successfully.
TMR-3501 : Forward propagation: start to calculate arrival time...
TMR-3502 : Backward propagation: start to calculate required time...
TMR-3503 : Timing propagation completes.
OPT-1001 : End timing update;  0.047497s wall, 0.046875s user + 0.000000s system = 0.046875s CPU (98.7%)

OPT-1001 : 0 high-fanout net processed.
OPT-1001 : End high-fanout net optimization;  0.436984s wall, 0.484375s user + 0.015625s system = 0.500000s CPU (114.4%)

OPT-1001 : Current memory(MB): used = 197, reserve = 173, peak = 197.
OPT-1001 : Start path based optimization ...
OPT-1001 : Start congestion update ...
RUN-1001 : Generating global routing grids ...
PHY-1001 : Generate routing nets ...
PHY-1001 : Reuse net number 1775/2081.
PHY-1001 : Global iterations in 16 thread ...
PHY-1002 : len = 98920, over cnt = 0(0%), over = 0, worst = 0
PHY-1001 : End global iterations;  0.015658s wall, 0.015625s user + 0.000000s system = 0.015625s CPU (99.8%)

PHY-1001 : Congestion index: top1 = 33.08, top5 = 24.62, top10 = 19.16, top15 = 15.44.
OPT-1001 : End congestion update;  0.075448s wall, 0.078125s user + 0.000000s system = 0.078125s CPU (103.5%)

OPT-1001 : Update timing in Manhattan mode
TMR-2503 : Start to update net delay, extr mode = 3.
TMR-2504 : Update delay of 2079 nets completely.
TMR-2502 : Annotate delay completely, extr mode = 3.
TMR-3501 : Forward propagation: start to calculate arrival time...
TMR-3502 : Backward propagation: start to calculate required time...
TMR-3503 : Timing propagation completes.
OPT-1001 : End timing update;  0.033814s wall, 0.031250s user + 0.000000s system = 0.031250s CPU (92.4%)

OPT-0007 : Start: WNS 4345 TNS 0 NUM_FEPS 0
OPT-1001 : End path based optimization;  0.109355s wall, 0.109375s user + 0.000000s system = 0.109375s CPU (100.0%)

OPT-1001 : Current memory(MB): used = 199, reserve = 175, peak = 199.
OPT-1001 : Update timing in Manhattan mode
TMR-2503 : Start to update net delay, extr mode = 3.
TMR-2504 : Update delay of 2079 nets completely.
TMR-2502 : Annotate delay completely, extr mode = 3.
TMR-3501 : Forward propagation: start to calculate arrival time...
TMR-3502 : Backward propagation: start to calculate required time...
TMR-3503 : Timing propagation completes.
OPT-1001 : End timing update;  0.032938s wall, 0.031250s user + 0.000000s system = 0.031250s CPU (94.9%)

OPT-1001 : Start pin optimization...
OPT-1001 : skip pin optimization...
OPT-1001 : Update timing in global mode
PHY-1001 : Start incremental global routing, caller is place ...
RUN-1001 : Generating global routing grids ...
PHY-1001 : Generate routing nets ...
PHY-1001 : Reuse net number 1775/2081.
PHY-1001 : Global iterations in 16 thread ...
PHY-1002 : len = 98920, over cnt = 0(0%), over = 0, worst = 0
PHY-1001 : End global iterations;  0.010650s wall, 0.015625s user + 0.000000s system = 0.015625s CPU (146.7%)

PHY-1001 : Congestion index: top1 = 33.08, top5 = 24.62, top10 = 19.16, top15 = 15.44.
PHY-1001 : End incremental global routing;  0.070215s wall, 0.078125s user + 0.000000s system = 0.078125s CPU (111.3%)

TMR-2503 : Start to update net delay, extr mode = 5.
TMR-2504 : Update delay of 2079 nets completely.
TMR-2502 : Annotate delay completely, extr mode = 5.
TMR-3501 : Forward propagation: start to calculate arrival time...
TMR-3502 : Backward propagation: start to calculate required time...
TMR-3503 : Timing propagation completes.
OPT-1001 : End timing update;  0.045205s wall, 0.031250s user + 0.000000s system = 0.031250s CPU (69.1%)

RUN-1001 : Generating global routing grids ...
PHY-1001 : Generate routing nets ...
PHY-1001 : Reuse net number 1775/2081.
PHY-1001 : Global iterations in 16 thread ...
PHY-1002 : len = 98920, over cnt = 0(0%), over = 0, worst = 0
PHY-1001 : End global iterations;  0.011062s wall, 0.015625s user + 0.000000s system = 0.015625s CPU (141.3%)

PHY-1001 : Congestion index: top1 = 33.08, top5 = 24.62, top10 = 19.16, top15 = 15.44.
OPT-1001 : Update timing in Manhattan mode
TMR-2503 : Start to update net delay, extr mode = 3.
TMR-2504 : Update delay of 2079 nets completely.
TMR-2502 : Annotate delay completely, extr mode = 3.
TMR-3501 : Forward propagation: start to calculate arrival time...
TMR-3502 : Backward propagation: start to calculate required time...
TMR-3503 : Timing propagation completes.
OPT-1001 : End timing update;  0.034026s wall, 0.031250s user + 0.000000s system = 0.031250s CPU (91.8%)

RUN-1001 : QoR Analysis:
OPT-0007 :   WNS 4345 TNS 0 NUM_FEPS 0
RUN-1001 :   No local congestion issue, and most congested 1% tile average routing util is 32.655172
RUN-1001 :   Top critical paths
OPT-1001 : End physical optimization;  1.700560s wall, 1.750000s user + 0.015625s system = 1.765625s CPU (103.8%)

RUN-1003 : finish command "place" in  8.781807s wall, 11.437500s user + 3.796875s system = 15.234375s CPU (173.5%)

RUN-1004 : used memory is 178 MB, reserved memory is 154 MB, peak memory is 199 MB
RUN-1002 : start command "export_db ov2640_sdram_place.db"
RUN-1001 : Exported /
RUN-1001 : Exported flow parameters
RUN-1001 : Exported libs
RUN-1001 : Exported entities
RUN-1001 : Exported ports
RUN-1001 : Exported pins
RUN-1001 : Exported instances
RUN-1001 : Exported nets
RUN-1001 : Exported buses
RUN-1001 : Exported models
RUN-1001 : Exported congestions
RUN-1001 : Exported violations
RUN-1001 : Exported timing constraints
RUN-1001 : Exported IO constraints
RUN-1001 : Exported Inst constraints
RUN-1002 : start command "route"
RUN-1001 : Open license file C:/Anlogic/TD5.6.59063/license/Anlogic.lic
RUN-1001 : Print Global Property
RUN-1001 : ---------------------------------------------------------------
RUN-1001 :        Parameters        |  Settings  |  Default Values  |  Note  
RUN-1001 : ---------------------------------------------------------------
RUN-1001 :          message         |  standard  |     standard     |        
RUN-1001 :   mixed_pack_place_flow  |     on     |        on        |        
RUN-1001 :        qor_monitor       |    off     |       off        |        
RUN-1001 :        syn_ip_flow       |    off     |       off        |        
RUN-1001 :          thread          |    auto    |       auto       |        
RUN-1001 : ---------------------------------------------------------------
RUN-1001 : Print Route Property
RUN-1001 : -------------------------------------------------------
RUN-1001 :    Parameters    |  Settings  |  Default Values  |  Note  
RUN-1001 : -------------------------------------------------------
RUN-1001 :      effort      |   medium   |      medium      |        
RUN-1001 :     fix_hold     |    off     |       off        |        
RUN-1001 :    opt_timing    |   medium   |      medium      |        
RUN-1001 :   phy_sim_model  |    off     |       off        |        
RUN-1001 :     priority     |   timing   |      timing      |        
RUN-1001 :     swap_pin     |     on     |        on        |        
RUN-1001 : -------------------------------------------------------
PHY-1001 : Route runs in 16 thread(s)
RUN-1001 : There are total 993 instances
RUN-1001 : 423 mslices, 423 lslices, 132 pads, 2 brams, 4 dsps
RUN-1001 : There are total 2081 nets
RUN-1001 : 1421 nets have 2 pins
RUN-1001 : 430 nets have [3 - 5] pins
RUN-1001 : 143 nets have [6 - 10] pins
RUN-1001 : 52 nets have [11 - 20] pins
RUN-1001 : 31 nets have [21 - 99] pins
RUN-1001 : 4 nets have 100+ pins
RUN-1002 : start command "start_timer -report"
TMR-2505 : Start building timing graph for model test_camera.
TMR-2506 : Build timing graph completely. Port num: 19, tpin num: 7819, tnet num: 2079, tinst num: 991, tnode num: 9354, tedge num: 12838.
TMR-2508 : Levelizing timing graph completed, there are 28 levels in total.
TMR-2501 : Timing graph initialized successfully.
PHY-1001 : 423 mslices, 423 lslices, 132 pads, 2 brams, 4 dsps
TMR-2503 : Start to update net delay, extr mode = 3.
TMR-2504 : Update delay of 2079 nets completely.
TMR-2502 : Annotate delay completely, extr mode = 3.
TMR-3001 : Initiate 0 clocks from SDC.
TMR-3004 : Map sdc constraints, there are 2 constraints in total.
TMR-3003 : Constraints initiated successfully.
TMR-3501 : Forward propagation: start to calculate arrival time...
TMR-3502 : Backward propagation: start to calculate required time...
TMR-3503 : Timing propagation completes.
PHY-1001 : Start global routing, caller is route ...
RUN-1001 : Generating global routing grids ...
PHY-1001 : Generate routing nets ...
PHY-1001 : Global iterations in 16 thread ...
PHY-1002 : len = 94872, over cnt = 217(0%), over = 340, worst = 5
PHY-1002 : len = 96296, over cnt = 114(0%), over = 162, worst = 5
PHY-1002 : len = 97792, over cnt = 21(0%), over = 35, worst = 5
PHY-1002 : len = 98152, over cnt = 0(0%), over = 0, worst = 0
PHY-1001 : End global iterations;  0.256011s wall, 0.296875s user + 0.000000s system = 0.296875s CPU (116.0%)

PHY-1001 : Congestion index: top1 = 32.93, top5 = 24.52, top10 = 19.09, top15 = 15.44.
PHY-1001 : End global routing;  0.321795s wall, 0.375000s user + 0.000000s system = 0.375000s CPU (116.5%)

PHY-1001 : Start detail routing ...
PHY-1001 : Current memory(MB): used = 216, reserve = 193, peak = 233.
PHY-1001 : Detailed router is running in normal mode.
PHY-1001 : Generate detailed routing grids ...
PHY-1001 : Generate nets ...
PHY-1001 : net cam_pclk_dup_1 will be routed on clock mesh
PHY-1001 : net clk_24m_dup_1 will be routed on clock mesh
PHY-1001 : net vga_clk_dup_1 will be routed on clock mesh
PHY-1001 : clock net u_image_select/show_clk_n4_syn_3 will be merged with clock u_image_select/show_clk_n4
PHY-1001 : net u_image_process/u_RGBYCbCr/clk will be routed on clock mesh
PHY-1001 : clock net Sdram_Control_4Port/CTRL_CLK will be merged with clock u_pll/clk0_buf
PHY-1001 : net Sdram_Control_4Port/SDRAM_CLK will be routed on clock mesh
PHY-1001 : clock net u_camera_init/divider2[8]_syn_4 will be merged with clock u_camera_init/divider2[8]
PHY-1001 : clock net u_camera_init/divider2[7]_syn_2 will be merged with clock u_camera_init/divider2[7]
PHY-1001 : net u_camera_init/u_i2c_write/clk will be routed on clock mesh
PHY-1001 : clock net u_image_process/wrreq_syn_2 will be merged with clock u_image_process/wrreq
PHY-1001 : Current memory(MB): used = 485, reserve = 465, peak = 485.
PHY-1001 : End build detailed router design. 3.928026s wall, 3.765625s user + 0.171875s system = 3.937500s CPU (100.2%)

PHY-1001 : Detail Route ...
PHY-1001 : ===== Detail Route Phase 1 =====
PHY-1001 : Clock net routing.....
PHY-1001 : Routed 0% nets.
PHY-1022 : len = 31704, over cnt = 0(0%), over = 0, worst = 0, crit = 0
PHY-1001 : End initial clock net routed; 4.480145s wall, 4.453125s user + 0.015625s system = 4.468750s CPU (99.7%)

PHY-1001 : Current memory(MB): used = 517, reserve = 498, peak = 517.
PHY-1001 : End phase 1; 4.486825s wall, 4.468750s user + 0.015625s system = 4.484375s CPU (99.9%)

PHY-1001 : ===== Detail Route Phase 2 =====
PHY-1001 : Initial routing.....
PHY-1001 : Routed 22% nets.
PHY-1001 : Routed 25% nets.
PHY-1001 : Routed 28% nets.
PHY-1001 : Routed 34% nets.
PHY-1001 : Routed 42% nets.
PHY-1001 : Patch 951 net; 1.756943s wall, 1.765625s user + 0.000000s system = 1.765625s CPU (100.5%)

PHY-1022 : len = 187824, over cnt = 97(0%), over = 97, worst = 1, crit = 0
PHY-1001 : Current memory(MB): used = 519, reserve = 500, peak = 519.
PHY-1001 : End initial routed; 3.830950s wall, 5.453125s user + 0.015625s system = 5.468750s CPU (142.8%)

PHY-1001 : Update timing.....
PHY-1001 : 0/1837(0%) critical/total net(s).
RUN-1001 : ------------------------------------------
RUN-1001 :   Type   |    WNS(ns)    |  TNS(ns)  |  FEP  
RUN-1001 : ------------------------------------------
RUN-1001 :   Setup  |     3.830     |   0.000   |   0   
RUN-1001 :   Hold   |  2147483.647  |   0.000   |   0   
RUN-1001 : ------------------------------------------
PHY-1001 : End update timing; 0.966503s wall, 0.968750s user + 0.000000s system = 0.968750s CPU (100.2%)

PHY-1001 : Current memory(MB): used = 522, reserve = 502, peak = 522.
PHY-1001 : End phase 2; 4.797519s wall, 6.421875s user + 0.015625s system = 6.437500s CPU (134.2%)

PHY-1001 : ===== Detail Route Phase 3 =====
PHY-1001 : Optimize timing.....
PHY-1022 : len = 187824, over cnt = 97(0%), over = 97, worst = 1, crit = 0
PHY-1001 : End optimize timing; 0.009036s wall, 0.015625s user + 0.000000s system = 0.015625s CPU (172.9%)

PHY-1001 : Ripup-reroute.....
PHY-1001 : ===== DR Iter 1 =====
PHY-1022 : len = 187664, over cnt = 22(0%), over = 22, worst = 1, crit = 0
PHY-1001 : End DR Iter 1; 0.106487s wall, 0.109375s user + 0.000000s system = 0.109375s CPU (102.7%)

PHY-1001 : ===== DR Iter 2 =====
PHY-1022 : len = 187656, over cnt = 2(0%), over = 2, worst = 1, crit = 0
PHY-1001 : End DR Iter 2; 0.061639s wall, 0.062500s user + 0.000000s system = 0.062500s CPU (101.4%)

PHY-1001 : ===== DR Iter 3 =====
PHY-1022 : len = 187592, over cnt = 0(0%), over = 0, worst = 0, crit = 0
PHY-1001 : End DR Iter 3; 0.078244s wall, 0.078125s user + 0.000000s system = 0.078125s CPU (99.8%)

PHY-1001 : Update timing.....
PHY-1001 : 0/1837(0%) critical/total net(s).
RUN-1001 : ------------------------------------------
RUN-1001 :   Type   |    WNS(ns)    |  TNS(ns)  |  FEP  
RUN-1001 : ------------------------------------------
RUN-1001 :   Setup  |     3.643     |   0.000   |   0   
RUN-1001 :   Hold   |  2147483.647  |   0.000   |   0   
RUN-1001 : ------------------------------------------
PHY-1001 : End update timing; 1.106307s wall, 1.109375s user + 0.000000s system = 1.109375s CPU (100.3%)

PHY-1001 : Commit to database.....
PHY-1001 : 45 feed throughs used by 26 nets
PHY-1001 : End commit to database; 0.215904s wall, 0.203125s user + 0.015625s system = 0.218750s CPU (101.3%)

PHY-1001 : Current memory(MB): used = 535, reserve = 516, peak = 535.
PHY-1001 : End phase 3; 1.713736s wall, 1.718750s user + 0.015625s system = 1.734375s CPU (101.2%)

PHY-1003 : Routed, final wirelength = 187592
PHY-1001 : Current memory(MB): used = 536, reserve = 517, peak = 536.
PHY-1001 : End export database. 0.011811s wall, 0.015625s user + 0.000000s system = 0.015625s CPU (132.3%)

PHY-1001 : End detail routing;  15.189357s wall, 16.609375s user + 0.234375s system = 16.843750s CPU (110.9%)

RUN-1003 : finish command "route" in  16.484204s wall, 17.953125s user + 0.234375s system = 18.187500s CPU (110.3%)

RUN-1004 : used memory is 488 MB, reserved memory is 469 MB, peak memory is 536 MB
RUN-1002 : start command "report_area -io_info -file ov2640_sdram_phy.area"
RUN-1001 : standard
***Report Model: test_camera Device: EG4S20BG256***

IO Statistics
#IO                        77
  #input                   29
  #output                  47
  #inout                    1

Utilization Statistics
#lut                     1462   out of  19600    7.46%
#reg                      676   out of  19600    3.45%
#le                      1596
  #lut only               920   out of   1596   57.64%
  #reg only               134   out of   1596    8.40%
  #lut&reg                542   out of   1596   33.96%
#dsp                        4   out of     29   13.79%
#bram                       0   out of     64    0.00%
  #bram9k                   0
  #fifo9k                   0
#bram32k                    2   out of     16   12.50%
#pad                       77   out of    188   40.96%
  #ireg                     0
  #oreg                     0
  #treg                     0
#pll                        1   out of      4   25.00%
#gclk                      11   out of     16   68.75%

Clock Resource Statistics
Index     ClockNet                          Type               DriverType         Driver                                              Fanout
#1        u_pll/clk0_buf                    GCLK               pll                u_pll/pll_inst.clkc0                                173
#2        cam_pclk_dup_1                    GCLK               io                 cam_pclk_syn_2.di                                   60
#3        u_image_process/u_RGBYCbCr/clk    GCLK               pll                u_pll/pll_inst.clkc3                                52
#4        vga_clk_dup_1                     GCLK               pll                u_pll/pll_inst.clkc2                                43
#5        u_camera_init/divider2[8]         GCLK               mslice             u_camera_init/reg3_syn_60.q1                        21
#6        u_camera_init/u_i2c_write/clk     GCLK               pll                u_pll/pll_inst.clkc4                                20
#7        u_camera_init/divider2[7]         GCLK               mslice             u_camera_init/reg3_syn_60.q0                        17
#8        u_image_process/wrreq             GCLK               mslice             u_image_process/u_RGBYCbCr/reg7_syn_21.f0           10
#9        u_image_select/show_clk_n4        GCLK               lslice             u_image_process/u_RGBYCbCr/img_y1_b[7]_syn_12.f0    10
#10       clk_24m_dup_1                     GCLK               io                 clk_24m_syn_2.di                                    7
#11       Sdram_Control_4Port/SDRAM_CLK     GCLK               pll                u_pll/pll_inst.clkc1                                0


Detailed IO Report

     Name        Direction    Location    IOStandard    DriveStrength    PullType    PackReg  
   Switch[5]       INPUT         P6        LVCMOS25          N/A          PULLUP      NONE    
   Switch[4]       INPUT         M6        LVCMOS25          N/A          PULLUP      NONE    
   Switch[3]       INPUT         T6        LVCMOS25          N/A          PULLUP      NONE    
   Switch[2]       INPUT         T5        LVCMOS25          N/A          PULLUP      NONE    
   Switch[1]       INPUT         R5        LVCMOS25          N/A          PULLUP      NONE    
   Switch[0]       INPUT         T4        LVCMOS25          N/A          PULLUP      NONE    
  cam_data[7]      INPUT        H13        LVCMOS33          N/A          PULLUP      NONE    
  cam_data[6]      INPUT        G16        LVCMOS33          N/A          PULLUP      NONE    
  cam_data[5]      INPUT        H16        LVCMOS33          N/A          PULLUP      NONE    
  cam_data[4]      INPUT        G14        LVCMOS33          N/A          PULLUP      NONE    
  cam_data[3]      INPUT        K15        LVCMOS33          N/A          PULLUP      NONE    
  cam_data[2]      INPUT        K16        LVCMOS33          N/A          PULLUP      NONE    
  cam_data[1]      INPUT        J16        LVCMOS33          N/A          PULLUP      NONE    
  cam_data[0]      INPUT        H15        LVCMOS33          N/A          PULLUP      NONE    
   cam_href        INPUT        F15        LVCMOS33          N/A          PULLUP      NONE    
   cam_pclk        INPUT        K12        LVCMOS33          N/A          PULLUP      NONE    
   cam_vsync       INPUT        E15        LVCMOS33          N/A          PULLUP      NONE    
    clk_24m        INPUT        K14        LVCMOS33          N/A          PULLUP      NONE    
     rst_n         INPUT        G11        LVCMOS33          N/A          PULLUP      NONE    
    Led[15]       OUTPUT        T13        LVCMOS25           8            NONE       NONE    
    Led[14]       OUTPUT        T12        LVCMOS25           8            NONE       NONE    
    Led[13]       OUTPUT        R12        LVCMOS25           8            NONE       NONE    
    Led[12]       OUTPUT         M7        LVCMOS25           8            NONE       NONE    
    Led[11]       OUTPUT         T9        LVCMOS25           8            NONE       NONE    
    Led[10]       OUTPUT         T8        LVCMOS25           8            NONE       NONE    
    Led[9]        OUTPUT         T7        LVCMOS25           8            NONE       NONE    
    Led[8]        OUTPUT         R7        LVCMOS25           8            NONE       NONE    
    Led[7]        OUTPUT         P5        LVCMOS25           8            NONE       NONE    
    Led[6]        OUTPUT         N5        LVCMOS25           8            NONE       NONE    
    Led[5]        OUTPUT         P4        LVCMOS25           8            NONE       NONE    
    Led[4]        OUTPUT         M5        LVCMOS25           8            NONE       NONE    
    Led[3]        OUTPUT         N4        LVCMOS25           8            NONE       NONE    
    Led[2]        OUTPUT         N3        LVCMOS25           8            NONE       NONE    
    Led[1]        OUTPUT         M4        LVCMOS25           8            NONE       NONE    
    Led[0]        OUTPUT         M3        LVCMOS25           8            NONE       NONE    
   cam_pwdn       OUTPUT        F14        LVCMOS33           8            NONE       NONE    
    cam_rst       OUTPUT        F13        LVCMOS33           8            NONE       NONE    
   cam_soic       OUTPUT        D16        LVCMOS33           8           PULLUP      NONE    
   cam_xclk       OUTPUT        J12        LVCMOS33           8            NONE       NONE    
   vga_b[7]       OUTPUT         C1        LVCMOS25           8            NONE       NONE    
   vga_b[6]       OUTPUT         D1        LVCMOS25           8            NONE       NONE    
   vga_b[5]       OUTPUT         E2        LVCMOS25           8            NONE       NONE    
   vga_b[4]       OUTPUT         G3        LVCMOS25           8            NONE       NONE    
   vga_b[3]       OUTPUT         E1        LVCMOS25           8            NONE       NONE    
   vga_b[2]       OUTPUT         F2        LVCMOS25           8            NONE       NONE    
   vga_b[1]       OUTPUT         F1        LVCMOS25           8            NONE       NONE    
   vga_b[0]       OUTPUT         G1        LVCMOS25           8            NONE       NONE    
    vga_clk       OUTPUT         H2        LVCMOS25           8            NONE       NONE    
   vga_g[7]       OUTPUT         H5        LVCMOS25           8            NONE       NONE    
   vga_g[6]       OUTPUT         H1        LVCMOS25           8            NONE       NONE    
   vga_g[5]       OUTPUT         J6        LVCMOS25           8            NONE       NONE    
   vga_g[4]       OUTPUT         H3        LVCMOS25           8            NONE       NONE    
   vga_g[3]       OUTPUT         J1        LVCMOS25           8            NONE       NONE    
   vga_g[2]       OUTPUT         K1        LVCMOS25           8            NONE       NONE    
   vga_g[1]       OUTPUT         K2        LVCMOS25           8            NONE       NONE    
   vga_g[0]       OUTPUT         L1        LVCMOS25           8            NONE       NONE    
   vga_hsync      OUTPUT         J3        LVCMOS25           8            NONE       NONE    
   vga_r[7]       OUTPUT         K6        LVCMOS25           8            NONE       NONE    
   vga_r[6]       OUTPUT         K3        LVCMOS25           8            NONE       NONE    
   vga_r[5]       OUTPUT         K5        LVCMOS25           8            NONE       NONE    
   vga_r[4]       OUTPUT         L4        LVCMOS25           8            NONE       NONE    
   vga_r[3]       OUTPUT         M1        LVCMOS25           8            NONE       NONE    
   vga_r[2]       OUTPUT         M2        LVCMOS25           8            NONE       NONE    
   vga_r[1]       OUTPUT         L3        LVCMOS25           8            NONE       NONE    
   vga_r[0]       OUTPUT         L5        LVCMOS25           8            NONE       NONE    
   vga_vsync      OUTPUT         J4        LVCMOS25           8            NONE       NONE    
   cam_soid        INOUT        D14        LVCMOS33           8           PULLUP      NONE    

Report Hierarchy Area:
+-----------------------------------------------------------------------------------------------------------------------------+
|Instance                    |Module                                     |le     |lut     |ripple  |seq     |bram    |dsp     |
+-----------------------------------------------------------------------------------------------------------------------------+
|top                         |test_camera                                |1596   |1244    |218     |676     |2       |4       |
|  Sdram_Control_4Port       |Sdram_Control_4Port                        |652    |431     |108     |396     |2       |0       |
|    command1                |command                                    |52     |50      |0       |45      |0       |0       |
|    control1                |control_interface                          |102    |62      |24      |56      |0       |0       |
|    data_path1              |sdr_data_path                              |17     |17      |0       |1       |0       |0       |
|    read_fifo1              |Sdram_RD_FIFO                              |129    |67      |18      |99      |1       |0       |
|      dcfifo_component      |softfifo                                   |129    |67      |18      |99      |1       |0       |
|        ram_inst            |ram_infer_softfifo                         |0      |0       |0       |0       |1       |0       |
|        rd_to_wr_cross_inst |fifo_cross_domain_addr_process_al_softfifo |37     |25      |0       |37      |0       |0       |
|        wr_to_rd_cross_inst |fifo_cross_domain_addr_process_al_softfifo |32     |21      |0       |32      |0       |0       |
|    sdram1                  |sdram                                      |3      |3       |0       |0       |0       |0       |
|    write_fifo1             |Sdram_WR_FIFO                              |138    |79      |24      |97      |1       |0       |
|      dcfifo_component      |softfifo                                   |138    |79      |24      |97      |1       |0       |
|        ram_inst            |ram_infer_softfifo                         |0      |0       |0       |0       |1       |0       |
|        rd_to_wr_cross_inst |fifo_cross_domain_addr_process_al_softfifo |35     |21      |0       |35      |0       |0       |
|        wr_to_rd_cross_inst |fifo_cross_domain_addr_process_al_softfifo |37     |27      |0       |37      |0       |0       |
|  u_Mode_Switch             |Mode_Switch                                |14     |14      |0       |9       |0       |0       |
|  u_cam_vga_out             |Driver                                     |112    |67      |44      |23      |0       |0       |
|  u_camera_init             |camera_init                                |561    |544     |15      |106     |0       |0       |
|    u_i2c_write             |i2c_module                                 |201    |199     |0       |42      |0       |0       |
|  u_camera_reader           |camera_reader                              |86     |69      |17      |51      |0       |0       |
|  u_image_process           |image_process                              |128    |76      |34      |71      |0       |4       |
|    u_RGBYCbCr              |RGBYCbCr                                   |109    |57      |34      |52      |0       |4       |
|  u_image_select            |image_select                               |22     |22      |0       |19      |0       |0       |
|  u_pll                     |ip_pll                                     |0      |0       |0       |0       |0       |0       |
+-----------------------------------------------------------------------------------------------------------------------------+


DataNet Average Fanout:

   Index     Fanout     Nets  
    #1          1       1353  
    #2          2       266   
    #3          3        80   
    #4          4        76   
    #5        5-10      148   
    #6        11-50      60   
    #7       51-100      9    
    #8       101-500     1    
  Average     2.63            

RUN-1002 : start command "export_db ov2640_sdram_pr.db"
RUN-1001 : Exported /
RUN-1001 : Exported flow parameters
RUN-1001 : Exported libs
RUN-1001 : Exported entities
RUN-1001 : Exported ports
RUN-1001 : Exported pins
RUN-1001 : Exported instances
RUN-1001 : Exported nets
RUN-1001 : Exported buses
RUN-1001 : Exported models
RUN-1001 : Exported congestions
RUN-1001 : Exported violations
RUN-1001 : Exported timing constraints
RUN-1001 : Exported IO constraints
RUN-1001 : Exported Inst constraints
RUN-1002 : start command "export_bid ov2640_sdram_inst.bid"
RUN-1002 : start command "bitgen -bit ov2640_sdram.bit"
BIT-1003 : Start to generate bitstream. 
BIT-1002 : Init instances with 16 threads.
BIT-1002 : Init instances completely, inst num: 991
BIT-1002 : Init pips with 16 threads.
BIT-1002 : Init pips completely, net num: 2081, pip num: 16915
BIT-1002 : Init feedthrough with 16 threads.
BIT-1002 : Init feedthrough completely, num: 45
BIT-1003 : Multithreading accelaration with 16 threads.
BIT-1003 : Generate bitstream completely, there are 1534 valid insts, and 50246 bits set as '1'.
BIT-1004 : the usercode register value: 00000000000100110000000000000000
BIT-1004 : PLL setting string = 0001
BIT-1004 : Generate bits file ov2640_sdram.bit.
RUN-1003 : finish command "bitgen -bit ov2640_sdram.bit" in  2.683768s wall, 23.375000s user + 0.125000s system = 23.500000s CPU (875.6%)

RUN-1004 : used memory is 498 MB, reserved memory is 483 MB, peak memory is 675 MB
RUN-1002 : start command "backup_run_log run.log ../.logs/phy_1/td_20221026_132524.log"
