============================================================
   Tang Dynasty, V5.6.59063
   Copyright (c) 2012-2022 Anlogic
   Executable = C:/Anlogic/TD5.6.59063/bin/td.exe
   Built at =   12:45:13 Sep  6 2022
   Run by =     Administrator
   Run Date =   Fri Oct 28 20:07:57 2022

   Run on =     WIN-25FR57M34TT
============================================================
RUN-1002 : start command "open_project ov2640_sdram.prj"
RUN-1001 : Print Global Property
RUN-1001 : ---------------------------------------------------------------
RUN-1001 :        Parameters        |  Settings  |  Default Values  |  Note  
RUN-1001 : ---------------------------------------------------------------
RUN-1001 :          message         |  standard  |     standard     |        
RUN-1001 :   mixed_pack_place_flow  |     on     |        on        |        
RUN-1001 :        qor_monitor       |    off     |       off        |        
RUN-1001 :        syn_ip_flow       |    off     |       off        |        
RUN-1001 :          thread          |    auto    |       auto       |        
RUN-1001 : ---------------------------------------------------------------
RUN-1001 : Print Design Property
RUN-1001 : --------------------------------------------------------------
RUN-1001 :        Parameters       |  Settings  |  Default Values  |  Note  
RUN-1001 : --------------------------------------------------------------
RUN-1001 :   default_reg_initial   |    auto    |       auto       |        
RUN-1001 :        infer_add        |     on     |        on        |        
RUN-1001 :        infer_fsm        |    off     |       off        |        
RUN-1001 :        infer_mult       |     on     |        on        |        
RUN-1001 :        infer_ram        |     on     |        on        |        
RUN-1001 :        infer_reg        |     on     |        on        |        
RUN-1001 :   infer_reg_init_value  |     on     |        on        |        
RUN-1001 :        infer_rom        |     on     |        on        |        
RUN-1001 :      infer_shifter      |     on     |        on        |        
RUN-1001 : --------------------------------------------------------------
RUN-1001 : Print Rtl Property
RUN-1001 : --------------------------------------------------------------
RUN-1001 :        Parameters       |  Settings  |  Default Values  |  Note  
RUN-1001 : --------------------------------------------------------------
RUN-1001 :       compress_add      |   ripple   |      ripple      |        
RUN-1001 :        elf_sload        |    off     |       off        |        
RUN-1001 :       fix_undriven      |     0      |        0         |        
RUN-1001 :         flatten         |    off     |       off        |        
RUN-1001 :       gate_sharing      |     on     |        on        |        
RUN-1001 :    hdl_warning_level    |   normal   |      normal      |        
RUN-1001 :   impl_internal_tribuf  |     on     |        on        |        
RUN-1001 :      impl_set_reset     |     on     |        on        |        
RUN-1001 :        infer_gsr        |    off     |       off        |        
RUN-1001 :      keep_hierarchy     |    auto    |       auto       |        
RUN-1001 :        max_fanout       |    9999    |       9999       |        
RUN-1001 :      max_oh2bin_len     |     10     |        10        |        
RUN-1001 :       merge_equal       |     on     |        on        |        
RUN-1001 :       merge_equiv       |     on     |        on        |        
RUN-1001 :        merge_mux        |    off     |       off        |        
RUN-1001 :     min_control_set     |     8      |        8         |        
RUN-1001 :      min_ripple_len     |    auto    |       auto       |        
RUN-1001 :       oh2bin_ratio      |    0.08    |       0.08       |        
RUN-1001 :     opt_adder_fanout    |     on     |        on        |        
RUN-1001 :        opt_arith        |     on     |        on        |        
RUN-1001 :       opt_big_gate      |    off     |       off        |        
RUN-1001 :        opt_const        |     on     |        on        |        
RUN-1001 :      opt_const_mult     |     on     |        on        |        
RUN-1001 :       opt_lessthan      |     on     |        on        |        
RUN-1001 :         opt_mux         |    off     |       off        |        
RUN-1001 :         opt_ram         |    high    |       high       |        
RUN-1001 :      rtl_sim_model      |    off     |       off        |        
RUN-1001 :         seq_syn         |     on     |        on        |        
RUN-1001 : --------------------------------------------------------------
HDL-1007 : analyze verilog file ../../al_ip/ip_pll.v
HDL-1007 : undeclared symbol 'open', assumed default net type 'wire' in ../../al_ip/ip_pll.v(93)
HDL-1007 : analyze verilog file ../../al_ip/softfifo.v
HDL-1007 : analyze verilog file ../../al_ip/fifo_1.v
HDL-1007 : analyze verilog file ../../al_ip/fifo_2.v
HDL-1007 : analyze verilog file ../../RTL/camera_init.v
HDL-1007 : undeclared symbol 'clk_div', assumed default net type 'wire' in ../../RTL/camera_init.v(74)
HDL-1007 : analyze verilog file ../../RTL/camera_reader.v
HDL-1007 : analyze verilog file ../../RTL/i2c_module.v
HDL-1007 : analyze verilog file ../../RTL/Sdram_Control_4Port/command.v
HDL-1007 : analyze included file ../../RTL/Sdram_Control_4Port/Sdram_Params.h in ../../RTL/Sdram_Control_4Port/command.v(27)
HDL-1007 : back to file '../../RTL/Sdram_Control_4Port/command.v' in ../../RTL/Sdram_Control_4Port/command.v(27)
HDL-1007 : analyze verilog file ../../RTL/Sdram_Control_4Port/control_interface.v
HDL-1007 : analyze included file ../../RTL/Sdram_Control_4Port/Sdram_Params.h in ../../RTL/Sdram_Control_4Port/control_interface.v(21)
HDL-1007 : back to file '../../RTL/Sdram_Control_4Port/control_interface.v' in ../../RTL/Sdram_Control_4Port/control_interface.v(21)
HDL-1007 : analyze verilog file ../../RTL/Sdram_Control_4Port/sdr_data_path.v
HDL-1007 : analyze included file ../../RTL/Sdram_Control_4Port/Sdram_Params.h in ../../RTL/Sdram_Control_4Port/sdr_data_path.v(10)
HDL-1007 : back to file '../../RTL/Sdram_Control_4Port/sdr_data_path.v' in ../../RTL/Sdram_Control_4Port/sdr_data_path.v(10)
HDL-1007 : analyze verilog file ../../RTL/Sdram_Control_4Port/Sdram_Control_4Port.v
HDL-1007 : analyze included file ../../RTL/Sdram_Control_4Port/Sdram_Params.h in ../../RTL/Sdram_Control_4Port/Sdram_Control_4Port.v(49)
HDL-1007 : back to file '../../RTL/Sdram_Control_4Port/Sdram_Control_4Port.v' in ../../RTL/Sdram_Control_4Port/Sdram_Control_4Port.v(49)
HDL-1007 : analyze verilog file ../../RTL/Sdram_Control_4Port/Sdram_RD_FIFO.v
HDL-5007 WARNING: 'clk' is not declared in ../../RTL/Sdram_Control_4Port/Sdram_RD_FIFO.v(44)
HDL-1007 : analyze verilog file ../../RTL/Sdram_Control_4Port/Sdram_WR_FIFO.v
HDL-1007 : analyze verilog file ../../al_ip/sdram.v
HDL-1007 : analyze verilog file ../../RTL/Driver.v
HDL-1007 : analyze verilog file ../../RTL/RGBYCbCr.v
HDL-1007 : analyze verilog file ../../RTL/image_process.v
HDL-5007 WARNING: identifier 'post_img_cb' is used before its declaration in ../../RTL/image_process.v(51)
HDL-5007 WARNING: identifier 'post_img_cb' is used before its declaration in ../../RTL/image_process.v(55)
HDL-5007 WARNING: identifier 'post_frame_clken' is used before its declaration in ../../RTL/image_process.v(61)
HDL-5007 WARNING: identifier 'skin_img' is used before its declaration in ../../RTL/image_process.v(62)
HDL-5007 WARNING: identifier 'post_frame_clken' is used before its declaration in ../../RTL/image_process.v(65)
HDL-5007 WARNING: identifier 'skin_img' is used before its declaration in ../../RTL/image_process.v(66)
HDL-5007 WARNING: identifier 'post1_frame_clken' is used before its declaration in ../../RTL/image_process.v(72)
HDL-5007 WARNING: identifier 'post1_img_Y' is used before its declaration in ../../RTL/image_process.v(73)
HDL-5007 WARNING: identifier 'post1_frame_clken' is used before its declaration in ../../RTL/image_process.v(76)
HDL-5007 WARNING: identifier 'post1_img_Y' is used before its declaration in ../../RTL/image_process.v(77)
HDL-5007 Similar messages will be suppressed.
HDL-1007 : analyze verilog file ../../RTL/test_camera.v
HDL-1007 : analyze verilog file ../../RTL/Mode_Switch.v
HDL-1007 : analyze verilog file ../../RTL/image_select.v
HDL-1007 : analyze verilog file ../../RTL/Median_Gray.v
HDL-5007 WARNING: identifier 'mid_value' is used before its declaration in ../../RTL/Median_Gray.v(20)
HDL-1007 : analyze verilog file ../../RTL/three_martix.v
HDL-5007 WARNING: empty statement in sequential block in ../../RTL/three_martix.v(235)
HDL-5007 WARNING: empty statement in sequential block in ../../RTL/three_martix.v(234)
HDL-1007 : analyze verilog file ../../RTL/Median_Filter_3X3.v
HDL-1007 : analyze verilog file ../../RTL/Sort3.v
HDL-1007 : analyze verilog file ../../RTL/Sobel_Process.v
HDL-1007 : undeclared symbol 'csi_pclk', assumed default net type 'wire' in ../../RTL/Sobel_Process.v(48)
HDL-5007 WARNING: identifier 'sobel_value' is used before its declaration in ../../RTL/Sobel_Process.v(23)
HDL-1007 : analyze verilog file ../../RTL/Caculate_Sobel.v
HDL-5007 WARNING: identifier 'matrix_frame_vsync_r' is used before its declaration in ../../RTL/Caculate_Sobel.v(110)
HDL-5007 WARNING: identifier 'matrix_frame_href_r' is used before its declaration in ../../RTL/Caculate_Sobel.v(111)
HDL-5007 WARNING: identifier 'matrix_frame_clken_r' is used before its declaration in ../../RTL/Caculate_Sobel.v(112)
HDL-1007 : analyze verilog file ../../RTL/Erosion_Detector.v
HDL-1007 : analyze verilog file ../../RTL/Dilation_Detector.v
HDL-5007 WARNING: redeclaration of ANSI port 'post_img_Bit4' is not allowed in ../../RTL/Dilation_Detector.v(79)
HDL-1007 : undeclared symbol 'post_frame_href', assumed default net type 'wire' in ../../RTL/Dilation_Detector.v(109)
HDL-1007 : analyze verilog file ../../RTL/Gesture_detech.v
HDL-1007 : analyze verilog file ../../RTL/seg_4.v
HDL-1007 : undeclared symbol 'data0', assumed default net type 'wire' in ../../RTL/seg_4.v(64)
HDL-1007 : undeclared symbol 'data1', assumed default net type 'wire' in ../../RTL/seg_4.v(65)
HDL-1007 : undeclared symbol 'data2', assumed default net type 'wire' in ../../RTL/seg_4.v(66)
HDL-5007 WARNING: 'clk' is not declared in ../../RTL/Sdram_Control_4Port/Sdram_RD_FIFO.v(44)
RUN-1001 : Project manager successfully analyzed 30 source files.
RUN-1002 : start command "import_device eagle_s20.db -package EG4S20BG256"
ARC-1001 : Device Initialization.
ARC-1001 : ------------------------------------------------------------------
ARC-1001 :            OPTION            |          IO          |   SETTING   
ARC-1001 : ------------------------------------------------------------------
ARC-1001 :   cso_b/cclk/mosi/miso/dout  |  T3/R11/T10/P10/S11  |    gpio    
ARC-1001 :             done             |         P13          |    gpio    
ARC-1001 :           program_b          |          T2          |  dedicate  
ARC-1001 :        tdi/tms/tck/tdo       |   C12/A15/C14/E14    |  dedicate  
ARC-1001 : ------------------------------------------------------------------
ARC-1004 : Device setting, marked 5 dedicate IOs in total.
RUN-1002 : start command "import_db ../syn_1/ov2640_sdram_gate.db"
RUN-1001 : Importing database generated by Tang Dynasty, V5.6.59063.
RUN-1001 : Database version number 46140.
RUN-1001 : Import flow parameters
RUN-1001 : Import timing constraints
RUN-1001 : Import IO constraints
RUN-1001 : Import Inst constraints
RUN-1001 : Import design success TD_VERSION=5.6.59063 , DB_VERSION=46140
RUN-1002 : start command "read_sdc"
USR-1002 : read_sdc file_name -help -h -eco
RUN-1002 : start command "get_regs */primary_addr_gray_reg[*]"
RUN-1002 : start command "get_regs */sync_r1[*]"
RUN-1002 : start command "set_max_delay -from  -to  5 -datapath_only"
RUN-1002 : start command "get_regs */primary_addr_gray_reg[*]"
RUN-1002 : start command "get_regs */sync_r1[*]"
RUN-1002 : start command "set_false_path -from  -to  -hold 5"
USR-1002 : set_false_path -help -setup -hold -from <list> -rise_from <list> -fall_from <list> -to <list> -rise_to <list> -fall_to <list> -through <list>
RUN-1002 : start command "get_regs */primary_addr_gray_reg[*]"
RUN-1002 : start command "get_regs */sync_r1[*]"
RUN-1002 : start command "set_max_delay -from  -to  5 -datapath_only"
RUN-1002 : start command "get_regs */primary_addr_gray_reg[*]"
RUN-1002 : start command "get_regs */sync_r1[*]"
RUN-1002 : start command "set_max_delay -from  -to  5 -datapath_only"
RUN-1002 : start command "get_regs */primary_addr_gray_reg[*]"
RUN-1002 : start command "get_regs */sync_r1[*]"
RUN-1002 : start command "set_max_delay -from  -to  5 -datapath_only"
SYN-1001 : 	kept net: Sdram_Control_4Port/read_fifo1/dcfifo_component/rd_to_wr_cross_inst/primary_addr_gray_reg[9](Sdram_Control_4Port/read_fifo1/dcfifo_component/rd_to_wr_cross_inst/primary_addr_gray_reg[9]_syn_5)
SYN-1001 : 	kept net: Sdram_Control_4Port/read_fifo1/dcfifo_component/rd_to_wr_cross_inst/primary_addr_gray_reg[8](Sdram_Control_4Port/read_fifo1/dcfifo_component/rd_to_wr_cross_inst/primary_addr_gray_reg[8]_syn_5)
SYN-1001 : 	kept net: Sdram_Control_4Port/read_fifo1/dcfifo_component/rd_to_wr_cross_inst/primary_addr_gray_reg[7](Sdram_Control_4Port/read_fifo1/dcfifo_component/rd_to_wr_cross_inst/primary_addr_gray_reg[7]_syn_5)
SYN-1001 : 	kept net: Sdram_Control_4Port/read_fifo1/dcfifo_component/rd_to_wr_cross_inst/primary_addr_gray_reg[6](Sdram_Control_4Port/read_fifo1/dcfifo_component/rd_to_wr_cross_inst/primary_addr_gray_reg[6]_syn_5)
SYN-1001 : 	kept net: Sdram_Control_4Port/read_fifo1/dcfifo_component/rd_to_wr_cross_inst/primary_addr_gray_reg[5](Sdram_Control_4Port/read_fifo1/dcfifo_component/rd_to_wr_cross_inst/primary_addr_gray_reg[5]_syn_5)
SYN-1001 : 	kept net: Sdram_Control_4Port/read_fifo1/dcfifo_component/rd_to_wr_cross_inst/primary_addr_gray_reg[4](Sdram_Control_4Port/read_fifo1/dcfifo_component/rd_to_wr_cross_inst/primary_addr_gray_reg[4]_syn_5)
SYN-1001 : 	kept net: Sdram_Control_4Port/read_fifo1/dcfifo_component/rd_to_wr_cross_inst/primary_addr_gray_reg[3](Sdram_Control_4Port/read_fifo1/dcfifo_component/rd_to_wr_cross_inst/primary_addr_gray_reg[3]_syn_5)
SYN-1001 : 	kept net: Sdram_Control_4Port/read_fifo1/dcfifo_component/rd_to_wr_cross_inst/primary_addr_gray_reg[2](Sdram_Control_4Port/read_fifo1/dcfifo_component/rd_to_wr_cross_inst/primary_addr_gray_reg[2]_syn_5)
SYN-1001 : 	kept net: Sdram_Control_4Port/read_fifo1/dcfifo_component/rd_to_wr_cross_inst/primary_addr_gray_reg[1](Sdram_Control_4Port/read_fifo1/dcfifo_component/rd_to_wr_cross_inst/primary_addr_gray_reg[1]_syn_5)
SYN-1001 : 	kept net: Sdram_Control_4Port/read_fifo1/dcfifo_component/rd_to_wr_cross_inst/primary_addr_gray_reg[0](Sdram_Control_4Port/read_fifo1/dcfifo_component/rd_to_wr_cross_inst/primary_addr_gray_reg[0]_syn_5)
SYN-1001 : 	kept net: Sdram_Control_4Port/read_fifo1/dcfifo_component/rd_to_wr_cross_inst/sync_r1[9](Sdram_Control_4Port/read_fifo1/dcfifo_component/rd_to_wr_cross_inst/sync_r1[9]_syn_3)
SYN-1001 : 	kept net: Sdram_Control_4Port/read_fifo1/dcfifo_component/rd_to_wr_cross_inst/sync_r1[8](Sdram_Control_4Port/read_fifo1/dcfifo_component/rd_to_wr_cross_inst/sync_r1[8]_syn_3)
SYN-1001 : 	kept net: Sdram_Control_4Port/read_fifo1/dcfifo_component/rd_to_wr_cross_inst/sync_r1[7](Sdram_Control_4Port/read_fifo1/dcfifo_component/rd_to_wr_cross_inst/sync_r1[7]_syn_3)
SYN-1001 : 	kept net: Sdram_Control_4Port/read_fifo1/dcfifo_component/rd_to_wr_cross_inst/sync_r1[6](Sdram_Control_4Port/read_fifo1/dcfifo_component/rd_to_wr_cross_inst/sync_r1[6]_syn_3)
SYN-1001 : 	kept net: Sdram_Control_4Port/read_fifo1/dcfifo_component/rd_to_wr_cross_inst/sync_r1[5](Sdram_Control_4Port/read_fifo1/dcfifo_component/rd_to_wr_cross_inst/sync_r1[5]_syn_3)
SYN-1001 : 	kept net: Sdram_Control_4Port/read_fifo1/dcfifo_component/rd_to_wr_cross_inst/sync_r1[4](Sdram_Control_4Port/read_fifo1/dcfifo_component/rd_to_wr_cross_inst/sync_r1[4]_syn_3)
SYN-1001 : 	kept net: Sdram_Control_4Port/read_fifo1/dcfifo_component/rd_to_wr_cross_inst/sync_r1[3](Sdram_Control_4Port/read_fifo1/dcfifo_component/rd_to_wr_cross_inst/sync_r1[3]_syn_3)
SYN-1001 : 	kept net: Sdram_Control_4Port/read_fifo1/dcfifo_component/rd_to_wr_cross_inst/sync_r1[2](Sdram_Control_4Port/read_fifo1/dcfifo_component/rd_to_wr_cross_inst/sync_r1[2]_syn_3)
SYN-1001 : 	kept net: Sdram_Control_4Port/read_fifo1/dcfifo_component/rd_to_wr_cross_inst/sync_r1[1](Sdram_Control_4Port/read_fifo1/dcfifo_component/rd_to_wr_cross_inst/sync_r1[1]_syn_3)
SYN-1001 : 	kept net: Sdram_Control_4Port/read_fifo1/dcfifo_component/rd_to_wr_cross_inst/sync_r1[0](Sdram_Control_4Port/read_fifo1/dcfifo_component/rd_to_wr_cross_inst/sync_r1[0]_syn_3)
SYN-1001 : 	kept net: Sdram_Control_4Port/read_fifo1/dcfifo_component/wr_to_rd_cross_inst/primary_addr_gray_reg[9](Sdram_Control_4Port/read_fifo1/dcfifo_component/wr_to_rd_cross_inst/primary_addr_gray_reg[9]_syn_5)
SYN-1001 : 	kept net: Sdram_Control_4Port/read_fifo1/dcfifo_component/wr_to_rd_cross_inst/primary_addr_gray_reg[8](Sdram_Control_4Port/read_fifo1/dcfifo_component/wr_to_rd_cross_inst/primary_addr_gray_reg[8]_syn_5)
SYN-1001 : 	kept net: Sdram_Control_4Port/read_fifo1/dcfifo_component/wr_to_rd_cross_inst/primary_addr_gray_reg[7](Sdram_Control_4Port/read_fifo1/dcfifo_component/wr_to_rd_cross_inst/primary_addr_gray_reg[7]_syn_5)
SYN-1001 : 	kept net: Sdram_Control_4Port/read_fifo1/dcfifo_component/wr_to_rd_cross_inst/primary_addr_gray_reg[6](Sdram_Control_4Port/read_fifo1/dcfifo_component/wr_to_rd_cross_inst/primary_addr_gray_reg[6]_syn_5)
SYN-1001 : 	kept net: Sdram_Control_4Port/read_fifo1/dcfifo_component/wr_to_rd_cross_inst/primary_addr_gray_reg[5](Sdram_Control_4Port/read_fifo1/dcfifo_component/wr_to_rd_cross_inst/primary_addr_gray_reg[5]_syn_5)
SYN-1001 : 	kept net: Sdram_Control_4Port/read_fifo1/dcfifo_component/wr_to_rd_cross_inst/primary_addr_gray_reg[4](Sdram_Control_4Port/read_fifo1/dcfifo_component/wr_to_rd_cross_inst/primary_addr_gray_reg[4]_syn_5)
SYN-1001 : 	kept net: Sdram_Control_4Port/read_fifo1/dcfifo_component/wr_to_rd_cross_inst/primary_addr_gray_reg[3](Sdram_Control_4Port/read_fifo1/dcfifo_component/wr_to_rd_cross_inst/primary_addr_gray_reg[3]_syn_5)
SYN-1001 : 	kept net: Sdram_Control_4Port/read_fifo1/dcfifo_component/wr_to_rd_cross_inst/primary_addr_gray_reg[2](Sdram_Control_4Port/read_fifo1/dcfifo_component/wr_to_rd_cross_inst/primary_addr_gray_reg[2]_syn_5)
SYN-1001 : 	kept net: Sdram_Control_4Port/read_fifo1/dcfifo_component/wr_to_rd_cross_inst/primary_addr_gray_reg[1](Sdram_Control_4Port/read_fifo1/dcfifo_component/wr_to_rd_cross_inst/primary_addr_gray_reg[1]_syn_5)
SYN-1001 : 	kept net: Sdram_Control_4Port/read_fifo1/dcfifo_component/wr_to_rd_cross_inst/primary_addr_gray_reg[0](Sdram_Control_4Port/read_fifo1/dcfifo_component/wr_to_rd_cross_inst/primary_addr_gray_reg[0]_syn_5)
SYN-1001 : 	kept net: Sdram_Control_4Port/read_fifo1/dcfifo_component/wr_to_rd_cross_inst/sync_r1[9](Sdram_Control_4Port/read_fifo1/dcfifo_component/wr_to_rd_cross_inst/sync_r1[9]_syn_3)
SYN-1001 : 	kept net: Sdram_Control_4Port/read_fifo1/dcfifo_component/wr_to_rd_cross_inst/sync_r1[8](Sdram_Control_4Port/read_fifo1/dcfifo_component/wr_to_rd_cross_inst/sync_r1[8]_syn_3)
SYN-1001 : 	kept net: Sdram_Control_4Port/read_fifo1/dcfifo_component/wr_to_rd_cross_inst/sync_r1[7](Sdram_Control_4Port/read_fifo1/dcfifo_component/wr_to_rd_cross_inst/sync_r1[7]_syn_3)
SYN-1001 : 	kept net: Sdram_Control_4Port/read_fifo1/dcfifo_component/wr_to_rd_cross_inst/sync_r1[6](Sdram_Control_4Port/read_fifo1/dcfifo_component/wr_to_rd_cross_inst/sync_r1[6]_syn_3)
SYN-1001 : 	kept net: Sdram_Control_4Port/read_fifo1/dcfifo_component/wr_to_rd_cross_inst/sync_r1[5](Sdram_Control_4Port/read_fifo1/dcfifo_component/wr_to_rd_cross_inst/sync_r1[5]_syn_3)
SYN-1001 : 	kept net: Sdram_Control_4Port/read_fifo1/dcfifo_component/wr_to_rd_cross_inst/sync_r1[4](Sdram_Control_4Port/read_fifo1/dcfifo_component/wr_to_rd_cross_inst/sync_r1[4]_syn_3)
SYN-1001 : 	kept net: Sdram_Control_4Port/read_fifo1/dcfifo_component/wr_to_rd_cross_inst/sync_r1[3](Sdram_Control_4Port/read_fifo1/dcfifo_component/wr_to_rd_cross_inst/sync_r1[3]_syn_3)
SYN-1001 : 	kept net: Sdram_Control_4Port/read_fifo1/dcfifo_component/wr_to_rd_cross_inst/sync_r1[2](Sdram_Control_4Port/read_fifo1/dcfifo_component/wr_to_rd_cross_inst/sync_r1[2]_syn_3)
SYN-1001 : 	kept net: Sdram_Control_4Port/read_fifo1/dcfifo_component/wr_to_rd_cross_inst/sync_r1[1](Sdram_Control_4Port/read_fifo1/dcfifo_component/wr_to_rd_cross_inst/sync_r1[1]_syn_3)
SYN-1001 : 	kept net: Sdram_Control_4Port/read_fifo1/dcfifo_component/wr_to_rd_cross_inst/sync_r1[0](Sdram_Control_4Port/read_fifo1/dcfifo_component/wr_to_rd_cross_inst/sync_r1[0]_syn_3)
SYN-1001 : 	kept net: Sdram_Control_4Port/write_fifo1/dcfifo_component/rd_to_wr_cross_inst/primary_addr_gray_reg[9](Sdram_Control_4Port/write_fifo1/dcfifo_component/rd_to_wr_cross_inst/primary_addr_gray_reg[9]_syn_5)
SYN-1001 : 	kept net: Sdram_Control_4Port/write_fifo1/dcfifo_component/rd_to_wr_cross_inst/primary_addr_gray_reg[8](Sdram_Control_4Port/write_fifo1/dcfifo_component/rd_to_wr_cross_inst/primary_addr_gray_reg[8]_syn_5)
SYN-1001 : 	kept net: Sdram_Control_4Port/write_fifo1/dcfifo_component/rd_to_wr_cross_inst/primary_addr_gray_reg[7](Sdram_Control_4Port/write_fifo1/dcfifo_component/rd_to_wr_cross_inst/primary_addr_gray_reg[7]_syn_5)
SYN-1001 : 	kept net: Sdram_Control_4Port/write_fifo1/dcfifo_component/rd_to_wr_cross_inst/primary_addr_gray_reg[6](Sdram_Control_4Port/write_fifo1/dcfifo_component/rd_to_wr_cross_inst/primary_addr_gray_reg[6]_syn_5)
SYN-1001 : 	kept net: Sdram_Control_4Port/write_fifo1/dcfifo_component/rd_to_wr_cross_inst/primary_addr_gray_reg[5](Sdram_Control_4Port/write_fifo1/dcfifo_component/rd_to_wr_cross_inst/primary_addr_gray_reg[5]_syn_5)
SYN-1001 : 	kept net: Sdram_Control_4Port/write_fifo1/dcfifo_component/rd_to_wr_cross_inst/primary_addr_gray_reg[4](Sdram_Control_4Port/write_fifo1/dcfifo_component/rd_to_wr_cross_inst/primary_addr_gray_reg[4]_syn_5)
SYN-1001 : 	kept net: Sdram_Control_4Port/write_fifo1/dcfifo_component/rd_to_wr_cross_inst/primary_addr_gray_reg[3](Sdram_Control_4Port/write_fifo1/dcfifo_component/rd_to_wr_cross_inst/primary_addr_gray_reg[3]_syn_5)
SYN-1001 : 	kept net: Sdram_Control_4Port/write_fifo1/dcfifo_component/rd_to_wr_cross_inst/primary_addr_gray_reg[2](Sdram_Control_4Port/write_fifo1/dcfifo_component/rd_to_wr_cross_inst/primary_addr_gray_reg[2]_syn_5)
SYN-1001 : 	kept net: Sdram_Control_4Port/write_fifo1/dcfifo_component/rd_to_wr_cross_inst/primary_addr_gray_reg[1](Sdram_Control_4Port/write_fifo1/dcfifo_component/rd_to_wr_cross_inst/primary_addr_gray_reg[1]_syn_5)
SYN-1001 : 	kept net: Sdram_Control_4Port/write_fifo1/dcfifo_component/rd_to_wr_cross_inst/primary_addr_gray_reg[0](Sdram_Control_4Port/write_fifo1/dcfifo_component/rd_to_wr_cross_inst/primary_addr_gray_reg[0]_syn_5)
SYN-1001 : 	kept net: Sdram_Control_4Port/write_fifo1/dcfifo_component/rd_to_wr_cross_inst/sync_r1[9](Sdram_Control_4Port/write_fifo1/dcfifo_component/rd_to_wr_cross_inst/sync_r1[9]_syn_3)
SYN-1001 : 	kept net: Sdram_Control_4Port/write_fifo1/dcfifo_component/rd_to_wr_cross_inst/sync_r1[8](Sdram_Control_4Port/write_fifo1/dcfifo_component/rd_to_wr_cross_inst/sync_r1[8]_syn_3)
SYN-1001 : 	kept net: Sdram_Control_4Port/write_fifo1/dcfifo_component/rd_to_wr_cross_inst/sync_r1[7](Sdram_Control_4Port/write_fifo1/dcfifo_component/rd_to_wr_cross_inst/sync_r1[7]_syn_3)
SYN-1001 : 	kept net: Sdram_Control_4Port/write_fifo1/dcfifo_component/rd_to_wr_cross_inst/sync_r1[6](Sdram_Control_4Port/write_fifo1/dcfifo_component/rd_to_wr_cross_inst/sync_r1[6]_syn_3)
SYN-1001 : 	kept net: Sdram_Control_4Port/write_fifo1/dcfifo_component/rd_to_wr_cross_inst/sync_r1[5](Sdram_Control_4Port/write_fifo1/dcfifo_component/rd_to_wr_cross_inst/sync_r1[5]_syn_3)
SYN-1001 : 	kept net: Sdram_Control_4Port/write_fifo1/dcfifo_component/rd_to_wr_cross_inst/sync_r1[4](Sdram_Control_4Port/write_fifo1/dcfifo_component/rd_to_wr_cross_inst/sync_r1[4]_syn_3)
SYN-1001 : 	kept net: Sdram_Control_4Port/write_fifo1/dcfifo_component/rd_to_wr_cross_inst/sync_r1[3](Sdram_Control_4Port/write_fifo1/dcfifo_component/rd_to_wr_cross_inst/sync_r1[3]_syn_3)
SYN-1001 : 	kept net: Sdram_Control_4Port/write_fifo1/dcfifo_component/rd_to_wr_cross_inst/sync_r1[2](Sdram_Control_4Port/write_fifo1/dcfifo_component/rd_to_wr_cross_inst/sync_r1[2]_syn_3)
SYN-1001 : 	kept net: Sdram_Control_4Port/write_fifo1/dcfifo_component/rd_to_wr_cross_inst/sync_r1[1](Sdram_Control_4Port/write_fifo1/dcfifo_component/rd_to_wr_cross_inst/sync_r1[1]_syn_3)
SYN-1001 : 	kept net: Sdram_Control_4Port/write_fifo1/dcfifo_component/rd_to_wr_cross_inst/sync_r1[0](Sdram_Control_4Port/write_fifo1/dcfifo_component/rd_to_wr_cross_inst/sync_r1[0]_syn_3)
SYN-1001 : 	kept net: Sdram_Control_4Port/write_fifo1/dcfifo_component/wr_to_rd_cross_inst/primary_addr_gray_reg[9](Sdram_Control_4Port/write_fifo1/dcfifo_component/wr_to_rd_cross_inst/primary_addr_gray_reg[9]_syn_5)
SYN-1001 : 	kept net: Sdram_Control_4Port/write_fifo1/dcfifo_component/wr_to_rd_cross_inst/primary_addr_gray_reg[8](Sdram_Control_4Port/write_fifo1/dcfifo_component/wr_to_rd_cross_inst/primary_addr_gray_reg[8]_syn_5)
SYN-1001 : 	kept net: Sdram_Control_4Port/write_fifo1/dcfifo_component/wr_to_rd_cross_inst/primary_addr_gray_reg[7](Sdram_Control_4Port/write_fifo1/dcfifo_component/wr_to_rd_cross_inst/primary_addr_gray_reg[7]_syn_5)
SYN-1001 : 	kept net: Sdram_Control_4Port/write_fifo1/dcfifo_component/wr_to_rd_cross_inst/primary_addr_gray_reg[6](Sdram_Control_4Port/write_fifo1/dcfifo_component/wr_to_rd_cross_inst/primary_addr_gray_reg[6]_syn_5)
SYN-1001 : 	kept net: Sdram_Control_4Port/write_fifo1/dcfifo_component/wr_to_rd_cross_inst/primary_addr_gray_reg[5](Sdram_Control_4Port/write_fifo1/dcfifo_component/wr_to_rd_cross_inst/primary_addr_gray_reg[5]_syn_5)
SYN-1001 : 	kept net: Sdram_Control_4Port/write_fifo1/dcfifo_component/wr_to_rd_cross_inst/primary_addr_gray_reg[4](Sdram_Control_4Port/write_fifo1/dcfifo_component/wr_to_rd_cross_inst/primary_addr_gray_reg[4]_syn_5)
SYN-1001 : 	kept net: Sdram_Control_4Port/write_fifo1/dcfifo_component/wr_to_rd_cross_inst/primary_addr_gray_reg[3](Sdram_Control_4Port/write_fifo1/dcfifo_component/wr_to_rd_cross_inst/primary_addr_gray_reg[3]_syn_5)
SYN-1001 : 	kept net: Sdram_Control_4Port/write_fifo1/dcfifo_component/wr_to_rd_cross_inst/primary_addr_gray_reg[2](Sdram_Control_4Port/write_fifo1/dcfifo_component/wr_to_rd_cross_inst/primary_addr_gray_reg[2]_syn_5)
SYN-1001 : 	kept net: Sdram_Control_4Port/write_fifo1/dcfifo_component/wr_to_rd_cross_inst/primary_addr_gray_reg[1](Sdram_Control_4Port/write_fifo1/dcfifo_component/wr_to_rd_cross_inst/primary_addr_gray_reg[1]_syn_5)
SYN-1001 : 	kept net: Sdram_Control_4Port/write_fifo1/dcfifo_component/wr_to_rd_cross_inst/primary_addr_gray_reg[0](Sdram_Control_4Port/write_fifo1/dcfifo_component/wr_to_rd_cross_inst/primary_addr_gray_reg[0]_syn_5)
SYN-1001 : 	kept net: Sdram_Control_4Port/write_fifo1/dcfifo_component/wr_to_rd_cross_inst/sync_r1[9](Sdram_Control_4Port/write_fifo1/dcfifo_component/wr_to_rd_cross_inst/sync_r1[9]_syn_3)
SYN-1001 : 	kept net: Sdram_Control_4Port/write_fifo1/dcfifo_component/wr_to_rd_cross_inst/sync_r1[8](Sdram_Control_4Port/write_fifo1/dcfifo_component/wr_to_rd_cross_inst/sync_r1[8]_syn_3)
SYN-1001 : 	kept net: Sdram_Control_4Port/write_fifo1/dcfifo_component/wr_to_rd_cross_inst/sync_r1[7](Sdram_Control_4Port/write_fifo1/dcfifo_component/wr_to_rd_cross_inst/sync_r1[7]_syn_3)
SYN-1001 : 	kept net: Sdram_Control_4Port/write_fifo1/dcfifo_component/wr_to_rd_cross_inst/sync_r1[6](Sdram_Control_4Port/write_fifo1/dcfifo_component/wr_to_rd_cross_inst/sync_r1[6]_syn_3)
SYN-1001 : 	kept net: Sdram_Control_4Port/write_fifo1/dcfifo_component/wr_to_rd_cross_inst/sync_r1[5](Sdram_Control_4Port/write_fifo1/dcfifo_component/wr_to_rd_cross_inst/sync_r1[5]_syn_3)
SYN-1001 : 	kept net: Sdram_Control_4Port/write_fifo1/dcfifo_component/wr_to_rd_cross_inst/sync_r1[4](Sdram_Control_4Port/write_fifo1/dcfifo_component/wr_to_rd_cross_inst/sync_r1[4]_syn_3)
SYN-1001 : 	kept net: Sdram_Control_4Port/write_fifo1/dcfifo_component/wr_to_rd_cross_inst/sync_r1[3](Sdram_Control_4Port/write_fifo1/dcfifo_component/wr_to_rd_cross_inst/sync_r1[3]_syn_3)
SYN-1001 : 	kept net: Sdram_Control_4Port/write_fifo1/dcfifo_component/wr_to_rd_cross_inst/sync_r1[2](Sdram_Control_4Port/write_fifo1/dcfifo_component/wr_to_rd_cross_inst/sync_r1[2]_syn_3)
SYN-1001 : 	kept net: Sdram_Control_4Port/write_fifo1/dcfifo_component/wr_to_rd_cross_inst/sync_r1[1](Sdram_Control_4Port/write_fifo1/dcfifo_component/wr_to_rd_cross_inst/sync_r1[1]_syn_3)
SYN-1001 : 	kept net: Sdram_Control_4Port/write_fifo1/dcfifo_component/wr_to_rd_cross_inst/sync_r1[0](Sdram_Control_4Port/write_fifo1/dcfifo_component/wr_to_rd_cross_inst/sync_r1[0]_syn_3)
RUN-1104 : Import SDC file  finished, there are 80 nets kept by constraints.
RUN-1002 : start command "place"
RUN-1001 : Open license file C:/Anlogic/TD5.6.59063/license/Anlogic.lic
RUN-1001 : Print Global Property
RUN-1001 : ---------------------------------------------------------------
RUN-1001 :        Parameters        |  Settings  |  Default Values  |  Note  
RUN-1001 : ---------------------------------------------------------------
RUN-1001 :          message         |  standard  |     standard     |        
RUN-1001 :   mixed_pack_place_flow  |     on     |        on        |        
RUN-1001 :        qor_monitor       |    off     |       off        |        
RUN-1001 :        syn_ip_flow       |    off     |       off        |        
RUN-1001 :          thread          |    auto    |       auto       |        
RUN-1001 : ---------------------------------------------------------------
RUN-1001 : Print Place Property
RUN-1001 : --------------------------------------------------------------
RUN-1001 :        Parameters       |  Settings  |  Default Values  |  Note  
RUN-1001 : --------------------------------------------------------------
RUN-1001 :      detailed_place     |     on     |        on        |        
RUN-1001 :          effort         |   medium   |      medium      |        
RUN-1001 :         fix_hold        |    off     |       off        |        
RUN-1001 :       legalization      |    ori     |       ori        |        
RUN-1001 :      new_spreading      |     on     |        on        |        
RUN-1001 :        opt_timing       |   medium   |      medium      |        
RUN-1001 :   post_clock_route_opt  |    off     |       off        |        
RUN-1001 :       pr_strategy       |     1      |        1         |        
RUN-1001 :        relaxation       |    1.00    |       1.00       |        
RUN-1001 :         retiming        |    off     |       off        |        
RUN-1001 : --------------------------------------------------------------
PHY-3001 : Placer runs in 16 thread(s).
RUN-1002 : start command "legalize_phy_inst"
SYN-1011 : Flatten model test_camera
SYN-5055 WARNING: The kept net u_pll/clk3_out will be merged to another kept net clk_cam
SYN-5055 WARNING: The kept net u_camera_reader/clk will be merged to another kept net clk_cam
SYN-5055 WARNING: The kept net u_seg_4/data[19] will be merged to another kept net figuredata[19]
SYN-5055 WARNING: The kept net u_seg_4/data[18] will be merged to another kept net figuredata[18]
SYN-5055 WARNING: The kept net u_seg_4/data[17] will be merged to another kept net figuredata[17]
SYN-5055 WARNING: The kept net u_seg_4/data[16] will be merged to another kept net figuredata[16]
SYN-5055 WARNING: The kept net u_seg_4/data[15] will be merged to another kept net figuredata[15]
SYN-5055 WARNING: The kept net u_seg_4/data[14] will be merged to another kept net figuredata[14]
SYN-5055 WARNING: The kept net u_seg_4/data[13] will be merged to another kept net figuredata[13]
SYN-5055 WARNING: The kept net u_seg_4/data[12] will be merged to another kept net figuredata[12]
SYN-5055 Similar messages will be suppressed.
RUN-1002 : start command "phys_opt -simplify_lut"
SYN-4016 : Net Sdram_Control_4Port/CTRL_CLK driven by BUFG (294 clock/control pins, 1 other pins).
SYN-4027 : Net Sdram_Control_4Port/SDRAM_CLK is clkc1 of pll u_pll/pll_inst.
SYN-4027 : Net vga_clk_dup_1 is clkc2 of pll u_pll/pll_inst.
SYN-4027 : Net clk_cam is clkc3 of pll u_pll/pll_inst.
SYN-4027 : Net u_camera_init/u_i2c_write/clk is clkc4 of pll u_pll/pll_inst.
SYN-4019 : Net clk_24m_dup_1 is refclk of pll u_pll/pll_inst.
SYN-4020 : Net clk_24m_dup_1 is fbclk of pll u_pll/pll_inst.
SYN-4024 : Net "u_image_process/u_Median_Gray_3/u_three_martix/csi_pclk" drives clk pins.
SYN-4024 : Net "u_camera_init/divider2[8]" drives clk pins.
SYN-4024 : Net "u_camera_init/divider2[7]" drives clk pins.
SYN-4024 : Net "u_image_select/mode[3]_syn_26" drives clk pins.
SYN-4024 : Net "u_image_process/wrreq" drives clk pins.
SYN-4025 : Tag rtl::Net Sdram_Control_4Port/CTRL_CLK as clock net
SYN-4025 : Tag rtl::Net Sdram_Control_4Port/SDRAM_CLK as clock net
SYN-4025 : Tag rtl::Net clk_24m_dup_1 as clock net
SYN-4025 : Tag rtl::Net clk_cam as clock net
SYN-4025 : Tag rtl::Net u_camera_init/divider2[7] as clock net
SYN-4025 : Tag rtl::Net u_camera_init/divider2[8] as clock net
SYN-4025 : Tag rtl::Net u_camera_init/u_i2c_write/clk as clock net
SYN-4025 : Tag rtl::Net u_image_process/u_Median_Gray_3/u_three_martix/csi_pclk as clock net
SYN-4025 : Tag rtl::Net u_image_process/wrreq as clock net
SYN-4025 : Tag rtl::Net u_image_select/mode[3]_syn_26 as clock net
SYN-4025 : Tag rtl::Net vga_clk_dup_1 as clock net
SYN-4026 : Tagged 11 rtl::Net as clock net
SYN-4015 : Create BUFG instance for clk Net u_camera_init/divider2[8] to drive 32 clock pins.
SYN-4015 : Create BUFG instance for clk Net u_camera_init/divider2[7] to drive 18 clock pins.
SYN-4015 : Create BUFG instance for clk Net u_image_select/mode[3]_syn_26 to drive 17 clock pins.
SYN-4015 : Create BUFG instance for clk Net u_image_process/wrreq to drive 16 clock pins.
PHY-1001 : Populate physical database on model test_camera.
RUN-1001 : There are total 5703 instances
RUN-0007 : 2311 luts, 1985 seqs, 792 mslices, 443 lslices, 144 pads, 14 brams, 5 dsps
RUN-1001 : There are total 6841 nets
RUN-6004 WARNING: There are 2 nets with only 1 pin.
RUN-1001 : 4630 nets have 2 pins
RUN-1001 : 1429 nets have [3 - 5] pins
RUN-1001 : 618 nets have [6 - 10] pins
RUN-1001 : 86 nets have [11 - 20] pins
RUN-1001 : 69 nets have [21 - 99] pins
RUN-1001 : 7 nets have 100+ pins
RUN-1001 : Report Control nets information:
RUN-1001 : DFF Distribution
RUN-1001 : ----------------------------------
RUN-1001 :   CE   |  SSR  |  ASR  |  DFF Count  
RUN-1001 : ----------------------------------
RUN-1001 :   No   |  No   |  No   |     85      
RUN-1001 :   No   |  No   |  Yes  |    1289     
RUN-1001 :   No   |  Yes  |  No   |     34      
RUN-1001 :   Yes  |  No   |  No   |     66      
RUN-1001 :   Yes  |  No   |  Yes  |     487     
RUN-1001 :   Yes  |  Yes  |  No   |     24      
RUN-1001 : ----------------------------------
RUN-0007 : Control Group Statistic
RUN-0007 : ---------------------------
RUN-0007 :   #CLK  |  #CE  |  #SSR/ASR  
RUN-0007 : ---------------------------
RUN-0007 :    58   |  34   |    100     
RUN-0007 : ---------------------------
RUN-0007 : Control Set = 193
PHY-3001 : Initial placement ...
PHY-3001 : design contains 5701 instances, 2311 luts, 1985 seqs, 1235 slices, 239 macros(1234 instances: 791 mslices 443 lslices)
PHY-3001 : Huge net cam_rst_dup_27 with 1600 pins
PHY-0007 : Cell area utilization is 24%
PHY-3001 : Start timing update ...
RUN-1002 : start command "start_timer -report"
TMR-2505 : Start building timing graph for model test_camera.
TMR-2506 : Build timing graph completely. Port num: 21, tpin num: 26839, tnet num: 6839, tinst num: 5701, tnode num: 33316, tedge num: 44456.
TMR-2508 : Levelizing timing graph completed, there are 291 levels in total.
TMR-2501 : Timing graph initialized successfully.
RUN-1003 : finish command "start_timer -report" in  1.153477s wall, 1.156250s user + 0.000000s system = 1.156250s CPU (100.2%)

RUN-1004 : used memory is 261 MB, reserved memory is 240 MB, peak memory is 261 MB
TMR-2503 : Start to update net delay, extr mode = 2.
TMR-2504 : Update delay of 6839 nets completely.
TMR-2502 : Annotate delay completely, extr mode = 2.
TMR-3001 : Initiate 0 clocks from SDC.
TMR-3004 : Map sdc constraints, there are 2 constraints in total.
TMR-3003 : Constraints initiated successfully.
TMR-3501 : Forward propagation: start to calculate arrival time...
TMR-3502 : Backward propagation: start to calculate required time...
TMR-3503 : Timing propagation completes.
PHY-3001 : End timing update;  1.321254s wall, 1.328125s user + 0.000000s system = 1.328125s CPU (100.5%)

PHY-3001 : Global placement ...
PHY-3001 : Initial: Len = 1.63537e+06
PHY-3001 : Clustering ...
PHY-3001 : Level 0 #clusters 5701.
PHY-3001 : End clustering;  0.000012s wall, 0.000000s user + 0.000000s system = 0.000000s CPU (n/a%)

PHY-3001 : Run with size of 4
PHY-3001 : Cell area utilization is 24%
PHY-3001 : :::0::: Try harder cell spreading with beta_ = 0
PHY-3002 : Step(1): len = 1.07996e+06, overlap = 47.5
PHY-3002 : Step(2): len = 942082, overlap = 44.25
PHY-3002 : Step(3): len = 550114, overlap = 64.8438
PHY-3002 : Step(4): len = 509186, overlap = 71.3438
PHY-3002 : Step(5): len = 397466, overlap = 83.5938
PHY-3002 : Step(6): len = 363708, overlap = 106.312
PHY-3002 : Step(7): len = 321066, overlap = 125.781
PHY-3002 : Step(8): len = 297103, overlap = 168.219
PHY-3002 : Step(9): len = 251491, overlap = 176.156
PHY-3002 : Step(10): len = 227226, overlap = 184.938
PHY-3002 : Step(11): len = 218121, overlap = 197.156
PHY-3002 : Step(12): len = 202627, overlap = 206.75
PHY-3002 : Step(13): len = 193243, overlap = 215.938
PHY-3002 : Step(14): len = 176007, overlap = 229.938
PHY-3002 : Step(15): len = 166161, overlap = 228.75
PHY-3002 : Step(16): len = 162633, overlap = 244.031
PHY-3002 : Step(17): len = 152854, overlap = 273.094
PHY-3001 : :::1::: Try harder cell spreading with beta_ = 1.56627e-05
PHY-3002 : Step(18): len = 167917, overlap = 162.562
PHY-3002 : Step(19): len = 172058, overlap = 154.75
PHY-3002 : Step(20): len = 162276, overlap = 147.656
PHY-3002 : Step(21): len = 162964, overlap = 140.375
PHY-3002 : Step(22): len = 162770, overlap = 137.188
PHY-3002 : Step(23): len = 160828, overlap = 121.844
PHY-3002 : Step(24): len = 160169, overlap = 102
PHY-3002 : Step(25): len = 158138, overlap = 107.438
PHY-3002 : Step(26): len = 150585, overlap = 96.6875
PHY-3002 : Step(27): len = 146439, overlap = 100.062
PHY-3002 : Step(28): len = 145272, overlap = 108.906
PHY-3002 : Step(29): len = 141743, overlap = 103.344
PHY-3002 : Step(30): len = 140861, overlap = 108.875
PHY-3002 : Step(31): len = 138409, overlap = 110.25
PHY-3002 : Step(32): len = 134345, overlap = 108.25
PHY-3002 : Step(33): len = 132788, overlap = 115.125
PHY-3002 : Step(34): len = 131105, overlap = 116.469
PHY-3002 : Step(35): len = 128872, overlap = 119.281
PHY-3002 : Step(36): len = 127357, overlap = 112.875
PHY-3002 : Step(37): len = 124698, overlap = 117.406
PHY-3002 : Step(38): len = 124136, overlap = 126.25
PHY-3002 : Step(39): len = 121377, overlap = 126.375
PHY-3002 : Step(40): len = 120740, overlap = 124.312
PHY-3002 : Step(41): len = 120092, overlap = 130.188
PHY-3001 : :::2::: Try harder cell spreading with beta_ = 3.13253e-05
PHY-3002 : Step(42): len = 119246, overlap = 123.031
PHY-3002 : Step(43): len = 119223, overlap = 122.844
PHY-3002 : Step(44): len = 119406, overlap = 122.969
PHY-3001 : :::3::: Try harder cell spreading with beta_ = 6.26507e-05
PHY-3002 : Step(45): len = 120431, overlap = 122.469
PHY-3002 : Step(46): len = 120624, overlap = 122.375
PHY-3002 : Step(47): len = 120773, overlap = 122.188
PHY-3001 : :::4::: Try harder cell spreading with beta_ = 0.000125301
PHY-3002 : Step(48): len = 121569, overlap = 117.469
PHY-3002 : Step(49): len = 121711, overlap = 113.062
PHY-3002 : Step(50): len = 124010, overlap = 107.062
PHY-3002 : Step(51): len = 124817, overlap = 109.656
PHY-3002 : Step(52): len = 124482, overlap = 105.406
PHY-3002 : Step(53): len = 124386, overlap = 105.062
PHY-3002 : Step(54): len = 124413, overlap = 111.344
PHY-3002 : Step(55): len = 124045, overlap = 110.031
PHY-3002 : Step(56): len = 123798, overlap = 109.594
PHY-3001 : :::5::: Try harder cell spreading with beta_ = 0.000250603
PHY-3002 : Step(57): len = 124486, overlap = 110.625
PHY-3002 : Step(58): len = 124676, overlap = 110.812
PHY-3002 : Step(59): len = 124675, overlap = 110.812
PHY-3001 : :::6::: Try harder cell spreading with beta_ = 0.000501205
PHY-3002 : Step(60): len = 124872, overlap = 110.406
PHY-3002 : Step(61): len = 124875, overlap = 105.562
PHY-3001 : Legalization ...
PHY-3001 : End legalization;  0.022418s wall, 0.015625s user + 0.031250s system = 0.046875s CPU (209.1%)

PHY-3001 : Run with size of 4
PHY-3001 : Cell area utilization is 30%
PHY-3001 : Update timing in Manhattan mode ...
TMR-2503 : Start to update net delay, extr mode = 3.
TMR-2504 : Update delay of 6839 nets completely.
TMR-2502 : Annotate delay completely, extr mode = 3.
TMR-3501 : Forward propagation: start to calculate arrival time...
TMR-3502 : Backward propagation: start to calculate required time...
TMR-3503 : Timing propagation completes.
PHY-3001 : End timing update;  0.137723s wall, 0.140625s user + 0.000000s system = 0.140625s CPU (102.1%)

PHY-3001 : :::0::: Try harder cell spreading with beta_ = 3.87212e-06
PHY-3002 : Step(62): len = 133131, overlap = 182.625
PHY-3002 : Step(63): len = 133447, overlap = 187.656
PHY-3002 : Step(64): len = 127041, overlap = 202
PHY-3002 : Step(65): len = 127350, overlap = 203.969
PHY-3002 : Step(66): len = 124076, overlap = 206.562
PHY-3002 : Step(67): len = 123921, overlap = 207.438
PHY-3002 : Step(68): len = 122819, overlap = 214.781
PHY-3002 : Step(69): len = 120552, overlap = 217.562
PHY-3002 : Step(70): len = 120340, overlap = 217.375
PHY-3002 : Step(71): len = 120175, overlap = 217.5
PHY-3001 : :::1::: Try harder cell spreading with beta_ = 7.74425e-06
PHY-3002 : Step(72): len = 120114, overlap = 212.75
PHY-3002 : Step(73): len = 120114, overlap = 212.75
PHY-3001 : :::2::: Try harder cell spreading with beta_ = 1.54885e-05
PHY-3002 : Step(74): len = 124437, overlap = 188.625
PHY-3002 : Step(75): len = 124437, overlap = 188.625
PHY-3002 : Step(76): len = 123815, overlap = 182.062
PHY-3002 : Step(77): len = 123850, overlap = 179.812
PHY-3002 : Step(78): len = 123844, overlap = 179.062
PHY-3001 : :::3::: Try harder cell spreading with beta_ = 3.0977e-05
PHY-3002 : Step(79): len = 129309, overlap = 159.5
PHY-3002 : Step(80): len = 129604, overlap = 158.625
PHY-3002 : Step(81): len = 130691, overlap = 163.531
PHY-3002 : Step(82): len = 131109, overlap = 161.781
PHY-3002 : Step(83): len = 131365, overlap = 160
PHY-3001 : :::4::: Try harder cell spreading with beta_ = 6.1954e-05
PHY-3002 : Step(84): len = 133601, overlap = 155.906
PHY-3002 : Step(85): len = 133760, overlap = 156.094
PHY-3002 : Step(86): len = 137020, overlap = 138.156
PHY-3002 : Step(87): len = 137461, overlap = 138.438
PHY-3002 : Step(88): len = 136793, overlap = 135.094
PHY-3002 : Step(89): len = 136828, overlap = 134.375
PHY-3002 : Step(90): len = 135957, overlap = 132.688
PHY-3002 : Step(91): len = 133762, overlap = 132.812
PHY-3002 : Step(92): len = 133592, overlap = 131.969
PHY-3002 : Step(93): len = 131979, overlap = 128.438
PHY-3001 : :::5::: Try harder cell spreading with beta_ = 0.000123908
PHY-3002 : Step(94): len = 131550, overlap = 126
PHY-3002 : Step(95): len = 131550, overlap = 126
PHY-3002 : Step(96): len = 131816, overlap = 117.5
PHY-3001 : :::6::: Try harder cell spreading with beta_ = 0.000247816
PHY-3002 : Step(97): len = 133221, overlap = 113.594
PHY-3002 : Step(98): len = 133922, overlap = 107
PHY-3002 : Step(99): len = 134539, overlap = 108.906
PHY-3001 : :::7::: Try harder cell spreading with beta_ = 0.000495632
PHY-3002 : Step(100): len = 135229, overlap = 112.219
PHY-3002 : Step(101): len = 136031, overlap = 114.375
PHY-3002 : Step(102): len = 136408, overlap = 115.719
PHY-3001 : :::8::: Try harder cell spreading with beta_ = 0.000991264
PHY-3002 : Step(103): len = 136855, overlap = 117.719
PHY-3002 : Step(104): len = 136483, overlap = 122.656
PHY-3002 : Step(105): len = 136405, overlap = 122.312
PHY-3001 : :::9::: Try harder cell spreading with beta_ = 0.00198253
PHY-3002 : Step(106): len = 136510, overlap = 122.688
PHY-3002 : Step(107): len = 136526, overlap = 123.094
PHY-3001 : :::10::: Try harder cell spreading with beta_ = 0.00396505
PHY-3002 : Step(108): len = 136635, overlap = 122.688
PHY-3002 : Step(109): len = 136717, overlap = 122.156
PHY-3001 : Run with size of 2
PHY-3001 : Cell area utilization is 30%
PHY-3001 : Update timing in Manhattan mode ...
TMR-2503 : Start to update net delay, extr mode = 3.
TMR-2504 : Update delay of 6839 nets completely.
TMR-2502 : Annotate delay completely, extr mode = 3.
TMR-3501 : Forward propagation: start to calculate arrival time...
TMR-3502 : Backward propagation: start to calculate required time...
TMR-3503 : Timing propagation completes.
PHY-3001 : End timing update;  0.131560s wall, 0.140625s user + 0.000000s system = 0.140625s CPU (106.9%)

PHY-3001 : :::0::: Try harder cell spreading with beta_ = 1.94906e-05
PHY-3002 : Step(110): len = 138658, overlap = 330.812
PHY-3002 : Step(111): len = 140081, overlap = 324.781
PHY-3002 : Step(112): len = 141674, overlap = 296.312
PHY-3002 : Step(113): len = 142975, overlap = 285.031
PHY-3002 : Step(114): len = 139991, overlap = 269.531
PHY-3002 : Step(115): len = 139991, overlap = 269.531
PHY-3002 : Step(116): len = 138484, overlap = 273.75
PHY-3002 : Step(117): len = 138372, overlap = 273.312
PHY-3002 : Step(118): len = 137932, overlap = 272.906
PHY-3001 : :::1::: Try harder cell spreading with beta_ = 3.89811e-05
PHY-3002 : Step(119): len = 139878, overlap = 256.219
PHY-3002 : Step(120): len = 139878, overlap = 256.219
PHY-3002 : Step(121): len = 140512, overlap = 243.969
PHY-3002 : Step(122): len = 140634, overlap = 243.031
PHY-3002 : Step(123): len = 143286, overlap = 222.25
PHY-3002 : Step(124): len = 144301, overlap = 220.312
PHY-3002 : Step(125): len = 143122, overlap = 216.156
PHY-3002 : Step(126): len = 143058, overlap = 215.812
PHY-3002 : Step(127): len = 142963, overlap = 215.844
PHY-3001 : :::2::: Try harder cell spreading with beta_ = 7.79623e-05
PHY-3002 : Step(128): len = 146030, overlap = 204.75
PHY-3002 : Step(129): len = 146334, overlap = 203.75
PHY-3002 : Step(130): len = 149329, overlap = 187.406
PHY-3002 : Step(131): len = 148573, overlap = 174.969
PHY-3002 : Step(132): len = 148573, overlap = 174.969
PHY-3002 : Step(133): len = 147255, overlap = 177.906
PHY-3001 : :::3::: Try harder cell spreading with beta_ = 0.000155925
PHY-3002 : Step(134): len = 150323, overlap = 172.781
PHY-3002 : Step(135): len = 151010, overlap = 171.406
PHY-3002 : Step(136): len = 153146, overlap = 158.375
PHY-3001 : :::4::: Try harder cell spreading with beta_ = 0.000311849
PHY-3002 : Step(137): len = 153015, overlap = 157.156
PHY-3002 : Step(138): len = 153089, overlap = 155.938
PHY-3002 : Step(139): len = 154131, overlap = 151.844
PHY-3001 : :::5::: Try harder cell spreading with beta_ = 0.000623698
PHY-3002 : Step(140): len = 155384, overlap = 146.344
PHY-3002 : Step(141): len = 155971, overlap = 143.062
PHY-3002 : Step(142): len = 158137, overlap = 138.344
PHY-3002 : Step(143): len = 159301, overlap = 132.531
PHY-3002 : Step(144): len = 159784, overlap = 127.219
PHY-3002 : Step(145): len = 159515, overlap = 127.219
PHY-3001 : :::6::: Try harder cell spreading with beta_ = 0.0012474
PHY-3002 : Step(146): len = 159945, overlap = 125.062
PHY-3002 : Step(147): len = 160171, overlap = 122.094
OPT-1001 : Start physical optimization ...
RUN-1002 : start command "start_timer -report"
TMR-2505 : Start building timing graph for model test_camera.
TMR-2506 : Build timing graph completely. Port num: 21, tpin num: 26839, tnet num: 6839, tinst num: 5701, tnode num: 33316, tedge num: 44456.
TMR-2508 : Levelizing timing graph completed, there are 291 levels in total.
TMR-2501 : Timing graph initialized successfully.
RUN-1003 : finish command "start_timer -report" in  1.213215s wall, 1.203125s user + 0.000000s system = 1.203125s CPU (99.2%)

RUN-1004 : used memory is 257 MB, reserved memory is 237 MB, peak memory is 270 MB
OPT-1001 : Total overflow 336.88 peak overflow 3.28
OPT-1001 : Start high-fanout net optimization ...
OPT-1001 : Update timing in global mode
PHY-1001 : Start incremental global routing, caller is place ...
RUN-1001 : Generating global routing grids ...
RUN-1001 : Building simple global routing graph ...
PHY-1001 : Generate routing nets ...
PHY-1001 : Reuse net number 0/6841.
PHY-1001 : Global iterations in 16 thread ...
PHY-1002 : len = 188152, over cnt = 829(2%), over = 3256, worst = 18
PHY-1001 : End global iterations;  0.441332s wall, 0.531250s user + 0.031250s system = 0.562500s CPU (127.5%)

PHY-1001 : Congestion index: top1 = 49.83, top5 = 37.36, top10 = 30.77, top15 = 26.54.
PHY-1001 : End incremental global routing;  0.544905s wall, 0.640625s user + 0.031250s system = 0.671875s CPU (123.3%)

TMR-2503 : Start to update net delay, extr mode = 5.
TMR-2504 : Update delay of 6839 nets completely.
TMR-2502 : Annotate delay completely, extr mode = 5.
TMR-3001 : Initiate 0 clocks from SDC.
TMR-3004 : Map sdc constraints, there are 2 constraints in total.
TMR-3003 : Constraints initiated successfully.
TMR-3501 : Forward propagation: start to calculate arrival time...
TMR-3502 : Backward propagation: start to calculate required time...
TMR-3503 : Timing propagation completes.
OPT-1001 : End timing update;  0.170355s wall, 0.156250s user + 0.000000s system = 0.156250s CPU (91.7%)

OPT-1001 : 0 high-fanout net processed.
OPT-1001 : End high-fanout net optimization;  0.825069s wall, 0.921875s user + 0.031250s system = 0.953125s CPU (115.5%)

OPT-1001 : Current memory(MB): used = 295, reserve = 275, peak = 295.
OPT-1001 : Start global optimization ...
OPT-1001 : Start congestion update ...
RUN-1001 : Generating global routing grids ...
PHY-1001 : Generate routing nets ...
PHY-1001 : Reuse net number 4937/6841.
PHY-1001 : Global iterations in 16 thread ...
PHY-1002 : len = 188152, over cnt = 829(2%), over = 3256, worst = 18
PHY-1002 : len = 208680, over cnt = 507(1%), over = 1204, worst = 18
PHY-1002 : len = 216240, over cnt = 199(0%), over = 481, worst = 18
PHY-1002 : len = 222096, over cnt = 32(0%), over = 56, worst = 5
PHY-1002 : len = 223312, over cnt = 0(0%), over = 0, worst = 0
PHY-1001 : End global iterations;  0.466429s wall, 0.593750s user + 0.031250s system = 0.625000s CPU (134.0%)

PHY-1001 : Congestion index: top1 = 40.82, top5 = 33.10, top10 = 29.04, top15 = 26.16.
OPT-1001 : End congestion update;  0.559023s wall, 0.671875s user + 0.031250s system = 0.703125s CPU (125.8%)

OPT-1001 : Update timing in Manhattan mode
TMR-2503 : Start to update net delay, extr mode = 3.
TMR-2504 : Update delay of 6839 nets completely.
TMR-2502 : Annotate delay completely, extr mode = 3.
TMR-3501 : Forward propagation: start to calculate arrival time...
TMR-3502 : Backward propagation: start to calculate required time...
TMR-3503 : Timing propagation completes.
OPT-1001 : End timing update;  0.121767s wall, 0.125000s user + 0.000000s system = 0.125000s CPU (102.7%)

OPT-0007 : Start: WNS 4470 TNS 0 NUM_FEPS 0
OPT-1001 : End global optimization;  0.680937s wall, 0.796875s user + 0.031250s system = 0.828125s CPU (121.6%)

OPT-1001 : Current memory(MB): used = 300, reserve = 280, peak = 300.
OPT-1001 : End physical optimization;  2.770939s wall, 3.125000s user + 0.078125s system = 3.203125s CPU (115.6%)

PHY-3001 : Start packing ...
SYN-4007 : Packing 0 MUX to BLE ...
SYN-4008 : Packed 0 MUX and 0 SEQ to BLE.
SYN-4007 : Packing 2311 LUT to BLE ...
SYN-4008 : Packed 2311 LUT and 1022 SEQ to BLE.
SYN-4003 : Packing 963 remaining SEQ's ...
SYN-4005 : Packed 598 SEQ with LUT/SLICE
SYN-4006 : 875 single LUT's are left
SYN-4006 : 365 single SEQ's are left
SYN-4011 : Packing model "test_camera" (AL_USER_NORMAL) with 2676/5101 primitive instances ...
PHY-3001 : End packing;  0.263017s wall, 0.265625s user + 0.000000s system = 0.265625s CPU (101.0%)

PHY-1001 : Populate physical database on model test_camera.
RUN-1001 : There are total 2895 instances
RUN-1001 : 1362 mslices, 1361 lslices, 144 pads, 14 brams, 5 dsps
RUN-1001 : There are total 5883 nets
RUN-6004 WARNING: There are 2 nets with only 1 pin.
RUN-1001 : 3654 nets have 2 pins
RUN-1001 : 1439 nets have [3 - 5] pins
RUN-1001 : 630 nets have [6 - 10] pins
RUN-1001 : 84 nets have [11 - 20] pins
RUN-1001 : 68 nets have [21 - 99] pins
RUN-1001 : 6 nets have 100+ pins
PHY-3001 : design contains 2893 instances, 2723 slices, 239 macros(1234 instances: 791 mslices 443 lslices)
PHY-3001 : Cell area utilization is 33%
PHY-3001 : After packing: Len = 162577, Over = 171.75
PHY-3001 : Run with size of 2
PHY-3001 : Cell area utilization is 33%
PHY-3001 : Update timing in Manhattan mode ...
RUN-1002 : start command "start_timer -report"
TMR-2505 : Start building timing graph for model test_camera.
TMR-2506 : Build timing graph completely. Port num: 21, tpin num: 23367, tnet num: 5881, tinst num: 2893, tnode num: 28044, tedge num: 40370.
TMR-2508 : Levelizing timing graph completed, there are 289 levels in total.
TMR-2501 : Timing graph initialized successfully.
RUN-1003 : finish command "start_timer -report" in  1.218819s wall, 1.218750s user + 0.000000s system = 1.218750s CPU (100.0%)

RUN-1004 : used memory is 304 MB, reserved memory is 286 MB, peak memory is 304 MB
TMR-2503 : Start to update net delay, extr mode = 3.
TMR-2504 : Update delay of 5881 nets completely.
TMR-2502 : Annotate delay completely, extr mode = 3.
TMR-3001 : Initiate 0 clocks from SDC.
TMR-3004 : Map sdc constraints, there are 2 constraints in total.
TMR-3003 : Constraints initiated successfully.
TMR-3501 : Forward propagation: start to calculate arrival time...
TMR-3502 : Backward propagation: start to calculate required time...
TMR-3503 : Timing propagation completes.
PHY-3001 : End timing update;  1.340513s wall, 1.343750s user + 0.000000s system = 1.343750s CPU (100.2%)

PHY-3001 : :::0::: Try harder cell spreading with beta_ = 2.47472e-05
PHY-3002 : Step(148): len = 157967, overlap = 171.5
PHY-3002 : Step(149): len = 156840, overlap = 172.75
PHY-3002 : Step(150): len = 151735, overlap = 177.25
PHY-3002 : Step(151): len = 149719, overlap = 179.75
PHY-3002 : Step(152): len = 149071, overlap = 182.5
PHY-3002 : Step(153): len = 147352, overlap = 185.75
PHY-3002 : Step(154): len = 146138, overlap = 187
PHY-3002 : Step(155): len = 145995, overlap = 188.25
PHY-3002 : Step(156): len = 145106, overlap = 190.5
PHY-3002 : Step(157): len = 145106, overlap = 190.5
PHY-3002 : Step(158): len = 144752, overlap = 188
PHY-3001 : :::1::: Try harder cell spreading with beta_ = 4.94944e-05
PHY-3002 : Step(159): len = 150348, overlap = 173.5
PHY-3002 : Step(160): len = 151381, overlap = 171.75
PHY-3002 : Step(161): len = 152964, overlap = 161.75
PHY-3002 : Step(162): len = 153586, overlap = 158
PHY-3002 : Step(163): len = 153867, overlap = 157.25
PHY-3001 : :::2::: Try harder cell spreading with beta_ = 9.89887e-05
PHY-3002 : Step(164): len = 157193, overlap = 141.5
PHY-3002 : Step(165): len = 157680, overlap = 138.75
PHY-3002 : Step(166): len = 160432, overlap = 134.75
PHY-3002 : Step(167): len = 160814, overlap = 132.5
PHY-3002 : Step(168): len = 163506, overlap = 129.25
PHY-3002 : Step(169): len = 163229, overlap = 124
PHY-3002 : Step(170): len = 163181, overlap = 119.25
PHY-3001 : Legalization ...
PHY-3001 : End legalization;  0.353295s wall, 0.203125s user + 0.734375s system = 0.937500s CPU (265.4%)

PHY-3001 : Trial Legalized: Len = 205300
PHY-3001 : Run with size of 2
PHY-3001 : Cell area utilization is 32%
PHY-3001 : Update timing in Manhattan mode ...
TMR-2503 : Start to update net delay, extr mode = 3.
TMR-2504 : Update delay of 5881 nets completely.
TMR-2502 : Annotate delay completely, extr mode = 3.
TMR-3501 : Forward propagation: start to calculate arrival time...
TMR-3502 : Backward propagation: start to calculate required time...
TMR-3503 : Timing propagation completes.
PHY-3001 : End timing update;  0.122778s wall, 0.125000s user + 0.000000s system = 0.125000s CPU (101.8%)

PHY-3001 : :::0::: Try harder cell spreading with beta_ = 0.00018986
PHY-3002 : Step(171): len = 191723, overlap = 11.5
PHY-3002 : Step(172): len = 182177, overlap = 34.25
PHY-3002 : Step(173): len = 178465, overlap = 37.75
PHY-3002 : Step(174): len = 177197, overlap = 40
PHY-3002 : Step(175): len = 175226, overlap = 45
PHY-3002 : Step(176): len = 174351, overlap = 48.75
PHY-3002 : Step(177): len = 174060, overlap = 48.5
PHY-3001 : Legalization ...
PHY-3001 : End legalization;  0.008669s wall, 0.000000s user + 0.000000s system = 0.000000s CPU (n/a%)

PHY-3001 : Legalized: Len = 186813, Over = 0
PHY-3001 : Spreading special nets. 34 overflows in 2952 tiles.
PHY-3001 : End spreading;  0.020740s wall, 0.031250s user + 0.000000s system = 0.031250s CPU (150.7%)

PHY-3001 : 48 instances has been re-located, deltaX = 10, deltaY = 36, maxDist = 2.
PHY-3001 : Final: Len = 187758, Over = 0
OPT-1001 : Start physical optimization ...
RUN-1002 : start command "start_timer -report"
TMR-2505 : Start building timing graph for model test_camera.
TMR-2506 : Build timing graph completely. Port num: 21, tpin num: 23367, tnet num: 5881, tinst num: 2893, tnode num: 28044, tedge num: 40370.
TMR-2508 : Levelizing timing graph completed, there are 289 levels in total.
TMR-2501 : Timing graph initialized successfully.
RUN-1003 : finish command "start_timer -report" in  1.260538s wall, 1.265625s user + 0.000000s system = 1.265625s CPU (100.4%)

RUN-1004 : used memory is 301 MB, reserved memory is 284 MB, peak memory is 309 MB
OPT-1001 : Total overflow 0.00 peak overflow 0.00
OPT-1001 : Start high-fanout net optimization ...
OPT-1001 : Update timing in global mode
PHY-1001 : Start incremental global routing, caller is place ...
RUN-1001 : Generating global routing grids ...
PHY-1001 : Generate routing nets ...
PHY-1001 : Reuse net number 234/5883.
PHY-1001 : Global iterations in 16 thread ...
PHY-1002 : len = 232600, over cnt = 645(1%), over = 1080, worst = 7
PHY-1002 : len = 237016, over cnt = 355(1%), over = 502, worst = 7
PHY-1002 : len = 239560, over cnt = 193(0%), over = 284, worst = 4
PHY-1002 : len = 242504, over cnt = 38(0%), over = 54, worst = 4
PHY-1002 : len = 243296, over cnt = 2(0%), over = 2, worst = 1
PHY-1001 : End global iterations;  0.713465s wall, 1.078125s user + 0.125000s system = 1.203125s CPU (168.6%)

PHY-1001 : Congestion index: top1 = 34.87, top5 = 30.02, top10 = 27.31, top15 = 25.22.
PHY-1001 : End incremental global routing;  0.844321s wall, 1.203125s user + 0.125000s system = 1.328125s CPU (157.3%)

TMR-2503 : Start to update net delay, extr mode = 5.
TMR-2504 : Update delay of 5881 nets completely.
TMR-2502 : Annotate delay completely, extr mode = 5.
TMR-3001 : Initiate 0 clocks from SDC.
TMR-3004 : Map sdc constraints, there are 2 constraints in total.
TMR-3003 : Constraints initiated successfully.
TMR-3501 : Forward propagation: start to calculate arrival time...
TMR-3502 : Backward propagation: start to calculate required time...
TMR-3503 : Timing propagation completes.
OPT-1001 : End timing update;  0.148361s wall, 0.156250s user + 0.000000s system = 0.156250s CPU (105.3%)

OPT-1001 : 0 high-fanout net processed.
OPT-1001 : End high-fanout net optimization;  1.103428s wall, 1.468750s user + 0.125000s system = 1.593750s CPU (144.4%)

OPT-1001 : Current memory(MB): used = 311, reserve = 293, peak = 311.
OPT-1001 : Start path based optimization ...
OPT-1001 : Start congestion update ...
RUN-1001 : Generating global routing grids ...
PHY-1001 : Generate routing nets ...
PHY-1001 : Reuse net number 5004/5883.
PHY-1001 : Global iterations in 16 thread ...
PHY-1002 : len = 243296, over cnt = 2(0%), over = 2, worst = 1
PHY-1002 : len = 243296, over cnt = 2(0%), over = 2, worst = 1
PHY-1002 : len = 243296, over cnt = 2(0%), over = 2, worst = 1
PHY-1002 : len = 243296, over cnt = 2(0%), over = 2, worst = 1
PHY-1001 : End global iterations;  0.129671s wall, 0.125000s user + 0.000000s system = 0.125000s CPU (96.4%)

PHY-1001 : Congestion index: top1 = 34.87, top5 = 30.02, top10 = 27.31, top15 = 25.22.
OPT-1001 : End congestion update;  0.231344s wall, 0.234375s user + 0.000000s system = 0.234375s CPU (101.3%)

OPT-1001 : Update timing in Manhattan mode
TMR-2503 : Start to update net delay, extr mode = 3.
TMR-2504 : Update delay of 5881 nets completely.
TMR-2502 : Annotate delay completely, extr mode = 3.
TMR-3501 : Forward propagation: start to calculate arrival time...
TMR-3502 : Backward propagation: start to calculate required time...
TMR-3503 : Timing propagation completes.
OPT-1001 : End timing update;  0.112051s wall, 0.109375s user + 0.000000s system = 0.109375s CPU (97.6%)

OPT-0007 : Start: WNS 4345 TNS 0 NUM_FEPS 0
OPT-1001 : End path based optimization;  0.343514s wall, 0.343750s user + 0.000000s system = 0.343750s CPU (100.1%)

OPT-1001 : Current memory(MB): used = 313, reserve = 295, peak = 313.
OPT-1001 : Update timing in Manhattan mode
TMR-2503 : Start to update net delay, extr mode = 3.
TMR-2504 : Update delay of 5881 nets completely.
TMR-2502 : Annotate delay completely, extr mode = 3.
TMR-3501 : Forward propagation: start to calculate arrival time...
TMR-3502 : Backward propagation: start to calculate required time...
TMR-3503 : Timing propagation completes.
OPT-1001 : End timing update;  0.109639s wall, 0.109375s user + 0.000000s system = 0.109375s CPU (99.8%)

OPT-1001 : Start pin optimization...
OPT-1001 : skip pin optimization...
OPT-1001 : Update timing in global mode
PHY-1001 : Start incremental global routing, caller is place ...
RUN-1001 : Generating global routing grids ...
PHY-1001 : Generate routing nets ...
PHY-1001 : Reuse net number 5004/5883.
PHY-1001 : Global iterations in 16 thread ...
PHY-1002 : len = 243296, over cnt = 2(0%), over = 2, worst = 1
PHY-1002 : len = 243296, over cnt = 2(0%), over = 2, worst = 1
PHY-1002 : len = 243296, over cnt = 2(0%), over = 2, worst = 1
PHY-1002 : len = 243296, over cnt = 2(0%), over = 2, worst = 1
PHY-1001 : End global iterations;  0.132088s wall, 0.109375s user + 0.000000s system = 0.109375s CPU (82.8%)

PHY-1001 : Congestion index: top1 = 34.87, top5 = 30.02, top10 = 27.31, top15 = 25.22.
PHY-1001 : End incremental global routing;  0.234437s wall, 0.218750s user + 0.000000s system = 0.218750s CPU (93.3%)

TMR-2503 : Start to update net delay, extr mode = 5.
TMR-2504 : Update delay of 5881 nets completely.
TMR-2502 : Annotate delay completely, extr mode = 5.
TMR-3501 : Forward propagation: start to calculate arrival time...
TMR-3502 : Backward propagation: start to calculate required time...
TMR-3503 : Timing propagation completes.
OPT-1001 : End timing update;  0.141142s wall, 0.109375s user + 0.031250s system = 0.140625s CPU (99.6%)

RUN-1001 : Generating global routing grids ...
PHY-1001 : Generate routing nets ...
PHY-1001 : Reuse net number 5004/5883.
PHY-1001 : Global iterations in 16 thread ...
PHY-1002 : len = 243296, over cnt = 2(0%), over = 2, worst = 1
PHY-1002 : len = 243296, over cnt = 2(0%), over = 2, worst = 1
PHY-1002 : len = 243296, over cnt = 2(0%), over = 2, worst = 1
PHY-1002 : len = 243296, over cnt = 2(0%), over = 2, worst = 1
PHY-1001 : End global iterations;  0.132471s wall, 0.125000s user + 0.000000s system = 0.125000s CPU (94.4%)

PHY-1001 : Congestion index: top1 = 34.87, top5 = 30.02, top10 = 27.31, top15 = 25.22.
OPT-1001 : Update timing in Manhattan mode
TMR-2503 : Start to update net delay, extr mode = 3.
TMR-2504 : Update delay of 5881 nets completely.
TMR-2502 : Annotate delay completely, extr mode = 3.
TMR-3501 : Forward propagation: start to calculate arrival time...
TMR-3502 : Backward propagation: start to calculate required time...
TMR-3503 : Timing propagation completes.
OPT-1001 : End timing update;  0.108649s wall, 0.109375s user + 0.000000s system = 0.109375s CPU (100.7%)

RUN-1001 : QoR Analysis:
OPT-0007 :   WNS 4345 TNS 0 NUM_FEPS 0
RUN-1001 :   No local congestion issue, and most congested 1% tile average routing util is 34.482759
RUN-1001 :   Top critical paths
OPT-1001 : End physical optimization;  3.582195s wall, 3.906250s user + 0.156250s system = 4.062500s CPU (113.4%)

RUN-1003 : finish command "place" in  17.487883s wall, 31.328125s user + 8.078125s system = 39.406250s CPU (225.3%)

RUN-1004 : used memory is 290 MB, reserved memory is 272 MB, peak memory is 315 MB
RUN-1002 : start command "export_db ov2640_sdram_place.db"
RUN-1001 : Exported /
RUN-1001 : Exported flow parameters
RUN-1001 : Exported libs
RUN-1001 : Exported entities
RUN-1001 : Exported ports
RUN-1001 : Exported pins
RUN-1001 : Exported instances
RUN-1001 : Exported nets
RUN-1001 : Exported buses
RUN-1001 : Exported models
RUN-1001 : Exported congestions
RUN-1001 : Exported violations
RUN-1001 : Exported timing constraints
RUN-1001 : Exported IO constraints
RUN-1001 : Exported Inst constraints
RUN-1002 : start command "route"
RUN-1001 : Open license file C:/Anlogic/TD5.6.59063/license/Anlogic.lic
RUN-1001 : Print Global Property
RUN-1001 : ---------------------------------------------------------------
RUN-1001 :        Parameters        |  Settings  |  Default Values  |  Note  
RUN-1001 : ---------------------------------------------------------------
RUN-1001 :          message         |  standard  |     standard     |        
RUN-1001 :   mixed_pack_place_flow  |     on     |        on        |        
RUN-1001 :        qor_monitor       |    off     |       off        |        
RUN-1001 :        syn_ip_flow       |    off     |       off        |        
RUN-1001 :          thread          |    auto    |       auto       |        
RUN-1001 : ---------------------------------------------------------------
RUN-1001 : Print Route Property
RUN-1001 : -------------------------------------------------------
RUN-1001 :    Parameters    |  Settings  |  Default Values  |  Note  
RUN-1001 : -------------------------------------------------------
RUN-1001 :      effort      |   medium   |      medium      |        
RUN-1001 :     fix_hold     |    off     |       off        |        
RUN-1001 :    opt_timing    |   medium   |      medium      |        
RUN-1001 :   phy_sim_model  |    off     |       off        |        
RUN-1001 :     priority     |   timing   |      timing      |        
RUN-1001 :     swap_pin     |     on     |        on        |        
RUN-1001 : -------------------------------------------------------
PHY-1001 : Route runs in 16 thread(s)
RUN-1001 : There are total 2895 instances
RUN-1001 : 1362 mslices, 1361 lslices, 144 pads, 14 brams, 5 dsps
RUN-1001 : There are total 5883 nets
RUN-6004 WARNING: There are 2 nets with only 1 pin.
RUN-1001 : 3654 nets have 2 pins
RUN-1001 : 1439 nets have [3 - 5] pins
RUN-1001 : 630 nets have [6 - 10] pins
RUN-1001 : 84 nets have [11 - 20] pins
RUN-1001 : 68 nets have [21 - 99] pins
RUN-1001 : 6 nets have 100+ pins
RUN-1002 : start command "start_timer -report"
TMR-2505 : Start building timing graph for model test_camera.
TMR-2506 : Build timing graph completely. Port num: 21, tpin num: 23367, tnet num: 5881, tinst num: 2893, tnode num: 28044, tedge num: 40370.
TMR-2508 : Levelizing timing graph completed, there are 289 levels in total.
TMR-2501 : Timing graph initialized successfully.
RUN-1003 : finish command "start_timer -report" in  1.227973s wall, 1.218750s user + 0.000000s system = 1.218750s CPU (99.2%)

RUN-1004 : used memory is 308 MB, reserved memory is 290 MB, peak memory is 342 MB
PHY-1001 : 1362 mslices, 1361 lslices, 144 pads, 14 brams, 5 dsps
TMR-2503 : Start to update net delay, extr mode = 3.
TMR-2504 : Update delay of 5881 nets completely.
TMR-2502 : Annotate delay completely, extr mode = 3.
TMR-3001 : Initiate 0 clocks from SDC.
TMR-3004 : Map sdc constraints, there are 2 constraints in total.
TMR-3003 : Constraints initiated successfully.
TMR-3501 : Forward propagation: start to calculate arrival time...
TMR-3502 : Backward propagation: start to calculate required time...
TMR-3503 : Timing propagation completes.
PHY-1001 : Start global routing, caller is route ...
RUN-1001 : Generating global routing grids ...
PHY-1001 : Generate routing nets ...
PHY-1001 : Global iterations in 16 thread ...
PHY-1002 : len = 229856, over cnt = 658(1%), over = 1083, worst = 7
PHY-1002 : len = 234600, over cnt = 357(1%), over = 489, worst = 5
PHY-1002 : len = 239416, over cnt = 72(0%), over = 91, worst = 5
PHY-1002 : len = 240680, over cnt = 2(0%), over = 2, worst = 1
PHY-1002 : len = 240776, over cnt = 0(0%), over = 0, worst = 0
PHY-1001 : End global iterations;  0.740105s wall, 1.046875s user + 0.046875s system = 1.093750s CPU (147.8%)

PHY-1001 : Congestion index: top1 = 34.57, top5 = 29.90, top10 = 27.15, top15 = 25.08.
PHY-1001 : End global routing;  0.862277s wall, 1.171875s user + 0.046875s system = 1.218750s CPU (141.3%)

PHY-1001 : Start detail routing ...
PHY-1001 : Current memory(MB): used = 344, reserve = 326, peak = 346.
PHY-1001 : Detailed router is running in normal mode.
PHY-1001 : Generate detailed routing grids ...
PHY-1001 : Generate nets ...
PHY-1001 : net clk_24m_dup_1 will be routed on clock mesh
PHY-1001 : net clk_cam will be routed on clock mesh
PHY-1001 : net vga_clk_dup_1 will be routed on clock mesh
PHY-1001 : clock net Sdram_Control_4Port/CTRL_CLK will be merged with clock u_pll/clk0_buf
PHY-1001 : net Sdram_Control_4Port/SDRAM_CLK will be routed on clock mesh
PHY-1001 : clock net u_image_select/mode[3]_syn_28 will be merged with clock u_image_select/mode[3]_syn_26
PHY-1001 : clock net u_camera_init/divider2[8]_syn_4 will be merged with clock u_camera_init/divider2[8]
PHY-1001 : clock net u_camera_init/divider2[7]_syn_2 will be merged with clock u_camera_init/divider2[7]
PHY-1001 : net u_camera_init/u_i2c_write/clk will be routed on clock mesh
PHY-5010 WARNING: Net u_image_process/out_img_imy[1] is skipped due to 0 input or output
PHY-5010 WARNING: Net u_image_process/out_img_imy[0] is skipped due to 0 input or output
PHY-1001 : clock net u_image_process/wrreq_syn_2 will be merged with clock u_image_process/wrreq
PHY-1001 : net u_image_process/u_Median_Gray_3/u_three_martix/csi_pclk will be routed on clock mesh
PHY-5010 WARNING: Net u_image_process/out_img_imy[1] is skipped due to 0 input or output
PHY-5010 WARNING: Net u_image_process/out_img_imy[0] is skipped due to 0 input or output
PHY-1001 : Current memory(MB): used = 598, reserve = 583, peak = 598.
PHY-1001 : End build detailed router design. 3.876536s wall, 3.781250s user + 0.093750s system = 3.875000s CPU (100.0%)

PHY-1001 : Detail Route ...
PHY-1001 : ===== Detail Route Phase 1 =====
PHY-1001 : Clock net routing.....
PHY-1001 : Routed 0% nets.
PHY-1022 : len = 69320, over cnt = 0(0%), over = 0, worst = 0, crit = 0
PHY-1001 : End initial clock net routed; 4.108901s wall, 4.109375s user + 0.000000s system = 4.109375s CPU (100.0%)

PHY-1001 : Current memory(MB): used = 631, reserve = 617, peak = 631.
PHY-1001 : End phase 1; 4.116244s wall, 4.125000s user + 0.000000s system = 4.125000s CPU (100.2%)

PHY-1001 : ===== Detail Route Phase 2 =====
PHY-1001 : Initial routing.....
PHY-1001 : Routed 21% nets.
PHY-1001 : Routed 26% nets.
PHY-1001 : Routed 29% nets.
PHY-1001 : Routed 33% nets.
PHY-1001 : Routed 39% nets.
PHY-1001 : Patch 2461 net; 2.269328s wall, 2.265625s user + 0.000000s system = 2.265625s CPU (99.8%)

PHY-1022 : len = 618200, over cnt = 261(0%), over = 261, worst = 1, crit = 0
PHY-1001 : Current memory(MB): used = 636, reserve = 622, peak = 636.
PHY-1001 : End initial routed; 7.175322s wall, 10.609375s user + 0.125000s system = 10.734375s CPU (149.6%)

PHY-1001 : Update timing.....
PHY-1001 : 0/4805(0%) critical/total net(s).
RUN-1001 : ------------------------------------------
RUN-1001 :   Type   |    WNS(ns)    |  TNS(ns)  |  FEP  
RUN-1001 : ------------------------------------------
RUN-1001 :   Setup  |     3.846     |   0.000   |   0   
RUN-1001 :   Hold   |  2147483.647  |   0.000   |   0   
RUN-1001 : ------------------------------------------
PHY-1001 : End update timing; 1.510182s wall, 1.515625s user + 0.000000s system = 1.515625s CPU (100.4%)

PHY-1001 : Current memory(MB): used = 642, reserve = 629, peak = 642.
PHY-1001 : End phase 2; 8.685570s wall, 12.125000s user + 0.125000s system = 12.250000s CPU (141.0%)

PHY-1001 : ===== Detail Route Phase 3 =====
PHY-1001 : Optimize timing.....
PHY-1022 : len = 618200, over cnt = 261(0%), over = 261, worst = 1, crit = 0
PHY-1001 : End optimize timing; 0.020136s wall, 0.031250s user + 0.000000s system = 0.031250s CPU (155.2%)

PHY-1001 : Ripup-reroute.....
PHY-1001 : ===== DR Iter 1 =====
PHY-1022 : len = 614992, over cnt = 70(0%), over = 70, worst = 1, crit = 0
PHY-1001 : End DR Iter 1; 0.155452s wall, 0.218750s user + 0.000000s system = 0.218750s CPU (140.7%)

PHY-1001 : ===== DR Iter 2 =====
PHY-1022 : len = 614872, over cnt = 7(0%), over = 7, worst = 1, crit = 0
PHY-1001 : End DR Iter 2; 0.082489s wall, 0.125000s user + 0.031250s system = 0.156250s CPU (189.4%)

PHY-1001 : ===== DR Iter 3 =====
PHY-1022 : len = 614952, over cnt = 0(0%), over = 0, worst = 0, crit = 0
PHY-1001 : End DR Iter 3; 0.051596s wall, 0.062500s user + 0.000000s system = 0.062500s CPU (121.1%)

PHY-1001 : Update timing.....
PHY-1001 : 0/4805(0%) critical/total net(s).
RUN-1001 : ------------------------------------------
RUN-1001 :   Type   |    WNS(ns)    |  TNS(ns)  |  FEP  
RUN-1001 : ------------------------------------------
RUN-1001 :   Setup  |     3.846     |   0.000   |   0   
RUN-1001 :   Hold   |  2147483.647  |   0.000   |   0   
RUN-1001 : ------------------------------------------
PHY-1001 : End update timing; 1.540867s wall, 1.531250s user + 0.000000s system = 1.531250s CPU (99.4%)

PHY-1001 : Commit to database.....
PHY-1001 : 62 feed throughs used by 48 nets
PHY-1001 : End commit to database; 0.645495s wall, 0.640625s user + 0.000000s system = 0.640625s CPU (99.2%)

PHY-1001 : Current memory(MB): used = 672, reserve = 660, peak = 672.
PHY-1001 : End phase 3; 2.662907s wall, 2.781250s user + 0.031250s system = 2.812500s CPU (105.6%)

PHY-1003 : Routed, final wirelength = 614952
PHY-1001 : Current memory(MB): used = 674, reserve = 661, peak = 674.
PHY-1001 : End export database. 0.020946s wall, 0.015625s user + 0.000000s system = 0.015625s CPU (74.6%)

PHY-1001 : End detail routing;  19.641666s wall, 23.093750s user + 0.265625s system = 23.359375s CPU (118.9%)

RUN-1003 : finish command "route" in  21.971617s wall, 25.750000s user + 0.312500s system = 26.062500s CPU (118.6%)

RUN-1004 : used memory is 633 MB, reserved memory is 620 MB, peak memory is 674 MB
RUN-1002 : start command "report_area -io_info -file ov2640_sdram_phy.area"
RUN-1001 : standard
***Report Model: test_camera Device: EG4S20BG256***

IO Statistics
#IO                        89
  #input                   29
  #output                  59
  #inout                    1

Utilization Statistics
#lut                     4858   out of  19600   24.79%
#reg                     1988   out of  19600   10.14%
#le                      5221
  #lut only              3233   out of   5221   61.92%
  #reg only               363   out of   5221    6.95%
  #lut&reg               1625   out of   5221   31.12%
#dsp                        5   out of     29   17.24%
#bram                      12   out of     64   18.75%
  #bram9k                   0
  #fifo9k                  12
#bram32k                    2   out of     16   12.50%
#pad                       89   out of    188   47.34%
  #ireg                     0
  #oreg                     0
  #treg                     0
#pll                        1   out of      4   25.00%
#gclk                      11   out of     16   68.75%

Clock Resource Statistics
Index     ClockNet                                                   Type               DriverType         Driver                                              Fanout
#1        u_image_process/u_Median_Gray_3/u_three_martix/csi_pclk    GCLK               io                 cam_pclk_syn_9.di                                   851
#2        u_pll/clk0_buf                                             GCLK               pll                u_pll/pll_inst.clkc0                                180
#3        vga_clk_dup_1                                              GCLK               pll                u_pll/pll_inst.clkc2                                46
#4        u_camera_init/u_i2c_write/clk                              GCLK               pll                u_pll/pll_inst.clkc4                                34
#5        u_camera_init/divider2[8]                                  GCLK               lslice             u_camera_init/add2_syn_56.q1                        21
#6        u_camera_init/divider2[7]                                  GCLK               lslice             u_camera_init/add2_syn_56.q0                        17
#7        u_image_process/wrreq                                      GCLK               mslice             u_image_process/u_RGBYCbCr/reg7_syn_25.f0           11
#8        u_image_select/mode[3]_syn_26                              GCLK               mslice             u_image_process/u_RGBYCbCr/img_cb1_b_n_syn_15.f1    9
#9        clk_24m_dup_1                                              GCLK               io                 clk_24m_syn_2.di                                    7
#10       Sdram_Control_4Port/SDRAM_CLK                              GCLK               pll                u_pll/pll_inst.clkc1                                0
#11       clk_cam                                                    GCLK               pll                u_pll/pll_inst.clkc3                                0


Detailed IO Report

     Name        Direction    Location    IOStandard    DriveStrength    PullType    PackReg  
   Switch[5]       INPUT         P6        LVCMOS25          N/A          PULLUP      NONE    
   Switch[4]       INPUT         M6        LVCMOS25          N/A          PULLUP      NONE    
   Switch[3]       INPUT         T6        LVCMOS25          N/A          PULLUP      NONE    
   Switch[2]       INPUT         T5        LVCMOS25          N/A          PULLUP      NONE    
   Switch[1]       INPUT         R5        LVCMOS25          N/A          PULLUP      NONE    
   Switch[0]       INPUT         T4        LVCMOS25          N/A          PULLUP      NONE    
  cam_data[7]      INPUT        H13        LVCMOS33          N/A          PULLUP      NONE    
  cam_data[6]      INPUT        G16        LVCMOS33          N/A          PULLUP      NONE    
  cam_data[5]      INPUT        H16        LVCMOS33          N/A          PULLUP      NONE    
  cam_data[4]      INPUT        G14        LVCMOS33          N/A          PULLUP      NONE    
  cam_data[3]      INPUT        K15        LVCMOS33          N/A          PULLUP      NONE    
  cam_data[2]      INPUT        K16        LVCMOS33          N/A          PULLUP      NONE    
  cam_data[1]      INPUT        J16        LVCMOS33          N/A          PULLUP      NONE    
  cam_data[0]      INPUT        H15        LVCMOS33          N/A          PULLUP      NONE    
   cam_href        INPUT        F15        LVCMOS33          N/A          PULLUP      NONE    
   cam_pclk        INPUT        K12        LVCMOS33          N/A          PULLUP      NONE    
   cam_vsync       INPUT        E15        LVCMOS33          N/A          PULLUP      NONE    
    clk_24m        INPUT        K14        LVCMOS33          N/A          PULLUP      NONE    
     rst_n         INPUT        G11        LVCMOS33          N/A          PULLUP      NONE    
    Led[15]       OUTPUT        T13        LVCMOS25           8            NONE       NONE    
    Led[14]       OUTPUT        T12        LVCMOS25           8            NONE       NONE    
    Led[13]       OUTPUT        R12        LVCMOS25           8            NONE       NONE    
    Led[12]       OUTPUT         M7        LVCMOS25           8            NONE       NONE    
    Led[11]       OUTPUT         T9        LVCMOS25           8            NONE       NONE    
    Led[10]       OUTPUT         T8        LVCMOS25           8            NONE       NONE    
    Led[9]        OUTPUT         T7        LVCMOS25           8            NONE       NONE    
    Led[8]        OUTPUT         R7        LVCMOS25           8            NONE       NONE    
    Led[7]        OUTPUT         P5        LVCMOS25           8            NONE       NONE    
    Led[6]        OUTPUT         N5        LVCMOS25           8            NONE       NONE    
    Led[5]        OUTPUT         P4        LVCMOS25           8            NONE       NONE    
    Led[4]        OUTPUT         M5        LVCMOS25           8            NONE       NONE    
    Led[3]        OUTPUT         N4        LVCMOS25           8            NONE       NONE    
    Led[2]        OUTPUT         N3        LVCMOS25           8            NONE       NONE    
    Led[1]        OUTPUT         M4        LVCMOS25           8            NONE       NONE    
    Led[0]        OUTPUT         M3        LVCMOS25           8            NONE       NONE    
   cam_pwdn       OUTPUT        F14        LVCMOS33           8            NONE       NONE    
    cam_rst       OUTPUT        F13        LVCMOS33           8            NONE       NONE    
   cam_soic       OUTPUT        D16        LVCMOS33           8           PULLUP      NONE    
   cam_xclk       OUTPUT        J12        LVCMOS33           8            NONE       NONE    
   sm_bit[3]      OUTPUT         F3        LVCMOS25           8            NONE       NONE    
   sm_bit[2]      OUTPUT         C2        LVCMOS25           8            NONE       NONE    
   sm_bit[1]      OUTPUT         C3        LVCMOS25           8            NONE       NONE    
   sm_bit[0]      OUTPUT         B1        LVCMOS25           8            NONE       NONE    
   sm_seg[7]      OUTPUT         A2        LVCMOS25           8            NONE       NONE    
   sm_seg[6]      OUTPUT         B2        LVCMOS25           8            NONE       NONE    
   sm_seg[5]      OUTPUT         D3        LVCMOS25           8            NONE       NONE    
   sm_seg[4]      OUTPUT         F5        LVCMOS25           8            NONE       NONE    
   sm_seg[3]      OUTPUT         E4        LVCMOS25           8            NONE       NONE    
   sm_seg[2]      OUTPUT         F4        LVCMOS25           8            NONE       NONE    
   sm_seg[1]      OUTPUT         B3        LVCMOS25           8            NONE       NONE    
   sm_seg[0]      OUTPUT         E3        LVCMOS25           8            NONE       NONE    
   vga_b[7]       OUTPUT         C1        LVCMOS25           8            NONE       NONE    
   vga_b[6]       OUTPUT         D1        LVCMOS25           8            NONE       NONE    
   vga_b[5]       OUTPUT         E2        LVCMOS25           8            NONE       NONE    
   vga_b[4]       OUTPUT         G3        LVCMOS25           8            NONE       NONE    
   vga_b[3]       OUTPUT         E1        LVCMOS25           8            NONE       NONE    
   vga_b[2]       OUTPUT         F2        LVCMOS25           8            NONE       NONE    
   vga_b[1]       OUTPUT         F1        LVCMOS25           8            NONE       NONE    
   vga_b[0]       OUTPUT         G1        LVCMOS25           8            NONE       NONE    
    vga_clk       OUTPUT         H2        LVCMOS25           8            NONE       NONE    
   vga_g[7]       OUTPUT         H5        LVCMOS25           8            NONE       NONE    
   vga_g[6]       OUTPUT         H1        LVCMOS25           8            NONE       NONE    
   vga_g[5]       OUTPUT         J6        LVCMOS25           8            NONE       NONE    
   vga_g[4]       OUTPUT         H3        LVCMOS25           8            NONE       NONE    
   vga_g[3]       OUTPUT         J1        LVCMOS25           8            NONE       NONE    
   vga_g[2]       OUTPUT         K1        LVCMOS25           8            NONE       NONE    
   vga_g[1]       OUTPUT         K2        LVCMOS25           8            NONE       NONE    
   vga_g[0]       OUTPUT         L1        LVCMOS25           8            NONE       NONE    
   vga_hsync      OUTPUT         J3        LVCMOS25           8            NONE       NONE    
   vga_r[7]       OUTPUT         K6        LVCMOS25           8            NONE       NONE    
   vga_r[6]       OUTPUT         K3        LVCMOS25           8            NONE       NONE    
   vga_r[5]       OUTPUT         K5        LVCMOS25           8            NONE       NONE    
   vga_r[4]       OUTPUT         L4        LVCMOS25           8            NONE       NONE    
   vga_r[3]       OUTPUT         M1        LVCMOS25           8            NONE       NONE    
   vga_r[2]       OUTPUT         M2        LVCMOS25           8            NONE       NONE    
   vga_r[1]       OUTPUT         L3        LVCMOS25           8            NONE       NONE    
   vga_r[0]       OUTPUT         L5        LVCMOS25           8            NONE       NONE    
   vga_vsync      OUTPUT         J4        LVCMOS25           8            NONE       NONE    
   cam_soid        INOUT        D14        LVCMOS33           8           PULLUP      NONE    

Report Hierarchy Area:
+---------------------------------------------------------------------------------------------------------------------------------------+
|Instance                              |Module                                     |le     |lut     |ripple  |seq     |bram    |dsp     |
+---------------------------------------------------------------------------------------------------------------------------------------+
|top                                   |test_camera                                |5221   |3623    |1235    |1988    |14      |5       |
|  Sdram_Control_4Port                 |Sdram_Control_4Port                        |782    |527     |173     |397     |2       |0       |
|    command1                          |command                                    |52     |51      |0       |43      |0       |0       |
|    control1                          |control_interface                          |102    |75      |24      |55      |0       |0       |
|    data_path1                        |sdr_data_path                              |13     |13      |0       |0       |0       |0       |
|    read_fifo1                        |Sdram_RD_FIFO                              |132    |67      |18      |105     |1       |0       |
|      dcfifo_component                |softfifo                                   |132    |67      |18      |105     |1       |0       |
|        ram_inst                      |ram_infer_softfifo                         |0      |0       |0       |0       |1       |0       |
|        rd_to_wr_cross_inst           |fifo_cross_domain_addr_process_al_softfifo |41     |23      |0       |41      |0       |0       |
|        wr_to_rd_cross_inst           |fifo_cross_domain_addr_process_al_softfifo |33     |18      |0       |33      |0       |0       |
|    sdram1                            |sdram                                      |1      |1       |0       |0       |0       |0       |
|    write_fifo1                       |Sdram_WR_FIFO                              |122    |85      |18      |97      |1       |0       |
|      dcfifo_component                |softfifo                                   |122    |85      |18      |97      |1       |0       |
|        ram_inst                      |ram_infer_softfifo                         |0      |0       |0       |0       |1       |0       |
|        rd_to_wr_cross_inst           |fifo_cross_domain_addr_process_al_softfifo |38     |28      |0       |38      |0       |0       |
|        wr_to_rd_cross_inst           |fifo_cross_domain_addr_process_al_softfifo |31     |25      |0       |31      |0       |0       |
|  u_Mode_Switch                       |Mode_Switch                                |12     |12      |0       |9       |0       |0       |
|  u_cam_vga_out                       |Driver                                     |108    |64      |44      |21      |0       |0       |
|  u_camera_init                       |camera_init                                |543    |523     |9       |91      |0       |0       |
|    u_i2c_write                       |i2c_module                                 |151    |151     |0       |49      |0       |0       |
|  u_camera_reader                     |camera_reader                              |92     |50      |17      |56      |0       |0       |
|  u_image_process                     |image_process                              |3465   |2253    |982     |1343    |12      |5       |
|    u_Dilation_Detector               |Dilation_Detector                          |171    |119     |45      |85      |2       |0       |
|      u_three_martix_4                |three_martix                               |157    |109     |45      |71      |2       |0       |
|        u_fifo_1                      |fifo_1                                     |2      |2       |0       |1       |1       |0       |
|        u_fifo_2                      |fifo_2                                     |4      |4       |0       |2       |1       |0       |
|    u_Erosion_Detector                |Erosion_Detector                           |163    |116     |45      |74      |2       |0       |
|      u_three_martix_3                |three_martix                               |153    |106     |45      |64      |2       |0       |
|        u_fifo_1                      |fifo_1                                     |3      |3       |0       |1       |1       |0       |
|        u_fifo_2                      |fifo_2                                     |3      |3       |0       |1       |1       |0       |
|    u_Gesture_detech                  |Gesture_detech                             |916    |643     |251     |245     |0       |1       |
|    u_Median_Gray                     |Median_Gray                                |175    |128     |45      |69      |2       |0       |
|      u_Median_Filter_3X3_8Bit_median |Median_Filter_3X3                          |5      |4       |0       |5       |0       |0       |
|      u_three_martix                  |three_martix                               |170    |124     |45      |64      |2       |0       |
|        u_fifo_1                      |fifo_1                                     |2      |2       |0       |0       |1       |0       |
|        u_fifo_2                      |fifo_2                                     |4      |4       |0       |0       |1       |0       |
|    u_Median_Gray_2                   |Median_Gray                                |719    |412     |235     |288     |2       |0       |
|      u_Median_Filter_3X3_8Bit_median |Median_Filter_3X3                          |485    |295     |190     |150     |0       |0       |
|        u_Sort3_1                     |Sort3                                      |86     |56      |30      |36      |0       |0       |
|        u_Sort3_2                     |Sort3                                      |84     |54      |30      |34      |0       |0       |
|        u_Sort3_3                     |Sort3                                      |84     |54      |30      |36      |0       |0       |
|        u_Sort3_4                     |Sort3                                      |48     |28      |20      |12      |0       |0       |
|        u_Sort3_5                     |Sort3                                      |68     |38      |30      |9       |0       |0       |
|        u_Sort3_6                     |Sort3                                      |51     |31      |20      |9       |0       |0       |
|        u_Sort3_7                     |Sort3                                      |64     |34      |30      |14      |0       |0       |
|      u_three_martix                  |three_martix                               |234    |117     |45      |138     |2       |0       |
|        u_fifo_1                      |fifo_1                                     |0      |0       |0       |0       |1       |0       |
|        u_fifo_2                      |fifo_2                                     |0      |0       |0       |0       |1       |0       |
|    u_Median_Gray_3                   |Median_Gray                                |710    |433     |235     |256     |2       |0       |
|      u_Median_Filter_3X3_8Bit_median |Median_Filter_3X3                          |494    |304     |190     |126     |0       |0       |
|        u_Sort3_1                     |Sort3                                      |84     |54      |30      |24      |0       |0       |
|        u_Sort3_2                     |Sort3                                      |86     |56      |30      |32      |0       |0       |
|        u_Sort3_3                     |Sort3                                      |84     |54      |30      |32      |0       |0       |
|        u_Sort3_4                     |Sort3                                      |50     |30      |20      |14      |0       |0       |
|        u_Sort3_5                     |Sort3                                      |70     |40      |30      |8       |0       |0       |
|        u_Sort3_6                     |Sort3                                      |50     |30      |20      |8       |0       |0       |
|        u_Sort3_7                     |Sort3                                      |70     |40      |30      |8       |0       |0       |
|      u_three_martix                  |three_martix                               |216    |129     |45      |130     |2       |0       |
|        u_fifo_1                      |fifo_1                                     |2      |2       |0       |1       |1       |0       |
|        u_fifo_2                      |fifo_2                                     |0      |0       |0       |0       |1       |0       |
|    u_RGBYCbCr                        |RGBYCbCr                                   |81     |39      |14      |54      |0       |4       |
|    u_Sobel_Process                   |Sobel_Process                              |338    |203     |92      |148     |2       |0       |
|      u_Caculate_Sobel                |Caculate_Sobel                             |143    |96      |47      |43      |0       |0       |
|      u_three_martix_2                |three_martix                               |195    |107     |45      |105     |2       |0       |
|        u_fifo_1                      |fifo_1                                     |0      |0       |0       |0       |1       |0       |
|        u_fifo_2                      |fifo_2                                     |0      |0       |0       |0       |1       |0       |
|  u_image_select                      |image_select                               |43     |43      |0       |30      |0       |0       |
|  u_pll                               |ip_pll                                     |0      |0       |0       |0       |0       |0       |
|  u_seg_4                             |seg_4                                      |154    |129     |10      |34      |0       |0       |
+---------------------------------------------------------------------------------------------------------------------------------------+


DataNet Average Fanout:

   Index     Fanout     Nets  
    #1          1       3573  
    #2          2       628   
    #3          3       544   
    #4          4       219   
    #5        5-10      640   
    #6        11-50     124   
    #7       51-100      11   
    #8       101-500     1    
    #9        >500       1    
  Average     2.81            

RUN-1002 : start command "export_db ov2640_sdram_pr.db"
RUN-1001 : Exported /
RUN-1001 : Exported flow parameters
RUN-1001 : Exported libs
RUN-1001 : Exported entities
RUN-1001 : Exported ports
RUN-1001 : Exported pins
RUN-1001 : Exported instances
RUN-1001 : Exported nets
RUN-1001 : Exported buses
RUN-1001 : Exported models
RUN-1001 : Exported congestions
RUN-1001 : Exported violations
RUN-1001 : Exported timing constraints
RUN-1001 : Exported IO constraints
RUN-1001 : Exported Inst constraints
RUN-1002 : start command "export_bid ov2640_sdram_inst.bid"
RUN-1002 : start command "bitgen -bit ov2640_sdram.bit"
BIT-1003 : Start to generate bitstream. 
BIT-1002 : Init instances with 16 threads.
BIT-1002 : Init instances completely, inst num: 2893
BIT-1002 : Init pips with 16 threads.
BIT-1002 : Init pips completely, net num: 5883, pip num: 51044
BIT-1002 : Init feedthrough with 16 threads.
BIT-1002 : Init feedthrough completely, num: 62
BIT-1003 : Multithreading accelaration with 16 threads.
BIT-1003 : Generate bitstream completely, there are 2341 valid insts, and 160685 bits set as '1'.
BIT-1004 : the usercode register value: 00000000000100110000000000000000
BIT-1004 : PLL setting string = 0001
BIT-1004 : Generate bits file ov2640_sdram.bit.
RUN-1003 : finish command "bitgen -bit ov2640_sdram.bit" in  4.801775s wall, 53.375000s user + 0.406250s system = 53.781250s CPU (1120.0%)

RUN-1004 : used memory is 633 MB, reserved memory is 628 MB, peak memory is 817 MB
RUN-1002 : start command "backup_run_log run.log ../.logs/phy_1/td_20221028_200757.log"
