============================================================
   Tang Dynasty, V5.6.59063
   Copyright (c) 2012-2022 Anlogic
   Executable = C:/Anlogic/TD5.6.59063/bin/td.exe
   Built at =   12:45:13 Sep  6 2022
   Run by =     Administrator
   Run Date =   Fri Oct 28 20:10:55 2022

   Run on =     WIN-25FR57M34TT
============================================================
RUN-1002 : start command "open_project ov2640_sdram.prj"
RUN-1001 : Print Global Property
RUN-1001 : ---------------------------------------------------------------
RUN-1001 :        Parameters        |  Settings  |  Default Values  |  Note  
RUN-1001 : ---------------------------------------------------------------
RUN-1001 :          message         |  standard  |     standard     |        
RUN-1001 :   mixed_pack_place_flow  |     on     |        on        |        
RUN-1001 :        qor_monitor       |    off     |       off        |        
RUN-1001 :        syn_ip_flow       |    off     |       off        |        
RUN-1001 :          thread          |    auto    |       auto       |        
RUN-1001 : ---------------------------------------------------------------
RUN-1001 : Print Design Property
RUN-1001 : --------------------------------------------------------------
RUN-1001 :        Parameters       |  Settings  |  Default Values  |  Note  
RUN-1001 : --------------------------------------------------------------
RUN-1001 :   default_reg_initial   |    auto    |       auto       |        
RUN-1001 :        infer_add        |     on     |        on        |        
RUN-1001 :        infer_fsm        |    off     |       off        |        
RUN-1001 :        infer_mult       |     on     |        on        |        
RUN-1001 :        infer_ram        |     on     |        on        |        
RUN-1001 :        infer_reg        |     on     |        on        |        
RUN-1001 :   infer_reg_init_value  |     on     |        on        |        
RUN-1001 :        infer_rom        |     on     |        on        |        
RUN-1001 :      infer_shifter      |     on     |        on        |        
RUN-1001 : --------------------------------------------------------------
RUN-1001 : Print Rtl Property
RUN-1001 : --------------------------------------------------------------
RUN-1001 :        Parameters       |  Settings  |  Default Values  |  Note  
RUN-1001 : --------------------------------------------------------------
RUN-1001 :       compress_add      |   ripple   |      ripple      |        
RUN-1001 :        elf_sload        |    off     |       off        |        
RUN-1001 :       fix_undriven      |     0      |        0         |        
RUN-1001 :         flatten         |    off     |       off        |        
RUN-1001 :       gate_sharing      |     on     |        on        |        
RUN-1001 :    hdl_warning_level    |   normal   |      normal      |        
RUN-1001 :   impl_internal_tribuf  |     on     |        on        |        
RUN-1001 :      impl_set_reset     |     on     |        on        |        
RUN-1001 :        infer_gsr        |    off     |       off        |        
RUN-1001 :      keep_hierarchy     |    auto    |       auto       |        
RUN-1001 :        max_fanout       |    9999    |       9999       |        
RUN-1001 :      max_oh2bin_len     |     10     |        10        |        
RUN-1001 :       merge_equal       |     on     |        on        |        
RUN-1001 :       merge_equiv       |     on     |        on        |        
RUN-1001 :        merge_mux        |    off     |       off        |        
RUN-1001 :     min_control_set     |     8      |        8         |        
RUN-1001 :      min_ripple_len     |    auto    |       auto       |        
RUN-1001 :       oh2bin_ratio      |    0.08    |       0.08       |        
RUN-1001 :     opt_adder_fanout    |     on     |        on        |        
RUN-1001 :        opt_arith        |     on     |        on        |        
RUN-1001 :       opt_big_gate      |    off     |       off        |        
RUN-1001 :        opt_const        |     on     |        on        |        
RUN-1001 :      opt_const_mult     |     on     |        on        |        
RUN-1001 :       opt_lessthan      |     on     |        on        |        
RUN-1001 :         opt_mux         |    off     |       off        |        
RUN-1001 :         opt_ram         |    high    |       high       |        
RUN-1001 :      rtl_sim_model      |    off     |       off        |        
RUN-1001 :         seq_syn         |     on     |        on        |        
RUN-1001 : --------------------------------------------------------------
HDL-1007 : analyze verilog file ../../al_ip/ip_pll.v
HDL-1007 : undeclared symbol 'open', assumed default net type 'wire' in ../../al_ip/ip_pll.v(93)
HDL-1007 : analyze verilog file ../../al_ip/softfifo.v
HDL-1007 : analyze verilog file ../../al_ip/fifo_1.v
HDL-1007 : analyze verilog file ../../al_ip/fifo_2.v
HDL-1007 : analyze verilog file ../../RTL/camera_init.v
HDL-1007 : undeclared symbol 'clk_div', assumed default net type 'wire' in ../../RTL/camera_init.v(74)
HDL-1007 : analyze verilog file ../../RTL/camera_reader.v
HDL-1007 : analyze verilog file ../../RTL/i2c_module.v
HDL-1007 : analyze verilog file ../../RTL/Sdram_Control_4Port/command.v
HDL-1007 : analyze included file ../../RTL/Sdram_Control_4Port/Sdram_Params.h in ../../RTL/Sdram_Control_4Port/command.v(27)
HDL-1007 : back to file '../../RTL/Sdram_Control_4Port/command.v' in ../../RTL/Sdram_Control_4Port/command.v(27)
HDL-1007 : analyze verilog file ../../RTL/Sdram_Control_4Port/control_interface.v
HDL-1007 : analyze included file ../../RTL/Sdram_Control_4Port/Sdram_Params.h in ../../RTL/Sdram_Control_4Port/control_interface.v(21)
HDL-1007 : back to file '../../RTL/Sdram_Control_4Port/control_interface.v' in ../../RTL/Sdram_Control_4Port/control_interface.v(21)
HDL-1007 : analyze verilog file ../../RTL/Sdram_Control_4Port/sdr_data_path.v
HDL-1007 : analyze included file ../../RTL/Sdram_Control_4Port/Sdram_Params.h in ../../RTL/Sdram_Control_4Port/sdr_data_path.v(10)
HDL-1007 : back to file '../../RTL/Sdram_Control_4Port/sdr_data_path.v' in ../../RTL/Sdram_Control_4Port/sdr_data_path.v(10)
HDL-1007 : analyze verilog file ../../RTL/Sdram_Control_4Port/Sdram_Control_4Port.v
HDL-1007 : analyze included file ../../RTL/Sdram_Control_4Port/Sdram_Params.h in ../../RTL/Sdram_Control_4Port/Sdram_Control_4Port.v(49)
HDL-1007 : back to file '../../RTL/Sdram_Control_4Port/Sdram_Control_4Port.v' in ../../RTL/Sdram_Control_4Port/Sdram_Control_4Port.v(49)
HDL-1007 : analyze verilog file ../../RTL/Sdram_Control_4Port/Sdram_RD_FIFO.v
HDL-5007 WARNING: 'clk' is not declared in ../../RTL/Sdram_Control_4Port/Sdram_RD_FIFO.v(44)
HDL-1007 : analyze verilog file ../../RTL/Sdram_Control_4Port/Sdram_WR_FIFO.v
HDL-1007 : analyze verilog file ../../al_ip/sdram.v
HDL-1007 : analyze verilog file ../../RTL/Driver.v
HDL-1007 : analyze verilog file ../../RTL/RGBYCbCr.v
HDL-1007 : analyze verilog file ../../RTL/image_process.v
HDL-5007 WARNING: identifier 'post_img_cb' is used before its declaration in ../../RTL/image_process.v(51)
HDL-5007 WARNING: identifier 'post_img_cb' is used before its declaration in ../../RTL/image_process.v(55)
HDL-5007 WARNING: identifier 'post_frame_clken' is used before its declaration in ../../RTL/image_process.v(61)
HDL-5007 WARNING: identifier 'skin_img' is used before its declaration in ../../RTL/image_process.v(62)
HDL-5007 WARNING: identifier 'post_frame_clken' is used before its declaration in ../../RTL/image_process.v(65)
HDL-5007 WARNING: identifier 'skin_img' is used before its declaration in ../../RTL/image_process.v(66)
HDL-5007 WARNING: identifier 'post1_frame_clken' is used before its declaration in ../../RTL/image_process.v(72)
HDL-5007 WARNING: identifier 'post1_img_Y' is used before its declaration in ../../RTL/image_process.v(73)
HDL-5007 WARNING: identifier 'post1_frame_clken' is used before its declaration in ../../RTL/image_process.v(76)
HDL-5007 WARNING: identifier 'post1_img_Y' is used before its declaration in ../../RTL/image_process.v(77)
HDL-5007 Similar messages will be suppressed.
HDL-1007 : analyze verilog file ../../RTL/test_camera.v
HDL-1007 : analyze verilog file ../../RTL/Mode_Switch.v
HDL-1007 : analyze verilog file ../../RTL/image_select.v
HDL-1007 : analyze verilog file ../../RTL/Median_Gray.v
HDL-5007 WARNING: identifier 'mid_value' is used before its declaration in ../../RTL/Median_Gray.v(20)
HDL-1007 : analyze verilog file ../../RTL/three_martix.v
HDL-5007 WARNING: empty statement in sequential block in ../../RTL/three_martix.v(235)
HDL-5007 WARNING: empty statement in sequential block in ../../RTL/three_martix.v(234)
HDL-1007 : analyze verilog file ../../RTL/Median_Filter_3X3.v
HDL-1007 : analyze verilog file ../../RTL/Sort3.v
HDL-1007 : analyze verilog file ../../RTL/Sobel_Process.v
HDL-1007 : undeclared symbol 'csi_pclk', assumed default net type 'wire' in ../../RTL/Sobel_Process.v(48)
HDL-5007 WARNING: identifier 'sobel_value' is used before its declaration in ../../RTL/Sobel_Process.v(23)
HDL-1007 : analyze verilog file ../../RTL/Caculate_Sobel.v
HDL-5007 WARNING: identifier 'matrix_frame_vsync_r' is used before its declaration in ../../RTL/Caculate_Sobel.v(110)
HDL-5007 WARNING: identifier 'matrix_frame_href_r' is used before its declaration in ../../RTL/Caculate_Sobel.v(111)
HDL-5007 WARNING: identifier 'matrix_frame_clken_r' is used before its declaration in ../../RTL/Caculate_Sobel.v(112)
HDL-1007 : analyze verilog file ../../RTL/Erosion_Detector.v
HDL-1007 : analyze verilog file ../../RTL/Dilation_Detector.v
HDL-5007 WARNING: redeclaration of ANSI port 'post_img_Bit4' is not allowed in ../../RTL/Dilation_Detector.v(79)
HDL-1007 : undeclared symbol 'post_frame_href', assumed default net type 'wire' in ../../RTL/Dilation_Detector.v(109)
HDL-1007 : analyze verilog file ../../RTL/Gesture_detech.v
HDL-1007 : analyze verilog file ../../RTL/seg_4.v
HDL-1007 : undeclared symbol 'data0', assumed default net type 'wire' in ../../RTL/seg_4.v(64)
HDL-1007 : undeclared symbol 'data1', assumed default net type 'wire' in ../../RTL/seg_4.v(65)
HDL-1007 : undeclared symbol 'data2', assumed default net type 'wire' in ../../RTL/seg_4.v(66)
HDL-5007 WARNING: 'clk' is not declared in ../../RTL/Sdram_Control_4Port/Sdram_RD_FIFO.v(44)
RUN-1001 : Project manager successfully analyzed 30 source files.
RUN-1002 : start command "import_device eagle_s20.db -package EG4S20BG256"
ARC-1001 : Device Initialization.
ARC-1001 : ------------------------------------------------------------------
ARC-1001 :            OPTION            |          IO          |   SETTING   
ARC-1001 : ------------------------------------------------------------------
ARC-1001 :   cso_b/cclk/mosi/miso/dout  |  T3/R11/T10/P10/S11  |    gpio    
ARC-1001 :             done             |         P13          |    gpio    
ARC-1001 :           program_b          |          T2          |  dedicate  
ARC-1001 :        tdi/tms/tck/tdo       |   C12/A15/C14/E14    |  dedicate  
ARC-1001 : ------------------------------------------------------------------
ARC-1004 : Device setting, marked 5 dedicate IOs in total.
RUN-1002 : start command "import_db ../syn_1/ov2640_sdram_gate.db"
RUN-1001 : Importing database generated by Tang Dynasty, V5.6.59063.
RUN-1001 : Database version number 46140.
RUN-1001 : Import flow parameters
RUN-1001 : Import timing constraints
RUN-1001 : Import IO constraints
RUN-1001 : Import Inst constraints
RUN-1001 : Import design success TD_VERSION=5.6.59063 , DB_VERSION=46140
RUN-1002 : start command "read_sdc"
USR-1002 : read_sdc file_name -help -h -eco
RUN-1002 : start command "get_regs */primary_addr_gray_reg[*]"
RUN-1002 : start command "get_regs */sync_r1[*]"
RUN-1002 : start command "set_max_delay -from  -to  5 -datapath_only"
RUN-1002 : start command "get_regs */primary_addr_gray_reg[*]"
RUN-1002 : start command "get_regs */sync_r1[*]"
RUN-1002 : start command "set_false_path -from  -to  -hold 5"
USR-1002 : set_false_path -help -setup -hold -from <list> -rise_from <list> -fall_from <list> -to <list> -rise_to <list> -fall_to <list> -through <list>
RUN-1002 : start command "get_regs */primary_addr_gray_reg[*]"
RUN-1002 : start command "get_regs */sync_r1[*]"
RUN-1002 : start command "set_max_delay -from  -to  5 -datapath_only"
RUN-1002 : start command "get_regs */primary_addr_gray_reg[*]"
RUN-1002 : start command "get_regs */sync_r1[*]"
RUN-1002 : start command "set_max_delay -from  -to  5 -datapath_only"
RUN-1002 : start command "get_regs */primary_addr_gray_reg[*]"
RUN-1002 : start command "get_regs */sync_r1[*]"
RUN-1002 : start command "set_max_delay -from  -to  5 -datapath_only"
SYN-1001 : 	kept net: Sdram_Control_4Port/read_fifo1/dcfifo_component/rd_to_wr_cross_inst/primary_addr_gray_reg[9](Sdram_Control_4Port/read_fifo1/dcfifo_component/rd_to_wr_cross_inst/primary_addr_gray_reg[9]_syn_5)
SYN-1001 : 	kept net: Sdram_Control_4Port/read_fifo1/dcfifo_component/rd_to_wr_cross_inst/primary_addr_gray_reg[8](Sdram_Control_4Port/read_fifo1/dcfifo_component/rd_to_wr_cross_inst/primary_addr_gray_reg[8]_syn_5)
SYN-1001 : 	kept net: Sdram_Control_4Port/read_fifo1/dcfifo_component/rd_to_wr_cross_inst/primary_addr_gray_reg[7](Sdram_Control_4Port/read_fifo1/dcfifo_component/rd_to_wr_cross_inst/primary_addr_gray_reg[7]_syn_5)
SYN-1001 : 	kept net: Sdram_Control_4Port/read_fifo1/dcfifo_component/rd_to_wr_cross_inst/primary_addr_gray_reg[6](Sdram_Control_4Port/read_fifo1/dcfifo_component/rd_to_wr_cross_inst/primary_addr_gray_reg[6]_syn_5)
SYN-1001 : 	kept net: Sdram_Control_4Port/read_fifo1/dcfifo_component/rd_to_wr_cross_inst/primary_addr_gray_reg[5](Sdram_Control_4Port/read_fifo1/dcfifo_component/rd_to_wr_cross_inst/primary_addr_gray_reg[5]_syn_5)
SYN-1001 : 	kept net: Sdram_Control_4Port/read_fifo1/dcfifo_component/rd_to_wr_cross_inst/primary_addr_gray_reg[4](Sdram_Control_4Port/read_fifo1/dcfifo_component/rd_to_wr_cross_inst/primary_addr_gray_reg[4]_syn_5)
SYN-1001 : 	kept net: Sdram_Control_4Port/read_fifo1/dcfifo_component/rd_to_wr_cross_inst/primary_addr_gray_reg[3](Sdram_Control_4Port/read_fifo1/dcfifo_component/rd_to_wr_cross_inst/primary_addr_gray_reg[3]_syn_5)
SYN-1001 : 	kept net: Sdram_Control_4Port/read_fifo1/dcfifo_component/rd_to_wr_cross_inst/primary_addr_gray_reg[2](Sdram_Control_4Port/read_fifo1/dcfifo_component/rd_to_wr_cross_inst/primary_addr_gray_reg[2]_syn_5)
SYN-1001 : 	kept net: Sdram_Control_4Port/read_fifo1/dcfifo_component/rd_to_wr_cross_inst/primary_addr_gray_reg[1](Sdram_Control_4Port/read_fifo1/dcfifo_component/rd_to_wr_cross_inst/primary_addr_gray_reg[1]_syn_5)
SYN-1001 : 	kept net: Sdram_Control_4Port/read_fifo1/dcfifo_component/rd_to_wr_cross_inst/primary_addr_gray_reg[0](Sdram_Control_4Port/read_fifo1/dcfifo_component/rd_to_wr_cross_inst/primary_addr_gray_reg[0]_syn_5)
SYN-1001 : 	kept net: Sdram_Control_4Port/read_fifo1/dcfifo_component/rd_to_wr_cross_inst/sync_r1[9](Sdram_Control_4Port/read_fifo1/dcfifo_component/rd_to_wr_cross_inst/sync_r1[9]_syn_3)
SYN-1001 : 	kept net: Sdram_Control_4Port/read_fifo1/dcfifo_component/rd_to_wr_cross_inst/sync_r1[8](Sdram_Control_4Port/read_fifo1/dcfifo_component/rd_to_wr_cross_inst/sync_r1[8]_syn_3)
SYN-1001 : 	kept net: Sdram_Control_4Port/read_fifo1/dcfifo_component/rd_to_wr_cross_inst/sync_r1[7](Sdram_Control_4Port/read_fifo1/dcfifo_component/rd_to_wr_cross_inst/sync_r1[7]_syn_3)
SYN-1001 : 	kept net: Sdram_Control_4Port/read_fifo1/dcfifo_component/rd_to_wr_cross_inst/sync_r1[6](Sdram_Control_4Port/read_fifo1/dcfifo_component/rd_to_wr_cross_inst/sync_r1[6]_syn_3)
SYN-1001 : 	kept net: Sdram_Control_4Port/read_fifo1/dcfifo_component/rd_to_wr_cross_inst/sync_r1[5](Sdram_Control_4Port/read_fifo1/dcfifo_component/rd_to_wr_cross_inst/sync_r1[5]_syn_3)
SYN-1001 : 	kept net: Sdram_Control_4Port/read_fifo1/dcfifo_component/rd_to_wr_cross_inst/sync_r1[4](Sdram_Control_4Port/read_fifo1/dcfifo_component/rd_to_wr_cross_inst/sync_r1[4]_syn_3)
SYN-1001 : 	kept net: Sdram_Control_4Port/read_fifo1/dcfifo_component/rd_to_wr_cross_inst/sync_r1[3](Sdram_Control_4Port/read_fifo1/dcfifo_component/rd_to_wr_cross_inst/sync_r1[3]_syn_3)
SYN-1001 : 	kept net: Sdram_Control_4Port/read_fifo1/dcfifo_component/rd_to_wr_cross_inst/sync_r1[2](Sdram_Control_4Port/read_fifo1/dcfifo_component/rd_to_wr_cross_inst/sync_r1[2]_syn_3)
SYN-1001 : 	kept net: Sdram_Control_4Port/read_fifo1/dcfifo_component/rd_to_wr_cross_inst/sync_r1[1](Sdram_Control_4Port/read_fifo1/dcfifo_component/rd_to_wr_cross_inst/sync_r1[1]_syn_3)
SYN-1001 : 	kept net: Sdram_Control_4Port/read_fifo1/dcfifo_component/rd_to_wr_cross_inst/sync_r1[0](Sdram_Control_4Port/read_fifo1/dcfifo_component/rd_to_wr_cross_inst/sync_r1[0]_syn_3)
SYN-1001 : 	kept net: Sdram_Control_4Port/read_fifo1/dcfifo_component/wr_to_rd_cross_inst/primary_addr_gray_reg[9](Sdram_Control_4Port/read_fifo1/dcfifo_component/wr_to_rd_cross_inst/primary_addr_gray_reg[9]_syn_5)
SYN-1001 : 	kept net: Sdram_Control_4Port/read_fifo1/dcfifo_component/wr_to_rd_cross_inst/primary_addr_gray_reg[8](Sdram_Control_4Port/read_fifo1/dcfifo_component/wr_to_rd_cross_inst/primary_addr_gray_reg[8]_syn_5)
SYN-1001 : 	kept net: Sdram_Control_4Port/read_fifo1/dcfifo_component/wr_to_rd_cross_inst/primary_addr_gray_reg[7](Sdram_Control_4Port/read_fifo1/dcfifo_component/wr_to_rd_cross_inst/primary_addr_gray_reg[7]_syn_5)
SYN-1001 : 	kept net: Sdram_Control_4Port/read_fifo1/dcfifo_component/wr_to_rd_cross_inst/primary_addr_gray_reg[6](Sdram_Control_4Port/read_fifo1/dcfifo_component/wr_to_rd_cross_inst/primary_addr_gray_reg[6]_syn_5)
SYN-1001 : 	kept net: Sdram_Control_4Port/read_fifo1/dcfifo_component/wr_to_rd_cross_inst/primary_addr_gray_reg[5](Sdram_Control_4Port/read_fifo1/dcfifo_component/wr_to_rd_cross_inst/primary_addr_gray_reg[5]_syn_5)
SYN-1001 : 	kept net: Sdram_Control_4Port/read_fifo1/dcfifo_component/wr_to_rd_cross_inst/primary_addr_gray_reg[4](Sdram_Control_4Port/read_fifo1/dcfifo_component/wr_to_rd_cross_inst/primary_addr_gray_reg[4]_syn_5)
SYN-1001 : 	kept net: Sdram_Control_4Port/read_fifo1/dcfifo_component/wr_to_rd_cross_inst/primary_addr_gray_reg[3](Sdram_Control_4Port/read_fifo1/dcfifo_component/wr_to_rd_cross_inst/primary_addr_gray_reg[3]_syn_5)
SYN-1001 : 	kept net: Sdram_Control_4Port/read_fifo1/dcfifo_component/wr_to_rd_cross_inst/primary_addr_gray_reg[2](Sdram_Control_4Port/read_fifo1/dcfifo_component/wr_to_rd_cross_inst/primary_addr_gray_reg[2]_syn_5)
SYN-1001 : 	kept net: Sdram_Control_4Port/read_fifo1/dcfifo_component/wr_to_rd_cross_inst/primary_addr_gray_reg[1](Sdram_Control_4Port/read_fifo1/dcfifo_component/wr_to_rd_cross_inst/primary_addr_gray_reg[1]_syn_5)
SYN-1001 : 	kept net: Sdram_Control_4Port/read_fifo1/dcfifo_component/wr_to_rd_cross_inst/primary_addr_gray_reg[0](Sdram_Control_4Port/read_fifo1/dcfifo_component/wr_to_rd_cross_inst/primary_addr_gray_reg[0]_syn_5)
SYN-1001 : 	kept net: Sdram_Control_4Port/read_fifo1/dcfifo_component/wr_to_rd_cross_inst/sync_r1[9](Sdram_Control_4Port/read_fifo1/dcfifo_component/wr_to_rd_cross_inst/sync_r1[9]_syn_3)
SYN-1001 : 	kept net: Sdram_Control_4Port/read_fifo1/dcfifo_component/wr_to_rd_cross_inst/sync_r1[8](Sdram_Control_4Port/read_fifo1/dcfifo_component/wr_to_rd_cross_inst/sync_r1[8]_syn_3)
SYN-1001 : 	kept net: Sdram_Control_4Port/read_fifo1/dcfifo_component/wr_to_rd_cross_inst/sync_r1[7](Sdram_Control_4Port/read_fifo1/dcfifo_component/wr_to_rd_cross_inst/sync_r1[7]_syn_3)
SYN-1001 : 	kept net: Sdram_Control_4Port/read_fifo1/dcfifo_component/wr_to_rd_cross_inst/sync_r1[6](Sdram_Control_4Port/read_fifo1/dcfifo_component/wr_to_rd_cross_inst/sync_r1[6]_syn_3)
SYN-1001 : 	kept net: Sdram_Control_4Port/read_fifo1/dcfifo_component/wr_to_rd_cross_inst/sync_r1[5](Sdram_Control_4Port/read_fifo1/dcfifo_component/wr_to_rd_cross_inst/sync_r1[5]_syn_3)
SYN-1001 : 	kept net: Sdram_Control_4Port/read_fifo1/dcfifo_component/wr_to_rd_cross_inst/sync_r1[4](Sdram_Control_4Port/read_fifo1/dcfifo_component/wr_to_rd_cross_inst/sync_r1[4]_syn_3)
SYN-1001 : 	kept net: Sdram_Control_4Port/read_fifo1/dcfifo_component/wr_to_rd_cross_inst/sync_r1[3](Sdram_Control_4Port/read_fifo1/dcfifo_component/wr_to_rd_cross_inst/sync_r1[3]_syn_3)
SYN-1001 : 	kept net: Sdram_Control_4Port/read_fifo1/dcfifo_component/wr_to_rd_cross_inst/sync_r1[2](Sdram_Control_4Port/read_fifo1/dcfifo_component/wr_to_rd_cross_inst/sync_r1[2]_syn_3)
SYN-1001 : 	kept net: Sdram_Control_4Port/read_fifo1/dcfifo_component/wr_to_rd_cross_inst/sync_r1[1](Sdram_Control_4Port/read_fifo1/dcfifo_component/wr_to_rd_cross_inst/sync_r1[1]_syn_3)
SYN-1001 : 	kept net: Sdram_Control_4Port/read_fifo1/dcfifo_component/wr_to_rd_cross_inst/sync_r1[0](Sdram_Control_4Port/read_fifo1/dcfifo_component/wr_to_rd_cross_inst/sync_r1[0]_syn_3)
SYN-1001 : 	kept net: Sdram_Control_4Port/write_fifo1/dcfifo_component/rd_to_wr_cross_inst/primary_addr_gray_reg[9](Sdram_Control_4Port/write_fifo1/dcfifo_component/rd_to_wr_cross_inst/primary_addr_gray_reg[9]_syn_5)
SYN-1001 : 	kept net: Sdram_Control_4Port/write_fifo1/dcfifo_component/rd_to_wr_cross_inst/primary_addr_gray_reg[8](Sdram_Control_4Port/write_fifo1/dcfifo_component/rd_to_wr_cross_inst/primary_addr_gray_reg[8]_syn_5)
SYN-1001 : 	kept net: Sdram_Control_4Port/write_fifo1/dcfifo_component/rd_to_wr_cross_inst/primary_addr_gray_reg[7](Sdram_Control_4Port/write_fifo1/dcfifo_component/rd_to_wr_cross_inst/primary_addr_gray_reg[7]_syn_5)
SYN-1001 : 	kept net: Sdram_Control_4Port/write_fifo1/dcfifo_component/rd_to_wr_cross_inst/primary_addr_gray_reg[6](Sdram_Control_4Port/write_fifo1/dcfifo_component/rd_to_wr_cross_inst/primary_addr_gray_reg[6]_syn_5)
SYN-1001 : 	kept net: Sdram_Control_4Port/write_fifo1/dcfifo_component/rd_to_wr_cross_inst/primary_addr_gray_reg[5](Sdram_Control_4Port/write_fifo1/dcfifo_component/rd_to_wr_cross_inst/primary_addr_gray_reg[5]_syn_5)
SYN-1001 : 	kept net: Sdram_Control_4Port/write_fifo1/dcfifo_component/rd_to_wr_cross_inst/primary_addr_gray_reg[4](Sdram_Control_4Port/write_fifo1/dcfifo_component/rd_to_wr_cross_inst/primary_addr_gray_reg[4]_syn_5)
SYN-1001 : 	kept net: Sdram_Control_4Port/write_fifo1/dcfifo_component/rd_to_wr_cross_inst/primary_addr_gray_reg[3](Sdram_Control_4Port/write_fifo1/dcfifo_component/rd_to_wr_cross_inst/primary_addr_gray_reg[3]_syn_5)
SYN-1001 : 	kept net: Sdram_Control_4Port/write_fifo1/dcfifo_component/rd_to_wr_cross_inst/primary_addr_gray_reg[2](Sdram_Control_4Port/write_fifo1/dcfifo_component/rd_to_wr_cross_inst/primary_addr_gray_reg[2]_syn_5)
SYN-1001 : 	kept net: Sdram_Control_4Port/write_fifo1/dcfifo_component/rd_to_wr_cross_inst/primary_addr_gray_reg[1](Sdram_Control_4Port/write_fifo1/dcfifo_component/rd_to_wr_cross_inst/primary_addr_gray_reg[1]_syn_5)
SYN-1001 : 	kept net: Sdram_Control_4Port/write_fifo1/dcfifo_component/rd_to_wr_cross_inst/primary_addr_gray_reg[0](Sdram_Control_4Port/write_fifo1/dcfifo_component/rd_to_wr_cross_inst/primary_addr_gray_reg[0]_syn_5)
SYN-1001 : 	kept net: Sdram_Control_4Port/write_fifo1/dcfifo_component/rd_to_wr_cross_inst/sync_r1[9](Sdram_Control_4Port/write_fifo1/dcfifo_component/rd_to_wr_cross_inst/sync_r1[9]_syn_3)
SYN-1001 : 	kept net: Sdram_Control_4Port/write_fifo1/dcfifo_component/rd_to_wr_cross_inst/sync_r1[8](Sdram_Control_4Port/write_fifo1/dcfifo_component/rd_to_wr_cross_inst/sync_r1[8]_syn_3)
SYN-1001 : 	kept net: Sdram_Control_4Port/write_fifo1/dcfifo_component/rd_to_wr_cross_inst/sync_r1[7](Sdram_Control_4Port/write_fifo1/dcfifo_component/rd_to_wr_cross_inst/sync_r1[7]_syn_3)
SYN-1001 : 	kept net: Sdram_Control_4Port/write_fifo1/dcfifo_component/rd_to_wr_cross_inst/sync_r1[6](Sdram_Control_4Port/write_fifo1/dcfifo_component/rd_to_wr_cross_inst/sync_r1[6]_syn_3)
SYN-1001 : 	kept net: Sdram_Control_4Port/write_fifo1/dcfifo_component/rd_to_wr_cross_inst/sync_r1[5](Sdram_Control_4Port/write_fifo1/dcfifo_component/rd_to_wr_cross_inst/sync_r1[5]_syn_3)
SYN-1001 : 	kept net: Sdram_Control_4Port/write_fifo1/dcfifo_component/rd_to_wr_cross_inst/sync_r1[4](Sdram_Control_4Port/write_fifo1/dcfifo_component/rd_to_wr_cross_inst/sync_r1[4]_syn_3)
SYN-1001 : 	kept net: Sdram_Control_4Port/write_fifo1/dcfifo_component/rd_to_wr_cross_inst/sync_r1[3](Sdram_Control_4Port/write_fifo1/dcfifo_component/rd_to_wr_cross_inst/sync_r1[3]_syn_3)
SYN-1001 : 	kept net: Sdram_Control_4Port/write_fifo1/dcfifo_component/rd_to_wr_cross_inst/sync_r1[2](Sdram_Control_4Port/write_fifo1/dcfifo_component/rd_to_wr_cross_inst/sync_r1[2]_syn_3)
SYN-1001 : 	kept net: Sdram_Control_4Port/write_fifo1/dcfifo_component/rd_to_wr_cross_inst/sync_r1[1](Sdram_Control_4Port/write_fifo1/dcfifo_component/rd_to_wr_cross_inst/sync_r1[1]_syn_3)
SYN-1001 : 	kept net: Sdram_Control_4Port/write_fifo1/dcfifo_component/rd_to_wr_cross_inst/sync_r1[0](Sdram_Control_4Port/write_fifo1/dcfifo_component/rd_to_wr_cross_inst/sync_r1[0]_syn_3)
SYN-1001 : 	kept net: Sdram_Control_4Port/write_fifo1/dcfifo_component/wr_to_rd_cross_inst/primary_addr_gray_reg[9](Sdram_Control_4Port/write_fifo1/dcfifo_component/wr_to_rd_cross_inst/primary_addr_gray_reg[9]_syn_5)
SYN-1001 : 	kept net: Sdram_Control_4Port/write_fifo1/dcfifo_component/wr_to_rd_cross_inst/primary_addr_gray_reg[8](Sdram_Control_4Port/write_fifo1/dcfifo_component/wr_to_rd_cross_inst/primary_addr_gray_reg[8]_syn_5)
SYN-1001 : 	kept net: Sdram_Control_4Port/write_fifo1/dcfifo_component/wr_to_rd_cross_inst/primary_addr_gray_reg[7](Sdram_Control_4Port/write_fifo1/dcfifo_component/wr_to_rd_cross_inst/primary_addr_gray_reg[7]_syn_5)
SYN-1001 : 	kept net: Sdram_Control_4Port/write_fifo1/dcfifo_component/wr_to_rd_cross_inst/primary_addr_gray_reg[6](Sdram_Control_4Port/write_fifo1/dcfifo_component/wr_to_rd_cross_inst/primary_addr_gray_reg[6]_syn_5)
SYN-1001 : 	kept net: Sdram_Control_4Port/write_fifo1/dcfifo_component/wr_to_rd_cross_inst/primary_addr_gray_reg[5](Sdram_Control_4Port/write_fifo1/dcfifo_component/wr_to_rd_cross_inst/primary_addr_gray_reg[5]_syn_5)
SYN-1001 : 	kept net: Sdram_Control_4Port/write_fifo1/dcfifo_component/wr_to_rd_cross_inst/primary_addr_gray_reg[4](Sdram_Control_4Port/write_fifo1/dcfifo_component/wr_to_rd_cross_inst/primary_addr_gray_reg[4]_syn_5)
SYN-1001 : 	kept net: Sdram_Control_4Port/write_fifo1/dcfifo_component/wr_to_rd_cross_inst/primary_addr_gray_reg[3](Sdram_Control_4Port/write_fifo1/dcfifo_component/wr_to_rd_cross_inst/primary_addr_gray_reg[3]_syn_5)
SYN-1001 : 	kept net: Sdram_Control_4Port/write_fifo1/dcfifo_component/wr_to_rd_cross_inst/primary_addr_gray_reg[2](Sdram_Control_4Port/write_fifo1/dcfifo_component/wr_to_rd_cross_inst/primary_addr_gray_reg[2]_syn_5)
SYN-1001 : 	kept net: Sdram_Control_4Port/write_fifo1/dcfifo_component/wr_to_rd_cross_inst/primary_addr_gray_reg[1](Sdram_Control_4Port/write_fifo1/dcfifo_component/wr_to_rd_cross_inst/primary_addr_gray_reg[1]_syn_5)
SYN-1001 : 	kept net: Sdram_Control_4Port/write_fifo1/dcfifo_component/wr_to_rd_cross_inst/primary_addr_gray_reg[0](Sdram_Control_4Port/write_fifo1/dcfifo_component/wr_to_rd_cross_inst/primary_addr_gray_reg[0]_syn_5)
SYN-1001 : 	kept net: Sdram_Control_4Port/write_fifo1/dcfifo_component/wr_to_rd_cross_inst/sync_r1[9](Sdram_Control_4Port/write_fifo1/dcfifo_component/wr_to_rd_cross_inst/sync_r1[9]_syn_3)
SYN-1001 : 	kept net: Sdram_Control_4Port/write_fifo1/dcfifo_component/wr_to_rd_cross_inst/sync_r1[8](Sdram_Control_4Port/write_fifo1/dcfifo_component/wr_to_rd_cross_inst/sync_r1[8]_syn_3)
SYN-1001 : 	kept net: Sdram_Control_4Port/write_fifo1/dcfifo_component/wr_to_rd_cross_inst/sync_r1[7](Sdram_Control_4Port/write_fifo1/dcfifo_component/wr_to_rd_cross_inst/sync_r1[7]_syn_3)
SYN-1001 : 	kept net: Sdram_Control_4Port/write_fifo1/dcfifo_component/wr_to_rd_cross_inst/sync_r1[6](Sdram_Control_4Port/write_fifo1/dcfifo_component/wr_to_rd_cross_inst/sync_r1[6]_syn_3)
SYN-1001 : 	kept net: Sdram_Control_4Port/write_fifo1/dcfifo_component/wr_to_rd_cross_inst/sync_r1[5](Sdram_Control_4Port/write_fifo1/dcfifo_component/wr_to_rd_cross_inst/sync_r1[5]_syn_3)
SYN-1001 : 	kept net: Sdram_Control_4Port/write_fifo1/dcfifo_component/wr_to_rd_cross_inst/sync_r1[4](Sdram_Control_4Port/write_fifo1/dcfifo_component/wr_to_rd_cross_inst/sync_r1[4]_syn_3)
SYN-1001 : 	kept net: Sdram_Control_4Port/write_fifo1/dcfifo_component/wr_to_rd_cross_inst/sync_r1[3](Sdram_Control_4Port/write_fifo1/dcfifo_component/wr_to_rd_cross_inst/sync_r1[3]_syn_3)
SYN-1001 : 	kept net: Sdram_Control_4Port/write_fifo1/dcfifo_component/wr_to_rd_cross_inst/sync_r1[2](Sdram_Control_4Port/write_fifo1/dcfifo_component/wr_to_rd_cross_inst/sync_r1[2]_syn_3)
SYN-1001 : 	kept net: Sdram_Control_4Port/write_fifo1/dcfifo_component/wr_to_rd_cross_inst/sync_r1[1](Sdram_Control_4Port/write_fifo1/dcfifo_component/wr_to_rd_cross_inst/sync_r1[1]_syn_3)
SYN-1001 : 	kept net: Sdram_Control_4Port/write_fifo1/dcfifo_component/wr_to_rd_cross_inst/sync_r1[0](Sdram_Control_4Port/write_fifo1/dcfifo_component/wr_to_rd_cross_inst/sync_r1[0]_syn_3)
RUN-1104 : Import SDC file  finished, there are 80 nets kept by constraints.
RUN-1002 : start command "place"
RUN-1001 : Open license file C:/Anlogic/TD5.6.59063/license/Anlogic.lic
RUN-1001 : Print Global Property
RUN-1001 : ---------------------------------------------------------------
RUN-1001 :        Parameters        |  Settings  |  Default Values  |  Note  
RUN-1001 : ---------------------------------------------------------------
RUN-1001 :          message         |  standard  |     standard     |        
RUN-1001 :   mixed_pack_place_flow  |     on     |        on        |        
RUN-1001 :        qor_monitor       |    off     |       off        |        
RUN-1001 :        syn_ip_flow       |    off     |       off        |        
RUN-1001 :          thread          |    auto    |       auto       |        
RUN-1001 : ---------------------------------------------------------------
RUN-1001 : Print Place Property
RUN-1001 : --------------------------------------------------------------
RUN-1001 :        Parameters       |  Settings  |  Default Values  |  Note  
RUN-1001 : --------------------------------------------------------------
RUN-1001 :      detailed_place     |     on     |        on        |        
RUN-1001 :          effort         |   medium   |      medium      |        
RUN-1001 :         fix_hold        |    off     |       off        |        
RUN-1001 :       legalization      |    ori     |       ori        |        
RUN-1001 :      new_spreading      |     on     |        on        |        
RUN-1001 :        opt_timing       |   medium   |      medium      |        
RUN-1001 :   post_clock_route_opt  |    off     |       off        |        
RUN-1001 :       pr_strategy       |     1      |        1         |        
RUN-1001 :        relaxation       |    1.00    |       1.00       |        
RUN-1001 :         retiming        |    off     |       off        |        
RUN-1001 : --------------------------------------------------------------
PHY-3001 : Placer runs in 16 thread(s).
RUN-1002 : start command "legalize_phy_inst"
SYN-1011 : Flatten model test_camera
SYN-5055 WARNING: The kept net u_pll/clk3_out will be merged to another kept net clk_cam
SYN-5055 WARNING: The kept net u_camera_reader/clk will be merged to another kept net clk_cam
SYN-5055 WARNING: The kept net u_seg_4/data[19] will be merged to another kept net figuredata[19]
SYN-5055 WARNING: The kept net u_seg_4/data[18] will be merged to another kept net figuredata[18]
SYN-5055 WARNING: The kept net u_seg_4/data[17] will be merged to another kept net figuredata[17]
SYN-5055 WARNING: The kept net u_seg_4/data[16] will be merged to another kept net figuredata[16]
SYN-5055 WARNING: The kept net u_seg_4/data[15] will be merged to another kept net figuredata[15]
SYN-5055 WARNING: The kept net u_seg_4/data[14] will be merged to another kept net figuredata[14]
SYN-5055 WARNING: The kept net u_seg_4/data[13] will be merged to another kept net figuredata[13]
SYN-5055 WARNING: The kept net u_seg_4/data[12] will be merged to another kept net figuredata[12]
SYN-5055 Similar messages will be suppressed.
RUN-1002 : start command "phys_opt -simplify_lut"
SYN-4016 : Net Sdram_Control_4Port/CTRL_CLK driven by BUFG (294 clock/control pins, 1 other pins).
SYN-4027 : Net Sdram_Control_4Port/SDRAM_CLK is clkc1 of pll u_pll/pll_inst.
SYN-4027 : Net vga_clk_dup_1 is clkc2 of pll u_pll/pll_inst.
SYN-4027 : Net clk_cam is clkc3 of pll u_pll/pll_inst.
SYN-4027 : Net u_camera_init/u_i2c_write/clk is clkc4 of pll u_pll/pll_inst.
SYN-4019 : Net clk_24m_dup_1 is refclk of pll u_pll/pll_inst.
SYN-4020 : Net clk_24m_dup_1 is fbclk of pll u_pll/pll_inst.
SYN-4024 : Net "u_image_process/u_Median_Gray_3/u_three_martix/csi_pclk" drives clk pins.
SYN-4024 : Net "u_camera_init/divider2[8]" drives clk pins.
SYN-4024 : Net "u_camera_init/divider2[7]" drives clk pins.
SYN-4024 : Net "u_image_select/mode[3]_syn_26" drives clk pins.
SYN-4024 : Net "u_image_process/wrreq" drives clk pins.
SYN-4025 : Tag rtl::Net Sdram_Control_4Port/CTRL_CLK as clock net
SYN-4025 : Tag rtl::Net Sdram_Control_4Port/SDRAM_CLK as clock net
SYN-4025 : Tag rtl::Net clk_24m_dup_1 as clock net
SYN-4025 : Tag rtl::Net clk_cam as clock net
SYN-4025 : Tag rtl::Net u_camera_init/divider2[7] as clock net
SYN-4025 : Tag rtl::Net u_camera_init/divider2[8] as clock net
SYN-4025 : Tag rtl::Net u_camera_init/u_i2c_write/clk as clock net
SYN-4025 : Tag rtl::Net u_image_process/u_Median_Gray_3/u_three_martix/csi_pclk as clock net
SYN-4025 : Tag rtl::Net u_image_process/wrreq as clock net
SYN-4025 : Tag rtl::Net u_image_select/mode[3]_syn_26 as clock net
SYN-4025 : Tag rtl::Net vga_clk_dup_1 as clock net
SYN-4026 : Tagged 11 rtl::Net as clock net
SYN-4015 : Create BUFG instance for clk Net u_camera_init/divider2[8] to drive 32 clock pins.
SYN-4015 : Create BUFG instance for clk Net u_camera_init/divider2[7] to drive 18 clock pins.
SYN-4015 : Create BUFG instance for clk Net u_image_select/mode[3]_syn_26 to drive 17 clock pins.
SYN-4015 : Create BUFG instance for clk Net u_image_process/wrreq to drive 16 clock pins.
PHY-1001 : Populate physical database on model test_camera.
RUN-1001 : There are total 5703 instances
RUN-0007 : 2311 luts, 1985 seqs, 792 mslices, 443 lslices, 144 pads, 14 brams, 5 dsps
RUN-1001 : There are total 6841 nets
RUN-6004 WARNING: There are 2 nets with only 1 pin.
RUN-1001 : 4632 nets have 2 pins
RUN-1001 : 1428 nets have [3 - 5] pins
RUN-1001 : 614 nets have [6 - 10] pins
RUN-1001 : 88 nets have [11 - 20] pins
RUN-1001 : 70 nets have [21 - 99] pins
RUN-1001 : 7 nets have 100+ pins
RUN-1001 : Report Control nets information:
RUN-1001 : DFF Distribution
RUN-1001 : ----------------------------------
RUN-1001 :   CE   |  SSR  |  ASR  |  DFF Count  
RUN-1001 : ----------------------------------
RUN-1001 :   No   |  No   |  No   |     85      
RUN-1001 :   No   |  No   |  Yes  |    1289     
RUN-1001 :   No   |  Yes  |  No   |     34      
RUN-1001 :   Yes  |  No   |  No   |     66      
RUN-1001 :   Yes  |  No   |  Yes  |     487     
RUN-1001 :   Yes  |  Yes  |  No   |     24      
RUN-1001 : ----------------------------------
RUN-0007 : Control Group Statistic
RUN-0007 : ---------------------------
RUN-0007 :   #CLK  |  #CE  |  #SSR/ASR  
RUN-0007 : ---------------------------
RUN-0007 :    58   |  34   |    100     
RUN-0007 : ---------------------------
RUN-0007 : Control Set = 193
PHY-3001 : Initial placement ...
PHY-3001 : design contains 5701 instances, 2311 luts, 1985 seqs, 1235 slices, 239 macros(1234 instances: 791 mslices 443 lslices)
PHY-3001 : Huge net cam_rst_dup_27 with 1600 pins
PHY-0007 : Cell area utilization is 24%
PHY-3001 : Start timing update ...
RUN-1002 : start command "start_timer -report"
TMR-2505 : Start building timing graph for model test_camera.
TMR-2506 : Build timing graph completely. Port num: 21, tpin num: 26873, tnet num: 6839, tinst num: 5701, tnode num: 33350, tedge num: 44524.
TMR-2508 : Levelizing timing graph completed, there are 291 levels in total.
TMR-2501 : Timing graph initialized successfully.
RUN-1003 : finish command "start_timer -report" in  1.095940s wall, 1.093750s user + 0.015625s system = 1.109375s CPU (101.2%)

RUN-1004 : used memory is 262 MB, reserved memory is 240 MB, peak memory is 262 MB
TMR-2503 : Start to update net delay, extr mode = 2.
TMR-2504 : Update delay of 6839 nets completely.
TMR-2502 : Annotate delay completely, extr mode = 2.
TMR-3001 : Initiate 0 clocks from SDC.
TMR-3004 : Map sdc constraints, there are 2 constraints in total.
TMR-3003 : Constraints initiated successfully.
TMR-3501 : Forward propagation: start to calculate arrival time...
TMR-3502 : Backward propagation: start to calculate required time...
TMR-3503 : Timing propagation completes.
PHY-3001 : End timing update;  1.225309s wall, 1.218750s user + 0.015625s system = 1.234375s CPU (100.7%)

PHY-3001 : Global placement ...
PHY-3001 : Initial: Len = 1.65007e+06
PHY-3001 : Clustering ...
PHY-3001 : Level 0 #clusters 5701.
PHY-3001 : End clustering;  0.000011s wall, 0.000000s user + 0.000000s system = 0.000000s CPU (n/a%)

PHY-3001 : Run with size of 4
PHY-3001 : Cell area utilization is 24%
PHY-3001 : :::0::: Try harder cell spreading with beta_ = 0
PHY-3002 : Step(1): len = 1.08896e+06, overlap = 46.25
PHY-3002 : Step(2): len = 951285, overlap = 46.75
PHY-3002 : Step(3): len = 562796, overlap = 69.5938
PHY-3002 : Step(4): len = 516358, overlap = 62.8125
PHY-3002 : Step(5): len = 402939, overlap = 60.4062
PHY-3002 : Step(6): len = 367289, overlap = 93.2812
PHY-3002 : Step(7): len = 325463, overlap = 129.781
PHY-3002 : Step(8): len = 300097, overlap = 152.781
PHY-3002 : Step(9): len = 251877, overlap = 175.844
PHY-3002 : Step(10): len = 228821, overlap = 180.156
PHY-3002 : Step(11): len = 218777, overlap = 183.125
PHY-3002 : Step(12): len = 200214, overlap = 201.906
PHY-3002 : Step(13): len = 187044, overlap = 224.75
PHY-3002 : Step(14): len = 172326, overlap = 245.906
PHY-3002 : Step(15): len = 163635, overlap = 248.812
PHY-3002 : Step(16): len = 157890, overlap = 255.438
PHY-3002 : Step(17): len = 150629, overlap = 270.438
PHY-3001 : :::1::: Try harder cell spreading with beta_ = 1.29062e-05
PHY-3002 : Step(18): len = 162528, overlap = 220.062
PHY-3002 : Step(19): len = 167324, overlap = 192.625
PHY-3002 : Step(20): len = 155397, overlap = 166.844
PHY-3002 : Step(21): len = 157128, overlap = 160.75
PHY-3002 : Step(22): len = 160707, overlap = 152.375
PHY-3002 : Step(23): len = 157633, overlap = 147.594
PHY-3002 : Step(24): len = 157957, overlap = 154.5
PHY-3002 : Step(25): len = 153696, overlap = 141.312
PHY-3002 : Step(26): len = 150908, overlap = 136.969
PHY-3002 : Step(27): len = 146599, overlap = 131.188
PHY-3002 : Step(28): len = 145298, overlap = 118.094
PHY-3002 : Step(29): len = 145305, overlap = 114.062
PHY-3002 : Step(30): len = 140687, overlap = 117
PHY-3002 : Step(31): len = 139708, overlap = 115.531
PHY-3002 : Step(32): len = 139068, overlap = 116.719
PHY-3001 : :::2::: Try harder cell spreading with beta_ = 2.58124e-05
PHY-3002 : Step(33): len = 137601, overlap = 117.562
PHY-3002 : Step(34): len = 137573, overlap = 117.875
PHY-3002 : Step(35): len = 137972, overlap = 115.75
PHY-3001 : :::3::: Try harder cell spreading with beta_ = 5.16248e-05
PHY-3002 : Step(36): len = 139611, overlap = 114.188
PHY-3002 : Step(37): len = 139800, overlap = 113.406
PHY-3002 : Step(38): len = 140735, overlap = 110.594
PHY-3001 : :::4::: Try harder cell spreading with beta_ = 0.00010325
PHY-3002 : Step(39): len = 140708, overlap = 107.906
PHY-3002 : Step(40): len = 140754, overlap = 107.062
PHY-3002 : Step(41): len = 144833, overlap = 95.8125
PHY-3002 : Step(42): len = 147434, overlap = 92.2188
PHY-3002 : Step(43): len = 147047, overlap = 92.5938
PHY-3002 : Step(44): len = 147073, overlap = 93.2188
PHY-3002 : Step(45): len = 147441, overlap = 94.625
PHY-3002 : Step(46): len = 146935, overlap = 93.3438
PHY-3002 : Step(47): len = 146286, overlap = 95.625
PHY-3001 : :::5::: Try harder cell spreading with beta_ = 0.000206499
PHY-3002 : Step(48): len = 146390, overlap = 96.125
PHY-3002 : Step(49): len = 146212, overlap = 96.25
PHY-3002 : Step(50): len = 146056, overlap = 90.8438
PHY-3001 : :::6::: Try harder cell spreading with beta_ = 0.000412998
PHY-3002 : Step(51): len = 146580, overlap = 86.5938
PHY-3002 : Step(52): len = 146563, overlap = 86.5312
PHY-3001 : :::7::: Try harder cell spreading with beta_ = 0.000825997
PHY-3002 : Step(53): len = 146743, overlap = 86.4062
PHY-3002 : Step(54): len = 146822, overlap = 84.1562
PHY-3001 : Legalization ...
PHY-3001 : End legalization;  0.018079s wall, 0.015625s user + 0.000000s system = 0.015625s CPU (86.4%)

PHY-3001 : Run with size of 4
PHY-3001 : Cell area utilization is 30%
PHY-3001 : Update timing in Manhattan mode ...
TMR-2503 : Start to update net delay, extr mode = 3.
TMR-2504 : Update delay of 6839 nets completely.
TMR-2502 : Annotate delay completely, extr mode = 3.
TMR-3501 : Forward propagation: start to calculate arrival time...
TMR-3502 : Backward propagation: start to calculate required time...
TMR-3503 : Timing propagation completes.
PHY-3001 : End timing update;  0.126274s wall, 0.125000s user + 0.000000s system = 0.125000s CPU (99.0%)

PHY-3001 : :::0::: Try harder cell spreading with beta_ = 5.8085e-06
PHY-3002 : Step(55): len = 150478, overlap = 175.469
PHY-3002 : Step(56): len = 150634, overlap = 181.375
PHY-3002 : Step(57): len = 141613, overlap = 194.688
PHY-3002 : Step(58): len = 142695, overlap = 196.812
PHY-3002 : Step(59): len = 135741, overlap = 198.469
PHY-3002 : Step(60): len = 135690, overlap = 198.719
PHY-3002 : Step(61): len = 133034, overlap = 202.125
PHY-3002 : Step(62): len = 132696, overlap = 201.281
PHY-3002 : Step(63): len = 132066, overlap = 199.906
PHY-3001 : :::1::: Try harder cell spreading with beta_ = 1.1617e-05
PHY-3002 : Step(64): len = 131624, overlap = 198.281
PHY-3002 : Step(65): len = 131624, overlap = 198.281
PHY-3002 : Step(66): len = 131997, overlap = 195
PHY-3002 : Step(67): len = 132192, overlap = 194.219
PHY-3002 : Step(68): len = 133273, overlap = 194.469
PHY-3001 : :::2::: Try harder cell spreading with beta_ = 2.3234e-05
PHY-3002 : Step(69): len = 134205, overlap = 193.281
PHY-3002 : Step(70): len = 134633, overlap = 189.688
PHY-3002 : Step(71): len = 135029, overlap = 189.188
PHY-3001 : :::3::: Try harder cell spreading with beta_ = 4.6468e-05
PHY-3002 : Step(72): len = 140575, overlap = 182.5
PHY-3002 : Step(73): len = 141181, overlap = 177.625
PHY-3002 : Step(74): len = 145822, overlap = 146.5
PHY-3002 : Step(75): len = 147638, overlap = 153.688
PHY-3002 : Step(76): len = 148723, overlap = 147.812
PHY-3001 : :::4::: Try harder cell spreading with beta_ = 9.29359e-05
PHY-3002 : Step(77): len = 146350, overlap = 150.375
PHY-3002 : Step(78): len = 146118, overlap = 149.75
PHY-3002 : Step(79): len = 143968, overlap = 148.125
PHY-3001 : :::5::: Try harder cell spreading with beta_ = 0.000185872
PHY-3002 : Step(80): len = 145568, overlap = 140.625
PHY-3002 : Step(81): len = 146255, overlap = 139.969
PHY-3002 : Step(82): len = 147514, overlap = 135.438
PHY-3001 : :::6::: Try harder cell spreading with beta_ = 0.000371744
PHY-3002 : Step(83): len = 147345, overlap = 130.25
PHY-3002 : Step(84): len = 148562, overlap = 122.719
PHY-3002 : Step(85): len = 148946, overlap = 123.062
PHY-3002 : Step(86): len = 147044, overlap = 124.438
PHY-3002 : Step(87): len = 144985, overlap = 114.312
PHY-3002 : Step(88): len = 144254, overlap = 112.094
PHY-3002 : Step(89): len = 141330, overlap = 110.938
PHY-3002 : Step(90): len = 140303, overlap = 113.344
PHY-3002 : Step(91): len = 140042, overlap = 115.656
PHY-3001 : :::7::: Try harder cell spreading with beta_ = 0.000743487
PHY-3002 : Step(92): len = 140301, overlap = 114.125
PHY-3002 : Step(93): len = 140346, overlap = 116.344
PHY-3001 : :::8::: Try harder cell spreading with beta_ = 0.00148697
PHY-3002 : Step(94): len = 140341, overlap = 115.812
PHY-3002 : Step(95): len = 140351, overlap = 115.906
PHY-3001 : Run with size of 2
PHY-3001 : Cell area utilization is 30%
PHY-3001 : Update timing in Manhattan mode ...
TMR-2503 : Start to update net delay, extr mode = 3.
TMR-2504 : Update delay of 6839 nets completely.
TMR-2502 : Annotate delay completely, extr mode = 3.
TMR-3501 : Forward propagation: start to calculate arrival time...
TMR-3502 : Backward propagation: start to calculate required time...
TMR-3503 : Timing propagation completes.
PHY-3001 : End timing update;  0.130776s wall, 0.125000s user + 0.000000s system = 0.125000s CPU (95.6%)

PHY-3001 : :::0::: Try harder cell spreading with beta_ = 1.70199e-05
PHY-3002 : Step(96): len = 145559, overlap = 294
PHY-3002 : Step(97): len = 146418, overlap = 290.656
PHY-3002 : Step(98): len = 143512, overlap = 292.75
PHY-3002 : Step(99): len = 143337, overlap = 291.938
PHY-3002 : Step(100): len = 142856, overlap = 288.438
PHY-3002 : Step(101): len = 140104, overlap = 283.75
PHY-3002 : Step(102): len = 140030, overlap = 288.656
PHY-3002 : Step(103): len = 139980, overlap = 289.25
PHY-3001 : :::1::: Try harder cell spreading with beta_ = 3.40398e-05
PHY-3002 : Step(104): len = 143040, overlap = 279.531
PHY-3002 : Step(105): len = 143040, overlap = 279.531
PHY-3002 : Step(106): len = 142697, overlap = 274.438
PHY-3001 : :::2::: Try harder cell spreading with beta_ = 6.80796e-05
PHY-3002 : Step(107): len = 149916, overlap = 241.375
PHY-3002 : Step(108): len = 151259, overlap = 238.062
PHY-3002 : Step(109): len = 155299, overlap = 208.438
PHY-3002 : Step(110): len = 156099, overlap = 200
PHY-3002 : Step(111): len = 156108, overlap = 192.719
PHY-3002 : Step(112): len = 153100, overlap = 185.5
PHY-3002 : Step(113): len = 153100, overlap = 185.5
PHY-3002 : Step(114): len = 151809, overlap = 188.125
PHY-3001 : :::3::: Try harder cell spreading with beta_ = 0.000136159
PHY-3002 : Step(115): len = 154492, overlap = 173.312
PHY-3002 : Step(116): len = 155180, overlap = 172.75
PHY-3002 : Step(117): len = 157322, overlap = 158.156
PHY-3001 : :::4::: Try harder cell spreading with beta_ = 0.000272318
PHY-3002 : Step(118): len = 157537, overlap = 149.594
PHY-3002 : Step(119): len = 158230, overlap = 147.125
PHY-3002 : Step(120): len = 159909, overlap = 142.375
PHY-3001 : :::5::: Try harder cell spreading with beta_ = 0.000544637
PHY-3002 : Step(121): len = 161662, overlap = 135.312
PHY-3002 : Step(122): len = 162290, overlap = 136.281
PHY-3002 : Step(123): len = 163145, overlap = 126.969
PHY-3002 : Step(124): len = 163667, overlap = 125.594
PHY-3002 : Step(125): len = 163726, overlap = 121.094
PHY-3001 : :::6::: Try harder cell spreading with beta_ = 0.00108927
PHY-3002 : Step(126): len = 164201, overlap = 122.094
PHY-3002 : Step(127): len = 164473, overlap = 121.344
PHY-3001 : :::7::: Try harder cell spreading with beta_ = 0.00181789
PHY-3002 : Step(128): len = 164827, overlap = 117.844
PHY-3002 : Step(129): len = 165028, overlap = 116
OPT-1001 : Start physical optimization ...
RUN-1002 : start command "start_timer -report"
TMR-2505 : Start building timing graph for model test_camera.
TMR-2506 : Build timing graph completely. Port num: 21, tpin num: 26873, tnet num: 6839, tinst num: 5701, tnode num: 33350, tedge num: 44524.
TMR-2508 : Levelizing timing graph completed, there are 291 levels in total.
TMR-2501 : Timing graph initialized successfully.
RUN-1003 : finish command "start_timer -report" in  1.148002s wall, 1.156250s user + 0.000000s system = 1.156250s CPU (100.7%)

RUN-1004 : used memory is 258 MB, reserved memory is 236 MB, peak memory is 270 MB
OPT-1001 : Total overflow 347.28 peak overflow 4.56
OPT-1001 : Start high-fanout net optimization ...
OPT-1001 : Update timing in global mode
PHY-1001 : Start incremental global routing, caller is place ...
RUN-1001 : Generating global routing grids ...
RUN-1001 : Building simple global routing graph ...
PHY-1001 : Generate routing nets ...
PHY-1001 : Reuse net number 0/6841.
PHY-1001 : Global iterations in 16 thread ...
PHY-1002 : len = 195176, over cnt = 838(2%), over = 3204, worst = 25
PHY-1001 : End global iterations;  0.383918s wall, 0.515625s user + 0.046875s system = 0.562500s CPU (146.5%)

PHY-1001 : Congestion index: top1 = 47.35, top5 = 36.17, top10 = 30.47, top15 = 26.55.
PHY-1001 : End incremental global routing;  0.482861s wall, 0.609375s user + 0.062500s system = 0.671875s CPU (139.1%)

TMR-2503 : Start to update net delay, extr mode = 5.
TMR-2504 : Update delay of 6839 nets completely.
TMR-2502 : Annotate delay completely, extr mode = 5.
TMR-3001 : Initiate 0 clocks from SDC.
TMR-3004 : Map sdc constraints, there are 2 constraints in total.
TMR-3003 : Constraints initiated successfully.
TMR-3501 : Forward propagation: start to calculate arrival time...
TMR-3502 : Backward propagation: start to calculate required time...
TMR-3503 : Timing propagation completes.
OPT-1001 : End timing update;  0.160069s wall, 0.156250s user + 0.000000s system = 0.156250s CPU (97.6%)

OPT-1001 : 0 high-fanout net processed.
OPT-1001 : End high-fanout net optimization;  0.752481s wall, 0.875000s user + 0.062500s system = 0.937500s CPU (124.6%)

OPT-1001 : Current memory(MB): used = 296, reserve = 274, peak = 296.
OPT-1001 : Start global optimization ...
OPT-1001 : Start congestion update ...
RUN-1001 : Generating global routing grids ...
PHY-1001 : Generate routing nets ...
PHY-1001 : Reuse net number 5030/6841.
PHY-1001 : Global iterations in 16 thread ...
PHY-1002 : len = 195176, over cnt = 838(2%), over = 3204, worst = 25
PHY-1002 : len = 213704, over cnt = 531(1%), over = 1359, worst = 18
PHY-1002 : len = 223880, over cnt = 194(0%), over = 418, worst = 13
PHY-1002 : len = 227392, over cnt = 90(0%), over = 167, worst = 10
PHY-1002 : len = 229656, over cnt = 0(0%), over = 0, worst = 0
PHY-1001 : End global iterations;  0.423499s wall, 0.562500s user + 0.000000s system = 0.562500s CPU (132.8%)

PHY-1001 : Congestion index: top1 = 41.47, top5 = 33.09, top10 = 29.02, top15 = 26.19.
OPT-1001 : End congestion update;  0.513913s wall, 0.656250s user + 0.000000s system = 0.656250s CPU (127.7%)

OPT-1001 : Update timing in Manhattan mode
TMR-2503 : Start to update net delay, extr mode = 3.
TMR-2504 : Update delay of 6839 nets completely.
TMR-2502 : Annotate delay completely, extr mode = 3.
TMR-3501 : Forward propagation: start to calculate arrival time...
TMR-3502 : Backward propagation: start to calculate required time...
TMR-3503 : Timing propagation completes.
OPT-1001 : End timing update;  0.122258s wall, 0.125000s user + 0.000000s system = 0.125000s CPU (102.2%)

OPT-0007 : Start: WNS 4420 TNS 0 NUM_FEPS 0
OPT-1001 : End global optimization;  0.636308s wall, 0.781250s user + 0.000000s system = 0.781250s CPU (122.8%)

OPT-1001 : Current memory(MB): used = 301, reserve = 280, peak = 301.
OPT-1001 : End physical optimization;  2.586597s wall, 2.859375s user + 0.062500s system = 2.921875s CPU (113.0%)

PHY-3001 : Start packing ...
SYN-4007 : Packing 0 MUX to BLE ...
SYN-4008 : Packed 0 MUX and 0 SEQ to BLE.
SYN-4007 : Packing 2311 LUT to BLE ...
SYN-4008 : Packed 2311 LUT and 1022 SEQ to BLE.
SYN-4003 : Packing 963 remaining SEQ's ...
SYN-4005 : Packed 602 SEQ with LUT/SLICE
SYN-4006 : 868 single LUT's are left
SYN-4006 : 361 single SEQ's are left
SYN-4011 : Packing model "test_camera" (AL_USER_NORMAL) with 2672/5097 primitive instances ...
PHY-3001 : End packing;  0.242877s wall, 0.234375s user + 0.000000s system = 0.234375s CPU (96.5%)

PHY-1001 : Populate physical database on model test_camera.
RUN-1001 : There are total 2910 instances
RUN-1001 : 1369 mslices, 1369 lslices, 144 pads, 14 brams, 5 dsps
RUN-1001 : There are total 5883 nets
RUN-6004 WARNING: There are 2 nets with only 1 pin.
RUN-1001 : 3640 nets have 2 pins
RUN-1001 : 1448 nets have [3 - 5] pins
RUN-1001 : 631 nets have [6 - 10] pins
RUN-1001 : 86 nets have [11 - 20] pins
RUN-1001 : 69 nets have [21 - 99] pins
RUN-1001 : 7 nets have 100+ pins
PHY-3001 : design contains 2908 instances, 2738 slices, 239 macros(1234 instances: 791 mslices 443 lslices)
PHY-3001 : Cell area utilization is 34%
PHY-3001 : After packing: Len = 167005, Over = 157.5
PHY-3001 : Run with size of 2
PHY-3001 : Cell area utilization is 34%
PHY-3001 : Update timing in Manhattan mode ...
RUN-1002 : start command "start_timer -report"
TMR-2505 : Start building timing graph for model test_camera.
TMR-2506 : Build timing graph completely. Port num: 21, tpin num: 23489, tnet num: 5881, tinst num: 2908, tnode num: 28214, tedge num: 40598.
TMR-2508 : Levelizing timing graph completed, there are 289 levels in total.
TMR-2501 : Timing graph initialized successfully.
RUN-1003 : finish command "start_timer -report" in  1.224415s wall, 1.234375s user + 0.000000s system = 1.234375s CPU (100.8%)

RUN-1004 : used memory is 303 MB, reserved memory is 284 MB, peak memory is 303 MB
TMR-2503 : Start to update net delay, extr mode = 3.
TMR-2504 : Update delay of 5881 nets completely.
TMR-2502 : Annotate delay completely, extr mode = 3.
TMR-3001 : Initiate 0 clocks from SDC.
TMR-3004 : Map sdc constraints, there are 2 constraints in total.
TMR-3003 : Constraints initiated successfully.
TMR-3501 : Forward propagation: start to calculate arrival time...
TMR-3502 : Backward propagation: start to calculate required time...
TMR-3503 : Timing propagation completes.
PHY-3001 : End timing update;  1.351212s wall, 1.359375s user + 0.000000s system = 1.359375s CPU (100.6%)

PHY-3001 : :::0::: Try harder cell spreading with beta_ = 2.71322e-05
PHY-3002 : Step(130): len = 162115, overlap = 163.5
PHY-3002 : Step(131): len = 161069, overlap = 165.75
PHY-3002 : Step(132): len = 156544, overlap = 173.75
PHY-3002 : Step(133): len = 154872, overlap = 181.75
PHY-3002 : Step(134): len = 153533, overlap = 186.25
PHY-3002 : Step(135): len = 151768, overlap = 190.5
PHY-3002 : Step(136): len = 151490, overlap = 191
PHY-3002 : Step(137): len = 150244, overlap = 198
PHY-3002 : Step(138): len = 150170, overlap = 200.25
PHY-3002 : Step(139): len = 149318, overlap = 203
PHY-3001 : :::1::: Try harder cell spreading with beta_ = 5.42644e-05
PHY-3002 : Step(140): len = 154394, overlap = 188.25
PHY-3002 : Step(141): len = 155360, overlap = 186
PHY-3002 : Step(142): len = 156872, overlap = 184.75
PHY-3002 : Step(143): len = 157166, overlap = 185.5
PHY-3002 : Step(144): len = 158290, overlap = 169.75
PHY-3001 : :::2::: Try harder cell spreading with beta_ = 0.000108529
PHY-3002 : Step(145): len = 160924, overlap = 168.25
PHY-3002 : Step(146): len = 161960, overlap = 163.75
PHY-3002 : Step(147): len = 163891, overlap = 163
PHY-3001 : Legalization ...
PHY-3001 : End legalization;  0.346957s wall, 0.218750s user + 0.609375s system = 0.828125s CPU (238.7%)

PHY-3001 : Trial Legalized: Len = 206270
PHY-3001 : Run with size of 2
PHY-3001 : Cell area utilization is 32%
PHY-3001 : Update timing in Manhattan mode ...
TMR-2503 : Start to update net delay, extr mode = 3.
TMR-2504 : Update delay of 5881 nets completely.
TMR-2502 : Annotate delay completely, extr mode = 3.
TMR-3501 : Forward propagation: start to calculate arrival time...
TMR-3502 : Backward propagation: start to calculate required time...
TMR-3503 : Timing propagation completes.
PHY-3001 : End timing update;  0.114537s wall, 0.109375s user + 0.000000s system = 0.109375s CPU (95.5%)

PHY-3001 : :::0::: Try harder cell spreading with beta_ = 0.000187846
PHY-3002 : Step(148): len = 191625, overlap = 12.75
PHY-3002 : Step(149): len = 182444, overlap = 35
PHY-3002 : Step(150): len = 179503, overlap = 41.25
PHY-3002 : Step(151): len = 178683, overlap = 45
PHY-3002 : Step(152): len = 176766, overlap = 53.25
PHY-3002 : Step(153): len = 175717, overlap = 57.5
PHY-3002 : Step(154): len = 175384, overlap = 58.5
PHY-3001 : :::1::: Try harder cell spreading with beta_ = 0.000375692
PHY-3002 : Step(155): len = 176728, overlap = 57.5
PHY-3002 : Step(156): len = 177336, overlap = 57.25
PHY-3002 : Step(157): len = 178163, overlap = 55.5
PHY-3001 : :::2::: Try harder cell spreading with beta_ = 0.000751385
PHY-3002 : Step(158): len = 179238, overlap = 53.25
PHY-3002 : Step(159): len = 179558, overlap = 52.75
PHY-3001 : Legalization ...
PHY-3001 : End legalization;  0.007978s wall, 0.000000s user + 0.000000s system = 0.000000s CPU (n/a%)

PHY-3001 : Legalized: Len = 191874, Over = 0
PHY-3001 : Spreading special nets. 35 overflows in 2952 tiles.
PHY-3001 : End spreading;  0.019646s wall, 0.031250s user + 0.000000s system = 0.031250s CPU (159.1%)

PHY-3001 : 45 instances has been re-located, deltaX = 8, deltaY = 33, maxDist = 2.
PHY-3001 : Final: Len = 192973, Over = 0
OPT-1001 : Start physical optimization ...
RUN-1002 : start command "start_timer -report"
TMR-2505 : Start building timing graph for model test_camera.
TMR-2506 : Build timing graph completely. Port num: 21, tpin num: 23489, tnet num: 5881, tinst num: 2908, tnode num: 28214, tedge num: 40598.
TMR-2508 : Levelizing timing graph completed, there are 289 levels in total.
TMR-2501 : Timing graph initialized successfully.
RUN-1003 : finish command "start_timer -report" in  1.262026s wall, 1.265625s user + 0.000000s system = 1.265625s CPU (100.3%)

RUN-1004 : used memory is 300 MB, reserved memory is 283 MB, peak memory is 308 MB
OPT-1001 : Total overflow 0.00 peak overflow 0.00
OPT-1001 : Start high-fanout net optimization ...
OPT-1001 : Update timing in global mode
PHY-1001 : Start incremental global routing, caller is place ...
RUN-1001 : Generating global routing grids ...
PHY-1001 : Generate routing nets ...
PHY-1001 : Reuse net number 196/5883.
PHY-1001 : Global iterations in 16 thread ...
PHY-1002 : len = 236792, over cnt = 672(1%), over = 1091, worst = 7
PHY-1002 : len = 240904, over cnt = 391(1%), over = 573, worst = 7
PHY-1002 : len = 246192, over cnt = 101(0%), over = 136, worst = 6
PHY-1002 : len = 247072, over cnt = 57(0%), over = 72, worst = 3
PHY-1002 : len = 248040, over cnt = 0(0%), over = 0, worst = 0
PHY-1001 : End global iterations;  0.749852s wall, 0.937500s user + 0.000000s system = 0.937500s CPU (125.0%)

PHY-1001 : Congestion index: top1 = 35.22, top5 = 29.96, top10 = 26.98, top15 = 24.87.
PHY-1001 : End incremental global routing;  0.883401s wall, 1.078125s user + 0.000000s system = 1.078125s CPU (122.0%)

TMR-2503 : Start to update net delay, extr mode = 5.
TMR-2504 : Update delay of 5881 nets completely.
TMR-2502 : Annotate delay completely, extr mode = 5.
TMR-3001 : Initiate 0 clocks from SDC.
TMR-3004 : Map sdc constraints, there are 2 constraints in total.
TMR-3003 : Constraints initiated successfully.
TMR-3501 : Forward propagation: start to calculate arrival time...
TMR-3502 : Backward propagation: start to calculate required time...
TMR-3503 : Timing propagation completes.
OPT-1001 : End timing update;  0.149778s wall, 0.156250s user + 0.000000s system = 0.156250s CPU (104.3%)

OPT-1001 : 0 high-fanout net processed.
OPT-1001 : End high-fanout net optimization;  1.152063s wall, 1.343750s user + 0.000000s system = 1.343750s CPU (116.6%)

OPT-1001 : Current memory(MB): used = 309, reserve = 290, peak = 309.
OPT-1001 : Start path based optimization ...
OPT-1001 : Start congestion update ...
RUN-1001 : Generating global routing grids ...
PHY-1001 : Generate routing nets ...
PHY-1001 : Reuse net number 4967/5883.
PHY-1001 : Global iterations in 16 thread ...
PHY-1002 : len = 248040, over cnt = 0(0%), over = 0, worst = 0
PHY-1001 : End global iterations;  0.028579s wall, 0.015625s user + 0.000000s system = 0.015625s CPU (54.7%)

PHY-1001 : Congestion index: top1 = 35.22, top5 = 29.96, top10 = 26.98, top15 = 24.87.
OPT-1001 : End congestion update;  0.131999s wall, 0.140625s user + 0.000000s system = 0.140625s CPU (106.5%)

OPT-1001 : Update timing in Manhattan mode
TMR-2503 : Start to update net delay, extr mode = 3.
TMR-2504 : Update delay of 5881 nets completely.
TMR-2502 : Annotate delay completely, extr mode = 3.
TMR-3501 : Forward propagation: start to calculate arrival time...
TMR-3502 : Backward propagation: start to calculate required time...
TMR-3503 : Timing propagation completes.
OPT-1001 : End timing update;  0.135692s wall, 0.125000s user + 0.000000s system = 0.125000s CPU (92.1%)

OPT-0007 : Start: WNS 4295 TNS 0 NUM_FEPS 0
OPT-1001 : End path based optimization;  0.267819s wall, 0.265625s user + 0.000000s system = 0.265625s CPU (99.2%)

OPT-1001 : Current memory(MB): used = 312, reserve = 293, peak = 312.
OPT-1001 : Update timing in Manhattan mode
TMR-2503 : Start to update net delay, extr mode = 3.
TMR-2504 : Update delay of 5881 nets completely.
TMR-2502 : Annotate delay completely, extr mode = 3.
TMR-3501 : Forward propagation: start to calculate arrival time...
TMR-3502 : Backward propagation: start to calculate required time...
TMR-3503 : Timing propagation completes.
OPT-1001 : End timing update;  0.137503s wall, 0.140625s user + 0.000000s system = 0.140625s CPU (102.3%)

OPT-1001 : Start pin optimization...
OPT-1001 : skip pin optimization...
OPT-1001 : Update timing in global mode
PHY-1001 : Start incremental global routing, caller is place ...
RUN-1001 : Generating global routing grids ...
PHY-1001 : Generate routing nets ...
PHY-1001 : Reuse net number 4967/5883.
PHY-1001 : Global iterations in 16 thread ...
PHY-1002 : len = 248040, over cnt = 0(0%), over = 0, worst = 0
PHY-1001 : End global iterations;  0.027878s wall, 0.031250s user + 0.000000s system = 0.031250s CPU (112.1%)

PHY-1001 : Congestion index: top1 = 35.22, top5 = 29.96, top10 = 26.98, top15 = 24.87.
PHY-1001 : End incremental global routing;  0.131345s wall, 0.140625s user + 0.000000s system = 0.140625s CPU (107.1%)

TMR-2503 : Start to update net delay, extr mode = 5.
TMR-2504 : Update delay of 5881 nets completely.
TMR-2502 : Annotate delay completely, extr mode = 5.
TMR-3501 : Forward propagation: start to calculate arrival time...
TMR-3502 : Backward propagation: start to calculate required time...
TMR-3503 : Timing propagation completes.
OPT-1001 : End timing update;  0.167587s wall, 0.156250s user + 0.000000s system = 0.156250s CPU (93.2%)

RUN-1001 : Generating global routing grids ...
PHY-1001 : Generate routing nets ...
PHY-1001 : Reuse net number 4967/5883.
PHY-1001 : Global iterations in 16 thread ...
PHY-1002 : len = 248040, over cnt = 0(0%), over = 0, worst = 0
PHY-1001 : End global iterations;  0.028654s wall, 0.031250s user + 0.000000s system = 0.031250s CPU (109.1%)

PHY-1001 : Congestion index: top1 = 35.22, top5 = 29.96, top10 = 26.98, top15 = 24.87.
OPT-1001 : Update timing in Manhattan mode
TMR-2503 : Start to update net delay, extr mode = 3.
TMR-2504 : Update delay of 5881 nets completely.
TMR-2502 : Annotate delay completely, extr mode = 3.
TMR-3501 : Forward propagation: start to calculate arrival time...
TMR-3502 : Backward propagation: start to calculate required time...
TMR-3503 : Timing propagation completes.
OPT-1001 : End timing update;  0.135313s wall, 0.140625s user + 0.000000s system = 0.140625s CPU (103.9%)

RUN-1001 : QoR Analysis:
OPT-0007 :   WNS 4295 TNS 0 NUM_FEPS 0
RUN-1001 :   No local congestion issue, and most congested 1% tile average routing util is 34.827586
RUN-1001 :   Top critical paths
OPT-1001 : End physical optimization;  3.433694s wall, 3.625000s user + 0.000000s system = 3.625000s CPU (105.6%)

RUN-1003 : finish command "place" in  15.760258s wall, 26.656250s user + 7.109375s system = 33.765625s CPU (214.2%)

RUN-1004 : used memory is 300 MB, reserved memory is 281 MB, peak memory is 312 MB
RUN-1002 : start command "export_db ov2640_sdram_place.db"
RUN-1001 : Exported /
RUN-1001 : Exported flow parameters
RUN-1001 : Exported libs
RUN-1001 : Exported entities
RUN-1001 : Exported ports
RUN-1001 : Exported pins
RUN-1001 : Exported instances
RUN-1001 : Exported nets
RUN-1001 : Exported buses
RUN-1001 : Exported models
RUN-1001 : Exported congestions
RUN-1001 : Exported violations
RUN-1001 : Exported timing constraints
RUN-1001 : Exported IO constraints
RUN-1001 : Exported Inst constraints
RUN-1002 : start command "route"
RUN-1001 : Open license file C:/Anlogic/TD5.6.59063/license/Anlogic.lic
RUN-1001 : Print Global Property
RUN-1001 : ---------------------------------------------------------------
RUN-1001 :        Parameters        |  Settings  |  Default Values  |  Note  
RUN-1001 : ---------------------------------------------------------------
RUN-1001 :          message         |  standard  |     standard     |        
RUN-1001 :   mixed_pack_place_flow  |     on     |        on        |        
RUN-1001 :        qor_monitor       |    off     |       off        |        
RUN-1001 :        syn_ip_flow       |    off     |       off        |        
RUN-1001 :          thread          |    auto    |       auto       |        
RUN-1001 : ---------------------------------------------------------------
RUN-1001 : Print Route Property
RUN-1001 : -------------------------------------------------------
RUN-1001 :    Parameters    |  Settings  |  Default Values  |  Note  
RUN-1001 : -------------------------------------------------------
RUN-1001 :      effort      |   medium   |      medium      |        
RUN-1001 :     fix_hold     |    off     |       off        |        
RUN-1001 :    opt_timing    |   medium   |      medium      |        
RUN-1001 :   phy_sim_model  |    off     |       off        |        
RUN-1001 :     priority     |   timing   |      timing      |        
RUN-1001 :     swap_pin     |     on     |        on        |        
RUN-1001 : -------------------------------------------------------
PHY-1001 : Route runs in 16 thread(s)
RUN-1001 : There are total 2910 instances
RUN-1001 : 1369 mslices, 1369 lslices, 144 pads, 14 brams, 5 dsps
RUN-1001 : There are total 5883 nets
RUN-6004 WARNING: There are 2 nets with only 1 pin.
RUN-1001 : 3640 nets have 2 pins
RUN-1001 : 1448 nets have [3 - 5] pins
RUN-1001 : 631 nets have [6 - 10] pins
RUN-1001 : 86 nets have [11 - 20] pins
RUN-1001 : 69 nets have [21 - 99] pins
RUN-1001 : 7 nets have 100+ pins
RUN-1002 : start command "start_timer -report"
TMR-2505 : Start building timing graph for model test_camera.
TMR-2506 : Build timing graph completely. Port num: 21, tpin num: 23489, tnet num: 5881, tinst num: 2908, tnode num: 28214, tedge num: 40598.
TMR-2508 : Levelizing timing graph completed, there are 289 levels in total.
TMR-2501 : Timing graph initialized successfully.
RUN-1003 : finish command "start_timer -report" in  1.231806s wall, 1.234375s user + 0.000000s system = 1.234375s CPU (100.2%)

RUN-1004 : used memory is 306 MB, reserved memory is 287 MB, peak memory is 352 MB
PHY-1001 : 1369 mslices, 1369 lslices, 144 pads, 14 brams, 5 dsps
TMR-2503 : Start to update net delay, extr mode = 3.
TMR-2504 : Update delay of 5881 nets completely.
TMR-2502 : Annotate delay completely, extr mode = 3.
TMR-3001 : Initiate 0 clocks from SDC.
TMR-3004 : Map sdc constraints, there are 2 constraints in total.
TMR-3003 : Constraints initiated successfully.
TMR-3501 : Forward propagation: start to calculate arrival time...
TMR-3502 : Backward propagation: start to calculate required time...
TMR-3503 : Timing propagation completes.
PHY-1001 : Start global routing, caller is route ...
RUN-1001 : Generating global routing grids ...
PHY-1001 : Generate routing nets ...
PHY-1001 : Global iterations in 16 thread ...
PHY-1002 : len = 234264, over cnt = 671(1%), over = 1076, worst = 7
PHY-1002 : len = 238576, over cnt = 372(1%), over = 534, worst = 7
PHY-1002 : len = 243416, over cnt = 105(0%), over = 137, worst = 4
PHY-1002 : len = 245248, over cnt = 0(0%), over = 0, worst = 0
PHY-1001 : End global iterations;  0.727411s wall, 1.015625s user + 0.078125s system = 1.093750s CPU (150.4%)

PHY-1001 : Congestion index: top1 = 34.98, top5 = 29.85, top10 = 26.86, top15 = 24.73.
PHY-1001 : End global routing;  0.850985s wall, 1.140625s user + 0.078125s system = 1.218750s CPU (143.2%)

PHY-1001 : Start detail routing ...
PHY-1001 : Current memory(MB): used = 342, reserve = 323, peak = 352.
PHY-1001 : Detailed router is running in normal mode.
PHY-1001 : Generate detailed routing grids ...
PHY-1001 : Generate nets ...
PHY-1001 : net clk_24m_dup_1 will be routed on clock mesh
PHY-1001 : net clk_cam will be routed on clock mesh
PHY-1001 : net vga_clk_dup_1 will be routed on clock mesh
PHY-1001 : clock net Sdram_Control_4Port/CTRL_CLK will be merged with clock u_pll/clk0_buf
PHY-1001 : net Sdram_Control_4Port/SDRAM_CLK will be routed on clock mesh
PHY-1001 : clock net u_image_select/mode[3]_syn_28 will be merged with clock u_image_select/mode[3]_syn_26
PHY-1001 : clock net u_camera_init/divider2[8]_syn_4 will be merged with clock u_camera_init/divider2[8]
PHY-1001 : clock net u_camera_init/divider2[7]_syn_2 will be merged with clock u_camera_init/divider2[7]
PHY-1001 : net u_camera_init/u_i2c_write/clk will be routed on clock mesh
PHY-5010 WARNING: Net u_image_process/out_img_imy[1] is skipped due to 0 input or output
PHY-5010 WARNING: Net u_image_process/out_img_imy[0] is skipped due to 0 input or output
PHY-1001 : clock net u_image_process/wrreq_syn_2 will be merged with clock u_image_process/wrreq
PHY-1001 : net u_image_process/u_Median_Gray_3/u_three_martix/csi_pclk will be routed on clock mesh
PHY-5010 WARNING: Net u_image_process/out_img_imy[1] is skipped due to 0 input or output
PHY-5010 WARNING: Net u_image_process/out_img_imy[0] is skipped due to 0 input or output
PHY-1001 : Current memory(MB): used = 597, reserve = 581, peak = 597.
PHY-1001 : End build detailed router design. 3.877651s wall, 3.843750s user + 0.031250s system = 3.875000s CPU (99.9%)

PHY-1001 : Detail Route ...
PHY-1001 : ===== Detail Route Phase 1 =====
PHY-1001 : Clock net routing.....
PHY-1001 : Routed 0% nets.
PHY-1022 : len = 73536, over cnt = 0(0%), over = 0, worst = 0, crit = 0
PHY-1001 : End initial clock net routed; 4.159084s wall, 4.140625s user + 0.015625s system = 4.156250s CPU (99.9%)

PHY-1001 : Current memory(MB): used = 630, reserve = 616, peak = 630.
PHY-1001 : End phase 1; 4.165117s wall, 4.140625s user + 0.015625s system = 4.156250s CPU (99.8%)

PHY-1001 : ===== Detail Route Phase 2 =====
PHY-1001 : Initial routing.....
PHY-1001 : Routed 20% nets.
PHY-1001 : Routed 25% nets.
PHY-1001 : Routed 27% nets.
PHY-1001 : Routed 31% nets.
PHY-1001 : Routed 37% nets.
PHY-1001 : Patch 2607 net; 2.440039s wall, 2.437500s user + 0.000000s system = 2.437500s CPU (99.9%)

PHY-1022 : len = 645560, over cnt = 230(0%), over = 230, worst = 1, crit = 0
PHY-1001 : Current memory(MB): used = 635, reserve = 620, peak = 635.
PHY-1001 : End initial routed; 7.238090s wall, 11.203125s user + 0.125000s system = 11.328125s CPU (156.5%)

PHY-1001 : Update timing.....
PHY-1001 : 0/4805(0%) critical/total net(s).
RUN-1001 : ------------------------------------------
RUN-1001 :   Type   |    WNS(ns)    |  TNS(ns)  |  FEP  
RUN-1001 : ------------------------------------------
RUN-1001 :   Setup  |     3.838     |   0.000   |   0   
RUN-1001 :   Hold   |  2147483.647  |   0.000   |   0   
RUN-1001 : ------------------------------------------
PHY-1001 : End update timing; 1.512943s wall, 1.515625s user + 0.000000s system = 1.515625s CPU (100.2%)

PHY-1001 : Current memory(MB): used = 641, reserve = 627, peak = 641.
PHY-1001 : End phase 2; 8.751101s wall, 12.718750s user + 0.125000s system = 12.843750s CPU (146.8%)

PHY-1001 : ===== Detail Route Phase 3 =====
PHY-1001 : Optimize timing.....
PHY-1022 : len = 645560, over cnt = 230(0%), over = 230, worst = 1, crit = 0
PHY-1001 : End optimize timing; 0.019993s wall, 0.015625s user + 0.000000s system = 0.015625s CPU (78.2%)

PHY-1001 : Ripup-reroute.....
PHY-1001 : ===== DR Iter 1 =====
PHY-1022 : len = 643824, over cnt = 67(0%), over = 67, worst = 1, crit = 0
PHY-1001 : End DR Iter 1; 0.141779s wall, 0.234375s user + 0.015625s system = 0.250000s CPU (176.3%)

PHY-1001 : ===== DR Iter 2 =====
PHY-1022 : len = 644272, over cnt = 7(0%), over = 7, worst = 1, crit = 0
PHY-1001 : End DR Iter 2; 0.074227s wall, 0.093750s user + 0.000000s system = 0.093750s CPU (126.3%)

PHY-1001 : ===== DR Iter 3 =====
PHY-1022 : len = 644392, over cnt = 0(0%), over = 0, worst = 0, crit = 0
PHY-1001 : End DR Iter 3; 0.051531s wall, 0.046875s user + 0.000000s system = 0.046875s CPU (91.0%)

PHY-1001 : Update timing.....
PHY-1001 : 0/4805(0%) critical/total net(s).
RUN-1001 : ------------------------------------------
RUN-1001 :   Type   |    WNS(ns)    |  TNS(ns)  |  FEP  
RUN-1001 : ------------------------------------------
RUN-1001 :   Setup  |     3.838     |   0.000   |   0   
RUN-1001 :   Hold   |  2147483.647  |   0.000   |   0   
RUN-1001 : ------------------------------------------
PHY-1001 : End update timing; 1.514037s wall, 1.515625s user + 0.000000s system = 1.515625s CPU (100.1%)

PHY-1001 : Commit to database.....
PHY-1001 : 43 feed throughs used by 37 nets
PHY-1001 : End commit to database; 0.656875s wall, 0.640625s user + 0.015625s system = 0.656250s CPU (99.9%)

PHY-1001 : Current memory(MB): used = 672, reserve = 658, peak = 672.
PHY-1001 : End phase 3; 2.629856s wall, 2.703125s user + 0.046875s system = 2.750000s CPU (104.6%)

PHY-1003 : Routed, final wirelength = 644392
PHY-1001 : Current memory(MB): used = 673, reserve = 660, peak = 673.
PHY-1001 : End export database. 0.019967s wall, 0.031250s user + 0.000000s system = 0.031250s CPU (156.5%)

PHY-1001 : End detail routing;  19.709199s wall, 23.671875s user + 0.234375s system = 23.906250s CPU (121.3%)

RUN-1003 : finish command "route" in  22.029126s wall, 26.281250s user + 0.312500s system = 26.593750s CPU (120.7%)

RUN-1004 : used memory is 609 MB, reserved memory is 595 MB, peak memory is 673 MB
RUN-1002 : start command "report_area -io_info -file ov2640_sdram_phy.area"
RUN-1001 : standard
***Report Model: test_camera Device: EG4S20BG256***

IO Statistics
#IO                        89
  #input                   29
  #output                  59
  #inout                    1

Utilization Statistics
#lut                     4868   out of  19600   24.84%
#reg                     1988   out of  19600   10.14%
#le                      5229
  #lut only              3241   out of   5229   61.98%
  #reg only               361   out of   5229    6.90%
  #lut&reg               1627   out of   5229   31.11%
#dsp                        5   out of     29   17.24%
#bram                      12   out of     64   18.75%
  #bram9k                   0
  #fifo9k                  12
#bram32k                    2   out of     16   12.50%
#pad                       89   out of    188   47.34%
  #ireg                     0
  #oreg                     0
  #treg                     0
#pll                        1   out of      4   25.00%
#gclk                      11   out of     16   68.75%

Clock Resource Statistics
Index     ClockNet                                                   Type               DriverType         Driver                                       Fanout
#1        u_image_process/u_Median_Gray_3/u_three_martix/csi_pclk    GCLK               io                 cam_pclk_syn_9.di                            866
#2        u_pll/clk0_buf                                             GCLK               pll                u_pll/pll_inst.clkc0                         182
#3        vga_clk_dup_1                                              GCLK               pll                u_pll/pll_inst.clkc2                         44
#4        u_camera_init/u_i2c_write/clk                              GCLK               pll                u_pll/pll_inst.clkc4                         37
#5        u_camera_init/divider2[8]                                  GCLK               lslice             u_camera_init/add2_syn_56.q1                 19
#6        u_camera_init/divider2[7]                                  GCLK               lslice             u_camera_init/add2_syn_56.q0                 17
#7        u_image_process/wrreq                                      GCLK               lslice             u_image_process/u_RGBYCbCr/reg7_syn_21.f0    10
#8        u_image_select/mode[3]_syn_26                              GCLK               mslice             vga_vsync_syn_7.f0                           9
#9        clk_24m_dup_1                                              GCLK               io                 clk_24m_syn_2.di                             8
#10       Sdram_Control_4Port/SDRAM_CLK                              GCLK               pll                u_pll/pll_inst.clkc1                         0
#11       clk_cam                                                    GCLK               pll                u_pll/pll_inst.clkc3                         0


Detailed IO Report

     Name        Direction    Location    IOStandard    DriveStrength    PullType    PackReg  
   Switch[5]       INPUT         P6        LVCMOS25          N/A          PULLUP      NONE    
   Switch[4]       INPUT         M6        LVCMOS25          N/A          PULLUP      NONE    
   Switch[3]       INPUT         T6        LVCMOS25          N/A          PULLUP      NONE    
   Switch[2]       INPUT         T5        LVCMOS25          N/A          PULLUP      NONE    
   Switch[1]       INPUT         R5        LVCMOS25          N/A          PULLUP      NONE    
   Switch[0]       INPUT         T4        LVCMOS25          N/A          PULLUP      NONE    
  cam_data[7]      INPUT        H13        LVCMOS33          N/A          PULLUP      NONE    
  cam_data[6]      INPUT        G16        LVCMOS33          N/A          PULLUP      NONE    
  cam_data[5]      INPUT        H16        LVCMOS33          N/A          PULLUP      NONE    
  cam_data[4]      INPUT        G14        LVCMOS33          N/A          PULLUP      NONE    
  cam_data[3]      INPUT        K15        LVCMOS33          N/A          PULLUP      NONE    
  cam_data[2]      INPUT        K16        LVCMOS33          N/A          PULLUP      NONE    
  cam_data[1]      INPUT        J16        LVCMOS33          N/A          PULLUP      NONE    
  cam_data[0]      INPUT        H15        LVCMOS33          N/A          PULLUP      NONE    
   cam_href        INPUT        F15        LVCMOS33          N/A          PULLUP      NONE    
   cam_pclk        INPUT        K12        LVCMOS33          N/A          PULLUP      NONE    
   cam_vsync       INPUT        E15        LVCMOS33          N/A          PULLUP      NONE    
    clk_24m        INPUT        K14        LVCMOS33          N/A          PULLUP      NONE    
     rst_n         INPUT        G11        LVCMOS33          N/A          PULLUP      NONE    
    Led[15]       OUTPUT        T13        LVCMOS25           8            NONE       NONE    
    Led[14]       OUTPUT        T12        LVCMOS25           8            NONE       NONE    
    Led[13]       OUTPUT        R12        LVCMOS25           8            NONE       NONE    
    Led[12]       OUTPUT         M7        LVCMOS25           8            NONE       NONE    
    Led[11]       OUTPUT         T9        LVCMOS25           8            NONE       NONE    
    Led[10]       OUTPUT         T8        LVCMOS25           8            NONE       NONE    
    Led[9]        OUTPUT         T7        LVCMOS25           8            NONE       NONE    
    Led[8]        OUTPUT         R7        LVCMOS25           8            NONE       NONE    
    Led[7]        OUTPUT         P5        LVCMOS25           8            NONE       NONE    
    Led[6]        OUTPUT         N5        LVCMOS25           8            NONE       NONE    
    Led[5]        OUTPUT         P4        LVCMOS25           8            NONE       NONE    
    Led[4]        OUTPUT         M5        LVCMOS25           8            NONE       NONE    
    Led[3]        OUTPUT         N4        LVCMOS25           8            NONE       NONE    
    Led[2]        OUTPUT         N3        LVCMOS25           8            NONE       NONE    
    Led[1]        OUTPUT         M4        LVCMOS25           8            NONE       NONE    
    Led[0]        OUTPUT         M3        LVCMOS25           8            NONE       NONE    
   cam_pwdn       OUTPUT        F14        LVCMOS33           8            NONE       NONE    
    cam_rst       OUTPUT        F13        LVCMOS33           8            NONE       NONE    
   cam_soic       OUTPUT        D16        LVCMOS33           8           PULLUP      NONE    
   cam_xclk       OUTPUT        J12        LVCMOS33           8            NONE       NONE    
   sm_bit[3]      OUTPUT         F3        LVCMOS25           8            NONE       NONE    
   sm_bit[2]      OUTPUT         C2        LVCMOS25           8            NONE       NONE    
   sm_bit[1]      OUTPUT         C3        LVCMOS25           8            NONE       NONE    
   sm_bit[0]      OUTPUT         B1        LVCMOS25           8            NONE       NONE    
   sm_seg[7]      OUTPUT         A2        LVCMOS25           8            NONE       NONE    
   sm_seg[6]      OUTPUT         B2        LVCMOS25           8            NONE       NONE    
   sm_seg[5]      OUTPUT         D3        LVCMOS25           8            NONE       NONE    
   sm_seg[4]      OUTPUT         F5        LVCMOS25           8            NONE       NONE    
   sm_seg[3]      OUTPUT         E4        LVCMOS25           8            NONE       NONE    
   sm_seg[2]      OUTPUT         F4        LVCMOS25           8            NONE       NONE    
   sm_seg[1]      OUTPUT         B3        LVCMOS25           8            NONE       NONE    
   sm_seg[0]      OUTPUT         E3        LVCMOS25           8            NONE       NONE    
   vga_b[7]       OUTPUT         C1        LVCMOS25           8            NONE       NONE    
   vga_b[6]       OUTPUT         D1        LVCMOS25           8            NONE       NONE    
   vga_b[5]       OUTPUT         E2        LVCMOS25           8            NONE       NONE    
   vga_b[4]       OUTPUT         G3        LVCMOS25           8            NONE       NONE    
   vga_b[3]       OUTPUT         E1        LVCMOS25           8            NONE       NONE    
   vga_b[2]       OUTPUT         F2        LVCMOS25           8            NONE       NONE    
   vga_b[1]       OUTPUT         F1        LVCMOS25           8            NONE       NONE    
   vga_b[0]       OUTPUT         G1        LVCMOS25           8            NONE       NONE    
    vga_clk       OUTPUT         H2        LVCMOS25           8            NONE       NONE    
   vga_g[7]       OUTPUT         H5        LVCMOS25           8            NONE       NONE    
   vga_g[6]       OUTPUT         H1        LVCMOS25           8            NONE       NONE    
   vga_g[5]       OUTPUT         J6        LVCMOS25           8            NONE       NONE    
   vga_g[4]       OUTPUT         H3        LVCMOS25           8            NONE       NONE    
   vga_g[3]       OUTPUT         J1        LVCMOS25           8            NONE       NONE    
   vga_g[2]       OUTPUT         K1        LVCMOS25           8            NONE       NONE    
   vga_g[1]       OUTPUT         K2        LVCMOS25           8            NONE       NONE    
   vga_g[0]       OUTPUT         L1        LVCMOS25           8            NONE       NONE    
   vga_hsync      OUTPUT         J3        LVCMOS25           8            NONE       NONE    
   vga_r[7]       OUTPUT         K6        LVCMOS25           8            NONE       NONE    
   vga_r[6]       OUTPUT         K3        LVCMOS25           8            NONE       NONE    
   vga_r[5]       OUTPUT         K5        LVCMOS25           8            NONE       NONE    
   vga_r[4]       OUTPUT         L4        LVCMOS25           8            NONE       NONE    
   vga_r[3]       OUTPUT         M1        LVCMOS25           8            NONE       NONE    
   vga_r[2]       OUTPUT         M2        LVCMOS25           8            NONE       NONE    
   vga_r[1]       OUTPUT         L3        LVCMOS25           8            NONE       NONE    
   vga_r[0]       OUTPUT         L5        LVCMOS25           8            NONE       NONE    
   vga_vsync      OUTPUT         J4        LVCMOS25           8            NONE       NONE    
   cam_soid        INOUT        D14        LVCMOS33           8           PULLUP      NONE    

Report Hierarchy Area:
+---------------------------------------------------------------------------------------------------------------------------------------+
|Instance                              |Module                                     |le     |lut     |ripple  |seq     |bram    |dsp     |
+---------------------------------------------------------------------------------------------------------------------------------------+
|top                                   |test_camera                                |5229   |3633    |1235    |1988    |14      |5       |
|  Sdram_Control_4Port                 |Sdram_Control_4Port                        |782    |523     |173     |391     |2       |0       |
|    command1                          |command                                    |50     |48      |0       |40      |0       |0       |
|    control1                          |control_interface                          |101    |66      |24      |54      |0       |0       |
|    data_path1                        |sdr_data_path                              |16     |16      |0       |2       |0       |0       |
|    read_fifo1                        |Sdram_RD_FIFO                              |123    |66      |18      |96      |1       |0       |
|      dcfifo_component                |softfifo                                   |123    |66      |18      |96      |1       |0       |
|        ram_inst                      |ram_infer_softfifo                         |0      |0       |0       |0       |1       |0       |
|        rd_to_wr_cross_inst           |fifo_cross_domain_addr_process_al_softfifo |37     |20      |0       |37      |0       |0       |
|        wr_to_rd_cross_inst           |fifo_cross_domain_addr_process_al_softfifo |32     |26      |0       |32      |0       |0       |
|    sdram1                            |sdram                                      |2      |2       |0       |1       |0       |0       |
|    write_fifo1                       |Sdram_WR_FIFO                              |121    |81      |18      |95      |1       |0       |
|      dcfifo_component                |softfifo                                   |121    |81      |18      |95      |1       |0       |
|        ram_inst                      |ram_infer_softfifo                         |0      |0       |0       |0       |1       |0       |
|        rd_to_wr_cross_inst           |fifo_cross_domain_addr_process_al_softfifo |38     |25      |0       |38      |0       |0       |
|        wr_to_rd_cross_inst           |fifo_cross_domain_addr_process_al_softfifo |31     |23      |0       |31      |0       |0       |
|  u_Mode_Switch                       |Mode_Switch                                |9      |9       |0       |7       |0       |0       |
|  u_cam_vga_out                       |Driver                                     |110    |65      |44      |34      |0       |0       |
|  u_camera_init                       |camera_init                                |557    |537     |9       |88      |0       |0       |
|    u_i2c_write                       |i2c_module                                 |154    |154     |0       |46      |0       |0       |
|  u_camera_reader                     |camera_reader                              |94     |56      |17      |56      |0       |0       |
|  u_image_process                     |image_process                              |3475   |2265    |982     |1349    |12      |5       |
|    u_Dilation_Detector               |Dilation_Detector                          |159    |108     |45      |77      |2       |0       |
|      u_three_martix_4                |three_martix                               |150    |99      |45      |68      |2       |0       |
|        u_fifo_1                      |fifo_1                                     |0      |0       |0       |0       |1       |0       |
|        u_fifo_2                      |fifo_2                                     |0      |0       |0       |0       |1       |0       |
|    u_Erosion_Detector                |Erosion_Detector                           |161    |114     |45      |74      |2       |0       |
|      u_three_martix_3                |three_martix                               |155    |108     |45      |68      |2       |0       |
|        u_fifo_1                      |fifo_1                                     |2      |2       |0       |0       |1       |0       |
|        u_fifo_2                      |fifo_2                                     |2      |2       |0       |0       |1       |0       |
|    u_Gesture_detech                  |Gesture_detech                             |919    |643     |251     |247     |0       |1       |
|    u_Median_Gray                     |Median_Gray                                |168    |113     |45      |67      |2       |0       |
|      u_Median_Filter_3X3_8Bit_median |Median_Filter_3X3                          |9      |4       |0       |9       |0       |0       |
|      u_three_martix                  |three_martix                               |159    |109     |45      |58      |2       |0       |
|        u_fifo_1                      |fifo_1                                     |3      |3       |0       |0       |1       |0       |
|        u_fifo_2                      |fifo_2                                     |0      |0       |0       |0       |1       |0       |
|    u_Median_Gray_2                   |Median_Gray                                |716    |417     |235     |276     |2       |0       |
|      u_Median_Filter_3X3_8Bit_median |Median_Filter_3X3                          |492    |302     |190     |142     |0       |0       |
|        u_Sort3_1                     |Sort3                                      |82     |52      |30      |34      |0       |0       |
|        u_Sort3_2                     |Sort3                                      |91     |61      |30      |27      |0       |0       |
|        u_Sort3_3                     |Sort3                                      |84     |54      |30      |32      |0       |0       |
|        u_Sort3_4                     |Sort3                                      |50     |30      |20      |11      |0       |0       |
|        u_Sort3_5                     |Sort3                                      |70     |40      |30      |8       |0       |0       |
|        u_Sort3_6                     |Sort3                                      |48     |28      |20      |15      |0       |0       |
|        u_Sort3_7                     |Sort3                                      |67     |37      |30      |15      |0       |0       |
|      u_three_martix                  |three_martix                               |224    |115     |45      |134     |2       |0       |
|        u_fifo_1                      |fifo_1                                     |0      |0       |0       |0       |1       |0       |
|        u_fifo_2                      |fifo_2                                     |2      |2       |0       |1       |1       |0       |
|    u_Median_Gray_3                   |Median_Gray                                |709    |431     |235     |259     |2       |0       |
|      u_Median_Filter_3X3_8Bit_median |Median_Filter_3X3                          |496    |306     |190     |127     |0       |0       |
|        u_Sort3_1                     |Sort3                                      |88     |58      |30      |33      |0       |0       |
|        u_Sort3_2                     |Sort3                                      |84     |54      |30      |31      |0       |0       |
|        u_Sort3_3                     |Sort3                                      |86     |56      |30      |25      |0       |0       |
|        u_Sort3_4                     |Sort3                                      |50     |30      |20      |8       |0       |0       |
|        u_Sort3_5                     |Sort3                                      |70     |40      |30      |10      |0       |0       |
|        u_Sort3_6                     |Sort3                                      |50     |30      |20      |8       |0       |0       |
|        u_Sort3_7                     |Sort3                                      |68     |38      |30      |12      |0       |0       |
|      u_three_martix                  |three_martix                               |213    |125     |45      |132     |2       |0       |
|        u_fifo_1                      |fifo_1                                     |0      |0       |0       |0       |1       |0       |
|        u_fifo_2                      |fifo_2                                     |0      |0       |0       |0       |1       |0       |
|    u_RGBYCbCr                        |RGBYCbCr                                   |88     |35      |14      |62      |0       |4       |
|    u_Sobel_Process                   |Sobel_Process                              |354    |227     |92      |156     |2       |0       |
|      u_Caculate_Sobel                |Caculate_Sobel                             |152    |102     |47      |48      |0       |0       |
|      u_three_martix_2                |three_martix                               |202    |125     |45      |108     |2       |0       |
|        u_fifo_1                      |fifo_1                                     |0      |0       |0       |0       |1       |0       |
|        u_fifo_2                      |fifo_2                                     |0      |0       |0       |0       |1       |0       |
|  u_image_select                      |image_select                               |39     |39      |0       |28      |0       |0       |
|  u_pll                               |ip_pll                                     |0      |0       |0       |0       |0       |0       |
|  u_seg_4                             |seg_4                                      |143    |119     |10      |32      |0       |0       |
+---------------------------------------------------------------------------------------------------------------------------------------+


DataNet Average Fanout:

   Index     Fanout     Nets  
    #1          1       3559  
    #2          2       640   
    #3          3       546   
    #4          4       214   
    #5        5-10      645   
    #6        11-50     124   
    #7       51-100      10   
    #8       101-500     2    
    #9        >500       1    
  Average     2.83            

RUN-1002 : start command "export_db ov2640_sdram_pr.db"
RUN-1001 : Exported /
RUN-1001 : Exported flow parameters
RUN-1001 : Exported libs
RUN-1001 : Exported entities
RUN-1001 : Exported ports
RUN-1001 : Exported pins
RUN-1001 : Exported instances
RUN-1001 : Exported nets
RUN-1001 : Exported buses
RUN-1001 : Exported models
RUN-1001 : Exported congestions
RUN-1001 : Exported violations
RUN-1001 : Exported timing constraints
RUN-1001 : Exported IO constraints
RUN-1001 : Exported Inst constraints
RUN-1002 : start command "export_bid ov2640_sdram_inst.bid"
RUN-1002 : start command "bitgen -bit ov2640_sdram.bit"
BIT-1003 : Start to generate bitstream. 
BIT-1002 : Init instances with 16 threads.
BIT-1002 : Init instances completely, inst num: 2908
BIT-1002 : Init pips with 16 threads.
BIT-1002 : Init pips completely, net num: 5883, pip num: 51431
BIT-1002 : Init feedthrough with 16 threads.
BIT-1002 : Init feedthrough completely, num: 43
BIT-1003 : Multithreading accelaration with 16 threads.
BIT-1003 : Generate bitstream completely, there are 2320 valid insts, and 161517 bits set as '1'.
BIT-1004 : the usercode register value: 00000000000100110000000000000000
BIT-1004 : PLL setting string = 0001
BIT-1004 : Generate bits file ov2640_sdram.bit.
RUN-1003 : finish command "bitgen -bit ov2640_sdram.bit" in  4.518473s wall, 50.171875s user + 0.343750s system = 50.515625s CPU (1118.0%)

RUN-1004 : used memory is 632 MB, reserved memory is 622 MB, peak memory is 796 MB
RUN-1002 : start command "backup_run_log run.log ../.logs/phy_1/td_20221028_201055.log"
