============================================================
   Tang Dynasty, V5.6.59063
   Copyright (c) 2012-2022 Anlogic
   Executable = C:/Anlogic/TD5.6.59063/bin/td.exe
   Built at =   12:45:13 Sep  6 2022
   Run by =     Administrator
   Run Date =   Fri Oct 28 22:31:51 2022

   Run on =     WIN-25FR57M34TT
============================================================
RUN-1002 : start command "open_project ov2640_sdram.prj"
RUN-1001 : Print Global Property
RUN-1001 : ---------------------------------------------------------------
RUN-1001 :        Parameters        |  Settings  |  Default Values  |  Note  
RUN-1001 : ---------------------------------------------------------------
RUN-1001 :          message         |  standard  |     standard     |        
RUN-1001 :   mixed_pack_place_flow  |     on     |        on        |        
RUN-1001 :        qor_monitor       |    off     |       off        |        
RUN-1001 :        syn_ip_flow       |    off     |       off        |        
RUN-1001 :          thread          |    auto    |       auto       |        
RUN-1001 : ---------------------------------------------------------------
RUN-1001 : Print Design Property
RUN-1001 : --------------------------------------------------------------
RUN-1001 :        Parameters       |  Settings  |  Default Values  |  Note  
RUN-1001 : --------------------------------------------------------------
RUN-1001 :   default_reg_initial   |    auto    |       auto       |        
RUN-1001 :        infer_add        |     on     |        on        |        
RUN-1001 :        infer_fsm        |    off     |       off        |        
RUN-1001 :        infer_mult       |     on     |        on        |        
RUN-1001 :        infer_ram        |     on     |        on        |        
RUN-1001 :        infer_reg        |     on     |        on        |        
RUN-1001 :   infer_reg_init_value  |     on     |        on        |        
RUN-1001 :        infer_rom        |     on     |        on        |        
RUN-1001 :      infer_shifter      |     on     |        on        |        
RUN-1001 : --------------------------------------------------------------
RUN-1001 : Print Rtl Property
RUN-1001 : --------------------------------------------------------------
RUN-1001 :        Parameters       |  Settings  |  Default Values  |  Note  
RUN-1001 : --------------------------------------------------------------
RUN-1001 :       compress_add      |   ripple   |      ripple      |        
RUN-1001 :        elf_sload        |    off     |       off        |        
RUN-1001 :       fix_undriven      |     0      |        0         |        
RUN-1001 :         flatten         |    off     |       off        |        
RUN-1001 :       gate_sharing      |     on     |        on        |        
RUN-1001 :    hdl_warning_level    |   normal   |      normal      |        
RUN-1001 :   impl_internal_tribuf  |     on     |        on        |        
RUN-1001 :      impl_set_reset     |     on     |        on        |        
RUN-1001 :        infer_gsr        |    off     |       off        |        
RUN-1001 :      keep_hierarchy     |    auto    |       auto       |        
RUN-1001 :        max_fanout       |    9999    |       9999       |        
RUN-1001 :      max_oh2bin_len     |     10     |        10        |        
RUN-1001 :       merge_equal       |     on     |        on        |        
RUN-1001 :       merge_equiv       |     on     |        on        |        
RUN-1001 :        merge_mux        |    off     |       off        |        
RUN-1001 :     min_control_set     |     8      |        8         |        
RUN-1001 :      min_ripple_len     |    auto    |       auto       |        
RUN-1001 :       oh2bin_ratio      |    0.08    |       0.08       |        
RUN-1001 :     opt_adder_fanout    |     on     |        on        |        
RUN-1001 :        opt_arith        |     on     |        on        |        
RUN-1001 :       opt_big_gate      |    off     |       off        |        
RUN-1001 :        opt_const        |     on     |        on        |        
RUN-1001 :      opt_const_mult     |     on     |        on        |        
RUN-1001 :       opt_lessthan      |     on     |        on        |        
RUN-1001 :         opt_mux         |    off     |       off        |        
RUN-1001 :         opt_ram         |    high    |       high       |        
RUN-1001 :      rtl_sim_model      |    off     |       off        |        
RUN-1001 :         seq_syn         |     on     |        on        |        
RUN-1001 : --------------------------------------------------------------
HDL-1007 : analyze verilog file ../../al_ip/ip_pll.v
HDL-1007 : undeclared symbol 'open', assumed default net type 'wire' in ../../al_ip/ip_pll.v(93)
HDL-1007 : analyze verilog file ../../al_ip/softfifo.v
HDL-1007 : analyze verilog file ../../al_ip/fifo_1.v
HDL-1007 : analyze verilog file ../../al_ip/fifo_2.v
HDL-1007 : analyze verilog file ../../RTL/camera_init.v
HDL-1007 : undeclared symbol 'clk_div', assumed default net type 'wire' in ../../RTL/camera_init.v(74)
HDL-1007 : analyze verilog file ../../RTL/camera_reader.v
HDL-1007 : analyze verilog file ../../RTL/i2c_module.v
HDL-1007 : analyze verilog file ../../RTL/Sdram_Control_4Port/command.v
HDL-1007 : analyze included file ../../RTL/Sdram_Control_4Port/Sdram_Params.h in ../../RTL/Sdram_Control_4Port/command.v(27)
HDL-1007 : back to file '../../RTL/Sdram_Control_4Port/command.v' in ../../RTL/Sdram_Control_4Port/command.v(27)
HDL-1007 : analyze verilog file ../../RTL/Sdram_Control_4Port/control_interface.v
HDL-1007 : analyze included file ../../RTL/Sdram_Control_4Port/Sdram_Params.h in ../../RTL/Sdram_Control_4Port/control_interface.v(21)
HDL-1007 : back to file '../../RTL/Sdram_Control_4Port/control_interface.v' in ../../RTL/Sdram_Control_4Port/control_interface.v(21)
HDL-1007 : analyze verilog file ../../RTL/Sdram_Control_4Port/sdr_data_path.v
HDL-1007 : analyze included file ../../RTL/Sdram_Control_4Port/Sdram_Params.h in ../../RTL/Sdram_Control_4Port/sdr_data_path.v(10)
HDL-1007 : back to file '../../RTL/Sdram_Control_4Port/sdr_data_path.v' in ../../RTL/Sdram_Control_4Port/sdr_data_path.v(10)
HDL-1007 : analyze verilog file ../../RTL/Sdram_Control_4Port/Sdram_Control_4Port.v
HDL-1007 : analyze included file ../../RTL/Sdram_Control_4Port/Sdram_Params.h in ../../RTL/Sdram_Control_4Port/Sdram_Control_4Port.v(49)
HDL-1007 : back to file '../../RTL/Sdram_Control_4Port/Sdram_Control_4Port.v' in ../../RTL/Sdram_Control_4Port/Sdram_Control_4Port.v(49)
HDL-1007 : analyze verilog file ../../RTL/Sdram_Control_4Port/Sdram_RD_FIFO.v
HDL-5007 WARNING: 'clk' is not declared in ../../RTL/Sdram_Control_4Port/Sdram_RD_FIFO.v(44)
HDL-1007 : analyze verilog file ../../RTL/Sdram_Control_4Port/Sdram_WR_FIFO.v
HDL-1007 : analyze verilog file ../../al_ip/sdram.v
HDL-1007 : analyze verilog file ../../RTL/Driver.v
HDL-1007 : analyze verilog file ../../RTL/RGBYCbCr.v
HDL-1007 : analyze verilog file ../../RTL/image_process.v
HDL-5007 WARNING: identifier 'post_img_cb' is used before its declaration in ../../RTL/image_process.v(51)
HDL-5007 WARNING: identifier 'post_img_cb' is used before its declaration in ../../RTL/image_process.v(55)
HDL-5007 WARNING: identifier 'post_frame_clken' is used before its declaration in ../../RTL/image_process.v(61)
HDL-5007 WARNING: identifier 'skin_img' is used before its declaration in ../../RTL/image_process.v(62)
HDL-5007 WARNING: identifier 'post_frame_clken' is used before its declaration in ../../RTL/image_process.v(65)
HDL-5007 WARNING: identifier 'skin_img' is used before its declaration in ../../RTL/image_process.v(66)
HDL-5007 WARNING: identifier 'post1_frame_clken' is used before its declaration in ../../RTL/image_process.v(72)
HDL-5007 WARNING: identifier 'post1_img_Y' is used before its declaration in ../../RTL/image_process.v(73)
HDL-5007 WARNING: identifier 'post1_frame_clken' is used before its declaration in ../../RTL/image_process.v(76)
HDL-5007 WARNING: identifier 'post1_img_Y' is used before its declaration in ../../RTL/image_process.v(77)
HDL-5007 Similar messages will be suppressed.
HDL-1007 : analyze verilog file ../../RTL/test_camera.v
HDL-1007 : analyze verilog file ../../RTL/Mode_Switch.v
HDL-1007 : analyze verilog file ../../RTL/image_select.v
HDL-1007 : analyze verilog file ../../RTL/Median_Gray.v
HDL-5007 WARNING: identifier 'mid_value' is used before its declaration in ../../RTL/Median_Gray.v(20)
HDL-1007 : analyze verilog file ../../RTL/three_martix.v
HDL-5007 WARNING: empty statement in sequential block in ../../RTL/three_martix.v(235)
HDL-5007 WARNING: empty statement in sequential block in ../../RTL/three_martix.v(234)
HDL-1007 : analyze verilog file ../../RTL/Median_Filter_3X3.v
HDL-1007 : analyze verilog file ../../RTL/Sort3.v
HDL-1007 : analyze verilog file ../../RTL/Sobel_Process.v
HDL-1007 : undeclared symbol 'csi_pclk', assumed default net type 'wire' in ../../RTL/Sobel_Process.v(48)
HDL-5007 WARNING: identifier 'sobel_value' is used before its declaration in ../../RTL/Sobel_Process.v(23)
HDL-1007 : analyze verilog file ../../RTL/Caculate_Sobel.v
HDL-5007 WARNING: identifier 'matrix_frame_vsync_r' is used before its declaration in ../../RTL/Caculate_Sobel.v(110)
HDL-5007 WARNING: identifier 'matrix_frame_href_r' is used before its declaration in ../../RTL/Caculate_Sobel.v(111)
HDL-5007 WARNING: identifier 'matrix_frame_clken_r' is used before its declaration in ../../RTL/Caculate_Sobel.v(112)
HDL-1007 : analyze verilog file ../../RTL/Erosion_Detector.v
HDL-1007 : analyze verilog file ../../RTL/Dilation_Detector.v
HDL-5007 WARNING: redeclaration of ANSI port 'post_img_Bit4' is not allowed in ../../RTL/Dilation_Detector.v(79)
HDL-1007 : undeclared symbol 'post_frame_href', assumed default net type 'wire' in ../../RTL/Dilation_Detector.v(109)
HDL-1007 : analyze verilog file ../../RTL/Gesture_detech.v
HDL-1007 : analyze verilog file ../../RTL/seg_4.v
HDL-1007 : undeclared symbol 'data0', assumed default net type 'wire' in ../../RTL/seg_4.v(64)
HDL-1007 : undeclared symbol 'data1', assumed default net type 'wire' in ../../RTL/seg_4.v(65)
HDL-1007 : undeclared symbol 'data2', assumed default net type 'wire' in ../../RTL/seg_4.v(66)
HDL-5007 WARNING: 'clk' is not declared in ../../RTL/Sdram_Control_4Port/Sdram_RD_FIFO.v(44)
RUN-1001 : Project manager successfully analyzed 30 source files.
RUN-1002 : start command "import_device eagle_s20.db -package EG4S20BG256"
ARC-1001 : Device Initialization.
ARC-1001 : ------------------------------------------------------------------
ARC-1001 :            OPTION            |          IO          |   SETTING   
ARC-1001 : ------------------------------------------------------------------
ARC-1001 :   cso_b/cclk/mosi/miso/dout  |  T3/R11/T10/P10/S11  |    gpio    
ARC-1001 :             done             |         P13          |    gpio    
ARC-1001 :           program_b          |          T2          |  dedicate  
ARC-1001 :        tdi/tms/tck/tdo       |   C12/A15/C14/E14    |  dedicate  
ARC-1001 : ------------------------------------------------------------------
ARC-1004 : Device setting, marked 5 dedicate IOs in total.
RUN-1002 : start command "import_db ../syn_1/ov2640_sdram_gate.db"
RUN-1001 : Importing database generated by Tang Dynasty, V5.6.59063.
RUN-1001 : Database version number 46140.
RUN-1001 : Import flow parameters
RUN-1001 : Import timing constraints
RUN-1001 : Import IO constraints
RUN-1001 : Import Inst constraints
RUN-1001 : Import design success TD_VERSION=5.6.59063 , DB_VERSION=46140
RUN-1002 : start command "read_sdc"
USR-1002 : read_sdc file_name -help -h -eco
RUN-1002 : start command "get_regs */primary_addr_gray_reg[*]"
RUN-1002 : start command "get_regs */sync_r1[*]"
RUN-1002 : start command "set_max_delay -from  -to  5 -datapath_only"
RUN-1002 : start command "get_regs */primary_addr_gray_reg[*]"
RUN-1002 : start command "get_regs */sync_r1[*]"
RUN-1002 : start command "set_false_path -from  -to  -hold 5"
USR-1002 : set_false_path -help -setup -hold -from <list> -rise_from <list> -fall_from <list> -to <list> -rise_to <list> -fall_to <list> -through <list>
RUN-1002 : start command "get_regs */primary_addr_gray_reg[*]"
RUN-1002 : start command "get_regs */sync_r1[*]"
RUN-1002 : start command "set_max_delay -from  -to  5 -datapath_only"
RUN-1002 : start command "get_regs */primary_addr_gray_reg[*]"
RUN-1002 : start command "get_regs */sync_r1[*]"
RUN-1002 : start command "set_max_delay -from  -to  5 -datapath_only"
RUN-1002 : start command "get_regs */primary_addr_gray_reg[*]"
RUN-1002 : start command "get_regs */sync_r1[*]"
RUN-1002 : start command "set_max_delay -from  -to  5 -datapath_only"
SYN-1001 : 	kept net: Sdram_Control_4Port/read_fifo1/dcfifo_component/rd_to_wr_cross_inst/primary_addr_gray_reg[9](Sdram_Control_4Port/read_fifo1/dcfifo_component/rd_to_wr_cross_inst/primary_addr_gray_reg[9]_syn_5)
SYN-1001 : 	kept net: Sdram_Control_4Port/read_fifo1/dcfifo_component/rd_to_wr_cross_inst/primary_addr_gray_reg[8](Sdram_Control_4Port/read_fifo1/dcfifo_component/rd_to_wr_cross_inst/primary_addr_gray_reg[8]_syn_5)
SYN-1001 : 	kept net: Sdram_Control_4Port/read_fifo1/dcfifo_component/rd_to_wr_cross_inst/primary_addr_gray_reg[7](Sdram_Control_4Port/read_fifo1/dcfifo_component/rd_to_wr_cross_inst/primary_addr_gray_reg[7]_syn_5)
SYN-1001 : 	kept net: Sdram_Control_4Port/read_fifo1/dcfifo_component/rd_to_wr_cross_inst/primary_addr_gray_reg[6](Sdram_Control_4Port/read_fifo1/dcfifo_component/rd_to_wr_cross_inst/primary_addr_gray_reg[6]_syn_5)
SYN-1001 : 	kept net: Sdram_Control_4Port/read_fifo1/dcfifo_component/rd_to_wr_cross_inst/primary_addr_gray_reg[5](Sdram_Control_4Port/read_fifo1/dcfifo_component/rd_to_wr_cross_inst/primary_addr_gray_reg[5]_syn_5)
SYN-1001 : 	kept net: Sdram_Control_4Port/read_fifo1/dcfifo_component/rd_to_wr_cross_inst/primary_addr_gray_reg[4](Sdram_Control_4Port/read_fifo1/dcfifo_component/rd_to_wr_cross_inst/primary_addr_gray_reg[4]_syn_5)
SYN-1001 : 	kept net: Sdram_Control_4Port/read_fifo1/dcfifo_component/rd_to_wr_cross_inst/primary_addr_gray_reg[3](Sdram_Control_4Port/read_fifo1/dcfifo_component/rd_to_wr_cross_inst/primary_addr_gray_reg[3]_syn_5)
SYN-1001 : 	kept net: Sdram_Control_4Port/read_fifo1/dcfifo_component/rd_to_wr_cross_inst/primary_addr_gray_reg[2](Sdram_Control_4Port/read_fifo1/dcfifo_component/rd_to_wr_cross_inst/primary_addr_gray_reg[2]_syn_5)
SYN-1001 : 	kept net: Sdram_Control_4Port/read_fifo1/dcfifo_component/rd_to_wr_cross_inst/primary_addr_gray_reg[1](Sdram_Control_4Port/read_fifo1/dcfifo_component/rd_to_wr_cross_inst/primary_addr_gray_reg[1]_syn_5)
SYN-1001 : 	kept net: Sdram_Control_4Port/read_fifo1/dcfifo_component/rd_to_wr_cross_inst/primary_addr_gray_reg[0](Sdram_Control_4Port/read_fifo1/dcfifo_component/rd_to_wr_cross_inst/primary_addr_gray_reg[0]_syn_5)
SYN-1001 : 	kept net: Sdram_Control_4Port/read_fifo1/dcfifo_component/rd_to_wr_cross_inst/sync_r1[9](Sdram_Control_4Port/read_fifo1/dcfifo_component/rd_to_wr_cross_inst/sync_r1[9]_syn_3)
SYN-1001 : 	kept net: Sdram_Control_4Port/read_fifo1/dcfifo_component/rd_to_wr_cross_inst/sync_r1[8](Sdram_Control_4Port/read_fifo1/dcfifo_component/rd_to_wr_cross_inst/sync_r1[8]_syn_3)
SYN-1001 : 	kept net: Sdram_Control_4Port/read_fifo1/dcfifo_component/rd_to_wr_cross_inst/sync_r1[7](Sdram_Control_4Port/read_fifo1/dcfifo_component/rd_to_wr_cross_inst/sync_r1[7]_syn_3)
SYN-1001 : 	kept net: Sdram_Control_4Port/read_fifo1/dcfifo_component/rd_to_wr_cross_inst/sync_r1[6](Sdram_Control_4Port/read_fifo1/dcfifo_component/rd_to_wr_cross_inst/sync_r1[6]_syn_3)
SYN-1001 : 	kept net: Sdram_Control_4Port/read_fifo1/dcfifo_component/rd_to_wr_cross_inst/sync_r1[5](Sdram_Control_4Port/read_fifo1/dcfifo_component/rd_to_wr_cross_inst/sync_r1[5]_syn_3)
SYN-1001 : 	kept net: Sdram_Control_4Port/read_fifo1/dcfifo_component/rd_to_wr_cross_inst/sync_r1[4](Sdram_Control_4Port/read_fifo1/dcfifo_component/rd_to_wr_cross_inst/sync_r1[4]_syn_3)
SYN-1001 : 	kept net: Sdram_Control_4Port/read_fifo1/dcfifo_component/rd_to_wr_cross_inst/sync_r1[3](Sdram_Control_4Port/read_fifo1/dcfifo_component/rd_to_wr_cross_inst/sync_r1[3]_syn_3)
SYN-1001 : 	kept net: Sdram_Control_4Port/read_fifo1/dcfifo_component/rd_to_wr_cross_inst/sync_r1[2](Sdram_Control_4Port/read_fifo1/dcfifo_component/rd_to_wr_cross_inst/sync_r1[2]_syn_3)
SYN-1001 : 	kept net: Sdram_Control_4Port/read_fifo1/dcfifo_component/rd_to_wr_cross_inst/sync_r1[1](Sdram_Control_4Port/read_fifo1/dcfifo_component/rd_to_wr_cross_inst/sync_r1[1]_syn_3)
SYN-1001 : 	kept net: Sdram_Control_4Port/read_fifo1/dcfifo_component/rd_to_wr_cross_inst/sync_r1[0](Sdram_Control_4Port/read_fifo1/dcfifo_component/rd_to_wr_cross_inst/sync_r1[0]_syn_3)
SYN-1001 : 	kept net: Sdram_Control_4Port/read_fifo1/dcfifo_component/wr_to_rd_cross_inst/primary_addr_gray_reg[9](Sdram_Control_4Port/read_fifo1/dcfifo_component/wr_to_rd_cross_inst/primary_addr_gray_reg[9]_syn_5)
SYN-1001 : 	kept net: Sdram_Control_4Port/read_fifo1/dcfifo_component/wr_to_rd_cross_inst/primary_addr_gray_reg[8](Sdram_Control_4Port/read_fifo1/dcfifo_component/wr_to_rd_cross_inst/primary_addr_gray_reg[8]_syn_5)
SYN-1001 : 	kept net: Sdram_Control_4Port/read_fifo1/dcfifo_component/wr_to_rd_cross_inst/primary_addr_gray_reg[7](Sdram_Control_4Port/read_fifo1/dcfifo_component/wr_to_rd_cross_inst/primary_addr_gray_reg[7]_syn_5)
SYN-1001 : 	kept net: Sdram_Control_4Port/read_fifo1/dcfifo_component/wr_to_rd_cross_inst/primary_addr_gray_reg[6](Sdram_Control_4Port/read_fifo1/dcfifo_component/wr_to_rd_cross_inst/primary_addr_gray_reg[6]_syn_5)
SYN-1001 : 	kept net: Sdram_Control_4Port/read_fifo1/dcfifo_component/wr_to_rd_cross_inst/primary_addr_gray_reg[5](Sdram_Control_4Port/read_fifo1/dcfifo_component/wr_to_rd_cross_inst/primary_addr_gray_reg[5]_syn_5)
SYN-1001 : 	kept net: Sdram_Control_4Port/read_fifo1/dcfifo_component/wr_to_rd_cross_inst/primary_addr_gray_reg[4](Sdram_Control_4Port/read_fifo1/dcfifo_component/wr_to_rd_cross_inst/primary_addr_gray_reg[4]_syn_5)
SYN-1001 : 	kept net: Sdram_Control_4Port/read_fifo1/dcfifo_component/wr_to_rd_cross_inst/primary_addr_gray_reg[3](Sdram_Control_4Port/read_fifo1/dcfifo_component/wr_to_rd_cross_inst/primary_addr_gray_reg[3]_syn_5)
SYN-1001 : 	kept net: Sdram_Control_4Port/read_fifo1/dcfifo_component/wr_to_rd_cross_inst/primary_addr_gray_reg[2](Sdram_Control_4Port/read_fifo1/dcfifo_component/wr_to_rd_cross_inst/primary_addr_gray_reg[2]_syn_5)
SYN-1001 : 	kept net: Sdram_Control_4Port/read_fifo1/dcfifo_component/wr_to_rd_cross_inst/primary_addr_gray_reg[1](Sdram_Control_4Port/read_fifo1/dcfifo_component/wr_to_rd_cross_inst/primary_addr_gray_reg[1]_syn_5)
SYN-1001 : 	kept net: Sdram_Control_4Port/read_fifo1/dcfifo_component/wr_to_rd_cross_inst/primary_addr_gray_reg[0](Sdram_Control_4Port/read_fifo1/dcfifo_component/wr_to_rd_cross_inst/primary_addr_gray_reg[0]_syn_5)
SYN-1001 : 	kept net: Sdram_Control_4Port/read_fifo1/dcfifo_component/wr_to_rd_cross_inst/sync_r1[9](Sdram_Control_4Port/read_fifo1/dcfifo_component/wr_to_rd_cross_inst/sync_r1[9]_syn_3)
SYN-1001 : 	kept net: Sdram_Control_4Port/read_fifo1/dcfifo_component/wr_to_rd_cross_inst/sync_r1[8](Sdram_Control_4Port/read_fifo1/dcfifo_component/wr_to_rd_cross_inst/sync_r1[8]_syn_3)
SYN-1001 : 	kept net: Sdram_Control_4Port/read_fifo1/dcfifo_component/wr_to_rd_cross_inst/sync_r1[7](Sdram_Control_4Port/read_fifo1/dcfifo_component/wr_to_rd_cross_inst/sync_r1[7]_syn_3)
SYN-1001 : 	kept net: Sdram_Control_4Port/read_fifo1/dcfifo_component/wr_to_rd_cross_inst/sync_r1[6](Sdram_Control_4Port/read_fifo1/dcfifo_component/wr_to_rd_cross_inst/sync_r1[6]_syn_3)
SYN-1001 : 	kept net: Sdram_Control_4Port/read_fifo1/dcfifo_component/wr_to_rd_cross_inst/sync_r1[5](Sdram_Control_4Port/read_fifo1/dcfifo_component/wr_to_rd_cross_inst/sync_r1[5]_syn_3)
SYN-1001 : 	kept net: Sdram_Control_4Port/read_fifo1/dcfifo_component/wr_to_rd_cross_inst/sync_r1[4](Sdram_Control_4Port/read_fifo1/dcfifo_component/wr_to_rd_cross_inst/sync_r1[4]_syn_3)
SYN-1001 : 	kept net: Sdram_Control_4Port/read_fifo1/dcfifo_component/wr_to_rd_cross_inst/sync_r1[3](Sdram_Control_4Port/read_fifo1/dcfifo_component/wr_to_rd_cross_inst/sync_r1[3]_syn_3)
SYN-1001 : 	kept net: Sdram_Control_4Port/read_fifo1/dcfifo_component/wr_to_rd_cross_inst/sync_r1[2](Sdram_Control_4Port/read_fifo1/dcfifo_component/wr_to_rd_cross_inst/sync_r1[2]_syn_3)
SYN-1001 : 	kept net: Sdram_Control_4Port/read_fifo1/dcfifo_component/wr_to_rd_cross_inst/sync_r1[1](Sdram_Control_4Port/read_fifo1/dcfifo_component/wr_to_rd_cross_inst/sync_r1[1]_syn_3)
SYN-1001 : 	kept net: Sdram_Control_4Port/read_fifo1/dcfifo_component/wr_to_rd_cross_inst/sync_r1[0](Sdram_Control_4Port/read_fifo1/dcfifo_component/wr_to_rd_cross_inst/sync_r1[0]_syn_3)
SYN-1001 : 	kept net: Sdram_Control_4Port/write_fifo1/dcfifo_component/rd_to_wr_cross_inst/primary_addr_gray_reg[9](Sdram_Control_4Port/write_fifo1/dcfifo_component/rd_to_wr_cross_inst/primary_addr_gray_reg[9]_syn_5)
SYN-1001 : 	kept net: Sdram_Control_4Port/write_fifo1/dcfifo_component/rd_to_wr_cross_inst/primary_addr_gray_reg[8](Sdram_Control_4Port/write_fifo1/dcfifo_component/rd_to_wr_cross_inst/primary_addr_gray_reg[8]_syn_5)
SYN-1001 : 	kept net: Sdram_Control_4Port/write_fifo1/dcfifo_component/rd_to_wr_cross_inst/primary_addr_gray_reg[7](Sdram_Control_4Port/write_fifo1/dcfifo_component/rd_to_wr_cross_inst/primary_addr_gray_reg[7]_syn_5)
SYN-1001 : 	kept net: Sdram_Control_4Port/write_fifo1/dcfifo_component/rd_to_wr_cross_inst/primary_addr_gray_reg[6](Sdram_Control_4Port/write_fifo1/dcfifo_component/rd_to_wr_cross_inst/primary_addr_gray_reg[6]_syn_5)
SYN-1001 : 	kept net: Sdram_Control_4Port/write_fifo1/dcfifo_component/rd_to_wr_cross_inst/primary_addr_gray_reg[5](Sdram_Control_4Port/write_fifo1/dcfifo_component/rd_to_wr_cross_inst/primary_addr_gray_reg[5]_syn_5)
SYN-1001 : 	kept net: Sdram_Control_4Port/write_fifo1/dcfifo_component/rd_to_wr_cross_inst/primary_addr_gray_reg[4](Sdram_Control_4Port/write_fifo1/dcfifo_component/rd_to_wr_cross_inst/primary_addr_gray_reg[4]_syn_5)
SYN-1001 : 	kept net: Sdram_Control_4Port/write_fifo1/dcfifo_component/rd_to_wr_cross_inst/primary_addr_gray_reg[3](Sdram_Control_4Port/write_fifo1/dcfifo_component/rd_to_wr_cross_inst/primary_addr_gray_reg[3]_syn_5)
SYN-1001 : 	kept net: Sdram_Control_4Port/write_fifo1/dcfifo_component/rd_to_wr_cross_inst/primary_addr_gray_reg[2](Sdram_Control_4Port/write_fifo1/dcfifo_component/rd_to_wr_cross_inst/primary_addr_gray_reg[2]_syn_5)
SYN-1001 : 	kept net: Sdram_Control_4Port/write_fifo1/dcfifo_component/rd_to_wr_cross_inst/primary_addr_gray_reg[1](Sdram_Control_4Port/write_fifo1/dcfifo_component/rd_to_wr_cross_inst/primary_addr_gray_reg[1]_syn_5)
SYN-1001 : 	kept net: Sdram_Control_4Port/write_fifo1/dcfifo_component/rd_to_wr_cross_inst/primary_addr_gray_reg[0](Sdram_Control_4Port/write_fifo1/dcfifo_component/rd_to_wr_cross_inst/primary_addr_gray_reg[0]_syn_5)
SYN-1001 : 	kept net: Sdram_Control_4Port/write_fifo1/dcfifo_component/rd_to_wr_cross_inst/sync_r1[9](Sdram_Control_4Port/write_fifo1/dcfifo_component/rd_to_wr_cross_inst/sync_r1[9]_syn_3)
SYN-1001 : 	kept net: Sdram_Control_4Port/write_fifo1/dcfifo_component/rd_to_wr_cross_inst/sync_r1[8](Sdram_Control_4Port/write_fifo1/dcfifo_component/rd_to_wr_cross_inst/sync_r1[8]_syn_3)
SYN-1001 : 	kept net: Sdram_Control_4Port/write_fifo1/dcfifo_component/rd_to_wr_cross_inst/sync_r1[7](Sdram_Control_4Port/write_fifo1/dcfifo_component/rd_to_wr_cross_inst/sync_r1[7]_syn_3)
SYN-1001 : 	kept net: Sdram_Control_4Port/write_fifo1/dcfifo_component/rd_to_wr_cross_inst/sync_r1[6](Sdram_Control_4Port/write_fifo1/dcfifo_component/rd_to_wr_cross_inst/sync_r1[6]_syn_3)
SYN-1001 : 	kept net: Sdram_Control_4Port/write_fifo1/dcfifo_component/rd_to_wr_cross_inst/sync_r1[5](Sdram_Control_4Port/write_fifo1/dcfifo_component/rd_to_wr_cross_inst/sync_r1[5]_syn_3)
SYN-1001 : 	kept net: Sdram_Control_4Port/write_fifo1/dcfifo_component/rd_to_wr_cross_inst/sync_r1[4](Sdram_Control_4Port/write_fifo1/dcfifo_component/rd_to_wr_cross_inst/sync_r1[4]_syn_3)
SYN-1001 : 	kept net: Sdram_Control_4Port/write_fifo1/dcfifo_component/rd_to_wr_cross_inst/sync_r1[3](Sdram_Control_4Port/write_fifo1/dcfifo_component/rd_to_wr_cross_inst/sync_r1[3]_syn_3)
SYN-1001 : 	kept net: Sdram_Control_4Port/write_fifo1/dcfifo_component/rd_to_wr_cross_inst/sync_r1[2](Sdram_Control_4Port/write_fifo1/dcfifo_component/rd_to_wr_cross_inst/sync_r1[2]_syn_3)
SYN-1001 : 	kept net: Sdram_Control_4Port/write_fifo1/dcfifo_component/rd_to_wr_cross_inst/sync_r1[1](Sdram_Control_4Port/write_fifo1/dcfifo_component/rd_to_wr_cross_inst/sync_r1[1]_syn_3)
SYN-1001 : 	kept net: Sdram_Control_4Port/write_fifo1/dcfifo_component/rd_to_wr_cross_inst/sync_r1[0](Sdram_Control_4Port/write_fifo1/dcfifo_component/rd_to_wr_cross_inst/sync_r1[0]_syn_3)
SYN-1001 : 	kept net: Sdram_Control_4Port/write_fifo1/dcfifo_component/wr_to_rd_cross_inst/primary_addr_gray_reg[9](Sdram_Control_4Port/write_fifo1/dcfifo_component/wr_to_rd_cross_inst/primary_addr_gray_reg[9]_syn_5)
SYN-1001 : 	kept net: Sdram_Control_4Port/write_fifo1/dcfifo_component/wr_to_rd_cross_inst/primary_addr_gray_reg[8](Sdram_Control_4Port/write_fifo1/dcfifo_component/wr_to_rd_cross_inst/primary_addr_gray_reg[8]_syn_5)
SYN-1001 : 	kept net: Sdram_Control_4Port/write_fifo1/dcfifo_component/wr_to_rd_cross_inst/primary_addr_gray_reg[7](Sdram_Control_4Port/write_fifo1/dcfifo_component/wr_to_rd_cross_inst/primary_addr_gray_reg[7]_syn_5)
SYN-1001 : 	kept net: Sdram_Control_4Port/write_fifo1/dcfifo_component/wr_to_rd_cross_inst/primary_addr_gray_reg[6](Sdram_Control_4Port/write_fifo1/dcfifo_component/wr_to_rd_cross_inst/primary_addr_gray_reg[6]_syn_5)
SYN-1001 : 	kept net: Sdram_Control_4Port/write_fifo1/dcfifo_component/wr_to_rd_cross_inst/primary_addr_gray_reg[5](Sdram_Control_4Port/write_fifo1/dcfifo_component/wr_to_rd_cross_inst/primary_addr_gray_reg[5]_syn_5)
SYN-1001 : 	kept net: Sdram_Control_4Port/write_fifo1/dcfifo_component/wr_to_rd_cross_inst/primary_addr_gray_reg[4](Sdram_Control_4Port/write_fifo1/dcfifo_component/wr_to_rd_cross_inst/primary_addr_gray_reg[4]_syn_5)
SYN-1001 : 	kept net: Sdram_Control_4Port/write_fifo1/dcfifo_component/wr_to_rd_cross_inst/primary_addr_gray_reg[3](Sdram_Control_4Port/write_fifo1/dcfifo_component/wr_to_rd_cross_inst/primary_addr_gray_reg[3]_syn_5)
SYN-1001 : 	kept net: Sdram_Control_4Port/write_fifo1/dcfifo_component/wr_to_rd_cross_inst/primary_addr_gray_reg[2](Sdram_Control_4Port/write_fifo1/dcfifo_component/wr_to_rd_cross_inst/primary_addr_gray_reg[2]_syn_5)
SYN-1001 : 	kept net: Sdram_Control_4Port/write_fifo1/dcfifo_component/wr_to_rd_cross_inst/primary_addr_gray_reg[1](Sdram_Control_4Port/write_fifo1/dcfifo_component/wr_to_rd_cross_inst/primary_addr_gray_reg[1]_syn_5)
SYN-1001 : 	kept net: Sdram_Control_4Port/write_fifo1/dcfifo_component/wr_to_rd_cross_inst/primary_addr_gray_reg[0](Sdram_Control_4Port/write_fifo1/dcfifo_component/wr_to_rd_cross_inst/primary_addr_gray_reg[0]_syn_5)
SYN-1001 : 	kept net: Sdram_Control_4Port/write_fifo1/dcfifo_component/wr_to_rd_cross_inst/sync_r1[9](Sdram_Control_4Port/write_fifo1/dcfifo_component/wr_to_rd_cross_inst/sync_r1[9]_syn_3)
SYN-1001 : 	kept net: Sdram_Control_4Port/write_fifo1/dcfifo_component/wr_to_rd_cross_inst/sync_r1[8](Sdram_Control_4Port/write_fifo1/dcfifo_component/wr_to_rd_cross_inst/sync_r1[8]_syn_3)
SYN-1001 : 	kept net: Sdram_Control_4Port/write_fifo1/dcfifo_component/wr_to_rd_cross_inst/sync_r1[7](Sdram_Control_4Port/write_fifo1/dcfifo_component/wr_to_rd_cross_inst/sync_r1[7]_syn_3)
SYN-1001 : 	kept net: Sdram_Control_4Port/write_fifo1/dcfifo_component/wr_to_rd_cross_inst/sync_r1[6](Sdram_Control_4Port/write_fifo1/dcfifo_component/wr_to_rd_cross_inst/sync_r1[6]_syn_3)
SYN-1001 : 	kept net: Sdram_Control_4Port/write_fifo1/dcfifo_component/wr_to_rd_cross_inst/sync_r1[5](Sdram_Control_4Port/write_fifo1/dcfifo_component/wr_to_rd_cross_inst/sync_r1[5]_syn_3)
SYN-1001 : 	kept net: Sdram_Control_4Port/write_fifo1/dcfifo_component/wr_to_rd_cross_inst/sync_r1[4](Sdram_Control_4Port/write_fifo1/dcfifo_component/wr_to_rd_cross_inst/sync_r1[4]_syn_3)
SYN-1001 : 	kept net: Sdram_Control_4Port/write_fifo1/dcfifo_component/wr_to_rd_cross_inst/sync_r1[3](Sdram_Control_4Port/write_fifo1/dcfifo_component/wr_to_rd_cross_inst/sync_r1[3]_syn_3)
SYN-1001 : 	kept net: Sdram_Control_4Port/write_fifo1/dcfifo_component/wr_to_rd_cross_inst/sync_r1[2](Sdram_Control_4Port/write_fifo1/dcfifo_component/wr_to_rd_cross_inst/sync_r1[2]_syn_3)
SYN-1001 : 	kept net: Sdram_Control_4Port/write_fifo1/dcfifo_component/wr_to_rd_cross_inst/sync_r1[1](Sdram_Control_4Port/write_fifo1/dcfifo_component/wr_to_rd_cross_inst/sync_r1[1]_syn_3)
SYN-1001 : 	kept net: Sdram_Control_4Port/write_fifo1/dcfifo_component/wr_to_rd_cross_inst/sync_r1[0](Sdram_Control_4Port/write_fifo1/dcfifo_component/wr_to_rd_cross_inst/sync_r1[0]_syn_3)
RUN-1104 : Import SDC file  finished, there are 80 nets kept by constraints.
RUN-1002 : start command "place"
RUN-1001 : Open license file C:/Anlogic/TD5.6.59063/license/Anlogic.lic
RUN-1001 : Print Global Property
RUN-1001 : ---------------------------------------------------------------
RUN-1001 :        Parameters        |  Settings  |  Default Values  |  Note  
RUN-1001 : ---------------------------------------------------------------
RUN-1001 :          message         |  standard  |     standard     |        
RUN-1001 :   mixed_pack_place_flow  |     on     |        on        |        
RUN-1001 :        qor_monitor       |    off     |       off        |        
RUN-1001 :        syn_ip_flow       |    off     |       off        |        
RUN-1001 :          thread          |    auto    |       auto       |        
RUN-1001 : ---------------------------------------------------------------
RUN-1001 : Print Place Property
RUN-1001 : --------------------------------------------------------------
RUN-1001 :        Parameters       |  Settings  |  Default Values  |  Note  
RUN-1001 : --------------------------------------------------------------
RUN-1001 :      detailed_place     |     on     |        on        |        
RUN-1001 :          effort         |   medium   |      medium      |        
RUN-1001 :         fix_hold        |    off     |       off        |        
RUN-1001 :       legalization      |    ori     |       ori        |        
RUN-1001 :      new_spreading      |     on     |        on        |        
RUN-1001 :        opt_timing       |   medium   |      medium      |        
RUN-1001 :   post_clock_route_opt  |    off     |       off        |        
RUN-1001 :       pr_strategy       |     1      |        1         |        
RUN-1001 :        relaxation       |    1.00    |       1.00       |        
RUN-1001 :         retiming        |    off     |       off        |        
RUN-1001 : --------------------------------------------------------------
PHY-3001 : Placer runs in 16 thread(s).
RUN-1002 : start command "legalize_phy_inst"
SYN-1011 : Flatten model test_camera
SYN-5055 WARNING: The kept net u_pll/clk3_out will be merged to another kept net clk_cam
SYN-5055 WARNING: The kept net u_camera_reader/clk will be merged to another kept net clk_cam
SYN-5055 WARNING: The kept net u_seg_4/data[19] will be merged to another kept net figuredata[19]
SYN-5055 WARNING: The kept net u_seg_4/data[18] will be merged to another kept net figuredata[18]
SYN-5055 WARNING: The kept net u_seg_4/data[17] will be merged to another kept net figuredata[17]
SYN-5055 WARNING: The kept net u_seg_4/data[16] will be merged to another kept net figuredata[16]
SYN-5055 WARNING: The kept net u_seg_4/data[15] will be merged to another kept net figuredata[15]
SYN-5055 WARNING: The kept net u_seg_4/data[14] will be merged to another kept net figuredata[14]
SYN-5055 WARNING: The kept net u_seg_4/data[13] will be merged to another kept net figuredata[13]
SYN-5055 WARNING: The kept net u_seg_4/data[12] will be merged to another kept net figuredata[12]
SYN-5055 Similar messages will be suppressed.
RUN-1002 : start command "phys_opt -simplify_lut"
SYN-4016 : Net Sdram_Control_4Port/CTRL_CLK driven by BUFG (294 clock/control pins, 1 other pins).
SYN-4027 : Net Sdram_Control_4Port/SDRAM_CLK is clkc1 of pll u_pll/pll_inst.
SYN-4027 : Net vga_clk_dup_1 is clkc2 of pll u_pll/pll_inst.
SYN-4027 : Net clk_cam is clkc3 of pll u_pll/pll_inst.
SYN-4027 : Net u_camera_init/u_i2c_write/clk is clkc4 of pll u_pll/pll_inst.
SYN-4019 : Net clk_24m_dup_1 is refclk of pll u_pll/pll_inst.
SYN-4020 : Net clk_24m_dup_1 is fbclk of pll u_pll/pll_inst.
SYN-4024 : Net "u_image_process/u_Median_Gray_3/u_three_martix/csi_pclk" drives clk pins.
SYN-4024 : Net "u_camera_init/divider2[8]" drives clk pins.
SYN-4024 : Net "u_camera_init/divider2[7]" drives clk pins.
SYN-4024 : Net "u_image_select/mode[3]_syn_26" drives clk pins.
SYN-4024 : Net "u_image_process/wrreq" drives clk pins.
SYN-4025 : Tag rtl::Net Sdram_Control_4Port/CTRL_CLK as clock net
SYN-4025 : Tag rtl::Net Sdram_Control_4Port/SDRAM_CLK as clock net
SYN-4025 : Tag rtl::Net clk_24m_dup_1 as clock net
SYN-4025 : Tag rtl::Net clk_cam as clock net
SYN-4025 : Tag rtl::Net u_camera_init/divider2[7] as clock net
SYN-4025 : Tag rtl::Net u_camera_init/divider2[8] as clock net
SYN-4025 : Tag rtl::Net u_camera_init/u_i2c_write/clk as clock net
SYN-4025 : Tag rtl::Net u_image_process/u_Median_Gray_3/u_three_martix/csi_pclk as clock net
SYN-4025 : Tag rtl::Net u_image_process/wrreq as clock net
SYN-4025 : Tag rtl::Net u_image_select/mode[3]_syn_26 as clock net
SYN-4025 : Tag rtl::Net vga_clk_dup_1 as clock net
SYN-4026 : Tagged 11 rtl::Net as clock net
SYN-4015 : Create BUFG instance for clk Net u_camera_init/divider2[8] to drive 32 clock pins.
SYN-4015 : Create BUFG instance for clk Net u_camera_init/divider2[7] to drive 18 clock pins.
SYN-4015 : Create BUFG instance for clk Net u_image_select/mode[3]_syn_26 to drive 17 clock pins.
SYN-4015 : Create BUFG instance for clk Net u_image_process/wrreq to drive 16 clock pins.
PHY-1001 : Populate physical database on model test_camera.
RUN-1001 : There are total 5722 instances
RUN-0007 : 2330 luts, 1985 seqs, 792 mslices, 443 lslices, 144 pads, 14 brams, 5 dsps
RUN-1001 : There are total 6860 nets
RUN-6004 WARNING: There are 2 nets with only 1 pin.
RUN-1001 : 4643 nets have 2 pins
RUN-1001 : 1434 nets have [3 - 5] pins
RUN-1001 : 614 nets have [6 - 10] pins
RUN-1001 : 90 nets have [11 - 20] pins
RUN-1001 : 70 nets have [21 - 99] pins
RUN-1001 : 7 nets have 100+ pins
RUN-1001 : Report Control nets information:
RUN-1001 : DFF Distribution
RUN-1001 : ----------------------------------
RUN-1001 :   CE   |  SSR  |  ASR  |  DFF Count  
RUN-1001 : ----------------------------------
RUN-1001 :   No   |  No   |  No   |     85      
RUN-1001 :   No   |  No   |  Yes  |    1289     
RUN-1001 :   No   |  Yes  |  No   |     34      
RUN-1001 :   Yes  |  No   |  No   |     66      
RUN-1001 :   Yes  |  No   |  Yes  |     487     
RUN-1001 :   Yes  |  Yes  |  No   |     24      
RUN-1001 : ----------------------------------
RUN-0007 : Control Group Statistic
RUN-0007 : ---------------------------
RUN-0007 :   #CLK  |  #CE  |  #SSR/ASR  
RUN-0007 : ---------------------------
RUN-0007 :    58   |  34   |    100     
RUN-0007 : ---------------------------
RUN-0007 : Control Set = 193
PHY-3001 : Initial placement ...
PHY-3001 : design contains 5720 instances, 2330 luts, 1985 seqs, 1235 slices, 239 macros(1234 instances: 791 mslices 443 lslices)
PHY-3001 : Huge net cam_rst_dup_27 with 1601 pins
PHY-0007 : Cell area utilization is 24%
PHY-3001 : Start timing update ...
RUN-1002 : start command "start_timer -report"
TMR-2505 : Start building timing graph for model test_camera.
TMR-2506 : Build timing graph completely. Port num: 21, tpin num: 26976, tnet num: 6858, tinst num: 5720, tnode num: 33453, tedge num: 44692.
TMR-2508 : Levelizing timing graph completed, there are 291 levels in total.
TMR-2501 : Timing graph initialized successfully.
RUN-1003 : finish command "start_timer -report" in  1.143356s wall, 1.125000s user + 0.015625s system = 1.140625s CPU (99.8%)

RUN-1004 : used memory is 262 MB, reserved memory is 240 MB, peak memory is 262 MB
TMR-2503 : Start to update net delay, extr mode = 2.
TMR-2504 : Update delay of 6858 nets completely.
TMR-2502 : Annotate delay completely, extr mode = 2.
TMR-3001 : Initiate 0 clocks from SDC.
TMR-3004 : Map sdc constraints, there are 2 constraints in total.
TMR-3003 : Constraints initiated successfully.
TMR-3501 : Forward propagation: start to calculate arrival time...
TMR-3502 : Backward propagation: start to calculate required time...
TMR-3503 : Timing propagation completes.
PHY-3001 : End timing update;  1.303033s wall, 1.281250s user + 0.015625s system = 1.296875s CPU (99.5%)

PHY-3001 : Global placement ...
PHY-3001 : Initial: Len = 1.63504e+06
PHY-3001 : Clustering ...
PHY-3001 : Level 0 #clusters 5720.
PHY-3001 : End clustering;  0.000013s wall, 0.000000s user + 0.000000s system = 0.000000s CPU (n/a%)

PHY-3001 : Run with size of 4
PHY-3001 : Cell area utilization is 24%
PHY-3001 : :::0::: Try harder cell spreading with beta_ = 0
PHY-3002 : Step(1): len = 1.11267e+06, overlap = 45
PHY-3002 : Step(2): len = 957113, overlap = 47.75
PHY-3002 : Step(3): len = 552128, overlap = 58.3125
PHY-3002 : Step(4): len = 512207, overlap = 68.375
PHY-3002 : Step(5): len = 401474, overlap = 76.5625
PHY-3002 : Step(6): len = 368703, overlap = 81.1562
PHY-3002 : Step(7): len = 327604, overlap = 87.8438
PHY-3002 : Step(8): len = 305487, overlap = 110.25
PHY-3002 : Step(9): len = 257507, overlap = 115.875
PHY-3002 : Step(10): len = 234332, overlap = 124.906
PHY-3002 : Step(11): len = 224818, overlap = 152.562
PHY-3002 : Step(12): len = 204843, overlap = 165.281
PHY-3002 : Step(13): len = 193829, overlap = 167.344
PHY-3002 : Step(14): len = 176282, overlap = 181.438
PHY-3002 : Step(15): len = 168110, overlap = 185.656
PHY-3002 : Step(16): len = 165736, overlap = 193.781
PHY-3002 : Step(17): len = 156408, overlap = 212.719
PHY-3002 : Step(18): len = 150693, overlap = 222.219
PHY-3002 : Step(19): len = 142147, overlap = 227.812
PHY-3001 : :::1::: Try harder cell spreading with beta_ = 1.58239e-05
PHY-3002 : Step(20): len = 153466, overlap = 181.594
PHY-3002 : Step(21): len = 157797, overlap = 181.438
PHY-3002 : Step(22): len = 154496, overlap = 160.594
PHY-3002 : Step(23): len = 158228, overlap = 164.656
PHY-3002 : Step(24): len = 158539, overlap = 151.938
PHY-3002 : Step(25): len = 159080, overlap = 148.656
PHY-3002 : Step(26): len = 155588, overlap = 147.188
PHY-3002 : Step(27): len = 152121, overlap = 134.625
PHY-3002 : Step(28): len = 150276, overlap = 130
PHY-3002 : Step(29): len = 145715, overlap = 125.219
PHY-3002 : Step(30): len = 144676, overlap = 122.719
PHY-3002 : Step(31): len = 141284, overlap = 123.625
PHY-3002 : Step(32): len = 137010, overlap = 125.812
PHY-3002 : Step(33): len = 135188, overlap = 124.656
PHY-3002 : Step(34): len = 132749, overlap = 139.844
PHY-3002 : Step(35): len = 129706, overlap = 142.219
PHY-3002 : Step(36): len = 127910, overlap = 141.625
PHY-3002 : Step(37): len = 127386, overlap = 143.406
PHY-3002 : Step(38): len = 126392, overlap = 139.906
PHY-3002 : Step(39): len = 124595, overlap = 138.656
PHY-3002 : Step(40): len = 122988, overlap = 133.438
PHY-3002 : Step(41): len = 122238, overlap = 135.719
PHY-3002 : Step(42): len = 122223, overlap = 137.844
PHY-3001 : :::2::: Try harder cell spreading with beta_ = 3.16478e-05
PHY-3002 : Step(43): len = 121191, overlap = 134.25
PHY-3002 : Step(44): len = 121393, overlap = 136.688
PHY-3002 : Step(45): len = 122093, overlap = 135.719
PHY-3001 : :::3::: Try harder cell spreading with beta_ = 6.32955e-05
PHY-3002 : Step(46): len = 122145, overlap = 131.688
PHY-3002 : Step(47): len = 122160, overlap = 132.25
PHY-3002 : Step(48): len = 122245, overlap = 128.281
PHY-3001 : :::4::: Try harder cell spreading with beta_ = 0.000126591
PHY-3002 : Step(49): len = 123731, overlap = 135.188
PHY-3002 : Step(50): len = 124106, overlap = 135.125
PHY-3002 : Step(51): len = 127855, overlap = 131.156
PHY-3002 : Step(52): len = 130025, overlap = 123.312
PHY-3002 : Step(53): len = 127771, overlap = 124.5
PHY-3002 : Step(54): len = 127503, overlap = 122.156
PHY-3002 : Step(55): len = 127138, overlap = 123.531
PHY-3001 : :::5::: Try harder cell spreading with beta_ = 0.000253182
PHY-3002 : Step(56): len = 128237, overlap = 120.188
PHY-3002 : Step(57): len = 128304, overlap = 122.688
PHY-3002 : Step(58): len = 128412, overlap = 127.656
PHY-3001 : :::6::: Try harder cell spreading with beta_ = 0.000420375
PHY-3002 : Step(59): len = 128922, overlap = 125.5
PHY-3002 : Step(60): len = 128951, overlap = 125.5
PHY-3001 : Legalization ...
PHY-3001 : End legalization;  0.029677s wall, 0.031250s user + 0.000000s system = 0.031250s CPU (105.3%)

PHY-3001 : Run with size of 4
PHY-3001 : Cell area utilization is 30%
PHY-3001 : Update timing in Manhattan mode ...
TMR-2503 : Start to update net delay, extr mode = 3.
TMR-2504 : Update delay of 6858 nets completely.
TMR-2502 : Annotate delay completely, extr mode = 3.
TMR-3501 : Forward propagation: start to calculate arrival time...
TMR-3502 : Backward propagation: start to calculate required time...
TMR-3503 : Timing propagation completes.
PHY-3001 : End timing update;  0.162561s wall, 0.171875s user + 0.000000s system = 0.171875s CPU (105.7%)

PHY-3001 : :::0::: Try harder cell spreading with beta_ = 4.08105e-06
PHY-3002 : Step(61): len = 137594, overlap = 210.844
PHY-3002 : Step(62): len = 137458, overlap = 214.281
PHY-3002 : Step(63): len = 131272, overlap = 217.281
PHY-3002 : Step(64): len = 131697, overlap = 216.938
PHY-3002 : Step(65): len = 126907, overlap = 212.188
PHY-3002 : Step(66): len = 126888, overlap = 211.781
PHY-3002 : Step(67): len = 124973, overlap = 206.094
PHY-3002 : Step(68): len = 124829, overlap = 202.344
PHY-3002 : Step(69): len = 124540, overlap = 202.156
PHY-3001 : :::1::: Try harder cell spreading with beta_ = 8.1621e-06
PHY-3002 : Step(70): len = 124170, overlap = 203.906
PHY-3002 : Step(71): len = 124238, overlap = 203.688
PHY-3002 : Step(72): len = 124324, overlap = 204.5
PHY-3001 : :::2::: Try harder cell spreading with beta_ = 1.63242e-05
PHY-3002 : Step(73): len = 129141, overlap = 195.656
PHY-3002 : Step(74): len = 129141, overlap = 195.656
PHY-3002 : Step(75): len = 129031, overlap = 194.094
PHY-3002 : Step(76): len = 129135, overlap = 194.281
PHY-3002 : Step(77): len = 129342, overlap = 191.031
PHY-3001 : :::3::: Try harder cell spreading with beta_ = 3.26484e-05
PHY-3002 : Step(78): len = 135615, overlap = 175.812
PHY-3002 : Step(79): len = 135913, overlap = 175.688
PHY-3002 : Step(80): len = 137474, overlap = 169.906
PHY-3002 : Step(81): len = 137694, overlap = 168.406
PHY-3002 : Step(82): len = 140081, overlap = 144.281
PHY-3002 : Step(83): len = 137802, overlap = 144.969
PHY-3002 : Step(84): len = 137284, overlap = 146.375
PHY-3002 : Step(85): len = 136730, overlap = 147.438
PHY-3001 : :::4::: Try harder cell spreading with beta_ = 6.52968e-05
PHY-3002 : Step(86): len = 136911, overlap = 147.688
PHY-3002 : Step(87): len = 137125, overlap = 146.562
PHY-3002 : Step(88): len = 137125, overlap = 146.562
PHY-3001 : :::5::: Try harder cell spreading with beta_ = 0.000130594
PHY-3002 : Step(89): len = 141963, overlap = 132.531
PHY-3002 : Step(90): len = 142434, overlap = 127.344
PHY-3002 : Step(91): len = 142729, overlap = 115.469
PHY-3002 : Step(92): len = 142836, overlap = 115.875
PHY-3002 : Step(93): len = 140820, overlap = 98.1875
PHY-3002 : Step(94): len = 139341, overlap = 103.75
PHY-3002 : Step(95): len = 139110, overlap = 104.75
PHY-3002 : Step(96): len = 137743, overlap = 114.844
PHY-3002 : Step(97): len = 137730, overlap = 128.656
PHY-3002 : Step(98): len = 137828, overlap = 133.594
PHY-3001 : :::6::: Try harder cell spreading with beta_ = 0.000261187
PHY-3002 : Step(99): len = 135938, overlap = 123.688
PHY-3002 : Step(100): len = 135539, overlap = 118.688
PHY-3002 : Step(101): len = 135082, overlap = 119.812
PHY-3001 : :::7::: Try harder cell spreading with beta_ = 0.000522374
PHY-3002 : Step(102): len = 134914, overlap = 113.844
PHY-3002 : Step(103): len = 134914, overlap = 113.844
PHY-3002 : Step(104): len = 134477, overlap = 110.875
PHY-3001 : Run with size of 2
PHY-3001 : Cell area utilization is 30%
PHY-3001 : Update timing in Manhattan mode ...
TMR-2503 : Start to update net delay, extr mode = 3.
TMR-2504 : Update delay of 6858 nets completely.
TMR-2502 : Annotate delay completely, extr mode = 3.
TMR-3501 : Forward propagation: start to calculate arrival time...
TMR-3502 : Backward propagation: start to calculate required time...
TMR-3503 : Timing propagation completes.
PHY-3001 : End timing update;  0.150183s wall, 0.140625s user + 0.000000s system = 0.140625s CPU (93.6%)

PHY-3001 : :::0::: Try harder cell spreading with beta_ = 1.53691e-05
PHY-3002 : Step(105): len = 139152, overlap = 295.406
PHY-3002 : Step(106): len = 140026, overlap = 289.094
PHY-3002 : Step(107): len = 138916, overlap = 284.781
PHY-3002 : Step(108): len = 138931, overlap = 284.844
PHY-3002 : Step(109): len = 137096, overlap = 280.344
PHY-3002 : Step(110): len = 137005, overlap = 278.688
PHY-3002 : Step(111): len = 136595, overlap = 281.125
PHY-3001 : :::1::: Try harder cell spreading with beta_ = 3.07382e-05
PHY-3002 : Step(112): len = 137235, overlap = 275.5
PHY-3002 : Step(113): len = 137422, overlap = 275.219
PHY-3002 : Step(114): len = 138678, overlap = 268.781
PHY-3001 : :::2::: Try harder cell spreading with beta_ = 6.14764e-05
PHY-3002 : Step(115): len = 143315, overlap = 247.312
PHY-3002 : Step(116): len = 143995, overlap = 245.469
PHY-3002 : Step(117): len = 150053, overlap = 210.781
PHY-3002 : Step(118): len = 145867, overlap = 221.406
PHY-3002 : Step(119): len = 145553, overlap = 221.094
PHY-3002 : Step(120): len = 143541, overlap = 204.812
PHY-3001 : :::3::: Try harder cell spreading with beta_ = 0.000122953
PHY-3002 : Step(121): len = 149654, overlap = 193.656
PHY-3002 : Step(122): len = 152287, overlap = 179.406
PHY-3002 : Step(123): len = 155746, overlap = 159.562
PHY-3001 : :::4::: Try harder cell spreading with beta_ = 0.000245906
PHY-3002 : Step(124): len = 154922, overlap = 152.656
PHY-3002 : Step(125): len = 155210, overlap = 147.25
PHY-3002 : Step(126): len = 156548, overlap = 136.719
PHY-3002 : Step(127): len = 158029, overlap = 127.375
PHY-3002 : Step(128): len = 157888, overlap = 122.25
PHY-3002 : Step(129): len = 157888, overlap = 122.25
PHY-3002 : Step(130): len = 156580, overlap = 122.75
PHY-3001 : :::5::: Try harder cell spreading with beta_ = 0.000491811
PHY-3002 : Step(131): len = 157802, overlap = 120.438
PHY-3002 : Step(132): len = 158428, overlap = 120.25
PHY-3001 : :::6::: Try harder cell spreading with beta_ = 0.0009418
PHY-3002 : Step(133): len = 159029, overlap = 119.812
PHY-3002 : Step(134): len = 159535, overlap = 118.281
PHY-3002 : Step(135): len = 161867, overlap = 115.344
PHY-3002 : Step(136): len = 162592, overlap = 116.688
PHY-3002 : Step(137): len = 162502, overlap = 109.812
OPT-1001 : Start physical optimization ...
RUN-1002 : start command "start_timer -report"
TMR-2505 : Start building timing graph for model test_camera.
TMR-2506 : Build timing graph completely. Port num: 21, tpin num: 26976, tnet num: 6858, tinst num: 5720, tnode num: 33453, tedge num: 44692.
TMR-2508 : Levelizing timing graph completed, there are 291 levels in total.
TMR-2501 : Timing graph initialized successfully.
RUN-1003 : finish command "start_timer -report" in  1.246143s wall, 1.250000s user + 0.000000s system = 1.250000s CPU (100.3%)

RUN-1004 : used memory is 258 MB, reserved memory is 237 MB, peak memory is 270 MB
OPT-1001 : Total overflow 347.44 peak overflow 4.41
OPT-1001 : Start high-fanout net optimization ...
OPT-1001 : Update timing in global mode
PHY-1001 : Start incremental global routing, caller is place ...
RUN-1001 : Generating global routing grids ...
RUN-1001 : Building simple global routing graph ...
PHY-1001 : Generate routing nets ...
PHY-1001 : Reuse net number 0/6860.
PHY-1001 : Global iterations in 16 thread ...
PHY-1002 : len = 191288, over cnt = 858(2%), over = 3487, worst = 20
PHY-1001 : End global iterations;  0.413457s wall, 0.656250s user + 0.031250s system = 0.687500s CPU (166.3%)

PHY-1001 : Congestion index: top1 = 50.65, top5 = 37.59, top10 = 30.99, top15 = 26.90.
PHY-1001 : End incremental global routing;  0.522513s wall, 0.750000s user + 0.046875s system = 0.796875s CPU (152.5%)

TMR-2503 : Start to update net delay, extr mode = 5.
TMR-2504 : Update delay of 6858 nets completely.
TMR-2502 : Annotate delay completely, extr mode = 5.
TMR-3001 : Initiate 0 clocks from SDC.
TMR-3004 : Map sdc constraints, there are 2 constraints in total.
TMR-3003 : Constraints initiated successfully.
TMR-3501 : Forward propagation: start to calculate arrival time...
TMR-3502 : Backward propagation: start to calculate required time...
TMR-3503 : Timing propagation completes.
OPT-1001 : End timing update;  0.181710s wall, 0.171875s user + 0.000000s system = 0.171875s CPU (94.6%)

OPT-1001 : 0 high-fanout net processed.
OPT-1001 : End high-fanout net optimization;  0.821300s wall, 1.046875s user + 0.046875s system = 1.093750s CPU (133.2%)

OPT-1001 : Current memory(MB): used = 296, reserve = 275, peak = 296.
OPT-1001 : Start global optimization ...
OPT-1001 : Start congestion update ...
RUN-1001 : Generating global routing grids ...
PHY-1001 : Generate routing nets ...
PHY-1001 : Reuse net number 5120/6860.
PHY-1001 : Global iterations in 16 thread ...
PHY-1002 : len = 191288, over cnt = 858(2%), over = 3487, worst = 20
PHY-1002 : len = 215608, over cnt = 514(1%), over = 1159, worst = 20
PHY-1002 : len = 224704, over cnt = 189(0%), over = 335, worst = 13
PHY-1002 : len = 228064, over cnt = 29(0%), over = 45, worst = 3
PHY-1002 : len = 228952, over cnt = 0(0%), over = 0, worst = 0
PHY-1001 : End global iterations;  0.524330s wall, 0.703125s user + 0.000000s system = 0.703125s CPU (134.1%)

PHY-1001 : Congestion index: top1 = 42.95, top5 = 34.39, top10 = 29.79, top15 = 26.76.
OPT-1001 : End congestion update;  0.642631s wall, 0.828125s user + 0.000000s system = 0.828125s CPU (128.9%)

OPT-1001 : Update timing in Manhattan mode
TMR-2503 : Start to update net delay, extr mode = 3.
TMR-2504 : Update delay of 6858 nets completely.
TMR-2502 : Annotate delay completely, extr mode = 3.
TMR-3501 : Forward propagation: start to calculate arrival time...
TMR-3502 : Backward propagation: start to calculate required time...
TMR-3503 : Timing propagation completes.
OPT-1001 : End timing update;  0.145580s wall, 0.140625s user + 0.000000s system = 0.140625s CPU (96.6%)

OPT-0007 : Start: WNS 4470 TNS 0 NUM_FEPS 0
OPT-1001 : End global optimization;  0.788389s wall, 0.968750s user + 0.000000s system = 0.968750s CPU (122.9%)

OPT-1001 : Current memory(MB): used = 301, reserve = 280, peak = 301.
OPT-1001 : End physical optimization;  2.935952s wall, 3.328125s user + 0.062500s system = 3.390625s CPU (115.5%)

PHY-3001 : Start packing ...
SYN-4007 : Packing 0 MUX to BLE ...
SYN-4008 : Packed 0 MUX and 0 SEQ to BLE.
SYN-4007 : Packing 2330 LUT to BLE ...
SYN-4008 : Packed 2330 LUT and 1022 SEQ to BLE.
SYN-4003 : Packing 963 remaining SEQ's ...
SYN-4005 : Packed 593 SEQ with LUT/SLICE
SYN-4006 : 877 single LUT's are left
SYN-4006 : 370 single SEQ's are left
SYN-4011 : Packing model "test_camera" (AL_USER_NORMAL) with 2700/5125 primitive instances ...
PHY-3001 : End packing;  0.285697s wall, 0.281250s user + 0.000000s system = 0.281250s CPU (98.4%)

PHY-1001 : Populate physical database on model test_camera.
RUN-1001 : There are total 2914 instances
RUN-1001 : 1371 mslices, 1371 lslices, 144 pads, 14 brams, 5 dsps
RUN-1001 : There are total 5902 nets
RUN-6004 WARNING: There are 2 nets with only 1 pin.
RUN-1001 : 3668 nets have 2 pins
RUN-1001 : 1438 nets have [3 - 5] pins
RUN-1001 : 636 nets have [6 - 10] pins
RUN-1001 : 81 nets have [11 - 20] pins
RUN-1001 : 67 nets have [21 - 99] pins
RUN-1001 : 10 nets have 100+ pins
PHY-3001 : design contains 2912 instances, 2742 slices, 239 macros(1234 instances: 791 mslices 443 lslices)
PHY-3001 : Cell area utilization is 34%
PHY-3001 : After packing: Len = 164238, Over = 165.25
PHY-3001 : Run with size of 2
PHY-3001 : Cell area utilization is 34%
PHY-3001 : Update timing in Manhattan mode ...
RUN-1002 : start command "start_timer -report"
TMR-2505 : Start building timing graph for model test_camera.
TMR-2506 : Build timing graph completely. Port num: 21, tpin num: 23563, tnet num: 5900, tinst num: 2912, tnode num: 28259, tedge num: 40721.
TMR-2508 : Levelizing timing graph completed, there are 289 levels in total.
TMR-2501 : Timing graph initialized successfully.
RUN-1003 : finish command "start_timer -report" in  1.296153s wall, 1.296875s user + 0.000000s system = 1.296875s CPU (100.1%)

RUN-1004 : used memory is 305 MB, reserved memory is 286 MB, peak memory is 305 MB
TMR-2503 : Start to update net delay, extr mode = 3.
TMR-2504 : Update delay of 5900 nets completely.
TMR-2502 : Annotate delay completely, extr mode = 3.
TMR-3001 : Initiate 0 clocks from SDC.
TMR-3004 : Map sdc constraints, there are 2 constraints in total.
TMR-3003 : Constraints initiated successfully.
TMR-3501 : Forward propagation: start to calculate arrival time...
TMR-3502 : Backward propagation: start to calculate required time...
TMR-3503 : Timing propagation completes.
PHY-3001 : End timing update;  1.443351s wall, 1.453125s user + 0.000000s system = 1.453125s CPU (100.7%)

PHY-3001 : :::0::: Try harder cell spreading with beta_ = 2.6114e-05
PHY-3002 : Step(138): len = 159767, overlap = 171.5
PHY-3002 : Step(139): len = 158493, overlap = 168
PHY-3002 : Step(140): len = 153894, overlap = 168.5
PHY-3002 : Step(141): len = 151658, overlap = 174.25
PHY-3002 : Step(142): len = 150768, overlap = 176
PHY-3002 : Step(143): len = 149267, overlap = 180.25
PHY-3001 : :::1::: Try harder cell spreading with beta_ = 5.2228e-05
PHY-3002 : Step(144): len = 151933, overlap = 170.5
PHY-3002 : Step(145): len = 152776, overlap = 170.25
PHY-3002 : Step(146): len = 155848, overlap = 163.75
PHY-3002 : Step(147): len = 156838, overlap = 159
PHY-3002 : Step(148): len = 156932, overlap = 156
PHY-3001 : :::2::: Try harder cell spreading with beta_ = 0.000104456
PHY-3002 : Step(149): len = 161082, overlap = 143.5
PHY-3002 : Step(150): len = 162107, overlap = 140.5
PHY-3002 : Step(151): len = 165644, overlap = 133.75
PHY-3002 : Step(152): len = 165599, overlap = 126
PHY-3002 : Step(153): len = 165588, overlap = 123.25
PHY-3001 : Legalization ...
PHY-3001 : End legalization;  0.469544s wall, 0.406250s user + 0.718750s system = 1.125000s CPU (239.6%)

PHY-3001 : Trial Legalized: Len = 205077
PHY-3001 : Run with size of 2
PHY-3001 : Cell area utilization is 32%
PHY-3001 : Update timing in Manhattan mode ...
TMR-2503 : Start to update net delay, extr mode = 3.
TMR-2504 : Update delay of 5900 nets completely.
TMR-2502 : Annotate delay completely, extr mode = 3.
TMR-3501 : Forward propagation: start to calculate arrival time...
TMR-3502 : Backward propagation: start to calculate required time...
TMR-3503 : Timing propagation completes.
PHY-3001 : End timing update;  0.135467s wall, 0.125000s user + 0.000000s system = 0.125000s CPU (92.3%)

PHY-3001 : :::0::: Try harder cell spreading with beta_ = 0.000197688
PHY-3002 : Step(154): len = 192674, overlap = 13.25
PHY-3002 : Step(155): len = 184570, overlap = 33.75
PHY-3002 : Step(156): len = 180890, overlap = 38
PHY-3002 : Step(157): len = 179166, overlap = 43.75
PHY-3002 : Step(158): len = 178101, overlap = 46.75
PHY-3001 : Legalization ...
PHY-3001 : End legalization;  0.009338s wall, 0.015625s user + 0.000000s system = 0.015625s CPU (167.3%)

PHY-3001 : Legalized: Len = 191063, Over = 0
PHY-3001 : Spreading special nets. 34 overflows in 2952 tiles.
PHY-3001 : End spreading;  0.024091s wall, 0.015625s user + 0.000000s system = 0.015625s CPU (64.9%)

PHY-3001 : 42 instances has been re-located, deltaX = 5, deltaY = 28, maxDist = 2.
PHY-3001 : Final: Len = 191857, Over = 0
OPT-1001 : Start physical optimization ...
RUN-1002 : start command "start_timer -report"
TMR-2505 : Start building timing graph for model test_camera.
TMR-2506 : Build timing graph completely. Port num: 21, tpin num: 23563, tnet num: 5900, tinst num: 2912, tnode num: 28259, tedge num: 40721.
TMR-2508 : Levelizing timing graph completed, there are 289 levels in total.
TMR-2501 : Timing graph initialized successfully.
RUN-1003 : finish command "start_timer -report" in  1.347825s wall, 1.359375s user + 0.000000s system = 1.359375s CPU (100.9%)

RUN-1004 : used memory is 301 MB, reserved memory is 281 MB, peak memory is 309 MB
OPT-1001 : Total overflow 0.00 peak overflow 0.00
OPT-1001 : Start high-fanout net optimization ...
OPT-1001 : Update timing in global mode
PHY-1001 : Start incremental global routing, caller is place ...
RUN-1001 : Generating global routing grids ...
PHY-1001 : Generate routing nets ...
PHY-1001 : Reuse net number 261/5902.
PHY-1001 : Global iterations in 16 thread ...
PHY-1002 : len = 236512, over cnt = 645(1%), over = 1088, worst = 7
PHY-1002 : len = 242080, over cnt = 290(0%), over = 390, worst = 6
PHY-1002 : len = 245952, over cnt = 60(0%), over = 70, worst = 3
PHY-1002 : len = 246376, over cnt = 40(0%), over = 47, worst = 3
PHY-1002 : len = 246984, over cnt = 0(0%), over = 0, worst = 0
PHY-1001 : End global iterations;  0.828101s wall, 1.125000s user + 0.062500s system = 1.187500s CPU (143.4%)

PHY-1001 : Congestion index: top1 = 36.34, top5 = 30.59, top10 = 27.45, top15 = 25.23.
PHY-1001 : End incremental global routing;  0.978895s wall, 1.265625s user + 0.062500s system = 1.328125s CPU (135.7%)

TMR-2503 : Start to update net delay, extr mode = 5.
TMR-2504 : Update delay of 5900 nets completely.
TMR-2502 : Annotate delay completely, extr mode = 5.
TMR-3001 : Initiate 0 clocks from SDC.
TMR-3004 : Map sdc constraints, there are 2 constraints in total.
TMR-3003 : Constraints initiated successfully.
TMR-3501 : Forward propagation: start to calculate arrival time...
TMR-3502 : Backward propagation: start to calculate required time...
TMR-3503 : Timing propagation completes.
OPT-1001 : End timing update;  0.170820s wall, 0.171875s user + 0.000000s system = 0.171875s CPU (100.6%)

OPT-1001 : 0 high-fanout net processed.
OPT-1001 : End high-fanout net optimization;  1.272244s wall, 1.562500s user + 0.062500s system = 1.625000s CPU (127.7%)

OPT-1001 : Current memory(MB): used = 310, reserve = 291, peak = 310.
OPT-1001 : Start path based optimization ...
OPT-1001 : Start congestion update ...
RUN-1001 : Generating global routing grids ...
PHY-1001 : Generate routing nets ...
PHY-1001 : Reuse net number 5002/5902.
PHY-1001 : Global iterations in 16 thread ...
PHY-1002 : len = 246984, over cnt = 0(0%), over = 0, worst = 0
PHY-1001 : End global iterations;  0.037506s wall, 0.046875s user + 0.000000s system = 0.046875s CPU (125.0%)

PHY-1001 : Congestion index: top1 = 36.34, top5 = 30.59, top10 = 27.45, top15 = 25.23.
OPT-1001 : End congestion update;  0.168326s wall, 0.171875s user + 0.000000s system = 0.171875s CPU (102.1%)

OPT-1001 : Update timing in Manhattan mode
TMR-2503 : Start to update net delay, extr mode = 3.
TMR-2504 : Update delay of 5900 nets completely.
TMR-2502 : Annotate delay completely, extr mode = 3.
TMR-3501 : Forward propagation: start to calculate arrival time...
TMR-3502 : Backward propagation: start to calculate required time...
TMR-3503 : Timing propagation completes.
OPT-1001 : End timing update;  0.130961s wall, 0.125000s user + 0.000000s system = 0.125000s CPU (95.4%)

OPT-0007 : Start: WNS 4295 TNS 0 NUM_FEPS 0
OPT-1001 : End path based optimization;  0.299445s wall, 0.296875s user + 0.000000s system = 0.296875s CPU (99.1%)

OPT-1001 : Current memory(MB): used = 312, reserve = 293, peak = 312.
OPT-1001 : Update timing in Manhattan mode
TMR-2503 : Start to update net delay, extr mode = 3.
TMR-2504 : Update delay of 5900 nets completely.
TMR-2502 : Annotate delay completely, extr mode = 3.
TMR-3501 : Forward propagation: start to calculate arrival time...
TMR-3502 : Backward propagation: start to calculate required time...
TMR-3503 : Timing propagation completes.
OPT-1001 : End timing update;  0.128377s wall, 0.140625s user + 0.000000s system = 0.140625s CPU (109.5%)

OPT-1001 : Start pin optimization...
OPT-1001 : skip pin optimization...
OPT-1001 : Update timing in global mode
PHY-1001 : Start incremental global routing, caller is place ...
RUN-1001 : Generating global routing grids ...
PHY-1001 : Generate routing nets ...
PHY-1001 : Reuse net number 5002/5902.
PHY-1001 : Global iterations in 16 thread ...
PHY-1002 : len = 246984, over cnt = 0(0%), over = 0, worst = 0
PHY-1001 : End global iterations;  0.031937s wall, 0.031250s user + 0.000000s system = 0.031250s CPU (97.9%)

PHY-1001 : Congestion index: top1 = 36.34, top5 = 30.59, top10 = 27.45, top15 = 25.23.
PHY-1001 : End incremental global routing;  0.152990s wall, 0.140625s user + 0.000000s system = 0.140625s CPU (91.9%)

TMR-2503 : Start to update net delay, extr mode = 5.
TMR-2504 : Update delay of 5900 nets completely.
TMR-2502 : Annotate delay completely, extr mode = 5.
TMR-3501 : Forward propagation: start to calculate arrival time...
TMR-3502 : Backward propagation: start to calculate required time...
TMR-3503 : Timing propagation completes.
OPT-1001 : End timing update;  0.161434s wall, 0.156250s user + 0.015625s system = 0.171875s CPU (106.5%)

RUN-1001 : Generating global routing grids ...
PHY-1001 : Generate routing nets ...
PHY-1001 : Reuse net number 5002/5902.
PHY-1001 : Global iterations in 16 thread ...
PHY-1002 : len = 246984, over cnt = 0(0%), over = 0, worst = 0
PHY-1001 : End global iterations;  0.032093s wall, 0.031250s user + 0.000000s system = 0.031250s CPU (97.4%)

PHY-1001 : Congestion index: top1 = 36.34, top5 = 30.59, top10 = 27.45, top15 = 25.23.
OPT-1001 : Update timing in Manhattan mode
TMR-2503 : Start to update net delay, extr mode = 3.
TMR-2504 : Update delay of 5900 nets completely.
TMR-2502 : Annotate delay completely, extr mode = 3.
TMR-3501 : Forward propagation: start to calculate arrival time...
TMR-3502 : Backward propagation: start to calculate required time...
TMR-3503 : Timing propagation completes.
OPT-1001 : End timing update;  0.126065s wall, 0.125000s user + 0.000000s system = 0.125000s CPU (99.2%)

RUN-1001 : QoR Analysis:
OPT-0007 :   WNS 4295 TNS 0 NUM_FEPS 0
RUN-1001 :   No local congestion issue, and most congested 1% tile average routing util is 35.931034
RUN-1001 :   Top critical paths
OPT-1001 : End physical optimization;  3.701951s wall, 3.984375s user + 0.078125s system = 4.062500s CPU (109.7%)

RUN-1003 : finish command "place" in  19.047501s wall, 34.078125s user + 10.187500s system = 44.265625s CPU (232.4%)

RUN-1004 : used memory is 289 MB, reserved memory is 270 MB, peak memory is 313 MB
RUN-1002 : start command "export_db ov2640_sdram_place.db"
RUN-1001 : Exported /
RUN-1001 : Exported flow parameters
RUN-1001 : Exported libs
RUN-1001 : Exported entities
RUN-1001 : Exported ports
RUN-1001 : Exported pins
RUN-1001 : Exported instances
RUN-1001 : Exported nets
RUN-1001 : Exported buses
RUN-1001 : Exported models
RUN-1001 : Exported congestions
RUN-1001 : Exported violations
RUN-1001 : Exported timing constraints
RUN-1001 : Exported IO constraints
RUN-1001 : Exported Inst constraints
RUN-1002 : start command "route"
RUN-1001 : Open license file C:/Anlogic/TD5.6.59063/license/Anlogic.lic
RUN-1001 : Print Global Property
RUN-1001 : ---------------------------------------------------------------
RUN-1001 :        Parameters        |  Settings  |  Default Values  |  Note  
RUN-1001 : ---------------------------------------------------------------
RUN-1001 :          message         |  standard  |     standard     |        
RUN-1001 :   mixed_pack_place_flow  |     on     |        on        |        
RUN-1001 :        qor_monitor       |    off     |       off        |        
RUN-1001 :        syn_ip_flow       |    off     |       off        |        
RUN-1001 :          thread          |    auto    |       auto       |        
RUN-1001 : ---------------------------------------------------------------
RUN-1001 : Print Route Property
RUN-1001 : -------------------------------------------------------
RUN-1001 :    Parameters    |  Settings  |  Default Values  |  Note  
RUN-1001 : -------------------------------------------------------
RUN-1001 :      effort      |   medium   |      medium      |        
RUN-1001 :     fix_hold     |    off     |       off        |        
RUN-1001 :    opt_timing    |   medium   |      medium      |        
RUN-1001 :   phy_sim_model  |    off     |       off        |        
RUN-1001 :     priority     |   timing   |      timing      |        
RUN-1001 :     swap_pin     |     on     |        on        |        
RUN-1001 : -------------------------------------------------------
PHY-1001 : Route runs in 16 thread(s)
RUN-1001 : There are total 2914 instances
RUN-1001 : 1371 mslices, 1371 lslices, 144 pads, 14 brams, 5 dsps
RUN-1001 : There are total 5902 nets
RUN-6004 WARNING: There are 2 nets with only 1 pin.
RUN-1001 : 3668 nets have 2 pins
RUN-1001 : 1438 nets have [3 - 5] pins
RUN-1001 : 636 nets have [6 - 10] pins
RUN-1001 : 81 nets have [11 - 20] pins
RUN-1001 : 67 nets have [21 - 99] pins
RUN-1001 : 10 nets have 100+ pins
RUN-1002 : start command "start_timer -report"
TMR-2505 : Start building timing graph for model test_camera.
TMR-2506 : Build timing graph completely. Port num: 21, tpin num: 23563, tnet num: 5900, tinst num: 2912, tnode num: 28259, tedge num: 40721.
TMR-2508 : Levelizing timing graph completed, there are 289 levels in total.
TMR-2501 : Timing graph initialized successfully.
RUN-1003 : finish command "start_timer -report" in  1.488065s wall, 1.484375s user + 0.000000s system = 1.484375s CPU (99.8%)

RUN-1004 : used memory is 306 MB, reserved memory is 288 MB, peak memory is 341 MB
PHY-1001 : 1371 mslices, 1371 lslices, 144 pads, 14 brams, 5 dsps
TMR-2503 : Start to update net delay, extr mode = 3.
TMR-2504 : Update delay of 5900 nets completely.
TMR-2502 : Annotate delay completely, extr mode = 3.
TMR-3001 : Initiate 0 clocks from SDC.
TMR-3004 : Map sdc constraints, there are 2 constraints in total.
TMR-3003 : Constraints initiated successfully.
TMR-3501 : Forward propagation: start to calculate arrival time...
TMR-3502 : Backward propagation: start to calculate required time...
TMR-3503 : Timing propagation completes.
PHY-1001 : Start global routing, caller is route ...
RUN-1001 : Generating global routing grids ...
PHY-1001 : Generate routing nets ...
PHY-1001 : Global iterations in 16 thread ...
PHY-1002 : len = 234008, over cnt = 637(1%), over = 1084, worst = 7
PHY-1002 : len = 239952, over cnt = 294(0%), over = 399, worst = 5
PHY-1002 : len = 242376, over cnt = 167(0%), over = 212, worst = 4
PHY-1002 : len = 245256, over cnt = 0(0%), over = 0, worst = 0
PHY-1001 : End global iterations;  0.829882s wall, 1.156250s user + 0.203125s system = 1.359375s CPU (163.8%)

PHY-1001 : Congestion index: top1 = 36.44, top5 = 30.53, top10 = 27.37, top15 = 25.14.
PHY-1001 : End global routing;  0.973127s wall, 1.296875s user + 0.203125s system = 1.500000s CPU (154.1%)

PHY-1001 : Start detail routing ...
PHY-1001 : Current memory(MB): used = 341, reserve = 322, peak = 342.
PHY-1001 : Detailed router is running in normal mode.
PHY-1001 : Generate detailed routing grids ...
PHY-1001 : Generate nets ...
PHY-1001 : net clk_24m_dup_1 will be routed on clock mesh
PHY-1001 : net clk_cam will be routed on clock mesh
PHY-1001 : net vga_clk_dup_1 will be routed on clock mesh
PHY-1001 : clock net Sdram_Control_4Port/CTRL_CLK will be merged with clock u_pll/clk0_buf
PHY-1001 : net Sdram_Control_4Port/SDRAM_CLK will be routed on clock mesh
PHY-1001 : clock net u_image_select/mode[3]_syn_28 will be merged with clock u_image_select/mode[3]_syn_26
PHY-1001 : clock net u_camera_init/divider2[8]_syn_4 will be merged with clock u_camera_init/divider2[8]
PHY-1001 : clock net u_camera_init/divider2[7]_syn_2 will be merged with clock u_camera_init/divider2[7]
PHY-1001 : net u_camera_init/u_i2c_write/clk will be routed on clock mesh
PHY-5010 WARNING: Net u_image_process/out_img_imy[1] is skipped due to 0 input or output
PHY-5010 WARNING: Net u_image_process/out_img_imy[0] is skipped due to 0 input or output
PHY-1001 : clock net u_image_process/wrreq_syn_2 will be merged with clock u_image_process/wrreq
PHY-1001 : net u_image_process/u_Median_Gray_3/u_three_martix/csi_pclk will be routed on clock mesh
PHY-5010 WARNING: Net u_image_process/out_img_imy[1] is skipped due to 0 input or output
PHY-5010 WARNING: Net u_image_process/out_img_imy[0] is skipped due to 0 input or output
PHY-1001 : Current memory(MB): used = 595, reserve = 580, peak = 595.
PHY-1001 : End build detailed router design. 4.173072s wall, 4.125000s user + 0.046875s system = 4.171875s CPU (100.0%)

PHY-1001 : Detail Route ...
PHY-1001 : ===== Detail Route Phase 1 =====
PHY-1001 : Clock net routing.....
PHY-1001 : Routed 0% nets.
PHY-1022 : len = 70536, over cnt = 0(0%), over = 0, worst = 0, crit = 0
PHY-1001 : End initial clock net routed; 5.455698s wall, 5.421875s user + 0.015625s system = 5.437500s CPU (99.7%)

PHY-1001 : Current memory(MB): used = 628, reserve = 614, peak = 628.
PHY-1001 : End phase 1; 5.466024s wall, 5.437500s user + 0.015625s system = 5.453125s CPU (99.8%)

PHY-1001 : ===== Detail Route Phase 2 =====
PHY-1001 : Initial routing.....
PHY-1001 : Routed 25% nets.
PHY-1001 : Routed 27% nets.
PHY-1001 : Routed 31% nets.
PHY-1001 : Routed 34% nets.
PHY-1001 : Routed 41% nets.
PHY-1001 : Patch 2392 net; 3.281072s wall, 3.281250s user + 0.000000s system = 3.281250s CPU (100.0%)

PHY-1022 : len = 637816, over cnt = 278(0%), over = 279, worst = 2, crit = 0
PHY-1001 : Current memory(MB): used = 632, reserve = 618, peak = 632.
PHY-1001 : End initial routed; 10.964188s wall, 16.187500s user + 0.078125s system = 16.265625s CPU (148.4%)

PHY-1001 : Update timing.....
PHY-1001 : 0/4824(0%) critical/total net(s).
RUN-1001 : ------------------------------------------
RUN-1001 :   Type   |    WNS(ns)    |  TNS(ns)  |  FEP  
RUN-1001 : ------------------------------------------
RUN-1001 :   Setup  |     3.792     |   0.000   |   0   
RUN-1001 :   Hold   |  2147483.647  |   0.000   |   0   
RUN-1001 : ------------------------------------------
PHY-1001 : End update timing; 1.727836s wall, 1.718750s user + 0.000000s system = 1.718750s CPU (99.5%)

PHY-1001 : Current memory(MB): used = 638, reserve = 624, peak = 638.
PHY-1001 : End phase 2; 12.692105s wall, 17.906250s user + 0.078125s system = 17.984375s CPU (141.7%)

PHY-1001 : ===== Detail Route Phase 3 =====
PHY-1001 : Optimize timing.....
PHY-1022 : len = 637816, over cnt = 278(0%), over = 279, worst = 2, crit = 0
PHY-1001 : End optimize timing; 0.026998s wall, 0.031250s user + 0.000000s system = 0.031250s CPU (115.8%)

PHY-1001 : Ripup-reroute.....
PHY-1001 : ===== DR Iter 1 =====
PHY-1022 : len = 635104, over cnt = 75(0%), over = 75, worst = 1, crit = 0
PHY-1001 : End DR Iter 1; 0.205694s wall, 0.312500s user + 0.000000s system = 0.312500s CPU (151.9%)

PHY-1001 : ===== DR Iter 2 =====
PHY-1022 : len = 635264, over cnt = 6(0%), over = 6, worst = 1, crit = 0
PHY-1001 : End DR Iter 2; 0.125119s wall, 0.156250s user + 0.000000s system = 0.156250s CPU (124.9%)

PHY-1001 : ===== DR Iter 3 =====
PHY-1022 : len = 635328, over cnt = 1(0%), over = 1, worst = 1, crit = 0
PHY-1001 : End DR Iter 3; 0.058131s wall, 0.046875s user + 0.000000s system = 0.046875s CPU (80.6%)

PHY-1001 : ===== DR Iter 4 =====
PHY-1022 : len = 635296, over cnt = 0(0%), over = 0, worst = 0, crit = 0
PHY-1001 : End DR Iter 4; 0.066135s wall, 0.078125s user + 0.000000s system = 0.078125s CPU (118.1%)

PHY-1001 : Update timing.....
PHY-1001 : 0/4824(0%) critical/total net(s).
RUN-1001 : ------------------------------------------
RUN-1001 :   Type   |    WNS(ns)    |  TNS(ns)  |  FEP  
RUN-1001 : ------------------------------------------
RUN-1001 :   Setup  |     3.792     |   0.000   |   0   
RUN-1001 :   Hold   |  2147483.647  |   0.000   |   0   
RUN-1001 : ------------------------------------------
PHY-1001 : End update timing; 1.697542s wall, 1.703125s user + 0.000000s system = 1.703125s CPU (100.3%)

PHY-1001 : Commit to database.....
PHY-1001 : 49 feed throughs used by 44 nets
PHY-1001 : End commit to database; 0.746891s wall, 0.734375s user + 0.000000s system = 0.734375s CPU (98.3%)

PHY-1001 : Current memory(MB): used = 669, reserve = 656, peak = 669.
PHY-1001 : End phase 3; 3.136757s wall, 3.265625s user + 0.000000s system = 3.265625s CPU (104.1%)

PHY-1003 : Routed, final wirelength = 635296
PHY-1001 : Current memory(MB): used = 670, reserve = 657, peak = 670.
PHY-1001 : End export database. 0.028431s wall, 0.031250s user + 0.000000s system = 0.031250s CPU (109.9%)

PHY-1001 : End detail routing;  25.824648s wall, 31.093750s user + 0.140625s system = 31.234375s CPU (120.9%)

RUN-1003 : finish command "route" in  28.596835s wall, 34.187500s user + 0.359375s system = 34.546875s CPU (120.8%)

RUN-1004 : used memory is 630 MB, reserved memory is 617 MB, peak memory is 670 MB
RUN-1002 : start command "report_area -io_info -file ov2640_sdram_phy.area"
RUN-1001 : standard
***Report Model: test_camera Device: EG4S20BG256***

IO Statistics
#IO                        89
  #input                   29
  #output                  59
  #inout                    1

Utilization Statistics
#lut                     4887   out of  19600   24.93%
#reg                     1988   out of  19600   10.14%
#le                      5254
  #lut only              3266   out of   5254   62.16%
  #reg only               367   out of   5254    6.99%
  #lut&reg               1621   out of   5254   30.85%
#dsp                        5   out of     29   17.24%
#bram                      12   out of     64   18.75%
  #bram9k                   0
  #fifo9k                  12
#bram32k                    2   out of     16   12.50%
#pad                       89   out of    188   47.34%
  #ireg                     0
  #oreg                     0
  #treg                     0
#pll                        1   out of      4   25.00%
#gclk                      11   out of     16   68.75%

Clock Resource Statistics
Index     ClockNet                                                   Type               DriverType         Driver                                             Fanout
#1        u_image_process/u_Median_Gray_3/u_three_martix/csi_pclk    GCLK               io                 cam_pclk_syn_9.di                                  862
#2        u_pll/clk0_buf                                             GCLK               pll                u_pll/pll_inst.clkc0                               182
#3        vga_clk_dup_1                                              GCLK               pll                u_pll/pll_inst.clkc2                               42
#4        u_camera_init/u_i2c_write/clk                              GCLK               pll                u_pll/pll_inst.clkc4                               33
#5        u_camera_init/divider2[8]                                  GCLK               lslice             u_camera_init/add2_syn_56.q1                       23
#6        u_camera_init/divider2[7]                                  GCLK               lslice             u_camera_init/add2_syn_56.q0                       17
#7        u_image_process/wrreq                                      GCLK               lslice             u_image_process/u_RGBYCbCr/reg7_syn_24.f0          9
#8        u_image_select/mode[3]_syn_26                              GCLK               lslice             u_image_process/u_RGBYCbCr/img_cb1_b_n_syn_9.f1    9
#9        clk_24m_dup_1                                              GCLK               io                 clk_24m_syn_2.di                                   7
#10       Sdram_Control_4Port/SDRAM_CLK                              GCLK               pll                u_pll/pll_inst.clkc1                               0
#11       clk_cam                                                    GCLK               pll                u_pll/pll_inst.clkc3                               0


Detailed IO Report

     Name        Direction    Location    IOStandard    DriveStrength    PullType    PackReg  
   Switch[5]       INPUT         P6        LVCMOS25          N/A          PULLUP      NONE    
   Switch[4]       INPUT         M6        LVCMOS25          N/A          PULLUP      NONE    
   Switch[3]       INPUT         T6        LVCMOS25          N/A          PULLUP      NONE    
   Switch[2]       INPUT         T5        LVCMOS25          N/A          PULLUP      NONE    
   Switch[1]       INPUT         R5        LVCMOS25          N/A          PULLUP      NONE    
   Switch[0]       INPUT         T4        LVCMOS25          N/A          PULLUP      NONE    
  cam_data[7]      INPUT        H13        LVCMOS33          N/A          PULLUP      NONE    
  cam_data[6]      INPUT        G16        LVCMOS33          N/A          PULLUP      NONE    
  cam_data[5]      INPUT        H16        LVCMOS33          N/A          PULLUP      NONE    
  cam_data[4]      INPUT        G14        LVCMOS33          N/A          PULLUP      NONE    
  cam_data[3]      INPUT        K15        LVCMOS33          N/A          PULLUP      NONE    
  cam_data[2]      INPUT        K16        LVCMOS33          N/A          PULLUP      NONE    
  cam_data[1]      INPUT        J16        LVCMOS33          N/A          PULLUP      NONE    
  cam_data[0]      INPUT        H15        LVCMOS33          N/A          PULLUP      NONE    
   cam_href        INPUT        F15        LVCMOS33          N/A          PULLUP      NONE    
   cam_pclk        INPUT        K12        LVCMOS33          N/A          PULLUP      NONE    
   cam_vsync       INPUT        E15        LVCMOS33          N/A          PULLUP      NONE    
    clk_24m        INPUT        K14        LVCMOS33          N/A          PULLUP      NONE    
     rst_n         INPUT        G11        LVCMOS33          N/A          PULLUP      NONE    
    Led[15]       OUTPUT        T13        LVCMOS25           8            NONE       NONE    
    Led[14]       OUTPUT        T12        LVCMOS25           8            NONE       NONE    
    Led[13]       OUTPUT        R12        LVCMOS25           8            NONE       NONE    
    Led[12]       OUTPUT         M7        LVCMOS25           8            NONE       NONE    
    Led[11]       OUTPUT         T9        LVCMOS25           8            NONE       NONE    
    Led[10]       OUTPUT         T8        LVCMOS25           8            NONE       NONE    
    Led[9]        OUTPUT         T7        LVCMOS25           8            NONE       NONE    
    Led[8]        OUTPUT         R7        LVCMOS25           8            NONE       NONE    
    Led[7]        OUTPUT         P5        LVCMOS25           8            NONE       NONE    
    Led[6]        OUTPUT         N5        LVCMOS25           8            NONE       NONE    
    Led[5]        OUTPUT         P4        LVCMOS25           8            NONE       NONE    
    Led[4]        OUTPUT         M5        LVCMOS25           8            NONE       NONE    
    Led[3]        OUTPUT         N4        LVCMOS25           8            NONE       NONE    
    Led[2]        OUTPUT         N3        LVCMOS25           8            NONE       NONE    
    Led[1]        OUTPUT         M4        LVCMOS25           8            NONE       NONE    
    Led[0]        OUTPUT         M3        LVCMOS25           8            NONE       NONE    
   cam_pwdn       OUTPUT        F14        LVCMOS33           8            NONE       NONE    
    cam_rst       OUTPUT        F13        LVCMOS33           8            NONE       NONE    
   cam_soic       OUTPUT        D16        LVCMOS33           8           PULLUP      NONE    
   cam_xclk       OUTPUT        J12        LVCMOS33           8            NONE       NONE    
   sm_bit[3]      OUTPUT         F3        LVCMOS25           8            NONE       NONE    
   sm_bit[2]      OUTPUT         C2        LVCMOS25           8            NONE       NONE    
   sm_bit[1]      OUTPUT         C3        LVCMOS25           8            NONE       NONE    
   sm_bit[0]      OUTPUT         B1        LVCMOS25           8            NONE       NONE    
   sm_seg[7]      OUTPUT         A2        LVCMOS25           8            NONE       NONE    
   sm_seg[6]      OUTPUT         B2        LVCMOS25           8            NONE       NONE    
   sm_seg[5]      OUTPUT         D3        LVCMOS25           8            NONE       NONE    
   sm_seg[4]      OUTPUT         F5        LVCMOS25           8            NONE       NONE    
   sm_seg[3]      OUTPUT         E4        LVCMOS25           8            NONE       NONE    
   sm_seg[2]      OUTPUT         F4        LVCMOS25           8            NONE       NONE    
   sm_seg[1]      OUTPUT         B3        LVCMOS25           8            NONE       NONE    
   sm_seg[0]      OUTPUT         E3        LVCMOS25           8            NONE       NONE    
   vga_b[7]       OUTPUT         C1        LVCMOS25           8            NONE       NONE    
   vga_b[6]       OUTPUT         D1        LVCMOS25           8            NONE       NONE    
   vga_b[5]       OUTPUT         E2        LVCMOS25           8            NONE       NONE    
   vga_b[4]       OUTPUT         G3        LVCMOS25           8            NONE       NONE    
   vga_b[3]       OUTPUT         E1        LVCMOS25           8            NONE       NONE    
   vga_b[2]       OUTPUT         F2        LVCMOS25           8            NONE       NONE    
   vga_b[1]       OUTPUT         F1        LVCMOS25           8            NONE       NONE    
   vga_b[0]       OUTPUT         G1        LVCMOS25           8            NONE       NONE    
    vga_clk       OUTPUT         H2        LVCMOS25           8            NONE       NONE    
   vga_g[7]       OUTPUT         H5        LVCMOS25           8            NONE       NONE    
   vga_g[6]       OUTPUT         H1        LVCMOS25           8            NONE       NONE    
   vga_g[5]       OUTPUT         J6        LVCMOS25           8            NONE       NONE    
   vga_g[4]       OUTPUT         H3        LVCMOS25           8            NONE       NONE    
   vga_g[3]       OUTPUT         J1        LVCMOS25           8            NONE       NONE    
   vga_g[2]       OUTPUT         K1        LVCMOS25           8            NONE       NONE    
   vga_g[1]       OUTPUT         K2        LVCMOS25           8            NONE       NONE    
   vga_g[0]       OUTPUT         L1        LVCMOS25           8            NONE       NONE    
   vga_hsync      OUTPUT         J3        LVCMOS25           8            NONE       NONE    
   vga_r[7]       OUTPUT         K6        LVCMOS25           8            NONE       NONE    
   vga_r[6]       OUTPUT         K3        LVCMOS25           8            NONE       NONE    
   vga_r[5]       OUTPUT         K5        LVCMOS25           8            NONE       NONE    
   vga_r[4]       OUTPUT         L4        LVCMOS25           8            NONE       NONE    
   vga_r[3]       OUTPUT         M1        LVCMOS25           8            NONE       NONE    
   vga_r[2]       OUTPUT         M2        LVCMOS25           8            NONE       NONE    
   vga_r[1]       OUTPUT         L3        LVCMOS25           8            NONE       NONE    
   vga_r[0]       OUTPUT         L5        LVCMOS25           8            NONE       NONE    
   vga_vsync      OUTPUT         J4        LVCMOS25           8            NONE       NONE    
   cam_soid        INOUT        D14        LVCMOS33           8           PULLUP      NONE    

Report Hierarchy Area:
+---------------------------------------------------------------------------------------------------------------------------------------+
|Instance                              |Module                                     |le     |lut     |ripple  |seq     |bram    |dsp     |
+---------------------------------------------------------------------------------------------------------------------------------------+
|top                                   |test_camera                                |5254   |3652    |1235    |1988    |14      |5       |
|  Sdram_Control_4Port                 |Sdram_Control_4Port                        |789    |535     |173     |396     |2       |0       |
|    command1                          |command                                    |49     |49      |0       |41      |0       |0       |
|    control1                          |control_interface                          |105    |69      |24      |58      |0       |0       |
|    data_path1                        |sdr_data_path                              |13     |13      |0       |0       |0       |0       |
|    read_fifo1                        |Sdram_RD_FIFO                              |127    |71      |18      |101     |1       |0       |
|      dcfifo_component                |softfifo                                   |127    |71      |18      |101     |1       |0       |
|        ram_inst                      |ram_infer_softfifo                         |0      |0       |0       |0       |1       |0       |
|        rd_to_wr_cross_inst           |fifo_cross_domain_addr_process_al_softfifo |38     |21      |0       |38      |0       |0       |
|        wr_to_rd_cross_inst           |fifo_cross_domain_addr_process_al_softfifo |30     |23      |0       |30      |0       |0       |
|    sdram1                            |sdram                                      |3      |3       |0       |1       |0       |0       |
|    write_fifo1                       |Sdram_WR_FIFO                              |121    |84      |18      |95      |1       |0       |
|      dcfifo_component                |softfifo                                   |121    |84      |18      |95      |1       |0       |
|        ram_inst                      |ram_infer_softfifo                         |0      |0       |0       |0       |1       |0       |
|        rd_to_wr_cross_inst           |fifo_cross_domain_addr_process_al_softfifo |38     |24      |0       |38      |0       |0       |
|        wr_to_rd_cross_inst           |fifo_cross_domain_addr_process_al_softfifo |30     |25      |0       |30      |0       |0       |
|  u_Mode_Switch                       |Mode_Switch                                |12     |12      |0       |9       |0       |0       |
|  u_cam_vga_out                       |Driver                                     |112    |62      |44      |28      |0       |0       |
|  u_camera_init                       |camera_init                                |562    |542     |9       |92      |0       |0       |
|    u_i2c_write                       |i2c_module                                 |153    |153     |0       |50      |0       |0       |
|  u_camera_reader                     |camera_reader                              |87     |51      |17      |50      |0       |0       |
|  u_image_process                     |image_process                              |3453   |2237    |982     |1339    |12      |5       |
|    u_Dilation_Detector               |Dilation_Detector                          |159    |103     |45      |77      |2       |0       |
|      u_three_martix_4                |three_martix                               |146    |96      |45      |64      |2       |0       |
|        u_fifo_1                      |fifo_1                                     |0      |0       |0       |0       |1       |0       |
|        u_fifo_2                      |fifo_2                                     |0      |0       |0       |0       |1       |0       |
|    u_Erosion_Detector                |Erosion_Detector                           |168    |116     |45      |78      |2       |0       |
|      u_three_martix_3                |three_martix                               |157    |107     |45      |67      |2       |0       |
|        u_fifo_1                      |fifo_1                                     |2      |2       |0       |0       |1       |0       |
|        u_fifo_2                      |fifo_2                                     |2      |2       |0       |0       |1       |0       |
|    u_Gesture_detech                  |Gesture_detech                             |912    |643     |251     |260     |0       |1       |
|    u_Median_Gray                     |Median_Gray                                |168    |118     |45      |63      |2       |0       |
|      u_Median_Filter_3X3_8Bit_median |Median_Filter_3X3                          |8      |8       |0       |8       |0       |0       |
|      u_three_martix                  |three_martix                               |160    |110     |45      |55      |2       |0       |
|        u_fifo_1                      |fifo_1                                     |0      |0       |0       |0       |1       |0       |
|        u_fifo_2                      |fifo_2                                     |3      |3       |0       |0       |1       |0       |
|    u_Median_Gray_2                   |Median_Gray                                |729    |426     |235     |279     |2       |0       |
|      u_Median_Filter_3X3_8Bit_median |Median_Filter_3X3                          |493    |303     |190     |139     |0       |0       |
|        u_Sort3_1                     |Sort3                                      |84     |54      |30      |36      |0       |0       |
|        u_Sort3_2                     |Sort3                                      |89     |59      |30      |29      |0       |0       |
|        u_Sort3_3                     |Sort3                                      |84     |54      |30      |28      |0       |0       |
|        u_Sort3_4                     |Sort3                                      |48     |28      |20      |12      |0       |0       |
|        u_Sort3_5                     |Sort3                                      |70     |40      |30      |9       |0       |0       |
|        u_Sort3_6                     |Sort3                                      |50     |30      |20      |8       |0       |0       |
|        u_Sort3_7                     |Sort3                                      |68     |38      |30      |17      |0       |0       |
|      u_three_martix                  |three_martix                               |236    |123     |45      |140     |2       |0       |
|        u_fifo_1                      |fifo_1                                     |0      |0       |0       |0       |1       |0       |
|        u_fifo_2                      |fifo_2                                     |0      |0       |0       |0       |1       |0       |
|    u_Median_Gray_3                   |Median_Gray                                |705    |423     |235     |248     |2       |0       |
|      u_Median_Filter_3X3_8Bit_median |Median_Filter_3X3                          |498    |308     |190     |124     |0       |0       |
|        u_Sort3_1                     |Sort3                                      |84     |54      |30      |28      |0       |0       |
|        u_Sort3_2                     |Sort3                                      |86     |56      |30      |32      |0       |0       |
|        u_Sort3_3                     |Sort3                                      |88     |58      |30      |32      |0       |0       |
|        u_Sort3_4                     |Sort3                                      |50     |30      |20      |8       |0       |0       |
|        u_Sort3_5                     |Sort3                                      |70     |40      |30      |8       |0       |0       |
|        u_Sort3_6                     |Sort3                                      |50     |30      |20      |8       |0       |0       |
|        u_Sort3_7                     |Sort3                                      |70     |40      |30      |8       |0       |0       |
|      u_three_martix                  |three_martix                               |207    |115     |45      |124     |2       |0       |
|        u_fifo_1                      |fifo_1                                     |0      |0       |0       |0       |1       |0       |
|        u_fifo_2                      |fifo_2                                     |0      |0       |0       |0       |1       |0       |
|    u_RGBYCbCr                        |RGBYCbCr                                   |76     |43      |14      |49      |0       |4       |
|    u_Sobel_Process                   |Sobel_Process                              |356    |217     |92      |163     |2       |0       |
|      u_Caculate_Sobel                |Caculate_Sobel                             |150    |103     |47      |50      |0       |0       |
|      u_three_martix_2                |three_martix                               |206    |114     |45      |113     |2       |0       |
|        u_fifo_1                      |fifo_1                                     |2      |2       |0       |1       |1       |0       |
|        u_fifo_2                      |fifo_2                                     |0      |0       |0       |0       |1       |0       |
|  u_image_select                      |image_select                               |65     |65      |0       |41      |0       |0       |
|  u_pll                               |ip_pll                                     |0      |0       |0       |0       |0       |0       |
|  u_seg_4                             |seg_4                                      |155    |129     |10      |30      |0       |0       |
+---------------------------------------------------------------------------------------------------------------------------------------+


DataNet Average Fanout:

   Index     Fanout     Nets  
    #1          1       3587  
    #2          2       625   
    #3          3       552   
    #4          4       213   
    #5        5-10      649   
    #6        11-50     120   
    #7       51-100      9    
    #8       101-500     4    
    #9        >500       1    
  Average     2.83            

RUN-1002 : start command "export_db ov2640_sdram_pr.db"
RUN-1001 : Exported /
RUN-1001 : Exported flow parameters
RUN-1001 : Exported libs
RUN-1001 : Exported entities
RUN-1001 : Exported ports
RUN-1001 : Exported pins
RUN-1001 : Exported instances
RUN-1001 : Exported nets
RUN-1001 : Exported buses
RUN-1001 : Exported models
RUN-1001 : Exported congestions
RUN-1001 : Exported violations
RUN-1001 : Exported timing constraints
RUN-1001 : Exported IO constraints
RUN-1001 : Exported Inst constraints
RUN-1002 : start command "export_bid ov2640_sdram_inst.bid"
RUN-1002 : start command "bitgen -bit ov2640_sdram.bit"
BIT-1003 : Start to generate bitstream. 
BIT-1002 : Init instances with 16 threads.
BIT-1002 : Init instances completely, inst num: 2912
BIT-1002 : Init pips with 16 threads.
BIT-1002 : Init pips completely, net num: 5902, pip num: 51395
BIT-1002 : Init feedthrough with 16 threads.
BIT-1002 : Init feedthrough completely, num: 49
BIT-1003 : Multithreading accelaration with 16 threads.
BIT-1003 : Generate bitstream completely, there are 2345 valid insts, and 161693 bits set as '1'.
BIT-1004 : the usercode register value: 00000000000100110000000000000000
BIT-1004 : PLL setting string = 0001
BIT-1004 : Generate bits file ov2640_sdram.bit.
RUN-1003 : finish command "bitgen -bit ov2640_sdram.bit" in  5.288433s wall, 52.453125s user + 0.625000s system = 53.078125s CPU (1003.7%)

RUN-1004 : used memory is 630 MB, reserved memory is 623 MB, peak memory is 814 MB
RUN-1002 : start command "backup_run_log run.log ../.logs/phy_1/td_20221028_223151.log"
