============================================================
   Tang Dynasty, V5.6.59063
   Copyright (c) 2012-2022 Anlogic
   Executable = C:/Anlogic/TD5.6.59063/bin/td.exe
   Built at =   12:45:13 Sep  6 2022
   Run by =     Administrator
   Run Date =   Sun Oct 30 17:04:55 2022

   Run on =     WIN-25FR57M34TT
============================================================
RUN-1002 : start command "open_project ov2640_sdram.prj"
RUN-1001 : Print Global Property
RUN-1001 : ---------------------------------------------------------------
RUN-1001 :        Parameters        |  Settings  |  Default Values  |  Note  
RUN-1001 : ---------------------------------------------------------------
RUN-1001 :          message         |  standard  |     standard     |        
RUN-1001 :   mixed_pack_place_flow  |     on     |        on        |        
RUN-1001 :        qor_monitor       |    off     |       off        |        
RUN-1001 :        syn_ip_flow       |    off     |       off        |        
RUN-1001 :          thread          |    auto    |       auto       |        
RUN-1001 : ---------------------------------------------------------------
RUN-1001 : Print Design Property
RUN-1001 : --------------------------------------------------------------
RUN-1001 :        Parameters       |  Settings  |  Default Values  |  Note  
RUN-1001 : --------------------------------------------------------------
RUN-1001 :   default_reg_initial   |    auto    |       auto       |        
RUN-1001 :        infer_add        |     on     |        on        |        
RUN-1001 :        infer_fsm        |    off     |       off        |        
RUN-1001 :        infer_mult       |     on     |        on        |        
RUN-1001 :        infer_ram        |     on     |        on        |        
RUN-1001 :        infer_reg        |     on     |        on        |        
RUN-1001 :   infer_reg_init_value  |     on     |        on        |        
RUN-1001 :        infer_rom        |     on     |        on        |        
RUN-1001 :      infer_shifter      |     on     |        on        |        
RUN-1001 : --------------------------------------------------------------
RUN-1001 : Print Rtl Property
RUN-1001 : --------------------------------------------------------------
RUN-1001 :        Parameters       |  Settings  |  Default Values  |  Note  
RUN-1001 : --------------------------------------------------------------
RUN-1001 :       compress_add      |   ripple   |      ripple      |        
RUN-1001 :        elf_sload        |    off     |       off        |        
RUN-1001 :       fix_undriven      |     0      |        0         |        
RUN-1001 :         flatten         |    off     |       off        |        
RUN-1001 :       gate_sharing      |     on     |        on        |        
RUN-1001 :    hdl_warning_level    |   normal   |      normal      |        
RUN-1001 :   impl_internal_tribuf  |     on     |        on        |        
RUN-1001 :      impl_set_reset     |     on     |        on        |        
RUN-1001 :        infer_gsr        |    off     |       off        |        
RUN-1001 :      keep_hierarchy     |    auto    |       auto       |        
RUN-1001 :        max_fanout       |    9999    |       9999       |        
RUN-1001 :      max_oh2bin_len     |     10     |        10        |        
RUN-1001 :       merge_equal       |     on     |        on        |        
RUN-1001 :       merge_equiv       |     on     |        on        |        
RUN-1001 :        merge_mux        |    off     |       off        |        
RUN-1001 :     min_control_set     |     8      |        8         |        
RUN-1001 :      min_ripple_len     |    auto    |       auto       |        
RUN-1001 :       oh2bin_ratio      |    0.08    |       0.08       |        
RUN-1001 :     opt_adder_fanout    |     on     |        on        |        
RUN-1001 :        opt_arith        |     on     |        on        |        
RUN-1001 :       opt_big_gate      |    off     |       off        |        
RUN-1001 :        opt_const        |     on     |        on        |        
RUN-1001 :      opt_const_mult     |     on     |        on        |        
RUN-1001 :       opt_lessthan      |     on     |        on        |        
RUN-1001 :         opt_mux         |    off     |       off        |        
RUN-1001 :         opt_ram         |    high    |       high       |        
RUN-1001 :      rtl_sim_model      |    off     |       off        |        
RUN-1001 :         seq_syn         |     on     |        on        |        
RUN-1001 : --------------------------------------------------------------
HDL-1007 : analyze verilog file ../../al_ip/ip_pll.v
HDL-1007 : undeclared symbol 'open', assumed default net type 'wire' in ../../al_ip/ip_pll.v(93)
HDL-1007 : analyze verilog file ../../al_ip/softfifo.v
HDL-1007 : analyze verilog file ../../al_ip/fifo_1.v
HDL-1007 : analyze verilog file ../../al_ip/fifo_2.v
HDL-1007 : analyze verilog file ../../RTL/camera_init.v
HDL-1007 : undeclared symbol 'clk_div', assumed default net type 'wire' in ../../RTL/camera_init.v(74)
HDL-1007 : analyze verilog file ../../RTL/camera_reader.v
HDL-1007 : analyze verilog file ../../RTL/i2c_module.v
HDL-1007 : analyze verilog file ../../RTL/Sdram_Control_4Port/command.v
HDL-1007 : analyze included file ../../RTL/Sdram_Control_4Port/Sdram_Params.h in ../../RTL/Sdram_Control_4Port/command.v(27)
HDL-1007 : back to file '../../RTL/Sdram_Control_4Port/command.v' in ../../RTL/Sdram_Control_4Port/command.v(27)
HDL-1007 : analyze verilog file ../../RTL/Sdram_Control_4Port/control_interface.v
HDL-1007 : analyze included file ../../RTL/Sdram_Control_4Port/Sdram_Params.h in ../../RTL/Sdram_Control_4Port/control_interface.v(21)
HDL-1007 : back to file '../../RTL/Sdram_Control_4Port/control_interface.v' in ../../RTL/Sdram_Control_4Port/control_interface.v(21)
HDL-1007 : analyze verilog file ../../RTL/Sdram_Control_4Port/sdr_data_path.v
HDL-1007 : analyze included file ../../RTL/Sdram_Control_4Port/Sdram_Params.h in ../../RTL/Sdram_Control_4Port/sdr_data_path.v(10)
HDL-1007 : back to file '../../RTL/Sdram_Control_4Port/sdr_data_path.v' in ../../RTL/Sdram_Control_4Port/sdr_data_path.v(10)
HDL-1007 : analyze verilog file ../../RTL/Sdram_Control_4Port/Sdram_Control_4Port.v
HDL-1007 : analyze included file ../../RTL/Sdram_Control_4Port/Sdram_Params.h in ../../RTL/Sdram_Control_4Port/Sdram_Control_4Port.v(49)
HDL-1007 : back to file '../../RTL/Sdram_Control_4Port/Sdram_Control_4Port.v' in ../../RTL/Sdram_Control_4Port/Sdram_Control_4Port.v(49)
HDL-1007 : analyze verilog file ../../RTL/Sdram_Control_4Port/Sdram_RD_FIFO.v
HDL-5007 WARNING: 'clk' is not declared in ../../RTL/Sdram_Control_4Port/Sdram_RD_FIFO.v(44)
HDL-1007 : analyze verilog file ../../RTL/Sdram_Control_4Port/Sdram_WR_FIFO.v
HDL-1007 : analyze verilog file ../../al_ip/sdram.v
HDL-1007 : analyze verilog file ../../RTL/Driver.v
HDL-1007 : analyze verilog file ../../RTL/RGBYCbCr.v
HDL-1007 : analyze verilog file ../../RTL/image_process.v
HDL-1007 : undeclared symbol 'post3_img_Y', assumed default net type 'wire' in ../../RTL/image_process.v(205)
HDL-1007 : undeclared symbol 'post3_frame_vsync', assumed default net type 'wire' in ../../RTL/image_process.v(207)
HDL-1007 : undeclared symbol 'post3_frame_href', assumed default net type 'wire' in ../../RTL/image_process.v(208)
HDL-1007 : undeclared symbol 'post3_frame_clken', assumed default net type 'wire' in ../../RTL/image_process.v(209)
HDL-7007 CRITICAL-WARNING: 'post3_img_Y' is already implicitly declared on line 205 in ../../RTL/image_process.v(239)
HDL-7007 CRITICAL-WARNING: 'post3_frame_vsync' is already implicitly declared on line 207 in ../../RTL/image_process.v(240)
HDL-7007 CRITICAL-WARNING: 'post3_frame_href' is already implicitly declared on line 208 in ../../RTL/image_process.v(241)
HDL-7007 CRITICAL-WARNING: 'post3_frame_clken' is already implicitly declared on line 209 in ../../RTL/image_process.v(242)
HDL-5007 WARNING: identifier 'post_img_cb' is used before its declaration in ../../RTL/image_process.v(51)
HDL-5007 WARNING: identifier 'post_img_cb' is used before its declaration in ../../RTL/image_process.v(55)
HDL-5007 WARNING: identifier 'post_frame_clken' is used before its declaration in ../../RTL/image_process.v(61)
HDL-5007 WARNING: identifier 'skin_img' is used before its declaration in ../../RTL/image_process.v(62)
HDL-5007 WARNING: identifier 'post_frame_clken' is used before its declaration in ../../RTL/image_process.v(65)
HDL-5007 WARNING: identifier 'skin_img' is used before its declaration in ../../RTL/image_process.v(66)
HDL-5007 WARNING: identifier 'post3_frame_clken' is used before its declaration in ../../RTL/image_process.v(72)
HDL-5007 WARNING: identifier 'post1_img_Y' is used before its declaration in ../../RTL/image_process.v(73)
HDL-5007 WARNING: identifier 'post3_frame_clken' is used before its declaration in ../../RTL/image_process.v(76)
HDL-5007 WARNING: identifier 'post1_img_Y' is used before its declaration in ../../RTL/image_process.v(77)
HDL-5007 Similar messages will be suppressed.
HDL-1007 : analyze verilog file ../../RTL/test_camera.v
HDL-1007 : analyze verilog file ../../RTL/Mode_Switch.v
HDL-1007 : analyze verilog file ../../RTL/image_select.v
HDL-1007 : undeclared symbol 'row_flag', assumed default net type 'wire' in ../../RTL/image_select.v(54)
HDL-1007 : analyze verilog file ../../RTL/Median_Gray.v
HDL-5007 WARNING: identifier 'mid_value' is used before its declaration in ../../RTL/Median_Gray.v(20)
HDL-1007 : analyze verilog file ../../RTL/three_martix.v
HDL-5007 WARNING: empty statement in sequential block in ../../RTL/three_martix.v(235)
HDL-5007 WARNING: empty statement in sequential block in ../../RTL/three_martix.v(234)
HDL-1007 : analyze verilog file ../../RTL/Median_Filter_3X3.v
HDL-1007 : analyze verilog file ../../RTL/Sort3.v
HDL-1007 : analyze verilog file ../../RTL/Sobel_Process.v
HDL-1007 : undeclared symbol 'csi_pclk', assumed default net type 'wire' in ../../RTL/Sobel_Process.v(48)
HDL-5007 WARNING: identifier 'sobel_value' is used before its declaration in ../../RTL/Sobel_Process.v(23)
HDL-1007 : analyze verilog file ../../RTL/Caculate_Sobel.v
HDL-5007 WARNING: identifier 'matrix_frame_vsync_r' is used before its declaration in ../../RTL/Caculate_Sobel.v(110)
HDL-5007 WARNING: identifier 'matrix_frame_href_r' is used before its declaration in ../../RTL/Caculate_Sobel.v(111)
HDL-5007 WARNING: identifier 'matrix_frame_clken_r' is used before its declaration in ../../RTL/Caculate_Sobel.v(112)
HDL-1007 : analyze verilog file ../../RTL/Erosion_Detector.v
HDL-1007 : analyze verilog file ../../RTL/Dilation_Detector.v
HDL-5007 WARNING: redeclaration of ANSI port 'post_img_Bit4' is not allowed in ../../RTL/Dilation_Detector.v(79)
HDL-1007 : undeclared symbol 'post_frame_href', assumed default net type 'wire' in ../../RTL/Dilation_Detector.v(109)
HDL-1007 : analyze verilog file ../../RTL/vga_display.v
HDL-5007 WARNING: 'clk' is not declared in ../../RTL/Sdram_Control_4Port/Sdram_RD_FIFO.v(44)
RUN-1001 : Project manager successfully analyzed 29 source files.
RUN-1002 : start command "import_device eagle_s20.db -package EG4S20BG256"
ARC-1001 : Device Initialization.
ARC-1001 : ------------------------------------------------------------------
ARC-1001 :            OPTION            |          IO          |   SETTING   
ARC-1001 : ------------------------------------------------------------------
ARC-1001 :   cso_b/cclk/mosi/miso/dout  |  T3/R11/T10/P10/S11  |    gpio    
ARC-1001 :             done             |         P13          |    gpio    
ARC-1001 :           program_b          |          T2          |  dedicate  
ARC-1001 :        tdi/tms/tck/tdo       |   C12/A15/C14/E14    |  dedicate  
ARC-1001 : ------------------------------------------------------------------
ARC-1004 : Device setting, marked 5 dedicate IOs in total.
RUN-1002 : start command "import_db ../syn_1/ov2640_sdram_gate.db"
RUN-1001 : Importing database generated by Tang Dynasty, V5.6.59063.
RUN-1001 : Database version number 46140.
RUN-1001 : Import flow parameters
RUN-1001 : Import timing constraints
RUN-1001 : Import IO constraints
RUN-1001 : Import Inst constraints
RUN-1001 : Import design success TD_VERSION=5.6.59063 , DB_VERSION=46140
RUN-1002 : start command "read_sdc"
USR-1002 : read_sdc file_name -help -h -eco
RUN-1002 : start command "get_regs */primary_addr_gray_reg[*]"
RUN-1002 : start command "get_regs */sync_r1[*]"
RUN-1002 : start command "set_max_delay -from  -to  5 -datapath_only"
RUN-1002 : start command "get_regs */primary_addr_gray_reg[*]"
RUN-1002 : start command "get_regs */sync_r1[*]"
RUN-1002 : start command "set_false_path -from  -to  -hold 5"
USR-1002 : set_false_path -help -setup -hold -from <list> -rise_from <list> -fall_from <list> -to <list> -rise_to <list> -fall_to <list> -through <list>
RUN-1002 : start command "get_regs */primary_addr_gray_reg[*]"
RUN-1002 : start command "get_regs */sync_r1[*]"
RUN-1002 : start command "set_max_delay -from  -to  5 -datapath_only"
RUN-1002 : start command "get_regs */primary_addr_gray_reg[*]"
RUN-1002 : start command "get_regs */sync_r1[*]"
RUN-1002 : start command "set_max_delay -from  -to  5 -datapath_only"
RUN-1002 : start command "get_regs */primary_addr_gray_reg[*]"
RUN-1002 : start command "get_regs */sync_r1[*]"
RUN-1002 : start command "set_max_delay -from  -to  5 -datapath_only"
SYN-1001 : 	kept net: Sdram_Control_4Port/read_fifo1/dcfifo_component/rd_to_wr_cross_inst/primary_addr_gray_reg[9](Sdram_Control_4Port/read_fifo1/dcfifo_component/rd_to_wr_cross_inst/primary_addr_gray_reg[9]_syn_5)
SYN-1001 : 	kept net: Sdram_Control_4Port/read_fifo1/dcfifo_component/rd_to_wr_cross_inst/primary_addr_gray_reg[8](Sdram_Control_4Port/read_fifo1/dcfifo_component/rd_to_wr_cross_inst/primary_addr_gray_reg[8]_syn_5)
SYN-1001 : 	kept net: Sdram_Control_4Port/read_fifo1/dcfifo_component/rd_to_wr_cross_inst/primary_addr_gray_reg[7](Sdram_Control_4Port/read_fifo1/dcfifo_component/rd_to_wr_cross_inst/primary_addr_gray_reg[7]_syn_5)
SYN-1001 : 	kept net: Sdram_Control_4Port/read_fifo1/dcfifo_component/rd_to_wr_cross_inst/primary_addr_gray_reg[6](Sdram_Control_4Port/read_fifo1/dcfifo_component/rd_to_wr_cross_inst/primary_addr_gray_reg[6]_syn_5)
SYN-1001 : 	kept net: Sdram_Control_4Port/read_fifo1/dcfifo_component/rd_to_wr_cross_inst/primary_addr_gray_reg[5](Sdram_Control_4Port/read_fifo1/dcfifo_component/rd_to_wr_cross_inst/primary_addr_gray_reg[5]_syn_5)
SYN-1001 : 	kept net: Sdram_Control_4Port/read_fifo1/dcfifo_component/rd_to_wr_cross_inst/primary_addr_gray_reg[4](Sdram_Control_4Port/read_fifo1/dcfifo_component/rd_to_wr_cross_inst/primary_addr_gray_reg[4]_syn_5)
SYN-1001 : 	kept net: Sdram_Control_4Port/read_fifo1/dcfifo_component/rd_to_wr_cross_inst/primary_addr_gray_reg[3](Sdram_Control_4Port/read_fifo1/dcfifo_component/rd_to_wr_cross_inst/primary_addr_gray_reg[3]_syn_5)
SYN-1001 : 	kept net: Sdram_Control_4Port/read_fifo1/dcfifo_component/rd_to_wr_cross_inst/primary_addr_gray_reg[2](Sdram_Control_4Port/read_fifo1/dcfifo_component/rd_to_wr_cross_inst/primary_addr_gray_reg[2]_syn_5)
SYN-1001 : 	kept net: Sdram_Control_4Port/read_fifo1/dcfifo_component/rd_to_wr_cross_inst/primary_addr_gray_reg[1](Sdram_Control_4Port/read_fifo1/dcfifo_component/rd_to_wr_cross_inst/primary_addr_gray_reg[1]_syn_5)
SYN-1001 : 	kept net: Sdram_Control_4Port/read_fifo1/dcfifo_component/rd_to_wr_cross_inst/primary_addr_gray_reg[0](Sdram_Control_4Port/read_fifo1/dcfifo_component/rd_to_wr_cross_inst/primary_addr_gray_reg[0]_syn_5)
SYN-1001 : 	kept net: Sdram_Control_4Port/read_fifo1/dcfifo_component/rd_to_wr_cross_inst/sync_r1[9](Sdram_Control_4Port/read_fifo1/dcfifo_component/rd_to_wr_cross_inst/sync_r1[9]_syn_3)
SYN-1001 : 	kept net: Sdram_Control_4Port/read_fifo1/dcfifo_component/rd_to_wr_cross_inst/sync_r1[8](Sdram_Control_4Port/read_fifo1/dcfifo_component/rd_to_wr_cross_inst/sync_r1[8]_syn_3)
SYN-1001 : 	kept net: Sdram_Control_4Port/read_fifo1/dcfifo_component/rd_to_wr_cross_inst/sync_r1[7](Sdram_Control_4Port/read_fifo1/dcfifo_component/rd_to_wr_cross_inst/sync_r1[7]_syn_3)
SYN-1001 : 	kept net: Sdram_Control_4Port/read_fifo1/dcfifo_component/rd_to_wr_cross_inst/sync_r1[6](Sdram_Control_4Port/read_fifo1/dcfifo_component/rd_to_wr_cross_inst/sync_r1[6]_syn_3)
SYN-1001 : 	kept net: Sdram_Control_4Port/read_fifo1/dcfifo_component/rd_to_wr_cross_inst/sync_r1[5](Sdram_Control_4Port/read_fifo1/dcfifo_component/rd_to_wr_cross_inst/sync_r1[5]_syn_3)
SYN-1001 : 	kept net: Sdram_Control_4Port/read_fifo1/dcfifo_component/rd_to_wr_cross_inst/sync_r1[4](Sdram_Control_4Port/read_fifo1/dcfifo_component/rd_to_wr_cross_inst/sync_r1[4]_syn_3)
SYN-1001 : 	kept net: Sdram_Control_4Port/read_fifo1/dcfifo_component/rd_to_wr_cross_inst/sync_r1[3](Sdram_Control_4Port/read_fifo1/dcfifo_component/rd_to_wr_cross_inst/sync_r1[3]_syn_3)
SYN-1001 : 	kept net: Sdram_Control_4Port/read_fifo1/dcfifo_component/rd_to_wr_cross_inst/sync_r1[2](Sdram_Control_4Port/read_fifo1/dcfifo_component/rd_to_wr_cross_inst/sync_r1[2]_syn_3)
SYN-1001 : 	kept net: Sdram_Control_4Port/read_fifo1/dcfifo_component/rd_to_wr_cross_inst/sync_r1[1](Sdram_Control_4Port/read_fifo1/dcfifo_component/rd_to_wr_cross_inst/sync_r1[1]_syn_3)
SYN-1001 : 	kept net: Sdram_Control_4Port/read_fifo1/dcfifo_component/rd_to_wr_cross_inst/sync_r1[0](Sdram_Control_4Port/read_fifo1/dcfifo_component/rd_to_wr_cross_inst/sync_r1[0]_syn_3)
SYN-1001 : 	kept net: Sdram_Control_4Port/read_fifo1/dcfifo_component/wr_to_rd_cross_inst/primary_addr_gray_reg[9](Sdram_Control_4Port/read_fifo1/dcfifo_component/wr_to_rd_cross_inst/primary_addr_gray_reg[9]_syn_5)
SYN-1001 : 	kept net: Sdram_Control_4Port/read_fifo1/dcfifo_component/wr_to_rd_cross_inst/primary_addr_gray_reg[8](Sdram_Control_4Port/read_fifo1/dcfifo_component/wr_to_rd_cross_inst/primary_addr_gray_reg[8]_syn_5)
SYN-1001 : 	kept net: Sdram_Control_4Port/read_fifo1/dcfifo_component/wr_to_rd_cross_inst/primary_addr_gray_reg[7](Sdram_Control_4Port/read_fifo1/dcfifo_component/wr_to_rd_cross_inst/primary_addr_gray_reg[7]_syn_5)
SYN-1001 : 	kept net: Sdram_Control_4Port/read_fifo1/dcfifo_component/wr_to_rd_cross_inst/primary_addr_gray_reg[6](Sdram_Control_4Port/read_fifo1/dcfifo_component/wr_to_rd_cross_inst/primary_addr_gray_reg[6]_syn_5)
SYN-1001 : 	kept net: Sdram_Control_4Port/read_fifo1/dcfifo_component/wr_to_rd_cross_inst/primary_addr_gray_reg[5](Sdram_Control_4Port/read_fifo1/dcfifo_component/wr_to_rd_cross_inst/primary_addr_gray_reg[5]_syn_5)
SYN-1001 : 	kept net: Sdram_Control_4Port/read_fifo1/dcfifo_component/wr_to_rd_cross_inst/primary_addr_gray_reg[4](Sdram_Control_4Port/read_fifo1/dcfifo_component/wr_to_rd_cross_inst/primary_addr_gray_reg[4]_syn_5)
SYN-1001 : 	kept net: Sdram_Control_4Port/read_fifo1/dcfifo_component/wr_to_rd_cross_inst/primary_addr_gray_reg[3](Sdram_Control_4Port/read_fifo1/dcfifo_component/wr_to_rd_cross_inst/primary_addr_gray_reg[3]_syn_5)
SYN-1001 : 	kept net: Sdram_Control_4Port/read_fifo1/dcfifo_component/wr_to_rd_cross_inst/primary_addr_gray_reg[2](Sdram_Control_4Port/read_fifo1/dcfifo_component/wr_to_rd_cross_inst/primary_addr_gray_reg[2]_syn_5)
SYN-1001 : 	kept net: Sdram_Control_4Port/read_fifo1/dcfifo_component/wr_to_rd_cross_inst/primary_addr_gray_reg[1](Sdram_Control_4Port/read_fifo1/dcfifo_component/wr_to_rd_cross_inst/primary_addr_gray_reg[1]_syn_5)
SYN-1001 : 	kept net: Sdram_Control_4Port/read_fifo1/dcfifo_component/wr_to_rd_cross_inst/primary_addr_gray_reg[0](Sdram_Control_4Port/read_fifo1/dcfifo_component/wr_to_rd_cross_inst/primary_addr_gray_reg[0]_syn_5)
SYN-1001 : 	kept net: Sdram_Control_4Port/read_fifo1/dcfifo_component/wr_to_rd_cross_inst/sync_r1[9](Sdram_Control_4Port/read_fifo1/dcfifo_component/wr_to_rd_cross_inst/sync_r1[9]_syn_3)
SYN-1001 : 	kept net: Sdram_Control_4Port/read_fifo1/dcfifo_component/wr_to_rd_cross_inst/sync_r1[8](Sdram_Control_4Port/read_fifo1/dcfifo_component/wr_to_rd_cross_inst/sync_r1[8]_syn_3)
SYN-1001 : 	kept net: Sdram_Control_4Port/read_fifo1/dcfifo_component/wr_to_rd_cross_inst/sync_r1[7](Sdram_Control_4Port/read_fifo1/dcfifo_component/wr_to_rd_cross_inst/sync_r1[7]_syn_3)
SYN-1001 : 	kept net: Sdram_Control_4Port/read_fifo1/dcfifo_component/wr_to_rd_cross_inst/sync_r1[6](Sdram_Control_4Port/read_fifo1/dcfifo_component/wr_to_rd_cross_inst/sync_r1[6]_syn_3)
SYN-1001 : 	kept net: Sdram_Control_4Port/read_fifo1/dcfifo_component/wr_to_rd_cross_inst/sync_r1[5](Sdram_Control_4Port/read_fifo1/dcfifo_component/wr_to_rd_cross_inst/sync_r1[5]_syn_3)
SYN-1001 : 	kept net: Sdram_Control_4Port/read_fifo1/dcfifo_component/wr_to_rd_cross_inst/sync_r1[4](Sdram_Control_4Port/read_fifo1/dcfifo_component/wr_to_rd_cross_inst/sync_r1[4]_syn_3)
SYN-1001 : 	kept net: Sdram_Control_4Port/read_fifo1/dcfifo_component/wr_to_rd_cross_inst/sync_r1[3](Sdram_Control_4Port/read_fifo1/dcfifo_component/wr_to_rd_cross_inst/sync_r1[3]_syn_3)
SYN-1001 : 	kept net: Sdram_Control_4Port/read_fifo1/dcfifo_component/wr_to_rd_cross_inst/sync_r1[2](Sdram_Control_4Port/read_fifo1/dcfifo_component/wr_to_rd_cross_inst/sync_r1[2]_syn_3)
SYN-1001 : 	kept net: Sdram_Control_4Port/read_fifo1/dcfifo_component/wr_to_rd_cross_inst/sync_r1[1](Sdram_Control_4Port/read_fifo1/dcfifo_component/wr_to_rd_cross_inst/sync_r1[1]_syn_3)
SYN-1001 : 	kept net: Sdram_Control_4Port/read_fifo1/dcfifo_component/wr_to_rd_cross_inst/sync_r1[0](Sdram_Control_4Port/read_fifo1/dcfifo_component/wr_to_rd_cross_inst/sync_r1[0]_syn_3)
SYN-1001 : 	kept net: Sdram_Control_4Port/write_fifo1/dcfifo_component/rd_to_wr_cross_inst/primary_addr_gray_reg[9](Sdram_Control_4Port/write_fifo1/dcfifo_component/rd_to_wr_cross_inst/primary_addr_gray_reg[9]_syn_5)
SYN-1001 : 	kept net: Sdram_Control_4Port/write_fifo1/dcfifo_component/rd_to_wr_cross_inst/primary_addr_gray_reg[8](Sdram_Control_4Port/write_fifo1/dcfifo_component/rd_to_wr_cross_inst/primary_addr_gray_reg[8]_syn_5)
SYN-1001 : 	kept net: Sdram_Control_4Port/write_fifo1/dcfifo_component/rd_to_wr_cross_inst/primary_addr_gray_reg[7](Sdram_Control_4Port/write_fifo1/dcfifo_component/rd_to_wr_cross_inst/primary_addr_gray_reg[7]_syn_5)
SYN-1001 : 	kept net: Sdram_Control_4Port/write_fifo1/dcfifo_component/rd_to_wr_cross_inst/primary_addr_gray_reg[6](Sdram_Control_4Port/write_fifo1/dcfifo_component/rd_to_wr_cross_inst/primary_addr_gray_reg[6]_syn_5)
SYN-1001 : 	kept net: Sdram_Control_4Port/write_fifo1/dcfifo_component/rd_to_wr_cross_inst/primary_addr_gray_reg[5](Sdram_Control_4Port/write_fifo1/dcfifo_component/rd_to_wr_cross_inst/primary_addr_gray_reg[5]_syn_5)
SYN-1001 : 	kept net: Sdram_Control_4Port/write_fifo1/dcfifo_component/rd_to_wr_cross_inst/primary_addr_gray_reg[4](Sdram_Control_4Port/write_fifo1/dcfifo_component/rd_to_wr_cross_inst/primary_addr_gray_reg[4]_syn_5)
SYN-1001 : 	kept net: Sdram_Control_4Port/write_fifo1/dcfifo_component/rd_to_wr_cross_inst/primary_addr_gray_reg[3](Sdram_Control_4Port/write_fifo1/dcfifo_component/rd_to_wr_cross_inst/primary_addr_gray_reg[3]_syn_5)
SYN-1001 : 	kept net: Sdram_Control_4Port/write_fifo1/dcfifo_component/rd_to_wr_cross_inst/primary_addr_gray_reg[2](Sdram_Control_4Port/write_fifo1/dcfifo_component/rd_to_wr_cross_inst/primary_addr_gray_reg[2]_syn_5)
SYN-1001 : 	kept net: Sdram_Control_4Port/write_fifo1/dcfifo_component/rd_to_wr_cross_inst/primary_addr_gray_reg[1](Sdram_Control_4Port/write_fifo1/dcfifo_component/rd_to_wr_cross_inst/primary_addr_gray_reg[1]_syn_5)
SYN-1001 : 	kept net: Sdram_Control_4Port/write_fifo1/dcfifo_component/rd_to_wr_cross_inst/primary_addr_gray_reg[0](Sdram_Control_4Port/write_fifo1/dcfifo_component/rd_to_wr_cross_inst/primary_addr_gray_reg[0]_syn_5)
SYN-1001 : 	kept net: Sdram_Control_4Port/write_fifo1/dcfifo_component/rd_to_wr_cross_inst/sync_r1[9](Sdram_Control_4Port/write_fifo1/dcfifo_component/rd_to_wr_cross_inst/sync_r1[9]_syn_3)
SYN-1001 : 	kept net: Sdram_Control_4Port/write_fifo1/dcfifo_component/rd_to_wr_cross_inst/sync_r1[8](Sdram_Control_4Port/write_fifo1/dcfifo_component/rd_to_wr_cross_inst/sync_r1[8]_syn_3)
SYN-1001 : 	kept net: Sdram_Control_4Port/write_fifo1/dcfifo_component/rd_to_wr_cross_inst/sync_r1[7](Sdram_Control_4Port/write_fifo1/dcfifo_component/rd_to_wr_cross_inst/sync_r1[7]_syn_3)
SYN-1001 : 	kept net: Sdram_Control_4Port/write_fifo1/dcfifo_component/rd_to_wr_cross_inst/sync_r1[6](Sdram_Control_4Port/write_fifo1/dcfifo_component/rd_to_wr_cross_inst/sync_r1[6]_syn_3)
SYN-1001 : 	kept net: Sdram_Control_4Port/write_fifo1/dcfifo_component/rd_to_wr_cross_inst/sync_r1[5](Sdram_Control_4Port/write_fifo1/dcfifo_component/rd_to_wr_cross_inst/sync_r1[5]_syn_3)
SYN-1001 : 	kept net: Sdram_Control_4Port/write_fifo1/dcfifo_component/rd_to_wr_cross_inst/sync_r1[4](Sdram_Control_4Port/write_fifo1/dcfifo_component/rd_to_wr_cross_inst/sync_r1[4]_syn_3)
SYN-1001 : 	kept net: Sdram_Control_4Port/write_fifo1/dcfifo_component/rd_to_wr_cross_inst/sync_r1[3](Sdram_Control_4Port/write_fifo1/dcfifo_component/rd_to_wr_cross_inst/sync_r1[3]_syn_3)
SYN-1001 : 	kept net: Sdram_Control_4Port/write_fifo1/dcfifo_component/rd_to_wr_cross_inst/sync_r1[2](Sdram_Control_4Port/write_fifo1/dcfifo_component/rd_to_wr_cross_inst/sync_r1[2]_syn_3)
SYN-1001 : 	kept net: Sdram_Control_4Port/write_fifo1/dcfifo_component/rd_to_wr_cross_inst/sync_r1[1](Sdram_Control_4Port/write_fifo1/dcfifo_component/rd_to_wr_cross_inst/sync_r1[1]_syn_3)
SYN-1001 : 	kept net: Sdram_Control_4Port/write_fifo1/dcfifo_component/rd_to_wr_cross_inst/sync_r1[0](Sdram_Control_4Port/write_fifo1/dcfifo_component/rd_to_wr_cross_inst/sync_r1[0]_syn_3)
SYN-1001 : 	kept net: Sdram_Control_4Port/write_fifo1/dcfifo_component/wr_to_rd_cross_inst/primary_addr_gray_reg[9](Sdram_Control_4Port/write_fifo1/dcfifo_component/wr_to_rd_cross_inst/primary_addr_gray_reg[9]_syn_5)
SYN-1001 : 	kept net: Sdram_Control_4Port/write_fifo1/dcfifo_component/wr_to_rd_cross_inst/primary_addr_gray_reg[8](Sdram_Control_4Port/write_fifo1/dcfifo_component/wr_to_rd_cross_inst/primary_addr_gray_reg[8]_syn_5)
SYN-1001 : 	kept net: Sdram_Control_4Port/write_fifo1/dcfifo_component/wr_to_rd_cross_inst/primary_addr_gray_reg[7](Sdram_Control_4Port/write_fifo1/dcfifo_component/wr_to_rd_cross_inst/primary_addr_gray_reg[7]_syn_5)
SYN-1001 : 	kept net: Sdram_Control_4Port/write_fifo1/dcfifo_component/wr_to_rd_cross_inst/primary_addr_gray_reg[6](Sdram_Control_4Port/write_fifo1/dcfifo_component/wr_to_rd_cross_inst/primary_addr_gray_reg[6]_syn_5)
SYN-1001 : 	kept net: Sdram_Control_4Port/write_fifo1/dcfifo_component/wr_to_rd_cross_inst/primary_addr_gray_reg[5](Sdram_Control_4Port/write_fifo1/dcfifo_component/wr_to_rd_cross_inst/primary_addr_gray_reg[5]_syn_5)
SYN-1001 : 	kept net: Sdram_Control_4Port/write_fifo1/dcfifo_component/wr_to_rd_cross_inst/primary_addr_gray_reg[4](Sdram_Control_4Port/write_fifo1/dcfifo_component/wr_to_rd_cross_inst/primary_addr_gray_reg[4]_syn_5)
SYN-1001 : 	kept net: Sdram_Control_4Port/write_fifo1/dcfifo_component/wr_to_rd_cross_inst/primary_addr_gray_reg[3](Sdram_Control_4Port/write_fifo1/dcfifo_component/wr_to_rd_cross_inst/primary_addr_gray_reg[3]_syn_5)
SYN-1001 : 	kept net: Sdram_Control_4Port/write_fifo1/dcfifo_component/wr_to_rd_cross_inst/primary_addr_gray_reg[2](Sdram_Control_4Port/write_fifo1/dcfifo_component/wr_to_rd_cross_inst/primary_addr_gray_reg[2]_syn_5)
SYN-1001 : 	kept net: Sdram_Control_4Port/write_fifo1/dcfifo_component/wr_to_rd_cross_inst/primary_addr_gray_reg[1](Sdram_Control_4Port/write_fifo1/dcfifo_component/wr_to_rd_cross_inst/primary_addr_gray_reg[1]_syn_5)
SYN-1001 : 	kept net: Sdram_Control_4Port/write_fifo1/dcfifo_component/wr_to_rd_cross_inst/primary_addr_gray_reg[0](Sdram_Control_4Port/write_fifo1/dcfifo_component/wr_to_rd_cross_inst/primary_addr_gray_reg[0]_syn_5)
SYN-1001 : 	kept net: Sdram_Control_4Port/write_fifo1/dcfifo_component/wr_to_rd_cross_inst/sync_r1[9](Sdram_Control_4Port/write_fifo1/dcfifo_component/wr_to_rd_cross_inst/sync_r1[9]_syn_3)
SYN-1001 : 	kept net: Sdram_Control_4Port/write_fifo1/dcfifo_component/wr_to_rd_cross_inst/sync_r1[8](Sdram_Control_4Port/write_fifo1/dcfifo_component/wr_to_rd_cross_inst/sync_r1[8]_syn_3)
SYN-1001 : 	kept net: Sdram_Control_4Port/write_fifo1/dcfifo_component/wr_to_rd_cross_inst/sync_r1[7](Sdram_Control_4Port/write_fifo1/dcfifo_component/wr_to_rd_cross_inst/sync_r1[7]_syn_3)
SYN-1001 : 	kept net: Sdram_Control_4Port/write_fifo1/dcfifo_component/wr_to_rd_cross_inst/sync_r1[6](Sdram_Control_4Port/write_fifo1/dcfifo_component/wr_to_rd_cross_inst/sync_r1[6]_syn_3)
SYN-1001 : 	kept net: Sdram_Control_4Port/write_fifo1/dcfifo_component/wr_to_rd_cross_inst/sync_r1[5](Sdram_Control_4Port/write_fifo1/dcfifo_component/wr_to_rd_cross_inst/sync_r1[5]_syn_3)
SYN-1001 : 	kept net: Sdram_Control_4Port/write_fifo1/dcfifo_component/wr_to_rd_cross_inst/sync_r1[4](Sdram_Control_4Port/write_fifo1/dcfifo_component/wr_to_rd_cross_inst/sync_r1[4]_syn_3)
SYN-1001 : 	kept net: Sdram_Control_4Port/write_fifo1/dcfifo_component/wr_to_rd_cross_inst/sync_r1[3](Sdram_Control_4Port/write_fifo1/dcfifo_component/wr_to_rd_cross_inst/sync_r1[3]_syn_3)
SYN-1001 : 	kept net: Sdram_Control_4Port/write_fifo1/dcfifo_component/wr_to_rd_cross_inst/sync_r1[2](Sdram_Control_4Port/write_fifo1/dcfifo_component/wr_to_rd_cross_inst/sync_r1[2]_syn_3)
SYN-1001 : 	kept net: Sdram_Control_4Port/write_fifo1/dcfifo_component/wr_to_rd_cross_inst/sync_r1[1](Sdram_Control_4Port/write_fifo1/dcfifo_component/wr_to_rd_cross_inst/sync_r1[1]_syn_3)
SYN-1001 : 	kept net: Sdram_Control_4Port/write_fifo1/dcfifo_component/wr_to_rd_cross_inst/sync_r1[0](Sdram_Control_4Port/write_fifo1/dcfifo_component/wr_to_rd_cross_inst/sync_r1[0]_syn_3)
RUN-1104 : Import SDC file  finished, there are 80 nets kept by constraints.
RUN-1002 : start command "place"
RUN-1001 : Open license file C:/Anlogic/TD5.6.59063/license/Anlogic.lic
RUN-1001 : Print Global Property
RUN-1001 : ---------------------------------------------------------------
RUN-1001 :        Parameters        |  Settings  |  Default Values  |  Note  
RUN-1001 : ---------------------------------------------------------------
RUN-1001 :          message         |  standard  |     standard     |        
RUN-1001 :   mixed_pack_place_flow  |     on     |        on        |        
RUN-1001 :        qor_monitor       |    off     |       off        |        
RUN-1001 :        syn_ip_flow       |    off     |       off        |        
RUN-1001 :          thread          |    auto    |       auto       |        
RUN-1001 : ---------------------------------------------------------------
RUN-1001 : Print Place Property
RUN-1001 : --------------------------------------------------------------
RUN-1001 :        Parameters       |  Settings  |  Default Values  |  Note  
RUN-1001 : --------------------------------------------------------------
RUN-1001 :      detailed_place     |     on     |        on        |        
RUN-1001 :          effort         |   medium   |      medium      |        
RUN-1001 :         fix_hold        |    off     |       off        |        
RUN-1001 :       legalization      |    ori     |       ori        |        
RUN-1001 :      new_spreading      |     on     |        on        |        
RUN-1001 :        opt_timing       |   medium   |      medium      |        
RUN-1001 :   post_clock_route_opt  |    off     |       off        |        
RUN-1001 :       pr_strategy       |     1      |        1         |        
RUN-1001 :        relaxation       |    1.00    |       1.00       |        
RUN-1001 :         retiming        |    off     |       off        |        
RUN-1001 : --------------------------------------------------------------
PHY-3001 : Placer runs in 16 thread(s).
RUN-1002 : start command "legalize_phy_inst"
SYN-1011 : Flatten model test_camera
SYN-5055 WARNING: The kept net u_pll/clk3_out will be merged to another kept net clk_cam
SYN-5055 WARNING: The kept net u_camera_reader/clk will be merged to another kept net clk_cam
SYN-5055 WARNING: The kept net figuredata[19] will be merged to another kept net figuredata[18]
SYN-5055 WARNING: The kept net figuredata[18] will be merged to another kept net figuredata[17]
SYN-5055 WARNING: The kept net figuredata[17] will be merged to another kept net figuredata[16]
SYN-5055 WARNING: The kept net figuredata[16] will be merged to another kept net figuredata[15]
SYN-5055 WARNING: The kept net figuredata[15] will be merged to another kept net figuredata[14]
SYN-5055 WARNING: The kept net figuredata[14] will be merged to another kept net figuredata[13]
SYN-5055 WARNING: The kept net figuredata[13] will be merged to another kept net figuredata[12]
SYN-5055 WARNING: The kept net figuredata[12] will be merged to another kept net figuredata[11]
SYN-5055 Similar messages will be suppressed.
RUN-1002 : start command "phys_opt -simplify_lut"
SYN-4016 : Net Sdram_Control_4Port/CTRL_CLK driven by BUFG (294 clock/control pins, 1 other pins).
SYN-4027 : Net Sdram_Control_4Port/SDRAM_CLK is clkc1 of pll u_pll/pll_inst.
SYN-4027 : Net vga_clk_dup_1 is clkc2 of pll u_pll/pll_inst.
SYN-4027 : Net clk_cam is clkc3 of pll u_pll/pll_inst.
SYN-4027 : Net u_camera_init/u_i2c_write/clk is clkc4 of pll u_pll/pll_inst.
SYN-4019 : Net clk_24m_dup_1 is refclk of pll u_pll/pll_inst.
SYN-4020 : Net clk_24m_dup_1 is fbclk of pll u_pll/pll_inst.
SYN-4024 : Net "u_image_process/u_Median_Gray_3/u_three_martix/csi_pclk" drives clk pins.
SYN-4024 : Net "u_camera_init/divider2[8]" drives clk pins.
SYN-4024 : Net "u_camera_init/divider2[7]" drives clk pins.
SYN-4024 : Net "u_image_select/mode[3]_syn_26" drives clk pins.
SYN-4024 : Net "u_image_process/wrreq" drives clk pins.
SYN-4025 : Tag rtl::Net Sdram_Control_4Port/CTRL_CLK as clock net
SYN-4025 : Tag rtl::Net Sdram_Control_4Port/SDRAM_CLK as clock net
SYN-4025 : Tag rtl::Net clk_24m_dup_1 as clock net
SYN-4025 : Tag rtl::Net clk_cam as clock net
SYN-4025 : Tag rtl::Net u_camera_init/divider2[7] as clock net
SYN-4025 : Tag rtl::Net u_camera_init/divider2[8] as clock net
SYN-4025 : Tag rtl::Net u_camera_init/u_i2c_write/clk as clock net
SYN-4025 : Tag rtl::Net u_image_process/u_Median_Gray_3/u_three_martix/csi_pclk as clock net
SYN-4025 : Tag rtl::Net u_image_process/wrreq as clock net
SYN-4025 : Tag rtl::Net u_image_select/mode[3]_syn_26 as clock net
SYN-4025 : Tag rtl::Net vga_clk_dup_1 as clock net
SYN-4026 : Tagged 11 rtl::Net as clock net
SYN-4015 : Create BUFG instance for clk Net u_camera_init/divider2[8] to drive 32 clock pins.
SYN-4015 : Create BUFG instance for clk Net u_camera_init/divider2[7] to drive 18 clock pins.
SYN-4015 : Create BUFG instance for clk Net u_image_select/mode[3]_syn_26 to drive 17 clock pins.
SYN-4015 : Create BUFG instance for clk Net u_image_process/wrreq to drive 16 clock pins.
PHY-1001 : Populate physical database on model test_camera.
RUN-1001 : There are total 4893 instances
RUN-0007 : 1959 luts, 1764 seqs, 784 mslices, 215 lslices, 144 pads, 14 brams, 4 dsps
RUN-1001 : There are total 5671 nets
RUN-6004 WARNING: There are 4 nets with only 1 pin.
RUN-1001 : 3845 nets have 2 pins
RUN-1001 : 1110 nets have [3 - 5] pins
RUN-1001 : 589 nets have [6 - 10] pins
RUN-1001 : 71 nets have [11 - 20] pins
RUN-1001 : 46 nets have [21 - 99] pins
RUN-1001 : 6 nets have 100+ pins
RUN-1001 : Report Control nets information:
RUN-1001 : DFF Distribution
RUN-1001 : ----------------------------------
RUN-1001 :   CE   |  SSR  |  ASR  |  DFF Count  
RUN-1001 : ----------------------------------
RUN-1001 :   No   |  No   |  No   |     85      
RUN-1001 :   No   |  No   |  Yes  |    1084     
RUN-1001 :   No   |  Yes  |  No   |     34      
RUN-1001 :   Yes  |  No   |  No   |     32      
RUN-1001 :   Yes  |  No   |  Yes  |     505     
RUN-1001 :   Yes  |  Yes  |  No   |     24      
RUN-1001 : ----------------------------------
RUN-0007 : Control Group Statistic
RUN-0007 : ---------------------------
RUN-0007 :   #CLK  |  #CE  |  #SSR/ASR  
RUN-0007 : ---------------------------
RUN-0007 :    59   |  32   |    101     
RUN-0007 : ---------------------------
RUN-0007 : Control Set = 191
PHY-3001 : Initial placement ...
PHY-3001 : design contains 4891 instances, 1959 luts, 1764 seqs, 999 slices, 188 macros(999 instances: 784 mslices 215 lslices)
PHY-3001 : Huge net cam_rst_dup_27 with 1397 pins
PHY-0007 : Cell area utilization is 20%
PHY-3001 : Start timing update ...
RUN-1002 : start command "start_timer -report"
TMR-2505 : Start building timing graph for model test_camera.
TMR-2506 : Build timing graph completely. Port num: 21, tpin num: 22352, tnet num: 5669, tinst num: 4891, tnode num: 28136, tedge num: 35828.
TMR-2508 : Levelizing timing graph completed, there are 35 levels in total.
TMR-2501 : Timing graph initialized successfully.
RUN-1003 : finish command "start_timer -report" in  1.038004s wall, 1.031250s user + 0.000000s system = 1.031250s CPU (99.3%)

RUN-1004 : used memory is 220 MB, reserved memory is 198 MB, peak memory is 220 MB
TMR-2503 : Start to update net delay, extr mode = 2.
TMR-2504 : Update delay of 5669 nets completely.
TMR-2502 : Annotate delay completely, extr mode = 2.
TMR-3001 : Initiate 0 clocks from SDC.
TMR-3004 : Map sdc constraints, there are 2 constraints in total.
TMR-3003 : Constraints initiated successfully.
TMR-3501 : Forward propagation: start to calculate arrival time...
TMR-3502 : Backward propagation: start to calculate required time...
TMR-3503 : Timing propagation completes.
PHY-3001 : End timing update;  1.145000s wall, 1.140625s user + 0.000000s system = 1.140625s CPU (99.6%)

PHY-3001 : Global placement ...
PHY-3001 : Initial: Len = 1.41705e+06
PHY-3001 : Clustering ...
PHY-3001 : Level 0 #clusters 4891.
PHY-3001 : End clustering;  0.000039s wall, 0.000000s user + 0.000000s system = 0.000000s CPU (n/a%)

PHY-3001 : Run with size of 4
PHY-3001 : Cell area utilization is 20%
PHY-3001 : :::0::: Try harder cell spreading with beta_ = 0
PHY-3002 : Step(1): len = 991737, overlap = 42.75
PHY-3002 : Step(2): len = 825770, overlap = 42.75
PHY-3002 : Step(3): len = 512442, overlap = 57.1562
PHY-3002 : Step(4): len = 457620, overlap = 58
PHY-3002 : Step(5): len = 372271, overlap = 62.5625
PHY-3002 : Step(6): len = 333061, overlap = 74.875
PHY-3002 : Step(7): len = 303577, overlap = 85.6562
PHY-3002 : Step(8): len = 262631, overlap = 122.875
PHY-3002 : Step(9): len = 232029, overlap = 145.844
PHY-3002 : Step(10): len = 206094, overlap = 145.812
PHY-3002 : Step(11): len = 186881, overlap = 152.906
PHY-3002 : Step(12): len = 169648, overlap = 154.719
PHY-3002 : Step(13): len = 157289, overlap = 150.219
PHY-3002 : Step(14): len = 147893, overlap = 178.031
PHY-3002 : Step(15): len = 139685, overlap = 186.031
PHY-3002 : Step(16): len = 134571, overlap = 183.312
PHY-3002 : Step(17): len = 128032, overlap = 191.219
PHY-3002 : Step(18): len = 122289, overlap = 194.719
PHY-3002 : Step(19): len = 120910, overlap = 197
PHY-3001 : :::1::: Try harder cell spreading with beta_ = 1.32395e-05
PHY-3002 : Step(20): len = 129515, overlap = 188.375
PHY-3002 : Step(21): len = 135600, overlap = 185.531
PHY-3002 : Step(22): len = 136867, overlap = 132.812
PHY-3002 : Step(23): len = 133880, overlap = 123.031
PHY-3002 : Step(24): len = 130715, overlap = 119.281
PHY-3002 : Step(25): len = 129830, overlap = 118.469
PHY-3002 : Step(26): len = 126238, overlap = 116.531
PHY-3002 : Step(27): len = 122408, overlap = 111
PHY-3002 : Step(28): len = 119647, overlap = 103.625
PHY-3002 : Step(29): len = 114854, overlap = 108.375
PHY-3002 : Step(30): len = 111992, overlap = 104.938
PHY-3002 : Step(31): len = 110427, overlap = 98.9688
PHY-3002 : Step(32): len = 108305, overlap = 101.969
PHY-3002 : Step(33): len = 108051, overlap = 96.0625
PHY-3002 : Step(34): len = 105716, overlap = 96.5
PHY-3002 : Step(35): len = 104761, overlap = 101.438
PHY-3002 : Step(36): len = 103604, overlap = 98.1562
PHY-3001 : :::2::: Try harder cell spreading with beta_ = 2.64789e-05
PHY-3002 : Step(37): len = 102506, overlap = 102.906
PHY-3002 : Step(38): len = 102434, overlap = 102.438
PHY-3002 : Step(39): len = 102377, overlap = 102.5
PHY-3001 : :::3::: Try harder cell spreading with beta_ = 5.29579e-05
PHY-3002 : Step(40): len = 102634, overlap = 102.312
PHY-3002 : Step(41): len = 102827, overlap = 100.031
PHY-3002 : Step(42): len = 102981, overlap = 100
PHY-3001 : :::4::: Try harder cell spreading with beta_ = 0.000105916
PHY-3002 : Step(43): len = 103241, overlap = 103.281
PHY-3002 : Step(44): len = 103419, overlap = 103.406
PHY-3002 : Step(45): len = 105314, overlap = 100.969
PHY-3002 : Step(46): len = 108552, overlap = 91.75
PHY-3002 : Step(47): len = 107163, overlap = 91.0312
PHY-3002 : Step(48): len = 107022, overlap = 91.4688
PHY-3002 : Step(49): len = 106900, overlap = 92.8438
PHY-3001 : :::5::: Try harder cell spreading with beta_ = 0.000211832
PHY-3002 : Step(50): len = 106889, overlap = 96.3438
PHY-3002 : Step(51): len = 106913, overlap = 91.5312
PHY-3001 : Legalization ...
PHY-3001 : End legalization;  0.013260s wall, 0.000000s user + 0.015625s system = 0.015625s CPU (117.8%)

PHY-3001 : Run with size of 4
PHY-3001 : Cell area utilization is 25%
PHY-3001 : Update timing in Manhattan mode ...
TMR-2503 : Start to update net delay, extr mode = 3.
TMR-2504 : Update delay of 5669 nets completely.
TMR-2502 : Annotate delay completely, extr mode = 3.
TMR-3501 : Forward propagation: start to calculate arrival time...
TMR-3502 : Backward propagation: start to calculate required time...
TMR-3503 : Timing propagation completes.
PHY-3001 : End timing update;  0.108495s wall, 0.109375s user + 0.000000s system = 0.109375s CPU (100.8%)

PHY-3001 : :::0::: Try harder cell spreading with beta_ = 3.16676e-06
PHY-3002 : Step(52): len = 115825, overlap = 168.031
PHY-3002 : Step(53): len = 116194, overlap = 173.656
PHY-3002 : Step(54): len = 111320, overlap = 178.312
PHY-3002 : Step(55): len = 111489, overlap = 177.188
PHY-3002 : Step(56): len = 107985, overlap = 176.969
PHY-3002 : Step(57): len = 107931, overlap = 177.188
PHY-3002 : Step(58): len = 106210, overlap = 167.531
PHY-3002 : Step(59): len = 106237, overlap = 165.562
PHY-3002 : Step(60): len = 105829, overlap = 165.281
PHY-3001 : :::1::: Try harder cell spreading with beta_ = 6.33353e-06
PHY-3002 : Step(61): len = 104761, overlap = 166.688
PHY-3002 : Step(62): len = 104716, overlap = 166.5
PHY-3002 : Step(63): len = 104677, overlap = 167.562
PHY-3001 : :::2::: Try harder cell spreading with beta_ = 1.26671e-05
PHY-3002 : Step(64): len = 105995, overlap = 166.719
PHY-3002 : Step(65): len = 106132, overlap = 166.719
PHY-3002 : Step(66): len = 110207, overlap = 138.156
PHY-3002 : Step(67): len = 111104, overlap = 123.219
PHY-3002 : Step(68): len = 112503, overlap = 128.781
PHY-3001 : :::3::: Try harder cell spreading with beta_ = 2.53341e-05
PHY-3002 : Step(69): len = 111004, overlap = 129.438
PHY-3002 : Step(70): len = 111004, overlap = 129.438
PHY-3002 : Step(71): len = 110479, overlap = 130.688
PHY-3002 : Step(72): len = 110479, overlap = 130.688
PHY-3002 : Step(73): len = 110076, overlap = 131.156
PHY-3001 : :::4::: Try harder cell spreading with beta_ = 5.06682e-05
PHY-3002 : Step(74): len = 111961, overlap = 126.75
PHY-3002 : Step(75): len = 112227, overlap = 126.062
PHY-3002 : Step(76): len = 114539, overlap = 119.438
PHY-3002 : Step(77): len = 115254, overlap = 113.906
PHY-3002 : Step(78): len = 117063, overlap = 111.062
PHY-3002 : Step(79): len = 114770, overlap = 111.375
PHY-3002 : Step(80): len = 114770, overlap = 111.375
PHY-3002 : Step(81): len = 113300, overlap = 113.125
PHY-3002 : Step(82): len = 113136, overlap = 112.906
PHY-3002 : Step(83): len = 111942, overlap = 114.469
PHY-3001 : :::5::: Try harder cell spreading with beta_ = 0.000101336
PHY-3002 : Step(84): len = 111633, overlap = 111.406
PHY-3002 : Step(85): len = 111628, overlap = 111.031
PHY-3002 : Step(86): len = 111632, overlap = 110.906
PHY-3001 : :::6::: Try harder cell spreading with beta_ = 0.000202673
PHY-3002 : Step(87): len = 112061, overlap = 104.75
PHY-3002 : Step(88): len = 112215, overlap = 104.188
PHY-3002 : Step(89): len = 112459, overlap = 106.344
PHY-3001 : Run with size of 2
PHY-3001 : Cell area utilization is 25%
PHY-3001 : Update timing in Manhattan mode ...
TMR-2503 : Start to update net delay, extr mode = 3.
TMR-2504 : Update delay of 5669 nets completely.
TMR-2502 : Annotate delay completely, extr mode = 3.
TMR-3501 : Forward propagation: start to calculate arrival time...
TMR-3502 : Backward propagation: start to calculate required time...
TMR-3503 : Timing propagation completes.
PHY-3001 : End timing update;  0.101515s wall, 0.093750s user + 0.000000s system = 0.093750s CPU (92.4%)

PHY-3001 : :::0::: Try harder cell spreading with beta_ = 2.24364e-05
PHY-3002 : Step(90): len = 113970, overlap = 275.562
PHY-3002 : Step(91): len = 114143, overlap = 280.219
PHY-3002 : Step(92): len = 115456, overlap = 271.188
PHY-3002 : Step(93): len = 115847, overlap = 266.656
PHY-3002 : Step(94): len = 117008, overlap = 262.094
PHY-3001 : :::1::: Try harder cell spreading with beta_ = 4.48729e-05
PHY-3002 : Step(95): len = 117419, overlap = 252.344
PHY-3002 : Step(96): len = 117516, overlap = 253.219
PHY-3002 : Step(97): len = 120301, overlap = 223.375
PHY-3002 : Step(98): len = 121328, overlap = 219.469
PHY-3002 : Step(99): len = 124593, overlap = 202.156
PHY-3002 : Step(100): len = 125542, overlap = 189.688
PHY-3002 : Step(101): len = 125856, overlap = 180.125
PHY-3002 : Step(102): len = 124929, overlap = 169.062
PHY-3002 : Step(103): len = 124836, overlap = 166.344
PHY-3002 : Step(104): len = 124756, overlap = 162.062
PHY-3001 : :::2::: Try harder cell spreading with beta_ = 8.97457e-05
PHY-3002 : Step(105): len = 125739, overlap = 161.188
PHY-3002 : Step(106): len = 125811, overlap = 159.531
PHY-3002 : Step(107): len = 126939, overlap = 153.875
PHY-3001 : :::3::: Try harder cell spreading with beta_ = 0.000179491
PHY-3002 : Step(108): len = 128481, overlap = 140.938
PHY-3002 : Step(109): len = 128862, overlap = 142.812
PHY-3002 : Step(110): len = 131594, overlap = 131.969
PHY-3002 : Step(111): len = 132876, overlap = 127.719
PHY-3002 : Step(112): len = 131312, overlap = 126.625
PHY-3002 : Step(113): len = 131312, overlap = 126.625
PHY-3002 : Step(114): len = 130873, overlap = 125
PHY-3001 : :::4::: Try harder cell spreading with beta_ = 0.000358983
PHY-3002 : Step(115): len = 132383, overlap = 121
PHY-3002 : Step(116): len = 132889, overlap = 121.219
PHY-3002 : Step(117): len = 134310, overlap = 115.531
PHY-3001 : :::5::: Try harder cell spreading with beta_ = 0.000717966
PHY-3002 : Step(118): len = 134677, overlap = 113.469
PHY-3002 : Step(119): len = 134874, overlap = 112.5
PHY-3001 : :::6::: Try harder cell spreading with beta_ = 0.00122133
PHY-3002 : Step(120): len = 135586, overlap = 112.125
PHY-3002 : Step(121): len = 136130, overlap = 111.938
PHY-3002 : Step(122): len = 137520, overlap = 101.5
OPT-1001 : Start physical optimization ...
RUN-1002 : start command "start_timer -report"
TMR-2505 : Start building timing graph for model test_camera.
TMR-2506 : Build timing graph completely. Port num: 21, tpin num: 22352, tnet num: 5669, tinst num: 4891, tnode num: 28136, tedge num: 35828.
TMR-2508 : Levelizing timing graph completed, there are 35 levels in total.
TMR-2501 : Timing graph initialized successfully.
RUN-1003 : finish command "start_timer -report" in  1.134230s wall, 1.109375s user + 0.031250s system = 1.140625s CPU (100.6%)

RUN-1004 : used memory is 215 MB, reserved memory is 193 MB, peak memory is 225 MB
OPT-1001 : Total overflow 350.00 peak overflow 3.91
OPT-1001 : Start high-fanout net optimization ...
OPT-1001 : Update timing in global mode
PHY-1001 : Start incremental global routing, caller is place ...
RUN-1001 : Generating global routing grids ...
RUN-1001 : Building simple global routing graph ...
PHY-1001 : Generate routing nets ...
PHY-1001 : Reuse net number 0/5671.
PHY-1001 : Global iterations in 16 thread ...
PHY-1002 : len = 159648, over cnt = 643(1%), over = 2487, worst = 27
PHY-1001 : End global iterations;  0.300291s wall, 0.515625s user + 0.125000s system = 0.640625s CPU (213.3%)

PHY-1001 : Congestion index: top1 = 46.42, top5 = 34.77, top10 = 28.33, top15 = 24.10.
PHY-1001 : End incremental global routing;  0.388120s wall, 0.593750s user + 0.125000s system = 0.718750s CPU (185.2%)

TMR-2503 : Start to update net delay, extr mode = 5.
TMR-2504 : Update delay of 5669 nets completely.
TMR-2502 : Annotate delay completely, extr mode = 5.
TMR-3001 : Initiate 0 clocks from SDC.
TMR-3004 : Map sdc constraints, there are 2 constraints in total.
TMR-3003 : Constraints initiated successfully.
TMR-3501 : Forward propagation: start to calculate arrival time...
TMR-3502 : Backward propagation: start to calculate required time...
TMR-3503 : Timing propagation completes.
OPT-1001 : End timing update;  0.129976s wall, 0.125000s user + 0.000000s system = 0.125000s CPU (96.2%)

OPT-1001 : 0 high-fanout net processed.
OPT-1001 : End high-fanout net optimization;  0.609002s wall, 0.812500s user + 0.125000s system = 0.937500s CPU (153.9%)

OPT-1001 : Current memory(MB): used = 251, reserve = 229, peak = 251.
OPT-1001 : Start global optimization ...
OPT-1001 : Start congestion update ...
RUN-1001 : Generating global routing grids ...
PHY-1001 : Generate routing nets ...
PHY-1001 : Reuse net number 4180/5671.
PHY-1001 : Global iterations in 16 thread ...
PHY-1002 : len = 159648, over cnt = 643(1%), over = 2487, worst = 27
PHY-1002 : len = 175456, over cnt = 359(1%), over = 835, worst = 13
PHY-1002 : len = 181576, over cnt = 124(0%), over = 267, worst = 11
PHY-1002 : len = 184920, over cnt = 10(0%), over = 16, worst = 4
PHY-1002 : len = 185200, over cnt = 0(0%), over = 0, worst = 0
PHY-1001 : End global iterations;  0.377765s wall, 0.453125s user + 0.078125s system = 0.531250s CPU (140.6%)

PHY-1001 : Congestion index: top1 = 38.21, top5 = 31.69, top10 = 27.33, top15 = 24.26.
OPT-1001 : End congestion update;  0.459742s wall, 0.515625s user + 0.078125s system = 0.593750s CPU (129.1%)

OPT-1001 : Update timing in Manhattan mode
TMR-2503 : Start to update net delay, extr mode = 3.
TMR-2504 : Update delay of 5669 nets completely.
TMR-2502 : Annotate delay completely, extr mode = 3.
TMR-3501 : Forward propagation: start to calculate arrival time...
TMR-3502 : Backward propagation: start to calculate required time...
TMR-3503 : Timing propagation completes.
OPT-1001 : End timing update;  0.101354s wall, 0.109375s user + 0.000000s system = 0.109375s CPU (107.9%)

OPT-0007 : Start: WNS 4470 TNS 0 NUM_FEPS 0
OPT-1001 : End global optimization;  0.561231s wall, 0.625000s user + 0.078125s system = 0.703125s CPU (125.3%)

OPT-1001 : Current memory(MB): used = 255, reserve = 234, peak = 255.
OPT-1001 : End physical optimization;  2.348092s wall, 2.578125s user + 0.234375s system = 2.812500s CPU (119.8%)

PHY-3001 : Start packing ...
SYN-4007 : Packing 0 MUX to BLE ...
SYN-4008 : Packed 0 MUX and 0 SEQ to BLE.
SYN-4007 : Packing 1959 LUT to BLE ...
SYN-4008 : Packed 1959 LUT and 847 SEQ to BLE.
SYN-4003 : Packing 917 remaining SEQ's ...
SYN-4005 : Packed 507 SEQ with LUT/SLICE
SYN-4006 : 752 single LUT's are left
SYN-4006 : 410 single SEQ's are left
SYN-4011 : Packing model "test_camera" (AL_USER_NORMAL) with 2369/4447 primitive instances ...
PHY-3001 : End packing;  0.222132s wall, 0.234375s user + 0.000000s system = 0.234375s CPU (105.5%)

PHY-1001 : Populate physical database on model test_camera.
RUN-1001 : There are total 2516 instances
RUN-1001 : 1173 mslices, 1172 lslices, 144 pads, 14 brams, 4 dsps
RUN-1001 : There are total 4887 nets
RUN-6004 WARNING: There are 4 nets with only 1 pin.
RUN-1001 : 3013 nets have 2 pins
RUN-1001 : 1151 nets have [3 - 5] pins
RUN-1001 : 599 nets have [6 - 10] pins
RUN-1001 : 69 nets have [11 - 20] pins
RUN-1001 : 45 nets have [21 - 99] pins
RUN-1001 : 6 nets have 100+ pins
PHY-3001 : design contains 2514 instances, 2345 slices, 188 macros(999 instances: 784 mslices 215 lslices)
PHY-3001 : Cell area utilization is 29%
PHY-3001 : After packing: Len = 139403, Over = 152.25
PHY-3001 : Run with size of 2
PHY-3001 : Cell area utilization is 29%
PHY-3001 : Update timing in Manhattan mode ...
RUN-1002 : start command "start_timer -report"
TMR-2505 : Start building timing graph for model test_camera.
TMR-2506 : Build timing graph completely. Port num: 21, tpin num: 19470, tnet num: 4885, tinst num: 2514, tnode num: 23662, tedge num: 32450.
TMR-2508 : Levelizing timing graph completed, there are 33 levels in total.
TMR-2501 : Timing graph initialized successfully.
RUN-1003 : finish command "start_timer -report" in  1.154993s wall, 1.156250s user + 0.000000s system = 1.156250s CPU (100.1%)

RUN-1004 : used memory is 259 MB, reserved memory is 239 MB, peak memory is 259 MB
TMR-2503 : Start to update net delay, extr mode = 3.
TMR-2504 : Update delay of 4885 nets completely.
TMR-2502 : Annotate delay completely, extr mode = 3.
TMR-3001 : Initiate 0 clocks from SDC.
TMR-3004 : Map sdc constraints, there are 2 constraints in total.
TMR-3003 : Constraints initiated successfully.
TMR-3501 : Forward propagation: start to calculate arrival time...
TMR-3502 : Backward propagation: start to calculate required time...
TMR-3503 : Timing propagation completes.
PHY-3001 : End timing update;  1.253759s wall, 1.250000s user + 0.000000s system = 1.250000s CPU (99.7%)

PHY-3001 : :::0::: Try harder cell spreading with beta_ = 2.17593e-05
PHY-3002 : Step(123): len = 136271, overlap = 153.25
PHY-3002 : Step(124): len = 134951, overlap = 156.5
PHY-3002 : Step(125): len = 130602, overlap = 162.75
PHY-3002 : Step(126): len = 128491, overlap = 170
PHY-3002 : Step(127): len = 127740, overlap = 173.25
PHY-3002 : Step(128): len = 127062, overlap = 174.25
PHY-3001 : :::1::: Try harder cell spreading with beta_ = 4.35186e-05
PHY-3002 : Step(129): len = 128252, overlap = 171.5
PHY-3002 : Step(130): len = 129139, overlap = 170.75
PHY-3002 : Step(131): len = 131254, overlap = 167.75
PHY-3001 : :::2::: Try harder cell spreading with beta_ = 8.70372e-05
PHY-3002 : Step(132): len = 134234, overlap = 156.5
PHY-3002 : Step(133): len = 135689, overlap = 151.25
PHY-3002 : Step(134): len = 139909, overlap = 142.5
PHY-3002 : Step(135): len = 139186, overlap = 140.75
PHY-3002 : Step(136): len = 138990, overlap = 138
PHY-3002 : Step(137): len = 138821, overlap = 135.25
PHY-3001 : Legalization ...
PHY-3001 : End legalization;  0.253826s wall, 0.203125s user + 0.484375s system = 0.687500s CPU (270.9%)

PHY-3001 : Trial Legalized: Len = 175837
PHY-3001 : Run with size of 2
PHY-3001 : Cell area utilization is 28%
PHY-3001 : Update timing in Manhattan mode ...
TMR-2503 : Start to update net delay, extr mode = 3.
TMR-2504 : Update delay of 4885 nets completely.
TMR-2502 : Annotate delay completely, extr mode = 3.
TMR-3501 : Forward propagation: start to calculate arrival time...
TMR-3502 : Backward propagation: start to calculate required time...
TMR-3503 : Timing propagation completes.
PHY-3001 : End timing update;  0.091805s wall, 0.093750s user + 0.000000s system = 0.093750s CPU (102.1%)

PHY-3001 : :::0::: Try harder cell spreading with beta_ = 0.000124756
PHY-3002 : Step(138): len = 164499, overlap = 10.75
PHY-3002 : Step(139): len = 156037, overlap = 38.75
PHY-3002 : Step(140): len = 153183, overlap = 45.75
PHY-3002 : Step(141): len = 151686, overlap = 46.75
PHY-3002 : Step(142): len = 150450, overlap = 55.25
PHY-3002 : Step(143): len = 149957, overlap = 57.5
PHY-3002 : Step(144): len = 149673, overlap = 59.25
PHY-3001 : :::1::: Try harder cell spreading with beta_ = 0.000249512
PHY-3002 : Step(145): len = 151328, overlap = 58
PHY-3002 : Step(146): len = 151754, overlap = 57.75
PHY-3002 : Step(147): len = 152070, overlap = 56.75
PHY-3001 : :::2::: Try harder cell spreading with beta_ = 0.000499023
PHY-3002 : Step(148): len = 153330, overlap = 55.5
PHY-3002 : Step(149): len = 153672, overlap = 56
PHY-3002 : Step(150): len = 154805, overlap = 52.5
PHY-3001 : Legalization ...
PHY-3001 : End legalization;  0.007639s wall, 0.000000s user + 0.000000s system = 0.000000s CPU (n/a%)

PHY-3001 : Legalized: Len = 166676, Over = 0
PHY-3001 : Spreading special nets. 30 overflows in 2952 tiles.
PHY-3001 : End spreading;  0.017784s wall, 0.015625s user + 0.000000s system = 0.015625s CPU (87.9%)

PHY-3001 : 37 instances has been re-located, deltaX = 21, deltaY = 16, maxDist = 2.
PHY-3001 : Final: Len = 167278, Over = 0
OPT-1001 : Start physical optimization ...
RUN-1002 : start command "start_timer -report"
TMR-2505 : Start building timing graph for model test_camera.
TMR-2506 : Build timing graph completely. Port num: 21, tpin num: 19470, tnet num: 4885, tinst num: 2514, tnode num: 23662, tedge num: 32450.
TMR-2508 : Levelizing timing graph completed, there are 33 levels in total.
TMR-2501 : Timing graph initialized successfully.
RUN-1003 : finish command "start_timer -report" in  1.201165s wall, 1.203125s user + 0.000000s system = 1.203125s CPU (100.2%)

RUN-1004 : used memory is 257 MB, reserved memory is 238 MB, peak memory is 263 MB
OPT-1001 : Total overflow 0.00 peak overflow 0.00
OPT-1001 : Start high-fanout net optimization ...
OPT-1001 : Update timing in global mode
PHY-1001 : Start incremental global routing, caller is place ...
RUN-1001 : Generating global routing grids ...
PHY-1001 : Generate routing nets ...
PHY-1001 : Reuse net number 148/4887.
PHY-1001 : Global iterations in 16 thread ...
PHY-1002 : len = 203288, over cnt = 494(1%), over = 734, worst = 6
PHY-1002 : len = 206352, over cnt = 223(0%), over = 287, worst = 4
PHY-1002 : len = 208608, over cnt = 60(0%), over = 74, worst = 4
PHY-1002 : len = 209112, over cnt = 27(0%), over = 35, worst = 3
PHY-1002 : len = 209584, over cnt = 0(0%), over = 0, worst = 0
PHY-1001 : End global iterations;  0.621403s wall, 0.828125s user + 0.078125s system = 0.906250s CPU (145.8%)

PHY-1001 : Congestion index: top1 = 33.45, top5 = 28.75, top10 = 25.64, top15 = 23.44.
PHY-1001 : End incremental global routing;  0.738051s wall, 0.937500s user + 0.078125s system = 1.015625s CPU (137.6%)

TMR-2503 : Start to update net delay, extr mode = 5.
TMR-2504 : Update delay of 4885 nets completely.
TMR-2502 : Annotate delay completely, extr mode = 5.
TMR-3001 : Initiate 0 clocks from SDC.
TMR-3004 : Map sdc constraints, there are 2 constraints in total.
TMR-3003 : Constraints initiated successfully.
TMR-3501 : Forward propagation: start to calculate arrival time...
TMR-3502 : Backward propagation: start to calculate required time...
TMR-3503 : Timing propagation completes.
OPT-1001 : End timing update;  0.125286s wall, 0.125000s user + 0.000000s system = 0.125000s CPU (99.8%)

OPT-1001 : 0 high-fanout net processed.
OPT-1001 : End high-fanout net optimization;  0.955538s wall, 1.156250s user + 0.078125s system = 1.234375s CPU (129.2%)

OPT-1001 : Current memory(MB): used = 265, reserve = 244, peak = 265.
OPT-1001 : Start path based optimization ...
OPT-1001 : Start congestion update ...
RUN-1001 : Generating global routing grids ...
PHY-1001 : Generate routing nets ...
PHY-1001 : Reuse net number 4183/4887.
PHY-1001 : Global iterations in 16 thread ...
PHY-1002 : len = 209584, over cnt = 0(0%), over = 0, worst = 0
PHY-1001 : End global iterations;  0.023328s wall, 0.015625s user + 0.000000s system = 0.015625s CPU (67.0%)

PHY-1001 : Congestion index: top1 = 33.45, top5 = 28.75, top10 = 25.64, top15 = 23.44.
OPT-1001 : End congestion update;  0.116184s wall, 0.109375s user + 0.000000s system = 0.109375s CPU (94.1%)

OPT-1001 : Update timing in Manhattan mode
TMR-2503 : Start to update net delay, extr mode = 3.
TMR-2504 : Update delay of 4885 nets completely.
TMR-2502 : Annotate delay completely, extr mode = 3.
TMR-3501 : Forward propagation: start to calculate arrival time...
TMR-3502 : Backward propagation: start to calculate required time...
TMR-3503 : Timing propagation completes.
OPT-1001 : End timing update;  0.089857s wall, 0.093750s user + 0.000000s system = 0.093750s CPU (104.3%)

OPT-0007 : Start: WNS 4345 TNS 0 NUM_FEPS 0
OPT-1001 : End path based optimization;  0.206160s wall, 0.203125s user + 0.000000s system = 0.203125s CPU (98.5%)

OPT-1001 : Current memory(MB): used = 266, reserve = 246, peak = 266.
OPT-1001 : Update timing in Manhattan mode
TMR-2503 : Start to update net delay, extr mode = 3.
TMR-2504 : Update delay of 4885 nets completely.
TMR-2502 : Annotate delay completely, extr mode = 3.
TMR-3501 : Forward propagation: start to calculate arrival time...
TMR-3502 : Backward propagation: start to calculate required time...
TMR-3503 : Timing propagation completes.
OPT-1001 : End timing update;  0.090243s wall, 0.093750s user + 0.000000s system = 0.093750s CPU (103.9%)

OPT-1001 : Start pin optimization...
OPT-1001 : skip pin optimization...
OPT-1001 : Update timing in global mode
PHY-1001 : Start incremental global routing, caller is place ...
RUN-1001 : Generating global routing grids ...
PHY-1001 : Generate routing nets ...
PHY-1001 : Reuse net number 4183/4887.
PHY-1001 : Global iterations in 16 thread ...
PHY-1002 : len = 209584, over cnt = 0(0%), over = 0, worst = 0
PHY-1001 : End global iterations;  0.026106s wall, 0.031250s user + 0.000000s system = 0.031250s CPU (119.7%)

PHY-1001 : Congestion index: top1 = 33.45, top5 = 28.75, top10 = 25.64, top15 = 23.44.
PHY-1001 : End incremental global routing;  0.126383s wall, 0.125000s user + 0.000000s system = 0.125000s CPU (98.9%)

TMR-2503 : Start to update net delay, extr mode = 5.
TMR-2504 : Update delay of 4885 nets completely.
TMR-2502 : Annotate delay completely, extr mode = 5.
TMR-3501 : Forward propagation: start to calculate arrival time...
TMR-3502 : Backward propagation: start to calculate required time...
TMR-3503 : Timing propagation completes.
OPT-1001 : End timing update;  0.154551s wall, 0.156250s user + 0.000000s system = 0.156250s CPU (101.1%)

RUN-1001 : Generating global routing grids ...
PHY-1001 : Generate routing nets ...
PHY-1001 : Reuse net number 4183/4887.
PHY-1001 : Global iterations in 16 thread ...
PHY-1002 : len = 209584, over cnt = 0(0%), over = 0, worst = 0
PHY-1001 : End global iterations;  0.023717s wall, 0.015625s user + 0.000000s system = 0.015625s CPU (65.9%)

PHY-1001 : Congestion index: top1 = 33.45, top5 = 28.75, top10 = 25.64, top15 = 23.44.
OPT-1001 : Update timing in Manhattan mode
TMR-2503 : Start to update net delay, extr mode = 3.
TMR-2504 : Update delay of 4885 nets completely.
TMR-2502 : Annotate delay completely, extr mode = 3.
TMR-3501 : Forward propagation: start to calculate arrival time...
TMR-3502 : Backward propagation: start to calculate required time...
TMR-3503 : Timing propagation completes.
OPT-1001 : End timing update;  0.117784s wall, 0.125000s user + 0.000000s system = 0.125000s CPU (106.1%)

RUN-1001 : QoR Analysis:
OPT-0007 :   WNS 4345 TNS 0 NUM_FEPS 0
RUN-1001 :   No local congestion issue, and most congested 1% tile average routing util is 33.000000
RUN-1001 :   Top critical paths
OPT-1001 : End physical optimization;  3.010388s wall, 3.203125s user + 0.140625s system = 3.343750s CPU (111.1%)

RUN-1003 : finish command "place" in  13.875496s wall, 22.593750s user + 5.234375s system = 27.828125s CPU (200.6%)

RUN-1004 : used memory is 245 MB, reserved memory is 224 MB, peak memory is 267 MB
RUN-1002 : start command "export_db ov2640_sdram_place.db"
RUN-1001 : Exported /
RUN-1001 : Exported flow parameters
RUN-1001 : Exported libs
RUN-1001 : Exported entities
RUN-1001 : Exported ports
RUN-1001 : Exported pins
RUN-1001 : Exported instances
RUN-1001 : Exported nets
RUN-1001 : Exported buses
RUN-1001 : Exported models
RUN-1001 : Exported congestions
RUN-1001 : Exported violations
RUN-1001 : Exported timing constraints
RUN-1001 : Exported IO constraints
RUN-1001 : Exported Inst constraints
RUN-1002 : start command "route"
RUN-1001 : Open license file C:/Anlogic/TD5.6.59063/license/Anlogic.lic
RUN-1001 : Print Global Property
RUN-1001 : ---------------------------------------------------------------
RUN-1001 :        Parameters        |  Settings  |  Default Values  |  Note  
RUN-1001 : ---------------------------------------------------------------
RUN-1001 :          message         |  standard  |     standard     |        
RUN-1001 :   mixed_pack_place_flow  |     on     |        on        |        
RUN-1001 :        qor_monitor       |    off     |       off        |        
RUN-1001 :        syn_ip_flow       |    off     |       off        |        
RUN-1001 :          thread          |    auto    |       auto       |        
RUN-1001 : ---------------------------------------------------------------
RUN-1001 : Print Route Property
RUN-1001 : -------------------------------------------------------
RUN-1001 :    Parameters    |  Settings  |  Default Values  |  Note  
RUN-1001 : -------------------------------------------------------
RUN-1001 :      effort      |   medium   |      medium      |        
RUN-1001 :     fix_hold     |    off     |       off        |        
RUN-1001 :    opt_timing    |   medium   |      medium      |        
RUN-1001 :   phy_sim_model  |    off     |       off        |        
RUN-1001 :     priority     |   timing   |      timing      |        
RUN-1001 :     swap_pin     |     on     |        on        |        
RUN-1001 : -------------------------------------------------------
PHY-1001 : Route runs in 16 thread(s)
RUN-1001 : There are total 2516 instances
RUN-1001 : 1173 mslices, 1172 lslices, 144 pads, 14 brams, 4 dsps
RUN-1001 : There are total 4887 nets
RUN-6004 WARNING: There are 4 nets with only 1 pin.
RUN-1001 : 3013 nets have 2 pins
RUN-1001 : 1151 nets have [3 - 5] pins
RUN-1001 : 599 nets have [6 - 10] pins
RUN-1001 : 69 nets have [11 - 20] pins
RUN-1001 : 45 nets have [21 - 99] pins
RUN-1001 : 6 nets have 100+ pins
RUN-1002 : start command "start_timer -report"
TMR-2505 : Start building timing graph for model test_camera.
TMR-2506 : Build timing graph completely. Port num: 21, tpin num: 19470, tnet num: 4885, tinst num: 2514, tnode num: 23662, tedge num: 32450.
TMR-2508 : Levelizing timing graph completed, there are 33 levels in total.
TMR-2501 : Timing graph initialized successfully.
RUN-1003 : finish command "start_timer -report" in  1.176662s wall, 1.171875s user + 0.000000s system = 1.171875s CPU (99.6%)

RUN-1004 : used memory is 261 MB, reserved memory is 240 MB, peak memory is 294 MB
PHY-1001 : 1173 mslices, 1172 lslices, 144 pads, 14 brams, 4 dsps
TMR-2503 : Start to update net delay, extr mode = 3.
TMR-2504 : Update delay of 4885 nets completely.
TMR-2502 : Annotate delay completely, extr mode = 3.
TMR-3001 : Initiate 0 clocks from SDC.
TMR-3004 : Map sdc constraints, there are 2 constraints in total.
TMR-3003 : Constraints initiated successfully.
TMR-3501 : Forward propagation: start to calculate arrival time...
TMR-3502 : Backward propagation: start to calculate required time...
TMR-3503 : Timing propagation completes.
PHY-1001 : Start global routing, caller is route ...
RUN-1001 : Generating global routing grids ...
PHY-1001 : Generate routing nets ...
PHY-1001 : Global iterations in 16 thread ...
PHY-1002 : len = 200960, over cnt = 503(1%), over = 750, worst = 6
PHY-1002 : len = 204160, over cnt = 214(0%), over = 276, worst = 4
PHY-1002 : len = 206400, over cnt = 69(0%), over = 91, worst = 4
PHY-1002 : len = 207376, over cnt = 0(0%), over = 0, worst = 0
PHY-1001 : End global iterations;  0.644657s wall, 0.843750s user + 0.046875s system = 0.890625s CPU (138.2%)

PHY-1001 : Congestion index: top1 = 33.45, top5 = 28.71, top10 = 25.61, top15 = 23.38.
PHY-1001 : End global routing;  0.750870s wall, 0.953125s user + 0.046875s system = 1.000000s CPU (133.2%)

PHY-1001 : Start detail routing ...
PHY-1001 : Current memory(MB): used = 292, reserve = 272, peak = 296.
PHY-1001 : Detailed router is running in normal mode.
PHY-1001 : Generate detailed routing grids ...
PHY-1001 : Generate nets ...
PHY-1001 : net clk_24m_dup_1 will be routed on clock mesh
PHY-1001 : net clk_cam will be routed on clock mesh
PHY-1001 : net vga_clk_dup_1 will be routed on clock mesh
PHY-1001 : clock net Sdram_Control_4Port/CTRL_CLK will be merged with clock u_pll/clk0_buf
PHY-1001 : net Sdram_Control_4Port/SDRAM_CLK will be routed on clock mesh
PHY-1001 : clock net u_image_select/mode[3]_syn_29 will be merged with clock u_image_select/mode[3]_syn_26
PHY-1001 : clock net u_camera_init/divider2[8]_syn_4 will be merged with clock u_camera_init/divider2[8]
PHY-1001 : clock net u_camera_init/divider2[7]_syn_2 will be merged with clock u_camera_init/divider2[7]
PHY-1001 : net u_camera_init/u_i2c_write/clk will be routed on clock mesh
PHY-5010 WARNING: Net u_image_process/out_img_imy[1] is skipped due to 0 input or output
PHY-5010 WARNING: Net u_image_process/out_img_imy[0] is skipped due to 0 input or output
PHY-5010 WARNING: Net u_image_process/post3_frame_href is skipped due to 0 input or output
PHY-5010 WARNING: Net u_image_process/post3_frame_vsync is skipped due to 0 input or output
PHY-1001 : clock net u_image_process/wrreq_syn_2 will be merged with clock u_image_process/wrreq
PHY-1001 : net u_image_process/u_Median_Gray_3/u_three_martix/csi_pclk will be routed on clock mesh
PHY-5010 WARNING: Net u_image_process/out_img_imy[1] is skipped due to 0 input or output
PHY-5010 WARNING: Net u_image_process/out_img_imy[0] is skipped due to 0 input or output
PHY-5010 WARNING: Net u_image_process/post3_frame_href is skipped due to 0 input or output
PHY-5010 WARNING: Net u_image_process/post3_frame_vsync is skipped due to 0 input or output
PHY-1001 : Current memory(MB): used = 549, reserve = 533, peak = 549.
PHY-1001 : End build detailed router design. 3.897982s wall, 3.843750s user + 0.046875s system = 3.890625s CPU (99.8%)

PHY-1001 : Detail Route ...
PHY-1001 : ===== Detail Route Phase 1 =====
PHY-1001 : Clock net routing.....
PHY-1001 : Routed 0% nets.
PHY-1022 : len = 66672, over cnt = 0(0%), over = 0, worst = 0, crit = 0
PHY-1001 : End initial clock net routed; 4.162488s wall, 4.140625s user + 0.000000s system = 4.140625s CPU (99.5%)

PHY-1001 : Current memory(MB): used = 583, reserve = 568, peak = 583.
PHY-1001 : End phase 1; 4.168962s wall, 4.156250s user + 0.000000s system = 4.156250s CPU (99.7%)

PHY-1001 : ===== Detail Route Phase 2 =====
PHY-1001 : Initial routing.....
PHY-1001 : Routed 19% nets.
PHY-1001 : Routed 21% nets.
PHY-1001 : Routed 25% nets.
PHY-1001 : Routed 30% nets.
PHY-1001 : Routed 36% nets.
PHY-1001 : Patch 2208 net; 1.991838s wall, 1.968750s user + 0.015625s system = 1.984375s CPU (99.6%)

PHY-1022 : len = 518568, over cnt = 171(0%), over = 171, worst = 1, crit = 0
PHY-1001 : Current memory(MB): used = 586, reserve = 571, peak = 586.
PHY-1001 : End initial routed; 5.111423s wall, 8.328125s user + 0.171875s system = 8.500000s CPU (166.3%)

PHY-1001 : Update timing.....
PHY-1001 : 0/4003(0%) critical/total net(s).
RUN-1001 : ------------------------------------------
RUN-1001 :   Type   |    WNS(ns)    |  TNS(ns)  |  FEP  
RUN-1001 : ------------------------------------------
RUN-1001 :   Setup  |     3.830     |   0.000   |   0   
RUN-1001 :   Hold   |  2147483.647  |   0.000   |   0   
RUN-1001 : ------------------------------------------
PHY-1001 : End update timing; 1.442527s wall, 1.437500s user + 0.000000s system = 1.437500s CPU (99.7%)

PHY-1001 : Current memory(MB): used = 593, reserve = 578, peak = 594.
PHY-1001 : End phase 2; 6.554028s wall, 9.765625s user + 0.171875s system = 9.937500s CPU (151.6%)

PHY-1001 : ===== Detail Route Phase 3 =====
PHY-1001 : Optimize timing.....
PHY-1022 : len = 518568, over cnt = 171(0%), over = 171, worst = 1, crit = 0
PHY-1001 : End optimize timing; 0.017968s wall, 0.015625s user + 0.000000s system = 0.015625s CPU (87.0%)

PHY-1001 : Ripup-reroute.....
PHY-1001 : ===== DR Iter 1 =====
PHY-1022 : len = 517400, over cnt = 28(0%), over = 28, worst = 1, crit = 0
PHY-1001 : End DR Iter 1; 0.122870s wall, 0.187500s user + 0.031250s system = 0.218750s CPU (178.0%)

PHY-1001 : ===== DR Iter 2 =====
PHY-1022 : len = 517480, over cnt = 0(0%), over = 0, worst = 0, crit = 0
PHY-1001 : End DR Iter 2; 0.061891s wall, 0.062500s user + 0.000000s system = 0.062500s CPU (101.0%)

PHY-1001 : Update timing.....
PHY-1001 : 0/4003(0%) critical/total net(s).
RUN-1001 : ------------------------------------------
RUN-1001 :   Type   |    WNS(ns)    |  TNS(ns)  |  FEP  
RUN-1001 : ------------------------------------------
RUN-1001 :   Setup  |     3.830     |   0.000   |   0   
RUN-1001 :   Hold   |  2147483.647  |   0.000   |   0   
RUN-1001 : ------------------------------------------
PHY-1001 : End update timing; 1.416157s wall, 1.421875s user + 0.000000s system = 1.421875s CPU (100.4%)

PHY-1001 : Commit to database.....
PHY-1001 : 38 feed throughs used by 29 nets
PHY-1001 : End commit to database; 0.601366s wall, 0.578125s user + 0.015625s system = 0.593750s CPU (98.7%)

PHY-1001 : Current memory(MB): used = 622, reserve = 608, peak = 622.
PHY-1001 : End phase 3; 2.386284s wall, 2.421875s user + 0.046875s system = 2.468750s CPU (103.5%)

PHY-1003 : Routed, final wirelength = 517480
PHY-1001 : Current memory(MB): used = 624, reserve = 609, peak = 624.
PHY-1001 : End export database. 0.018264s wall, 0.015625s user + 0.000000s system = 0.015625s CPU (85.6%)

PHY-1001 : End detail routing;  17.284478s wall, 20.484375s user + 0.265625s system = 20.750000s CPU (120.0%)

RUN-1003 : finish command "route" in  19.416256s wall, 22.796875s user + 0.328125s system = 23.125000s CPU (119.1%)

RUN-1004 : used memory is 590 MB, reserved memory is 575 MB, peak memory is 624 MB
RUN-1002 : start command "report_area -io_info -file ov2640_sdram_phy.area"
RUN-1001 : standard
***Report Model: test_camera Device: EG4S20BG256***

IO Statistics
#IO                        89
  #input                   29
  #output                  59
  #inout                    1

Utilization Statistics
#lut                     4044   out of  19600   20.63%
#reg                     1767   out of  19600    9.02%
#le                      4454
  #lut only              2687   out of   4454   60.33%
  #reg only               410   out of   4454    9.21%
  #lut&reg               1357   out of   4454   30.47%
#dsp                        4   out of     29   13.79%
#bram                      12   out of     64   18.75%
  #bram9k                   0
  #fifo9k                  12
#bram32k                    2   out of     16   12.50%
#pad                       89   out of    188   47.34%
  #ireg                     0
  #oreg                     0
  #treg                     0
#pll                        1   out of      4   25.00%
#gclk                      11   out of     16   68.75%

Clock Resource Statistics
Index     ClockNet                                                   Type               DriverType         Driver                             Fanout
#1        u_image_process/u_Median_Gray_3/u_three_martix/csi_pclk    GCLK               io                 cam_pclk_syn_9.di                  742
#2        u_pll/clk0_buf                                             GCLK               pll                u_pll/pll_inst.clkc0               176
#3        vga_clk_dup_1                                              GCLK               pll                u_pll/pll_inst.clkc2               42
#4        u_camera_init/divider2[8]                                  GCLK               lslice             u_camera_init/add2_syn_56.q1       23
#5        u_camera_init/u_i2c_write/clk                              GCLK               pll                u_pll/pll_inst.clkc4               20
#6        u_camera_init/divider2[7]                                  GCLK               lslice             u_camera_init/add2_syn_56.q0       18
#7        u_image_select/mode[3]_syn_26                              GCLK               lslice             u_image_process/reg1_syn_471.f0    13
#8        u_image_process/wrreq                                      GCLK               lslice             u_image_select/sel2_syn_695.f0     11
#9        clk_24m_dup_1                                              GCLK               io                 clk_24m_syn_2.di                   7
#10       Sdram_Control_4Port/SDRAM_CLK                              GCLK               pll                u_pll/pll_inst.clkc1               0
#11       clk_cam                                                    GCLK               pll                u_pll/pll_inst.clkc3               0


Detailed IO Report

     Name        Direction    Location    IOStandard    DriveStrength    PullType    PackReg  
   Switch[5]       INPUT         P6        LVCMOS25          N/A          PULLUP      NONE    
   Switch[4]       INPUT         M6        LVCMOS25          N/A          PULLUP      NONE    
   Switch[3]       INPUT         T6        LVCMOS25          N/A          PULLUP      NONE    
   Switch[2]       INPUT         T5        LVCMOS25          N/A          PULLUP      NONE    
   Switch[1]       INPUT         R5        LVCMOS25          N/A          PULLUP      NONE    
   Switch[0]       INPUT         T4        LVCMOS25          N/A          PULLUP      NONE    
  cam_data[7]      INPUT        H13        LVCMOS33          N/A          PULLUP      NONE    
  cam_data[6]      INPUT        G16        LVCMOS33          N/A          PULLUP      NONE    
  cam_data[5]      INPUT        H16        LVCMOS33          N/A          PULLUP      NONE    
  cam_data[4]      INPUT        G14        LVCMOS33          N/A          PULLUP      NONE    
  cam_data[3]      INPUT        K15        LVCMOS33          N/A          PULLUP      NONE    
  cam_data[2]      INPUT        K16        LVCMOS33          N/A          PULLUP      NONE    
  cam_data[1]      INPUT        J16        LVCMOS33          N/A          PULLUP      NONE    
  cam_data[0]      INPUT        H15        LVCMOS33          N/A          PULLUP      NONE    
   cam_href        INPUT        F15        LVCMOS33          N/A          PULLUP      NONE    
   cam_pclk        INPUT        K12        LVCMOS33          N/A          PULLUP      NONE    
   cam_vsync       INPUT        E15        LVCMOS33          N/A          PULLUP      NONE    
    clk_24m        INPUT        K14        LVCMOS33          N/A          PULLUP      NONE    
     rst_n         INPUT        G11        LVCMOS33          N/A          PULLUP      NONE    
    Led[15]       OUTPUT        T13        LVCMOS25           8            NONE       NONE    
    Led[14]       OUTPUT        T12        LVCMOS25           8            NONE       NONE    
    Led[13]       OUTPUT        R12        LVCMOS25           8            NONE       NONE    
    Led[12]       OUTPUT         M7        LVCMOS25           8            NONE       NONE    
    Led[11]       OUTPUT         T9        LVCMOS25           8            NONE       NONE    
    Led[10]       OUTPUT         T8        LVCMOS25           8            NONE       NONE    
    Led[9]        OUTPUT         T7        LVCMOS25           8            NONE       NONE    
    Led[8]        OUTPUT         R7        LVCMOS25           8            NONE       NONE    
    Led[7]        OUTPUT         P5        LVCMOS25           8            NONE       NONE    
    Led[6]        OUTPUT         N5        LVCMOS25           8            NONE       NONE    
    Led[5]        OUTPUT         P4        LVCMOS25           8            NONE       NONE    
    Led[4]        OUTPUT         M5        LVCMOS25           8            NONE       NONE    
    Led[3]        OUTPUT         N4        LVCMOS25           8            NONE       NONE    
    Led[2]        OUTPUT         N3        LVCMOS25           8            NONE       NONE    
    Led[1]        OUTPUT         M4        LVCMOS25           8            NONE       NONE    
    Led[0]        OUTPUT         M3        LVCMOS25           8            NONE       NONE    
   cam_pwdn       OUTPUT        F14        LVCMOS33           8            NONE       NONE    
    cam_rst       OUTPUT        F13        LVCMOS33           8            NONE       NONE    
   cam_soic       OUTPUT        D16        LVCMOS33           8           PULLUP      NONE    
   cam_xclk       OUTPUT        J12        LVCMOS33           8            NONE       NONE    
   vga_b[7]       OUTPUT         C1        LVCMOS25           8            NONE       NONE    
   vga_b[6]       OUTPUT         D1        LVCMOS25           8            NONE       NONE    
   vga_b[5]       OUTPUT         E2        LVCMOS25           8            NONE       NONE    
   vga_b[4]       OUTPUT         G3        LVCMOS25           8            NONE       NONE    
   vga_b[3]       OUTPUT         E1        LVCMOS25           8            NONE       NONE    
   vga_b[2]       OUTPUT         F2        LVCMOS25           8            NONE       NONE    
   vga_b[1]       OUTPUT         F1        LVCMOS25           8            NONE       NONE    
   vga_b[0]       OUTPUT         G1        LVCMOS25           8            NONE       NONE    
    vga_clk       OUTPUT         H2        LVCMOS25           8            NONE       NONE    
   vga_g[7]       OUTPUT         H5        LVCMOS25           8            NONE       NONE    
   vga_g[6]       OUTPUT         H1        LVCMOS25           8            NONE       NONE    
   vga_g[5]       OUTPUT         J6        LVCMOS25           8            NONE       NONE    
   vga_g[4]       OUTPUT         H3        LVCMOS25           8            NONE       NONE    
   vga_g[3]       OUTPUT         J1        LVCMOS25           8            NONE       NONE    
   vga_g[2]       OUTPUT         K1        LVCMOS25           8            NONE       NONE    
   vga_g[1]       OUTPUT         K2        LVCMOS25           8            NONE       NONE    
   vga_g[0]       OUTPUT         L1        LVCMOS25           8            NONE       NONE    
   vga_hsync      OUTPUT         J3        LVCMOS25           8            NONE       NONE    
   vga_r[7]       OUTPUT         K6        LVCMOS25           8            NONE       NONE    
   vga_r[6]       OUTPUT         K3        LVCMOS25           8            NONE       NONE    
   vga_r[5]       OUTPUT         K5        LVCMOS25           8            NONE       NONE    
   vga_r[4]       OUTPUT         L4        LVCMOS25           8            NONE       NONE    
   vga_r[3]       OUTPUT         M1        LVCMOS25           8            NONE       NONE    
   vga_r[2]       OUTPUT         M2        LVCMOS25           8            NONE       NONE    
   vga_r[1]       OUTPUT         L3        LVCMOS25           8            NONE       NONE    
   vga_r[0]       OUTPUT         L5        LVCMOS25           8            NONE       NONE    
   vga_vsync      OUTPUT         J4        LVCMOS25           8            NONE       NONE    
   cam_soid        INOUT        D14        LVCMOS33           8           PULLUP      NONE    

Report Hierarchy Area:
+---------------------------------------------------------------------------------------------------------------------------------------+
|Instance                              |Module                                     |le     |lut     |ripple  |seq     |bram    |dsp     |
+---------------------------------------------------------------------------------------------------------------------------------------+
|top                                   |test_camera                                |4454   |3045    |999     |1767    |14      |4       |
|  Sdram_Control_4Port                 |Sdram_Control_4Port                        |647    |420     |108     |395     |2       |0       |
|    command1                          |command                                    |49     |49      |0       |41      |0       |0       |
|    control1                          |control_interface                          |99     |70      |24      |49      |0       |0       |
|    data_path1                        |sdr_data_path                              |13     |13      |0       |4       |0       |0       |
|    read_fifo1                        |Sdram_RD_FIFO                              |134    |57      |18      |108     |1       |0       |
|      dcfifo_component                |softfifo                                   |134    |57      |18      |108     |1       |0       |
|        ram_inst                      |ram_infer_softfifo                         |0      |0       |0       |0       |1       |0       |
|        rd_to_wr_cross_inst           |fifo_cross_domain_addr_process_al_softfifo |40     |18      |0       |40      |0       |0       |
|        wr_to_rd_cross_inst           |fifo_cross_domain_addr_process_al_softfifo |33     |20      |0       |33      |0       |0       |
|    sdram1                            |sdram                                      |3      |3       |0       |1       |0       |0       |
|    write_fifo1                       |Sdram_WR_FIFO                              |127    |64      |18      |100     |1       |0       |
|      dcfifo_component                |softfifo                                   |127    |64      |18      |100     |1       |0       |
|        ram_inst                      |ram_infer_softfifo                         |0      |0       |0       |0       |1       |0       |
|        rd_to_wr_cross_inst           |fifo_cross_domain_addr_process_al_softfifo |40     |23      |0       |40      |0       |0       |
|        wr_to_rd_cross_inst           |fifo_cross_domain_addr_process_al_softfifo |32     |20      |0       |32      |0       |0       |
|  u_Mode_Switch                       |Mode_Switch                                |11     |11      |0       |9       |0       |0       |
|  u_cam_vga_out                       |Driver                                     |152    |88      |64      |23      |0       |0       |
|  u_camera_init                       |camera_init                                |681    |661     |9       |90      |0       |0       |
|    u_i2c_write                       |i2c_module                                 |206    |206     |0       |46      |0       |0       |
|  u_camera_reader                     |camera_reader                              |90     |53      |17      |54      |0       |0       |
|  u_image_process                     |image_process                              |2584   |1596    |731     |1121    |12      |4       |
|    u_Dilation_Detector               |Dilation_Detector                          |172    |115     |45      |82      |2       |0       |
|      u_three_martix_4                |three_martix                               |161    |107     |45      |71      |2       |0       |
|        u_fifo_1                      |fifo_1                                     |4      |4       |0       |2       |1       |0       |
|        u_fifo_2                      |fifo_2                                     |0      |0       |0       |0       |1       |0       |
|    u_Erosion_Detector                |Erosion_Detector                           |176    |119     |45      |75      |2       |0       |
|      u_three_martix_3                |three_martix                               |167    |112     |45      |66      |2       |0       |
|        u_fifo_1                      |fifo_1                                     |0      |0       |0       |0       |1       |0       |
|        u_fifo_2                      |fifo_2                                     |2      |2       |0       |0       |1       |0       |
|    u_Median_Gray                     |Median_Gray                                |167    |114     |45      |67      |2       |0       |
|      u_Median_Filter_3X3_8Bit_median |Median_Filter_3X3                          |6      |3       |0       |6       |0       |0       |
|      u_three_martix                  |three_martix                               |161    |111     |45      |61      |2       |0       |
|        u_fifo_1                      |fifo_1                                     |2      |2       |0       |0       |1       |0       |
|        u_fifo_2                      |fifo_2                                     |4      |4       |0       |2       |1       |0       |
|    u_Median_Gray_2                   |Median_Gray                                |722    |433     |235     |280     |2       |0       |
|      u_Median_Filter_3X3_8Bit_median |Median_Filter_3X3                          |488    |298     |190     |141     |0       |0       |
|        u_Sort3_1                     |Sort3                                      |84     |54      |30      |34      |0       |0       |
|        u_Sort3_2                     |Sort3                                      |86     |56      |30      |28      |0       |0       |
|        u_Sort3_3                     |Sort3                                      |84     |54      |30      |34      |0       |0       |
|        u_Sort3_4                     |Sort3                                      |50     |30      |20      |10      |0       |0       |
|        u_Sort3_5                     |Sort3                                      |68     |38      |30      |6       |0       |0       |
|        u_Sort3_6                     |Sort3                                      |48     |28      |20      |15      |0       |0       |
|        u_Sort3_7                     |Sort3                                      |68     |38      |30      |14      |0       |0       |
|      u_three_martix                  |three_martix                               |234    |135     |45      |139     |2       |0       |
|        u_fifo_1                      |fifo_1                                     |2      |2       |0       |0       |1       |0       |
|        u_fifo_2                      |fifo_2                                     |2      |2       |0       |1       |1       |0       |
|    u_Median_Gray_3                   |Median_Gray                                |728    |441     |235     |258     |2       |0       |
|      u_Median_Filter_3X3_8Bit_median |Median_Filter_3X3                          |497    |307     |190     |120     |0       |0       |
|        u_Sort3_1                     |Sort3                                      |84     |54      |30      |33      |0       |0       |
|        u_Sort3_2                     |Sort3                                      |86     |56      |30      |29      |0       |0       |
|        u_Sort3_3                     |Sort3                                      |89     |59      |30      |26      |0       |0       |
|        u_Sort3_4                     |Sort3                                      |48     |28      |20      |8       |0       |0       |
|        u_Sort3_5                     |Sort3                                      |70     |40      |30      |8       |0       |0       |
|        u_Sort3_6                     |Sort3                                      |50     |30      |20      |8       |0       |0       |
|        u_Sort3_7                     |Sort3                                      |70     |40      |30      |8       |0       |0       |
|      u_three_martix                  |three_martix                               |231    |134     |45      |138     |2       |0       |
|        u_fifo_1                      |fifo_1                                     |0      |0       |0       |0       |1       |0       |
|        u_fifo_2                      |fifo_2                                     |2      |2       |0       |1       |1       |0       |
|    u_RGBYCbCr                        |RGBYCbCr                                   |75     |31      |14      |52      |0       |4       |
|    u_Sobel_Process                   |Sobel_Process                              |362    |199     |92      |180     |2       |0       |
|      u_Caculate_Sobel                |Caculate_Sobel                             |138    |90      |47      |51      |0       |0       |
|      u_three_martix_2                |three_martix                               |224    |109     |45      |129     |2       |0       |
|        u_fifo_1                      |fifo_1                                     |0      |0       |0       |0       |1       |0       |
|        u_fifo_2                      |fifo_2                                     |0      |0       |0       |0       |1       |0       |
|  u_image_select                      |image_select                               |168    |124     |41      |58      |0       |0       |
|  u_pll                               |ip_pll                                     |0      |0       |0       |0       |0       |0       |
|  u_vga_display                       |vga_display                                |79     |62      |17      |15      |0       |0       |
+---------------------------------------------------------------------------------------------------------------------------------------+


DataNet Average Fanout:

   Index     Fanout     Nets  
    #1          1       2944  
    #2          2       642   
    #3          3       255   
    #4          4       206   
    #5        5-10      604   
    #6        11-50      90   
    #7       51-100      12   
    #8       101-500     1    
    #9        >500       1    
  Average     2.81            

RUN-1002 : start command "export_db ov2640_sdram_pr.db"
RUN-1001 : Exported /
RUN-1001 : Exported flow parameters
RUN-1001 : Exported libs
RUN-1001 : Exported entities
RUN-1001 : Exported ports
RUN-1001 : Exported pins
RUN-1001 : Exported instances
RUN-1001 : Exported nets
RUN-1001 : Exported buses
RUN-1001 : Exported models
RUN-1001 : Exported congestions
RUN-1001 : Exported violations
RUN-1001 : Exported timing constraints
RUN-1001 : Exported IO constraints
RUN-1001 : Exported Inst constraints
RUN-1002 : start command "export_bid ov2640_sdram_inst.bid"
RUN-1002 : start command "bitgen -bit ov2640_sdram.bit"
BIT-1003 : Start to generate bitstream. 
BIT-1002 : Init instances with 16 threads.
BIT-1002 : Init instances completely, inst num: 2514
BIT-1002 : Init pips with 16 threads.
BIT-1002 : Init pips completely, net num: 4887, pip num: 42648
BIT-1002 : Init feedthrough with 16 threads.
BIT-1002 : Init feedthrough completely, num: 38
BIT-1003 : Multithreading accelaration with 16 threads.
BIT-1003 : Generate bitstream completely, there are 2127 valid insts, and 131023 bits set as '1'.
BIT-1004 : the usercode register value: 00000000000100110000000000000000
BIT-1004 : PLL setting string = 0001
BIT-1004 : Generate bits file ov2640_sdram.bit.
RUN-1003 : finish command "bitgen -bit ov2640_sdram.bit" in  4.304804s wall, 45.687500s user + 0.390625s system = 46.078125s CPU (1070.4%)

RUN-1004 : used memory is 588 MB, reserved memory is 578 MB, peak memory is 773 MB
RUN-1002 : start command "backup_run_log run.log ../.logs/phy_1/td_20221030_170455.log"
