============================================================
   Tang Dynasty, V5.6.59063
   Copyright (c) 2012-2022 Anlogic
   Executable = C:/Anlogic/TD5.6.59063/bin/td.exe
   Built at =   12:45:13 Sep  6 2022
   Run by =     Administrator
   Run Date =   Mon Oct 24 23:45:10 2022

   Run on =     WIN-25FR57M34TT
============================================================
RUN-1002 : start command "open_project ov2640_sdram.prj"
RUN-1001 : Print Global Property
RUN-1001 : ---------------------------------------------------------------
RUN-1001 :        Parameters        |  Settings  |  Default Values  |  Note  
RUN-1001 : ---------------------------------------------------------------
RUN-1001 :          message         |  standard  |     standard     |        
RUN-1001 :   mixed_pack_place_flow  |     on     |        on        |        
RUN-1001 :        qor_monitor       |    off     |       off        |        
RUN-1001 :        syn_ip_flow       |    off     |       off        |        
RUN-1001 :          thread          |    auto    |       auto       |        
RUN-1001 : ---------------------------------------------------------------
RUN-1001 : Print Design Property
RUN-1001 : --------------------------------------------------------------
RUN-1001 :        Parameters       |  Settings  |  Default Values  |  Note  
RUN-1001 : --------------------------------------------------------------
RUN-1001 :   default_reg_initial   |    auto    |       auto       |        
RUN-1001 :        infer_add        |     on     |        on        |        
RUN-1001 :        infer_fsm        |    off     |       off        |        
RUN-1001 :        infer_mult       |     on     |        on        |        
RUN-1001 :        infer_ram        |     on     |        on        |        
RUN-1001 :        infer_reg        |     on     |        on        |        
RUN-1001 :   infer_reg_init_value  |     on     |        on        |        
RUN-1001 :        infer_rom        |     on     |        on        |        
RUN-1001 :      infer_shifter      |     on     |        on        |        
RUN-1001 : --------------------------------------------------------------
RUN-1001 : Print Rtl Property
RUN-1001 : --------------------------------------------------------------
RUN-1001 :        Parameters       |  Settings  |  Default Values  |  Note  
RUN-1001 : --------------------------------------------------------------
RUN-1001 :       compress_add      |   ripple   |      ripple      |        
RUN-1001 :        elf_sload        |    off     |       off        |        
RUN-1001 :       fix_undriven      |     0      |        0         |        
RUN-1001 :         flatten         |    off     |       off        |        
RUN-1001 :       gate_sharing      |     on     |        on        |        
RUN-1001 :    hdl_warning_level    |   normal   |      normal      |        
RUN-1001 :   impl_internal_tribuf  |     on     |        on        |        
RUN-1001 :      impl_set_reset     |     on     |        on        |        
RUN-1001 :        infer_gsr        |    off     |       off        |        
RUN-1001 :      keep_hierarchy     |    auto    |       auto       |        
RUN-1001 :        max_fanout       |    9999    |       9999       |        
RUN-1001 :      max_oh2bin_len     |     10     |        10        |        
RUN-1001 :       merge_equal       |     on     |        on        |        
RUN-1001 :       merge_equiv       |     on     |        on        |        
RUN-1001 :        merge_mux        |    off     |       off        |        
RUN-1001 :     min_control_set     |     8      |        8         |        
RUN-1001 :      min_ripple_len     |    auto    |       auto       |        
RUN-1001 :       oh2bin_ratio      |    0.08    |       0.08       |        
RUN-1001 :     opt_adder_fanout    |     on     |        on        |        
RUN-1001 :        opt_arith        |     on     |        on        |        
RUN-1001 :       opt_big_gate      |    off     |       off        |        
RUN-1001 :        opt_const        |     on     |        on        |        
RUN-1001 :      opt_const_mult     |     on     |        on        |        
RUN-1001 :       opt_lessthan      |     on     |        on        |        
RUN-1001 :         opt_mux         |    off     |       off        |        
RUN-1001 :         opt_ram         |    high    |       high       |        
RUN-1001 :      rtl_sim_model      |    off     |       off        |        
RUN-1001 :         seq_syn         |     on     |        on        |        
RUN-1001 : --------------------------------------------------------------
HDL-1007 : analyze verilog file ../../al_ip/ip_pll.v
HDL-1007 : undeclared symbol 'open', assumed default net type 'wire' in ../../al_ip/ip_pll.v(93)
HDL-1007 : analyze verilog file ../../al_ip/softfifo.v
HDL-1007 : analyze verilog file ../../RTL/camera_init.v
HDL-1007 : undeclared symbol 'clk_div', assumed default net type 'wire' in ../../RTL/camera_init.v(74)
HDL-1007 : analyze verilog file ../../RTL/camera_reader.v
HDL-1007 : analyze verilog file ../../RTL/i2c_module.v
HDL-1007 : analyze verilog file ../../RTL/Sdram_Control_4Port/command.v
HDL-1007 : analyze included file ../../RTL/Sdram_Control_4Port/Sdram_Params.h in ../../RTL/Sdram_Control_4Port/command.v(27)
HDL-1007 : back to file '../../RTL/Sdram_Control_4Port/command.v' in ../../RTL/Sdram_Control_4Port/command.v(27)
HDL-1007 : analyze verilog file ../../RTL/Sdram_Control_4Port/control_interface.v
HDL-1007 : analyze included file ../../RTL/Sdram_Control_4Port/Sdram_Params.h in ../../RTL/Sdram_Control_4Port/control_interface.v(21)
HDL-1007 : back to file '../../RTL/Sdram_Control_4Port/control_interface.v' in ../../RTL/Sdram_Control_4Port/control_interface.v(21)
HDL-1007 : analyze verilog file ../../RTL/Sdram_Control_4Port/sdr_data_path.v
HDL-1007 : analyze included file ../../RTL/Sdram_Control_4Port/Sdram_Params.h in ../../RTL/Sdram_Control_4Port/sdr_data_path.v(10)
HDL-1007 : back to file '../../RTL/Sdram_Control_4Port/sdr_data_path.v' in ../../RTL/Sdram_Control_4Port/sdr_data_path.v(10)
HDL-1007 : analyze verilog file ../../RTL/Sdram_Control_4Port/Sdram_Control_4Port.v
HDL-1007 : analyze included file ../../RTL/Sdram_Control_4Port/Sdram_Params.h in ../../RTL/Sdram_Control_4Port/Sdram_Control_4Port.v(49)
HDL-1007 : back to file '../../RTL/Sdram_Control_4Port/Sdram_Control_4Port.v' in ../../RTL/Sdram_Control_4Port/Sdram_Control_4Port.v(49)
HDL-1007 : analyze verilog file ../../RTL/Sdram_Control_4Port/Sdram_RD_FIFO.v
HDL-5007 WARNING: 'clk' is not declared in ../../RTL/Sdram_Control_4Port/Sdram_RD_FIFO.v(44)
HDL-1007 : analyze verilog file ../../RTL/Sdram_Control_4Port/Sdram_WR_FIFO.v
HDL-1007 : analyze verilog file ../../al_ip/sdram.v
HDL-1007 : analyze verilog file ../../RTL/Driver.v
HDL-1007 : analyze verilog file ../../RTL/RGBYCbCr.v
HDL-1007 : analyze verilog file ../../RTL/image_process.v
HDL-1007 : analyze verilog file ../../RTL/test_camera.v
HDL-5007 WARNING: 'clk' is not declared in ../../RTL/Sdram_Control_4Port/Sdram_RD_FIFO.v(44)
RUN-1001 : Project manager successfully analyzed 16 source files.
RUN-1002 : start command "import_device eagle_s20.db -package EG4S20BG256"
ARC-1001 : Device Initialization.
ARC-1001 : ------------------------------------------------------------------
ARC-1001 :            OPTION            |          IO          |   SETTING   
ARC-1001 : ------------------------------------------------------------------
ARC-1001 :   cso_b/cclk/mosi/miso/dout  |  T3/R11/T10/P10/S11  |    gpio    
ARC-1001 :             done             |         P13          |    gpio    
ARC-1001 :           program_b          |          T2          |  dedicate  
ARC-1001 :        tdi/tms/tck/tdo       |   C12/A15/C14/E14    |  dedicate  
ARC-1001 : ------------------------------------------------------------------
ARC-1004 : Device setting, marked 5 dedicate IOs in total.
RUN-1002 : start command "import_db ../syn_1/ov2640_sdram_gate.db"
RUN-1001 : Importing database generated by Tang Dynasty, V5.6.59063.
RUN-1001 : Database version number 46140.
RUN-1001 : Import flow parameters
RUN-1001 : Import timing constraints
RUN-1001 : Import IO constraints
RUN-1001 : Import Inst constraints
RUN-1001 : Import design success TD_VERSION=5.6.59063 , DB_VERSION=46140
RUN-1002 : start command "read_sdc"
USR-1002 : read_sdc file_name -help -h -eco
RUN-1002 : start command "get_regs */primary_addr_gray_reg[*]"
RUN-1002 : start command "get_regs */sync_r1[*]"
RUN-1002 : start command "set_max_delay -from  -to  5 -datapath_only"
RUN-1002 : start command "get_regs */primary_addr_gray_reg[*]"
RUN-1002 : start command "get_regs */sync_r1[*]"
RUN-1002 : start command "set_false_path -from  -to  -hold 5"
USR-1002 : set_false_path -help -setup -hold -from <list> -rise_from <list> -fall_from <list> -to <list> -rise_to <list> -fall_to <list> -through <list>
RUN-1002 : start command "get_regs */primary_addr_gray_reg[*]"
RUN-1002 : start command "get_regs */sync_r1[*]"
RUN-1002 : start command "set_max_delay -from  -to  5 -datapath_only"
RUN-1002 : start command "get_regs */primary_addr_gray_reg[*]"
RUN-1002 : start command "get_regs */sync_r1[*]"
RUN-1002 : start command "set_max_delay -from  -to  5 -datapath_only"
RUN-1002 : start command "get_regs */primary_addr_gray_reg[*]"
RUN-1002 : start command "get_regs */sync_r1[*]"
RUN-1002 : start command "set_max_delay -from  -to  5 -datapath_only"
SYN-1001 : 	kept net: Sdram_Control_4Port/read_fifo1/dcfifo_component/rd_to_wr_cross_inst/primary_addr_gray_reg[9](Sdram_Control_4Port/read_fifo1/dcfifo_component/rd_to_wr_cross_inst/primary_addr_gray_reg[9]_syn_5)
SYN-1001 : 	kept net: Sdram_Control_4Port/read_fifo1/dcfifo_component/rd_to_wr_cross_inst/primary_addr_gray_reg[8](Sdram_Control_4Port/read_fifo1/dcfifo_component/rd_to_wr_cross_inst/primary_addr_gray_reg[8]_syn_5)
SYN-1001 : 	kept net: Sdram_Control_4Port/read_fifo1/dcfifo_component/rd_to_wr_cross_inst/primary_addr_gray_reg[7](Sdram_Control_4Port/read_fifo1/dcfifo_component/rd_to_wr_cross_inst/primary_addr_gray_reg[7]_syn_5)
SYN-1001 : 	kept net: Sdram_Control_4Port/read_fifo1/dcfifo_component/rd_to_wr_cross_inst/primary_addr_gray_reg[6](Sdram_Control_4Port/read_fifo1/dcfifo_component/rd_to_wr_cross_inst/primary_addr_gray_reg[6]_syn_5)
SYN-1001 : 	kept net: Sdram_Control_4Port/read_fifo1/dcfifo_component/rd_to_wr_cross_inst/primary_addr_gray_reg[5](Sdram_Control_4Port/read_fifo1/dcfifo_component/rd_to_wr_cross_inst/primary_addr_gray_reg[5]_syn_5)
SYN-1001 : 	kept net: Sdram_Control_4Port/read_fifo1/dcfifo_component/rd_to_wr_cross_inst/primary_addr_gray_reg[4](Sdram_Control_4Port/read_fifo1/dcfifo_component/rd_to_wr_cross_inst/primary_addr_gray_reg[4]_syn_5)
SYN-1001 : 	kept net: Sdram_Control_4Port/read_fifo1/dcfifo_component/rd_to_wr_cross_inst/primary_addr_gray_reg[3](Sdram_Control_4Port/read_fifo1/dcfifo_component/rd_to_wr_cross_inst/primary_addr_gray_reg[3]_syn_5)
SYN-1001 : 	kept net: Sdram_Control_4Port/read_fifo1/dcfifo_component/rd_to_wr_cross_inst/primary_addr_gray_reg[2](Sdram_Control_4Port/read_fifo1/dcfifo_component/rd_to_wr_cross_inst/primary_addr_gray_reg[2]_syn_5)
SYN-1001 : 	kept net: Sdram_Control_4Port/read_fifo1/dcfifo_component/rd_to_wr_cross_inst/primary_addr_gray_reg[1](Sdram_Control_4Port/read_fifo1/dcfifo_component/rd_to_wr_cross_inst/primary_addr_gray_reg[1]_syn_5)
SYN-1001 : 	kept net: Sdram_Control_4Port/read_fifo1/dcfifo_component/rd_to_wr_cross_inst/primary_addr_gray_reg[0](Sdram_Control_4Port/read_fifo1/dcfifo_component/rd_to_wr_cross_inst/primary_addr_gray_reg[0]_syn_5)
SYN-1001 : 	kept net: Sdram_Control_4Port/read_fifo1/dcfifo_component/rd_to_wr_cross_inst/sync_r1[9](Sdram_Control_4Port/read_fifo1/dcfifo_component/rd_to_wr_cross_inst/sync_r1[9]_syn_3)
SYN-1001 : 	kept net: Sdram_Control_4Port/read_fifo1/dcfifo_component/rd_to_wr_cross_inst/sync_r1[8](Sdram_Control_4Port/read_fifo1/dcfifo_component/rd_to_wr_cross_inst/sync_r1[8]_syn_3)
SYN-1001 : 	kept net: Sdram_Control_4Port/read_fifo1/dcfifo_component/rd_to_wr_cross_inst/sync_r1[7](Sdram_Control_4Port/read_fifo1/dcfifo_component/rd_to_wr_cross_inst/sync_r1[7]_syn_3)
SYN-1001 : 	kept net: Sdram_Control_4Port/read_fifo1/dcfifo_component/rd_to_wr_cross_inst/sync_r1[6](Sdram_Control_4Port/read_fifo1/dcfifo_component/rd_to_wr_cross_inst/sync_r1[6]_syn_3)
SYN-1001 : 	kept net: Sdram_Control_4Port/read_fifo1/dcfifo_component/rd_to_wr_cross_inst/sync_r1[5](Sdram_Control_4Port/read_fifo1/dcfifo_component/rd_to_wr_cross_inst/sync_r1[5]_syn_3)
SYN-1001 : 	kept net: Sdram_Control_4Port/read_fifo1/dcfifo_component/rd_to_wr_cross_inst/sync_r1[4](Sdram_Control_4Port/read_fifo1/dcfifo_component/rd_to_wr_cross_inst/sync_r1[4]_syn_3)
SYN-1001 : 	kept net: Sdram_Control_4Port/read_fifo1/dcfifo_component/rd_to_wr_cross_inst/sync_r1[3](Sdram_Control_4Port/read_fifo1/dcfifo_component/rd_to_wr_cross_inst/sync_r1[3]_syn_3)
SYN-1001 : 	kept net: Sdram_Control_4Port/read_fifo1/dcfifo_component/rd_to_wr_cross_inst/sync_r1[2](Sdram_Control_4Port/read_fifo1/dcfifo_component/rd_to_wr_cross_inst/sync_r1[2]_syn_3)
SYN-1001 : 	kept net: Sdram_Control_4Port/read_fifo1/dcfifo_component/rd_to_wr_cross_inst/sync_r1[1](Sdram_Control_4Port/read_fifo1/dcfifo_component/rd_to_wr_cross_inst/sync_r1[1]_syn_3)
SYN-1001 : 	kept net: Sdram_Control_4Port/read_fifo1/dcfifo_component/rd_to_wr_cross_inst/sync_r1[0](Sdram_Control_4Port/read_fifo1/dcfifo_component/rd_to_wr_cross_inst/sync_r1[0]_syn_3)
SYN-1001 : 	kept net: Sdram_Control_4Port/read_fifo1/dcfifo_component/wr_to_rd_cross_inst/primary_addr_gray_reg[9](Sdram_Control_4Port/read_fifo1/dcfifo_component/wr_to_rd_cross_inst/primary_addr_gray_reg[9]_syn_5)
SYN-1001 : 	kept net: Sdram_Control_4Port/read_fifo1/dcfifo_component/wr_to_rd_cross_inst/primary_addr_gray_reg[8](Sdram_Control_4Port/read_fifo1/dcfifo_component/wr_to_rd_cross_inst/primary_addr_gray_reg[8]_syn_5)
SYN-1001 : 	kept net: Sdram_Control_4Port/read_fifo1/dcfifo_component/wr_to_rd_cross_inst/primary_addr_gray_reg[7](Sdram_Control_4Port/read_fifo1/dcfifo_component/wr_to_rd_cross_inst/primary_addr_gray_reg[7]_syn_5)
SYN-1001 : 	kept net: Sdram_Control_4Port/read_fifo1/dcfifo_component/wr_to_rd_cross_inst/primary_addr_gray_reg[6](Sdram_Control_4Port/read_fifo1/dcfifo_component/wr_to_rd_cross_inst/primary_addr_gray_reg[6]_syn_5)
SYN-1001 : 	kept net: Sdram_Control_4Port/read_fifo1/dcfifo_component/wr_to_rd_cross_inst/primary_addr_gray_reg[5](Sdram_Control_4Port/read_fifo1/dcfifo_component/wr_to_rd_cross_inst/primary_addr_gray_reg[5]_syn_5)
SYN-1001 : 	kept net: Sdram_Control_4Port/read_fifo1/dcfifo_component/wr_to_rd_cross_inst/primary_addr_gray_reg[4](Sdram_Control_4Port/read_fifo1/dcfifo_component/wr_to_rd_cross_inst/primary_addr_gray_reg[4]_syn_5)
SYN-1001 : 	kept net: Sdram_Control_4Port/read_fifo1/dcfifo_component/wr_to_rd_cross_inst/primary_addr_gray_reg[3](Sdram_Control_4Port/read_fifo1/dcfifo_component/wr_to_rd_cross_inst/primary_addr_gray_reg[3]_syn_5)
SYN-1001 : 	kept net: Sdram_Control_4Port/read_fifo1/dcfifo_component/wr_to_rd_cross_inst/primary_addr_gray_reg[2](Sdram_Control_4Port/read_fifo1/dcfifo_component/wr_to_rd_cross_inst/primary_addr_gray_reg[2]_syn_5)
SYN-1001 : 	kept net: Sdram_Control_4Port/read_fifo1/dcfifo_component/wr_to_rd_cross_inst/primary_addr_gray_reg[1](Sdram_Control_4Port/read_fifo1/dcfifo_component/wr_to_rd_cross_inst/primary_addr_gray_reg[1]_syn_5)
SYN-1001 : 	kept net: Sdram_Control_4Port/read_fifo1/dcfifo_component/wr_to_rd_cross_inst/primary_addr_gray_reg[0](Sdram_Control_4Port/read_fifo1/dcfifo_component/wr_to_rd_cross_inst/primary_addr_gray_reg[0]_syn_5)
SYN-1001 : 	kept net: Sdram_Control_4Port/read_fifo1/dcfifo_component/wr_to_rd_cross_inst/sync_r1[9](Sdram_Control_4Port/read_fifo1/dcfifo_component/wr_to_rd_cross_inst/sync_r1[9]_syn_3)
SYN-1001 : 	kept net: Sdram_Control_4Port/read_fifo1/dcfifo_component/wr_to_rd_cross_inst/sync_r1[8](Sdram_Control_4Port/read_fifo1/dcfifo_component/wr_to_rd_cross_inst/sync_r1[8]_syn_3)
SYN-1001 : 	kept net: Sdram_Control_4Port/read_fifo1/dcfifo_component/wr_to_rd_cross_inst/sync_r1[7](Sdram_Control_4Port/read_fifo1/dcfifo_component/wr_to_rd_cross_inst/sync_r1[7]_syn_3)
SYN-1001 : 	kept net: Sdram_Control_4Port/read_fifo1/dcfifo_component/wr_to_rd_cross_inst/sync_r1[6](Sdram_Control_4Port/read_fifo1/dcfifo_component/wr_to_rd_cross_inst/sync_r1[6]_syn_3)
SYN-1001 : 	kept net: Sdram_Control_4Port/read_fifo1/dcfifo_component/wr_to_rd_cross_inst/sync_r1[5](Sdram_Control_4Port/read_fifo1/dcfifo_component/wr_to_rd_cross_inst/sync_r1[5]_syn_3)
SYN-1001 : 	kept net: Sdram_Control_4Port/read_fifo1/dcfifo_component/wr_to_rd_cross_inst/sync_r1[4](Sdram_Control_4Port/read_fifo1/dcfifo_component/wr_to_rd_cross_inst/sync_r1[4]_syn_3)
SYN-1001 : 	kept net: Sdram_Control_4Port/read_fifo1/dcfifo_component/wr_to_rd_cross_inst/sync_r1[3](Sdram_Control_4Port/read_fifo1/dcfifo_component/wr_to_rd_cross_inst/sync_r1[3]_syn_3)
SYN-1001 : 	kept net: Sdram_Control_4Port/read_fifo1/dcfifo_component/wr_to_rd_cross_inst/sync_r1[2](Sdram_Control_4Port/read_fifo1/dcfifo_component/wr_to_rd_cross_inst/sync_r1[2]_syn_3)
SYN-1001 : 	kept net: Sdram_Control_4Port/read_fifo1/dcfifo_component/wr_to_rd_cross_inst/sync_r1[1](Sdram_Control_4Port/read_fifo1/dcfifo_component/wr_to_rd_cross_inst/sync_r1[1]_syn_3)
SYN-1001 : 	kept net: Sdram_Control_4Port/read_fifo1/dcfifo_component/wr_to_rd_cross_inst/sync_r1[0](Sdram_Control_4Port/read_fifo1/dcfifo_component/wr_to_rd_cross_inst/sync_r1[0]_syn_3)
SYN-1001 : 	kept net: Sdram_Control_4Port/write_fifo1/dcfifo_component/rd_to_wr_cross_inst/primary_addr_gray_reg[9](Sdram_Control_4Port/write_fifo1/dcfifo_component/rd_to_wr_cross_inst/primary_addr_gray_reg[9]_syn_5)
SYN-1001 : 	kept net: Sdram_Control_4Port/write_fifo1/dcfifo_component/rd_to_wr_cross_inst/primary_addr_gray_reg[8](Sdram_Control_4Port/write_fifo1/dcfifo_component/rd_to_wr_cross_inst/primary_addr_gray_reg[8]_syn_5)
SYN-1001 : 	kept net: Sdram_Control_4Port/write_fifo1/dcfifo_component/rd_to_wr_cross_inst/primary_addr_gray_reg[7](Sdram_Control_4Port/write_fifo1/dcfifo_component/rd_to_wr_cross_inst/primary_addr_gray_reg[7]_syn_5)
SYN-1001 : 	kept net: Sdram_Control_4Port/write_fifo1/dcfifo_component/rd_to_wr_cross_inst/primary_addr_gray_reg[6](Sdram_Control_4Port/write_fifo1/dcfifo_component/rd_to_wr_cross_inst/primary_addr_gray_reg[6]_syn_5)
SYN-1001 : 	kept net: Sdram_Control_4Port/write_fifo1/dcfifo_component/rd_to_wr_cross_inst/primary_addr_gray_reg[5](Sdram_Control_4Port/write_fifo1/dcfifo_component/rd_to_wr_cross_inst/primary_addr_gray_reg[5]_syn_5)
SYN-1001 : 	kept net: Sdram_Control_4Port/write_fifo1/dcfifo_component/rd_to_wr_cross_inst/primary_addr_gray_reg[4](Sdram_Control_4Port/write_fifo1/dcfifo_component/rd_to_wr_cross_inst/primary_addr_gray_reg[4]_syn_5)
SYN-1001 : 	kept net: Sdram_Control_4Port/write_fifo1/dcfifo_component/rd_to_wr_cross_inst/primary_addr_gray_reg[3](Sdram_Control_4Port/write_fifo1/dcfifo_component/rd_to_wr_cross_inst/primary_addr_gray_reg[3]_syn_5)
SYN-1001 : 	kept net: Sdram_Control_4Port/write_fifo1/dcfifo_component/rd_to_wr_cross_inst/primary_addr_gray_reg[2](Sdram_Control_4Port/write_fifo1/dcfifo_component/rd_to_wr_cross_inst/primary_addr_gray_reg[2]_syn_5)
SYN-1001 : 	kept net: Sdram_Control_4Port/write_fifo1/dcfifo_component/rd_to_wr_cross_inst/primary_addr_gray_reg[1](Sdram_Control_4Port/write_fifo1/dcfifo_component/rd_to_wr_cross_inst/primary_addr_gray_reg[1]_syn_5)
SYN-1001 : 	kept net: Sdram_Control_4Port/write_fifo1/dcfifo_component/rd_to_wr_cross_inst/primary_addr_gray_reg[0](Sdram_Control_4Port/write_fifo1/dcfifo_component/rd_to_wr_cross_inst/primary_addr_gray_reg[0]_syn_5)
SYN-1001 : 	kept net: Sdram_Control_4Port/write_fifo1/dcfifo_component/rd_to_wr_cross_inst/sync_r1[9](Sdram_Control_4Port/write_fifo1/dcfifo_component/rd_to_wr_cross_inst/sync_r1[9]_syn_3)
SYN-1001 : 	kept net: Sdram_Control_4Port/write_fifo1/dcfifo_component/rd_to_wr_cross_inst/sync_r1[8](Sdram_Control_4Port/write_fifo1/dcfifo_component/rd_to_wr_cross_inst/sync_r1[8]_syn_3)
SYN-1001 : 	kept net: Sdram_Control_4Port/write_fifo1/dcfifo_component/rd_to_wr_cross_inst/sync_r1[7](Sdram_Control_4Port/write_fifo1/dcfifo_component/rd_to_wr_cross_inst/sync_r1[7]_syn_3)
SYN-1001 : 	kept net: Sdram_Control_4Port/write_fifo1/dcfifo_component/rd_to_wr_cross_inst/sync_r1[6](Sdram_Control_4Port/write_fifo1/dcfifo_component/rd_to_wr_cross_inst/sync_r1[6]_syn_3)
SYN-1001 : 	kept net: Sdram_Control_4Port/write_fifo1/dcfifo_component/rd_to_wr_cross_inst/sync_r1[5](Sdram_Control_4Port/write_fifo1/dcfifo_component/rd_to_wr_cross_inst/sync_r1[5]_syn_3)
SYN-1001 : 	kept net: Sdram_Control_4Port/write_fifo1/dcfifo_component/rd_to_wr_cross_inst/sync_r1[4](Sdram_Control_4Port/write_fifo1/dcfifo_component/rd_to_wr_cross_inst/sync_r1[4]_syn_3)
SYN-1001 : 	kept net: Sdram_Control_4Port/write_fifo1/dcfifo_component/rd_to_wr_cross_inst/sync_r1[3](Sdram_Control_4Port/write_fifo1/dcfifo_component/rd_to_wr_cross_inst/sync_r1[3]_syn_3)
SYN-1001 : 	kept net: Sdram_Control_4Port/write_fifo1/dcfifo_component/rd_to_wr_cross_inst/sync_r1[2](Sdram_Control_4Port/write_fifo1/dcfifo_component/rd_to_wr_cross_inst/sync_r1[2]_syn_3)
SYN-1001 : 	kept net: Sdram_Control_4Port/write_fifo1/dcfifo_component/rd_to_wr_cross_inst/sync_r1[1](Sdram_Control_4Port/write_fifo1/dcfifo_component/rd_to_wr_cross_inst/sync_r1[1]_syn_3)
SYN-1001 : 	kept net: Sdram_Control_4Port/write_fifo1/dcfifo_component/rd_to_wr_cross_inst/sync_r1[0](Sdram_Control_4Port/write_fifo1/dcfifo_component/rd_to_wr_cross_inst/sync_r1[0]_syn_3)
SYN-1001 : 	kept net: Sdram_Control_4Port/write_fifo1/dcfifo_component/wr_to_rd_cross_inst/primary_addr_gray_reg[9](Sdram_Control_4Port/write_fifo1/dcfifo_component/wr_to_rd_cross_inst/primary_addr_gray_reg[9]_syn_5)
SYN-1001 : 	kept net: Sdram_Control_4Port/write_fifo1/dcfifo_component/wr_to_rd_cross_inst/primary_addr_gray_reg[8](Sdram_Control_4Port/write_fifo1/dcfifo_component/wr_to_rd_cross_inst/primary_addr_gray_reg[8]_syn_5)
SYN-1001 : 	kept net: Sdram_Control_4Port/write_fifo1/dcfifo_component/wr_to_rd_cross_inst/primary_addr_gray_reg[7](Sdram_Control_4Port/write_fifo1/dcfifo_component/wr_to_rd_cross_inst/primary_addr_gray_reg[7]_syn_5)
SYN-1001 : 	kept net: Sdram_Control_4Port/write_fifo1/dcfifo_component/wr_to_rd_cross_inst/primary_addr_gray_reg[6](Sdram_Control_4Port/write_fifo1/dcfifo_component/wr_to_rd_cross_inst/primary_addr_gray_reg[6]_syn_5)
SYN-1001 : 	kept net: Sdram_Control_4Port/write_fifo1/dcfifo_component/wr_to_rd_cross_inst/primary_addr_gray_reg[5](Sdram_Control_4Port/write_fifo1/dcfifo_component/wr_to_rd_cross_inst/primary_addr_gray_reg[5]_syn_5)
SYN-1001 : 	kept net: Sdram_Control_4Port/write_fifo1/dcfifo_component/wr_to_rd_cross_inst/primary_addr_gray_reg[4](Sdram_Control_4Port/write_fifo1/dcfifo_component/wr_to_rd_cross_inst/primary_addr_gray_reg[4]_syn_5)
SYN-1001 : 	kept net: Sdram_Control_4Port/write_fifo1/dcfifo_component/wr_to_rd_cross_inst/primary_addr_gray_reg[3](Sdram_Control_4Port/write_fifo1/dcfifo_component/wr_to_rd_cross_inst/primary_addr_gray_reg[3]_syn_5)
SYN-1001 : 	kept net: Sdram_Control_4Port/write_fifo1/dcfifo_component/wr_to_rd_cross_inst/primary_addr_gray_reg[2](Sdram_Control_4Port/write_fifo1/dcfifo_component/wr_to_rd_cross_inst/primary_addr_gray_reg[2]_syn_5)
SYN-1001 : 	kept net: Sdram_Control_4Port/write_fifo1/dcfifo_component/wr_to_rd_cross_inst/primary_addr_gray_reg[1](Sdram_Control_4Port/write_fifo1/dcfifo_component/wr_to_rd_cross_inst/primary_addr_gray_reg[1]_syn_5)
SYN-1001 : 	kept net: Sdram_Control_4Port/write_fifo1/dcfifo_component/wr_to_rd_cross_inst/primary_addr_gray_reg[0](Sdram_Control_4Port/write_fifo1/dcfifo_component/wr_to_rd_cross_inst/primary_addr_gray_reg[0]_syn_5)
SYN-1001 : 	kept net: Sdram_Control_4Port/write_fifo1/dcfifo_component/wr_to_rd_cross_inst/sync_r1[9](Sdram_Control_4Port/write_fifo1/dcfifo_component/wr_to_rd_cross_inst/sync_r1[9]_syn_3)
SYN-1001 : 	kept net: Sdram_Control_4Port/write_fifo1/dcfifo_component/wr_to_rd_cross_inst/sync_r1[8](Sdram_Control_4Port/write_fifo1/dcfifo_component/wr_to_rd_cross_inst/sync_r1[8]_syn_3)
SYN-1001 : 	kept net: Sdram_Control_4Port/write_fifo1/dcfifo_component/wr_to_rd_cross_inst/sync_r1[7](Sdram_Control_4Port/write_fifo1/dcfifo_component/wr_to_rd_cross_inst/sync_r1[7]_syn_3)
SYN-1001 : 	kept net: Sdram_Control_4Port/write_fifo1/dcfifo_component/wr_to_rd_cross_inst/sync_r1[6](Sdram_Control_4Port/write_fifo1/dcfifo_component/wr_to_rd_cross_inst/sync_r1[6]_syn_3)
SYN-1001 : 	kept net: Sdram_Control_4Port/write_fifo1/dcfifo_component/wr_to_rd_cross_inst/sync_r1[5](Sdram_Control_4Port/write_fifo1/dcfifo_component/wr_to_rd_cross_inst/sync_r1[5]_syn_3)
SYN-1001 : 	kept net: Sdram_Control_4Port/write_fifo1/dcfifo_component/wr_to_rd_cross_inst/sync_r1[4](Sdram_Control_4Port/write_fifo1/dcfifo_component/wr_to_rd_cross_inst/sync_r1[4]_syn_3)
SYN-1001 : 	kept net: Sdram_Control_4Port/write_fifo1/dcfifo_component/wr_to_rd_cross_inst/sync_r1[3](Sdram_Control_4Port/write_fifo1/dcfifo_component/wr_to_rd_cross_inst/sync_r1[3]_syn_3)
SYN-1001 : 	kept net: Sdram_Control_4Port/write_fifo1/dcfifo_component/wr_to_rd_cross_inst/sync_r1[2](Sdram_Control_4Port/write_fifo1/dcfifo_component/wr_to_rd_cross_inst/sync_r1[2]_syn_3)
SYN-1001 : 	kept net: Sdram_Control_4Port/write_fifo1/dcfifo_component/wr_to_rd_cross_inst/sync_r1[1](Sdram_Control_4Port/write_fifo1/dcfifo_component/wr_to_rd_cross_inst/sync_r1[1]_syn_3)
SYN-1001 : 	kept net: Sdram_Control_4Port/write_fifo1/dcfifo_component/wr_to_rd_cross_inst/sync_r1[0](Sdram_Control_4Port/write_fifo1/dcfifo_component/wr_to_rd_cross_inst/sync_r1[0]_syn_3)
RUN-1104 : Import SDC file  finished, there are 80 nets kept by constraints.
RUN-1002 : start command "place"
RUN-1001 : Open license file C:/Anlogic/TD5.6.59063/license/Anlogic.lic
RUN-1001 : Print Global Property
RUN-1001 : ---------------------------------------------------------------
RUN-1001 :        Parameters        |  Settings  |  Default Values  |  Note  
RUN-1001 : ---------------------------------------------------------------
RUN-1001 :          message         |  standard  |     standard     |        
RUN-1001 :   mixed_pack_place_flow  |     on     |        on        |        
RUN-1001 :        qor_monitor       |    off     |       off        |        
RUN-1001 :        syn_ip_flow       |    off     |       off        |        
RUN-1001 :          thread          |    auto    |       auto       |        
RUN-1001 : ---------------------------------------------------------------
RUN-1001 : Print Place Property
RUN-1001 : --------------------------------------------------------------
RUN-1001 :        Parameters       |  Settings  |  Default Values  |  Note  
RUN-1001 : --------------------------------------------------------------
RUN-1001 :      detailed_place     |     on     |        on        |        
RUN-1001 :          effort         |   medium   |      medium      |        
RUN-1001 :         fix_hold        |    off     |       off        |        
RUN-1001 :       legalization      |    ori     |       ori        |        
RUN-1001 :      new_spreading      |     on     |        on        |        
RUN-1001 :        opt_timing       |   medium   |      medium      |        
RUN-1001 :   post_clock_route_opt  |    off     |       off        |        
RUN-1001 :       pr_strategy       |     1      |        1         |        
RUN-1001 :        relaxation       |    1.00    |       1.00       |        
RUN-1001 :         retiming        |    off     |       off        |        
RUN-1001 : --------------------------------------------------------------
PHY-3001 : Placer runs in 16 thread(s).
RUN-1002 : start command "legalize_phy_inst"
SYN-1011 : Flatten model test_camera
RUN-1002 : start command "phys_opt -simplify_lut"
SYN-4016 : Net Sdram_Control_4Port/CTRL_CLK driven by BUFG (294 clock/control pins, 1 other pins).
SYN-4027 : Net Sdram_Control_4Port/SDRAM_CLK is clkc1 of pll u_pll/pll_inst.
SYN-4027 : Net vga_clk_dup_1 is clkc2 of pll u_pll/pll_inst.
SYN-4027 : Net clk_cam is clkc3 of pll u_pll/pll_inst.
SYN-4027 : Net u_camera_init/u_i2c_write/clk is clkc4 of pll u_pll/pll_inst.
SYN-4019 : Net clk_24m_dup_1 is refclk of pll u_pll/pll_inst.
SYN-4020 : Net clk_24m_dup_1 is fbclk of pll u_pll/pll_inst.
SYN-4024 : Net "cam_pclk_dup_1" drives clk pins.
SYN-4024 : Net "u_camera_init/divider2[8]" drives clk pins.
SYN-4024 : Net "u_camera_init/divider2[7]" drives clk pins.
SYN-4025 : Tag rtl::Net Sdram_Control_4Port/CTRL_CLK as clock net
SYN-4025 : Tag rtl::Net Sdram_Control_4Port/SDRAM_CLK as clock net
SYN-4025 : Tag rtl::Net cam_pclk_dup_1 as clock net
SYN-4025 : Tag rtl::Net clk_24m_dup_1 as clock net
SYN-4025 : Tag rtl::Net clk_cam as clock net
SYN-4025 : Tag rtl::Net u_camera_init/divider2[7] as clock net
SYN-4025 : Tag rtl::Net u_camera_init/divider2[8] as clock net
SYN-4025 : Tag rtl::Net u_camera_init/u_i2c_write/clk as clock net
SYN-4025 : Tag rtl::Net vga_clk_dup_1 as clock net
SYN-4026 : Tagged 9 rtl::Net as clock net
SYN-4015 : Create BUFG instance for clk Net u_camera_init/divider2[8] to drive 28 clock pins.
SYN-4015 : Create BUFG instance for clk Net u_camera_init/divider2[7] to drive 18 clock pins.
PHY-1001 : Populate physical database on model test_camera.
RUN-1001 : There are total 1632 instances
RUN-0007 : 848 luts, 514 seqs, 103 mslices, 58 lslices, 100 pads, 2 brams, 0 dsps
RUN-1001 : There are total 1830 nets
RUN-1001 : 1294 nets have 2 pins
RUN-1001 : 344 nets have [3 - 5] pins
RUN-1001 : 116 nets have [6 - 10] pins
RUN-1001 : 47 nets have [11 - 20] pins
RUN-1001 : 24 nets have [21 - 99] pins
RUN-1001 : 5 nets have 100+ pins
RUN-1001 : Report Control nets information:
RUN-1001 : DFF Distribution
RUN-1001 : ----------------------------------
RUN-1001 :   CE   |  SSR  |  ASR  |  DFF Count  
RUN-1001 : ----------------------------------
RUN-1001 :   No   |  No   |  No   |     52      
RUN-1001 :   No   |  No   |  Yes  |     322     
RUN-1001 :   No   |  Yes  |  No   |     34      
RUN-1001 :   Yes  |  No   |  No   |      0      
RUN-1001 :   Yes  |  No   |  Yes  |     82      
RUN-1001 :   Yes  |  Yes  |  No   |     24      
RUN-1001 : ----------------------------------
RUN-0007 : Control Group Statistic
RUN-0007 : ---------------------------
RUN-0007 :   #CLK  |  #CE  |  #SSR/ASR  
RUN-0007 : ---------------------------
RUN-0007 :    8    |  12   |     6      
RUN-0007 : ---------------------------
RUN-0007 : Control Set = 26
PHY-3001 : Initial placement ...
PHY-3001 : design contains 1630 instances, 848 luts, 514 seqs, 161 slices, 33 macros(161 instances: 103 mslices 58 lslices)
PHY-0007 : Cell area utilization is 5%
PHY-3001 : Start timing update ...
RUN-1002 : start command "start_timer -report"
TMR-2505 : Start building timing graph for model test_camera.
TMR-2506 : Build timing graph completely. Port num: 19, tpin num: 7117, tnet num: 1828, tinst num: 1630, tnode num: 8766, tedge num: 11181.
TMR-2508 : Levelizing timing graph completed, there are 27 levels in total.
TMR-2501 : Timing graph initialized successfully.
TMR-2503 : Start to update net delay, extr mode = 2.
TMR-2504 : Update delay of 1828 nets completely.
TMR-2502 : Annotate delay completely, extr mode = 2.
TMR-3001 : Initiate 0 clocks from SDC.
TMR-3004 : Map sdc constraints, there are 2 constraints in total.
TMR-3003 : Constraints initiated successfully.
TMR-3501 : Forward propagation: start to calculate arrival time...
TMR-3502 : Backward propagation: start to calculate required time...
TMR-3503 : Timing propagation completes.
PHY-3001 : End timing update;  0.649884s wall, 0.640625s user + 0.015625s system = 0.656250s CPU (101.0%)

PHY-3001 : Global placement ...
PHY-3001 : Initial: Len = 390823
PHY-3001 : Clustering ...
PHY-3001 : Level 0 #clusters 1630.
PHY-3001 : End clustering;  0.000012s wall, 0.000000s user + 0.000000s system = 0.000000s CPU (n/a%)

PHY-3001 : Run with size of 4
PHY-3001 : Cell area utilization is 5%
PHY-3001 : :::0::: Try harder cell spreading with beta_ = 0
PHY-3002 : Step(1): len = 329918, overlap = 9
PHY-3002 : Step(2): len = 262511, overlap = 9
PHY-3002 : Step(3): len = 216450, overlap = 9
PHY-3002 : Step(4): len = 179935, overlap = 9
PHY-3002 : Step(5): len = 160563, overlap = 9
PHY-3002 : Step(6): len = 143485, overlap = 9
PHY-3002 : Step(7): len = 125214, overlap = 9
PHY-3002 : Step(8): len = 110662, overlap = 9
PHY-3002 : Step(9): len = 100176, overlap = 9
PHY-3002 : Step(10): len = 91743.8, overlap = 9
PHY-3002 : Step(11): len = 85426, overlap = 9.5
PHY-3002 : Step(12): len = 80388, overlap = 11.1875
PHY-3002 : Step(13): len = 75417.7, overlap = 13.375
PHY-3002 : Step(14): len = 73491.9, overlap = 15.2188
PHY-3002 : Step(15): len = 69563.1, overlap = 15.25
PHY-3002 : Step(16): len = 65757.8, overlap = 15.5938
PHY-3002 : Step(17): len = 63692.2, overlap = 15
PHY-3002 : Step(18): len = 61041.1, overlap = 14.3125
PHY-3002 : Step(19): len = 58565.2, overlap = 14.0625
PHY-3002 : Step(20): len = 57386.2, overlap = 14.0938
PHY-3001 : :::1::: Try harder cell spreading with beta_ = 0.000173777
PHY-3002 : Step(21): len = 64320.8, overlap = 14.0938
PHY-3002 : Step(22): len = 64566.5, overlap = 14.1562
PHY-3002 : Step(23): len = 64602.7, overlap = 14.0625
PHY-3001 : :::2::: Try harder cell spreading with beta_ = 0.000347553
PHY-3002 : Step(24): len = 64793.9, overlap = 14.0625
PHY-3002 : Step(25): len = 64716.3, overlap = 13.875
PHY-3002 : Step(26): len = 61558.1, overlap = 13.875
PHY-3002 : Step(27): len = 61469.3, overlap = 13.75
PHY-3002 : Step(28): len = 61885.2, overlap = 13.75
PHY-3002 : Step(29): len = 61911.3, overlap = 13.625
PHY-3002 : Step(30): len = 61892.3, overlap = 13.625
PHY-3001 : :::3::: Try harder cell spreading with beta_ = 0.000695107
PHY-3002 : Step(31): len = 61878.8, overlap = 13.6875
PHY-3002 : Step(32): len = 61803.7, overlap = 13.375
PHY-3001 : :::4::: Try harder cell spreading with beta_ = 0.00139021
PHY-3002 : Step(33): len = 61880.9, overlap = 8.875
PHY-3002 : Step(34): len = 61852.7, overlap = 8.875
PHY-3001 : Legalization ...
PHY-3001 : End legalization;  0.008498s wall, 0.000000s user + 0.000000s system = 0.000000s CPU (n/a%)

PHY-3001 : Run with size of 4
PHY-3001 : Cell area utilization is 7%
PHY-3001 : Update timing in Manhattan mode ...
TMR-2503 : Start to update net delay, extr mode = 3.
TMR-2504 : Update delay of 1828 nets completely.
TMR-2502 : Annotate delay completely, extr mode = 3.
TMR-3501 : Forward propagation: start to calculate arrival time...
TMR-3502 : Backward propagation: start to calculate required time...
TMR-3503 : Timing propagation completes.
PHY-3001 : End timing update;  0.030688s wall, 0.031250s user + 0.000000s system = 0.031250s CPU (101.8%)

PHY-3001 : :::0::: Try harder cell spreading with beta_ = 9.70524e-05
PHY-3002 : Step(35): len = 69322.9, overlap = 15.25
PHY-3002 : Step(36): len = 69994.3, overlap = 15.25
PHY-3002 : Step(37): len = 66448.8, overlap = 14.1875
PHY-3002 : Step(38): len = 66129.2, overlap = 14.0938
PHY-3002 : Step(39): len = 65265.5, overlap = 13.6875
PHY-3002 : Step(40): len = 65038.1, overlap = 13.3438
PHY-3002 : Step(41): len = 64889.9, overlap = 13.0312
PHY-3001 : :::1::: Try harder cell spreading with beta_ = 0.000194105
PHY-3002 : Step(42): len = 63979.8, overlap = 12.6875
PHY-3002 : Step(43): len = 63928.6, overlap = 12.5938
PHY-3002 : Step(44): len = 63813.4, overlap = 12.5938
PHY-3001 : :::2::: Try harder cell spreading with beta_ = 0.00038821
PHY-3002 : Step(45): len = 63676.1, overlap = 12.75
PHY-3002 : Step(46): len = 63716.6, overlap = 12.75
PHY-3002 : Step(47): len = 63788.6, overlap = 12.5
PHY-3001 : Run with size of 2
PHY-3001 : Cell area utilization is 7%
PHY-3001 : Update timing in Manhattan mode ...
TMR-2503 : Start to update net delay, extr mode = 3.
TMR-2504 : Update delay of 1828 nets completely.
TMR-2502 : Annotate delay completely, extr mode = 3.
TMR-3501 : Forward propagation: start to calculate arrival time...
TMR-3502 : Backward propagation: start to calculate required time...
TMR-3503 : Timing propagation completes.
PHY-3001 : End timing update;  0.030200s wall, 0.031250s user + 0.000000s system = 0.031250s CPU (103.5%)

PHY-3001 : :::0::: Try harder cell spreading with beta_ = 3.64855e-05
PHY-3002 : Step(48): len = 63728.3, overlap = 45.75
PHY-3002 : Step(49): len = 63935, overlap = 44.5312
PHY-3002 : Step(50): len = 65319.5, overlap = 33
PHY-3002 : Step(51): len = 65593.3, overlap = 31.0625
PHY-3002 : Step(52): len = 65307.5, overlap = 31.9375
PHY-3002 : Step(53): len = 65417.2, overlap = 32.0938
PHY-3002 : Step(54): len = 64838.8, overlap = 30.5
PHY-3002 : Step(55): len = 64785.2, overlap = 30.2188
PHY-3002 : Step(56): len = 64131.4, overlap = 29.7188
PHY-3002 : Step(57): len = 63984.9, overlap = 33.4688
PHY-3002 : Step(58): len = 62344, overlap = 36.5
PHY-3002 : Step(59): len = 62206.9, overlap = 36.4375
PHY-3002 : Step(60): len = 61689.6, overlap = 37.3125
PHY-3002 : Step(61): len = 61593.3, overlap = 36.5
PHY-3002 : Step(62): len = 61268.7, overlap = 34.4688
PHY-3002 : Step(63): len = 61064.5, overlap = 33.75
PHY-3002 : Step(64): len = 60535.8, overlap = 34
PHY-3002 : Step(65): len = 60102.1, overlap = 34
PHY-3002 : Step(66): len = 59993.8, overlap = 32.9375
PHY-3002 : Step(67): len = 59448.2, overlap = 40.625
PHY-3002 : Step(68): len = 58274.1, overlap = 45.2188
PHY-3002 : Step(69): len = 57954, overlap = 41.0625
PHY-3002 : Step(70): len = 57186.1, overlap = 39.625
PHY-3002 : Step(71): len = 56910.8, overlap = 40.25
PHY-3002 : Step(72): len = 56416.7, overlap = 39.4688
PHY-3001 : :::1::: Try harder cell spreading with beta_ = 7.2971e-05
PHY-3002 : Step(73): len = 56395, overlap = 38.5625
PHY-3002 : Step(74): len = 56434, overlap = 38.6562
PHY-3002 : Step(75): len = 56467.4, overlap = 38.5938
PHY-3001 : :::2::: Try harder cell spreading with beta_ = 0.000145942
PHY-3002 : Step(76): len = 57179.6, overlap = 37.375
PHY-3002 : Step(77): len = 57317.5, overlap = 37.5625
PHY-3002 : Step(78): len = 57733.2, overlap = 35.7812
PHY-3002 : Step(79): len = 57765.9, overlap = 34.1875
PHY-3002 : Step(80): len = 57765.9, overlap = 34.1875
PHY-3001 : :::3::: Try harder cell spreading with beta_ = 0.000291884
PHY-3002 : Step(81): len = 57588.7, overlap = 33.75
PHY-3002 : Step(82): len = 57588.7, overlap = 33.75
PHY-3001 : :::4::: Try harder cell spreading with beta_ = 0.000583768
PHY-3002 : Step(83): len = 58033.6, overlap = 33.5312
PHY-3002 : Step(84): len = 58099.6, overlap = 32.5
OPT-1001 : Start physical optimization ...
RUN-1002 : start command "start_timer -report"
TMR-2505 : Start building timing graph for model test_camera.
TMR-2506 : Build timing graph completely. Port num: 19, tpin num: 7117, tnet num: 1828, tinst num: 1630, tnode num: 8766, tedge num: 11181.
TMR-2508 : Levelizing timing graph completed, there are 27 levels in total.
TMR-2501 : Timing graph initialized successfully.
OPT-1001 : Total overflow 74.81 peak overflow 4.25
OPT-1001 : Start high-fanout net optimization ...
OPT-1001 : Update timing in global mode
PHY-1001 : Start incremental global routing, caller is place ...
RUN-1001 : Generating global routing grids ...
RUN-1001 : Building simple global routing graph ...
PHY-1001 : Generate routing nets ...
PHY-1001 : Reuse net number 0/1830.
PHY-1001 : Global iterations in 16 thread ...
PHY-1002 : len = 64232, over cnt = 180(0%), over = 630, worst = 16
PHY-1001 : End global iterations;  0.122066s wall, 0.125000s user + 0.062500s system = 0.187500s CPU (153.6%)

PHY-1001 : Congestion index: top1 = 33.43, top5 = 20.61, top10 = 13.93, top15 = 10.49.
PHY-1001 : End incremental global routing;  0.183079s wall, 0.187500s user + 0.062500s system = 0.250000s CPU (136.6%)

TMR-2503 : Start to update net delay, extr mode = 5.
TMR-2504 : Update delay of 1828 nets completely.
TMR-2502 : Annotate delay completely, extr mode = 5.
TMR-3001 : Initiate 0 clocks from SDC.
TMR-3004 : Map sdc constraints, there are 2 constraints in total.
TMR-3003 : Constraints initiated successfully.
TMR-3501 : Forward propagation: start to calculate arrival time...
TMR-3502 : Backward propagation: start to calculate required time...
TMR-3503 : Timing propagation completes.
OPT-1001 : End timing update;  0.040232s wall, 0.031250s user + 0.000000s system = 0.031250s CPU (77.7%)

OPT-1001 : 0 high-fanout net processed.
OPT-1001 : End high-fanout net optimization;  0.252839s wall, 0.250000s user + 0.062500s system = 0.312500s CPU (123.6%)

OPT-1001 : Current memory(MB): used = 179, reserve = 153, peak = 179.
OPT-1001 : Start global optimization ...
OPT-1001 : Start congestion update ...
RUN-1001 : Generating global routing grids ...
PHY-1001 : Generate routing nets ...
PHY-1001 : Reuse net number 1244/1830.
PHY-1001 : Global iterations in 16 thread ...
PHY-1002 : len = 64232, over cnt = 180(0%), over = 630, worst = 16
PHY-1002 : len = 69432, over cnt = 70(0%), over = 118, worst = 8
PHY-1002 : len = 70232, over cnt = 9(0%), over = 9, worst = 1
PHY-1002 : len = 70232, over cnt = 6(0%), over = 6, worst = 1
PHY-1002 : len = 70304, over cnt = 0(0%), over = 0, worst = 0
PHY-1001 : End global iterations;  0.128786s wall, 0.140625s user + 0.000000s system = 0.140625s CPU (109.2%)

PHY-1001 : Congestion index: top1 = 30.50, top5 = 20.24, top10 = 14.39, top15 = 11.04.
OPT-1001 : End congestion update;  0.183165s wall, 0.203125s user + 0.000000s system = 0.203125s CPU (110.9%)

OPT-1001 : Update timing in Manhattan mode
TMR-2503 : Start to update net delay, extr mode = 3.
TMR-2504 : Update delay of 1828 nets completely.
TMR-2502 : Annotate delay completely, extr mode = 3.
TMR-3501 : Forward propagation: start to calculate arrival time...
TMR-3502 : Backward propagation: start to calculate required time...
TMR-3503 : Timing propagation completes.
OPT-1001 : End timing update;  0.029082s wall, 0.031250s user + 0.000000s system = 0.031250s CPU (107.5%)

OPT-0007 : Start: WNS 4470 TNS 0 NUM_FEPS 0
OPT-1001 : End global optimization;  0.212368s wall, 0.234375s user + 0.000000s system = 0.234375s CPU (110.4%)

OPT-1001 : Current memory(MB): used = 181, reserve = 156, peak = 181.
OPT-1001 : End physical optimization;  1.110203s wall, 1.125000s user + 0.062500s system = 1.187500s CPU (107.0%)

PHY-3001 : Start packing ...
SYN-4007 : Packing 0 MUX to BLE ...
SYN-4008 : Packed 0 MUX and 0 SEQ to BLE.
SYN-4007 : Packing 848 LUT to BLE ...
SYN-4008 : Packed 848 LUT and 287 SEQ to BLE.
SYN-4003 : Packing 227 remaining SEQ's ...
SYN-4005 : Packed 125 SEQ with LUT/SLICE
SYN-4006 : 458 single LUT's are left
SYN-4006 : 102 single SEQ's are left
SYN-4011 : Packing model "test_camera" (AL_USER_NORMAL) with 950/1380 primitive instances ...
PHY-3001 : End packing;  0.065496s wall, 0.078125s user + 0.000000s system = 0.078125s CPU (119.3%)

PHY-1001 : Populate physical database on model test_camera.
RUN-1001 : There are total 800 instances
RUN-1001 : 346 mslices, 345 lslices, 100 pads, 2 brams, 0 dsps
RUN-1001 : There are total 1579 nets
RUN-1001 : 1043 nets have 2 pins
RUN-1001 : 339 nets have [3 - 5] pins
RUN-1001 : 126 nets have [6 - 10] pins
RUN-1001 : 40 nets have [11 - 20] pins
RUN-1001 : 26 nets have [21 - 99] pins
RUN-1001 : 5 nets have 100+ pins
PHY-3001 : design contains 798 instances, 691 slices, 33 macros(161 instances: 103 mslices 58 lslices)
PHY-3001 : Cell area utilization is 9%
PHY-3001 : After packing: Len = 58973.6, Over = 46.25
PHY-3001 : Run with size of 2
PHY-3001 : Cell area utilization is 9%
PHY-3001 : Update timing in Manhattan mode ...
RUN-1002 : start command "start_timer -report"
TMR-2505 : Start building timing graph for model test_camera.
TMR-2506 : Build timing graph completely. Port num: 19, tpin num: 6360, tnet num: 1577, tinst num: 798, tnode num: 7566, tedge num: 10450.
TMR-2508 : Levelizing timing graph completed, there are 27 levels in total.
TMR-2501 : Timing graph initialized successfully.
TMR-2503 : Start to update net delay, extr mode = 3.
TMR-2504 : Update delay of 1577 nets completely.
TMR-2502 : Annotate delay completely, extr mode = 3.
TMR-3001 : Initiate 0 clocks from SDC.
TMR-3004 : Map sdc constraints, there are 2 constraints in total.
TMR-3003 : Constraints initiated successfully.
TMR-3501 : Forward propagation: start to calculate arrival time...
TMR-3502 : Backward propagation: start to calculate required time...
TMR-3503 : Timing propagation completes.
PHY-3001 : End timing update;  0.689465s wall, 0.703125s user + 0.000000s system = 0.703125s CPU (102.0%)

PHY-3001 : :::0::: Try harder cell spreading with beta_ = 5.51198e-05
PHY-3002 : Step(85): len = 58450.4, overlap = 47.5
PHY-3002 : Step(86): len = 58096.7, overlap = 47.25
PHY-3002 : Step(87): len = 57990.7, overlap = 48
PHY-3002 : Step(88): len = 57571.1, overlap = 47.25
PHY-3002 : Step(89): len = 57509.7, overlap = 47.75
PHY-3002 : Step(90): len = 57433.9, overlap = 48.75
PHY-3001 : :::1::: Try harder cell spreading with beta_ = 0.00011024
PHY-3002 : Step(91): len = 58078.7, overlap = 46.75
PHY-3002 : Step(92): len = 58396.8, overlap = 47.5
PHY-3002 : Step(93): len = 58882.3, overlap = 45.25
PHY-3001 : :::2::: Try harder cell spreading with beta_ = 0.000220479
PHY-3002 : Step(94): len = 59170.9, overlap = 42.75
PHY-3002 : Step(95): len = 59211.4, overlap = 42
PHY-3001 : Legalization ...
PHY-3001 : End legalization;  0.151499s wall, 0.093750s user + 0.203125s system = 0.296875s CPU (196.0%)

PHY-3001 : Trial Legalized: Len = 72002.6
PHY-3001 : Run with size of 2
PHY-3001 : Cell area utilization is 9%
PHY-3001 : Update timing in Manhattan mode ...
TMR-2503 : Start to update net delay, extr mode = 3.
TMR-2504 : Update delay of 1577 nets completely.
TMR-2502 : Annotate delay completely, extr mode = 3.
TMR-3501 : Forward propagation: start to calculate arrival time...
TMR-3502 : Backward propagation: start to calculate required time...
TMR-3503 : Timing propagation completes.
PHY-3001 : End timing update;  0.027092s wall, 0.015625s user + 0.000000s system = 0.015625s CPU (57.7%)

PHY-3001 : :::0::: Try harder cell spreading with beta_ = 0.00112495
PHY-3002 : Step(96): len = 69334.2, overlap = 3.25
PHY-3002 : Step(97): len = 66439.6, overlap = 7.25
PHY-3002 : Step(98): len = 64186, overlap = 16
PHY-3002 : Step(99): len = 62971.3, overlap = 18.5
PHY-3002 : Step(100): len = 62271.9, overlap = 20
PHY-3002 : Step(101): len = 61879.4, overlap = 23.5
PHY-3002 : Step(102): len = 61575.1, overlap = 24.75
PHY-3001 : :::1::: Try harder cell spreading with beta_ = 0.00224989
PHY-3002 : Step(103): len = 61503.5, overlap = 24.5
PHY-3002 : Step(104): len = 61421.3, overlap = 24.75
PHY-3001 : :::2::: Try harder cell spreading with beta_ = 0.00449979
PHY-3002 : Step(105): len = 61433.7, overlap = 25
PHY-3002 : Step(106): len = 61405.9, overlap = 25
PHY-3001 : Legalization ...
PHY-3001 : End legalization;  0.005649s wall, 0.015625s user + 0.000000s system = 0.015625s CPU (276.6%)

PHY-3001 : Legalized: Len = 66434.4, Over = 0
PHY-3001 : Spreading special nets. 4 overflows in 2952 tiles.
PHY-3001 : End spreading;  0.005960s wall, 0.000000s user + 0.000000s system = 0.000000s CPU (n/a%)

PHY-3001 : 7 instances has been re-located, deltaX = 0, deltaY = 7, maxDist = 1.
PHY-3001 : Final: Len = 66622.4, Over = 0
OPT-1001 : Start physical optimization ...
RUN-1002 : start command "start_timer -report"
TMR-2505 : Start building timing graph for model test_camera.
TMR-2506 : Build timing graph completely. Port num: 19, tpin num: 6360, tnet num: 1577, tinst num: 798, tnode num: 7566, tedge num: 10450.
TMR-2508 : Levelizing timing graph completed, there are 27 levels in total.
TMR-2501 : Timing graph initialized successfully.
OPT-1001 : Total overflow 0.00 peak overflow 0.00
OPT-1001 : Start high-fanout net optimization ...
OPT-1001 : Update timing in global mode
PHY-1001 : Start incremental global routing, caller is place ...
RUN-1001 : Generating global routing grids ...
PHY-1001 : Generate routing nets ...
PHY-1001 : Reuse net number 93/1579.
PHY-1001 : Global iterations in 16 thread ...
PHY-1002 : len = 76320, over cnt = 171(0%), over = 249, worst = 6
PHY-1002 : len = 77744, over cnt = 39(0%), over = 51, worst = 3
PHY-1002 : len = 78504, over cnt = 1(0%), over = 1, worst = 1
PHY-1002 : len = 78520, over cnt = 0(0%), over = 0, worst = 0
PHY-1001 : End global iterations;  0.189663s wall, 0.203125s user + 0.062500s system = 0.265625s CPU (140.1%)

PHY-1001 : Congestion index: top1 = 28.71, top5 = 21.06, top10 = 16.08, top15 = 12.60.
PHY-1001 : End incremental global routing;  0.258811s wall, 0.265625s user + 0.062500s system = 0.328125s CPU (126.8%)

TMR-2503 : Start to update net delay, extr mode = 5.
TMR-2504 : Update delay of 1577 nets completely.
TMR-2502 : Annotate delay completely, extr mode = 5.
TMR-3001 : Initiate 0 clocks from SDC.
TMR-3004 : Map sdc constraints, there are 2 constraints in total.
TMR-3003 : Constraints initiated successfully.
TMR-3501 : Forward propagation: start to calculate arrival time...
TMR-3502 : Backward propagation: start to calculate required time...
TMR-3503 : Timing propagation completes.
OPT-1001 : End timing update;  0.039461s wall, 0.031250s user + 0.015625s system = 0.046875s CPU (118.8%)

OPT-1001 : 0 high-fanout net processed.
OPT-1001 : End high-fanout net optimization;  0.328477s wall, 0.328125s user + 0.078125s system = 0.406250s CPU (123.7%)

OPT-1001 : Current memory(MB): used = 186, reserve = 161, peak = 186.
OPT-1001 : Start path based optimization ...
OPT-1001 : Start congestion update ...
RUN-1001 : Generating global routing grids ...
PHY-1001 : Generate routing nets ...
PHY-1001 : Reuse net number 1338/1579.
PHY-1001 : Global iterations in 16 thread ...
PHY-1002 : len = 78520, over cnt = 0(0%), over = 0, worst = 0
PHY-1001 : End global iterations;  0.009218s wall, 0.000000s user + 0.000000s system = 0.000000s CPU (n/a%)

PHY-1001 : Congestion index: top1 = 28.71, top5 = 21.06, top10 = 16.08, top15 = 12.60.
OPT-1001 : End congestion update;  0.067852s wall, 0.062500s user + 0.000000s system = 0.062500s CPU (92.1%)

OPT-1001 : Update timing in Manhattan mode
TMR-2503 : Start to update net delay, extr mode = 3.
TMR-2504 : Update delay of 1577 nets completely.
TMR-2502 : Annotate delay completely, extr mode = 3.
TMR-3501 : Forward propagation: start to calculate arrival time...
TMR-3502 : Backward propagation: start to calculate required time...
TMR-3503 : Timing propagation completes.
OPT-1001 : End timing update;  0.026297s wall, 0.031250s user + 0.000000s system = 0.031250s CPU (118.8%)

OPT-0007 : Start: WNS 4245 TNS 0 NUM_FEPS 0
OPT-1001 : End path based optimization;  0.094236s wall, 0.093750s user + 0.000000s system = 0.093750s CPU (99.5%)

OPT-1001 : Current memory(MB): used = 187, reserve = 162, peak = 187.
OPT-1001 : Update timing in Manhattan mode
TMR-2503 : Start to update net delay, extr mode = 3.
TMR-2504 : Update delay of 1577 nets completely.
TMR-2502 : Annotate delay completely, extr mode = 3.
TMR-3501 : Forward propagation: start to calculate arrival time...
TMR-3502 : Backward propagation: start to calculate required time...
TMR-3503 : Timing propagation completes.
OPT-1001 : End timing update;  0.027936s wall, 0.015625s user + 0.000000s system = 0.015625s CPU (55.9%)

OPT-1001 : Start pin optimization...
OPT-1001 : skip pin optimization...
OPT-1001 : Update timing in global mode
PHY-1001 : Start incremental global routing, caller is place ...
RUN-1001 : Generating global routing grids ...
PHY-1001 : Generate routing nets ...
PHY-1001 : Reuse net number 1338/1579.
PHY-1001 : Global iterations in 16 thread ...
PHY-1002 : len = 78520, over cnt = 0(0%), over = 0, worst = 0
PHY-1001 : End global iterations;  0.008456s wall, 0.000000s user + 0.000000s system = 0.000000s CPU (n/a%)

PHY-1001 : Congestion index: top1 = 28.71, top5 = 21.06, top10 = 16.08, top15 = 12.60.
PHY-1001 : End incremental global routing;  0.065787s wall, 0.078125s user + 0.000000s system = 0.078125s CPU (118.8%)

TMR-2503 : Start to update net delay, extr mode = 5.
TMR-2504 : Update delay of 1577 nets completely.
TMR-2502 : Annotate delay completely, extr mode = 5.
TMR-3501 : Forward propagation: start to calculate arrival time...
TMR-3502 : Backward propagation: start to calculate required time...
TMR-3503 : Timing propagation completes.
OPT-1001 : End timing update;  0.035956s wall, 0.031250s user + 0.000000s system = 0.031250s CPU (86.9%)

RUN-1001 : Generating global routing grids ...
PHY-1001 : Generate routing nets ...
PHY-1001 : Reuse net number 1338/1579.
PHY-1001 : Global iterations in 16 thread ...
PHY-1002 : len = 78520, over cnt = 0(0%), over = 0, worst = 0
PHY-1001 : End global iterations;  0.008343s wall, 0.015625s user + 0.000000s system = 0.015625s CPU (187.3%)

PHY-1001 : Congestion index: top1 = 28.71, top5 = 21.06, top10 = 16.08, top15 = 12.60.
OPT-1001 : Update timing in Manhattan mode
TMR-2503 : Start to update net delay, extr mode = 3.
TMR-2504 : Update delay of 1577 nets completely.
TMR-2502 : Annotate delay completely, extr mode = 3.
TMR-3501 : Forward propagation: start to calculate arrival time...
TMR-3502 : Backward propagation: start to calculate required time...
TMR-3503 : Timing propagation completes.
OPT-1001 : End timing update;  0.026609s wall, 0.031250s user + 0.000000s system = 0.031250s CPU (117.4%)

RUN-1001 : QoR Analysis:
OPT-0007 :   WNS 4245 TNS 0 NUM_FEPS 0
RUN-1001 :   No local congestion issue, and most congested 1% tile average routing util is 28.379310
RUN-1001 :   Top critical paths
OPT-1001 : End physical optimization;  1.325029s wall, 1.531250s user + 0.078125s system = 1.609375s CPU (121.5%)

RUN-1003 : finish command "place" in  7.025095s wall, 9.156250s user + 3.656250s system = 12.812500s CPU (182.4%)

RUN-1004 : used memory is 168 MB, reserved memory is 142 MB, peak memory is 187 MB
RUN-1002 : start command "export_db ov2640_sdram_place.db"
RUN-1001 : Exported /
RUN-1001 : Exported flow parameters
RUN-1001 : Exported libs
RUN-1001 : Exported entities
RUN-1001 : Exported ports
RUN-1001 : Exported pins
RUN-1001 : Exported instances
RUN-1001 : Exported nets
RUN-1001 : Exported buses
RUN-1001 : Exported models
RUN-1001 : Exported congestions
RUN-1001 : Exported violations
RUN-1001 : Exported timing constraints
RUN-1001 : Exported IO constraints
RUN-1001 : Exported Inst constraints
RUN-1002 : start command "route"
RUN-1001 : Open license file C:/Anlogic/TD5.6.59063/license/Anlogic.lic
RUN-1001 : Print Global Property
RUN-1001 : ---------------------------------------------------------------
RUN-1001 :        Parameters        |  Settings  |  Default Values  |  Note  
RUN-1001 : ---------------------------------------------------------------
RUN-1001 :          message         |  standard  |     standard     |        
RUN-1001 :   mixed_pack_place_flow  |     on     |        on        |        
RUN-1001 :        qor_monitor       |    off     |       off        |        
RUN-1001 :        syn_ip_flow       |    off     |       off        |        
RUN-1001 :          thread          |    auto    |       auto       |        
RUN-1001 : ---------------------------------------------------------------
RUN-1001 : Print Route Property
RUN-1001 : -------------------------------------------------------
RUN-1001 :    Parameters    |  Settings  |  Default Values  |  Note  
RUN-1001 : -------------------------------------------------------
RUN-1001 :      effort      |   medium   |      medium      |        
RUN-1001 :     fix_hold     |    off     |       off        |        
RUN-1001 :    opt_timing    |   medium   |      medium      |        
RUN-1001 :   phy_sim_model  |    off     |       off        |        
RUN-1001 :     priority     |   timing   |      timing      |        
RUN-1001 :     swap_pin     |     on     |        on        |        
RUN-1001 : -------------------------------------------------------
PHY-1001 : Route runs in 16 thread(s)
RUN-1001 : There are total 800 instances
RUN-1001 : 346 mslices, 345 lslices, 100 pads, 2 brams, 0 dsps
RUN-1001 : There are total 1579 nets
RUN-1001 : 1043 nets have 2 pins
RUN-1001 : 339 nets have [3 - 5] pins
RUN-1001 : 126 nets have [6 - 10] pins
RUN-1001 : 40 nets have [11 - 20] pins
RUN-1001 : 26 nets have [21 - 99] pins
RUN-1001 : 5 nets have 100+ pins
RUN-1002 : start command "start_timer -report"
TMR-2505 : Start building timing graph for model test_camera.
TMR-2506 : Build timing graph completely. Port num: 19, tpin num: 6360, tnet num: 1577, tinst num: 798, tnode num: 7566, tedge num: 10450.
TMR-2508 : Levelizing timing graph completed, there are 27 levels in total.
TMR-2501 : Timing graph initialized successfully.
PHY-1001 : 346 mslices, 345 lslices, 100 pads, 2 brams, 0 dsps
TMR-2503 : Start to update net delay, extr mode = 3.
TMR-2504 : Update delay of 1577 nets completely.
TMR-2502 : Annotate delay completely, extr mode = 3.
TMR-3001 : Initiate 0 clocks from SDC.
TMR-3004 : Map sdc constraints, there are 2 constraints in total.
TMR-3003 : Constraints initiated successfully.
TMR-3501 : Forward propagation: start to calculate arrival time...
TMR-3502 : Backward propagation: start to calculate required time...
TMR-3503 : Timing propagation completes.
PHY-1001 : Start global routing, caller is route ...
RUN-1001 : Generating global routing grids ...
PHY-1001 : Generate routing nets ...
PHY-1001 : Global iterations in 16 thread ...
PHY-1002 : len = 75720, over cnt = 167(0%), over = 253, worst = 6
PHY-1002 : len = 77120, over cnt = 62(0%), over = 83, worst = 4
PHY-1002 : len = 78048, over cnt = 8(0%), over = 12, worst = 2
PHY-1002 : len = 78096, over cnt = 0(0%), over = 0, worst = 0
PHY-1001 : End global iterations;  0.207321s wall, 0.296875s user + 0.031250s system = 0.328125s CPU (158.3%)

PHY-1001 : Congestion index: top1 = 28.92, top5 = 20.82, top10 = 15.94, top15 = 12.54.
PHY-1001 : End global routing;  0.268890s wall, 0.343750s user + 0.031250s system = 0.375000s CPU (139.5%)

PHY-1001 : Start detail routing ...
PHY-1001 : Current memory(MB): used = 206, reserve = 181, peak = 222.
PHY-1001 : Detailed router is running in normal mode.
PHY-1001 : Generate detailed routing grids ...
PHY-1001 : Generate nets ...
PHY-1001 : net cam_pclk_dup_1 will be routed on clock mesh
PHY-1001 : net clk_24m_dup_1 will be routed on clock mesh
PHY-1001 : net clk_cam will be routed on clock mesh
PHY-1001 : net vga_clk_dup_1 will be routed on clock mesh
PHY-1001 : clock net Sdram_Control_4Port/CTRL_CLK will be merged with clock u_pll/clk0_buf
PHY-1001 : net Sdram_Control_4Port/SDRAM_CLK will be routed on clock mesh
PHY-1001 : net u_camera_init/u_i2c_write/clk will be routed on clock mesh
PHY-1001 : clock net u_camera_init/divider2[8]_syn_4 will be merged with clock u_camera_init/divider2[8]
PHY-1001 : clock net u_camera_init/divider2[7]_syn_2 will be merged with clock u_camera_init/divider2[7]
PHY-1001 : Current memory(MB): used = 474, reserve = 453, peak = 474.
PHY-1001 : End build detailed router design. 3.853620s wall, 3.796875s user + 0.046875s system = 3.843750s CPU (99.7%)

PHY-1001 : Detail Route ...
PHY-1001 : ===== Detail Route Phase 1 =====
PHY-1001 : Clock net routing.....
PHY-1001 : Routed 0% nets.
PHY-1022 : len = 22008, over cnt = 0(0%), over = 0, worst = 0, crit = 0
PHY-1001 : End initial clock net routed; 2.954790s wall, 2.937500s user + 0.015625s system = 2.953125s CPU (99.9%)

PHY-1001 : Current memory(MB): used = 506, reserve = 487, peak = 506.
PHY-1001 : End phase 1; 2.961510s wall, 2.953125s user + 0.015625s system = 2.968750s CPU (100.2%)

PHY-1001 : ===== Detail Route Phase 2 =====
PHY-1001 : Initial routing.....
PHY-1001 : Routed 24% nets.
PHY-1001 : Routed 31% nets.
PHY-1001 : Routed 37% nets.
PHY-1001 : Routed 41% nets.
PHY-1001 : Routed 49% nets.
PHY-1001 : Patch 629 net; 1.553240s wall, 1.546875s user + 0.000000s system = 1.546875s CPU (99.6%)

PHY-1022 : len = 139720, over cnt = 77(0%), over = 79, worst = 2, crit = 0
PHY-1001 : Current memory(MB): used = 508, reserve = 488, peak = 508.
PHY-1001 : End initial routed; 3.981678s wall, 4.656250s user + 0.046875s system = 4.703125s CPU (118.1%)

PHY-1001 : Update timing.....
PHY-1001 : 0/1412(0%) critical/total net(s).
RUN-1001 : ------------------------------------------
RUN-1001 :   Type   |    WNS(ns)    |  TNS(ns)  |  FEP  
RUN-1001 : ------------------------------------------
RUN-1001 :   Setup  |     3.830     |   0.000   |   0   
RUN-1001 :   Hold   |  2147483.647  |   0.000   |   0   
RUN-1001 : ------------------------------------------
PHY-1001 : End update timing; 0.738323s wall, 0.734375s user + 0.000000s system = 0.734375s CPU (99.5%)

PHY-1001 : Current memory(MB): used = 509, reserve = 489, peak = 509.
PHY-1001 : End phase 2; 4.720077s wall, 5.390625s user + 0.046875s system = 5.437500s CPU (115.2%)

PHY-1001 : ===== Detail Route Phase 3 =====
PHY-1001 : Optimize timing.....
PHY-1022 : len = 139720, over cnt = 77(0%), over = 79, worst = 2, crit = 0
PHY-1001 : End optimize timing; 0.007978s wall, 0.000000s user + 0.000000s system = 0.000000s CPU (n/a%)

PHY-1001 : Ripup-reroute.....
PHY-1001 : ===== DR Iter 1 =====
PHY-1022 : len = 139600, over cnt = 18(0%), over = 18, worst = 1, crit = 0
PHY-1001 : End DR Iter 1; 0.077394s wall, 0.078125s user + 0.000000s system = 0.078125s CPU (100.9%)

PHY-1001 : ===== DR Iter 2 =====
PHY-1022 : len = 139576, over cnt = 0(0%), over = 0, worst = 0, crit = 0
PHY-1001 : End DR Iter 2; 0.026149s wall, 0.031250s user + 0.000000s system = 0.031250s CPU (119.5%)

PHY-1001 : Update timing.....
PHY-1001 : 0/1412(0%) critical/total net(s).
RUN-1001 : ------------------------------------------
RUN-1001 :   Type   |    WNS(ns)    |  TNS(ns)  |  FEP  
RUN-1001 : ------------------------------------------
RUN-1001 :   Setup  |     3.683     |   0.000   |   0   
RUN-1001 :   Hold   |  2147483.647  |   0.000   |   0   
RUN-1001 : ------------------------------------------
PHY-1001 : End update timing; 0.739541s wall, 0.734375s user + 0.000000s system = 0.734375s CPU (99.3%)

PHY-1001 : Commit to database.....
PHY-1001 : 32 feed throughs used by 18 nets
PHY-1001 : End commit to database; 0.163391s wall, 0.171875s user + 0.000000s system = 0.171875s CPU (105.2%)

PHY-1001 : Current memory(MB): used = 524, reserve = 504, peak = 524.
PHY-1001 : End phase 3; 1.138698s wall, 1.140625s user + 0.000000s system = 1.140625s CPU (100.2%)

PHY-1003 : Routed, final wirelength = 139576
PHY-1001 : Current memory(MB): used = 524, reserve = 504, peak = 524.
PHY-1001 : End export database. 0.010377s wall, 0.000000s user + 0.000000s system = 0.000000s CPU (n/a%)

PHY-1001 : End detail routing;  12.917453s wall, 13.531250s user + 0.109375s system = 13.640625s CPU (105.6%)

RUN-1003 : finish command "route" in  13.955178s wall, 14.656250s user + 0.140625s system = 14.796875s CPU (106.0%)

RUN-1004 : used memory is 473 MB, reserved memory is 453 MB, peak memory is 524 MB
RUN-1002 : start command "report_area -io_info -file ov2640_sdram_phy.area"
RUN-1001 : standard
***Report Model: test_camera Device: EG4S20BG256***

IO Statistics
#IO                        77
  #input                   29
  #output                  47
  #inout                    1

Utilization Statistics
#lut                     1226   out of  19600    6.26%
#reg                      529   out of  19600    2.70%
#le                      1328
  #lut only               799   out of   1328   60.17%
  #reg only               102   out of   1328    7.68%
  #lut&reg                427   out of   1328   32.15%
#dsp                        0   out of     29    0.00%
#bram                       0   out of     64    0.00%
  #bram9k                   0
  #fifo9k                   0
#bram32k                    2   out of     16   12.50%
#pad                       45   out of    188   23.94%
  #ireg                     0
  #oreg                     0
  #treg                     0
#pll                        1   out of      4   25.00%
#gclk                       8   out of     16   50.00%

Clock Resource Statistics
Index     ClockNet                         Type               DriverType         Driver                          Fanout
#1        u_pll/clk0_buf                   GCLK               pll                u_pll/pll_inst.clkc0            177
#2        cam_pclk_dup_1                   GCLK               io                 cam_pclk_syn_2.di               42
#3        vga_clk_dup_1                    GCLK               pll                u_pll/pll_inst.clkc2            41
#4        u_camera_init/divider2[8]        GCLK               lslice             u_camera_init/add2_syn_56.q1    25
#5        u_camera_init/u_i2c_write/clk    GCLK               pll                u_pll/pll_inst.clkc4            21
#6        u_camera_init/divider2[7]        GCLK               lslice             u_camera_init/add2_syn_56.q0    18
#7        clk_24m_dup_1                    GeneralRouting     io                 clk_24m_syn_2.di                1
#8        Sdram_Control_4Port/SDRAM_CLK    GCLK               pll                u_pll/pll_inst.clkc1            0
#9        clk_cam                          GCLK               pll                u_pll/pll_inst.clkc3            0


Detailed IO Report

    Name       Direction    Location    IOStandard    DriveStrength    PullType    PackReg  
  cam_href       INPUT        F15        LVCMOS33          N/A          PULLUP      NONE    
  cam_pclk       INPUT        K12        LVCMOS33          N/A          PULLUP      NONE    
  cam_vsync      INPUT        E15        LVCMOS33          N/A          PULLUP      NONE    
   clk_24m       INPUT        K14        LVCMOS33          N/A          PULLUP      NONE    
    rst_n        INPUT        G11        LVCMOS33          N/A          PULLUP      NONE    
  cam_pwdn      OUTPUT        F14        LVCMOS33           8            NONE       NONE    
   cam_rst      OUTPUT        F13        LVCMOS33           8            NONE       NONE    
  cam_soic      OUTPUT        D16        LVCMOS33           8           PULLUP      NONE    
  cam_xclk      OUTPUT        J12        LVCMOS33           8            NONE       NONE    
  vga_b[7]      OUTPUT         C1        LVCMOS25           8            NONE       NONE    
  vga_b[6]      OUTPUT         D1        LVCMOS25           8            NONE       NONE    
  vga_b[5]      OUTPUT         E2        LVCMOS25           8            NONE       NONE    
  vga_b[4]      OUTPUT         G3        LVCMOS25           8            NONE       NONE    
  vga_b[3]      OUTPUT         E1        LVCMOS25           8            NONE       NONE    
  vga_b[2]      OUTPUT         F2        LVCMOS25           8            NONE       NONE    
  vga_b[1]      OUTPUT         F1        LVCMOS25           8            NONE       NONE    
  vga_b[0]      OUTPUT         G1        LVCMOS25           8            NONE       NONE    
   vga_clk      OUTPUT         H2        LVCMOS25           8            NONE       NONE    
  vga_g[7]      OUTPUT         H5        LVCMOS25           8            NONE       NONE    
  vga_g[6]      OUTPUT         H1        LVCMOS25           8            NONE       NONE    
  vga_g[5]      OUTPUT         J6        LVCMOS25           8            NONE       NONE    
  vga_g[4]      OUTPUT         H3        LVCMOS25           8            NONE       NONE    
  vga_g[3]      OUTPUT         J1        LVCMOS25           8            NONE       NONE    
  vga_g[2]      OUTPUT         K1        LVCMOS25           8            NONE       NONE    
  vga_g[1]      OUTPUT         K2        LVCMOS25           8            NONE       NONE    
  vga_g[0]      OUTPUT         L1        LVCMOS25           8            NONE       NONE    
  vga_hsync     OUTPUT         J3        LVCMOS25           8            NONE       NONE    
  vga_r[7]      OUTPUT         K6        LVCMOS25           8            NONE       NONE    
  vga_r[6]      OUTPUT         K3        LVCMOS25           8            NONE       NONE    
  vga_r[5]      OUTPUT         K5        LVCMOS25           8            NONE       NONE    
  vga_r[4]      OUTPUT         L4        LVCMOS25           8            NONE       NONE    
  vga_r[3]      OUTPUT         M1        LVCMOS25           8            NONE       NONE    
  vga_r[2]      OUTPUT         M2        LVCMOS25           8            NONE       NONE    
  vga_r[1]      OUTPUT         L3        LVCMOS25           8            NONE       NONE    
  vga_r[0]      OUTPUT         L5        LVCMOS25           8            NONE       NONE    
  vga_vsync     OUTPUT         J4        LVCMOS25           8            NONE       NONE    
  cam_soid       INOUT        D14        LVCMOS33           8           PULLUP      NONE    

Report Hierarchy Area:
+-----------------------------------------------------------------------------------------------------------------------------+
|Instance                    |Module                                     |le     |lut     |ripple  |seq     |bram    |dsp     |
+-----------------------------------------------------------------------------------------------------------------------------+
|top                         |test_camera                                |1328   |1065    |161     |529     |2       |0       |
|  Sdram_Control_4Port       |Sdram_Control_4Port                        |622    |440     |87      |388     |2       |0       |
|    command1                |command                                    |57     |55      |0       |50      |0       |0       |
|    control1                |control_interface                          |95     |62      |24      |46      |0       |0       |
|    data_path1              |sdr_data_path                              |17     |17      |0       |0       |0       |0       |
|    read_fifo1              |Sdram_RD_FIFO                              |132    |60      |18      |105     |1       |0       |
|      dcfifo_component      |softfifo                                   |132    |60      |18      |105     |1       |0       |
|        ram_inst            |ram_infer_softfifo                         |0      |0       |0       |0       |1       |0       |
|        rd_to_wr_cross_inst |fifo_cross_domain_addr_process_al_softfifo |39     |16      |0       |39      |0       |0       |
|        wr_to_rd_cross_inst |fifo_cross_domain_addr_process_al_softfifo |35     |23      |0       |35      |0       |0       |
|    sdram1                  |sdram                                      |1      |1       |0       |0       |0       |0       |
|    write_fifo1             |Sdram_WR_FIFO                              |130    |96      |18      |95      |1       |0       |
|      dcfifo_component      |softfifo                                   |130    |96      |18      |95      |1       |0       |
|        ram_inst            |ram_infer_softfifo                         |0      |0       |0       |0       |1       |0       |
|        rd_to_wr_cross_inst |fifo_cross_domain_addr_process_al_softfifo |39     |29      |0       |39      |0       |0       |
|        wr_to_rd_cross_inst |fifo_cross_domain_addr_process_al_softfifo |34     |30      |0       |34      |0       |0       |
|  u_cam_vga_out             |Driver                                     |112    |68      |44      |23      |0       |0       |
|  u_camera_init             |camera_init                                |516    |496     |13      |93      |0       |0       |
|    u_i2c_write             |i2c_module                                 |175    |175     |0       |42      |0       |0       |
|  u_camera_reader           |camera_reader                              |57     |40      |17      |23      |0       |0       |
|  u_pll                     |ip_pll                                     |0      |0       |0       |0       |0       |0       |
+-----------------------------------------------------------------------------------------------------------------------------+


DataNet Average Fanout:

   Index     Fanout     Nets  
    #1          1       1003  
    #2          2       206   
    #3          3        66   
    #4          4        66   
    #5        5-10      131   
    #6        11-50      49   
    #7       51-100      8    
    #8       101-500     1    
  Average     2.88            

RUN-1002 : start command "export_db ov2640_sdram_pr.db"
RUN-1001 : Exported /
RUN-1001 : Exported flow parameters
RUN-1001 : Exported libs
RUN-1001 : Exported entities
RUN-1001 : Exported ports
RUN-1001 : Exported pins
RUN-1001 : Exported instances
RUN-1001 : Exported nets
RUN-1001 : Exported buses
RUN-1001 : Exported models
RUN-1001 : Exported congestions
RUN-1001 : Exported violations
RUN-1001 : Exported timing constraints
RUN-1001 : Exported IO constraints
RUN-1001 : Exported Inst constraints
RUN-1002 : start command "export_bid ov2640_sdram_inst.bid"
RUN-1002 : start command "bitgen -bit ov2640_sdram.bit"
BIT-1003 : Start to generate bitstream. 
BIT-1002 : Init instances with 16 threads.
BIT-1002 : Init instances completely, inst num: 798
BIT-1002 : Init pips with 16 threads.
BIT-1002 : Init pips completely, net num: 1579, pip num: 13260
BIT-1002 : Init feedthrough with 16 threads.
BIT-1002 : Init feedthrough completely, num: 32
BIT-1003 : Multithreading accelaration with 16 threads.
BIT-1003 : Generate bitstream completely, there are 1192 valid insts, and 40346 bits set as '1'.
BIT-1004 : the usercode register value: 00000000000100110000000000000000
BIT-1004 : PLL setting string = 0001
BIT-1004 : Generate bits file ov2640_sdram.bit.
RUN-1003 : finish command "bitgen -bit ov2640_sdram.bit" in  2.339599s wall, 18.593750s user + 0.140625s system = 18.734375s CPU (800.8%)

RUN-1004 : used memory is 484 MB, reserved memory is 470 MB, peak memory is 664 MB
RUN-1002 : start command "backup_run_log run.log ../.logs/phy_1/td_20221024_234510.log"
