============================================================
   Tang Dynasty, V5.6.59063
   Copyright (c) 2012-2022 Anlogic
   Executable = C:/Anlogic/TD5.6.59063/bin/td.exe
   Built at =   12:45:13 Sep  6 2022
   Run by =     Administrator
   Run Date =   Wed Oct 26 01:11:18 2022

   Run on =     WIN-25FR57M34TT
============================================================
RUN-1002 : start command "open_project ov2640_sdram.prj"
RUN-1001 : Print Global Property
RUN-1001 : ---------------------------------------------------------------
RUN-1001 :        Parameters        |  Settings  |  Default Values  |  Note  
RUN-1001 : ---------------------------------------------------------------
RUN-1001 :          message         |  standard  |     standard     |        
RUN-1001 :   mixed_pack_place_flow  |     on     |        on        |        
RUN-1001 :        qor_monitor       |    off     |       off        |        
RUN-1001 :        syn_ip_flow       |    off     |       off        |        
RUN-1001 :          thread          |    auto    |       auto       |        
RUN-1001 : ---------------------------------------------------------------
RUN-1001 : Print Design Property
RUN-1001 : --------------------------------------------------------------
RUN-1001 :        Parameters       |  Settings  |  Default Values  |  Note  
RUN-1001 : --------------------------------------------------------------
RUN-1001 :   default_reg_initial   |    auto    |       auto       |        
RUN-1001 :        infer_add        |     on     |        on        |        
RUN-1001 :        infer_fsm        |    off     |       off        |        
RUN-1001 :        infer_mult       |     on     |        on        |        
RUN-1001 :        infer_ram        |     on     |        on        |        
RUN-1001 :        infer_reg        |     on     |        on        |        
RUN-1001 :   infer_reg_init_value  |     on     |        on        |        
RUN-1001 :        infer_rom        |     on     |        on        |        
RUN-1001 :      infer_shifter      |     on     |        on        |        
RUN-1001 : --------------------------------------------------------------
RUN-1001 : Print Rtl Property
RUN-1001 : --------------------------------------------------------------
RUN-1001 :        Parameters       |  Settings  |  Default Values  |  Note  
RUN-1001 : --------------------------------------------------------------
RUN-1001 :       compress_add      |   ripple   |      ripple      |        
RUN-1001 :        elf_sload        |    off     |       off        |        
RUN-1001 :       fix_undriven      |     0      |        0         |        
RUN-1001 :         flatten         |    off     |       off        |        
RUN-1001 :       gate_sharing      |     on     |        on        |        
RUN-1001 :    hdl_warning_level    |   normal   |      normal      |        
RUN-1001 :   impl_internal_tribuf  |     on     |        on        |        
RUN-1001 :      impl_set_reset     |     on     |        on        |        
RUN-1001 :        infer_gsr        |    off     |       off        |        
RUN-1001 :      keep_hierarchy     |    auto    |       auto       |        
RUN-1001 :        max_fanout       |    9999    |       9999       |        
RUN-1001 :      max_oh2bin_len     |     10     |        10        |        
RUN-1001 :       merge_equal       |     on     |        on        |        
RUN-1001 :       merge_equiv       |     on     |        on        |        
RUN-1001 :        merge_mux        |    off     |       off        |        
RUN-1001 :     min_control_set     |     8      |        8         |        
RUN-1001 :      min_ripple_len     |    auto    |       auto       |        
RUN-1001 :       oh2bin_ratio      |    0.08    |       0.08       |        
RUN-1001 :     opt_adder_fanout    |     on     |        on        |        
RUN-1001 :        opt_arith        |     on     |        on        |        
RUN-1001 :       opt_big_gate      |    off     |       off        |        
RUN-1001 :        opt_const        |     on     |        on        |        
RUN-1001 :      opt_const_mult     |     on     |        on        |        
RUN-1001 :       opt_lessthan      |     on     |        on        |        
RUN-1001 :         opt_mux         |    off     |       off        |        
RUN-1001 :         opt_ram         |    high    |       high       |        
RUN-1001 :      rtl_sim_model      |    off     |       off        |        
RUN-1001 :         seq_syn         |     on     |        on        |        
RUN-1001 : --------------------------------------------------------------
HDL-1007 : analyze verilog file ../../al_ip/ip_pll.v
HDL-1007 : undeclared symbol 'open', assumed default net type 'wire' in ../../al_ip/ip_pll.v(93)
HDL-1007 : analyze verilog file ../../al_ip/softfifo.v
HDL-1007 : analyze verilog file ../../RTL/camera_init.v
HDL-1007 : undeclared symbol 'clk_div', assumed default net type 'wire' in ../../RTL/camera_init.v(74)
HDL-1007 : analyze verilog file ../../RTL/camera_reader.v
HDL-1007 : analyze verilog file ../../RTL/i2c_module.v
HDL-1007 : analyze verilog file ../../RTL/Sdram_Control_4Port/command.v
HDL-1007 : analyze included file ../../RTL/Sdram_Control_4Port/Sdram_Params.h in ../../RTL/Sdram_Control_4Port/command.v(27)
HDL-1007 : back to file '../../RTL/Sdram_Control_4Port/command.v' in ../../RTL/Sdram_Control_4Port/command.v(27)
HDL-1007 : analyze verilog file ../../RTL/Sdram_Control_4Port/control_interface.v
HDL-1007 : analyze included file ../../RTL/Sdram_Control_4Port/Sdram_Params.h in ../../RTL/Sdram_Control_4Port/control_interface.v(21)
HDL-1007 : back to file '../../RTL/Sdram_Control_4Port/control_interface.v' in ../../RTL/Sdram_Control_4Port/control_interface.v(21)
HDL-1007 : analyze verilog file ../../RTL/Sdram_Control_4Port/sdr_data_path.v
HDL-1007 : analyze included file ../../RTL/Sdram_Control_4Port/Sdram_Params.h in ../../RTL/Sdram_Control_4Port/sdr_data_path.v(10)
HDL-1007 : back to file '../../RTL/Sdram_Control_4Port/sdr_data_path.v' in ../../RTL/Sdram_Control_4Port/sdr_data_path.v(10)
HDL-1007 : analyze verilog file ../../RTL/Sdram_Control_4Port/Sdram_Control_4Port.v
HDL-1007 : analyze included file ../../RTL/Sdram_Control_4Port/Sdram_Params.h in ../../RTL/Sdram_Control_4Port/Sdram_Control_4Port.v(49)
HDL-1007 : back to file '../../RTL/Sdram_Control_4Port/Sdram_Control_4Port.v' in ../../RTL/Sdram_Control_4Port/Sdram_Control_4Port.v(49)
HDL-1007 : analyze verilog file ../../RTL/Sdram_Control_4Port/Sdram_RD_FIFO.v
HDL-5007 WARNING: 'clk' is not declared in ../../RTL/Sdram_Control_4Port/Sdram_RD_FIFO.v(44)
HDL-1007 : analyze verilog file ../../RTL/Sdram_Control_4Port/Sdram_WR_FIFO.v
HDL-1007 : analyze verilog file ../../al_ip/sdram.v
HDL-1007 : analyze verilog file ../../RTL/Driver.v
HDL-1007 : analyze verilog file ../../RTL/RGBYCbCr.v
HDL-1007 : analyze verilog file ../../RTL/image_process.v
HDL-1007 : analyze verilog file ../../RTL/test_camera.v
HDL-1007 : undeclared symbol 'cmos_frame_vsync', assumed default net type 'wire' in ../../RTL/test_camera.v(111)
HDL-1007 : undeclared symbol 'cmos_frame_href', assumed default net type 'wire' in ../../RTL/test_camera.v(112)
HDL-1007 : undeclared symbol 'cmos_frame_valid', assumed default net type 'wire' in ../../RTL/test_camera.v(113)
HDL-1007 : analyze verilog file ../../RTL/Mode_Switch.v
HDL-1007 : analyze verilog file ../../RTL/image_select.v
HDL-5007 WARNING: 'clk' is not declared in ../../RTL/Sdram_Control_4Port/Sdram_RD_FIFO.v(44)
RUN-1001 : Project manager successfully analyzed 18 source files.
RUN-1002 : start command "import_device eagle_s20.db -package EG4S20BG256"
ARC-1001 : Device Initialization.
ARC-1001 : ------------------------------------------------------------------
ARC-1001 :            OPTION            |          IO          |   SETTING   
ARC-1001 : ------------------------------------------------------------------
ARC-1001 :   cso_b/cclk/mosi/miso/dout  |  T3/R11/T10/P10/S11  |    gpio    
ARC-1001 :             done             |         P13          |    gpio    
ARC-1001 :           program_b          |          T2          |  dedicate  
ARC-1001 :        tdi/tms/tck/tdo       |   C12/A15/C14/E14    |  dedicate  
ARC-1001 : ------------------------------------------------------------------
ARC-1004 : Device setting, marked 5 dedicate IOs in total.
RUN-1002 : start command "elaborate -top test_camera"
RUN-1001 : Print Design Property
RUN-1001 : --------------------------------------------------------------
RUN-1001 :        Parameters       |  Settings  |  Default Values  |  Note  
RUN-1001 : --------------------------------------------------------------
RUN-1001 :   default_reg_initial   |    auto    |       auto       |        
RUN-1001 :        infer_add        |     on     |        on        |        
RUN-1001 :        infer_fsm        |    off     |       off        |        
RUN-1001 :        infer_mult       |     on     |        on        |        
RUN-1001 :        infer_ram        |     on     |        on        |        
RUN-1001 :        infer_reg        |     on     |        on        |        
RUN-1001 :   infer_reg_init_value  |     on     |        on        |        
RUN-1001 :        infer_rom        |     on     |        on        |        
RUN-1001 :      infer_shifter      |     on     |        on        |        
RUN-1001 : --------------------------------------------------------------
RUN-1001 : Print Rtl Property
RUN-1001 : --------------------------------------------------------------
RUN-1001 :        Parameters       |  Settings  |  Default Values  |  Note  
RUN-1001 : --------------------------------------------------------------
RUN-1001 :       compress_add      |   ripple   |      ripple      |        
RUN-1001 :        elf_sload        |    off     |       off        |        
RUN-1001 :       fix_undriven      |     0      |        0         |        
RUN-1001 :         flatten         |    off     |       off        |        
RUN-1001 :       gate_sharing      |     on     |        on        |        
RUN-1001 :    hdl_warning_level    |   normal   |      normal      |        
RUN-1001 :   impl_internal_tribuf  |     on     |        on        |        
RUN-1001 :      impl_set_reset     |     on     |        on        |        
RUN-1001 :        infer_gsr        |    off     |       off        |        
RUN-1001 :      keep_hierarchy     |    auto    |       auto       |        
RUN-1001 :        max_fanout       |    9999    |       9999       |        
RUN-1001 :      max_oh2bin_len     |     10     |        10        |        
RUN-1001 :       merge_equal       |     on     |        on        |        
RUN-1001 :       merge_equiv       |     on     |        on        |        
RUN-1001 :        merge_mux        |    off     |       off        |        
RUN-1001 :     min_control_set     |     8      |        8         |        
RUN-1001 :      min_ripple_len     |    auto    |       auto       |        
RUN-1001 :       oh2bin_ratio      |    0.08    |       0.08       |        
RUN-1001 :     opt_adder_fanout    |     on     |        on        |        
RUN-1001 :        opt_arith        |     on     |        on        |        
RUN-1001 :       opt_big_gate      |    off     |       off        |        
RUN-1001 :        opt_const        |     on     |        on        |        
RUN-1001 :      opt_const_mult     |     on     |        on        |        
RUN-1001 :       opt_lessthan      |     on     |        on        |        
RUN-1001 :         opt_mux         |    off     |       off        |        
RUN-1001 :         opt_ram         |    high    |       high       |        
RUN-1001 :      rtl_sim_model      |    off     |       off        |        
RUN-1001 :         seq_syn         |     on     |        on        |        
RUN-1001 : --------------------------------------------------------------
RUN-1001 : Print Global Property
RUN-1001 : ---------------------------------------------------------------
RUN-1001 :        Parameters        |  Settings  |  Default Values  |  Note  
RUN-1001 : ---------------------------------------------------------------
RUN-1001 :          message         |  standard  |     standard     |        
RUN-1001 :   mixed_pack_place_flow  |     on     |        on        |        
RUN-1001 :        qor_monitor       |    off     |       off        |        
RUN-1001 :        syn_ip_flow       |    off     |       off        |        
RUN-1001 :          thread          |    auto    |       auto       |        
RUN-1001 : ---------------------------------------------------------------
RUN-1001 : Print Design Property
RUN-1001 : --------------------------------------------------------------
RUN-1001 :        Parameters       |  Settings  |  Default Values  |  Note  
RUN-1001 : --------------------------------------------------------------
RUN-1001 :   default_reg_initial   |    auto    |       auto       |        
RUN-1001 :        infer_add        |     on     |        on        |        
RUN-1001 :        infer_fsm        |    off     |       off        |        
RUN-1001 :        infer_mult       |     on     |        on        |        
RUN-1001 :        infer_ram        |     on     |        on        |        
RUN-1001 :        infer_reg        |     on     |        on        |        
RUN-1001 :   infer_reg_init_value  |     on     |        on        |        
RUN-1001 :        infer_rom        |     on     |        on        |        
RUN-1001 :      infer_shifter      |     on     |        on        |        
RUN-1001 : --------------------------------------------------------------
HDL-1007 : elaborate module test_camera in ../../RTL/test_camera.v(14)
HDL-1007 : elaborate module image_process in ../../RTL/image_process.v(1)
HDL-1007 : elaborate module RGBYCbCr in ../../RTL/RGBYCbCr.v(1)
HDL-1007 : elaborate module Mode_Switch in ../../RTL/Mode_Switch.v(1)
HDL-1007 : elaborate module image_select in ../../RTL/image_select.v(1)
HDL-1007 : elaborate module ip_pll in ../../al_ip/ip_pll.v(26)
HDL-1007 : elaborate module EG_LOGIC_BUFG in C:/Anlogic/TD5.6.59063/arch/eagle_macro.v(8)
HDL-1007 : elaborate module EG_PHY_PLL(FIN="24.000",FBCLK_DIV=4,CLKC0_DIV=5,CLKC1_DIV=5,CLKC2_DIV=12,CLKC3_DIV=20,CLKC4_DIV=120,CLKC0_ENABLE="ENABLE",CLKC1_ENABLE="ENABLE",CLKC2_ENABLE="ENABLE",CLKC3_ENABLE="ENABLE",CLKC4_ENABLE="ENABLE",FEEDBK_PATH="CLKC0_EXT",STDBY_ENABLE="DISABLE",CLKC1_FPHASE=2,CLKC0_CPHASE=4,CLKC1_CPHASE=5,CLKC2_CPHASE=11,CLKC3_CPHASE=19,CLKC4_CPHASE=119,GMC_GAIN=2,ICP_CURRENT=9,KVCO=2,LPF_CAPACITOR=1,LPF_RESISTOR=8,SYNC_ENABLE="DISABLE") in C:/Anlogic/TD5.6.59063/arch/eagle_macro.v(929)
HDL-1007 : elaborate module camera_init in ../../RTL/camera_init.v(14)
HDL-1007 : elaborate module i2c_module in ../../RTL/i2c_module.v(2)
HDL-1007 : elaborate module Driver in ../../RTL/Driver.v(11)
HDL-1007 : elaborate module camera_reader in ../../RTL/camera_reader.v(14)
HDL-5007 WARNING: port 'INIT_ACK' is not connected on this instance in ../../RTL/Sdram_Control_4Port/Sdram_Control_4Port.v(163)
HDL-1007 : elaborate module Sdram_Control_4Port in ../../RTL/Sdram_Control_4Port/Sdram_Control_4Port.v(1)
HDL-1007 : elaborate module control_interface in ../../RTL/Sdram_Control_4Port/control_interface.v(1)
HDL-5007 WARNING: actual bit length 2 differs from formal bit length 3 for port 'CMD' in ../../RTL/Sdram_Control_4Port/Sdram_Control_4Port.v(166)
HDL-1007 : elaborate module command in ../../RTL/Sdram_Control_4Port/command.v(1)
HDL-1007 : elaborate module sdr_data_path in ../../RTL/Sdram_Control_4Port/sdr_data_path.v(1)
HDL-5007 WARNING: port 'valid' remains unconnected for this instance in ../../RTL/Sdram_Control_4Port/Sdram_WR_FIFO.v(86)
HDL-1007 : elaborate module Sdram_WR_FIFO in ../../RTL/Sdram_Control_4Port/Sdram_WR_FIFO.v(39)
HDL-5007 WARNING: port 'doa' remains unconnected for this instance in ../../al_ip/softfifo.v(260)
HDL-1007 : elaborate module softfifo in ../../al_ip/softfifo.v(25)
HDL-1007 : elaborate module fifo_cross_domain_addr_process_al_softfifo(ADDR_WIDTH=10) in ../../al_ip/softfifo.v(289)
HDL-1007 : elaborate module ram_infer_softfifo(DATAWIDTH_A=16,ADDRWIDTH_A=10,DATAWIDTH_B=16,ADDRWIDTH_B=10) in ../../al_ip/softfifo.v(377)
HDL-1007 : extracting RAM for identifier 'memory' in ../../al_ip/softfifo.v(442)
HDL-5007 WARNING: input port 'dib[15]' is not connected on this instance in ../../al_ip/softfifo.v(265)
HDL-5007 WARNING: actual bit length 16 differs from formal bit length 11 for port 'wrusedw' in ../../RTL/Sdram_Control_4Port/Sdram_WR_FIFO.v(93)
HDL-5007 WARNING: actual bit length 16 differs from formal bit length 11 for port 'rdusedw' in ../../RTL/Sdram_Control_4Port/Sdram_WR_FIFO.v(98)
HDL-5007 WARNING: port 'valid' remains unconnected for this instance in ../../RTL/Sdram_Control_4Port/Sdram_RD_FIFO.v(86)
HDL-1007 : elaborate module Sdram_RD_FIFO in ../../RTL/Sdram_Control_4Port/Sdram_RD_FIFO.v(39)
HDL-5007 WARNING: actual bit length 16 differs from formal bit length 11 for port 'wrusedw' in ../../RTL/Sdram_Control_4Port/Sdram_RD_FIFO.v(93)
HDL-5007 WARNING: actual bit length 16 differs from formal bit length 11 for port 'rdusedw' in ../../RTL/Sdram_Control_4Port/Sdram_RD_FIFO.v(98)
HDL-1007 : elaborate module sdram in ../../al_ip/sdram.v(14)
HDL-1007 : elaborate module EG_PHY_SDRAM_2M_32 in C:/Anlogic/TD5.6.59063/arch/eagle_macro.v(720)
HDL-5007 WARNING: input port 'INIT_ACK' is not connected on this instance in ../../RTL/Sdram_Control_4Port/Sdram_Control_4Port.v(163)
HDL-5007 WARNING: actual bit length 32 differs from formal bit length 21 for port 'WR1_MAX_ADDR' in ../../RTL/test_camera.v(209)
HDL-5007 WARNING: actual bit length 32 differs from formal bit length 21 for port 'WR2_MAX_ADDR' in ../../RTL/test_camera.v(220)
HDL-5007 WARNING: actual bit length 32 differs from formal bit length 21 for port 'RD1_MAX_ADDR' in ../../RTL/test_camera.v(230)
HDL-5007 WARNING: actual bit length 32 differs from formal bit length 21 for port 'RD2_MAX_ADDR' in ../../RTL/test_camera.v(242)
HDL-5007 WARNING: net 'cmos_frame_vsync' does not have a driver in ../../RTL/test_camera.v(111)
HDL-5007 WARNING: net 'cmos_frame_href' does not have a driver in ../../RTL/test_camera.v(112)
HDL-5007 WARNING: net 'cmos_frame_valid' does not have a driver in ../../RTL/test_camera.v(113)
HDL-5001 WARNING: Contains anonymous inst(s) and/or net(s) that have not been renamed
HDL-1200 : Current top model is test_camera
HDL-1100 : Inferred 1 RAMs.
RUN-1002 : start command "export_db ov2640_sdram_elaborate.db"
RUN-1001 : Exported /
RUN-1001 : Exported flow parameters
RUN-1001 : Exported libs
RUN-1001 : Exported entities
RUN-1001 : Exported ports
RUN-1001 : Exported pins
RUN-1001 : Exported instances
RUN-1001 : Exported nets
RUN-1001 : Exported buses
RUN-1001 : Exported models
RUN-1001 : Exported congestions
RUN-1001 : Exported violations
RUN-1001 : Exported IO constraints
RUN-1001 : Exported Inst constraints
RUN-1002 : start command "read_adc ../../SparkRoad.adc"
RUN-1002 : start command "set_pin_assignment  Led[0]   LOCATION = M3; "
RUN-1002 : start command "set_pin_assignment  Led[10]   LOCATION = T8; "
RUN-1002 : start command "set_pin_assignment  Led[11]   LOCATION = T9; "
RUN-1002 : start command "set_pin_assignment  Led[12]   LOCATION = M7; "
RUN-1002 : start command "set_pin_assignment  Led[13]   LOCATION = R12; "
RUN-1002 : start command "set_pin_assignment  Led[14]   LOCATION = T12; "
RUN-1002 : start command "set_pin_assignment  Led[15]   LOCATION = T13; "
RUN-1002 : start command "set_pin_assignment  Led[1]   LOCATION = M4; "
RUN-1002 : start command "set_pin_assignment  Led[2]   LOCATION = N3; "
RUN-1002 : start command "set_pin_assignment  Led[3]   LOCATION = N4; "
RUN-1002 : start command "set_pin_assignment  Led[4]   LOCATION = M5; "
RUN-1002 : start command "set_pin_assignment  Led[5]   LOCATION = P4; "
RUN-1002 : start command "set_pin_assignment  Led[6]   LOCATION = N5; "
RUN-1002 : start command "set_pin_assignment  Led[7]   LOCATION = P5; "
RUN-1002 : start command "set_pin_assignment  Led[8]   LOCATION = R7; "
RUN-1002 : start command "set_pin_assignment  Led[9]   LOCATION = T7; "
RUN-1002 : start command "set_pin_assignment  Switch[0]   LOCATION = T4; "
RUN-1002 : start command "set_pin_assignment  Switch[10]   LOCATION = P9; "
RUN-1002 : start command "set_pin_assignment  Switch[11]   LOCATION = N9; "
RUN-1002 : start command "set_pin_assignment  Switch[12]   LOCATION = T14; "
RUN-1002 : start command "set_pin_assignment  Switch[13]   LOCATION = R14; "
RUN-1002 : start command "set_pin_assignment  Switch[14]   LOCATION = T15; "
RUN-1002 : start command "set_pin_assignment  Switch[15]   LOCATION = R15; "
RUN-1002 : start command "set_pin_assignment  Switch[1]   LOCATION = R5; "
RUN-1002 : start command "set_pin_assignment  Switch[2]   LOCATION = T5; "
RUN-1002 : start command "set_pin_assignment  Switch[3]   LOCATION = T6; "
RUN-1002 : start command "set_pin_assignment  Switch[4]   LOCATION = M6; "
RUN-1002 : start command "set_pin_assignment  Switch[5]   LOCATION = P6; "
RUN-1002 : start command "set_pin_assignment  Switch[6]   LOCATION = N6; "
RUN-1002 : start command "set_pin_assignment  Switch[7]   LOCATION = P8; "
RUN-1002 : start command "set_pin_assignment  Switch[8]   LOCATION = N8; "
RUN-1002 : start command "set_pin_assignment  Switch[9]   LOCATION = R9; "
RUN-1002 : start command "set_pin_assignment  cam_data[0]   LOCATION = H15; IOSTANDARD = LVCMOS33; "
RUN-1002 : start command "set_pin_assignment  cam_data[1]   LOCATION = J16; IOSTANDARD = LVCMOS33; "
RUN-1002 : start command "set_pin_assignment  cam_data[2]   LOCATION = K16; IOSTANDARD = LVCMOS33; "
RUN-1002 : start command "set_pin_assignment  cam_data[3]   LOCATION = K15; IOSTANDARD = LVCMOS33; "
RUN-1002 : start command "set_pin_assignment  cam_data[4]   LOCATION = G14; IOSTANDARD = LVCMOS33; "
RUN-1002 : start command "set_pin_assignment  cam_data[5]   LOCATION = H16; IOSTANDARD = LVCMOS33; "
RUN-1002 : start command "set_pin_assignment  cam_data[6]   LOCATION = G16; IOSTANDARD = LVCMOS33; "
RUN-1002 : start command "set_pin_assignment  cam_data[7]   LOCATION = H13; IOSTANDARD = LVCMOS33; "
RUN-1002 : start command "set_pin_assignment  cam_href   LOCATION = F15; "
RUN-1002 : start command "set_pin_assignment  cam_pclk   LOCATION = K12; "
RUN-1002 : start command "set_pin_assignment  cam_pwdn   LOCATION = F14; "
RUN-1002 : start command "set_pin_assignment  cam_rst   LOCATION = F13; "
RUN-1002 : start command "set_pin_assignment  cam_soic   LOCATION = D16; PULLTYPE = PULLUP; "
RUN-1002 : start command "set_pin_assignment  cam_soid   LOCATION = D14; "
RUN-1002 : start command "set_pin_assignment  cam_vsync   LOCATION = E15; "
RUN-1002 : start command "set_pin_assignment  cam_xclk   LOCATION = J12; "
RUN-1002 : start command "set_pin_assignment  clk_24m   LOCATION = K14; "
RUN-1002 : start command "set_pin_assignment  rst_n   LOCATION = G11; "
RUN-1002 : start command "set_pin_assignment  vga_b[0]   LOCATION = G1; SLEWRATE = FAST; "
RUN-1002 : start command "set_pin_assignment  vga_b[1]   LOCATION = F1; SLEWRATE = FAST; "
RUN-1002 : start command "set_pin_assignment  vga_b[2]   LOCATION = F2; SLEWRATE = FAST; "
RUN-1002 : start command "set_pin_assignment  vga_b[3]   LOCATION = E1; SLEWRATE = FAST; "
RUN-1002 : start command "set_pin_assignment  vga_b[4]   LOCATION = G3; SLEWRATE = FAST; "
RUN-1002 : start command "set_pin_assignment  vga_b[5]   LOCATION = E2; SLEWRATE = FAST; "
RUN-1002 : start command "set_pin_assignment  vga_b[6]   LOCATION = D1; SLEWRATE = FAST; "
RUN-1002 : start command "set_pin_assignment  vga_b[7]   LOCATION = C1; SLEWRATE = FAST; "
RUN-1002 : start command "set_pin_assignment  vga_clk   LOCATION = H2; "
RUN-1002 : start command "set_pin_assignment  vga_g[0]   LOCATION = L1; "
RUN-1002 : start command "set_pin_assignment  vga_g[1]   LOCATION = K2; "
RUN-1002 : start command "set_pin_assignment  vga_g[2]   LOCATION = K1; "
RUN-1002 : start command "set_pin_assignment  vga_g[3]   LOCATION = J1; "
RUN-1002 : start command "set_pin_assignment  vga_g[4]   LOCATION = H3; "
RUN-1002 : start command "set_pin_assignment  vga_g[5]   LOCATION = J6; "
RUN-1002 : start command "set_pin_assignment  vga_g[6]   LOCATION = H1; "
RUN-1002 : start command "set_pin_assignment  vga_g[7]   LOCATION = H5; "
RUN-1002 : start command "set_pin_assignment  vga_hsync   LOCATION = J3; "
RUN-1002 : start command "set_pin_assignment  vga_r[0]   LOCATION = L5; "
RUN-1002 : start command "set_pin_assignment  vga_r[1]   LOCATION = L3; "
RUN-1002 : start command "set_pin_assignment  vga_r[2]   LOCATION = M2; "
RUN-1002 : start command "set_pin_assignment  vga_r[3]   LOCATION = M1; "
RUN-1002 : start command "set_pin_assignment  vga_r[4]   LOCATION = L4; "
RUN-1002 : start command "set_pin_assignment  vga_r[5]   LOCATION = K5; "
RUN-1002 : start command "set_pin_assignment  vga_r[6]   LOCATION = K3; "
RUN-1002 : start command "set_pin_assignment  vga_r[7]   LOCATION = K6; "
RUN-1002 : start command "set_pin_assignment  vga_vsync   LOCATION = J4; "
RUN-1002 : start command "optimize_rtl"
RUN-1001 : Open license file C:/Anlogic/TD5.6.59063/license/Anlogic.lic
RUN-1001 : Print Global Property
RUN-1001 : ---------------------------------------------------------------
RUN-1001 :        Parameters        |  Settings  |  Default Values  |  Note  
RUN-1001 : ---------------------------------------------------------------
RUN-1001 :          message         |  standard  |     standard     |        
RUN-1001 :   mixed_pack_place_flow  |     on     |        on        |        
RUN-1001 :        qor_monitor       |    off     |       off        |        
RUN-1001 :        syn_ip_flow       |    off     |       off        |        
RUN-1001 :          thread          |    auto    |       auto       |        
RUN-1001 : ---------------------------------------------------------------
RUN-1001 : Print Rtl Property
RUN-1001 : --------------------------------------------------------------
RUN-1001 :        Parameters       |  Settings  |  Default Values  |  Note  
RUN-1001 : --------------------------------------------------------------
RUN-1001 :       compress_add      |   ripple   |      ripple      |        
RUN-1001 :        elf_sload        |    off     |       off        |        
RUN-1001 :       fix_undriven      |     0      |        0         |        
RUN-1001 :         flatten         |    off     |       off        |        
RUN-1001 :       gate_sharing      |     on     |        on        |        
RUN-1001 :    hdl_warning_level    |   normal   |      normal      |        
RUN-1001 :   impl_internal_tribuf  |     on     |        on        |        
RUN-1001 :      impl_set_reset     |     on     |        on        |        
RUN-1001 :        infer_gsr        |    off     |       off        |        
RUN-1001 :      keep_hierarchy     |    auto    |       auto       |        
RUN-1001 :        max_fanout       |    9999    |       9999       |        
RUN-1001 :      max_oh2bin_len     |     10     |        10        |        
RUN-1001 :       merge_equal       |     on     |        on        |        
RUN-1001 :       merge_equiv       |     on     |        on        |        
RUN-1001 :        merge_mux        |    off     |       off        |        
RUN-1001 :     min_control_set     |     8      |        8         |        
RUN-1001 :      min_ripple_len     |    auto    |       auto       |        
RUN-1001 :       oh2bin_ratio      |    0.08    |       0.08       |        
RUN-1001 :     opt_adder_fanout    |     on     |        on        |        
RUN-1001 :        opt_arith        |     on     |        on        |        
RUN-1001 :       opt_big_gate      |    off     |       off        |        
RUN-1001 :        opt_const        |     on     |        on        |        
RUN-1001 :      opt_const_mult     |     on     |        on        |        
RUN-1001 :       opt_lessthan      |     on     |        on        |        
RUN-1001 :         opt_mux         |    off     |       off        |        
RUN-1001 :         opt_ram         |    high    |       high       |        
RUN-1001 :      rtl_sim_model      |    off     |       off        |        
RUN-1001 :         seq_syn         |     on     |        on        |        
RUN-1001 : --------------------------------------------------------------
SYN-1012 : SanityCheck: Model "test_camera"
SYN-1012 : SanityCheck: Model "Sdram_Control_4Port"
SYN-1012 : SanityCheck: Model "command"
SYN-1012 : SanityCheck: Model "control_interface"
SYN-1012 : SanityCheck: Model "sdr_data_path"
SYN-1012 : SanityCheck: Model "Sdram_RD_FIFO"
SYN-1012 : SanityCheck: Model "softfifo"
SYN-1012 : SanityCheck: Model "ram_infer_softfifo(DATAWIDTH_A=16,ADDRWIDTH_A=10,DATAWIDTH_B=16,ADDRWIDTH_B=10)"
SYN-1012 : SanityCheck: Model "fifo_cross_domain_addr_process_al_softfifo(ADDR_WIDTH=10)"
SYN-1012 : SanityCheck: Model "sdram"
SYN-1012 : SanityCheck: Model "Sdram_WR_FIFO"
SYN-1012 : SanityCheck: Model "Mode_Switch"
SYN-1012 : SanityCheck: Model "Driver"
SYN-1012 : SanityCheck: Model "camera_init"
SYN-1012 : SanityCheck: Model "i2c_module"
SYN-1012 : SanityCheck: Model "camera_reader"
SYN-1012 : SanityCheck: Model "image_process"
SYN-1012 : SanityCheck: Model "RGBYCbCr"
SYN-1012 : SanityCheck: Model "image_select"
SYN-1012 : SanityCheck: Model "ip_pll"
SYN-1043 : Mark ip_pll as IO macro for instance bufg_feedback
SYN-1043 : Mark Sdram_Control_4Port as IO macro for instance DQ_i10
SYN-1011 : Flatten model test_camera
SYN-1032 : 8172/3774 useful/useless nets, 2271/413 useful/useless insts
SYN-1016 : Merged 803 instances.
SYN-1025 : Merged 4 RAM ports.
SYN-1026 : Infer Logic BRAM(Sdram_Control_4Port/read_fifo1/dcfifo_component/ram_inst/ramread0_syn_6)
	 port mode: single dual port
	 port a size: 1024 x 16	 write mode: NORMAL
	 port b size: 1024 x 16	 write mode: READBEFOREWRITE
SYN-1026 : Infer Logic BRAM(Sdram_Control_4Port/write_fifo1/dcfifo_component/ram_inst/ramread0_syn_6)
	 port mode: single dual port
	 port a size: 1024 x 16	 write mode: NORMAL
	 port b size: 1024 x 16	 write mode: READBEFOREWRITE
SYN-1026 : Infer Logic BRAM(Sdram_Control_4Port/write_fifo2/dcfifo_component/ram_inst/ramread0_syn_6)
	 port mode: single dual port
	 port a size: 1024 x 16	 write mode: NORMAL
	 port b size: 1024 x 16	 write mode: READBEFOREWRITE
SYN-1023 : Infer 0 Logic DRAMs, 3 Logic BRAMs.
SYN-1032 : 3935/4019 useful/useless nets, 1239/186 useful/useless insts
SYN-1016 : Merged 651 instances.
SYN-5011 WARNING: Undriven pin: model "test_camera" / inst "u_image_process/reg0_syn_2" in ../../RTL/image_process.v(26) / pin "ar"
SYN-5011 WARNING: Undriven pin: model "test_camera" / inst "u_image_process/reg0_syn_2" in ../../RTL/image_process.v(26) / pin "as"
SYN-5011 WARNING: Undriven pin: model "test_camera" / inst "u_image_process/reg0_syn_2" in ../../RTL/image_process.v(26) / pin "d"
SYN-5011 WARNING: Undriven pin: model "test_camera" / inst "u_image_process/u_RGBYCbCr/reg0_syn_2" in ../../RTL/RGBYCbCr.v(99) / pin "d"
SYN-5013 WARNING: Undriven net: model "test_camera" / net "cmos_frame_valid" in ../../RTL/test_camera.v(113)
SYN-5014 WARNING: the net's pin: pin "d" in ../../RTL/RGBYCbCr.v(144)
SYN-5014 WARNING: the net's pin: pin "i2" in ../../RTL/image_select.v(23)
SYN-5025 WARNING: Using 0 for all undriven pins and nets
SYN-1032 : 3344/82 useful/useless nets, 2867/155 useful/useless insts
SYN-1014 : Optimize round 1
SYN-1017 : Remove 9 const input seq instances
SYN-1002 :     u_Mode_Switch/reg0_syn_10
SYN-1002 :     u_Mode_Switch/reg1_syn_5
SYN-1002 :     u_cam_vga_out/reg0_syn_13
SYN-1002 :     u_camera_init/reg4_syn_4
SYN-1002 :     u_image_process/u_RGBYCbCr/reg10_syn_15
SYN-1002 :     u_image_process/u_RGBYCbCr/reg13_syn_2
SYN-1002 :     u_image_process/u_RGBYCbCr/reg7_syn_2
SYN-1002 :     u_image_process/u_RGBYCbCr/reg7_syn_3
SYN-1002 :     u_image_process/u_RGBYCbCr/reg7_syn_4
SYN-1019 : Optimized 48 mux instances.
SYN-1021 : Optimized 51 onehot mux instances.
SYN-1020 : Optimized 222 distributor mux.
SYN-1001 : Optimize 14 less-than instances
SYN-1019 : Optimized 9 mux instances.
SYN-1016 : Merged 792 instances.
SYN-1015 : Optimize round 1, 1983 better
SYN-1014 : Optimize round 2
SYN-1044 : Optimized 8 inv instances.
SYN-1032 : 2443/443 useful/useless nets, 2126/687 useful/useless insts
SYN-1017 : Remove 10 const input seq instances
SYN-1002 :     Sdram_Control_4Port/reg10_syn_11
SYN-1002 :     Sdram_Control_4Port/reg11_syn_2
SYN-1002 :     Sdram_Control_4Port/reg11_syn_21
SYN-1002 :     Sdram_Control_4Port/reg13_syn_2
SYN-1002 :     Sdram_Control_4Port/reg13_syn_21
SYN-1002 :     Sdram_Control_4Port/reg4_syn_3
SYN-1002 :     Sdram_Control_4Port/reg7_syn_3
SYN-1002 :     Sdram_Control_4Port/write_fifo2/dcfifo_component/wr_to_rd_cross_inst/reg1_syn_10
SYN-1002 :     u_image_process/out_frame_clken_imy_reg
SYN-1002 :     Sdram_Control_4Port/write_fifo2/dcfifo_component/wr_to_rd_cross_inst/reg2_syn_11
SYN-1019 : Optimized 3 mux instances.
SYN-1020 : Optimized 3 distributor mux.
SYN-1016 : Merged 12 instances.
SYN-1015 : Optimize round 2, 1167 better
SYN-1032 : 2393/41 useful/useless nets, 2099/17 useful/useless insts
SYN-3004 : Optimized 10 const0 DFF(s)
SYN-3003 : Optimized 1 equivalent DFF(s)
SYN-3003 : Optimized 1 equivalent DFF(s)
SYN-3004 : Optimized 2 const0 DFF(s)
SYN-3003 : Optimized 1 equivalent DFF(s)
SYN-3003 : Optimized 1 equivalent DFF(s)
SYN-3003 : Optimized 1 equivalent DFF(s)
SYN-3003 : Optimized 1 equivalent DFF(s)
SYN-3003 : Optimized 1 equivalent DFF(s)
SYN-3003 : Optimized 1 equivalent DFF(s)
SYN-3003 : Optimized 1 equivalent DFF(s)
SYN-3003 : Optimized 1 equivalent DFF(s)
SYN-3004 : Optimized 1 const0 DFF(s)
SYN-1032 : 2342/51 useful/useless nets, 2064/12 useful/useless insts
SYN-1014 : Optimize round 1
SYN-1044 : Optimized 2 inv instances.
SYN-1032 : 2236/90 useful/useless nets, 1975/73 useful/useless insts
SYN-1017 : Remove 2 const input seq instances
SYN-1002 :     Sdram_Control_4Port/command1/reg0_syn_2
SYN-1002 :     Sdram_Control_4Port/reg0_syn_2
SYN-1019 : Optimized 3 mux instances.
SYN-1016 : Merged 32 instances.
SYN-1015 : Optimize round 1, 234 better
SYN-1014 : Optimize round 2
SYN-1032 : 2164/26 useful/useless nets, 1921/4 useful/useless insts
SYN-1017 : Remove 6 const input seq instances
SYN-1002 :     Sdram_Control_4Port/write_fifo1/dcfifo_component/wr_to_rd_cross_inst/reg0_syn_10
SYN-1002 :     Sdram_Control_4Port/write_fifo1/dcfifo_component/wr_to_rd_cross_inst/reg3_syn_12
SYN-1002 :     Sdram_Control_4Port/write_fifo1/dcfifo_component/wr_to_rd_cross_inst/reg3_syn_13
SYN-1002 :     Sdram_Control_4Port/write_fifo1/dcfifo_component/wr_to_rd_cross_inst/reg1_syn_12
SYN-1002 :     Sdram_Control_4Port/write_fifo1/dcfifo_component/wr_to_rd_cross_inst/reg1_syn_13
SYN-1002 :     Sdram_Control_4Port/write_fifo1/dcfifo_component/wr_to_rd_cross_inst/reg2_syn_21
SYN-1015 : Optimize round 2, 14 better
SYN-1014 : Optimize round 3
SYN-1032 : 2147/0 useful/useless nets, 1904/1 useful/useless insts
SYN-1017 : Remove 9 const input seq instances
SYN-1002 :     Sdram_Control_4Port/write_fifo1/dcfifo_component/wr_to_rd_cross_inst/reg2_syn_12
SYN-1002 :     Sdram_Control_4Port/write_fifo1/dcfifo_component/wr_to_rd_cross_inst/reg2_syn_13
SYN-1002 :     Sdram_Control_4Port/write_fifo1/dcfifo_component/wr_to_rd_cross_inst/reg2_syn_14
SYN-1002 :     Sdram_Control_4Port/write_fifo1/dcfifo_component/wr_to_rd_cross_inst/reg2_syn_15
SYN-1002 :     Sdram_Control_4Port/write_fifo1/dcfifo_component/wr_to_rd_cross_inst/reg2_syn_16
SYN-1002 :     Sdram_Control_4Port/write_fifo1/dcfifo_component/wr_to_rd_cross_inst/reg2_syn_17
SYN-1002 :     Sdram_Control_4Port/write_fifo1/dcfifo_component/wr_to_rd_cross_inst/reg2_syn_18
SYN-1002 :     Sdram_Control_4Port/write_fifo1/dcfifo_component/wr_to_rd_cross_inst/reg2_syn_19
SYN-1002 :     Sdram_Control_4Port/write_fifo1/dcfifo_component/wr_to_rd_cross_inst/reg2_syn_20
SYN-1015 : Optimize round 3, 19 better
SYN-1014 : Optimize round 4
SYN-1015 : Optimize round 4, 0 better
RUN-1003 : finish command "optimize_rtl" in  2.444395s wall, 2.328125s user + 0.109375s system = 2.437500s CPU (99.7%)

RUN-1004 : used memory is 123 MB, reserved memory is 94 MB, peak memory is 126 MB
RUN-1002 : start command "report_area -file ov2640_sdram_rtl.area"
RUN-1001 : standard
***Report Model: test_camera Device: EG4S20BG256***

IO Statistics
#IO                        77
  #input                   29
  #output                  47
  #inout                    1

Gate Statistics
#Basic gates             1156
  #and                    211
  #nand                     0
  #or                      45
  #nor                      0
  #xor                     34
  #xnor                     0
  #buf                      0
  #not                     97
  #bufif1                  33
  #MX21                   235
  #FADD                     0
  #DFF                    501
  #LATCH                    0
#MACRO_ADD                 35
#MACRO_EQ                 218
#MACRO_MUX                478
#MACRO_OTHERS               4

Report Hierarchy Area:
+------------------------------------------------------------------------------------------------+
|Instance                    |Module                                     |gates  |seq    |macros |
+------------------------------------------------------------------------------------------------+
|top                         |test_camera                                |655    |501    |257    |
|  Sdram_Control_4Port       |Sdram_Control_4Port                        |338    |304    |50     |
|    command1                |command                                    |106    |47     |0      |
|    control1                |control_interface                          |26     |50     |17     |
|    read_fifo1              |Sdram_RD_FIFO                              |38     |105    |7      |
|      dcfifo_component      |softfifo                                   |38     |105    |7      |
|        ram_inst            |ram_infer_softfifo                         |0      |0      |1      |
|        rd_to_wr_cross_inst |fifo_cross_domain_addr_process_al_softfifo |17     |40     |0      |
|        wr_to_rd_cross_inst |fifo_cross_domain_addr_process_al_softfifo |17     |40     |0      |
|    sdram1                  |sdram                                      |0      |0      |0      |
|    write_fifo1             |Sdram_WR_FIFO                              |2      |10     |4      |
|      dcfifo_component      |softfifo                                   |2      |10     |4      |
|        ram_inst            |ram_infer_softfifo                         |0      |0      |1      |
|    write_fifo2             |Sdram_WR_FIFO                              |0      |0      |1      |
|      dcfifo_component      |softfifo                                   |0      |0      |1      |
|        ram_inst            |ram_infer_softfifo                         |0      |0      |1      |
|  u_Mode_Switch             |Mode_Switch                                |54     |9      |0      |
|  u_cam_vga_out             |Driver                                     |22     |23     |11     |
|  u_camera_init             |camera_init                                |198    |85     |193    |
|    u_i2c_write             |i2c_module                                 |130    |43     |6      |
|  u_camera_reader           |camera_reader                              |38     |63     |2      |
|  u_image_select            |image_select                               |2      |16     |0      |
|  u_pll                     |ip_pll                                     |0      |0      |1      |
+------------------------------------------------------------------------------------------------+

RUN-1002 : start command "export_db ov2640_sdram_rtl.db"
RUN-1001 : Exported /
RUN-1001 : Exported flow parameters
RUN-1001 : Exported libs
RUN-1001 : Exported entities
RUN-1001 : Exported ports
RUN-1001 : Exported pins
RUN-1001 : Exported instances
RUN-1001 : Exported nets
RUN-1001 : Exported buses
RUN-1001 : Exported models
RUN-1001 : Exported congestions
RUN-1001 : Exported violations
RUN-1001 : Exported IO constraints
RUN-1001 : Exported Inst constraints
RUN-1002 : start command "read_sdc"
USR-1002 : read_sdc file_name -help -h -eco
RUN-1002 : start command "get_regs */primary_addr_gray_reg[*]"
RUN-1002 : start command "get_regs */sync_r1[*]"
RUN-1002 : start command "set_max_delay -from  -to  5 -datapath_only"
RUN-1002 : start command "get_regs */primary_addr_gray_reg[*]"
RUN-1002 : start command "get_regs */sync_r1[*]"
RUN-1002 : start command "set_false_path -from  -to  -hold 5"
USR-1002 : set_false_path -help -setup -hold -from <list> -rise_from <list> -fall_from <list> -to <list> -rise_to <list> -fall_to <list> -through <list>
RUN-1002 : start command "get_regs */primary_addr_gray_reg[*]"
RUN-1002 : start command "get_regs */sync_r1[*]"
RUN-1002 : start command "set_max_delay -from  -to  5 -datapath_only"
RUN-1002 : start command "get_regs */primary_addr_gray_reg[*]"
RUN-1002 : start command "get_regs */sync_r1[*]"
RUN-1002 : start command "set_max_delay -from  -to  5 -datapath_only"
RUN-1002 : start command "get_regs */primary_addr_gray_reg[*]"
RUN-1002 : start command "get_regs */sync_r1[*]"
RUN-1002 : start command "set_max_delay -from  -to  5 -datapath_only"
RUN-1104 : Import SDC file  finished, there are 40 nets kept by constraints.
RUN-1002 : start command "optimize_gate -maparea ov2640_sdram_gate.area"
RUN-1001 : Open license file C:/Anlogic/TD5.6.59063/license/Anlogic.lic
RUN-1001 : Print Global Property
RUN-1001 : ---------------------------------------------------------------
RUN-1001 :        Parameters        |  Settings  |  Default Values  |  Note  
RUN-1001 : ---------------------------------------------------------------
RUN-1001 :          message         |  standard  |     standard     |        
RUN-1001 :   mixed_pack_place_flow  |     on     |        on        |        
RUN-1001 :        qor_monitor       |    off     |       off        |        
RUN-1001 :        syn_ip_flow       |    off     |       off        |        
RUN-1001 :          thread          |    auto    |       auto       |        
RUN-1001 : ---------------------------------------------------------------
RUN-1001 : Print Gate Property
RUN-1001 : ------------------------------------------------------------------
RUN-1001 :          Parameters         |  Settings  |  Default Values  |  Note  
RUN-1001 : ------------------------------------------------------------------
RUN-1001 :         cascade_dsp         |    off     |       off        |        
RUN-1001 :         cascade_eram        |    off     |       off        |        
RUN-1001 :        gate_sim_model       |    off     |       off        |        
RUN-1001 :        map_sim_model        |    off     |       off        |        
RUN-1001 :         map_strategy        |     1      |        1         |        
RUN-1001 :           opt_area          |   medium   |      medium      |        
RUN-1001 :          opt_timing         |    auto    |       auto       |        
RUN-1001 :         pack_effort         |   medium   |      medium      |        
RUN-1001 :      pack_lslice_ripple     |     on     |        on        |        
RUN-1001 :   pack_lslice_ripple_ratio  |    0.5     |       0.5        |        
RUN-1001 :        pack_seq_in_io       |    auto    |       auto       |        
RUN-1001 :        ph1_mux_ratio        |    1.0     |       1.0        |        
RUN-1001 :            report           |  standard  |     standard     |        
RUN-1001 :           retiming          |    off     |       off        |        
RUN-1001 : ------------------------------------------------------------------
SYN-2002 : EG_PHY_SDRAM_2M_32 instance Sdram_Control_4Port/sdram1/sdram.
SYN-2001 : Map 132 IOs to PADs
SYN-1032 : 2285/0 useful/useless nets, 2073/33 useful/useless insts
RUN-1002 : start command "update_pll_param -module test_camera"
SYN-2501 : Processed 0 LOGIC_BUF instances.
SYN-2501 : 1 BUFG to GCLK
SYN-2595 : bram inst: Sdram_Control_4Port/read_fifo1/dcfifo_component/ram_inst/ramread0_syn_6 is set to PDPW/SP from DP for resource saving
SYN-2594 : bram inst: Sdram_Control_4Port/write_fifo2/dcfifo_component/ram_inst/ramread0_syn_6 will be optimized to a new one with A-addr 1 due to const address
SYN-2512 : LOGIC BRAM "Sdram_Control_4Port/read_fifo1/dcfifo_component/ram_inst/ramread0_syn_8"
SYN-2512 : LOGIC BRAM "Sdram_Control_4Port/write_fifo1/dcfifo_component/ram_inst/ramread0_syn_6"
SYN-2512 : LOGIC BRAM "Sdram_Control_4Port/write_fifo2/dcfifo_component/ram_inst/ramread0_syn_8"
SYN-2571 : Optimize after map_dsp, round 1
SYN-1032 : 2273/18 useful/useless nets, 2077/3 useful/useless insts
SYN-1016 : Merged 1 instances.
SYN-2571 : Optimize after map_dsp, round 1, 6 better
SYN-2571 : Optimize after map_dsp, round 2
SYN-2571 : Optimize after map_dsp, round 2, 0 better
SYN-1001 : Throwback 26 control mux instances
SYN-2501 : Optimize round 1
SYN-1016 : Merged 1889 instances.
SYN-2501 : Optimize round 1, 3689 better
SYN-2501 : Optimize round 2
SYN-2501 : Optimize round 2, 0 better
SYN-2501 : Map 33 macro adder
SYN-1019 : Optimized 1641 mux instances.
SYN-1016 : Merged 1850 instances.
SYN-1032 : 3678/1647 useful/useless nets, 3485/3 useful/useless insts
RUN-1002 : start command "start_timer -prepack"
TMR-2505 : Start building timing graph for model test_camera.
TMR-2506 : Build timing graph completely. Port num: 19, tpin num: 12290, tnet num: 3678, tinst num: 3484, tnode num: 13669, tedge num: 17297.
TMR-2508 : Levelizing timing graph completed, there are 46 levels in total.
TMR-2501 : Timing graph initialized successfully.
TMR-2503 : Start to update net delay, extr mode = 2.
TMR-2504 : Update delay of 3678 nets completely.
TMR-2502 : Annotate delay completely, extr mode = 2.
TMR-3001 : Initiate 0 clocks from SDC.
TMR-3004 : Map sdc constraints, there are 2 constraints in total.
TMR-3003 : Constraints initiated successfully.
TMR-3501 : Forward propagation: start to calculate arrival time...
TMR-3502 : Backward propagation: start to calculate required time...
TMR-3503 : Timing propagation completes.
SYN-3001 : Running gate level optimization.
SYN-2581 : Mapping with K=5, #lut = 973 (3.46), #lev = 12 (2.71)
SYN-2551 : Post LUT mapping optimization.
SYN-2581 : Mapping with K=5, #lut = 860 (3.45), #lev = 10 (2.63)
SYN-3001 : Logic optimization runtime opt =   0.17 sec, map =   0.00 sec
SYN-3001 : Mapper mapped 2388 instances into 864 LUTs, name keeping = 48%.
RUN-1002 : start command "report_area -file ov2640_sdram_gate.area"
RUN-1001 : standard
***Report Model: test_camera Device: EG4S20BG256***

IO Statistics
#IO                        77
  #input                   29
  #output                  47
  #inout                    1

LUT Statistics
#Total_luts              1241
  #lut4                   664
  #lut5                   200
  #lut6                     0
  #lut5_mx41                0
  #lut4_alu1b             377

Utilization Statistics
#lut                     1241   out of  19600    6.33%
#reg                      501   out of  19600    2.56%
#le                         0
#dsp                        0   out of     29    0.00%
#bram                       0   out of     64    0.00%
  #bram9k                   0
  #fifo9k                   0
#bram32k                    2   out of     16   12.50%
#pad                       77   out of    188   40.96%
  #ireg                     0
  #oreg                     0
  #treg                     0
#pll                        1   out of      4   25.00%

Report Hierarchy Area:
+---------------------------------------------------------------------------------------------------------------------+
|Instance                    |Module                                     |lut     |ripple  |seq     |bram    |dsp     |
+---------------------------------------------------------------------------------------------------------------------+
|top                         |test_camera                                |864     |377     |501     |2       |0       |
|  Sdram_Control_4Port       |Sdram_Control_4Port                        |269     |209     |304     |2       |0       |
|    command1                |command                                    |55      |0       |47      |0       |0       |
|    control1                |control_interface                          |37      |61      |50      |0       |0       |
|    data_path1              |sdr_data_path                              |16      |0       |0       |0       |0       |
|    read_fifo1              |Sdram_RD_FIFO                              |39      |55      |105     |1       |0       |
|      dcfifo_component      |softfifo                                   |39      |55      |105     |1       |0       |
|        ram_inst            |ram_infer_softfifo                         |0       |0       |0       |1       |0       |
|        rd_to_wr_cross_inst |fifo_cross_domain_addr_process_al_softfifo |17      |0       |40      |0       |0       |
|        wr_to_rd_cross_inst |fifo_cross_domain_addr_process_al_softfifo |17      |0       |40      |0       |0       |
|    sdram1                  |sdram                                      |2       |0       |0       |0       |0       |
|    write_fifo1             |Sdram_WR_FIFO                              |4       |22      |10      |1       |0       |
|      dcfifo_component      |softfifo                                   |4       |22      |10      |1       |0       |
|        ram_inst            |ram_infer_softfifo                         |0       |0       |0       |1       |0       |
|  u_Mode_Switch             |Mode_Switch                                |12      |0       |9       |0       |0       |
|  u_cam_vga_out             |Driver                                     |24      |98      |23      |0       |0       |
|  u_camera_init             |camera_init                                |494     |28      |85      |0       |0       |
|    u_i2c_write             |i2c_module                                 |162     |0       |43      |0       |0       |
|  u_camera_reader           |camera_reader                              |27      |42      |63      |0       |0       |
|  u_image_select            |image_select                               |16      |0       |16      |0       |0       |
|  u_pll                     |ip_pll                                     |0       |0       |0       |0       |0       |
+---------------------------------------------------------------------------------------------------------------------+

SYN-1001 : Packing model "test_camera" ...
SYN-4010 : Pack lib has 58 rtl pack models with 25 top pack blocks
SYN-1014 : Optimize round 1
SYN-1015 : Optimize round 1, 0 better
SYN-4002 : Packing 501 DFF/LATCH to SEQ ...
SYN-4009 : Pack 15 carry chain into lslice
SYN-4007 : Packing 187 adder to BLE ...
SYN-4008 : Packed 187 adder and 14 SEQ to BLE.
SYN-4007 : Packing 0 gate4 to BLE ...
SYN-4008 : Packed 0 gate4 and 0 SEQ to BLE.
SYN-4012 : Packed 0 FxMUX
RUN-1003 : finish command "optimize_gate -maparea ov2640_sdram_gate.area" in  2.310405s wall, 2.296875s user + 0.015625s system = 2.312500s CPU (100.1%)

RUN-1004 : used memory is 134 MB, reserved memory is 103 MB, peak memory is 155 MB
RUN-1002 : start command "legalize_phy_inst"
SYN-1011 : Flatten model test_camera
RUN-1002 : start command "export_db ov2640_sdram_gate.db"
RUN-1001 : Exported /
RUN-1001 : Exported flow parameters
RUN-1001 : Exported libs
RUN-1001 : Exported entities
RUN-1001 : Exported ports
RUN-1001 : Exported pins
RUN-1001 : Exported instances
RUN-1001 : Exported nets
RUN-1001 : Exported buses
RUN-1001 : Exported models
RUN-1001 : Exported congestions
RUN-1001 : Exported violations
RUN-1001 : Exported timing constraints
RUN-1001 : Exported IO constraints
RUN-1001 : Exported Inst constraints
RUN-1002 : start command "backup_run_log run.log ../.logs/syn_1/td_20221026_011118.log"
