============================================================
   Tang Dynasty, V5.6.59063
   Copyright (c) 2012-2022 Anlogic
   Executable = C:/Anlogic/TD5.6.59063/bin/td.exe
   Built at =   12:45:13 Sep  6 2022
   Run by =     Administrator
   Run Date =   Thu Oct 27 18:36:43 2022

   Run on =     WIN-25FR57M34TT
============================================================
RUN-1002 : start command "open_project ov2640_sdram.prj"
RUN-1001 : Print Global Property
RUN-1001 : ---------------------------------------------------------------
RUN-1001 :        Parameters        |  Settings  |  Default Values  |  Note  
RUN-1001 : ---------------------------------------------------------------
RUN-1001 :          message         |  standard  |     standard     |        
RUN-1001 :   mixed_pack_place_flow  |     on     |        on        |        
RUN-1001 :        qor_monitor       |    off     |       off        |        
RUN-1001 :        syn_ip_flow       |    off     |       off        |        
RUN-1001 :          thread          |    auto    |       auto       |        
RUN-1001 : ---------------------------------------------------------------
RUN-1001 : Print Design Property
RUN-1001 : --------------------------------------------------------------
RUN-1001 :        Parameters       |  Settings  |  Default Values  |  Note  
RUN-1001 : --------------------------------------------------------------
RUN-1001 :   default_reg_initial   |    auto    |       auto       |        
RUN-1001 :        infer_add        |     on     |        on        |        
RUN-1001 :        infer_fsm        |    off     |       off        |        
RUN-1001 :        infer_mult       |     on     |        on        |        
RUN-1001 :        infer_ram        |     on     |        on        |        
RUN-1001 :        infer_reg        |     on     |        on        |        
RUN-1001 :   infer_reg_init_value  |     on     |        on        |        
RUN-1001 :        infer_rom        |     on     |        on        |        
RUN-1001 :      infer_shifter      |     on     |        on        |        
RUN-1001 : --------------------------------------------------------------
RUN-1001 : Print Rtl Property
RUN-1001 : --------------------------------------------------------------
RUN-1001 :        Parameters       |  Settings  |  Default Values  |  Note  
RUN-1001 : --------------------------------------------------------------
RUN-1001 :       compress_add      |   ripple   |      ripple      |        
RUN-1001 :        elf_sload        |    off     |       off        |        
RUN-1001 :       fix_undriven      |     0      |        0         |        
RUN-1001 :         flatten         |    off     |       off        |        
RUN-1001 :       gate_sharing      |     on     |        on        |        
RUN-1001 :    hdl_warning_level    |   normal   |      normal      |        
RUN-1001 :   impl_internal_tribuf  |     on     |        on        |        
RUN-1001 :      impl_set_reset     |     on     |        on        |        
RUN-1001 :        infer_gsr        |    off     |       off        |        
RUN-1001 :      keep_hierarchy     |    auto    |       auto       |        
RUN-1001 :        max_fanout       |    9999    |       9999       |        
RUN-1001 :      max_oh2bin_len     |     10     |        10        |        
RUN-1001 :       merge_equal       |     on     |        on        |        
RUN-1001 :       merge_equiv       |     on     |        on        |        
RUN-1001 :        merge_mux        |    off     |       off        |        
RUN-1001 :     min_control_set     |     8      |        8         |        
RUN-1001 :      min_ripple_len     |    auto    |       auto       |        
RUN-1001 :       oh2bin_ratio      |    0.08    |       0.08       |        
RUN-1001 :     opt_adder_fanout    |     on     |        on        |        
RUN-1001 :        opt_arith        |     on     |        on        |        
RUN-1001 :       opt_big_gate      |    off     |       off        |        
RUN-1001 :        opt_const        |     on     |        on        |        
RUN-1001 :      opt_const_mult     |     on     |        on        |        
RUN-1001 :       opt_lessthan      |     on     |        on        |        
RUN-1001 :         opt_mux         |    off     |       off        |        
RUN-1001 :         opt_ram         |    high    |       high       |        
RUN-1001 :      rtl_sim_model      |    off     |       off        |        
RUN-1001 :         seq_syn         |     on     |        on        |        
RUN-1001 : --------------------------------------------------------------
HDL-1007 : analyze verilog file ../../al_ip/ip_pll.v
HDL-1007 : undeclared symbol 'open', assumed default net type 'wire' in ../../al_ip/ip_pll.v(93)
HDL-1007 : analyze verilog file ../../al_ip/softfifo.v
HDL-1007 : analyze verilog file ../../al_ip/fifo_1.v
HDL-1007 : analyze verilog file ../../al_ip/fifo_2.v
HDL-1007 : analyze verilog file ../../RTL/camera_init.v
HDL-1007 : undeclared symbol 'clk_div', assumed default net type 'wire' in ../../RTL/camera_init.v(74)
HDL-1007 : analyze verilog file ../../RTL/camera_reader.v
HDL-1007 : analyze verilog file ../../RTL/i2c_module.v
HDL-1007 : analyze verilog file ../../RTL/Sdram_Control_4Port/command.v
HDL-1007 : analyze included file ../../RTL/Sdram_Control_4Port/Sdram_Params.h in ../../RTL/Sdram_Control_4Port/command.v(27)
HDL-1007 : back to file '../../RTL/Sdram_Control_4Port/command.v' in ../../RTL/Sdram_Control_4Port/command.v(27)
HDL-1007 : analyze verilog file ../../RTL/Sdram_Control_4Port/control_interface.v
HDL-1007 : analyze included file ../../RTL/Sdram_Control_4Port/Sdram_Params.h in ../../RTL/Sdram_Control_4Port/control_interface.v(21)
HDL-1007 : back to file '../../RTL/Sdram_Control_4Port/control_interface.v' in ../../RTL/Sdram_Control_4Port/control_interface.v(21)
HDL-1007 : analyze verilog file ../../RTL/Sdram_Control_4Port/sdr_data_path.v
HDL-1007 : analyze included file ../../RTL/Sdram_Control_4Port/Sdram_Params.h in ../../RTL/Sdram_Control_4Port/sdr_data_path.v(10)
HDL-1007 : back to file '../../RTL/Sdram_Control_4Port/sdr_data_path.v' in ../../RTL/Sdram_Control_4Port/sdr_data_path.v(10)
HDL-1007 : analyze verilog file ../../RTL/Sdram_Control_4Port/Sdram_Control_4Port.v
HDL-1007 : analyze included file ../../RTL/Sdram_Control_4Port/Sdram_Params.h in ../../RTL/Sdram_Control_4Port/Sdram_Control_4Port.v(49)
HDL-1007 : back to file '../../RTL/Sdram_Control_4Port/Sdram_Control_4Port.v' in ../../RTL/Sdram_Control_4Port/Sdram_Control_4Port.v(49)
HDL-1007 : analyze verilog file ../../RTL/Sdram_Control_4Port/Sdram_RD_FIFO.v
HDL-5007 WARNING: 'clk' is not declared in ../../RTL/Sdram_Control_4Port/Sdram_RD_FIFO.v(44)
HDL-1007 : analyze verilog file ../../RTL/Sdram_Control_4Port/Sdram_WR_FIFO.v
HDL-1007 : analyze verilog file ../../al_ip/sdram.v
HDL-1007 : analyze verilog file ../../RTL/Driver.v
HDL-1007 : analyze verilog file ../../RTL/RGBYCbCr.v
HDL-1007 : analyze verilog file ../../RTL/image_process.v
HDL-5007 WARNING: identifier 'post_frame_clken' is used before its declaration in ../../RTL/image_process.v(53)
HDL-5007 WARNING: identifier 'post_img_Y' is used before its declaration in ../../RTL/image_process.v(54)
HDL-5007 WARNING: identifier 'post_frame_clken' is used before its declaration in ../../RTL/image_process.v(57)
HDL-5007 WARNING: identifier 'post_img_Y' is used before its declaration in ../../RTL/image_process.v(58)
HDL-5007 WARNING: identifier 'post1_frame_clken' is used before its declaration in ../../RTL/image_process.v(64)
HDL-5007 WARNING: identifier 'post1_img_Y' is used before its declaration in ../../RTL/image_process.v(65)
HDL-5007 WARNING: identifier 'post1_frame_clken' is used before its declaration in ../../RTL/image_process.v(68)
HDL-5007 WARNING: identifier 'post1_img_Y' is used before its declaration in ../../RTL/image_process.v(69)
HDL-5007 WARNING: identifier 'post2_frame_clken' is used before its declaration in ../../RTL/image_process.v(75)
HDL-5007 WARNING: identifier 'post2_img_Y' is used before its declaration in ../../RTL/image_process.v(76)
HDL-5007 Similar messages will be suppressed.
HDL-1007 : analyze verilog file ../../RTL/test_camera.v
HDL-1007 : analyze verilog file ../../RTL/Mode_Switch.v
HDL-1007 : analyze verilog file ../../RTL/image_select.v
HDL-1007 : analyze verilog file ../../RTL/Median_Gray.v
HDL-5007 WARNING: identifier 'mid_value' is used before its declaration in ../../RTL/Median_Gray.v(20)
HDL-1007 : analyze verilog file ../../RTL/three_martix.v
HDL-5007 WARNING: empty statement in sequential block in ../../RTL/three_martix.v(235)
HDL-5007 WARNING: empty statement in sequential block in ../../RTL/three_martix.v(234)
HDL-1007 : analyze verilog file ../../RTL/Median_Filter_3X3.v
HDL-1007 : analyze verilog file ../../RTL/Sort3.v
HDL-1007 : analyze verilog file ../../RTL/Sobel_Process.v
HDL-1007 : undeclared symbol 'csi_pclk', assumed default net type 'wire' in ../../RTL/Sobel_Process.v(48)
HDL-5007 WARNING: identifier 'sobel_value' is used before its declaration in ../../RTL/Sobel_Process.v(23)
HDL-1007 : analyze verilog file ../../RTL/Caculate_Sobel.v
HDL-5007 WARNING: identifier 'matrix_frame_vsync_r' is used before its declaration in ../../RTL/Caculate_Sobel.v(110)
HDL-5007 WARNING: identifier 'matrix_frame_href_r' is used before its declaration in ../../RTL/Caculate_Sobel.v(111)
HDL-5007 WARNING: identifier 'matrix_frame_clken_r' is used before its declaration in ../../RTL/Caculate_Sobel.v(112)
HDL-1007 : analyze verilog file ../../RTL/Erosion_Detector.v
HDL-1007 : analyze verilog file ../../RTL/Dilation_Detector.v
HDL-1007 : undeclared symbol 'post_frame_href', assumed default net type 'wire' in ../../RTL/Dilation_Detector.v(109)
HDL-5007 WARNING: 'clk' is not declared in ../../RTL/Sdram_Control_4Port/Sdram_RD_FIFO.v(44)
RUN-1001 : Project manager successfully analyzed 28 source files.
RUN-1002 : start command "import_device eagle_s20.db -package EG4S20BG256"
ARC-1001 : Device Initialization.
ARC-1001 : ------------------------------------------------------------------
ARC-1001 :            OPTION            |          IO          |   SETTING   
ARC-1001 : ------------------------------------------------------------------
ARC-1001 :   cso_b/cclk/mosi/miso/dout  |  T3/R11/T10/P10/S11  |    gpio    
ARC-1001 :             done             |         P13          |    gpio    
ARC-1001 :           program_b          |          T2          |  dedicate  
ARC-1001 :        tdi/tms/tck/tdo       |   C12/A15/C14/E14    |  dedicate  
ARC-1001 : ------------------------------------------------------------------
ARC-1004 : Device setting, marked 5 dedicate IOs in total.
RUN-1002 : start command "elaborate -top test_camera"
RUN-1001 : Print Design Property
RUN-1001 : --------------------------------------------------------------
RUN-1001 :        Parameters       |  Settings  |  Default Values  |  Note  
RUN-1001 : --------------------------------------------------------------
RUN-1001 :   default_reg_initial   |    auto    |       auto       |        
RUN-1001 :        infer_add        |     on     |        on        |        
RUN-1001 :        infer_fsm        |    off     |       off        |        
RUN-1001 :        infer_mult       |     on     |        on        |        
RUN-1001 :        infer_ram        |     on     |        on        |        
RUN-1001 :        infer_reg        |     on     |        on        |        
RUN-1001 :   infer_reg_init_value  |     on     |        on        |        
RUN-1001 :        infer_rom        |     on     |        on        |        
RUN-1001 :      infer_shifter      |     on     |        on        |        
RUN-1001 : --------------------------------------------------------------
RUN-1001 : Print Rtl Property
RUN-1001 : --------------------------------------------------------------
RUN-1001 :        Parameters       |  Settings  |  Default Values  |  Note  
RUN-1001 : --------------------------------------------------------------
RUN-1001 :       compress_add      |   ripple   |      ripple      |        
RUN-1001 :        elf_sload        |    off     |       off        |        
RUN-1001 :       fix_undriven      |     0      |        0         |        
RUN-1001 :         flatten         |    off     |       off        |        
RUN-1001 :       gate_sharing      |     on     |        on        |        
RUN-1001 :    hdl_warning_level    |   normal   |      normal      |        
RUN-1001 :   impl_internal_tribuf  |     on     |        on        |        
RUN-1001 :      impl_set_reset     |     on     |        on        |        
RUN-1001 :        infer_gsr        |    off     |       off        |        
RUN-1001 :      keep_hierarchy     |    auto    |       auto       |        
RUN-1001 :        max_fanout       |    9999    |       9999       |        
RUN-1001 :      max_oh2bin_len     |     10     |        10        |        
RUN-1001 :       merge_equal       |     on     |        on        |        
RUN-1001 :       merge_equiv       |     on     |        on        |        
RUN-1001 :        merge_mux        |    off     |       off        |        
RUN-1001 :     min_control_set     |     8      |        8         |        
RUN-1001 :      min_ripple_len     |    auto    |       auto       |        
RUN-1001 :       oh2bin_ratio      |    0.08    |       0.08       |        
RUN-1001 :     opt_adder_fanout    |     on     |        on        |        
RUN-1001 :        opt_arith        |     on     |        on        |        
RUN-1001 :       opt_big_gate      |    off     |       off        |        
RUN-1001 :        opt_const        |     on     |        on        |        
RUN-1001 :      opt_const_mult     |     on     |        on        |        
RUN-1001 :       opt_lessthan      |     on     |        on        |        
RUN-1001 :         opt_mux         |    off     |       off        |        
RUN-1001 :         opt_ram         |    high    |       high       |        
RUN-1001 :      rtl_sim_model      |    off     |       off        |        
RUN-1001 :         seq_syn         |     on     |        on        |        
RUN-1001 : --------------------------------------------------------------
RUN-1001 : Print Global Property
RUN-1001 : ---------------------------------------------------------------
RUN-1001 :        Parameters        |  Settings  |  Default Values  |  Note  
RUN-1001 : ---------------------------------------------------------------
RUN-1001 :          message         |  standard  |     standard     |        
RUN-1001 :   mixed_pack_place_flow  |     on     |        on        |        
RUN-1001 :        qor_monitor       |    off     |       off        |        
RUN-1001 :        syn_ip_flow       |    off     |       off        |        
RUN-1001 :          thread          |    auto    |       auto       |        
RUN-1001 : ---------------------------------------------------------------
RUN-1001 : Print Design Property
RUN-1001 : --------------------------------------------------------------
RUN-1001 :        Parameters       |  Settings  |  Default Values  |  Note  
RUN-1001 : --------------------------------------------------------------
RUN-1001 :   default_reg_initial   |    auto    |       auto       |        
RUN-1001 :        infer_add        |     on     |        on        |        
RUN-1001 :        infer_fsm        |    off     |       off        |        
RUN-1001 :        infer_mult       |     on     |        on        |        
RUN-1001 :        infer_ram        |     on     |        on        |        
RUN-1001 :        infer_reg        |     on     |        on        |        
RUN-1001 :   infer_reg_init_value  |     on     |        on        |        
RUN-1001 :        infer_rom        |     on     |        on        |        
RUN-1001 :      infer_shifter      |     on     |        on        |        
RUN-1001 : --------------------------------------------------------------
HDL-1007 : elaborate module test_camera in ../../RTL/test_camera.v(14)
HDL-1007 : elaborate module image_process in ../../RTL/image_process.v(1)
HDL-1007 : elaborate module RGBYCbCr in ../../RTL/RGBYCbCr.v(1)
HDL-5007 WARNING: port 'rd_en_dly2' remains unconnected for this instance in ../../RTL/Median_Gray.v(35)
HDL-1007 : elaborate module Median_Gray in ../../RTL/Median_Gray.v(1)
HDL-5007 WARNING: port 'empty_flag' remains unconnected for this instance in ../../RTL/three_martix.v(270)
HDL-1007 : elaborate module three_martix in ../../RTL/three_martix.v(1)
HDL-1007 : elaborate module fifo_1 in ../../al_ip/fifo_1.v(14)
HDL-1007 : elaborate module EG_LOGIC_FIFO(DATA_WIDTH_W=8,DATA_WIDTH_R=8,DATA_DEPTH_R=1024,F=1024,RESETMODE="SYNC",ENDIAN="BIG") in C:/Anlogic/TD5.6.59063/arch/eagle_macro.v(142)
HDL-1007 : elaborate module fifo_2 in ../../al_ip/fifo_2.v(14)
HDL-1007 : elaborate module Median_Filter_3X3 in ../../RTL/Median_Filter_3X3.v(1)
HDL-1007 : elaborate module Sort3 in ../../RTL/Sort3.v(1)
HDL-1007 : elaborate module Sobel_Process in ../../RTL/Sobel_Process.v(1)
HDL-1007 : elaborate module Caculate_Sobel in ../../RTL/Caculate_Sobel.v(1)
HDL-5007 WARNING: using initial value of 'THRESHOLD' since it is never assigned in ../../RTL/Caculate_Sobel.v(100)
HDL-5007 WARNING: actual bit length 16 differs from formal bit length 1 for port 'cnt_rd' in ../../RTL/Sobel_Process.v(79)
HDL-5007 WARNING: net 'csi_pclk' does not have a driver in ../../RTL/Sobel_Process.v(48)
HDL-5007 WARNING: port 'csi_pclk' is not connected on this instance in ../../RTL/Erosion_Detector.v(29)
HDL-5007 WARNING: port 'rd_en_dly2' remains unconnected for this instance in ../../RTL/Erosion_Detector.v(29)
HDL-1007 : elaborate module Erosion_Detector in ../../RTL/Erosion_Detector.v(1)
HDL-5007 WARNING: actual bit length 1 differs from formal bit length 8 for port 'matrix_p11' in ../../RTL/Erosion_Detector.v(40)
HDL-5007 WARNING: actual bit length 1 differs from formal bit length 8 for port 'matrix_p12' in ../../RTL/Erosion_Detector.v(41)
HDL-5007 WARNING: actual bit length 1 differs from formal bit length 8 for port 'matrix_p13' in ../../RTL/Erosion_Detector.v(42)
HDL-5007 WARNING: actual bit length 1 differs from formal bit length 8 for port 'matrix_p21' in ../../RTL/Erosion_Detector.v(43)
HDL-5007 WARNING: actual bit length 1 differs from formal bit length 8 for port 'matrix_p22' in ../../RTL/Erosion_Detector.v(44)
HDL-5007 WARNING: actual bit length 1 differs from formal bit length 8 for port 'matrix_p23' in ../../RTL/Erosion_Detector.v(45)
HDL-5007 WARNING: actual bit length 1 differs from formal bit length 8 for port 'matrix_p31' in ../../RTL/Erosion_Detector.v(46)
HDL-5007 WARNING: actual bit length 1 differs from formal bit length 8 for port 'matrix_p32' in ../../RTL/Erosion_Detector.v(47)
HDL-5007 WARNING: actual bit length 1 differs from formal bit length 8 for port 'matrix_p33' in ../../RTL/Erosion_Detector.v(48)
HDL-5007 WARNING: input port 'csi_pclk' is not connected on this instance in ../../RTL/Erosion_Detector.v(29)
HDL-5007 Similar messages will be suppressed.
HDL-1007 : elaborate module Dilation_Detector in ../../RTL/Dilation_Detector.v(1)
HDL-5007 WARNING: actual bit length 16 differs from formal bit length 8 for port 'image_input' in ../../RTL/Dilation_Detector.v(35)
HDL-5007 WARNING: actual bit length 1 differs from formal bit length 8 for port 'matrix_p11' in ../../RTL/Dilation_Detector.v(40)
HDL-5007 WARNING: actual bit length 1 differs from formal bit length 8 for port 'matrix_p12' in ../../RTL/Dilation_Detector.v(41)
HDL-5007 WARNING: actual bit length 1 differs from formal bit length 8 for port 'matrix_p13' in ../../RTL/Dilation_Detector.v(42)
HDL-5007 WARNING: actual bit length 1 differs from formal bit length 8 for port 'matrix_p21' in ../../RTL/Dilation_Detector.v(43)
HDL-5007 WARNING: actual bit length 1 differs from formal bit length 8 for port 'matrix_p22' in ../../RTL/Dilation_Detector.v(44)
HDL-5007 WARNING: actual bit length 1 differs from formal bit length 8 for port 'matrix_p23' in ../../RTL/Dilation_Detector.v(45)
HDL-5007 WARNING: actual bit length 1 differs from formal bit length 8 for port 'matrix_p31' in ../../RTL/Dilation_Detector.v(46)
HDL-5007 WARNING: actual bit length 1 differs from formal bit length 8 for port 'matrix_p32' in ../../RTL/Dilation_Detector.v(47)
HDL-5007 WARNING: actual bit length 1 differs from formal bit length 8 for port 'matrix_p33' in ../../RTL/Dilation_Detector.v(48)
HDL-5007 Similar messages will be suppressed.
HDL-1007 : elaborate module Mode_Switch in ../../RTL/Mode_Switch.v(1)
HDL-1007 : elaborate module image_select in ../../RTL/image_select.v(1)
HDL-7007 CRITICAL-WARNING: 'mode' should be on the sensitivity list in ../../RTL/image_select.v(32)
HDL-7007 CRITICAL-WARNING: 'original_image' should be on the sensitivity list in ../../RTL/image_select.v(34)
HDL-7007 CRITICAL-WARNING: 'Gray_rgb565_img' should be on the sensitivity list in ../../RTL/image_select.v(38)
HDL-7007 CRITICAL-WARNING: 'Median_img_gray_565' should be on the sensitivity list in ../../RTL/image_select.v(42)
HDL-7007 CRITICAL-WARNING: 'Sobel_img_565' should be on the sensitivity list in ../../RTL/image_select.v(46)
HDL-7007 CRITICAL-WARNING: 'Sobel_Erosion_img_565' should be on the sensitivity list in ../../RTL/image_select.v(50)
HDL-7007 CRITICAL-WARNING: 'Sobel_Erosion_Dilation_img_565' should be on the sensitivity list in ../../RTL/image_select.v(54)
HDL-5007 WARNING: latch inferred for net 'show_data[15]' in ../../RTL/image_select.v(31)
HDL-1007 : elaborate module ip_pll in ../../al_ip/ip_pll.v(26)
HDL-1007 : elaborate module EG_LOGIC_BUFG in C:/Anlogic/TD5.6.59063/arch/eagle_macro.v(8)
HDL-1007 : elaborate module EG_PHY_PLL(FIN="24.000",FBCLK_DIV=4,CLKC0_DIV=5,CLKC1_DIV=5,CLKC2_DIV=12,CLKC3_DIV=20,CLKC4_DIV=120,CLKC0_ENABLE="ENABLE",CLKC1_ENABLE="ENABLE",CLKC2_ENABLE="ENABLE",CLKC3_ENABLE="ENABLE",CLKC4_ENABLE="ENABLE",FEEDBK_PATH="CLKC0_EXT",STDBY_ENABLE="DISABLE",CLKC1_FPHASE=2,CLKC0_CPHASE=4,CLKC1_CPHASE=5,CLKC2_CPHASE=11,CLKC3_CPHASE=19,CLKC4_CPHASE=119,GMC_GAIN=2,ICP_CURRENT=9,KVCO=2,LPF_CAPACITOR=1,LPF_RESISTOR=8,SYNC_ENABLE="DISABLE") in C:/Anlogic/TD5.6.59063/arch/eagle_macro.v(929)
HDL-1007 : elaborate module camera_init in ../../RTL/camera_init.v(14)
HDL-1007 : elaborate module i2c_module in ../../RTL/i2c_module.v(2)
HDL-1007 : elaborate module Driver in ../../RTL/Driver.v(11)
HDL-1007 : elaborate module camera_reader in ../../RTL/camera_reader.v(14)
HDL-5007 WARNING: port 'INIT_ACK' is not connected on this instance in ../../RTL/Sdram_Control_4Port/Sdram_Control_4Port.v(163)
HDL-1007 : elaborate module Sdram_Control_4Port in ../../RTL/Sdram_Control_4Port/Sdram_Control_4Port.v(1)
HDL-1007 : elaborate module control_interface in ../../RTL/Sdram_Control_4Port/control_interface.v(1)
HDL-5007 WARNING: actual bit length 2 differs from formal bit length 3 for port 'CMD' in ../../RTL/Sdram_Control_4Port/Sdram_Control_4Port.v(166)
HDL-1007 : elaborate module command in ../../RTL/Sdram_Control_4Port/command.v(1)
HDL-1007 : elaborate module sdr_data_path in ../../RTL/Sdram_Control_4Port/sdr_data_path.v(1)
HDL-5007 WARNING: port 'valid' remains unconnected for this instance in ../../RTL/Sdram_Control_4Port/Sdram_WR_FIFO.v(86)
HDL-1007 : elaborate module Sdram_WR_FIFO in ../../RTL/Sdram_Control_4Port/Sdram_WR_FIFO.v(39)
HDL-5007 WARNING: port 'doa' remains unconnected for this instance in ../../al_ip/softfifo.v(260)
HDL-1007 : elaborate module softfifo in ../../al_ip/softfifo.v(25)
HDL-1007 : elaborate module fifo_cross_domain_addr_process_al_softfifo(ADDR_WIDTH=10) in ../../al_ip/softfifo.v(289)
HDL-1007 : elaborate module ram_infer_softfifo(DATAWIDTH_A=16,ADDRWIDTH_A=10,DATAWIDTH_B=16,ADDRWIDTH_B=10) in ../../al_ip/softfifo.v(377)
HDL-1007 : extracting RAM for identifier 'memory' in ../../al_ip/softfifo.v(442)
HDL-5007 WARNING: input port 'dib[15]' is not connected on this instance in ../../al_ip/softfifo.v(265)
HDL-5007 WARNING: actual bit length 16 differs from formal bit length 11 for port 'wrusedw' in ../../RTL/Sdram_Control_4Port/Sdram_WR_FIFO.v(93)
HDL-5007 WARNING: actual bit length 16 differs from formal bit length 11 for port 'rdusedw' in ../../RTL/Sdram_Control_4Port/Sdram_WR_FIFO.v(98)
HDL-5007 WARNING: port 'valid' remains unconnected for this instance in ../../RTL/Sdram_Control_4Port/Sdram_RD_FIFO.v(86)
HDL-1007 : elaborate module Sdram_RD_FIFO in ../../RTL/Sdram_Control_4Port/Sdram_RD_FIFO.v(39)
HDL-5007 WARNING: actual bit length 16 differs from formal bit length 11 for port 'wrusedw' in ../../RTL/Sdram_Control_4Port/Sdram_RD_FIFO.v(93)
HDL-5007 WARNING: actual bit length 16 differs from formal bit length 11 for port 'rdusedw' in ../../RTL/Sdram_Control_4Port/Sdram_RD_FIFO.v(98)
HDL-1007 : elaborate module sdram in ../../al_ip/sdram.v(14)
HDL-1007 : elaborate module EG_PHY_SDRAM_2M_32 in C:/Anlogic/TD5.6.59063/arch/eagle_macro.v(720)
HDL-5007 WARNING: input port 'INIT_ACK' is not connected on this instance in ../../RTL/Sdram_Control_4Port/Sdram_Control_4Port.v(163)
HDL-5007 WARNING: actual bit length 32 differs from formal bit length 21 for port 'WR1_MAX_ADDR' in ../../RTL/test_camera.v(245)
HDL-5007 WARNING: actual bit length 32 differs from formal bit length 21 for port 'WR2_MAX_ADDR' in ../../RTL/test_camera.v(256)
HDL-5007 WARNING: actual bit length 32 differs from formal bit length 21 for port 'RD1_MAX_ADDR' in ../../RTL/test_camera.v(266)
HDL-5007 WARNING: actual bit length 32 differs from formal bit length 21 for port 'RD2_MAX_ADDR' in ../../RTL/test_camera.v(278)
HDL-5001 WARNING: Contains anonymous inst(s) and/or net(s) that have not been renamed
HDL-1200 : Current top model is test_camera
HDL-1100 : Inferred 1 RAMs.
RUN-1002 : start command "export_db ov2640_sdram_elaborate.db"
RUN-1001 : Exported /
RUN-1001 : Exported flow parameters
RUN-1001 : Exported libs
RUN-1001 : Exported entities
RUN-1001 : Exported ports
RUN-1001 : Exported pins
RUN-1001 : Exported instances
RUN-1001 : Exported nets
RUN-1001 : Exported buses
RUN-1001 : Exported models
RUN-1001 : Exported congestions
RUN-1001 : Exported violations
RUN-1001 : Exported IO constraints
RUN-1001 : Exported Inst constraints
RUN-1002 : start command "read_adc ../../SparkRoad.adc"
RUN-1002 : start command "set_pin_assignment  Led[0]   LOCATION = M3; "
RUN-1002 : start command "set_pin_assignment  Led[10]   LOCATION = T8; "
RUN-1002 : start command "set_pin_assignment  Led[11]   LOCATION = T9; "
RUN-1002 : start command "set_pin_assignment  Led[12]   LOCATION = M7; "
RUN-1002 : start command "set_pin_assignment  Led[13]   LOCATION = R12; "
RUN-1002 : start command "set_pin_assignment  Led[14]   LOCATION = T12; "
RUN-1002 : start command "set_pin_assignment  Led[15]   LOCATION = T13; "
RUN-1002 : start command "set_pin_assignment  Led[1]   LOCATION = M4; "
RUN-1002 : start command "set_pin_assignment  Led[2]   LOCATION = N3; "
RUN-1002 : start command "set_pin_assignment  Led[3]   LOCATION = N4; "
RUN-1002 : start command "set_pin_assignment  Led[4]   LOCATION = M5; "
RUN-1002 : start command "set_pin_assignment  Led[5]   LOCATION = P4; "
RUN-1002 : start command "set_pin_assignment  Led[6]   LOCATION = N5; "
RUN-1002 : start command "set_pin_assignment  Led[7]   LOCATION = P5; "
RUN-1002 : start command "set_pin_assignment  Led[8]   LOCATION = R7; "
RUN-1002 : start command "set_pin_assignment  Led[9]   LOCATION = T7; "
RUN-1002 : start command "set_pin_assignment  Switch[0]   LOCATION = T4; "
RUN-1002 : start command "set_pin_assignment  Switch[10]   LOCATION = P9; "
RUN-1002 : start command "set_pin_assignment  Switch[11]   LOCATION = N9; "
RUN-1002 : start command "set_pin_assignment  Switch[12]   LOCATION = T14; "
RUN-1002 : start command "set_pin_assignment  Switch[13]   LOCATION = R14; "
RUN-1002 : start command "set_pin_assignment  Switch[14]   LOCATION = T15; "
RUN-1002 : start command "set_pin_assignment  Switch[15]   LOCATION = R15; "
RUN-1002 : start command "set_pin_assignment  Switch[1]   LOCATION = R5; "
RUN-1002 : start command "set_pin_assignment  Switch[2]   LOCATION = T5; "
RUN-1002 : start command "set_pin_assignment  Switch[3]   LOCATION = T6; "
RUN-1002 : start command "set_pin_assignment  Switch[4]   LOCATION = M6; "
RUN-1002 : start command "set_pin_assignment  Switch[5]   LOCATION = P6; "
RUN-1002 : start command "set_pin_assignment  Switch[6]   LOCATION = N6; "
RUN-1002 : start command "set_pin_assignment  Switch[7]   LOCATION = P8; "
RUN-1002 : start command "set_pin_assignment  Switch[8]   LOCATION = N8; "
RUN-1002 : start command "set_pin_assignment  Switch[9]   LOCATION = R9; "
RUN-1002 : start command "set_pin_assignment  cam_data[0]   LOCATION = H15; IOSTANDARD = LVCMOS33; "
RUN-1002 : start command "set_pin_assignment  cam_data[1]   LOCATION = J16; IOSTANDARD = LVCMOS33; "
RUN-1002 : start command "set_pin_assignment  cam_data[2]   LOCATION = K16; IOSTANDARD = LVCMOS33; "
RUN-1002 : start command "set_pin_assignment  cam_data[3]   LOCATION = K15; IOSTANDARD = LVCMOS33; "
RUN-1002 : start command "set_pin_assignment  cam_data[4]   LOCATION = G14; IOSTANDARD = LVCMOS33; "
RUN-1002 : start command "set_pin_assignment  cam_data[5]   LOCATION = H16; IOSTANDARD = LVCMOS33; "
RUN-1002 : start command "set_pin_assignment  cam_data[6]   LOCATION = G16; IOSTANDARD = LVCMOS33; "
RUN-1002 : start command "set_pin_assignment  cam_data[7]   LOCATION = H13; IOSTANDARD = LVCMOS33; "
RUN-1002 : start command "set_pin_assignment  cam_href   LOCATION = F15; "
RUN-1002 : start command "set_pin_assignment  cam_pclk   LOCATION = K12; "
RUN-1002 : start command "set_pin_assignment  cam_pwdn   LOCATION = F14; "
RUN-1002 : start command "set_pin_assignment  cam_rst   LOCATION = F13; "
RUN-1002 : start command "set_pin_assignment  cam_soic   LOCATION = D16; PULLTYPE = PULLUP; "
RUN-1002 : start command "set_pin_assignment  cam_soid   LOCATION = D14; "
RUN-1002 : start command "set_pin_assignment  cam_vsync   LOCATION = E15; "
RUN-1002 : start command "set_pin_assignment  cam_xclk   LOCATION = J12; "
RUN-1002 : start command "set_pin_assignment  clk_24m   LOCATION = K14; "
RUN-1002 : start command "set_pin_assignment  rst_n   LOCATION = G11; "
RUN-1002 : start command "set_pin_assignment  vga_b[0]   LOCATION = G1; SLEWRATE = FAST; "
RUN-1002 : start command "set_pin_assignment  vga_b[1]   LOCATION = F1; SLEWRATE = FAST; "
RUN-1002 : start command "set_pin_assignment  vga_b[2]   LOCATION = F2; SLEWRATE = FAST; "
RUN-1002 : start command "set_pin_assignment  vga_b[3]   LOCATION = E1; SLEWRATE = FAST; "
RUN-1002 : start command "set_pin_assignment  vga_b[4]   LOCATION = G3; SLEWRATE = FAST; "
RUN-1002 : start command "set_pin_assignment  vga_b[5]   LOCATION = E2; SLEWRATE = FAST; "
RUN-1002 : start command "set_pin_assignment  vga_b[6]   LOCATION = D1; SLEWRATE = FAST; "
RUN-1002 : start command "set_pin_assignment  vga_b[7]   LOCATION = C1; SLEWRATE = FAST; "
RUN-1002 : start command "set_pin_assignment  vga_clk   LOCATION = H2; "
RUN-1002 : start command "set_pin_assignment  vga_g[0]   LOCATION = L1; "
RUN-1002 : start command "set_pin_assignment  vga_g[1]   LOCATION = K2; "
RUN-1002 : start command "set_pin_assignment  vga_g[2]   LOCATION = K1; "
RUN-1002 : start command "set_pin_assignment  vga_g[3]   LOCATION = J1; "
RUN-1002 : start command "set_pin_assignment  vga_g[4]   LOCATION = H3; "
RUN-1002 : start command "set_pin_assignment  vga_g[5]   LOCATION = J6; "
RUN-1002 : start command "set_pin_assignment  vga_g[6]   LOCATION = H1; "
RUN-1002 : start command "set_pin_assignment  vga_g[7]   LOCATION = H5; "
RUN-1002 : start command "set_pin_assignment  vga_hsync   LOCATION = J3; "
RUN-1002 : start command "set_pin_assignment  vga_r[0]   LOCATION = L5; "
RUN-1002 : start command "set_pin_assignment  vga_r[1]   LOCATION = L3; "
RUN-1002 : start command "set_pin_assignment  vga_r[2]   LOCATION = M2; "
RUN-1002 : start command "set_pin_assignment  vga_r[3]   LOCATION = M1; "
RUN-1002 : start command "set_pin_assignment  vga_r[4]   LOCATION = L4; "
RUN-1002 : start command "set_pin_assignment  vga_r[5]   LOCATION = K5; "
RUN-1002 : start command "set_pin_assignment  vga_r[6]   LOCATION = K3; "
RUN-1002 : start command "set_pin_assignment  vga_r[7]   LOCATION = K6; "
RUN-1002 : start command "set_pin_assignment  vga_vsync   LOCATION = J4; "
RUN-1002 : start command "optimize_rtl"
RUN-1001 : Open license file C:/Anlogic/TD5.6.59063/license/Anlogic.lic
RUN-1001 : Print Global Property
RUN-1001 : ---------------------------------------------------------------
RUN-1001 :        Parameters        |  Settings  |  Default Values  |  Note  
RUN-1001 : ---------------------------------------------------------------
RUN-1001 :          message         |  standard  |     standard     |        
RUN-1001 :   mixed_pack_place_flow  |     on     |        on        |        
RUN-1001 :        qor_monitor       |    off     |       off        |        
RUN-1001 :        syn_ip_flow       |    off     |       off        |        
RUN-1001 :          thread          |    auto    |       auto       |        
RUN-1001 : ---------------------------------------------------------------
RUN-1001 : Print Rtl Property
RUN-1001 : --------------------------------------------------------------
RUN-1001 :        Parameters       |  Settings  |  Default Values  |  Note  
RUN-1001 : --------------------------------------------------------------
RUN-1001 :       compress_add      |   ripple   |      ripple      |        
RUN-1001 :        elf_sload        |    off     |       off        |        
RUN-1001 :       fix_undriven      |     0      |        0         |        
RUN-1001 :         flatten         |    off     |       off        |        
RUN-1001 :       gate_sharing      |     on     |        on        |        
RUN-1001 :    hdl_warning_level    |   normal   |      normal      |        
RUN-1001 :   impl_internal_tribuf  |     on     |        on        |        
RUN-1001 :      impl_set_reset     |     on     |        on        |        
RUN-1001 :        infer_gsr        |    off     |       off        |        
RUN-1001 :      keep_hierarchy     |    auto    |       auto       |        
RUN-1001 :        max_fanout       |    9999    |       9999       |        
RUN-1001 :      max_oh2bin_len     |     10     |        10        |        
RUN-1001 :       merge_equal       |     on     |        on        |        
RUN-1001 :       merge_equiv       |     on     |        on        |        
RUN-1001 :        merge_mux        |    off     |       off        |        
RUN-1001 :     min_control_set     |     8      |        8         |        
RUN-1001 :      min_ripple_len     |    auto    |       auto       |        
RUN-1001 :       oh2bin_ratio      |    0.08    |       0.08       |        
RUN-1001 :     opt_adder_fanout    |     on     |        on        |        
RUN-1001 :        opt_arith        |     on     |        on        |        
RUN-1001 :       opt_big_gate      |    off     |       off        |        
RUN-1001 :        opt_const        |     on     |        on        |        
RUN-1001 :      opt_const_mult     |     on     |        on        |        
RUN-1001 :       opt_lessthan      |     on     |        on        |        
RUN-1001 :         opt_mux         |    off     |       off        |        
RUN-1001 :         opt_ram         |    high    |       high       |        
RUN-1001 :      rtl_sim_model      |    off     |       off        |        
RUN-1001 :         seq_syn         |     on     |        on        |        
RUN-1001 : --------------------------------------------------------------
SYN-1012 : SanityCheck: Model "test_camera"
SYN-1012 : SanityCheck: Model "Sdram_Control_4Port"
SYN-1012 : SanityCheck: Model "command"
SYN-1012 : SanityCheck: Model "control_interface"
SYN-1012 : SanityCheck: Model "sdr_data_path"
SYN-1012 : SanityCheck: Model "Sdram_RD_FIFO"
SYN-1012 : SanityCheck: Model "softfifo"
SYN-1012 : SanityCheck: Model "ram_infer_softfifo(DATAWIDTH_A=16,ADDRWIDTH_A=10,DATAWIDTH_B=16,ADDRWIDTH_B=10)"
SYN-1012 : SanityCheck: Model "fifo_cross_domain_addr_process_al_softfifo(ADDR_WIDTH=10)"
SYN-1012 : SanityCheck: Model "sdram"
SYN-1012 : SanityCheck: Model "Sdram_WR_FIFO"
SYN-1012 : SanityCheck: Model "Mode_Switch"
SYN-1012 : SanityCheck: Model "Driver"
SYN-1012 : SanityCheck: Model "camera_init"
SYN-1012 : SanityCheck: Model "i2c_module"
SYN-1012 : SanityCheck: Model "camera_reader"
SYN-1012 : SanityCheck: Model "image_process"
SYN-1012 : SanityCheck: Model "Dilation_Detector"
SYN-1012 : SanityCheck: Model "three_martix"
SYN-1012 : SanityCheck: Model "fifo_1"
SYN-1012 : SanityCheck: Model "fifo_2"
SYN-1012 : SanityCheck: Model "Erosion_Detector"
SYN-1012 : SanityCheck: Model "Median_Gray"
SYN-1012 : SanityCheck: Model "Median_Filter_3X3"
SYN-1012 : SanityCheck: Model "Sort3"
SYN-1012 : SanityCheck: Model "RGBYCbCr"
SYN-1012 : SanityCheck: Model "Sobel_Process"
SYN-1012 : SanityCheck: Model "Caculate_Sobel"
SYN-1012 : SanityCheck: Model "image_select"
SYN-1012 : SanityCheck: Model "ip_pll"
SYN-1043 : Mark ip_pll as IO macro for instance bufg_feedback
SYN-1043 : Mark Sdram_Control_4Port as IO macro for instance DQ_i10
SYN-1011 : Flatten model test_camera
SYN-1032 : 12311/4516 useful/useless nets, 3894/489 useful/useless insts
SYN-1016 : Merged 882 instances.
SYN-1025 : Merged 4 RAM ports.
SYN-1026 : Infer Logic BRAM(Sdram_Control_4Port/read_fifo1/dcfifo_component/ram_inst/ramread0_syn_6)
	 port mode: single dual port
	 port a size: 1024 x 16	 write mode: NORMAL
	 port b size: 1024 x 16	 write mode: READBEFOREWRITE
SYN-1026 : Infer Logic BRAM(Sdram_Control_4Port/write_fifo1/dcfifo_component/ram_inst/ramread0_syn_6)
	 port mode: single dual port
	 port a size: 1024 x 16	 write mode: NORMAL
	 port b size: 1024 x 16	 write mode: READBEFOREWRITE
SYN-1026 : Infer Logic BRAM(Sdram_Control_4Port/write_fifo2/dcfifo_component/ram_inst/ramread0_syn_6)
	 port mode: single dual port
	 port a size: 1024 x 16	 write mode: NORMAL
	 port b size: 1024 x 16	 write mode: READBEFOREWRITE
SYN-1023 : Infer 0 Logic DRAMs, 3 Logic BRAMs.
SYN-1032 : 7807/4162 useful/useless nets, 2707/213 useful/useless insts
SYN-1016 : Merged 877 instances.
SYN-5015 WARNING: Found latch in "test_camera", name: "u_image_select/reg0_syn_2", d: "u_image_select/show_data_b[0]", q: "Sdram_Control_4Port/WR1_DATA[0]" // ../../RTL/image_select.v(31)
SYN-5015 WARNING: Found latch in "test_camera", name: "u_image_select/reg0_syn_3", d: "u_image_select/show_data_b[1]", q: "Sdram_Control_4Port/WR1_DATA[1]" // ../../RTL/image_select.v(31)
SYN-5015 WARNING: Found latch in "test_camera", name: "u_image_select/reg0_syn_4", d: "u_image_select/show_data_b[2]", q: "Sdram_Control_4Port/WR1_DATA[2]" // ../../RTL/image_select.v(31)
SYN-5015 WARNING: Found latch in "test_camera", name: "u_image_select/reg0_syn_5", d: "u_image_select/show_data_b[3]", q: "Sdram_Control_4Port/WR1_DATA[3]" // ../../RTL/image_select.v(31)
SYN-5015 WARNING: Found latch in "test_camera", name: "u_image_select/reg0_syn_6", d: "u_image_select/show_data_b[4]", q: "Sdram_Control_4Port/WR1_DATA[4]" // ../../RTL/image_select.v(31)
SYN-5015 WARNING: Found latch in "test_camera", name: "u_image_select/reg0_syn_7", d: "u_image_select/show_data_b[5]", q: "Sdram_Control_4Port/WR1_DATA[5]" // ../../RTL/image_select.v(31)
SYN-5015 WARNING: Found latch in "test_camera", name: "u_image_select/reg0_syn_8", d: "u_image_select/show_data_b[6]", q: "Sdram_Control_4Port/WR1_DATA[6]" // ../../RTL/image_select.v(31)
SYN-5015 WARNING: Found latch in "test_camera", name: "u_image_select/reg0_syn_9", d: "u_image_select/show_data_b[7]", q: "Sdram_Control_4Port/WR1_DATA[7]" // ../../RTL/image_select.v(31)
SYN-5015 WARNING: Found latch in "test_camera", name: "u_image_select/reg0_syn_10", d: "u_image_select/show_data_b[8]", q: "Sdram_Control_4Port/WR1_DATA[8]" // ../../RTL/image_select.v(31)
SYN-5015 WARNING: Found latch in "test_camera", name: "u_image_select/reg0_syn_11", d: "u_image_select/show_data_b[9]", q: "Sdram_Control_4Port/WR1_DATA[9]" // ../../RTL/image_select.v(31)
SYN-5015 Similar messages will be suppressed.
SYN-5011 WARNING: Undriven pin: model "test_camera" / inst "u_image_process/reg4_syn_2" in ../../RTL/image_process.v(52) / pin "ar"
SYN-5011 WARNING: Undriven pin: model "test_camera" / inst "u_image_process/reg4_syn_2" in ../../RTL/image_process.v(52) / pin "as"
SYN-5011 WARNING: Undriven pin: model "test_camera" / inst "u_image_process/reg4_syn_3" in ../../RTL/image_process.v(52) / pin "ar"
SYN-5011 WARNING: Undriven pin: model "test_camera" / inst "u_image_process/reg4_syn_3" in ../../RTL/image_process.v(52) / pin "as"
SYN-5011 WARNING: Undriven pin: model "test_camera" / inst "u_image_process/u_RGBYCbCr/reg0_syn_2" in ../../RTL/RGBYCbCr.v(99) / pin "d"
SYN-5013 WARNING: Undriven net: model "test_camera" / net "u_image_process/u_Dilation_Detector/post_frame_hsync" in ../../RTL/Dilation_Detector.v(13)
SYN-5014 WARNING: the net's pin: pin "i" in ../../RTL/image_process.v(186)
SYN-5013 WARNING: Undriven net: model "test_camera" / net "u_image_process/u_Dilation_Detector/u_three_martix_4/csi_pclk_syn_3" in ../../RTL/three_martix.v(5)
SYN-5014 WARNING: the net's pin: pin "i" in ../../RTL/three_martix.v(5)
SYN-5013 WARNING: Undriven net: model "test_camera" / net "u_image_process/u_Erosion_Detector/u_three_martix_3/csi_pclk_syn_3" in ../../RTL/three_martix.v(5)
SYN-5014 WARNING: the net's pin: pin "i" in ../../RTL/three_martix.v(5)
SYN-5013 WARNING: Undriven net: model "test_camera" / net "u_image_process/u_Sobel_Process/u_three_martix_2/csi_pclk_syn_3" in ../../RTL/three_martix.v(5)
SYN-5014 WARNING: the net's pin: pin "i" in ../../RTL/three_martix.v(5)
SYN-5025 WARNING: Using 0 for all undriven pins and nets
SYN-1032 : 6485/576 useful/useless nets, 5729/750 useful/useless insts
SYN-1014 : Optimize round 1
SYN-1032 : 6435/50 useful/useless nets, 5694/35 useful/useless insts
SYN-1017 : Remove 6 const input seq instances
SYN-1002 :     u_Mode_Switch/reg0_syn_10
SYN-1002 :     u_Mode_Switch/reg1_syn_5
SYN-1002 :     u_cam_vga_out/reg0_syn_13
SYN-1002 :     u_camera_init/reg4_syn_4
SYN-1002 :     u_image_process/u_RGBYCbCr/reg10_syn_15
SYN-1002 :     u_image_process/u_RGBYCbCr/reg13_syn_2
SYN-1019 : Optimized 42 mux instances.
SYN-1021 : Optimized 51 onehot mux instances.
SYN-1020 : Optimized 538 distributor mux.
SYN-1001 : Optimize 22 less-than instances
SYN-1019 : Optimized 9 mux instances.
SYN-1016 : Merged 1025 instances.
SYN-1015 : Optimize round 1, 3535 better
SYN-1014 : Optimize round 2
SYN-1044 : Optimized 8 inv instances.
SYN-1032 : 5332/99 useful/useless nets, 4594/814 useful/useless insts
SYN-1017 : Remove 9 const input seq instances
SYN-1002 :     Sdram_Control_4Port/reg10_syn_11
SYN-1002 :     Sdram_Control_4Port/reg11_syn_2
SYN-1002 :     Sdram_Control_4Port/reg11_syn_21
SYN-1002 :     Sdram_Control_4Port/reg13_syn_2
SYN-1002 :     Sdram_Control_4Port/reg13_syn_21
SYN-1002 :     Sdram_Control_4Port/reg4_syn_3
SYN-1002 :     Sdram_Control_4Port/reg7_syn_3
SYN-1002 :     Sdram_Control_4Port/write_fifo2/dcfifo_component/wr_to_rd_cross_inst/reg1_syn_10
SYN-1002 :     Sdram_Control_4Port/write_fifo2/dcfifo_component/wr_to_rd_cross_inst/reg2_syn_11
SYN-1019 : Optimized 2 mux instances.
SYN-1020 : Optimized 3 distributor mux.
SYN-1016 : Merged 11 instances.
SYN-1015 : Optimize round 2, 950 better
SYN-1032 : 5285/40 useful/useless nets, 4570/17 useful/useless insts
SYN-3004 : Optimized 10 const0 DFF(s)
SYN-3003 : Optimized 1 equivalent DFF(s)
SYN-3003 : Optimized 1 equivalent DFF(s)
SYN-3004 : Optimized 2 const0 DFF(s)
SYN-3003 : Optimized 1 equivalent DFF(s)
SYN-3003 : Optimized 1 equivalent DFF(s)
SYN-3003 : Optimized 1 equivalent DFF(s)
SYN-3003 : Optimized 1 equivalent DFF(s)
SYN-3003 : Optimized 1 equivalent DFF(s)
SYN-3003 : Optimized 1 equivalent DFF(s)
SYN-3003 : Optimized 1 equivalent DFF(s)
SYN-3003 : Optimized 1 equivalent DFF(s)
SYN-1032 : 5236/49 useful/useless nets, 4537/11 useful/useless insts
SYN-1014 : Optimize round 1
SYN-1044 : Optimized 2 inv instances.
SYN-1032 : 5200/22 useful/useless nets, 4510/12 useful/useless insts
SYN-1017 : Remove 2 const input seq instances
SYN-1002 :     Sdram_Control_4Port/command1/reg0_syn_2
SYN-1002 :     Sdram_Control_4Port/reg0_syn_2
SYN-1019 : Optimized 3 mux instances.
SYN-1016 : Merged 1 instances.
SYN-1015 : Optimize round 1, 59 better
SYN-1014 : Optimize round 2
SYN-1032 : 5181/16 useful/useless nets, 4500/3 useful/useless insts
SYN-1015 : Optimize round 2, 5 better
SYN-1014 : Optimize round 3
SYN-1015 : Optimize round 3, 0 better
RUN-1003 : finish command "optimize_rtl" in  3.535749s wall, 3.218750s user + 0.328125s system = 3.546875s CPU (100.3%)

RUN-1004 : used memory is 138 MB, reserved memory is 109 MB, peak memory is 145 MB
RUN-1002 : start command "report_area -file ov2640_sdram_rtl.area"
RUN-1001 : standard
***Report Model: test_camera Device: EG4S20BG256***

IO Statistics
#IO                        77
  #input                   29
  #output                  47
  #inout                    1

Gate Statistics
#Basic gates             2428
  #and                    413
  #nand                     0
  #or                      67
  #nor                      0
  #xor                     68
  #xnor                     0
  #buf                      0
  #not                    166
  #bufif1                  33
  #MX21                   238
  #FADD                     0
  #DFF                   1426
  #LATCH                   17
#MACRO_ADD                130
#MACRO_EQ                 236
#MACRO_MULT                 7
#MACRO_MUX                969
#MACRO_OTHERS              12

Report Hierarchy Area:
+----------------------------------------------------------------------------------------------------------+
|Instance                              |Module                                     |gates  |seq    |macros |
+----------------------------------------------------------------------------------------------------------+
|top                                   |test_camera                                |985    |1443   |385    |
|  Sdram_Control_4Port                 |Sdram_Control_4Port                        |374    |397    |53     |
|    command1                          |command                                    |106    |47     |0      |
|    control1                          |control_interface                          |26     |50     |17     |
|    read_fifo1                        |Sdram_RD_FIFO                              |38     |105    |7      |
|      dcfifo_component                |softfifo                                   |38     |105    |7      |
|        ram_inst                      |ram_infer_softfifo                         |0      |0      |1      |
|        rd_to_wr_cross_inst           |fifo_cross_domain_addr_process_al_softfifo |17     |40     |0      |
|        wr_to_rd_cross_inst           |fifo_cross_domain_addr_process_al_softfifo |17     |40     |0      |
|    sdram1                            |sdram                                      |0      |0      |0      |
|    write_fifo1                       |Sdram_WR_FIFO                              |38     |103    |7      |
|      dcfifo_component                |softfifo                                   |38     |103    |7      |
|        ram_inst                      |ram_infer_softfifo                         |0      |0      |1      |
|        rd_to_wr_cross_inst           |fifo_cross_domain_addr_process_al_softfifo |17     |40     |0      |
|        wr_to_rd_cross_inst           |fifo_cross_domain_addr_process_al_softfifo |17     |40     |0      |
|    write_fifo2                       |Sdram_WR_FIFO                              |0      |0      |1      |
|      dcfifo_component                |softfifo                                   |0      |0      |1      |
|        ram_inst                      |ram_infer_softfifo                         |0      |0      |1      |
|  u_Mode_Switch                       |Mode_Switch                                |54     |9      |0      |
|  u_cam_vga_out                       |Driver                                     |22     |23     |11     |
|  u_camera_init                       |camera_init                                |193    |85     |193    |
|    u_i2c_write                       |i2c_module                                 |130    |43     |6      |
|  u_camera_reader                     |camera_reader                              |38     |63     |2      |
|  u_image_process                     |image_process                              |301    |848    |123    |
|    u_Dilation_Detector               |Dilation_Detector                          |20     |82     |11     |
|      u_three_martix_4                |three_martix                               |12     |72     |11     |
|        u_fifo_1                      |fifo_1                                     |0      |0      |1      |
|        u_fifo_2                      |fifo_2                                     |0      |0      |1      |
|    u_Erosion_Detector                |Erosion_Detector                           |20     |82     |11     |
|      u_three_martix_3                |three_martix                               |12     |72     |11     |
|        u_fifo_1                      |fifo_1                                     |0      |0      |1      |
|        u_fifo_2                      |fifo_2                                     |0      |0      |1      |
|    u_Median_Gray                     |Median_Gray                                |58     |269    |49     |
|      u_Median_Filter_3X3_8Bit_median |Median_Filter_3X3                          |46     |113    |38     |
|        u_Sort3_1                     |Sort3                                      |10     |24     |6      |
|        u_Sort3_2                     |Sort3                                      |10     |24     |6      |
|        u_Sort3_3                     |Sort3                                      |10     |24     |6      |
|        u_Sort3_4                     |Sort3                                      |2      |8      |4      |
|        u_Sort3_5                     |Sort3                                      |6      |8      |6      |
|        u_Sort3_6                     |Sort3                                      |2      |8      |4      |
|        u_Sort3_7                     |Sort3                                      |6      |8      |6      |
|      u_three_martix                  |three_martix                               |12     |156    |11     |
|        u_fifo_1                      |fifo_1                                     |0      |0      |1      |
|        u_fifo_2                      |fifo_2                                     |0      |0      |1      |
|    u_RGBYCbCr                        |RGBYCbCr                                   |6      |167    |23     |
|    u_Sobel_Process                   |Sobel_Process                              |41     |196    |29     |
|      u_Caculate_Sobel                |Caculate_Sobel                             |29     |39     |17     |
|      u_three_martix_2                |three_martix                               |12     |157    |12     |
|        u_fifo_1                      |fifo_1                                     |0      |0      |1      |
|        u_fifo_2                      |fifo_2                                     |0      |0      |1      |
|  u_image_select                      |image_select                               |1      |17     |2      |
|  u_pll                               |ip_pll                                     |0      |0      |1      |
+----------------------------------------------------------------------------------------------------------+

RUN-1002 : start command "export_db ov2640_sdram_rtl.db"
RUN-1001 : Exported /
RUN-1001 : Exported flow parameters
RUN-1001 : Exported libs
RUN-1001 : Exported entities
RUN-1001 : Exported ports
RUN-1001 : Exported pins
RUN-1001 : Exported instances
RUN-1001 : Exported nets
RUN-1001 : Exported buses
RUN-1001 : Exported models
RUN-1001 : Exported congestions
RUN-1001 : Exported violations
RUN-1001 : Exported IO constraints
RUN-1001 : Exported Inst constraints
RUN-1002 : start command "read_sdc"
USR-1002 : read_sdc file_name -help -h -eco
RUN-1002 : start command "get_regs */primary_addr_gray_reg[*]"
RUN-1002 : start command "get_regs */sync_r1[*]"
RUN-1002 : start command "set_max_delay -from  -to  5 -datapath_only"
RUN-1002 : start command "get_regs */primary_addr_gray_reg[*]"
RUN-1002 : start command "get_regs */sync_r1[*]"
RUN-1002 : start command "set_false_path -from  -to  -hold 5"
USR-1002 : set_false_path -help -setup -hold -from <list> -rise_from <list> -fall_from <list> -to <list> -rise_to <list> -fall_to <list> -through <list>
RUN-1002 : start command "get_regs */primary_addr_gray_reg[*]"
RUN-1002 : start command "get_regs */sync_r1[*]"
RUN-1002 : start command "set_max_delay -from  -to  5 -datapath_only"
RUN-1002 : start command "get_regs */primary_addr_gray_reg[*]"
RUN-1002 : start command "get_regs */sync_r1[*]"
RUN-1002 : start command "set_max_delay -from  -to  5 -datapath_only"
RUN-1002 : start command "get_regs */primary_addr_gray_reg[*]"
RUN-1002 : start command "get_regs */sync_r1[*]"
RUN-1002 : start command "set_max_delay -from  -to  5 -datapath_only"
RUN-1104 : Import SDC file  finished, there are 80 nets kept by constraints.
RUN-1002 : start command "optimize_gate -maparea ov2640_sdram_gate.area"
RUN-1001 : Open license file C:/Anlogic/TD5.6.59063/license/Anlogic.lic
RUN-1001 : Print Global Property
RUN-1001 : ---------------------------------------------------------------
RUN-1001 :        Parameters        |  Settings  |  Default Values  |  Note  
RUN-1001 : ---------------------------------------------------------------
RUN-1001 :          message         |  standard  |     standard     |        
RUN-1001 :   mixed_pack_place_flow  |     on     |        on        |        
RUN-1001 :        qor_monitor       |    off     |       off        |        
RUN-1001 :        syn_ip_flow       |    off     |       off        |        
RUN-1001 :          thread          |    auto    |       auto       |        
RUN-1001 : ---------------------------------------------------------------
RUN-1001 : Print Gate Property
RUN-1001 : ------------------------------------------------------------------
RUN-1001 :          Parameters         |  Settings  |  Default Values  |  Note  
RUN-1001 : ------------------------------------------------------------------
RUN-1001 :         cascade_dsp         |    off     |       off        |        
RUN-1001 :         cascade_eram        |    off     |       off        |        
RUN-1001 :        gate_sim_model       |    off     |       off        |        
RUN-1001 :        map_sim_model        |    off     |       off        |        
RUN-1001 :         map_strategy        |     1      |        1         |        
RUN-1001 :           opt_area          |   medium   |      medium      |        
RUN-1001 :          opt_timing         |    auto    |       auto       |        
RUN-1001 :         pack_effort         |   medium   |      medium      |        
RUN-1001 :      pack_lslice_ripple     |     on     |        on        |        
RUN-1001 :   pack_lslice_ripple_ratio  |    0.5     |       0.5        |        
RUN-1001 :        pack_seq_in_io       |    auto    |       auto       |        
RUN-1001 :        ph1_mux_ratio        |    1.0     |       1.0        |        
RUN-1001 :            report           |  standard  |     standard     |        
RUN-1001 :           retiming          |    off     |       off        |        
RUN-1001 : ------------------------------------------------------------------
SYN-2002 : EG_PHY_SDRAM_2M_32 instance Sdram_Control_4Port/sdram1/sdram.
SYN-2001 : Map 132 IOs to PADs
SYN-1032 : 5668/0 useful/useless nets, 5018/33 useful/useless insts
RUN-1002 : start command "update_pll_param -module test_camera"
SYN-2501 : Processed 0 LOGIC_BUF instances.
SYN-2501 : 1 BUFG to GCLK
SYN-2595 : bram inst: Sdram_Control_4Port/read_fifo1/dcfifo_component/ram_inst/ramread0_syn_6 is set to PDPW/SP from DP for resource saving
SYN-2595 : bram inst: Sdram_Control_4Port/write_fifo1/dcfifo_component/ram_inst/ramread0_syn_6 is set to PDPW/SP from DP for resource saving
SYN-2594 : bram inst: Sdram_Control_4Port/write_fifo2/dcfifo_component/ram_inst/ramread0_syn_6 will be optimized to a new one with A-addr 1 due to const address
SYN-2512 : LOGIC BRAM "Sdram_Control_4Port/read_fifo1/dcfifo_component/ram_inst/ramread0_syn_8"
SYN-2512 : LOGIC BRAM "Sdram_Control_4Port/write_fifo1/dcfifo_component/ram_inst/ramread0_syn_8"
SYN-2512 : LOGIC BRAM "Sdram_Control_4Port/write_fifo2/dcfifo_component/ram_inst/ramread0_syn_8"
SYN-2541 : Write 1024x8, read 1024x8.
SYN-2541 : Write 1024x8, read 1024x8.
SYN-2541 : Write 1024x8, read 1024x8.
SYN-2541 : Write 1024x8, read 1024x8.
SYN-2541 : Write 1024x8, read 1024x8.
SYN-2541 : Write 1024x8, read 1024x8.
SYN-2541 : Write 1024x8, read 1024x8.
SYN-2541 : Write 1024x8, read 1024x8.
SYN-2571 : Map 7 macro multiplier
SYN-2571 : Optimize after map_dsp, round 1
SYN-1032 : 5696/18 useful/useless nets, 5054/3 useful/useless insts
SYN-1016 : Merged 1 instances.
SYN-2571 : Optimize after map_dsp, round 1, 6 better
SYN-2571 : Optimize after map_dsp, round 2
SYN-2571 : Optimize after map_dsp, round 2, 0 better
SYN-1001 : Throwback 85 control mux instances
SYN-1001 : Convert 2 adder
SYN-2501 : Optimize round 1
SYN-1032 : 8166/100 useful/useless nets, 7525/116 useful/useless insts
SYN-1016 : Merged 1912 instances.
SYN-2501 : Optimize round 1, 4106 better
SYN-2501 : Optimize round 2
SYN-2501 : Optimize round 2, 0 better
SYN-2501 : Map 128 macro adder
SYN-1019 : Optimized 1710 mux instances.
SYN-1016 : Merged 1885 instances.
SYN-1032 : 8264/1746 useful/useless nets, 7623/3 useful/useless insts
RUN-1002 : start command "start_timer -prepack"
TMR-2505 : Start building timing graph for model test_camera.
TMR-2506 : Build timing graph completely. Port num: 19, tpin num: 26391, tnet num: 8264, tinst num: 7622, tnode num: 31535, tedge num: 37861.
TMR-2508 : Levelizing timing graph completed, there are 53 levels in total.
TMR-2501 : Timing graph initialized successfully.
TMR-2503 : Start to update net delay, extr mode = 2.
TMR-2504 : Update delay of 8264 nets completely.
TMR-2502 : Annotate delay completely, extr mode = 2.
TMR-3001 : Initiate 0 clocks from SDC.
TMR-3004 : Map sdc constraints, there are 2 constraints in total.
TMR-3003 : Constraints initiated successfully.
TMR-3501 : Forward propagation: start to calculate arrival time...
TMR-3502 : Backward propagation: start to calculate required time...
TMR-3503 : Timing propagation completes.
SYN-3001 : Running gate level optimization.
SYN-2581 : Mapping with K=5, #lut = 1627 (3.46), #lev = 11 (2.09)
SYN-2551 : Post LUT mapping optimization.
SYN-2581 : Mapping with K=5, #lut = 1514 (3.47), #lev = 10 (2.07)
SYN-3001 : Logic optimization runtime opt =   0.24 sec, map =   0.00 sec
SYN-3001 : Mapper mapped 3654 instances into 1588 LUTs, name keeping = 61%.
SYN-3001 : Mapper removed 52 lut buffers
RUN-1002 : start command "report_area -file ov2640_sdram_gate.area"
RUN-1001 : standard
***Report Model: test_camera Device: EG4S20BG256***

IO Statistics
#IO                        77
  #input                   29
  #output                  47
  #inout                    1

LUT Statistics
#Total_luts              3033
  #lut4                  1169
  #lut5                   367
  #lut6                     0
  #lut5_mx41                0
  #lut4_alu1b            1497

Utilization Statistics
#lut                     3033   out of  19600   15.47%
#reg                     1447   out of  19600    7.38%
#le                         0
#dsp                        4   out of     29   13.79%
#bram                       8   out of     64   12.50%
  #bram9k                   0
  #fifo9k                   8
#bram32k                    2   out of     16   12.50%
#pad                       77   out of    188   40.96%
  #ireg                     0
  #oreg                     0
  #treg                     0
#pll                        1   out of      4   25.00%

Report Hierarchy Area:
+-------------------------------------------------------------------------------------------------------------------------------+
|Instance                              |Module                                     |lut     |ripple  |seq     |bram    |dsp     |
+-------------------------------------------------------------------------------------------------------------------------------+
|top                                   |test_camera                                |1536    |1497    |1447    |10      |4       |
|  Sdram_Control_4Port                 |Sdram_Control_4Port                        |304     |311     |397     |2       |0       |
|    command1                          |command                                    |55      |0       |47      |0       |0       |
|    control1                          |control_interface                          |37      |61      |50      |0       |0       |
|    data_path1                        |sdr_data_path                              |16      |0       |0       |0       |0       |
|    read_fifo1                        |Sdram_RD_FIFO                              |39      |55      |105     |1       |0       |
|      dcfifo_component                |softfifo                                   |39      |55      |105     |1       |0       |
|        ram_inst                      |ram_infer_softfifo                         |0       |0       |0       |1       |0       |
|        rd_to_wr_cross_inst           |fifo_cross_domain_addr_process_al_softfifo |17      |0       |40      |0       |0       |
|        wr_to_rd_cross_inst           |fifo_cross_domain_addr_process_al_softfifo |17      |0       |40      |0       |0       |
|    sdram1                            |sdram                                      |2       |0       |0       |0       |0       |
|    write_fifo1                       |Sdram_WR_FIFO                              |39      |55      |103     |1       |0       |
|      dcfifo_component                |softfifo                                   |39      |55      |103     |1       |0       |
|        ram_inst                      |ram_infer_softfifo                         |0       |0       |0       |1       |0       |
|        rd_to_wr_cross_inst           |fifo_cross_domain_addr_process_al_softfifo |17      |0       |40      |0       |0       |
|        wr_to_rd_cross_inst           |fifo_cross_domain_addr_process_al_softfifo |17      |0       |40      |0       |0       |
|  u_Mode_Switch                       |Mode_Switch                                |11      |0       |9       |0       |0       |
|  u_cam_vga_out                       |Driver                                     |24      |98      |23      |0       |0       |
|  u_camera_init                       |camera_init                                |490     |28      |85      |0       |0       |
|    u_i2c_write                       |i2c_module                                 |153     |0       |43      |0       |0       |
|  u_camera_reader                     |camera_reader                              |26      |42      |63      |0       |0       |
|  u_image_process                     |image_process                              |593     |1018    |852     |8       |4       |
|    u_Dilation_Detector               |Dilation_Detector                          |67      |102     |82      |2       |0       |
|      u_three_martix_4                |three_martix                               |62      |102     |72      |2       |0       |
|        u_fifo_1                      |fifo_1                                     |2       |0       |0       |1       |0       |
|        u_fifo_2                      |fifo_2                                     |2       |0       |0       |1       |0       |
|    u_Erosion_Detector                |Erosion_Detector                           |66      |102     |82      |2       |0       |
|      u_three_martix_3                |three_martix                               |61      |102     |72      |2       |0       |
|        u_fifo_1                      |fifo_1                                     |2       |0       |0       |1       |0       |
|        u_fifo_2                      |fifo_2                                     |2       |0       |0       |1       |0       |
|    u_Median_Gray                     |Median_Gray                                |196     |482     |269     |2       |0       |
|      u_Median_Filter_3X3_8Bit_median |Median_Filter_3X3                          |130     |380     |113     |0       |0       |
|        u_Sort3_1                     |Sort3                                      |30      |60      |24      |0       |0       |
|        u_Sort3_2                     |Sort3                                      |30      |60      |24      |0       |0       |
|        u_Sort3_3                     |Sort3                                      |30      |60      |24      |0       |0       |
|        u_Sort3_4                     |Sort3                                      |10      |40      |8       |0       |0       |
|        u_Sort3_5                     |Sort3                                      |10      |60      |8       |0       |0       |
|        u_Sort3_6                     |Sort3                                      |10      |40      |8       |0       |0       |
|        u_Sort3_7                     |Sort3                                      |10      |60      |8       |0       |0       |
|      u_three_martix                  |three_martix                               |66      |102     |156     |2       |0       |
|        u_fifo_1                      |fifo_1                                     |2       |0       |0       |1       |0       |
|        u_fifo_2                      |fifo_2                                     |2       |0       |0       |1       |0       |
|    u_RGBYCbCr                        |RGBYCbCr                                   |12      |89      |67      |0       |4       |
|    u_Sobel_Process                   |Sobel_Process                              |106     |243     |196     |2       |0       |
|      u_Caculate_Sobel                |Caculate_Sobel                             |46      |141     |39      |0       |0       |
|      u_three_martix_2                |three_martix                               |60      |102     |157     |2       |0       |
|        u_fifo_1                      |fifo_1                                     |2       |0       |0       |1       |0       |
|        u_fifo_2                      |fifo_2                                     |2       |0       |0       |1       |0       |
|  u_image_select                      |image_select                               |67      |0       |17      |0       |0       |
|  u_pll                               |ip_pll                                     |0       |0       |0       |0       |0       |
+-------------------------------------------------------------------------------------------------------------------------------+

SYN-1001 : Packing model "test_camera" ...
SYN-4010 : Pack lib has 58 rtl pack models with 25 top pack blocks
SYN-1014 : Optimize round 1
SYN-1015 : Optimize round 1, 0 better
SYN-4002 : Packing 1447 DFF/LATCH to SEQ ...
SYN-4009 : Pack 49 carry chain into lslice
SYN-4007 : Packing 880 adder to BLE ...
SYN-4008 : Packed 880 adder and 3 SEQ to BLE.
SYN-4007 : Packing 0 gate4 to BLE ...
SYN-4008 : Packed 0 gate4 and 0 SEQ to BLE.
SYN-4012 : Packed 0 FxMUX
RUN-1003 : finish command "optimize_gate -maparea ov2640_sdram_gate.area" in  3.595703s wall, 3.531250s user + 0.062500s system = 3.593750s CPU (99.9%)

RUN-1004 : used memory is 163 MB, reserved memory is 135 MB, peak memory is 199 MB
RUN-1002 : start command "legalize_phy_inst"
SYN-1011 : Flatten model test_camera
RUN-1002 : start command "export_db ov2640_sdram_gate.db"
RUN-1001 : Exported /
RUN-1001 : Exported flow parameters
RUN-1001 : Exported libs
RUN-1001 : Exported entities
RUN-1001 : Exported ports
RUN-1001 : Exported pins
RUN-1001 : Exported instances
RUN-1001 : Exported nets
RUN-1001 : Exported buses
RUN-1001 : Exported models
RUN-1001 : Exported congestions
RUN-1001 : Exported violations
RUN-1001 : Exported timing constraints
RUN-1001 : Exported IO constraints
RUN-1001 : Exported Inst constraints
RUN-1002 : start command "backup_run_log run.log ../.logs/syn_1/td_20221027_183643.log"
