============================================================
   Tang Dynasty, V5.6.59063
   Copyright (c) 2012-2022 Anlogic
   Executable = C:/Anlogic/TD5.6.59063/bin/td.exe
   Built at =   12:45:13 Sep  6 2022
   Run by =     Administrator
   Run Date =   Thu Oct 27 16:16:07 2022

   Run on =     WIN-25FR57M34TT
============================================================
RUN-1002 : start command "open_project ov2640_sdram.prj"
RUN-1001 : Print Global Property
RUN-1001 : ---------------------------------------------------------------
RUN-1001 :        Parameters        |  Settings  |  Default Values  |  Note  
RUN-1001 : ---------------------------------------------------------------
RUN-1001 :          message         |  standard  |     standard     |        
RUN-1001 :   mixed_pack_place_flow  |     on     |        on        |        
RUN-1001 :        qor_monitor       |    off     |       off        |        
RUN-1001 :        syn_ip_flow       |    off     |       off        |        
RUN-1001 :          thread          |    auto    |       auto       |        
RUN-1001 : ---------------------------------------------------------------
RUN-1001 : Print Design Property
RUN-1001 : --------------------------------------------------------------
RUN-1001 :        Parameters       |  Settings  |  Default Values  |  Note  
RUN-1001 : --------------------------------------------------------------
RUN-1001 :   default_reg_initial   |    auto    |       auto       |        
RUN-1001 :        infer_add        |     on     |        on        |        
RUN-1001 :        infer_fsm        |    off     |       off        |        
RUN-1001 :        infer_mult       |     on     |        on        |        
RUN-1001 :        infer_ram        |     on     |        on        |        
RUN-1001 :        infer_reg        |     on     |        on        |        
RUN-1001 :   infer_reg_init_value  |     on     |        on        |        
RUN-1001 :        infer_rom        |     on     |        on        |        
RUN-1001 :      infer_shifter      |     on     |        on        |        
RUN-1001 : --------------------------------------------------------------
RUN-1001 : Print Rtl Property
RUN-1001 : --------------------------------------------------------------
RUN-1001 :        Parameters       |  Settings  |  Default Values  |  Note  
RUN-1001 : --------------------------------------------------------------
RUN-1001 :       compress_add      |   ripple   |      ripple      |        
RUN-1001 :        elf_sload        |    off     |       off        |        
RUN-1001 :       fix_undriven      |     0      |        0         |        
RUN-1001 :         flatten         |    off     |       off        |        
RUN-1001 :       gate_sharing      |     on     |        on        |        
RUN-1001 :    hdl_warning_level    |   normal   |      normal      |        
RUN-1001 :   impl_internal_tribuf  |     on     |        on        |        
RUN-1001 :      impl_set_reset     |     on     |        on        |        
RUN-1001 :        infer_gsr        |    off     |       off        |        
RUN-1001 :      keep_hierarchy     |    auto    |       auto       |        
RUN-1001 :        max_fanout       |    9999    |       9999       |        
RUN-1001 :      max_oh2bin_len     |     10     |        10        |        
RUN-1001 :       merge_equal       |     on     |        on        |        
RUN-1001 :       merge_equiv       |     on     |        on        |        
RUN-1001 :        merge_mux        |    off     |       off        |        
RUN-1001 :     min_control_set     |     8      |        8         |        
RUN-1001 :      min_ripple_len     |    auto    |       auto       |        
RUN-1001 :       oh2bin_ratio      |    0.08    |       0.08       |        
RUN-1001 :     opt_adder_fanout    |     on     |        on        |        
RUN-1001 :        opt_arith        |     on     |        on        |        
RUN-1001 :       opt_big_gate      |    off     |       off        |        
RUN-1001 :        opt_const        |     on     |        on        |        
RUN-1001 :      opt_const_mult     |     on     |        on        |        
RUN-1001 :       opt_lessthan      |     on     |        on        |        
RUN-1001 :         opt_mux         |    off     |       off        |        
RUN-1001 :         opt_ram         |    high    |       high       |        
RUN-1001 :      rtl_sim_model      |    off     |       off        |        
RUN-1001 :         seq_syn         |     on     |        on        |        
RUN-1001 : --------------------------------------------------------------
HDL-1007 : analyze verilog file ../../al_ip/ip_pll.v
HDL-1007 : undeclared symbol 'open', assumed default net type 'wire' in ../../al_ip/ip_pll.v(93)
HDL-1007 : analyze verilog file ../../al_ip/softfifo.v
HDL-1007 : analyze verilog file ../../al_ip/fifo_1.v
HDL-1007 : analyze verilog file ../../al_ip/fifo_2.v
HDL-1007 : analyze verilog file ../../RTL/camera_init.v
HDL-1007 : undeclared symbol 'clk_div', assumed default net type 'wire' in ../../RTL/camera_init.v(74)
HDL-1007 : analyze verilog file ../../RTL/camera_reader.v
HDL-1007 : analyze verilog file ../../RTL/i2c_module.v
HDL-1007 : analyze verilog file ../../RTL/Sdram_Control_4Port/command.v
HDL-1007 : analyze included file ../../RTL/Sdram_Control_4Port/Sdram_Params.h in ../../RTL/Sdram_Control_4Port/command.v(27)
HDL-1007 : back to file '../../RTL/Sdram_Control_4Port/command.v' in ../../RTL/Sdram_Control_4Port/command.v(27)
HDL-1007 : analyze verilog file ../../RTL/Sdram_Control_4Port/control_interface.v
HDL-1007 : analyze included file ../../RTL/Sdram_Control_4Port/Sdram_Params.h in ../../RTL/Sdram_Control_4Port/control_interface.v(21)
HDL-1007 : back to file '../../RTL/Sdram_Control_4Port/control_interface.v' in ../../RTL/Sdram_Control_4Port/control_interface.v(21)
HDL-1007 : analyze verilog file ../../RTL/Sdram_Control_4Port/sdr_data_path.v
HDL-1007 : analyze included file ../../RTL/Sdram_Control_4Port/Sdram_Params.h in ../../RTL/Sdram_Control_4Port/sdr_data_path.v(10)
HDL-1007 : back to file '../../RTL/Sdram_Control_4Port/sdr_data_path.v' in ../../RTL/Sdram_Control_4Port/sdr_data_path.v(10)
HDL-1007 : analyze verilog file ../../RTL/Sdram_Control_4Port/Sdram_Control_4Port.v
HDL-1007 : analyze included file ../../RTL/Sdram_Control_4Port/Sdram_Params.h in ../../RTL/Sdram_Control_4Port/Sdram_Control_4Port.v(49)
HDL-1007 : back to file '../../RTL/Sdram_Control_4Port/Sdram_Control_4Port.v' in ../../RTL/Sdram_Control_4Port/Sdram_Control_4Port.v(49)
HDL-1007 : analyze verilog file ../../RTL/Sdram_Control_4Port/Sdram_RD_FIFO.v
HDL-5007 WARNING: 'clk' is not declared in ../../RTL/Sdram_Control_4Port/Sdram_RD_FIFO.v(44)
HDL-1007 : analyze verilog file ../../RTL/Sdram_Control_4Port/Sdram_WR_FIFO.v
HDL-1007 : analyze verilog file ../../al_ip/sdram.v
HDL-1007 : analyze verilog file ../../RTL/Driver.v
HDL-1007 : analyze verilog file ../../RTL/RGBYCbCr.v
HDL-1007 : analyze verilog file ../../RTL/image_process.v
HDL-5007 WARNING: identifier 'post_frame_clken' is used before its declaration in ../../RTL/image_process.v(50)
HDL-5007 WARNING: identifier 'post_img_Y' is used before its declaration in ../../RTL/image_process.v(51)
HDL-5007 WARNING: identifier 'post_frame_clken' is used before its declaration in ../../RTL/image_process.v(54)
HDL-5007 WARNING: identifier 'post_img_Y' is used before its declaration in ../../RTL/image_process.v(55)
HDL-5007 WARNING: identifier 'post1_frame_clken' is used before its declaration in ../../RTL/image_process.v(61)
HDL-5007 WARNING: identifier 'post1_img_Y' is used before its declaration in ../../RTL/image_process.v(62)
HDL-5007 WARNING: identifier 'post1_frame_clken' is used before its declaration in ../../RTL/image_process.v(65)
HDL-5007 WARNING: identifier 'post1_img_Y' is used before its declaration in ../../RTL/image_process.v(66)
HDL-5007 WARNING: identifier 'post2_frame_clken' is used before its declaration in ../../RTL/image_process.v(72)
HDL-5007 WARNING: identifier 'post2_img_Y' is used before its declaration in ../../RTL/image_process.v(73)
HDL-5007 Similar messages will be suppressed.
HDL-1007 : analyze verilog file ../../RTL/test_camera.v
HDL-1007 : analyze verilog file ../../RTL/Mode_Switch.v
HDL-1007 : analyze verilog file ../../RTL/image_select.v
HDL-1007 : analyze verilog file ../../RTL/Median_Gray.v
HDL-5007 WARNING: identifier 'mid_value' is used before its declaration in ../../RTL/Median_Gray.v(20)
HDL-1007 : analyze verilog file ../../RTL/three_martix.v
HDL-5007 WARNING: empty statement in sequential block in ../../RTL/three_martix.v(235)
HDL-5007 WARNING: empty statement in sequential block in ../../RTL/three_martix.v(234)
HDL-1007 : analyze verilog file ../../RTL/Median_Filter_3X3.v
HDL-1007 : analyze verilog file ../../RTL/Sort3.v
HDL-1007 : analyze verilog file ../../RTL/Sobel_Process.v
HDL-1007 : undeclared symbol 'csi_pclk', assumed default net type 'wire' in ../../RTL/Sobel_Process.v(48)
HDL-5007 WARNING: identifier 'sobel_value' is used before its declaration in ../../RTL/Sobel_Process.v(23)
HDL-1007 : analyze verilog file ../../RTL/Caculate_Sobel.v
HDL-5007 WARNING: identifier 'matrix_frame_vsync_r' is used before its declaration in ../../RTL/Caculate_Sobel.v(110)
HDL-5007 WARNING: identifier 'matrix_frame_href_r' is used before its declaration in ../../RTL/Caculate_Sobel.v(111)
HDL-5007 WARNING: identifier 'matrix_frame_clken_r' is used before its declaration in ../../RTL/Caculate_Sobel.v(112)
HDL-1007 : analyze verilog file ../../RTL/Erosion_Detector.v
HDL-1007 : undeclared symbol 'post_frame_href', assumed default net type 'wire' in ../../RTL/Erosion_Detector.v(109)
HDL-5007 WARNING: 'clk' is not declared in ../../RTL/Sdram_Control_4Port/Sdram_RD_FIFO.v(44)
RUN-1001 : Project manager successfully analyzed 27 source files.
RUN-1002 : start command "import_device eagle_s20.db -package EG4S20BG256"
ARC-1001 : Device Initialization.
ARC-1001 : ------------------------------------------------------------------
ARC-1001 :            OPTION            |          IO          |   SETTING   
ARC-1001 : ------------------------------------------------------------------
ARC-1001 :   cso_b/cclk/mosi/miso/dout  |  T3/R11/T10/P10/S11  |    gpio    
ARC-1001 :             done             |         P13          |    gpio    
ARC-1001 :           program_b          |          T2          |  dedicate  
ARC-1001 :        tdi/tms/tck/tdo       |   C12/A15/C14/E14    |  dedicate  
ARC-1001 : ------------------------------------------------------------------
ARC-1004 : Device setting, marked 5 dedicate IOs in total.
RUN-1002 : start command "import_db ../syn_1/ov2640_sdram_gate.db"
RUN-1001 : Importing database generated by Tang Dynasty, V5.6.59063.
RUN-1001 : Database version number 46140.
RUN-1001 : Import flow parameters
RUN-1001 : Import timing constraints
RUN-1001 : Import IO constraints
RUN-1001 : Import Inst constraints
RUN-1001 : Import design success TD_VERSION=5.6.59063 , DB_VERSION=46140
RUN-1002 : start command "read_sdc"
USR-1002 : read_sdc file_name -help -h -eco
RUN-1002 : start command "get_regs */primary_addr_gray_reg[*]"
RUN-1002 : start command "get_regs */sync_r1[*]"
RUN-1002 : start command "set_max_delay -from  -to  5 -datapath_only"
RUN-1002 : start command "get_regs */primary_addr_gray_reg[*]"
RUN-1002 : start command "get_regs */sync_r1[*]"
RUN-1002 : start command "set_false_path -from  -to  -hold 5"
USR-1002 : set_false_path -help -setup -hold -from <list> -rise_from <list> -fall_from <list> -to <list> -rise_to <list> -fall_to <list> -through <list>
RUN-1002 : start command "get_regs */primary_addr_gray_reg[*]"
RUN-1002 : start command "get_regs */sync_r1[*]"
RUN-1002 : start command "set_max_delay -from  -to  5 -datapath_only"
RUN-1002 : start command "get_regs */primary_addr_gray_reg[*]"
RUN-1002 : start command "get_regs */sync_r1[*]"
RUN-1002 : start command "set_max_delay -from  -to  5 -datapath_only"
RUN-1002 : start command "get_regs */primary_addr_gray_reg[*]"
RUN-1002 : start command "get_regs */sync_r1[*]"
RUN-1002 : start command "set_max_delay -from  -to  5 -datapath_only"
SYN-1001 : 	kept net: Sdram_Control_4Port/read_fifo1/dcfifo_component/rd_to_wr_cross_inst/primary_addr_gray_reg[9](Sdram_Control_4Port/read_fifo1/dcfifo_component/rd_to_wr_cross_inst/primary_addr_gray_reg[9]_syn_5)
SYN-1001 : 	kept net: Sdram_Control_4Port/read_fifo1/dcfifo_component/rd_to_wr_cross_inst/primary_addr_gray_reg[8](Sdram_Control_4Port/read_fifo1/dcfifo_component/rd_to_wr_cross_inst/primary_addr_gray_reg[8]_syn_5)
SYN-1001 : 	kept net: Sdram_Control_4Port/read_fifo1/dcfifo_component/rd_to_wr_cross_inst/primary_addr_gray_reg[7](Sdram_Control_4Port/read_fifo1/dcfifo_component/rd_to_wr_cross_inst/primary_addr_gray_reg[7]_syn_5)
SYN-1001 : 	kept net: Sdram_Control_4Port/read_fifo1/dcfifo_component/rd_to_wr_cross_inst/primary_addr_gray_reg[6](Sdram_Control_4Port/read_fifo1/dcfifo_component/rd_to_wr_cross_inst/primary_addr_gray_reg[6]_syn_5)
SYN-1001 : 	kept net: Sdram_Control_4Port/read_fifo1/dcfifo_component/rd_to_wr_cross_inst/primary_addr_gray_reg[5](Sdram_Control_4Port/read_fifo1/dcfifo_component/rd_to_wr_cross_inst/primary_addr_gray_reg[5]_syn_5)
SYN-1001 : 	kept net: Sdram_Control_4Port/read_fifo1/dcfifo_component/rd_to_wr_cross_inst/primary_addr_gray_reg[4](Sdram_Control_4Port/read_fifo1/dcfifo_component/rd_to_wr_cross_inst/primary_addr_gray_reg[4]_syn_5)
SYN-1001 : 	kept net: Sdram_Control_4Port/read_fifo1/dcfifo_component/rd_to_wr_cross_inst/primary_addr_gray_reg[3](Sdram_Control_4Port/read_fifo1/dcfifo_component/rd_to_wr_cross_inst/primary_addr_gray_reg[3]_syn_5)
SYN-1001 : 	kept net: Sdram_Control_4Port/read_fifo1/dcfifo_component/rd_to_wr_cross_inst/primary_addr_gray_reg[2](Sdram_Control_4Port/read_fifo1/dcfifo_component/rd_to_wr_cross_inst/primary_addr_gray_reg[2]_syn_5)
SYN-1001 : 	kept net: Sdram_Control_4Port/read_fifo1/dcfifo_component/rd_to_wr_cross_inst/primary_addr_gray_reg[1](Sdram_Control_4Port/read_fifo1/dcfifo_component/rd_to_wr_cross_inst/primary_addr_gray_reg[1]_syn_5)
SYN-1001 : 	kept net: Sdram_Control_4Port/read_fifo1/dcfifo_component/rd_to_wr_cross_inst/primary_addr_gray_reg[0](Sdram_Control_4Port/read_fifo1/dcfifo_component/rd_to_wr_cross_inst/primary_addr_gray_reg[0]_syn_5)
SYN-1001 : 	kept net: Sdram_Control_4Port/read_fifo1/dcfifo_component/rd_to_wr_cross_inst/sync_r1[9](Sdram_Control_4Port/read_fifo1/dcfifo_component/rd_to_wr_cross_inst/sync_r1[9]_syn_3)
SYN-1001 : 	kept net: Sdram_Control_4Port/read_fifo1/dcfifo_component/rd_to_wr_cross_inst/sync_r1[8](Sdram_Control_4Port/read_fifo1/dcfifo_component/rd_to_wr_cross_inst/sync_r1[8]_syn_3)
SYN-1001 : 	kept net: Sdram_Control_4Port/read_fifo1/dcfifo_component/rd_to_wr_cross_inst/sync_r1[7](Sdram_Control_4Port/read_fifo1/dcfifo_component/rd_to_wr_cross_inst/sync_r1[7]_syn_3)
SYN-1001 : 	kept net: Sdram_Control_4Port/read_fifo1/dcfifo_component/rd_to_wr_cross_inst/sync_r1[6](Sdram_Control_4Port/read_fifo1/dcfifo_component/rd_to_wr_cross_inst/sync_r1[6]_syn_3)
SYN-1001 : 	kept net: Sdram_Control_4Port/read_fifo1/dcfifo_component/rd_to_wr_cross_inst/sync_r1[5](Sdram_Control_4Port/read_fifo1/dcfifo_component/rd_to_wr_cross_inst/sync_r1[5]_syn_3)
SYN-1001 : 	kept net: Sdram_Control_4Port/read_fifo1/dcfifo_component/rd_to_wr_cross_inst/sync_r1[4](Sdram_Control_4Port/read_fifo1/dcfifo_component/rd_to_wr_cross_inst/sync_r1[4]_syn_3)
SYN-1001 : 	kept net: Sdram_Control_4Port/read_fifo1/dcfifo_component/rd_to_wr_cross_inst/sync_r1[3](Sdram_Control_4Port/read_fifo1/dcfifo_component/rd_to_wr_cross_inst/sync_r1[3]_syn_3)
SYN-1001 : 	kept net: Sdram_Control_4Port/read_fifo1/dcfifo_component/rd_to_wr_cross_inst/sync_r1[2](Sdram_Control_4Port/read_fifo1/dcfifo_component/rd_to_wr_cross_inst/sync_r1[2]_syn_3)
SYN-1001 : 	kept net: Sdram_Control_4Port/read_fifo1/dcfifo_component/rd_to_wr_cross_inst/sync_r1[1](Sdram_Control_4Port/read_fifo1/dcfifo_component/rd_to_wr_cross_inst/sync_r1[1]_syn_3)
SYN-1001 : 	kept net: Sdram_Control_4Port/read_fifo1/dcfifo_component/rd_to_wr_cross_inst/sync_r1[0](Sdram_Control_4Port/read_fifo1/dcfifo_component/rd_to_wr_cross_inst/sync_r1[0]_syn_3)
SYN-1001 : 	kept net: Sdram_Control_4Port/read_fifo1/dcfifo_component/wr_to_rd_cross_inst/primary_addr_gray_reg[9](Sdram_Control_4Port/read_fifo1/dcfifo_component/wr_to_rd_cross_inst/primary_addr_gray_reg[9]_syn_5)
SYN-1001 : 	kept net: Sdram_Control_4Port/read_fifo1/dcfifo_component/wr_to_rd_cross_inst/primary_addr_gray_reg[8](Sdram_Control_4Port/read_fifo1/dcfifo_component/wr_to_rd_cross_inst/primary_addr_gray_reg[8]_syn_5)
SYN-1001 : 	kept net: Sdram_Control_4Port/read_fifo1/dcfifo_component/wr_to_rd_cross_inst/primary_addr_gray_reg[7](Sdram_Control_4Port/read_fifo1/dcfifo_component/wr_to_rd_cross_inst/primary_addr_gray_reg[7]_syn_5)
SYN-1001 : 	kept net: Sdram_Control_4Port/read_fifo1/dcfifo_component/wr_to_rd_cross_inst/primary_addr_gray_reg[6](Sdram_Control_4Port/read_fifo1/dcfifo_component/wr_to_rd_cross_inst/primary_addr_gray_reg[6]_syn_5)
SYN-1001 : 	kept net: Sdram_Control_4Port/read_fifo1/dcfifo_component/wr_to_rd_cross_inst/primary_addr_gray_reg[5](Sdram_Control_4Port/read_fifo1/dcfifo_component/wr_to_rd_cross_inst/primary_addr_gray_reg[5]_syn_5)
SYN-1001 : 	kept net: Sdram_Control_4Port/read_fifo1/dcfifo_component/wr_to_rd_cross_inst/primary_addr_gray_reg[4](Sdram_Control_4Port/read_fifo1/dcfifo_component/wr_to_rd_cross_inst/primary_addr_gray_reg[4]_syn_5)
SYN-1001 : 	kept net: Sdram_Control_4Port/read_fifo1/dcfifo_component/wr_to_rd_cross_inst/primary_addr_gray_reg[3](Sdram_Control_4Port/read_fifo1/dcfifo_component/wr_to_rd_cross_inst/primary_addr_gray_reg[3]_syn_5)
SYN-1001 : 	kept net: Sdram_Control_4Port/read_fifo1/dcfifo_component/wr_to_rd_cross_inst/primary_addr_gray_reg[2](Sdram_Control_4Port/read_fifo1/dcfifo_component/wr_to_rd_cross_inst/primary_addr_gray_reg[2]_syn_5)
SYN-1001 : 	kept net: Sdram_Control_4Port/read_fifo1/dcfifo_component/wr_to_rd_cross_inst/primary_addr_gray_reg[1](Sdram_Control_4Port/read_fifo1/dcfifo_component/wr_to_rd_cross_inst/primary_addr_gray_reg[1]_syn_5)
SYN-1001 : 	kept net: Sdram_Control_4Port/read_fifo1/dcfifo_component/wr_to_rd_cross_inst/primary_addr_gray_reg[0](Sdram_Control_4Port/read_fifo1/dcfifo_component/wr_to_rd_cross_inst/primary_addr_gray_reg[0]_syn_5)
SYN-1001 : 	kept net: Sdram_Control_4Port/read_fifo1/dcfifo_component/wr_to_rd_cross_inst/sync_r1[9](Sdram_Control_4Port/read_fifo1/dcfifo_component/wr_to_rd_cross_inst/sync_r1[9]_syn_3)
SYN-1001 : 	kept net: Sdram_Control_4Port/read_fifo1/dcfifo_component/wr_to_rd_cross_inst/sync_r1[8](Sdram_Control_4Port/read_fifo1/dcfifo_component/wr_to_rd_cross_inst/sync_r1[8]_syn_3)
SYN-1001 : 	kept net: Sdram_Control_4Port/read_fifo1/dcfifo_component/wr_to_rd_cross_inst/sync_r1[7](Sdram_Control_4Port/read_fifo1/dcfifo_component/wr_to_rd_cross_inst/sync_r1[7]_syn_3)
SYN-1001 : 	kept net: Sdram_Control_4Port/read_fifo1/dcfifo_component/wr_to_rd_cross_inst/sync_r1[6](Sdram_Control_4Port/read_fifo1/dcfifo_component/wr_to_rd_cross_inst/sync_r1[6]_syn_3)
SYN-1001 : 	kept net: Sdram_Control_4Port/read_fifo1/dcfifo_component/wr_to_rd_cross_inst/sync_r1[5](Sdram_Control_4Port/read_fifo1/dcfifo_component/wr_to_rd_cross_inst/sync_r1[5]_syn_3)
SYN-1001 : 	kept net: Sdram_Control_4Port/read_fifo1/dcfifo_component/wr_to_rd_cross_inst/sync_r1[4](Sdram_Control_4Port/read_fifo1/dcfifo_component/wr_to_rd_cross_inst/sync_r1[4]_syn_3)
SYN-1001 : 	kept net: Sdram_Control_4Port/read_fifo1/dcfifo_component/wr_to_rd_cross_inst/sync_r1[3](Sdram_Control_4Port/read_fifo1/dcfifo_component/wr_to_rd_cross_inst/sync_r1[3]_syn_3)
SYN-1001 : 	kept net: Sdram_Control_4Port/read_fifo1/dcfifo_component/wr_to_rd_cross_inst/sync_r1[2](Sdram_Control_4Port/read_fifo1/dcfifo_component/wr_to_rd_cross_inst/sync_r1[2]_syn_3)
SYN-1001 : 	kept net: Sdram_Control_4Port/read_fifo1/dcfifo_component/wr_to_rd_cross_inst/sync_r1[1](Sdram_Control_4Port/read_fifo1/dcfifo_component/wr_to_rd_cross_inst/sync_r1[1]_syn_3)
SYN-1001 : 	kept net: Sdram_Control_4Port/read_fifo1/dcfifo_component/wr_to_rd_cross_inst/sync_r1[0](Sdram_Control_4Port/read_fifo1/dcfifo_component/wr_to_rd_cross_inst/sync_r1[0]_syn_3)
SYN-1001 : 	kept net: Sdram_Control_4Port/write_fifo1/dcfifo_component/rd_to_wr_cross_inst/primary_addr_gray_reg[9](Sdram_Control_4Port/write_fifo1/dcfifo_component/rd_to_wr_cross_inst/primary_addr_gray_reg[9]_syn_5)
SYN-1001 : 	kept net: Sdram_Control_4Port/write_fifo1/dcfifo_component/rd_to_wr_cross_inst/primary_addr_gray_reg[8](Sdram_Control_4Port/write_fifo1/dcfifo_component/rd_to_wr_cross_inst/primary_addr_gray_reg[8]_syn_5)
SYN-1001 : 	kept net: Sdram_Control_4Port/write_fifo1/dcfifo_component/rd_to_wr_cross_inst/primary_addr_gray_reg[7](Sdram_Control_4Port/write_fifo1/dcfifo_component/rd_to_wr_cross_inst/primary_addr_gray_reg[7]_syn_5)
SYN-1001 : 	kept net: Sdram_Control_4Port/write_fifo1/dcfifo_component/rd_to_wr_cross_inst/primary_addr_gray_reg[6](Sdram_Control_4Port/write_fifo1/dcfifo_component/rd_to_wr_cross_inst/primary_addr_gray_reg[6]_syn_5)
SYN-1001 : 	kept net: Sdram_Control_4Port/write_fifo1/dcfifo_component/rd_to_wr_cross_inst/primary_addr_gray_reg[5](Sdram_Control_4Port/write_fifo1/dcfifo_component/rd_to_wr_cross_inst/primary_addr_gray_reg[5]_syn_5)
SYN-1001 : 	kept net: Sdram_Control_4Port/write_fifo1/dcfifo_component/rd_to_wr_cross_inst/primary_addr_gray_reg[4](Sdram_Control_4Port/write_fifo1/dcfifo_component/rd_to_wr_cross_inst/primary_addr_gray_reg[4]_syn_5)
SYN-1001 : 	kept net: Sdram_Control_4Port/write_fifo1/dcfifo_component/rd_to_wr_cross_inst/primary_addr_gray_reg[3](Sdram_Control_4Port/write_fifo1/dcfifo_component/rd_to_wr_cross_inst/primary_addr_gray_reg[3]_syn_5)
SYN-1001 : 	kept net: Sdram_Control_4Port/write_fifo1/dcfifo_component/rd_to_wr_cross_inst/primary_addr_gray_reg[2](Sdram_Control_4Port/write_fifo1/dcfifo_component/rd_to_wr_cross_inst/primary_addr_gray_reg[2]_syn_5)
SYN-1001 : 	kept net: Sdram_Control_4Port/write_fifo1/dcfifo_component/rd_to_wr_cross_inst/primary_addr_gray_reg[1](Sdram_Control_4Port/write_fifo1/dcfifo_component/rd_to_wr_cross_inst/primary_addr_gray_reg[1]_syn_5)
SYN-1001 : 	kept net: Sdram_Control_4Port/write_fifo1/dcfifo_component/rd_to_wr_cross_inst/primary_addr_gray_reg[0](Sdram_Control_4Port/write_fifo1/dcfifo_component/rd_to_wr_cross_inst/primary_addr_gray_reg[0]_syn_5)
SYN-1001 : 	kept net: Sdram_Control_4Port/write_fifo1/dcfifo_component/rd_to_wr_cross_inst/sync_r1[9](Sdram_Control_4Port/write_fifo1/dcfifo_component/rd_to_wr_cross_inst/sync_r1[9]_syn_3)
SYN-1001 : 	kept net: Sdram_Control_4Port/write_fifo1/dcfifo_component/rd_to_wr_cross_inst/sync_r1[8](Sdram_Control_4Port/write_fifo1/dcfifo_component/rd_to_wr_cross_inst/sync_r1[8]_syn_3)
SYN-1001 : 	kept net: Sdram_Control_4Port/write_fifo1/dcfifo_component/rd_to_wr_cross_inst/sync_r1[7](Sdram_Control_4Port/write_fifo1/dcfifo_component/rd_to_wr_cross_inst/sync_r1[7]_syn_3)
SYN-1001 : 	kept net: Sdram_Control_4Port/write_fifo1/dcfifo_component/rd_to_wr_cross_inst/sync_r1[6](Sdram_Control_4Port/write_fifo1/dcfifo_component/rd_to_wr_cross_inst/sync_r1[6]_syn_3)
SYN-1001 : 	kept net: Sdram_Control_4Port/write_fifo1/dcfifo_component/rd_to_wr_cross_inst/sync_r1[5](Sdram_Control_4Port/write_fifo1/dcfifo_component/rd_to_wr_cross_inst/sync_r1[5]_syn_3)
SYN-1001 : 	kept net: Sdram_Control_4Port/write_fifo1/dcfifo_component/rd_to_wr_cross_inst/sync_r1[4](Sdram_Control_4Port/write_fifo1/dcfifo_component/rd_to_wr_cross_inst/sync_r1[4]_syn_3)
SYN-1001 : 	kept net: Sdram_Control_4Port/write_fifo1/dcfifo_component/rd_to_wr_cross_inst/sync_r1[3](Sdram_Control_4Port/write_fifo1/dcfifo_component/rd_to_wr_cross_inst/sync_r1[3]_syn_3)
SYN-1001 : 	kept net: Sdram_Control_4Port/write_fifo1/dcfifo_component/rd_to_wr_cross_inst/sync_r1[2](Sdram_Control_4Port/write_fifo1/dcfifo_component/rd_to_wr_cross_inst/sync_r1[2]_syn_3)
SYN-1001 : 	kept net: Sdram_Control_4Port/write_fifo1/dcfifo_component/rd_to_wr_cross_inst/sync_r1[1](Sdram_Control_4Port/write_fifo1/dcfifo_component/rd_to_wr_cross_inst/sync_r1[1]_syn_3)
SYN-1001 : 	kept net: Sdram_Control_4Port/write_fifo1/dcfifo_component/rd_to_wr_cross_inst/sync_r1[0](Sdram_Control_4Port/write_fifo1/dcfifo_component/rd_to_wr_cross_inst/sync_r1[0]_syn_3)
SYN-1001 : 	kept net: Sdram_Control_4Port/write_fifo1/dcfifo_component/wr_to_rd_cross_inst/primary_addr_gray_reg[9](Sdram_Control_4Port/write_fifo1/dcfifo_component/wr_to_rd_cross_inst/primary_addr_gray_reg[9]_syn_5)
SYN-1001 : 	kept net: Sdram_Control_4Port/write_fifo1/dcfifo_component/wr_to_rd_cross_inst/primary_addr_gray_reg[8](Sdram_Control_4Port/write_fifo1/dcfifo_component/wr_to_rd_cross_inst/primary_addr_gray_reg[8]_syn_5)
SYN-1001 : 	kept net: Sdram_Control_4Port/write_fifo1/dcfifo_component/wr_to_rd_cross_inst/primary_addr_gray_reg[7](Sdram_Control_4Port/write_fifo1/dcfifo_component/wr_to_rd_cross_inst/primary_addr_gray_reg[7]_syn_5)
SYN-1001 : 	kept net: Sdram_Control_4Port/write_fifo1/dcfifo_component/wr_to_rd_cross_inst/primary_addr_gray_reg[6](Sdram_Control_4Port/write_fifo1/dcfifo_component/wr_to_rd_cross_inst/primary_addr_gray_reg[6]_syn_5)
SYN-1001 : 	kept net: Sdram_Control_4Port/write_fifo1/dcfifo_component/wr_to_rd_cross_inst/primary_addr_gray_reg[5](Sdram_Control_4Port/write_fifo1/dcfifo_component/wr_to_rd_cross_inst/primary_addr_gray_reg[5]_syn_5)
SYN-1001 : 	kept net: Sdram_Control_4Port/write_fifo1/dcfifo_component/wr_to_rd_cross_inst/primary_addr_gray_reg[4](Sdram_Control_4Port/write_fifo1/dcfifo_component/wr_to_rd_cross_inst/primary_addr_gray_reg[4]_syn_5)
SYN-1001 : 	kept net: Sdram_Control_4Port/write_fifo1/dcfifo_component/wr_to_rd_cross_inst/primary_addr_gray_reg[3](Sdram_Control_4Port/write_fifo1/dcfifo_component/wr_to_rd_cross_inst/primary_addr_gray_reg[3]_syn_5)
SYN-1001 : 	kept net: Sdram_Control_4Port/write_fifo1/dcfifo_component/wr_to_rd_cross_inst/primary_addr_gray_reg[2](Sdram_Control_4Port/write_fifo1/dcfifo_component/wr_to_rd_cross_inst/primary_addr_gray_reg[2]_syn_5)
SYN-1001 : 	kept net: Sdram_Control_4Port/write_fifo1/dcfifo_component/wr_to_rd_cross_inst/primary_addr_gray_reg[1](Sdram_Control_4Port/write_fifo1/dcfifo_component/wr_to_rd_cross_inst/primary_addr_gray_reg[1]_syn_5)
SYN-1001 : 	kept net: Sdram_Control_4Port/write_fifo1/dcfifo_component/wr_to_rd_cross_inst/primary_addr_gray_reg[0](Sdram_Control_4Port/write_fifo1/dcfifo_component/wr_to_rd_cross_inst/primary_addr_gray_reg[0]_syn_5)
SYN-1001 : 	kept net: Sdram_Control_4Port/write_fifo1/dcfifo_component/wr_to_rd_cross_inst/sync_r1[9](Sdram_Control_4Port/write_fifo1/dcfifo_component/wr_to_rd_cross_inst/sync_r1[9]_syn_3)
SYN-1001 : 	kept net: Sdram_Control_4Port/write_fifo1/dcfifo_component/wr_to_rd_cross_inst/sync_r1[8](Sdram_Control_4Port/write_fifo1/dcfifo_component/wr_to_rd_cross_inst/sync_r1[8]_syn_3)
SYN-1001 : 	kept net: Sdram_Control_4Port/write_fifo1/dcfifo_component/wr_to_rd_cross_inst/sync_r1[7](Sdram_Control_4Port/write_fifo1/dcfifo_component/wr_to_rd_cross_inst/sync_r1[7]_syn_3)
SYN-1001 : 	kept net: Sdram_Control_4Port/write_fifo1/dcfifo_component/wr_to_rd_cross_inst/sync_r1[6](Sdram_Control_4Port/write_fifo1/dcfifo_component/wr_to_rd_cross_inst/sync_r1[6]_syn_3)
SYN-1001 : 	kept net: Sdram_Control_4Port/write_fifo1/dcfifo_component/wr_to_rd_cross_inst/sync_r1[5](Sdram_Control_4Port/write_fifo1/dcfifo_component/wr_to_rd_cross_inst/sync_r1[5]_syn_3)
SYN-1001 : 	kept net: Sdram_Control_4Port/write_fifo1/dcfifo_component/wr_to_rd_cross_inst/sync_r1[4](Sdram_Control_4Port/write_fifo1/dcfifo_component/wr_to_rd_cross_inst/sync_r1[4]_syn_3)
SYN-1001 : 	kept net: Sdram_Control_4Port/write_fifo1/dcfifo_component/wr_to_rd_cross_inst/sync_r1[3](Sdram_Control_4Port/write_fifo1/dcfifo_component/wr_to_rd_cross_inst/sync_r1[3]_syn_3)
SYN-1001 : 	kept net: Sdram_Control_4Port/write_fifo1/dcfifo_component/wr_to_rd_cross_inst/sync_r1[2](Sdram_Control_4Port/write_fifo1/dcfifo_component/wr_to_rd_cross_inst/sync_r1[2]_syn_3)
SYN-1001 : 	kept net: Sdram_Control_4Port/write_fifo1/dcfifo_component/wr_to_rd_cross_inst/sync_r1[1](Sdram_Control_4Port/write_fifo1/dcfifo_component/wr_to_rd_cross_inst/sync_r1[1]_syn_3)
SYN-1001 : 	kept net: Sdram_Control_4Port/write_fifo1/dcfifo_component/wr_to_rd_cross_inst/sync_r1[0](Sdram_Control_4Port/write_fifo1/dcfifo_component/wr_to_rd_cross_inst/sync_r1[0]_syn_3)
RUN-1104 : Import SDC file  finished, there are 80 nets kept by constraints.
RUN-1002 : start command "place"
RUN-1001 : Open license file C:/Anlogic/TD5.6.59063/license/Anlogic.lic
RUN-1001 : Print Global Property
RUN-1001 : ---------------------------------------------------------------
RUN-1001 :        Parameters        |  Settings  |  Default Values  |  Note  
RUN-1001 : ---------------------------------------------------------------
RUN-1001 :          message         |  standard  |     standard     |        
RUN-1001 :   mixed_pack_place_flow  |     on     |        on        |        
RUN-1001 :        qor_monitor       |    off     |       off        |        
RUN-1001 :        syn_ip_flow       |    off     |       off        |        
RUN-1001 :          thread          |    auto    |       auto       |        
RUN-1001 : ---------------------------------------------------------------
RUN-1001 : Print Place Property
RUN-1001 : --------------------------------------------------------------
RUN-1001 :        Parameters       |  Settings  |  Default Values  |  Note  
RUN-1001 : --------------------------------------------------------------
RUN-1001 :      detailed_place     |     on     |        on        |        
RUN-1001 :          effort         |   medium   |      medium      |        
RUN-1001 :         fix_hold        |    off     |       off        |        
RUN-1001 :       legalization      |    ori     |       ori        |        
RUN-1001 :      new_spreading      |     on     |        on        |        
RUN-1001 :        opt_timing       |   medium   |      medium      |        
RUN-1001 :   post_clock_route_opt  |    off     |       off        |        
RUN-1001 :       pr_strategy       |     1      |        1         |        
RUN-1001 :        relaxation       |    1.00    |       1.00       |        
RUN-1001 :         retiming        |    off     |       off        |        
RUN-1001 : --------------------------------------------------------------
PHY-3001 : Placer runs in 16 thread(s).
RUN-1002 : start command "legalize_phy_inst"
SYN-1011 : Flatten model test_camera
SYN-5055 WARNING: The kept net u_pll/clk3_out will be merged to another kept net clk_cam
SYN-5055 WARNING: The kept net u_camera_reader/clk will be merged to another kept net clk_cam
SYN-5055 WARNING: The kept net u_image_process/u_Median_Gray/pre_frame_hsync will be merged to another kept net u_image_process/frame_hsync
SYN-5055 WARNING: The kept net Gray_img[7] will be merged to another kept net u_image_process/out_img_imy[7]
SYN-5055 WARNING: The kept net Gray_img[6] will be merged to another kept net u_image_process/out_img_imy[6]
SYN-5055 WARNING: The kept net Gray_img[5] will be merged to another kept net u_image_process/out_img_imy[5]
SYN-5055 WARNING: The kept net Gray_img[4] will be merged to another kept net u_image_process/out_img_imy[4]
SYN-5055 WARNING: The kept net Gray_img[3] will be merged to another kept net u_image_process/out_img_imy[3]
SYN-5055 WARNING: The kept net Gray_img[2] will be merged to another kept net u_image_process/out_img_imy[2]
SYN-5055 WARNING: The kept net u_image_select/Sobel_Erosion_clk will be merged to another kept net u_image_process/post_frame_clken_Soebl_Erosion
SYN-5055 Similar messages will be suppressed.
RUN-1002 : start command "phys_opt -simplify_lut"
SYN-4016 : Net Sdram_Control_4Port/CTRL_CLK driven by BUFG (294 clock/control pins, 1 other pins).
SYN-4027 : Net Sdram_Control_4Port/SDRAM_CLK is clkc1 of pll u_pll/pll_inst.
SYN-4027 : Net vga_clk_dup_1 is clkc2 of pll u_pll/pll_inst.
SYN-4027 : Net clk_cam is clkc3 of pll u_pll/pll_inst.
SYN-4027 : Net u_camera_init/u_i2c_write/clk is clkc4 of pll u_pll/pll_inst.
SYN-4019 : Net clk_24m_dup_1 is refclk of pll u_pll/pll_inst.
SYN-4020 : Net clk_24m_dup_1 is fbclk of pll u_pll/pll_inst.
SYN-4024 : Net "cam_pclk_dup_4" drives clk pins.
SYN-4024 : Net "u_camera_init/divider2[8]" drives clk pins.
SYN-4024 : Net "u_camera_init/divider2[7]" drives clk pins.
SYN-4024 : Net "u_image_select/mode[3]_syn_22" drives clk pins.
SYN-4024 : Net "u_image_process/wrreq" drives clk pins.
SYN-4025 : Tag rtl::Net Sdram_Control_4Port/CTRL_CLK as clock net
SYN-4025 : Tag rtl::Net Sdram_Control_4Port/SDRAM_CLK as clock net
SYN-4025 : Tag rtl::Net cam_pclk_dup_4 as clock net
SYN-4025 : Tag rtl::Net clk_24m_dup_1 as clock net
SYN-4025 : Tag rtl::Net clk_cam as clock net
SYN-4025 : Tag rtl::Net u_camera_init/divider2[7] as clock net
SYN-4025 : Tag rtl::Net u_camera_init/divider2[8] as clock net
SYN-4025 : Tag rtl::Net u_camera_init/u_i2c_write/clk as clock net
SYN-4025 : Tag rtl::Net u_image_process/wrreq as clock net
SYN-4025 : Tag rtl::Net u_image_select/mode[3]_syn_22 as clock net
SYN-4025 : Tag rtl::Net vga_clk_dup_1 as clock net
SYN-4026 : Tagged 11 rtl::Net as clock net
SYN-4015 : Create BUFG instance for clk Net u_camera_init/divider2[8] to drive 32 clock pins.
SYN-4015 : Create BUFG instance for clk Net u_camera_init/divider2[7] to drive 18 clock pins.
SYN-4015 : Create BUFG instance for clk Net u_image_select/mode[3]_syn_22 to drive 17 clock pins.
SYN-4015 : Create BUFG instance for clk Net u_image_process/wrreq to drive 16 clock pins.
PHY-1001 : Populate physical database on model test_camera.
RUN-1001 : There are total 3351 instances
RUN-0007 : 1362 luts, 1252 seqs, 413 mslices, 171 lslices, 132 pads, 8 brams, 4 dsps
RUN-1001 : There are total 3975 nets
RUN-6004 WARNING: There are 3 nets with only 1 pin.
RUN-1001 : 2741 nets have 2 pins
RUN-1001 : 757 nets have [3 - 5] pins
RUN-1001 : 372 nets have [6 - 10] pins
RUN-1001 : 60 nets have [11 - 20] pins
RUN-1001 : 36 nets have [21 - 99] pins
RUN-1001 : 6 nets have 100+ pins
RUN-1001 : Report Control nets information:
RUN-1001 : DFF Distribution
RUN-1001 : ----------------------------------
RUN-1001 :   CE   |  SSR  |  ASR  |  DFF Count  
RUN-1001 : ----------------------------------
RUN-1001 :   No   |  No   |  No   |     68      
RUN-1001 :   No   |  No   |  Yes  |     754     
RUN-1001 :   No   |  Yes  |  No   |     51      
RUN-1001 :   Yes  |  No   |  No   |     32      
RUN-1001 :   Yes  |  No   |  Yes  |     323     
RUN-1001 :   Yes  |  Yes  |  No   |     24      
RUN-1001 : ----------------------------------
RUN-0007 : Control Group Statistic
RUN-0007 : ---------------------------
RUN-0007 :   #CLK  |  #CE  |  #SSR/ASR  
RUN-0007 : ---------------------------
RUN-0007 :    31   |  23   |     47     
RUN-0007 : ---------------------------
RUN-0007 : Control Set = 100
PHY-3001 : Initial placement ...
PHY-3001 : design contains 3349 instances, 1362 luts, 1252 seqs, 584 slices, 116 macros(584 instances: 413 mslices 171 lslices)
PHY-0007 : Cell area utilization is 12%
PHY-3001 : Start timing update ...
RUN-1002 : start command "start_timer -report"
TMR-2505 : Start building timing graph for model test_camera.
TMR-2506 : Build timing graph completely. Port num: 19, tpin num: 15383, tnet num: 3973, tinst num: 3349, tnode num: 19487, tedge num: 24824.
TMR-2508 : Levelizing timing graph completed, there are 31 levels in total.
TMR-2501 : Timing graph initialized successfully.
TMR-2503 : Start to update net delay, extr mode = 2.
TMR-2504 : Update delay of 3973 nets completely.
TMR-2502 : Annotate delay completely, extr mode = 2.
TMR-3001 : Initiate 0 clocks from SDC.
TMR-3004 : Map sdc constraints, there are 2 constraints in total.
TMR-3003 : Constraints initiated successfully.
TMR-3501 : Forward propagation: start to calculate arrival time...
TMR-3502 : Backward propagation: start to calculate required time...
TMR-3503 : Timing propagation completes.
PHY-3001 : End timing update;  1.014907s wall, 1.000000s user + 0.015625s system = 1.015625s CPU (100.1%)

PHY-3001 : Global placement ...
PHY-3001 : Initial: Len = 1.02254e+06
PHY-3001 : Clustering ...
PHY-3001 : Level 0 #clusters 3349.
PHY-3001 : End clustering;  0.000012s wall, 0.000000s user + 0.000000s system = 0.000000s CPU (n/a%)

PHY-3001 : Run with size of 4
PHY-3001 : Cell area utilization is 12%
PHY-3001 : :::0::: Try harder cell spreading with beta_ = 0
PHY-3002 : Step(1): len = 786545, overlap = 27
PHY-3002 : Step(2): len = 585786, overlap = 31.5
PHY-3002 : Step(3): len = 436607, overlap = 27
PHY-3002 : Step(4): len = 330306, overlap = 33.625
PHY-3002 : Step(5): len = 276259, overlap = 32.25
PHY-3002 : Step(6): len = 243178, overlap = 28.5625
PHY-3002 : Step(7): len = 219227, overlap = 27.1875
PHY-3002 : Step(8): len = 198054, overlap = 37.1875
PHY-3002 : Step(9): len = 181788, overlap = 28.3438
PHY-3002 : Step(10): len = 164279, overlap = 39.7812
PHY-3002 : Step(11): len = 146784, overlap = 47.625
PHY-3002 : Step(12): len = 136968, overlap = 59.25
PHY-3002 : Step(13): len = 128545, overlap = 65.6875
PHY-3002 : Step(14): len = 118437, overlap = 75
PHY-3002 : Step(15): len = 116238, overlap = 85.4375
PHY-3002 : Step(16): len = 110165, overlap = 86.375
PHY-3002 : Step(17): len = 106182, overlap = 94.2188
PHY-3002 : Step(18): len = 101471, overlap = 98.5
PHY-3001 : :::1::: Try harder cell spreading with beta_ = 3.59017e-05
PHY-3002 : Step(19): len = 106335, overlap = 78.9375
PHY-3002 : Step(20): len = 110855, overlap = 73.2812
PHY-3002 : Step(21): len = 114398, overlap = 58.8438
PHY-3002 : Step(22): len = 109680, overlap = 38.125
PHY-3002 : Step(23): len = 105838, overlap = 40.625
PHY-3002 : Step(24): len = 105214, overlap = 45.4375
PHY-3002 : Step(25): len = 104546, overlap = 46.2188
PHY-3002 : Step(26): len = 103737, overlap = 46.1875
PHY-3002 : Step(27): len = 101040, overlap = 41.25
PHY-3002 : Step(28): len = 100215, overlap = 38.9688
PHY-3002 : Step(29): len = 98561.2, overlap = 37.9062
PHY-3002 : Step(30): len = 97053.6, overlap = 41.5625
PHY-3002 : Step(31): len = 95491.3, overlap = 40.4062
PHY-3002 : Step(32): len = 93322.5, overlap = 45.1562
PHY-3002 : Step(33): len = 91490.7, overlap = 45.6562
PHY-3002 : Step(34): len = 91144.1, overlap = 44.0625
PHY-3002 : Step(35): len = 91006.9, overlap = 43.2812
PHY-3002 : Step(36): len = 90565.4, overlap = 40.6562
PHY-3002 : Step(37): len = 90247.4, overlap = 39.8438
PHY-3002 : Step(38): len = 88262.8, overlap = 44.9062
PHY-3002 : Step(39): len = 87897.3, overlap = 53.8125
PHY-3002 : Step(40): len = 87242.4, overlap = 53.7188
PHY-3002 : Step(41): len = 86380.6, overlap = 52.9688
PHY-3002 : Step(42): len = 86267.1, overlap = 52.9688
PHY-3002 : Step(43): len = 86018.1, overlap = 51.9688
PHY-3002 : Step(44): len = 86029.9, overlap = 52.0312
PHY-3002 : Step(45): len = 84814.5, overlap = 51.875
PHY-3002 : Step(46): len = 84591, overlap = 51.7812
PHY-3002 : Step(47): len = 84033.7, overlap = 58.625
PHY-3002 : Step(48): len = 84108, overlap = 60.875
PHY-3002 : Step(49): len = 84037.6, overlap = 68.1875
PHY-3001 : :::2::: Try harder cell spreading with beta_ = 7.18034e-05
PHY-3002 : Step(50): len = 84398.2, overlap = 59.3125
PHY-3002 : Step(51): len = 84458.2, overlap = 57.6875
PHY-3002 : Step(52): len = 84473.1, overlap = 57.6875
PHY-3001 : :::3::: Try harder cell spreading with beta_ = 0.000143607
PHY-3002 : Step(53): len = 84799.7, overlap = 53.8438
PHY-3002 : Step(54): len = 84832.1, overlap = 52.9062
PHY-3001 : :::4::: Try harder cell spreading with beta_ = 0.000287214
PHY-3002 : Step(55): len = 85594, overlap = 55.1562
PHY-3002 : Step(56): len = 85725.9, overlap = 55.125
PHY-3002 : Step(57): len = 85500.5, overlap = 53
PHY-3001 : :::5::: Try harder cell spreading with beta_ = 0.000574427
PHY-3002 : Step(58): len = 85751.9, overlap = 48.7812
PHY-3002 : Step(59): len = 85840.6, overlap = 48.8438
PHY-3001 : :::6::: Try harder cell spreading with beta_ = 0.00114885
PHY-3002 : Step(60): len = 85720.8, overlap = 48.9688
PHY-3002 : Step(61): len = 85698.6, overlap = 49.0312
PHY-3001 : Legalization ...
PHY-3001 : End legalization;  0.015909s wall, 0.000000s user + 0.046875s system = 0.046875s CPU (294.6%)

PHY-3001 : Run with size of 4
PHY-3001 : Cell area utilization is 16%
PHY-3001 : Update timing in Manhattan mode ...
TMR-2503 : Start to update net delay, extr mode = 3.
TMR-2504 : Update delay of 3973 nets completely.
TMR-2502 : Annotate delay completely, extr mode = 3.
TMR-3501 : Forward propagation: start to calculate arrival time...
TMR-3502 : Backward propagation: start to calculate required time...
TMR-3503 : Timing propagation completes.
PHY-3001 : End timing update;  0.073270s wall, 0.062500s user + 0.000000s system = 0.062500s CPU (85.3%)

PHY-3001 : :::0::: Try harder cell spreading with beta_ = 3.46558e-06
PHY-3002 : Step(62): len = 88559.8, overlap = 95.5625
PHY-3002 : Step(63): len = 88582.9, overlap = 95.7812
PHY-3002 : Step(64): len = 87288.8, overlap = 102.25
PHY-3002 : Step(65): len = 87326.4, overlap = 101.688
PHY-3002 : Step(66): len = 86616.1, overlap = 107.875
PHY-3002 : Step(67): len = 86524.5, overlap = 107.688
PHY-3002 : Step(68): len = 86052.8, overlap = 109.875
PHY-3001 : :::1::: Try harder cell spreading with beta_ = 6.93116e-06
PHY-3002 : Step(69): len = 85733.1, overlap = 107.688
PHY-3002 : Step(70): len = 85788.8, overlap = 106.938
PHY-3002 : Step(71): len = 85788.8, overlap = 106.938
PHY-3001 : :::2::: Try harder cell spreading with beta_ = 1.38623e-05
PHY-3002 : Step(72): len = 86408.5, overlap = 95.9688
PHY-3002 : Step(73): len = 86408.5, overlap = 95.9688
PHY-3002 : Step(74): len = 86399.2, overlap = 93.0625
PHY-3001 : :::3::: Try harder cell spreading with beta_ = 2.77246e-05
PHY-3002 : Step(75): len = 88488.1, overlap = 84.8438
PHY-3002 : Step(76): len = 88488.1, overlap = 84.8438
PHY-3002 : Step(77): len = 88191.7, overlap = 84.875
PHY-3001 : :::4::: Try harder cell spreading with beta_ = 5.54492e-05
PHY-3002 : Step(78): len = 89906.3, overlap = 87.125
PHY-3002 : Step(79): len = 89906.3, overlap = 87.125
PHY-3002 : Step(80): len = 89451.3, overlap = 87.5
PHY-3002 : Step(81): len = 89443.5, overlap = 87.4688
PHY-3002 : Step(82): len = 89420.5, overlap = 87.6875
PHY-3001 : :::5::: Try harder cell spreading with beta_ = 0.000110898
PHY-3002 : Step(83): len = 90356.3, overlap = 85.0625
PHY-3002 : Step(84): len = 90527.7, overlap = 85.2188
PHY-3002 : Step(85): len = 92103.2, overlap = 80.2188
PHY-3002 : Step(86): len = 91741.4, overlap = 78.4375
PHY-3002 : Step(87): len = 91520.9, overlap = 78.375
PHY-3002 : Step(88): len = 91252.1, overlap = 77.8125
PHY-3001 : :::6::: Try harder cell spreading with beta_ = 0.000221797
PHY-3002 : Step(89): len = 90630, overlap = 77.0625
PHY-3002 : Step(90): len = 90630, overlap = 77.0625
PHY-3002 : Step(91): len = 90262.3, overlap = 74.9375
PHY-3001 : :::7::: Try harder cell spreading with beta_ = 0.000443594
PHY-3002 : Step(92): len = 90822, overlap = 73.7812
PHY-3002 : Step(93): len = 91136.3, overlap = 72.5938
PHY-3001 : :::8::: Try harder cell spreading with beta_ = 0.000887188
PHY-3002 : Step(94): len = 91359.2, overlap = 69.0938
PHY-3002 : Step(95): len = 91708.2, overlap = 68.375
PHY-3002 : Step(96): len = 92468.1, overlap = 66.6562
PHY-3001 : :::9::: Try harder cell spreading with beta_ = 0.00177438
PHY-3002 : Step(97): len = 92762.3, overlap = 66
PHY-3002 : Step(98): len = 92679, overlap = 62.5938
PHY-3002 : Step(99): len = 92716.5, overlap = 60.3125
PHY-3001 : :::10::: Try harder cell spreading with beta_ = 0.00354875
PHY-3002 : Step(100): len = 92830.6, overlap = 60.6875
PHY-3002 : Step(101): len = 92920.3, overlap = 63.7812
PHY-3001 : :::11::: Try harder cell spreading with beta_ = 0.0070975
PHY-3002 : Step(102): len = 92755.3, overlap = 64.0312
PHY-3002 : Step(103): len = 92755.3, overlap = 64.0312
PHY-3001 : :::12::: Try harder cell spreading with beta_ = 0.014195
PHY-3002 : Step(104): len = 92706.9, overlap = 63.5312
PHY-3002 : Step(105): len = 92523, overlap = 58.9375
PHY-3001 : :::13::: Try harder cell spreading with beta_ = 0.02839
PHY-3002 : Step(106): len = 92459.4, overlap = 64
PHY-3002 : Step(107): len = 92459.4, overlap = 64
PHY-3001 : Run with size of 2
PHY-3001 : Cell area utilization is 16%
PHY-3001 : Update timing in Manhattan mode ...
TMR-2503 : Start to update net delay, extr mode = 3.
TMR-2504 : Update delay of 3973 nets completely.
TMR-2502 : Annotate delay completely, extr mode = 3.
TMR-3501 : Forward propagation: start to calculate arrival time...
TMR-3502 : Backward propagation: start to calculate required time...
TMR-3503 : Timing propagation completes.
PHY-3001 : End timing update;  0.070774s wall, 0.078125s user + 0.000000s system = 0.078125s CPU (110.4%)

PHY-3001 : :::0::: Try harder cell spreading with beta_ = 1.77841e-05
PHY-3002 : Step(108): len = 95104.6, overlap = 168.312
PHY-3002 : Step(109): len = 95539, overlap = 165.219
PHY-3002 : Step(110): len = 93883.5, overlap = 161.219
PHY-3002 : Step(111): len = 93805.5, overlap = 163.156
PHY-3002 : Step(112): len = 93868, overlap = 163.719
PHY-3002 : Step(113): len = 93886.2, overlap = 162.625
PHY-3002 : Step(114): len = 93917.6, overlap = 162.25
PHY-3001 : :::1::: Try harder cell spreading with beta_ = 3.55682e-05
PHY-3002 : Step(115): len = 92866.9, overlap = 160.094
PHY-3002 : Step(116): len = 92836.6, overlap = 160.031
PHY-3002 : Step(117): len = 93943.7, overlap = 154.219
PHY-3002 : Step(118): len = 93056.8, overlap = 153
PHY-3002 : Step(119): len = 93056.8, overlap = 153
PHY-3001 : :::2::: Try harder cell spreading with beta_ = 7.11364e-05
PHY-3002 : Step(120): len = 95377.9, overlap = 141.844
PHY-3002 : Step(121): len = 95968.1, overlap = 142.688
PHY-3002 : Step(122): len = 98431.2, overlap = 134.25
PHY-3002 : Step(123): len = 96018, overlap = 134.281
PHY-3002 : Step(124): len = 95541, overlap = 137.188
PHY-3002 : Step(125): len = 95541, overlap = 137.188
PHY-3001 : :::3::: Try harder cell spreading with beta_ = 0.000142273
PHY-3002 : Step(126): len = 98118, overlap = 120.938
PHY-3002 : Step(127): len = 98897.7, overlap = 119.812
PHY-3002 : Step(128): len = 101193, overlap = 107.594
PHY-3002 : Step(129): len = 101943, overlap = 103.406
PHY-3002 : Step(130): len = 102033, overlap = 103.906
PHY-3001 : :::4::: Try harder cell spreading with beta_ = 0.000284546
PHY-3002 : Step(131): len = 101502, overlap = 104.969
PHY-3002 : Step(132): len = 101444, overlap = 104.688
PHY-3001 : :::5::: Try harder cell spreading with beta_ = 0.000569092
PHY-3002 : Step(133): len = 102440, overlap = 102.156
PHY-3002 : Step(134): len = 102924, overlap = 102.75
PHY-3002 : Step(135): len = 103477, overlap = 99.375
PHY-3001 : :::6::: Try harder cell spreading with beta_ = 0.00113818
PHY-3002 : Step(136): len = 103730, overlap = 95.2812
PHY-3002 : Step(137): len = 104003, overlap = 93.2812
PHY-3001 : :::7::: Try harder cell spreading with beta_ = 0.00213673
PHY-3002 : Step(138): len = 104166, overlap = 93.5938
PHY-3002 : Step(139): len = 104549, overlap = 91.1562
PHY-3001 : :::8::: Try harder cell spreading with beta_ = 0.00393033
PHY-3002 : Step(140): len = 104791, overlap = 88.8125
PHY-3002 : Step(141): len = 104987, overlap = 87.6875
PHY-3001 : :::9::: Try harder cell spreading with beta_ = 0.00786066
PHY-3002 : Step(142): len = 105095, overlap = 88
PHY-3002 : Step(143): len = 105255, overlap = 87.1562
PHY-3001 : :::10::: Try harder cell spreading with beta_ = 0.0148503
PHY-3002 : Step(144): len = 105327, overlap = 87.8438
PHY-3002 : Step(145): len = 105346, overlap = 87.6562
PHY-3001 : :::11::: Try harder cell spreading with beta_ = 0.0294069
PHY-3002 : Step(146): len = 105375, overlap = 88.3125
PHY-3002 : Step(147): len = 105415, overlap = 88.5
PHY-3001 : :::12::: Try harder cell spreading with beta_ = 0.0475804
PHY-3002 : Step(148): len = 105401, overlap = 87.9375
PHY-3002 : Step(149): len = 105401, overlap = 87.9375
PHY-3001 : :::13::: Try harder cell spreading with beta_ = 0.0769851
PHY-3002 : Step(150): len = 105388, overlap = 88.3125
PHY-3002 : Step(151): len = 105388, overlap = 88.3125
OPT-1001 : Start physical optimization ...
RUN-1002 : start command "start_timer -report"
TMR-2505 : Start building timing graph for model test_camera.
TMR-2506 : Build timing graph completely. Port num: 19, tpin num: 15383, tnet num: 3973, tinst num: 3349, tnode num: 19487, tedge num: 24824.
TMR-2508 : Levelizing timing graph completed, there are 31 levels in total.
TMR-2501 : Timing graph initialized successfully.
RUN-1003 : finish command "start_timer -report" in  1.007369s wall, 1.000000s user + 0.015625s system = 1.015625s CPU (100.8%)

RUN-1004 : used memory is 189 MB, reserved memory is 166 MB, peak memory is 198 MB
OPT-1001 : Total overflow 247.44 peak overflow 4.25
OPT-1001 : Start high-fanout net optimization ...
OPT-1001 : Update timing in global mode
PHY-1001 : Start incremental global routing, caller is place ...
RUN-1001 : Generating global routing grids ...
RUN-1001 : Building simple global routing graph ...
PHY-1001 : Generate routing nets ...
PHY-1001 : Reuse net number 0/3975.
PHY-1001 : Global iterations in 16 thread ...
PHY-1002 : len = 119912, over cnt = 442(1%), over = 1831, worst = 21
PHY-1001 : End global iterations;  0.239476s wall, 0.343750s user + 0.031250s system = 0.375000s CPU (156.6%)

PHY-1001 : Congestion index: top1 = 43.88, top5 = 31.41, top10 = 24.68, top15 = 20.00.
PHY-1001 : End incremental global routing;  0.319733s wall, 0.421875s user + 0.031250s system = 0.453125s CPU (141.7%)

TMR-2503 : Start to update net delay, extr mode = 5.
TMR-2504 : Update delay of 3973 nets completely.
TMR-2502 : Annotate delay completely, extr mode = 5.
TMR-3001 : Initiate 0 clocks from SDC.
TMR-3004 : Map sdc constraints, there are 2 constraints in total.
TMR-3003 : Constraints initiated successfully.
TMR-3501 : Forward propagation: start to calculate arrival time...
TMR-3502 : Backward propagation: start to calculate required time...
TMR-3503 : Timing propagation completes.
OPT-1001 : End timing update;  0.094214s wall, 0.078125s user + 0.015625s system = 0.093750s CPU (99.5%)

OPT-1001 : 0 high-fanout net processed.
OPT-1001 : End high-fanout net optimization;  0.481441s wall, 0.562500s user + 0.046875s system = 0.609375s CPU (126.6%)

OPT-1001 : Current memory(MB): used = 223, reserve = 200, peak = 223.
OPT-1001 : Start global optimization ...
OPT-1001 : Start congestion update ...
RUN-1001 : Generating global routing grids ...
PHY-1001 : Generate routing nets ...
PHY-1001 : Reuse net number 2919/3975.
PHY-1001 : Global iterations in 16 thread ...
PHY-1002 : len = 119912, over cnt = 442(1%), over = 1831, worst = 21
PHY-1002 : len = 130160, over cnt = 311(0%), over = 824, worst = 21
PHY-1002 : len = 137112, over cnt = 104(0%), over = 216, worst = 14
PHY-1002 : len = 139456, over cnt = 29(0%), over = 40, worst = 4
PHY-1002 : len = 140080, over cnt = 0(0%), over = 0, worst = 0
PHY-1001 : End global iterations;  0.261536s wall, 0.312500s user + 0.000000s system = 0.312500s CPU (119.5%)

PHY-1001 : Congestion index: top1 = 37.67, top5 = 29.69, top10 = 24.67, top15 = 20.97.
OPT-1001 : End congestion update;  0.331571s wall, 0.375000s user + 0.000000s system = 0.375000s CPU (113.1%)

OPT-1001 : Update timing in Manhattan mode
TMR-2503 : Start to update net delay, extr mode = 3.
TMR-2504 : Update delay of 3973 nets completely.
TMR-2502 : Annotate delay completely, extr mode = 3.
TMR-3501 : Forward propagation: start to calculate arrival time...
TMR-3502 : Backward propagation: start to calculate required time...
TMR-3503 : Timing propagation completes.
OPT-1001 : End timing update;  0.069501s wall, 0.078125s user + 0.000000s system = 0.078125s CPU (112.4%)

OPT-0007 : Start: WNS 4470 TNS 0 NUM_FEPS 0
OPT-1001 : End global optimization;  0.401203s wall, 0.453125s user + 0.000000s system = 0.453125s CPU (112.9%)

OPT-1001 : Current memory(MB): used = 226, reserve = 203, peak = 226.
OPT-1001 : End physical optimization;  1.921952s wall, 2.031250s user + 0.062500s system = 2.093750s CPU (108.9%)

PHY-3001 : Start packing ...
SYN-4007 : Packing 0 MUX to BLE ...
SYN-4008 : Packed 0 MUX and 0 SEQ to BLE.
SYN-4007 : Packing 1362 LUT to BLE ...
SYN-4008 : Packed 1362 LUT and 593 SEQ to BLE.
SYN-4003 : Packing 659 remaining SEQ's ...
SYN-4005 : Packed 321 SEQ with LUT/SLICE
SYN-4006 : 552 single LUT's are left
SYN-4006 : 338 single SEQ's are left
SYN-4011 : Packing model "test_camera" (AL_USER_NORMAL) with 1700/3053 primitive instances ...
PHY-3001 : End packing;  0.148939s wall, 0.156250s user + 0.000000s system = 0.156250s CPU (104.9%)

PHY-1001 : Populate physical database on model test_camera.
RUN-1001 : There are total 1691 instances
RUN-1001 : 769 mslices, 769 lslices, 132 pads, 8 brams, 4 dsps
RUN-1001 : There are total 3435 nets
RUN-6004 WARNING: There are 3 nets with only 1 pin.
RUN-1001 : 2181 nets have 2 pins
RUN-1001 : 768 nets have [3 - 5] pins
RUN-1001 : 389 nets have [6 - 10] pins
RUN-1001 : 52 nets have [11 - 20] pins
RUN-1001 : 37 nets have [21 - 99] pins
RUN-1001 : 5 nets have 100+ pins
PHY-3001 : design contains 1689 instances, 1538 slices, 116 macros(584 instances: 413 mslices 171 lslices)
PHY-3001 : Cell area utilization is 19%
PHY-3001 : After packing: Len = 107305, Over = 110
PHY-3001 : Run with size of 2
PHY-3001 : Cell area utilization is 19%
PHY-3001 : Update timing in Manhattan mode ...
RUN-1002 : start command "start_timer -report"
TMR-2505 : Start building timing graph for model test_camera.
TMR-2506 : Build timing graph completely. Port num: 19, tpin num: 13366, tnet num: 3433, tinst num: 1689, tnode num: 16310, tedge num: 22501.
TMR-2508 : Levelizing timing graph completed, there are 29 levels in total.
TMR-2501 : Timing graph initialized successfully.
TMR-2503 : Start to update net delay, extr mode = 3.
TMR-2504 : Update delay of 3433 nets completely.
TMR-2502 : Annotate delay completely, extr mode = 3.
TMR-3001 : Initiate 0 clocks from SDC.
TMR-3004 : Map sdc constraints, there are 2 constraints in total.
TMR-3003 : Constraints initiated successfully.
TMR-3501 : Forward propagation: start to calculate arrival time...
TMR-3502 : Backward propagation: start to calculate required time...
TMR-3503 : Timing propagation completes.
PHY-3001 : End timing update;  1.054731s wall, 1.062500s user + 0.000000s system = 1.062500s CPU (100.7%)

PHY-3001 : :::0::: Try harder cell spreading with beta_ = 2.44091e-05
PHY-3002 : Step(152): len = 105435, overlap = 113.75
PHY-3002 : Step(153): len = 104701, overlap = 114.75
PHY-3002 : Step(154): len = 102283, overlap = 123.5
PHY-3002 : Step(155): len = 100771, overlap = 124.5
PHY-3002 : Step(156): len = 100516, overlap = 124.75
PHY-3002 : Step(157): len = 99705.8, overlap = 124.75
PHY-3001 : :::1::: Try harder cell spreading with beta_ = 4.88182e-05
PHY-3002 : Step(158): len = 100670, overlap = 118.25
PHY-3002 : Step(159): len = 101066, overlap = 119
PHY-3002 : Step(160): len = 102755, overlap = 114
PHY-3002 : Step(161): len = 103355, overlap = 113
PHY-3002 : Step(162): len = 103553, overlap = 114.75
PHY-3001 : :::2::: Try harder cell spreading with beta_ = 9.76364e-05
PHY-3002 : Step(163): len = 104367, overlap = 110.75
PHY-3002 : Step(164): len = 104721, overlap = 107.75
PHY-3002 : Step(165): len = 105380, overlap = 104.25
PHY-3001 : :::3::: Try harder cell spreading with beta_ = 0.000195273
PHY-3002 : Step(166): len = 107132, overlap = 100.75
PHY-3002 : Step(167): len = 108128, overlap = 100
PHY-3002 : Step(168): len = 109836, overlap = 98.75
PHY-3001 : Legalization ...
PHY-3001 : End legalization;  0.186448s wall, 0.171875s user + 0.296875s system = 0.468750s CPU (251.4%)

PHY-3001 : Trial Legalized: Len = 133117
PHY-3001 : Run with size of 2
PHY-3001 : Cell area utilization is 19%
PHY-3001 : Update timing in Manhattan mode ...
TMR-2503 : Start to update net delay, extr mode = 3.
TMR-2504 : Update delay of 3433 nets completely.
TMR-2502 : Annotate delay completely, extr mode = 3.
TMR-3501 : Forward propagation: start to calculate arrival time...
TMR-3502 : Backward propagation: start to calculate required time...
TMR-3503 : Timing propagation completes.
PHY-3001 : End timing update;  0.063290s wall, 0.062500s user + 0.000000s system = 0.062500s CPU (98.8%)

PHY-3001 : :::0::: Try harder cell spreading with beta_ = 0.000320294
PHY-3002 : Step(169): len = 127107, overlap = 10.25
PHY-3002 : Step(170): len = 118972, overlap = 32
PHY-3002 : Step(171): len = 117145, overlap = 38.25
PHY-3002 : Step(172): len = 116099, overlap = 45.75
PHY-3002 : Step(173): len = 115007, overlap = 46
PHY-3002 : Step(174): len = 114411, overlap = 45.25
PHY-3002 : Step(175): len = 114258, overlap = 45.5
PHY-3001 : :::1::: Try harder cell spreading with beta_ = 0.000640588
PHY-3002 : Step(176): len = 114715, overlap = 44.75
PHY-3002 : Step(177): len = 114946, overlap = 44.75
PHY-3002 : Step(178): len = 114946, overlap = 44.75
PHY-3001 : :::2::: Try harder cell spreading with beta_ = 0.00128118
PHY-3002 : Step(179): len = 114984, overlap = 45.25
PHY-3002 : Step(180): len = 114984, overlap = 45.25
PHY-3001 : Legalization ...
PHY-3001 : End legalization;  0.006560s wall, 0.015625s user + 0.000000s system = 0.015625s CPU (238.2%)

PHY-3001 : Legalized: Len = 124430, Over = 0
PHY-3001 : Spreading special nets. 32 overflows in 2952 tiles.
PHY-3001 : End spreading;  0.013279s wall, 0.015625s user + 0.000000s system = 0.015625s CPU (117.7%)

PHY-3001 : 47 instances has been re-located, deltaX = 16, deltaY = 29, maxDist = 2.
PHY-3001 : Final: Len = 125380, Over = 0
OPT-1001 : Start physical optimization ...
RUN-1002 : start command "start_timer -report"
TMR-2505 : Start building timing graph for model test_camera.
TMR-2506 : Build timing graph completely. Port num: 19, tpin num: 13366, tnet num: 3433, tinst num: 1689, tnode num: 16310, tedge num: 22501.
TMR-2508 : Levelizing timing graph completed, there are 29 levels in total.
TMR-2501 : Timing graph initialized successfully.
RUN-1003 : finish command "start_timer -report" in  1.003643s wall, 0.984375s user + 0.015625s system = 1.000000s CPU (99.6%)

RUN-1004 : used memory is 227 MB, reserved memory is 207 MB, peak memory is 231 MB
OPT-1001 : Total overflow 0.00 peak overflow 0.00
OPT-1001 : Start high-fanout net optimization ...
OPT-1001 : Update timing in global mode
PHY-1001 : Start incremental global routing, caller is place ...
RUN-1001 : Generating global routing grids ...
PHY-1001 : Generate routing nets ...
PHY-1001 : Reuse net number 156/3435.
PHY-1001 : Global iterations in 16 thread ...
PHY-1002 : len = 149328, over cnt = 364(1%), over = 620, worst = 5
PHY-1002 : len = 151448, over cnt = 218(0%), over = 352, worst = 5
PHY-1002 : len = 155496, over cnt = 29(0%), over = 39, worst = 4
PHY-1002 : len = 155848, over cnt = 9(0%), over = 12, worst = 3
PHY-1002 : len = 155984, over cnt = 0(0%), over = 0, worst = 0
PHY-1001 : End global iterations;  0.444477s wall, 0.531250s user + 0.031250s system = 0.562500s CPU (126.6%)

PHY-1001 : Congestion index: top1 = 32.11, top5 = 26.83, top10 = 23.53, top15 = 21.01.
PHY-1001 : End incremental global routing;  0.538111s wall, 0.625000s user + 0.031250s system = 0.656250s CPU (122.0%)

TMR-2503 : Start to update net delay, extr mode = 5.
TMR-2504 : Update delay of 3433 nets completely.
TMR-2502 : Annotate delay completely, extr mode = 5.
TMR-3001 : Initiate 0 clocks from SDC.
TMR-3004 : Map sdc constraints, there are 2 constraints in total.
TMR-3003 : Constraints initiated successfully.
TMR-3501 : Forward propagation: start to calculate arrival time...
TMR-3502 : Backward propagation: start to calculate required time...
TMR-3503 : Timing propagation completes.
OPT-1001 : End timing update;  0.087332s wall, 0.093750s user + 0.000000s system = 0.093750s CPU (107.3%)

OPT-1001 : 0 high-fanout net processed.
OPT-1001 : End high-fanout net optimization;  0.690777s wall, 0.781250s user + 0.031250s system = 0.812500s CPU (117.6%)

OPT-1001 : Current memory(MB): used = 233, reserve = 211, peak = 233.
OPT-1001 : Start path based optimization ...
OPT-1001 : Start congestion update ...
RUN-1001 : Generating global routing grids ...
PHY-1001 : Generate routing nets ...
PHY-1001 : Reuse net number 2909/3435.
PHY-1001 : Global iterations in 16 thread ...
PHY-1002 : len = 155984, over cnt = 0(0%), over = 0, worst = 0
PHY-1001 : End global iterations;  0.017083s wall, 0.015625s user + 0.000000s system = 0.015625s CPU (91.5%)

PHY-1001 : Congestion index: top1 = 32.11, top5 = 26.83, top10 = 23.53, top15 = 21.01.
OPT-1001 : End congestion update;  0.095238s wall, 0.093750s user + 0.000000s system = 0.093750s CPU (98.4%)

OPT-1001 : Update timing in Manhattan mode
TMR-2503 : Start to update net delay, extr mode = 3.
TMR-2504 : Update delay of 3433 nets completely.
TMR-2502 : Annotate delay completely, extr mode = 3.
TMR-3501 : Forward propagation: start to calculate arrival time...
TMR-3502 : Backward propagation: start to calculate required time...
TMR-3503 : Timing propagation completes.
OPT-1001 : End timing update;  0.067019s wall, 0.062500s user + 0.000000s system = 0.062500s CPU (93.3%)

OPT-0007 : Start: WNS 4295 TNS 0 NUM_FEPS 0
OPT-1001 : End path based optimization;  0.162458s wall, 0.156250s user + 0.000000s system = 0.156250s CPU (96.2%)

OPT-1001 : Current memory(MB): used = 234, reserve = 212, peak = 234.
OPT-1001 : Update timing in Manhattan mode
TMR-2503 : Start to update net delay, extr mode = 3.
TMR-2504 : Update delay of 3433 nets completely.
TMR-2502 : Annotate delay completely, extr mode = 3.
TMR-3501 : Forward propagation: start to calculate arrival time...
TMR-3502 : Backward propagation: start to calculate required time...
TMR-3503 : Timing propagation completes.
OPT-1001 : End timing update;  0.061992s wall, 0.062500s user + 0.000000s system = 0.062500s CPU (100.8%)

OPT-1001 : Start pin optimization...
OPT-1001 : skip pin optimization...
OPT-1001 : Update timing in global mode
PHY-1001 : Start incremental global routing, caller is place ...
RUN-1001 : Generating global routing grids ...
PHY-1001 : Generate routing nets ...
PHY-1001 : Reuse net number 2909/3435.
PHY-1001 : Global iterations in 16 thread ...
PHY-1002 : len = 155984, over cnt = 0(0%), over = 0, worst = 0
PHY-1001 : End global iterations;  0.016925s wall, 0.015625s user + 0.000000s system = 0.015625s CPU (92.3%)

PHY-1001 : Congestion index: top1 = 32.11, top5 = 26.83, top10 = 23.53, top15 = 21.01.
PHY-1001 : End incremental global routing;  0.093061s wall, 0.093750s user + 0.000000s system = 0.093750s CPU (100.7%)

TMR-2503 : Start to update net delay, extr mode = 5.
TMR-2504 : Update delay of 3433 nets completely.
TMR-2502 : Annotate delay completely, extr mode = 5.
TMR-3501 : Forward propagation: start to calculate arrival time...
TMR-3502 : Backward propagation: start to calculate required time...
TMR-3503 : Timing propagation completes.
OPT-1001 : End timing update;  0.082547s wall, 0.093750s user + 0.000000s system = 0.093750s CPU (113.6%)

RUN-1001 : Generating global routing grids ...
PHY-1001 : Generate routing nets ...
PHY-1001 : Reuse net number 2909/3435.
PHY-1001 : Global iterations in 16 thread ...
PHY-1002 : len = 155984, over cnt = 0(0%), over = 0, worst = 0
PHY-1001 : End global iterations;  0.017091s wall, 0.015625s user + 0.000000s system = 0.015625s CPU (91.4%)

PHY-1001 : Congestion index: top1 = 32.11, top5 = 26.83, top10 = 23.53, top15 = 21.01.
OPT-1001 : Update timing in Manhattan mode
TMR-2503 : Start to update net delay, extr mode = 3.
TMR-2504 : Update delay of 3433 nets completely.
TMR-2502 : Annotate delay completely, extr mode = 3.
TMR-3501 : Forward propagation: start to calculate arrival time...
TMR-3502 : Backward propagation: start to calculate required time...
TMR-3503 : Timing propagation completes.
OPT-1001 : End timing update;  0.063686s wall, 0.062500s user + 0.000000s system = 0.062500s CPU (98.1%)

RUN-1001 : QoR Analysis:
OPT-0007 :   WNS 4295 TNS 0 NUM_FEPS 0
RUN-1001 :   No local congestion issue, and most congested 1% tile average routing util is 31.758621
RUN-1001 :   Top critical paths
OPT-1001 : End physical optimization;  2.277521s wall, 2.437500s user + 0.046875s system = 2.484375s CPU (109.1%)

RUN-1003 : finish command "place" in  12.555381s wall, 18.734375s user + 6.328125s system = 25.062500s CPU (199.6%)

RUN-1004 : used memory is 215 MB, reserved memory is 192 MB, peak memory is 235 MB
RUN-1002 : start command "export_db ov2640_sdram_place.db"
RUN-1001 : Exported /
RUN-1001 : Exported flow parameters
RUN-1001 : Exported libs
RUN-1001 : Exported entities
RUN-1001 : Exported ports
RUN-1001 : Exported pins
RUN-1001 : Exported instances
RUN-1001 : Exported nets
RUN-1001 : Exported buses
RUN-1001 : Exported models
RUN-1001 : Exported congestions
RUN-1001 : Exported violations
RUN-1001 : Exported timing constraints
RUN-1001 : Exported IO constraints
RUN-1001 : Exported Inst constraints
RUN-1002 : start command "route"
RUN-1001 : Open license file C:/Anlogic/TD5.6.59063/license/Anlogic.lic
RUN-1001 : Print Global Property
RUN-1001 : ---------------------------------------------------------------
RUN-1001 :        Parameters        |  Settings  |  Default Values  |  Note  
RUN-1001 : ---------------------------------------------------------------
RUN-1001 :          message         |  standard  |     standard     |        
RUN-1001 :   mixed_pack_place_flow  |     on     |        on        |        
RUN-1001 :        qor_monitor       |    off     |       off        |        
RUN-1001 :        syn_ip_flow       |    off     |       off        |        
RUN-1001 :          thread          |    auto    |       auto       |        
RUN-1001 : ---------------------------------------------------------------
RUN-1001 : Print Route Property
RUN-1001 : -------------------------------------------------------
RUN-1001 :    Parameters    |  Settings  |  Default Values  |  Note  
RUN-1001 : -------------------------------------------------------
RUN-1001 :      effort      |   medium   |      medium      |        
RUN-1001 :     fix_hold     |    off     |       off        |        
RUN-1001 :    opt_timing    |   medium   |      medium      |        
RUN-1001 :   phy_sim_model  |    off     |       off        |        
RUN-1001 :     priority     |   timing   |      timing      |        
RUN-1001 :     swap_pin     |     on     |        on        |        
RUN-1001 : -------------------------------------------------------
PHY-1001 : Route runs in 16 thread(s)
RUN-1001 : There are total 1691 instances
RUN-1001 : 769 mslices, 769 lslices, 132 pads, 8 brams, 4 dsps
RUN-1001 : There are total 3435 nets
RUN-6004 WARNING: There are 3 nets with only 1 pin.
RUN-1001 : 2181 nets have 2 pins
RUN-1001 : 768 nets have [3 - 5] pins
RUN-1001 : 389 nets have [6 - 10] pins
RUN-1001 : 52 nets have [11 - 20] pins
RUN-1001 : 37 nets have [21 - 99] pins
RUN-1001 : 5 nets have 100+ pins
RUN-1002 : start command "start_timer -report"
TMR-2505 : Start building timing graph for model test_camera.
TMR-2506 : Build timing graph completely. Port num: 19, tpin num: 13366, tnet num: 3433, tinst num: 1689, tnode num: 16310, tedge num: 22501.
TMR-2508 : Levelizing timing graph completed, there are 29 levels in total.
TMR-2501 : Timing graph initialized successfully.
PHY-1001 : 769 mslices, 769 lslices, 132 pads, 8 brams, 4 dsps
TMR-2503 : Start to update net delay, extr mode = 3.
TMR-2504 : Update delay of 3433 nets completely.
TMR-2502 : Annotate delay completely, extr mode = 3.
TMR-3001 : Initiate 0 clocks from SDC.
TMR-3004 : Map sdc constraints, there are 2 constraints in total.
TMR-3003 : Constraints initiated successfully.
TMR-3501 : Forward propagation: start to calculate arrival time...
TMR-3502 : Backward propagation: start to calculate required time...
TMR-3503 : Timing propagation completes.
PHY-1001 : Start global routing, caller is route ...
RUN-1001 : Generating global routing grids ...
PHY-1001 : Generate routing nets ...
PHY-1001 : Global iterations in 16 thread ...
PHY-1002 : len = 147632, over cnt = 364(1%), over = 638, worst = 6
PHY-1002 : len = 150504, over cnt = 201(0%), over = 291, worst = 6
PHY-1002 : len = 152544, over cnt = 71(0%), over = 109, worst = 6
PHY-1002 : len = 153864, over cnt = 1(0%), over = 1, worst = 1
PHY-1002 : len = 153896, over cnt = 0(0%), over = 0, worst = 0
PHY-1001 : End global iterations;  0.476637s wall, 0.593750s user + 0.109375s system = 0.703125s CPU (147.5%)

PHY-1001 : Congestion index: top1 = 31.51, top5 = 26.58, top10 = 23.26, top15 = 20.79.
PHY-1001 : End global routing;  0.563549s wall, 0.671875s user + 0.109375s system = 0.781250s CPU (138.6%)

PHY-1001 : Start detail routing ...
PHY-1001 : Current memory(MB): used = 262, reserve = 241, peak = 268.
PHY-1001 : Detailed router is running in normal mode.
PHY-1001 : Generate detailed routing grids ...
PHY-1001 : Generate nets ...
PHY-1001 : net cam_pclk_dup_4 will be routed on clock mesh
PHY-1001 : net clk_24m_dup_1 will be routed on clock mesh
PHY-1001 : net clk_cam will be routed on clock mesh
PHY-1001 : net vga_clk_dup_1 will be routed on clock mesh
PHY-1001 : clock net u_image_select/mode[3]_syn_103 will be merged with clock u_image_select/mode[3]_syn_22
PHY-1001 : clock net Sdram_Control_4Port/CTRL_CLK will be merged with clock u_pll/clk0_buf
PHY-1001 : net Sdram_Control_4Port/SDRAM_CLK will be routed on clock mesh
PHY-1001 : clock net u_camera_init/divider2[8]_syn_4 will be merged with clock u_camera_init/divider2[8]
PHY-1001 : clock net u_camera_init/divider2[7]_syn_2 will be merged with clock u_camera_init/divider2[7]
PHY-1001 : net u_camera_init/u_i2c_write/clk will be routed on clock mesh
PHY-5010 WARNING: Net u_image_process/out_img_imy[1] is skipped due to 0 input or output
PHY-5010 WARNING: Net u_image_process/out_img_imy[0] is skipped due to 0 input or output
PHY-1001 : clock net u_image_process/wrreq_syn_2 will be merged with clock u_image_process/wrreq
PHY-5010 WARNING: Net u_image_process/u_RGBYCbCr/pre_frame_vsync_d[2] is skipped due to 0 input or output
PHY-5010 WARNING: Net u_image_process/out_img_imy[1] is skipped due to 0 input or output
PHY-5010 WARNING: Net u_image_process/out_img_imy[0] is skipped due to 0 input or output
PHY-5010 WARNING: Net u_image_process/u_RGBYCbCr/pre_frame_vsync_d[2] is skipped due to 0 input or output
PHY-1001 : Current memory(MB): used = 519, reserve = 501, peak = 519.
PHY-1001 : End build detailed router design. 4.020094s wall, 3.859375s user + 0.171875s system = 4.031250s CPU (100.3%)

PHY-1001 : Detail Route ...
PHY-1001 : ===== Detail Route Phase 1 =====
PHY-1001 : Clock net routing.....
PHY-1001 : Routed 0% nets.
PHY-1022 : len = 44624, over cnt = 0(0%), over = 0, worst = 0, crit = 0
PHY-1001 : End initial clock net routed; 4.343574s wall, 4.343750s user + 0.000000s system = 4.343750s CPU (100.0%)

PHY-1001 : Current memory(MB): used = 552, reserve = 535, peak = 552.
PHY-1001 : End phase 1; 4.350325s wall, 4.343750s user + 0.000000s system = 4.343750s CPU (99.8%)

PHY-1001 : ===== Detail Route Phase 2 =====
PHY-1001 : Initial routing.....
PHY-1001 : Routed 18% nets.
PHY-1001 : Routed 21% nets.
PHY-1001 : Routed 24% nets.
PHY-1001 : Routed 30% nets.
PHY-1001 : Routed 39% nets.
PHY-1001 : Patch 1520 net; 1.579840s wall, 1.578125s user + 0.000000s system = 1.578125s CPU (99.9%)

PHY-1022 : len = 350184, over cnt = 138(0%), over = 138, worst = 1, crit = 0
PHY-1001 : Current memory(MB): used = 554, reserve = 537, peak = 554.
PHY-1001 : End initial routed; 5.034209s wall, 6.671875s user + 0.031250s system = 6.703125s CPU (133.2%)

PHY-1001 : Update timing.....
PHY-1001 : 0/2895(0%) critical/total net(s).
RUN-1001 : ------------------------------------------
RUN-1001 :   Type   |    WNS(ns)    |  TNS(ns)  |  FEP  
RUN-1001 : ------------------------------------------
RUN-1001 :   Setup  |     3.830     |   0.000   |   0   
RUN-1001 :   Hold   |  2147483.647  |   0.000   |   0   
RUN-1001 : ------------------------------------------
PHY-1001 : End update timing; 1.147065s wall, 1.156250s user + 0.000000s system = 1.156250s CPU (100.8%)

PHY-1001 : Current memory(MB): used = 558, reserve = 541, peak = 558.
PHY-1001 : End phase 2; 6.181340s wall, 7.828125s user + 0.031250s system = 7.859375s CPU (127.1%)

PHY-1001 : ===== Detail Route Phase 3 =====
PHY-1001 : Optimize timing.....
PHY-1022 : len = 350184, over cnt = 138(0%), over = 138, worst = 1, crit = 0
PHY-1001 : End optimize timing; 0.016421s wall, 0.015625s user + 0.000000s system = 0.015625s CPU (95.2%)

PHY-1001 : Ripup-reroute.....
PHY-1001 : ===== DR Iter 1 =====
PHY-1022 : len = 349696, over cnt = 48(0%), over = 48, worst = 1, crit = 0
PHY-1001 : End DR Iter 1; 0.097499s wall, 0.109375s user + 0.000000s system = 0.109375s CPU (112.2%)

PHY-1001 : ===== DR Iter 2 =====
PHY-1022 : len = 350072, over cnt = 1(0%), over = 1, worst = 1, crit = 0
PHY-1001 : End DR Iter 2; 0.068776s wall, 0.078125s user + 0.000000s system = 0.078125s CPU (113.6%)

PHY-1001 : ===== DR Iter 3 =====
PHY-1022 : len = 350088, over cnt = 0(0%), over = 0, worst = 0, crit = 0
PHY-1001 : End DR Iter 3; 0.029731s wall, 0.031250s user + 0.000000s system = 0.031250s CPU (105.1%)

PHY-1001 : Update timing.....
PHY-1001 : 0/2895(0%) critical/total net(s).
RUN-1001 : ------------------------------------------
RUN-1001 :   Type   |    WNS(ns)    |  TNS(ns)  |  FEP  
RUN-1001 : ------------------------------------------
RUN-1001 :   Setup  |     3.830     |   0.000   |   0   
RUN-1001 :   Hold   |  2147483.647  |   0.000   |   0   
RUN-1001 : ------------------------------------------
PHY-1001 : End update timing; 1.150496s wall, 1.156250s user + 0.000000s system = 1.156250s CPU (100.5%)

PHY-1001 : Commit to database.....
PHY-1001 : 24 feed throughs used by 19 nets
PHY-1001 : End commit to database; 0.367186s wall, 0.359375s user + 0.000000s system = 0.359375s CPU (97.9%)

PHY-1001 : Current memory(MB): used = 578, reserve = 561, peak = 578.
PHY-1001 : End phase 3; 1.878931s wall, 1.890625s user + 0.000000s system = 1.890625s CPU (100.6%)

PHY-1003 : Routed, final wirelength = 350088
PHY-1001 : Current memory(MB): used = 579, reserve = 562, peak = 579.
PHY-1001 : End export database. 0.014758s wall, 0.015625s user + 0.000000s system = 0.015625s CPU (105.9%)

PHY-1001 : End detail routing;  16.694971s wall, 18.156250s user + 0.218750s system = 18.375000s CPU (110.1%)

RUN-1003 : finish command "route" in  18.416881s wall, 20.000000s user + 0.328125s system = 20.328125s CPU (110.4%)

RUN-1004 : used memory is 525 MB, reserved memory is 509 MB, peak memory is 579 MB
RUN-1002 : start command "report_area -io_info -file ov2640_sdram_phy.area"
RUN-1001 : standard
***Report Model: test_camera Device: EG4S20BG256***

IO Statistics
#IO                        77
  #input                   29
  #output                  47
  #inout                    1

Utilization Statistics
#lut                     2599   out of  19600   13.26%
#reg                     1255   out of  19600    6.40%
#le                      2937
  #lut only              1682   out of   2937   57.27%
  #reg only               338   out of   2937   11.51%
  #lut&reg                917   out of   2937   31.22%
#dsp                        4   out of     29   13.79%
#bram                       6   out of     64    9.38%
  #bram9k                   0
  #fifo9k                   6
#bram32k                    2   out of     16   12.50%
#pad                       77   out of    188   40.96%
  #ireg                     0
  #oreg                     0
  #treg                     0
#pll                        1   out of      4   25.00%
#gclk                      11   out of     16   68.75%

Clock Resource Statistics
Index     ClockNet                         Type               DriverType         Driver                                                          Fanout
#1        cam_pclk_dup_4                   GCLK               io                 cam_pclk_syn_5.di                                               443
#2        u_pll/clk0_buf                   GCLK               pll                u_pll/pll_inst.clkc0                                            173
#3        vga_clk_dup_1                    GCLK               pll                u_pll/pll_inst.clkc2                                            42
#4        u_camera_init/divider2[8]        GCLK               mslice             u_camera_init/reg3_syn_42.q0                                    22
#5        u_camera_init/u_i2c_write/clk    GCLK               pll                u_pll/pll_inst.clkc4                                            21
#6        u_camera_init/divider2[7]        GCLK               lslice             u_camera_init/reg3_syn_45.q0                                    16
#7        u_image_select/mode[3]_syn_22    GCLK               lslice             u_image_process/u_Median_Gray/u_three_martix/reg16_syn_35.f0    12
#8        u_image_process/wrreq            GCLK               lslice             u_image_process/u_RGBYCbCr/reg7_syn_14.f0                       9
#9        clk_24m_dup_1                    GCLK               io                 clk_24m_syn_2.di                                                6
#10       Sdram_Control_4Port/SDRAM_CLK    GCLK               pll                u_pll/pll_inst.clkc1                                            0
#11       clk_cam                          GCLK               pll                u_pll/pll_inst.clkc3                                            0


Detailed IO Report

     Name        Direction    Location    IOStandard    DriveStrength    PullType    PackReg  
   Switch[5]       INPUT         P6        LVCMOS25          N/A          PULLUP      NONE    
   Switch[4]       INPUT         M6        LVCMOS25          N/A          PULLUP      NONE    
   Switch[3]       INPUT         T6        LVCMOS25          N/A          PULLUP      NONE    
   Switch[2]       INPUT         T5        LVCMOS25          N/A          PULLUP      NONE    
   Switch[1]       INPUT         R5        LVCMOS25          N/A          PULLUP      NONE    
   Switch[0]       INPUT         T4        LVCMOS25          N/A          PULLUP      NONE    
  cam_data[7]      INPUT        H13        LVCMOS33          N/A          PULLUP      NONE    
  cam_data[6]      INPUT        G16        LVCMOS33          N/A          PULLUP      NONE    
  cam_data[5]      INPUT        H16        LVCMOS33          N/A          PULLUP      NONE    
  cam_data[4]      INPUT        G14        LVCMOS33          N/A          PULLUP      NONE    
  cam_data[3]      INPUT        K15        LVCMOS33          N/A          PULLUP      NONE    
  cam_data[2]      INPUT        K16        LVCMOS33          N/A          PULLUP      NONE    
  cam_data[1]      INPUT        J16        LVCMOS33          N/A          PULLUP      NONE    
  cam_data[0]      INPUT        H15        LVCMOS33          N/A          PULLUP      NONE    
   cam_href        INPUT        F15        LVCMOS33          N/A          PULLUP      NONE    
   cam_pclk        INPUT        K12        LVCMOS33          N/A          PULLUP      NONE    
   cam_vsync       INPUT        E15        LVCMOS33          N/A          PULLUP      NONE    
    clk_24m        INPUT        K14        LVCMOS33          N/A          PULLUP      NONE    
     rst_n         INPUT        G11        LVCMOS33          N/A          PULLUP      NONE    
    Led[15]       OUTPUT        T13        LVCMOS25           8            NONE       NONE    
    Led[14]       OUTPUT        T12        LVCMOS25           8            NONE       NONE    
    Led[13]       OUTPUT        R12        LVCMOS25           8            NONE       NONE    
    Led[12]       OUTPUT         M7        LVCMOS25           8            NONE       NONE    
    Led[11]       OUTPUT         T9        LVCMOS25           8            NONE       NONE    
    Led[10]       OUTPUT         T8        LVCMOS25           8            NONE       NONE    
    Led[9]        OUTPUT         T7        LVCMOS25           8            NONE       NONE    
    Led[8]        OUTPUT         R7        LVCMOS25           8            NONE       NONE    
    Led[7]        OUTPUT         P5        LVCMOS25           8            NONE       NONE    
    Led[6]        OUTPUT         N5        LVCMOS25           8            NONE       NONE    
    Led[5]        OUTPUT         P4        LVCMOS25           8            NONE       NONE    
    Led[4]        OUTPUT         M5        LVCMOS25           8            NONE       NONE    
    Led[3]        OUTPUT         N4        LVCMOS25           8            NONE       NONE    
    Led[2]        OUTPUT         N3        LVCMOS25           8            NONE       NONE    
    Led[1]        OUTPUT         M4        LVCMOS25           8            NONE       NONE    
    Led[0]        OUTPUT         M3        LVCMOS25           8            NONE       NONE    
   cam_pwdn       OUTPUT        F14        LVCMOS33           8            NONE       NONE    
    cam_rst       OUTPUT        F13        LVCMOS33           8            NONE       NONE    
   cam_soic       OUTPUT        D16        LVCMOS33           8           PULLUP      NONE    
   cam_xclk       OUTPUT        J12        LVCMOS33           8            NONE       NONE    
   vga_b[7]       OUTPUT         C1        LVCMOS25           8            NONE       NONE    
   vga_b[6]       OUTPUT         D1        LVCMOS25           8            NONE       NONE    
   vga_b[5]       OUTPUT         E2        LVCMOS25           8            NONE       NONE    
   vga_b[4]       OUTPUT         G3        LVCMOS25           8            NONE       NONE    
   vga_b[3]       OUTPUT         E1        LVCMOS25           8            NONE       NONE    
   vga_b[2]       OUTPUT         F2        LVCMOS25           8            NONE       NONE    
   vga_b[1]       OUTPUT         F1        LVCMOS25           8            NONE       NONE    
   vga_b[0]       OUTPUT         G1        LVCMOS25           8            NONE       NONE    
    vga_clk       OUTPUT         H2        LVCMOS25           8            NONE       NONE    
   vga_g[7]       OUTPUT         H5        LVCMOS25           8            NONE       NONE    
   vga_g[6]       OUTPUT         H1        LVCMOS25           8            NONE       NONE    
   vga_g[5]       OUTPUT         J6        LVCMOS25           8            NONE       NONE    
   vga_g[4]       OUTPUT         H3        LVCMOS25           8            NONE       NONE    
   vga_g[3]       OUTPUT         J1        LVCMOS25           8            NONE       NONE    
   vga_g[2]       OUTPUT         K1        LVCMOS25           8            NONE       NONE    
   vga_g[1]       OUTPUT         K2        LVCMOS25           8            NONE       NONE    
   vga_g[0]       OUTPUT         L1        LVCMOS25           8            NONE       NONE    
   vga_hsync      OUTPUT         J3        LVCMOS25           8            NONE       NONE    
   vga_r[7]       OUTPUT         K6        LVCMOS25           8            NONE       NONE    
   vga_r[6]       OUTPUT         K3        LVCMOS25           8            NONE       NONE    
   vga_r[5]       OUTPUT         K5        LVCMOS25           8            NONE       NONE    
   vga_r[4]       OUTPUT         L4        LVCMOS25           8            NONE       NONE    
   vga_r[3]       OUTPUT         M1        LVCMOS25           8            NONE       NONE    
   vga_r[2]       OUTPUT         M2        LVCMOS25           8            NONE       NONE    
   vga_r[1]       OUTPUT         L3        LVCMOS25           8            NONE       NONE    
   vga_r[0]       OUTPUT         L5        LVCMOS25           8            NONE       NONE    
   vga_vsync      OUTPUT         J4        LVCMOS25           8            NONE       NONE    
   cam_soid        INOUT        D14        LVCMOS33           8           PULLUP      NONE    

Report Hierarchy Area:
+---------------------------------------------------------------------------------------------------------------------------------------+
|Instance                              |Module                                     |le     |lut     |ripple  |seq     |bram    |dsp     |
+---------------------------------------------------------------------------------------------------------------------------------------+
|top                                   |test_camera                                |2937   |2015    |584     |1255    |8       |4       |
|  Sdram_Control_4Port                 |Sdram_Control_4Port                        |646    |418     |108     |397     |2       |0       |
|    command1                          |command                                    |52     |52      |0       |43      |0       |0       |
|    control1                          |control_interface                          |98     |65      |24      |54      |0       |0       |
|    data_path1                        |sdr_data_path                              |8      |8       |0       |0       |0       |0       |
|    read_fifo1                        |Sdram_RD_FIFO                              |134    |75      |18      |104     |1       |0       |
|      dcfifo_component                |softfifo                                   |134    |75      |18      |104     |1       |0       |
|        ram_inst                      |ram_infer_softfifo                         |0      |0       |0       |0       |1       |0       |
|        rd_to_wr_cross_inst           |fifo_cross_domain_addr_process_al_softfifo |39     |25      |0       |39      |0       |0       |
|        wr_to_rd_cross_inst           |fifo_cross_domain_addr_process_al_softfifo |34     |20      |0       |34      |0       |0       |
|    sdram1                            |sdram                                      |3      |3       |0       |1       |0       |0       |
|    write_fifo1                       |Sdram_WR_FIFO                              |131    |55      |18      |104     |1       |0       |
|      dcfifo_component                |softfifo                                   |131    |55      |18      |104     |1       |0       |
|        ram_inst                      |ram_infer_softfifo                         |0      |0       |0       |0       |1       |0       |
|        rd_to_wr_cross_inst           |fifo_cross_domain_addr_process_al_softfifo |38     |19      |0       |38      |0       |0       |
|        wr_to_rd_cross_inst           |fifo_cross_domain_addr_process_al_softfifo |33     |16      |0       |33      |0       |0       |
|  u_Mode_Switch                       |Mode_Switch                                |11     |11      |0       |9       |0       |0       |
|  u_cam_vga_out                       |Driver                                     |110    |66      |44      |22      |0       |0       |
|  u_camera_init                       |camera_init                                |571    |552     |9       |92      |0       |0       |
|    u_i2c_write                       |i2c_module                                 |173    |166     |0       |50      |0       |0       |
|  u_camera_reader                     |camera_reader                              |92     |48      |17      |56      |0       |0       |
|  u_image_process                     |image_process                              |1442   |855     |406     |656     |6       |4       |
|    u_Erosion_Detector                |Erosion_Detector                           |165    |115     |45      |69      |2       |0       |
|      u_three_martix_3                |three_martix                               |163    |113     |45      |67      |2       |0       |
|        u_fifo_1                      |fifo_1                                     |2      |2       |0       |0       |1       |0       |
|        u_fifo_2                      |fifo_2                                     |3      |3       |0       |1       |1       |0       |
|    u_Median_Gray                     |Median_Gray                                |729    |423     |235     |291     |2       |0       |
|      u_Median_Filter_3X3_8Bit_median |Median_Filter_3X3                          |492    |295     |190     |138     |0       |0       |
|        u_Sort3_1                     |Sort3                                      |84     |54      |30      |26      |0       |0       |
|        u_Sort3_2                     |Sort3                                      |84     |54      |30      |24      |0       |0       |
|        u_Sort3_3                     |Sort3                                      |82     |52      |30      |24      |0       |0       |
|        u_Sort3_4                     |Sort3                                      |48     |28      |20      |16      |0       |0       |
|        u_Sort3_5                     |Sort3                                      |71     |41      |30      |13      |0       |0       |
|        u_Sort3_6                     |Sort3                                      |48     |28      |20      |12      |0       |0       |
|        u_Sort3_7                     |Sort3                                      |68     |38      |30      |16      |0       |0       |
|      u_three_martix                  |three_martix                               |237    |128     |45      |153     |2       |0       |
|        u_fifo_1                      |fifo_1                                     |0      |0       |0       |0       |1       |0       |
|        u_fifo_2                      |fifo_2                                     |0      |0       |0       |0       |1       |0       |
|    u_RGBYCbCr                        |RGBYCbCr                                   |120    |75      |34      |56      |0       |4       |
|    u_Sobel_Process                   |Sobel_Process                              |371    |201     |92      |184     |2       |0       |
|      u_Caculate_Sobel                |Caculate_Sobel                             |142    |93      |47      |51      |0       |0       |
|      u_three_martix_2                |three_martix                               |229    |108     |45      |133     |2       |0       |
|        u_fifo_1                      |fifo_1                                     |0      |0       |0       |0       |1       |0       |
|        u_fifo_2                      |fifo_2                                     |0      |0       |0       |0       |1       |0       |
|  u_image_select                      |image_select                               |45     |45      |0       |19      |0       |0       |
|  u_pll                               |ip_pll                                     |0      |0       |0       |0       |0       |0       |
+---------------------------------------------------------------------------------------------------------------------------------------+


DataNet Average Fanout:

   Index     Fanout    Nets  
    #1         1       2112  
    #2         2       461   
    #3         3       156   
    #4         4       130   
    #5        5-10     389   
    #6       11-50      75   
    #7       51-100     7    
    #8        >500      1    
  Average     2.72           

RUN-1002 : start command "export_db ov2640_sdram_pr.db"
RUN-1001 : Exported /
RUN-1001 : Exported flow parameters
RUN-1001 : Exported libs
RUN-1001 : Exported entities
RUN-1001 : Exported ports
RUN-1001 : Exported pins
RUN-1001 : Exported instances
RUN-1001 : Exported nets
RUN-1001 : Exported buses
RUN-1001 : Exported models
RUN-1001 : Exported congestions
RUN-1001 : Exported violations
RUN-1001 : Exported timing constraints
RUN-1001 : Exported IO constraints
RUN-1001 : Exported Inst constraints
RUN-1002 : start command "export_bid ov2640_sdram_inst.bid"
RUN-1002 : start command "bitgen -bit ov2640_sdram.bit"
BIT-1003 : Start to generate bitstream. 
BIT-1002 : Init instances with 16 threads.
BIT-1002 : Init instances completely, inst num: 1689
BIT-1002 : Init pips with 16 threads.
BIT-1002 : Init pips completely, net num: 3435, pip num: 29039
BIT-1002 : Init feedthrough with 16 threads.
BIT-1002 : Init feedthrough completely, num: 24
BIT-1003 : Multithreading accelaration with 16 threads.
BIT-1003 : Generate bitstream completely, there are 1803 valid insts, and 88315 bits set as '1'.
BIT-1004 : the usercode register value: 00000000000100110000000000000000
BIT-1004 : PLL setting string = 0001
BIT-1004 : Generate bits file ov2640_sdram.bit.
RUN-1003 : finish command "bitgen -bit ov2640_sdram.bit" in  3.491208s wall, 33.890625s user + 0.453125s system = 34.343750s CPU (983.7%)

RUN-1004 : used memory is 539 MB, reserved memory is 524 MB, peak memory is 710 MB
RUN-1002 : start command "backup_run_log run.log ../.logs/phy_1/td_20221027_161607.log"
