============================================================
   Tang Dynasty, V5.6.59063
   Copyright (c) 2012-2022 Anlogic
   Executable = C:/Anlogic/TD5.6.59063/bin/td.exe
   Built at =   12:45:13 Sep  6 2022
   Run by =     Administrator
   Run Date =   Wed Oct 26 12:57:46 2022

   Run on =     WIN-25FR57M34TT
============================================================
RUN-1002 : start command "open_project ov2640_sdram.prj"
RUN-1001 : Print Global Property
RUN-1001 : ---------------------------------------------------------------
RUN-1001 :        Parameters        |  Settings  |  Default Values  |  Note  
RUN-1001 : ---------------------------------------------------------------
RUN-1001 :          message         |  standard  |     standard     |        
RUN-1001 :   mixed_pack_place_flow  |     on     |        on        |        
RUN-1001 :        qor_monitor       |    off     |       off        |        
RUN-1001 :        syn_ip_flow       |    off     |       off        |        
RUN-1001 :          thread          |    auto    |       auto       |        
RUN-1001 : ---------------------------------------------------------------
RUN-1001 : Print Design Property
RUN-1001 : --------------------------------------------------------------
RUN-1001 :        Parameters       |  Settings  |  Default Values  |  Note  
RUN-1001 : --------------------------------------------------------------
RUN-1001 :   default_reg_initial   |    auto    |       auto       |        
RUN-1001 :        infer_add        |     on     |        on        |        
RUN-1001 :        infer_fsm        |    off     |       off        |        
RUN-1001 :        infer_mult       |     on     |        on        |        
RUN-1001 :        infer_ram        |     on     |        on        |        
RUN-1001 :        infer_reg        |     on     |        on        |        
RUN-1001 :   infer_reg_init_value  |     on     |        on        |        
RUN-1001 :        infer_rom        |     on     |        on        |        
RUN-1001 :      infer_shifter      |     on     |        on        |        
RUN-1001 : --------------------------------------------------------------
RUN-1001 : Print Rtl Property
RUN-1001 : --------------------------------------------------------------
RUN-1001 :        Parameters       |  Settings  |  Default Values  |  Note  
RUN-1001 : --------------------------------------------------------------
RUN-1001 :       compress_add      |   ripple   |      ripple      |        
RUN-1001 :        elf_sload        |    off     |       off        |        
RUN-1001 :       fix_undriven      |     0      |        0         |        
RUN-1001 :         flatten         |    off     |       off        |        
RUN-1001 :       gate_sharing      |     on     |        on        |        
RUN-1001 :    hdl_warning_level    |   normal   |      normal      |        
RUN-1001 :   impl_internal_tribuf  |     on     |        on        |        
RUN-1001 :      impl_set_reset     |     on     |        on        |        
RUN-1001 :        infer_gsr        |    off     |       off        |        
RUN-1001 :      keep_hierarchy     |    auto    |       auto       |        
RUN-1001 :        max_fanout       |    9999    |       9999       |        
RUN-1001 :      max_oh2bin_len     |     10     |        10        |        
RUN-1001 :       merge_equal       |     on     |        on        |        
RUN-1001 :       merge_equiv       |     on     |        on        |        
RUN-1001 :        merge_mux        |    off     |       off        |        
RUN-1001 :     min_control_set     |     8      |        8         |        
RUN-1001 :      min_ripple_len     |    auto    |       auto       |        
RUN-1001 :       oh2bin_ratio      |    0.08    |       0.08       |        
RUN-1001 :     opt_adder_fanout    |     on     |        on        |        
RUN-1001 :        opt_arith        |     on     |        on        |        
RUN-1001 :       opt_big_gate      |    off     |       off        |        
RUN-1001 :        opt_const        |     on     |        on        |        
RUN-1001 :      opt_const_mult     |     on     |        on        |        
RUN-1001 :       opt_lessthan      |     on     |        on        |        
RUN-1001 :         opt_mux         |    off     |       off        |        
RUN-1001 :         opt_ram         |    high    |       high       |        
RUN-1001 :      rtl_sim_model      |    off     |       off        |        
RUN-1001 :         seq_syn         |     on     |        on        |        
RUN-1001 : --------------------------------------------------------------
HDL-1007 : analyze verilog file ../../al_ip/ip_pll.v
HDL-1007 : undeclared symbol 'open', assumed default net type 'wire' in ../../al_ip/ip_pll.v(93)
HDL-1007 : analyze verilog file ../../al_ip/softfifo.v
HDL-1007 : analyze verilog file ../../RTL/camera_init.v
HDL-1007 : undeclared symbol 'clk_div', assumed default net type 'wire' in ../../RTL/camera_init.v(74)
HDL-1007 : analyze verilog file ../../RTL/camera_reader.v
HDL-1007 : analyze verilog file ../../RTL/i2c_module.v
HDL-1007 : analyze verilog file ../../RTL/Sdram_Control_4Port/command.v
HDL-1007 : analyze included file ../../RTL/Sdram_Control_4Port/Sdram_Params.h in ../../RTL/Sdram_Control_4Port/command.v(27)
HDL-1007 : back to file '../../RTL/Sdram_Control_4Port/command.v' in ../../RTL/Sdram_Control_4Port/command.v(27)
HDL-1007 : analyze verilog file ../../RTL/Sdram_Control_4Port/control_interface.v
HDL-1007 : analyze included file ../../RTL/Sdram_Control_4Port/Sdram_Params.h in ../../RTL/Sdram_Control_4Port/control_interface.v(21)
HDL-1007 : back to file '../../RTL/Sdram_Control_4Port/control_interface.v' in ../../RTL/Sdram_Control_4Port/control_interface.v(21)
HDL-1007 : analyze verilog file ../../RTL/Sdram_Control_4Port/sdr_data_path.v
HDL-1007 : analyze included file ../../RTL/Sdram_Control_4Port/Sdram_Params.h in ../../RTL/Sdram_Control_4Port/sdr_data_path.v(10)
HDL-1007 : back to file '../../RTL/Sdram_Control_4Port/sdr_data_path.v' in ../../RTL/Sdram_Control_4Port/sdr_data_path.v(10)
HDL-1007 : analyze verilog file ../../RTL/Sdram_Control_4Port/Sdram_Control_4Port.v
HDL-1007 : analyze included file ../../RTL/Sdram_Control_4Port/Sdram_Params.h in ../../RTL/Sdram_Control_4Port/Sdram_Control_4Port.v(49)
HDL-1007 : back to file '../../RTL/Sdram_Control_4Port/Sdram_Control_4Port.v' in ../../RTL/Sdram_Control_4Port/Sdram_Control_4Port.v(49)
HDL-1007 : analyze verilog file ../../RTL/Sdram_Control_4Port/Sdram_RD_FIFO.v
HDL-5007 WARNING: 'clk' is not declared in ../../RTL/Sdram_Control_4Port/Sdram_RD_FIFO.v(44)
HDL-1007 : analyze verilog file ../../RTL/Sdram_Control_4Port/Sdram_WR_FIFO.v
HDL-1007 : analyze verilog file ../../al_ip/sdram.v
HDL-1007 : analyze verilog file ../../RTL/Driver.v
HDL-1007 : analyze verilog file ../../RTL/RGBYCbCr.v
HDL-1007 : analyze verilog file ../../RTL/image_process.v
HDL-1007 : analyze verilog file ../../RTL/test_camera.v
HDL-1007 : undeclared symbol 'cmos_frame_vsync', assumed default net type 'wire' in ../../RTL/test_camera.v(111)
HDL-1007 : undeclared symbol 'cmos_frame_href', assumed default net type 'wire' in ../../RTL/test_camera.v(112)
HDL-1007 : undeclared symbol 'cmos_frame_valid', assumed default net type 'wire' in ../../RTL/test_camera.v(113)
HDL-1007 : analyze verilog file ../../RTL/Mode_Switch.v
HDL-1007 : analyze verilog file ../../RTL/image_select.v
HDL-5007 WARNING: 'clk' is not declared in ../../RTL/Sdram_Control_4Port/Sdram_RD_FIFO.v(44)
RUN-1001 : Project manager successfully analyzed 18 source files.
RUN-1002 : start command "import_device eagle_s20.db -package EG4S20BG256"
ARC-1001 : Device Initialization.
ARC-1001 : ------------------------------------------------------------------
ARC-1001 :            OPTION            |          IO          |   SETTING   
ARC-1001 : ------------------------------------------------------------------
ARC-1001 :   cso_b/cclk/mosi/miso/dout  |  T3/R11/T10/P10/S11  |    gpio    
ARC-1001 :             done             |         P13          |    gpio    
ARC-1001 :           program_b          |          T2          |  dedicate  
ARC-1001 :        tdi/tms/tck/tdo       |   C12/A15/C14/E14    |  dedicate  
ARC-1001 : ------------------------------------------------------------------
ARC-1004 : Device setting, marked 5 dedicate IOs in total.
RUN-1002 : start command "import_db ../syn_1/ov2640_sdram_gate.db"
RUN-1001 : Importing database generated by Tang Dynasty, V5.6.59063.
RUN-1001 : Database version number 46140.
RUN-1001 : Import flow parameters
RUN-1001 : Import timing constraints
RUN-1001 : Import IO constraints
RUN-1001 : Import Inst constraints
RUN-1001 : Import design success TD_VERSION=5.6.59063 , DB_VERSION=46140
RUN-1002 : start command "read_sdc"
USR-1002 : read_sdc file_name -help -h -eco
RUN-1002 : start command "get_regs */primary_addr_gray_reg[*]"
RUN-1002 : start command "get_regs */sync_r1[*]"
RUN-1002 : start command "set_max_delay -from  -to  5 -datapath_only"
RUN-1002 : start command "get_regs */primary_addr_gray_reg[*]"
RUN-1002 : start command "get_regs */sync_r1[*]"
RUN-1002 : start command "set_false_path -from  -to  -hold 5"
USR-1002 : set_false_path -help -setup -hold -from <list> -rise_from <list> -fall_from <list> -to <list> -rise_to <list> -fall_to <list> -through <list>
RUN-1002 : start command "get_regs */primary_addr_gray_reg[*]"
RUN-1002 : start command "get_regs */sync_r1[*]"
RUN-1002 : start command "set_max_delay -from  -to  5 -datapath_only"
RUN-1002 : start command "get_regs */primary_addr_gray_reg[*]"
RUN-1002 : start command "get_regs */sync_r1[*]"
RUN-1002 : start command "set_max_delay -from  -to  5 -datapath_only"
RUN-1002 : start command "get_regs */primary_addr_gray_reg[*]"
RUN-1002 : start command "get_regs */sync_r1[*]"
RUN-1002 : start command "set_max_delay -from  -to  5 -datapath_only"
SYN-1001 : 	kept net: Sdram_Control_4Port/read_fifo1/dcfifo_component/rd_to_wr_cross_inst/primary_addr_gray_reg[9](Sdram_Control_4Port/read_fifo1/dcfifo_component/rd_to_wr_cross_inst/primary_addr_gray_reg[9]_syn_5)
SYN-1001 : 	kept net: Sdram_Control_4Port/read_fifo1/dcfifo_component/rd_to_wr_cross_inst/primary_addr_gray_reg[8](Sdram_Control_4Port/read_fifo1/dcfifo_component/rd_to_wr_cross_inst/primary_addr_gray_reg[8]_syn_5)
SYN-1001 : 	kept net: Sdram_Control_4Port/read_fifo1/dcfifo_component/rd_to_wr_cross_inst/primary_addr_gray_reg[7](Sdram_Control_4Port/read_fifo1/dcfifo_component/rd_to_wr_cross_inst/primary_addr_gray_reg[7]_syn_5)
SYN-1001 : 	kept net: Sdram_Control_4Port/read_fifo1/dcfifo_component/rd_to_wr_cross_inst/primary_addr_gray_reg[6](Sdram_Control_4Port/read_fifo1/dcfifo_component/rd_to_wr_cross_inst/primary_addr_gray_reg[6]_syn_5)
SYN-1001 : 	kept net: Sdram_Control_4Port/read_fifo1/dcfifo_component/rd_to_wr_cross_inst/primary_addr_gray_reg[5](Sdram_Control_4Port/read_fifo1/dcfifo_component/rd_to_wr_cross_inst/primary_addr_gray_reg[5]_syn_5)
SYN-1001 : 	kept net: Sdram_Control_4Port/read_fifo1/dcfifo_component/rd_to_wr_cross_inst/primary_addr_gray_reg[4](Sdram_Control_4Port/read_fifo1/dcfifo_component/rd_to_wr_cross_inst/primary_addr_gray_reg[4]_syn_5)
SYN-1001 : 	kept net: Sdram_Control_4Port/read_fifo1/dcfifo_component/rd_to_wr_cross_inst/primary_addr_gray_reg[3](Sdram_Control_4Port/read_fifo1/dcfifo_component/rd_to_wr_cross_inst/primary_addr_gray_reg[3]_syn_5)
SYN-1001 : 	kept net: Sdram_Control_4Port/read_fifo1/dcfifo_component/rd_to_wr_cross_inst/primary_addr_gray_reg[2](Sdram_Control_4Port/read_fifo1/dcfifo_component/rd_to_wr_cross_inst/primary_addr_gray_reg[2]_syn_5)
SYN-1001 : 	kept net: Sdram_Control_4Port/read_fifo1/dcfifo_component/rd_to_wr_cross_inst/primary_addr_gray_reg[1](Sdram_Control_4Port/read_fifo1/dcfifo_component/rd_to_wr_cross_inst/primary_addr_gray_reg[1]_syn_5)
SYN-1001 : 	kept net: Sdram_Control_4Port/read_fifo1/dcfifo_component/rd_to_wr_cross_inst/primary_addr_gray_reg[0](Sdram_Control_4Port/read_fifo1/dcfifo_component/rd_to_wr_cross_inst/primary_addr_gray_reg[0]_syn_5)
SYN-1001 : 	kept net: Sdram_Control_4Port/read_fifo1/dcfifo_component/rd_to_wr_cross_inst/sync_r1[9](Sdram_Control_4Port/read_fifo1/dcfifo_component/rd_to_wr_cross_inst/sync_r1[9]_syn_3)
SYN-1001 : 	kept net: Sdram_Control_4Port/read_fifo1/dcfifo_component/rd_to_wr_cross_inst/sync_r1[8](Sdram_Control_4Port/read_fifo1/dcfifo_component/rd_to_wr_cross_inst/sync_r1[8]_syn_3)
SYN-1001 : 	kept net: Sdram_Control_4Port/read_fifo1/dcfifo_component/rd_to_wr_cross_inst/sync_r1[7](Sdram_Control_4Port/read_fifo1/dcfifo_component/rd_to_wr_cross_inst/sync_r1[7]_syn_3)
SYN-1001 : 	kept net: Sdram_Control_4Port/read_fifo1/dcfifo_component/rd_to_wr_cross_inst/sync_r1[6](Sdram_Control_4Port/read_fifo1/dcfifo_component/rd_to_wr_cross_inst/sync_r1[6]_syn_3)
SYN-1001 : 	kept net: Sdram_Control_4Port/read_fifo1/dcfifo_component/rd_to_wr_cross_inst/sync_r1[5](Sdram_Control_4Port/read_fifo1/dcfifo_component/rd_to_wr_cross_inst/sync_r1[5]_syn_3)
SYN-1001 : 	kept net: Sdram_Control_4Port/read_fifo1/dcfifo_component/rd_to_wr_cross_inst/sync_r1[4](Sdram_Control_4Port/read_fifo1/dcfifo_component/rd_to_wr_cross_inst/sync_r1[4]_syn_3)
SYN-1001 : 	kept net: Sdram_Control_4Port/read_fifo1/dcfifo_component/rd_to_wr_cross_inst/sync_r1[3](Sdram_Control_4Port/read_fifo1/dcfifo_component/rd_to_wr_cross_inst/sync_r1[3]_syn_3)
SYN-1001 : 	kept net: Sdram_Control_4Port/read_fifo1/dcfifo_component/rd_to_wr_cross_inst/sync_r1[2](Sdram_Control_4Port/read_fifo1/dcfifo_component/rd_to_wr_cross_inst/sync_r1[2]_syn_3)
SYN-1001 : 	kept net: Sdram_Control_4Port/read_fifo1/dcfifo_component/rd_to_wr_cross_inst/sync_r1[1](Sdram_Control_4Port/read_fifo1/dcfifo_component/rd_to_wr_cross_inst/sync_r1[1]_syn_3)
SYN-1001 : 	kept net: Sdram_Control_4Port/read_fifo1/dcfifo_component/rd_to_wr_cross_inst/sync_r1[0](Sdram_Control_4Port/read_fifo1/dcfifo_component/rd_to_wr_cross_inst/sync_r1[0]_syn_3)
SYN-1001 : 	kept net: Sdram_Control_4Port/read_fifo1/dcfifo_component/wr_to_rd_cross_inst/primary_addr_gray_reg[9](Sdram_Control_4Port/read_fifo1/dcfifo_component/wr_to_rd_cross_inst/primary_addr_gray_reg[9]_syn_5)
SYN-1001 : 	kept net: Sdram_Control_4Port/read_fifo1/dcfifo_component/wr_to_rd_cross_inst/primary_addr_gray_reg[8](Sdram_Control_4Port/read_fifo1/dcfifo_component/wr_to_rd_cross_inst/primary_addr_gray_reg[8]_syn_5)
SYN-1001 : 	kept net: Sdram_Control_4Port/read_fifo1/dcfifo_component/wr_to_rd_cross_inst/primary_addr_gray_reg[7](Sdram_Control_4Port/read_fifo1/dcfifo_component/wr_to_rd_cross_inst/primary_addr_gray_reg[7]_syn_5)
SYN-1001 : 	kept net: Sdram_Control_4Port/read_fifo1/dcfifo_component/wr_to_rd_cross_inst/primary_addr_gray_reg[6](Sdram_Control_4Port/read_fifo1/dcfifo_component/wr_to_rd_cross_inst/primary_addr_gray_reg[6]_syn_5)
SYN-1001 : 	kept net: Sdram_Control_4Port/read_fifo1/dcfifo_component/wr_to_rd_cross_inst/primary_addr_gray_reg[5](Sdram_Control_4Port/read_fifo1/dcfifo_component/wr_to_rd_cross_inst/primary_addr_gray_reg[5]_syn_5)
SYN-1001 : 	kept net: Sdram_Control_4Port/read_fifo1/dcfifo_component/wr_to_rd_cross_inst/primary_addr_gray_reg[4](Sdram_Control_4Port/read_fifo1/dcfifo_component/wr_to_rd_cross_inst/primary_addr_gray_reg[4]_syn_5)
SYN-1001 : 	kept net: Sdram_Control_4Port/read_fifo1/dcfifo_component/wr_to_rd_cross_inst/primary_addr_gray_reg[3](Sdram_Control_4Port/read_fifo1/dcfifo_component/wr_to_rd_cross_inst/primary_addr_gray_reg[3]_syn_5)
SYN-1001 : 	kept net: Sdram_Control_4Port/read_fifo1/dcfifo_component/wr_to_rd_cross_inst/primary_addr_gray_reg[2](Sdram_Control_4Port/read_fifo1/dcfifo_component/wr_to_rd_cross_inst/primary_addr_gray_reg[2]_syn_5)
SYN-1001 : 	kept net: Sdram_Control_4Port/read_fifo1/dcfifo_component/wr_to_rd_cross_inst/primary_addr_gray_reg[1](Sdram_Control_4Port/read_fifo1/dcfifo_component/wr_to_rd_cross_inst/primary_addr_gray_reg[1]_syn_5)
SYN-1001 : 	kept net: Sdram_Control_4Port/read_fifo1/dcfifo_component/wr_to_rd_cross_inst/primary_addr_gray_reg[0](Sdram_Control_4Port/read_fifo1/dcfifo_component/wr_to_rd_cross_inst/primary_addr_gray_reg[0]_syn_5)
SYN-1001 : 	kept net: Sdram_Control_4Port/read_fifo1/dcfifo_component/wr_to_rd_cross_inst/sync_r1[9](Sdram_Control_4Port/read_fifo1/dcfifo_component/wr_to_rd_cross_inst/sync_r1[9]_syn_3)
SYN-1001 : 	kept net: Sdram_Control_4Port/read_fifo1/dcfifo_component/wr_to_rd_cross_inst/sync_r1[8](Sdram_Control_4Port/read_fifo1/dcfifo_component/wr_to_rd_cross_inst/sync_r1[8]_syn_3)
SYN-1001 : 	kept net: Sdram_Control_4Port/read_fifo1/dcfifo_component/wr_to_rd_cross_inst/sync_r1[7](Sdram_Control_4Port/read_fifo1/dcfifo_component/wr_to_rd_cross_inst/sync_r1[7]_syn_3)
SYN-1001 : 	kept net: Sdram_Control_4Port/read_fifo1/dcfifo_component/wr_to_rd_cross_inst/sync_r1[6](Sdram_Control_4Port/read_fifo1/dcfifo_component/wr_to_rd_cross_inst/sync_r1[6]_syn_3)
SYN-1001 : 	kept net: Sdram_Control_4Port/read_fifo1/dcfifo_component/wr_to_rd_cross_inst/sync_r1[5](Sdram_Control_4Port/read_fifo1/dcfifo_component/wr_to_rd_cross_inst/sync_r1[5]_syn_3)
SYN-1001 : 	kept net: Sdram_Control_4Port/read_fifo1/dcfifo_component/wr_to_rd_cross_inst/sync_r1[4](Sdram_Control_4Port/read_fifo1/dcfifo_component/wr_to_rd_cross_inst/sync_r1[4]_syn_3)
SYN-1001 : 	kept net: Sdram_Control_4Port/read_fifo1/dcfifo_component/wr_to_rd_cross_inst/sync_r1[3](Sdram_Control_4Port/read_fifo1/dcfifo_component/wr_to_rd_cross_inst/sync_r1[3]_syn_3)
SYN-1001 : 	kept net: Sdram_Control_4Port/read_fifo1/dcfifo_component/wr_to_rd_cross_inst/sync_r1[2](Sdram_Control_4Port/read_fifo1/dcfifo_component/wr_to_rd_cross_inst/sync_r1[2]_syn_3)
SYN-1001 : 	kept net: Sdram_Control_4Port/read_fifo1/dcfifo_component/wr_to_rd_cross_inst/sync_r1[1](Sdram_Control_4Port/read_fifo1/dcfifo_component/wr_to_rd_cross_inst/sync_r1[1]_syn_3)
SYN-1001 : 	kept net: Sdram_Control_4Port/read_fifo1/dcfifo_component/wr_to_rd_cross_inst/sync_r1[0](Sdram_Control_4Port/read_fifo1/dcfifo_component/wr_to_rd_cross_inst/sync_r1[0]_syn_3)
RUN-1104 : Import SDC file  finished, there are 40 nets kept by constraints.
RUN-1002 : start command "place"
RUN-1001 : Open license file C:/Anlogic/TD5.6.59063/license/Anlogic.lic
RUN-1001 : Print Global Property
RUN-1001 : ---------------------------------------------------------------
RUN-1001 :        Parameters        |  Settings  |  Default Values  |  Note  
RUN-1001 : ---------------------------------------------------------------
RUN-1001 :          message         |  standard  |     standard     |        
RUN-1001 :   mixed_pack_place_flow  |     on     |        on        |        
RUN-1001 :        qor_monitor       |    off     |       off        |        
RUN-1001 :        syn_ip_flow       |    off     |       off        |        
RUN-1001 :          thread          |    auto    |       auto       |        
RUN-1001 : ---------------------------------------------------------------
RUN-1001 : Print Place Property
RUN-1001 : --------------------------------------------------------------
RUN-1001 :        Parameters       |  Settings  |  Default Values  |  Note  
RUN-1001 : --------------------------------------------------------------
RUN-1001 :      detailed_place     |     on     |        on        |        
RUN-1001 :          effort         |   medium   |      medium      |        
RUN-1001 :         fix_hold        |    off     |       off        |        
RUN-1001 :       legalization      |    ori     |       ori        |        
RUN-1001 :      new_spreading      |     on     |        on        |        
RUN-1001 :        opt_timing       |   medium   |      medium      |        
RUN-1001 :   post_clock_route_opt  |    off     |       off        |        
RUN-1001 :       pr_strategy       |     1      |        1         |        
RUN-1001 :        relaxation       |    1.00    |       1.00       |        
RUN-1001 :         retiming        |    off     |       off        |        
RUN-1001 : --------------------------------------------------------------
PHY-3001 : Placer runs in 16 thread(s).
RUN-1002 : start command "legalize_phy_inst"
SYN-1011 : Flatten model test_camera
RUN-1002 : start command "phys_opt -simplify_lut"
SYN-4016 : Net Sdram_Control_4Port/CTRL_CLK driven by BUFG (223 clock/control pins, 1 other pins).
SYN-4027 : Net Sdram_Control_4Port/SDRAM_CLK is clkc1 of pll u_pll/pll_inst.
SYN-4027 : Net vga_clk_dup_1 is clkc2 of pll u_pll/pll_inst.
SYN-4027 : Net u_image_process/u_RGBYCbCr/clk is clkc3 of pll u_pll/pll_inst.
SYN-4027 : Net u_camera_init/u_i2c_write/clk is clkc4 of pll u_pll/pll_inst.
SYN-4019 : Net clk_24m_dup_1 is refclk of pll u_pll/pll_inst.
SYN-4020 : Net clk_24m_dup_1 is fbclk of pll u_pll/pll_inst.
SYN-4024 : Net "u_camera_init/divider2[8]" drives clk pins.
SYN-4024 : Net "u_camera_init/divider2[7]" drives clk pins.
SYN-4025 : Tag rtl::Net Sdram_Control_4Port/CTRL_CLK as clock net
SYN-4025 : Tag rtl::Net Sdram_Control_4Port/SDRAM_CLK as clock net
SYN-4025 : Tag rtl::Net clk_24m_dup_1 as clock net
SYN-4025 : Tag rtl::Net u_camera_init/divider2[7] as clock net
SYN-4025 : Tag rtl::Net u_camera_init/divider2[8] as clock net
SYN-4025 : Tag rtl::Net u_camera_init/u_i2c_write/clk as clock net
SYN-4025 : Tag rtl::Net u_image_process/u_RGBYCbCr/clk as clock net
SYN-4025 : Tag rtl::Net vga_clk_dup_1 as clock net
SYN-4026 : Tagged 8 rtl::Net as clock net
SYN-4015 : Create BUFG instance for clk Net u_camera_init/divider2[8] to drive 31 clock pins.
SYN-4015 : Create BUFG instance for clk Net u_camera_init/divider2[7] to drive 18 clock pins.
PHY-1001 : Populate physical database on model test_camera.
RUN-1001 : There are total 1431 instances
RUN-0007 : 793 luts, 383 seqs, 75 mslices, 40 lslices, 132 pads, 1 brams, 0 dsps
RUN-1001 : There are total 1540 nets
RUN-1001 : 1074 nets have 2 pins
RUN-1001 : 287 nets have [3 - 5] pins
RUN-1001 : 104 nets have [6 - 10] pins
RUN-1001 : 51 nets have [11 - 20] pins
RUN-1001 : 20 nets have [21 - 99] pins
RUN-1001 : 4 nets have 100+ pins
RUN-1001 : Report Control nets information:
RUN-1001 : DFF Distribution
RUN-1001 : ----------------------------------
RUN-1001 :   CE   |  SSR  |  ASR  |  DFF Count  
RUN-1001 : ----------------------------------
RUN-1001 :   No   |  No   |  No   |     50      
RUN-1001 :   No   |  No   |  Yes  |     205     
RUN-1001 :   No   |  Yes  |  No   |     34      
RUN-1001 :   Yes  |  No   |  No   |      8      
RUN-1001 :   Yes  |  No   |  Yes  |     62      
RUN-1001 :   Yes  |  Yes  |  No   |     24      
RUN-1001 : ----------------------------------
RUN-0007 : Control Group Statistic
RUN-0007 : ---------------------------
RUN-0007 :   #CLK  |  #CE  |  #SSR/ASR  
RUN-0007 : ---------------------------
RUN-0007 :    6    |  11   |     5      
RUN-0007 : ---------------------------
RUN-0007 : Control Set = 22
PHY-3001 : Initial placement ...
PHY-3001 : design contains 1429 instances, 793 luts, 383 seqs, 115 slices, 24 macros(115 instances: 75 mslices 40 lslices)
PHY-0007 : Cell area utilization is 5%
PHY-3001 : Start timing update ...
RUN-1002 : start command "start_timer -report"
TMR-2505 : Start building timing graph for model test_camera.
TMR-2506 : Build timing graph completely. Port num: 19, tpin num: 6091, tnet num: 1538, tinst num: 1429, tnode num: 7302, tedge num: 9468.
TMR-2508 : Levelizing timing graph completed, there are 25 levels in total.
TMR-2501 : Timing graph initialized successfully.
TMR-2503 : Start to update net delay, extr mode = 2.
TMR-2504 : Update delay of 1538 nets completely.
TMR-2502 : Annotate delay completely, extr mode = 2.
TMR-3001 : Initiate 0 clocks from SDC.
TMR-3004 : Map sdc constraints, there are 2 constraints in total.
TMR-3003 : Constraints initiated successfully.
TMR-3501 : Forward propagation: start to calculate arrival time...
TMR-3502 : Backward propagation: start to calculate required time...
TMR-3503 : Timing propagation completes.
PHY-3001 : End timing update;  0.921522s wall, 0.921875s user + 0.000000s system = 0.921875s CPU (100.0%)

PHY-3001 : Global placement ...
PHY-3001 : Initial: Len = 329209
PHY-3001 : Clustering ...
PHY-3001 : Level 0 #clusters 1429.
PHY-3001 : End clustering;  0.000033s wall, 0.000000s user + 0.000000s system = 0.000000s CPU (n/a%)

PHY-3001 : Run with size of 4
PHY-3001 : Cell area utilization is 5%
PHY-3001 : :::0::: Try harder cell spreading with beta_ = 0
PHY-3002 : Step(1): len = 292697, overlap = 4.5
PHY-3002 : Step(2): len = 210691, overlap = 4.5
PHY-3002 : Step(3): len = 166817, overlap = 4.5
PHY-3002 : Step(4): len = 135858, overlap = 4.5
PHY-3002 : Step(5): len = 122129, overlap = 4.5
PHY-3002 : Step(6): len = 102953, overlap = 4.5
PHY-3002 : Step(7): len = 95555.4, overlap = 4.5
PHY-3002 : Step(8): len = 85895.2, overlap = 4.5
PHY-3002 : Step(9): len = 76490.9, overlap = 4.5
PHY-3002 : Step(10): len = 68587.9, overlap = 4.5
PHY-3002 : Step(11): len = 63094.6, overlap = 4.5
PHY-3002 : Step(12): len = 58863.3, overlap = 6
PHY-3002 : Step(13): len = 56250.6, overlap = 8.59375
PHY-3002 : Step(14): len = 53983.5, overlap = 12.6875
PHY-3002 : Step(15): len = 52432.2, overlap = 14.5625
PHY-3002 : Step(16): len = 50446.6, overlap = 15.1875
PHY-3002 : Step(17): len = 48487.5, overlap = 15.7812
PHY-3002 : Step(18): len = 47330.1, overlap = 17.0312
PHY-3001 : :::1::: Try harder cell spreading with beta_ = 0.000677324
PHY-3002 : Step(19): len = 47260.7, overlap = 17.125
PHY-3002 : Step(20): len = 47188.6, overlap = 17.2188
PHY-3002 : Step(21): len = 47122.2, overlap = 17.1562
PHY-3001 : :::2::: Try harder cell spreading with beta_ = 0.00135465
PHY-3002 : Step(22): len = 65269.7, overlap = 17.5625
PHY-3002 : Step(23): len = 65269.7, overlap = 17.5625
PHY-3002 : Step(24): len = 61602.5, overlap = 17.5625
PHY-3002 : Step(25): len = 58452.5, overlap = 17.5938
PHY-3002 : Step(26): len = 58452.5, overlap = 17.5938
PHY-3002 : Step(27): len = 58616.2, overlap = 17.4062
PHY-3002 : Step(28): len = 58597.5, overlap = 12.9375
PHY-3002 : Step(29): len = 58528.1, overlap = 17.6875
PHY-3001 : :::3::: Try harder cell spreading with beta_ = 0.0027093
PHY-3002 : Step(30): len = 58501.6, overlap = 13.2188
PHY-3002 : Step(31): len = 58412.3, overlap = 13.4062
PHY-3002 : Step(32): len = 58319.1, overlap = 13.625
PHY-3001 : :::4::: Try harder cell spreading with beta_ = 0.00541859
PHY-3002 : Step(33): len = 58338.7, overlap = 13.625
PHY-3002 : Step(34): len = 58277.3, overlap = 13.6875
PHY-3001 : Legalization ...
PHY-3001 : End legalization;  0.005475s wall, 0.000000s user + 0.000000s system = 0.000000s CPU (n/a%)

PHY-3001 : Run with size of 4
PHY-3001 : Cell area utilization is 6%
PHY-3001 : Update timing in Manhattan mode ...
TMR-2503 : Start to update net delay, extr mode = 3.
TMR-2504 : Update delay of 1538 nets completely.
TMR-2502 : Annotate delay completely, extr mode = 3.
TMR-3501 : Forward propagation: start to calculate arrival time...
TMR-3502 : Backward propagation: start to calculate required time...
TMR-3503 : Timing propagation completes.
PHY-3001 : End timing update;  0.025583s wall, 0.031250s user + 0.000000s system = 0.031250s CPU (122.2%)

PHY-3001 : :::0::: Try harder cell spreading with beta_ = 5.80628e-05
PHY-3002 : Step(35): len = 57570.1, overlap = 21.9375
PHY-3002 : Step(36): len = 57438.7, overlap = 21.7188
PHY-3002 : Step(37): len = 56944.6, overlap = 22.5312
PHY-3001 : :::1::: Try harder cell spreading with beta_ = 0.000116126
PHY-3002 : Step(38): len = 56166, overlap = 22.125
PHY-3002 : Step(39): len = 56075.7, overlap = 22.375
PHY-3002 : Step(40): len = 55598.7, overlap = 21.7812
PHY-3002 : Step(41): len = 53170.6, overlap = 11.1875
PHY-3002 : Step(42): len = 51881.7, overlap = 12.0938
PHY-3002 : Step(43): len = 51435.7, overlap = 13.8125
PHY-3002 : Step(44): len = 51044.3, overlap = 14.75
PHY-3002 : Step(45): len = 50254.6, overlap = 18
PHY-3002 : Step(46): len = 49269.8, overlap = 21.0625
PHY-3002 : Step(47): len = 48402.6, overlap = 24.9062
PHY-3002 : Step(48): len = 47861.3, overlap = 27.0312
PHY-3002 : Step(49): len = 47427.2, overlap = 28.25
PHY-3002 : Step(50): len = 46705.9, overlap = 29.5312
PHY-3002 : Step(51): len = 46107.8, overlap = 30.375
PHY-3002 : Step(52): len = 45642.3, overlap = 34.4688
PHY-3002 : Step(53): len = 45284.6, overlap = 35.75
PHY-3002 : Step(54): len = 44933.5, overlap = 35.8125
PHY-3002 : Step(55): len = 44424.7, overlap = 35.5312
PHY-3002 : Step(56): len = 44057.1, overlap = 34.6875
PHY-3002 : Step(57): len = 43792.6, overlap = 34.625
PHY-3002 : Step(58): len = 43755.4, overlap = 33.6562
PHY-3002 : Step(59): len = 43892.8, overlap = 34.0938
PHY-3002 : Step(60): len = 43777.5, overlap = 32.5938
PHY-3002 : Step(61): len = 43102.7, overlap = 29.375
PHY-3002 : Step(62): len = 42844.7, overlap = 25.4688
PHY-3002 : Step(63): len = 42065.7, overlap = 26.0312
PHY-3002 : Step(64): len = 41495.3, overlap = 25.9062
PHY-3002 : Step(65): len = 40615.6, overlap = 23.5625
PHY-3002 : Step(66): len = 39993.7, overlap = 23.875
PHY-3002 : Step(67): len = 39499.2, overlap = 24.625
PHY-3002 : Step(68): len = 39120.3, overlap = 29.4062
PHY-3002 : Step(69): len = 38712.8, overlap = 31.5625
PHY-3002 : Step(70): len = 38712.8, overlap = 31.5625
PHY-3002 : Step(71): len = 38503.8, overlap = 31.7188
PHY-3001 : :::2::: Try harder cell spreading with beta_ = 0.000232251
PHY-3002 : Step(72): len = 38509.3, overlap = 29.875
PHY-3002 : Step(73): len = 38538.3, overlap = 29.4062
PHY-3001 : :::3::: Try harder cell spreading with beta_ = 0.000464503
PHY-3002 : Step(74): len = 38479.4, overlap = 28.2188
PHY-3002 : Step(75): len = 38479.4, overlap = 28.2188
PHY-3001 : Run with size of 2
PHY-3001 : Cell area utilization is 6%
PHY-3001 : Update timing in Manhattan mode ...
TMR-2503 : Start to update net delay, extr mode = 3.
TMR-2504 : Update delay of 1538 nets completely.
TMR-2502 : Annotate delay completely, extr mode = 3.
TMR-3501 : Forward propagation: start to calculate arrival time...
TMR-3502 : Backward propagation: start to calculate required time...
TMR-3503 : Timing propagation completes.
PHY-3001 : End timing update;  0.024905s wall, 0.031250s user + 0.000000s system = 0.031250s CPU (125.5%)

PHY-3001 : :::0::: Try harder cell spreading with beta_ = 1.81259e-05
PHY-3002 : Step(76): len = 38874.2, overlap = 57.625
PHY-3002 : Step(77): len = 38874.2, overlap = 57.625
PHY-3002 : Step(78): len = 38862.1, overlap = 56.4688
PHY-3001 : :::1::: Try harder cell spreading with beta_ = 3.62518e-05
PHY-3002 : Step(79): len = 40518.8, overlap = 49.8438
PHY-3002 : Step(80): len = 40518.8, overlap = 49.8438
PHY-3002 : Step(81): len = 40472.7, overlap = 47.5312
PHY-3002 : Step(82): len = 40496.7, overlap = 47.125
PHY-3002 : Step(83): len = 40964.6, overlap = 45.8125
PHY-3001 : :::2::: Try harder cell spreading with beta_ = 7.25035e-05
PHY-3002 : Step(84): len = 41717.1, overlap = 41.4062
PHY-3002 : Step(85): len = 42099.8, overlap = 41.0312
PHY-3002 : Step(86): len = 44929.3, overlap = 27.2188
PHY-3002 : Step(87): len = 44933.5, overlap = 25.375
PHY-3002 : Step(88): len = 44940.5, overlap = 24.1562
PHY-3002 : Step(89): len = 44905.4, overlap = 23.9375
PHY-3001 : :::3::: Try harder cell spreading with beta_ = 0.000145007
PHY-3002 : Step(90): len = 44979.5, overlap = 23.75
PHY-3002 : Step(91): len = 45072.4, overlap = 23.0625
PHY-3002 : Step(92): len = 45231.9, overlap = 21.2812
PHY-3001 : :::4::: Try harder cell spreading with beta_ = 0.000290014
PHY-3002 : Step(93): len = 45816.4, overlap = 19.0312
PHY-3002 : Step(94): len = 46069.1, overlap = 17.7188
PHY-3002 : Step(95): len = 46312.5, overlap = 16.8438
OPT-1001 : Start physical optimization ...
RUN-1002 : start command "start_timer -report"
TMR-2505 : Start building timing graph for model test_camera.
TMR-2506 : Build timing graph completely. Port num: 19, tpin num: 6091, tnet num: 1538, tinst num: 1429, tnode num: 7302, tedge num: 9468.
TMR-2508 : Levelizing timing graph completed, there are 25 levels in total.
TMR-2501 : Timing graph initialized successfully.
OPT-1001 : Total overflow 57.41 peak overflow 2.16
OPT-1001 : Start high-fanout net optimization ...
OPT-1001 : Update timing in global mode
PHY-1001 : Start incremental global routing, caller is place ...
RUN-1001 : Generating global routing grids ...
RUN-1001 : Building simple global routing graph ...
PHY-1001 : Generate routing nets ...
PHY-1001 : Reuse net number 0/1540.
PHY-1001 : Global iterations in 16 thread ...
PHY-1002 : len = 52776, over cnt = 149(0%), over = 505, worst = 21
PHY-1001 : End global iterations;  0.097352s wall, 0.125000s user + 0.000000s system = 0.125000s CPU (128.4%)

PHY-1001 : Congestion index: top1 = 33.75, top5 = 19.49, top10 = 12.82, top15 = 9.54.
PHY-1001 : End incremental global routing;  0.158884s wall, 0.171875s user + 0.015625s system = 0.187500s CPU (118.0%)

TMR-2503 : Start to update net delay, extr mode = 5.
TMR-2504 : Update delay of 1538 nets completely.
TMR-2502 : Annotate delay completely, extr mode = 5.
TMR-3001 : Initiate 0 clocks from SDC.
TMR-3004 : Map sdc constraints, there are 2 constraints in total.
TMR-3003 : Constraints initiated successfully.
TMR-3501 : Forward propagation: start to calculate arrival time...
TMR-3502 : Backward propagation: start to calculate required time...
TMR-3503 : Timing propagation completes.
OPT-1001 : End timing update;  0.032828s wall, 0.031250s user + 0.000000s system = 0.031250s CPU (95.2%)

OPT-1001 : 0 high-fanout net processed.
OPT-1001 : End high-fanout net optimization;  0.215405s wall, 0.218750s user + 0.015625s system = 0.234375s CPU (108.8%)

OPT-1001 : Current memory(MB): used = 177, reserve = 150, peak = 177.
OPT-1001 : Start global optimization ...
OPT-1001 : Start congestion update ...
RUN-1001 : Generating global routing grids ...
PHY-1001 : Generate routing nets ...
PHY-1001 : Reuse net number 1046/1540.
PHY-1001 : Global iterations in 16 thread ...
PHY-1002 : len = 52776, over cnt = 149(0%), over = 505, worst = 21
PHY-1002 : len = 55840, over cnt = 80(0%), over = 186, worst = 12
PHY-1002 : len = 57632, over cnt = 6(0%), over = 7, worst = 2
PHY-1002 : len = 57632, over cnt = 4(0%), over = 4, worst = 1
PHY-1002 : len = 57728, over cnt = 0(0%), over = 0, worst = 0
PHY-1001 : End global iterations;  0.099593s wall, 0.109375s user + 0.000000s system = 0.109375s CPU (109.8%)

PHY-1001 : Congestion index: top1 = 30.39, top5 = 19.56, top10 = 13.30, top15 = 10.02.
OPT-1001 : End congestion update;  0.148996s wall, 0.156250s user + 0.000000s system = 0.156250s CPU (104.9%)

OPT-1001 : Update timing in Manhattan mode
TMR-2503 : Start to update net delay, extr mode = 3.
TMR-2504 : Update delay of 1538 nets completely.
TMR-2502 : Annotate delay completely, extr mode = 3.
TMR-3501 : Forward propagation: start to calculate arrival time...
TMR-3502 : Backward propagation: start to calculate required time...
TMR-3503 : Timing propagation completes.
OPT-1001 : End timing update;  0.023006s wall, 0.015625s user + 0.000000s system = 0.015625s CPU (67.9%)

OPT-0007 : Start: WNS 4420 TNS 0 NUM_FEPS 0
OPT-1001 : End global optimization;  0.172128s wall, 0.171875s user + 0.000000s system = 0.171875s CPU (99.9%)

OPT-1001 : Current memory(MB): used = 178, reserve = 151, peak = 178.
OPT-1001 : End physical optimization;  1.187148s wall, 1.375000s user + 0.015625s system = 1.390625s CPU (117.1%)

PHY-3001 : Start packing ...
SYN-4007 : Packing 0 MUX to BLE ...
SYN-4008 : Packed 0 MUX and 0 SEQ to BLE.
SYN-4007 : Packing 793 LUT to BLE ...
SYN-4008 : Packed 793 LUT and 216 SEQ to BLE.
SYN-4003 : Packing 167 remaining SEQ's ...
SYN-4005 : Packed 74 SEQ with LUT/SLICE
SYN-4006 : 523 single LUT's are left
SYN-4006 : 93 single SEQ's are left
SYN-4011 : Packing model "test_camera" (AL_USER_NORMAL) with 886/1221 primitive instances ...
PHY-3001 : End packing;  0.061324s wall, 0.062500s user + 0.000000s system = 0.062500s CPU (101.9%)

PHY-1001 : Populate physical database on model test_camera.
RUN-1001 : There are total 759 instances
RUN-1001 : 309 mslices, 310 lslices, 132 pads, 1 brams, 0 dsps
RUN-1001 : There are total 1342 nets
RUN-1001 : 843 nets have 2 pins
RUN-1001 : 317 nets have [3 - 5] pins
RUN-1001 : 108 nets have [6 - 10] pins
RUN-1001 : 44 nets have [11 - 20] pins
RUN-1001 : 26 nets have [21 - 99] pins
RUN-1001 : 4 nets have 100+ pins
PHY-3001 : design contains 757 instances, 619 slices, 24 macros(115 instances: 75 mslices 40 lslices)
PHY-3001 : Cell area utilization is 8%
PHY-3001 : After packing: Len = 46545, Over = 34.5
PHY-3001 : Run with size of 2
PHY-3001 : Cell area utilization is 8%
PHY-3001 : Update timing in Manhattan mode ...
RUN-1002 : start command "start_timer -report"
TMR-2505 : Start building timing graph for model test_camera.
TMR-2506 : Build timing graph completely. Port num: 19, tpin num: 5624, tnet num: 1340, tinst num: 757, tnode num: 6510, tedge num: 9117.
TMR-2508 : Levelizing timing graph completed, there are 24 levels in total.
TMR-2501 : Timing graph initialized successfully.
TMR-2503 : Start to update net delay, extr mode = 3.
TMR-2504 : Update delay of 1340 nets completely.
TMR-2502 : Annotate delay completely, extr mode = 3.
TMR-3001 : Initiate 0 clocks from SDC.
TMR-3004 : Map sdc constraints, there are 2 constraints in total.
TMR-3003 : Constraints initiated successfully.
TMR-3501 : Forward propagation: start to calculate arrival time...
TMR-3502 : Backward propagation: start to calculate required time...
TMR-3503 : Timing propagation completes.
PHY-3001 : End timing update;  0.843806s wall, 0.843750s user + 0.000000s system = 0.843750s CPU (100.0%)

PHY-3001 : :::0::: Try harder cell spreading with beta_ = 5.65589e-05
PHY-3002 : Step(96): len = 46016.3, overlap = 35
PHY-3002 : Step(97): len = 45642.4, overlap = 34.75
PHY-3002 : Step(98): len = 45007.3, overlap = 35.75
PHY-3002 : Step(99): len = 44770.7, overlap = 37.25
PHY-3002 : Step(100): len = 44754, overlap = 37.75
PHY-3002 : Step(101): len = 44775.8, overlap = 35.25
PHY-3001 : :::1::: Try harder cell spreading with beta_ = 0.000113118
PHY-3002 : Step(102): len = 45278.9, overlap = 32.25
PHY-3002 : Step(103): len = 45765.7, overlap = 30.25
PHY-3002 : Step(104): len = 45963.4, overlap = 30.5
PHY-3001 : :::2::: Try harder cell spreading with beta_ = 0.000226236
PHY-3002 : Step(105): len = 46319.8, overlap = 28.75
PHY-3002 : Step(106): len = 46502.1, overlap = 28.25
PHY-3001 : Legalization ...
PHY-3001 : End legalization;  0.128605s wall, 0.078125s user + 0.234375s system = 0.312500s CPU (243.0%)

PHY-3001 : Trial Legalized: Len = 56952
PHY-3001 : Run with size of 2
PHY-3001 : Cell area utilization is 8%
PHY-3001 : Update timing in Manhattan mode ...
TMR-2503 : Start to update net delay, extr mode = 3.
TMR-2504 : Update delay of 1340 nets completely.
TMR-2502 : Annotate delay completely, extr mode = 3.
TMR-3501 : Forward propagation: start to calculate arrival time...
TMR-3502 : Backward propagation: start to calculate required time...
TMR-3503 : Timing propagation completes.
PHY-3001 : End timing update;  0.023541s wall, 0.031250s user + 0.000000s system = 0.031250s CPU (132.7%)

PHY-3001 : :::0::: Try harder cell spreading with beta_ = 0.000471233
PHY-3002 : Step(107): len = 54197.2, overlap = 2.75
PHY-3002 : Step(108): len = 50444.5, overlap = 8.5
PHY-3002 : Step(109): len = 49235.8, overlap = 12.25
PHY-3002 : Step(110): len = 48586, overlap = 12.25
PHY-3002 : Step(111): len = 48187.4, overlap = 14.75
PHY-3002 : Step(112): len = 47991, overlap = 15.25
PHY-3002 : Step(113): len = 47909.2, overlap = 17
PHY-3001 : :::1::: Try harder cell spreading with beta_ = 0.000942465
PHY-3002 : Step(114): len = 48057.2, overlap = 16.5
PHY-3002 : Step(115): len = 48082.5, overlap = 16.5
PHY-3001 : :::2::: Try harder cell spreading with beta_ = 0.00188493
PHY-3002 : Step(116): len = 48125.6, overlap = 15.5
PHY-3002 : Step(117): len = 48133.2, overlap = 15.5
PHY-3001 : Legalization ...
PHY-3001 : End legalization;  0.006745s wall, 0.000000s user + 0.000000s system = 0.000000s CPU (n/a%)

PHY-3001 : Legalized: Len = 52602.2, Over = 0
PHY-3001 : Spreading special nets. 5 overflows in 2952 tiles.
PHY-3001 : End spreading;  0.006078s wall, 0.015625s user + 0.000000s system = 0.015625s CPU (257.1%)

PHY-3001 : 7 instances has been re-located, deltaX = 0, deltaY = 7, maxDist = 1.
PHY-3001 : Final: Len = 52666.2, Over = 0
OPT-1001 : Start physical optimization ...
RUN-1002 : start command "start_timer -report"
TMR-2505 : Start building timing graph for model test_camera.
TMR-2506 : Build timing graph completely. Port num: 19, tpin num: 5624, tnet num: 1340, tinst num: 757, tnode num: 6510, tedge num: 9117.
TMR-2508 : Levelizing timing graph completed, there are 24 levels in total.
TMR-2501 : Timing graph initialized successfully.
OPT-1001 : Total overflow 0.00 peak overflow 0.00
OPT-1001 : Start high-fanout net optimization ...
OPT-1001 : Update timing in global mode
PHY-1001 : Start incremental global routing, caller is place ...
RUN-1001 : Generating global routing grids ...
PHY-1001 : Generate routing nets ...
PHY-1001 : Reuse net number 103/1342.
PHY-1001 : Global iterations in 16 thread ...
PHY-1002 : len = 61592, over cnt = 144(0%), over = 244, worst = 5
PHY-1002 : len = 63040, over cnt = 47(0%), over = 66, worst = 3
PHY-1002 : len = 63808, over cnt = 7(0%), over = 7, worst = 1
PHY-1002 : len = 63896, over cnt = 0(0%), over = 0, worst = 0
PHY-1001 : End global iterations;  0.178941s wall, 0.234375s user + 0.031250s system = 0.265625s CPU (148.4%)

PHY-1001 : Congestion index: top1 = 27.91, top5 = 19.86, top10 = 14.66, top15 = 11.22.
PHY-1001 : End incremental global routing;  0.242027s wall, 0.281250s user + 0.031250s system = 0.312500s CPU (129.1%)

TMR-2503 : Start to update net delay, extr mode = 5.
TMR-2504 : Update delay of 1340 nets completely.
TMR-2502 : Annotate delay completely, extr mode = 5.
TMR-3001 : Initiate 0 clocks from SDC.
TMR-3004 : Map sdc constraints, there are 2 constraints in total.
TMR-3003 : Constraints initiated successfully.
TMR-3501 : Forward propagation: start to calculate arrival time...
TMR-3502 : Backward propagation: start to calculate required time...
TMR-3503 : Timing propagation completes.
OPT-1001 : End timing update;  0.032490s wall, 0.031250s user + 0.000000s system = 0.031250s CPU (96.2%)

OPT-1001 : 0 high-fanout net processed.
OPT-1001 : End high-fanout net optimization;  0.301175s wall, 0.343750s user + 0.031250s system = 0.375000s CPU (124.5%)

OPT-1001 : Current memory(MB): used = 184, reserve = 157, peak = 185.
OPT-1001 : Start path based optimization ...
OPT-1001 : Start congestion update ...
RUN-1001 : Generating global routing grids ...
PHY-1001 : Generate routing nets ...
PHY-1001 : Reuse net number 1106/1342.
PHY-1001 : Global iterations in 16 thread ...
PHY-1002 : len = 63896, over cnt = 0(0%), over = 0, worst = 0
PHY-1001 : End global iterations;  0.007221s wall, 0.015625s user + 0.000000s system = 0.015625s CPU (216.4%)

PHY-1001 : Congestion index: top1 = 27.91, top5 = 19.86, top10 = 14.66, top15 = 11.22.
OPT-1001 : End congestion update;  0.063658s wall, 0.062500s user + 0.000000s system = 0.062500s CPU (98.2%)

OPT-1001 : Update timing in Manhattan mode
TMR-2503 : Start to update net delay, extr mode = 3.
TMR-2504 : Update delay of 1340 nets completely.
TMR-2502 : Annotate delay completely, extr mode = 3.
TMR-3501 : Forward propagation: start to calculate arrival time...
TMR-3502 : Backward propagation: start to calculate required time...
TMR-3503 : Timing propagation completes.
OPT-1001 : End timing update;  0.021401s wall, 0.031250s user + 0.000000s system = 0.031250s CPU (146.0%)

OPT-0007 : Start: WNS 4345 TNS 0 NUM_FEPS 0
OPT-1001 : End path based optimization;  0.085149s wall, 0.093750s user + 0.000000s system = 0.093750s CPU (110.1%)

OPT-1001 : Current memory(MB): used = 184, reserve = 158, peak = 185.
OPT-1001 : Update timing in Manhattan mode
TMR-2503 : Start to update net delay, extr mode = 3.
TMR-2504 : Update delay of 1340 nets completely.
TMR-2502 : Annotate delay completely, extr mode = 3.
TMR-3501 : Forward propagation: start to calculate arrival time...
TMR-3502 : Backward propagation: start to calculate required time...
TMR-3503 : Timing propagation completes.
OPT-1001 : End timing update;  0.021243s wall, 0.015625s user + 0.000000s system = 0.015625s CPU (73.6%)

OPT-1001 : Start pin optimization...
OPT-1001 : skip pin optimization...
OPT-1001 : Update timing in global mode
PHY-1001 : Start incremental global routing, caller is place ...
RUN-1001 : Generating global routing grids ...
PHY-1001 : Generate routing nets ...
PHY-1001 : Reuse net number 1106/1342.
PHY-1001 : Global iterations in 16 thread ...
PHY-1002 : len = 63896, over cnt = 0(0%), over = 0, worst = 0
PHY-1001 : End global iterations;  0.007627s wall, 0.000000s user + 0.000000s system = 0.000000s CPU (n/a%)

PHY-1001 : Congestion index: top1 = 27.91, top5 = 19.86, top10 = 14.66, top15 = 11.22.
PHY-1001 : End incremental global routing;  0.062785s wall, 0.062500s user + 0.000000s system = 0.062500s CPU (99.5%)

TMR-2503 : Start to update net delay, extr mode = 5.
TMR-2504 : Update delay of 1340 nets completely.
TMR-2502 : Annotate delay completely, extr mode = 5.
TMR-3501 : Forward propagation: start to calculate arrival time...
TMR-3502 : Backward propagation: start to calculate required time...
TMR-3503 : Timing propagation completes.
OPT-1001 : End timing update;  0.029420s wall, 0.031250s user + 0.000000s system = 0.031250s CPU (106.2%)

RUN-1001 : Generating global routing grids ...
PHY-1001 : Generate routing nets ...
PHY-1001 : Reuse net number 1106/1342.
PHY-1001 : Global iterations in 16 thread ...
PHY-1002 : len = 63896, over cnt = 0(0%), over = 0, worst = 0
PHY-1001 : End global iterations;  0.007583s wall, 0.000000s user + 0.000000s system = 0.000000s CPU (n/a%)

PHY-1001 : Congestion index: top1 = 27.91, top5 = 19.86, top10 = 14.66, top15 = 11.22.
OPT-1001 : Update timing in Manhattan mode
TMR-2503 : Start to update net delay, extr mode = 3.
TMR-2504 : Update delay of 1340 nets completely.
TMR-2502 : Annotate delay completely, extr mode = 3.
TMR-3501 : Forward propagation: start to calculate arrival time...
TMR-3502 : Backward propagation: start to calculate required time...
TMR-3503 : Timing propagation completes.
OPT-1001 : End timing update;  0.022307s wall, 0.015625s user + 0.000000s system = 0.015625s CPU (70.0%)

RUN-1001 : QoR Analysis:
OPT-0007 :   WNS 4345 TNS 0 NUM_FEPS 0
RUN-1001 :   No local congestion issue, and most congested 1% tile average routing util is 27.586207
RUN-1001 :   Top critical paths
OPT-1001 : End physical optimization;  1.423154s wall, 1.468750s user + 0.031250s system = 1.500000s CPU (105.4%)

RUN-1003 : finish command "place" in  7.711278s wall, 9.562500s user + 3.812500s system = 13.375000s CPU (173.4%)

RUN-1004 : used memory is 166 MB, reserved memory is 139 MB, peak memory is 185 MB
RUN-1002 : start command "export_db ov2640_sdram_place.db"
RUN-1001 : Exported /
RUN-1001 : Exported flow parameters
RUN-1001 : Exported libs
RUN-1001 : Exported entities
RUN-1001 : Exported ports
RUN-1001 : Exported pins
RUN-1001 : Exported instances
RUN-1001 : Exported nets
RUN-1001 : Exported buses
RUN-1001 : Exported models
RUN-1001 : Exported congestions
RUN-1001 : Exported violations
RUN-1001 : Exported timing constraints
RUN-1001 : Exported IO constraints
RUN-1001 : Exported Inst constraints
RUN-1002 : start command "route"
RUN-1001 : Open license file C:/Anlogic/TD5.6.59063/license/Anlogic.lic
RUN-1001 : Print Global Property
RUN-1001 : ---------------------------------------------------------------
RUN-1001 :        Parameters        |  Settings  |  Default Values  |  Note  
RUN-1001 : ---------------------------------------------------------------
RUN-1001 :          message         |  standard  |     standard     |        
RUN-1001 :   mixed_pack_place_flow  |     on     |        on        |        
RUN-1001 :        qor_monitor       |    off     |       off        |        
RUN-1001 :        syn_ip_flow       |    off     |       off        |        
RUN-1001 :          thread          |    auto    |       auto       |        
RUN-1001 : ---------------------------------------------------------------
RUN-1001 : Print Route Property
RUN-1001 : -------------------------------------------------------
RUN-1001 :    Parameters    |  Settings  |  Default Values  |  Note  
RUN-1001 : -------------------------------------------------------
RUN-1001 :      effort      |   medium   |      medium      |        
RUN-1001 :     fix_hold     |    off     |       off        |        
RUN-1001 :    opt_timing    |   medium   |      medium      |        
RUN-1001 :   phy_sim_model  |    off     |       off        |        
RUN-1001 :     priority     |   timing   |      timing      |        
RUN-1001 :     swap_pin     |     on     |        on        |        
RUN-1001 : -------------------------------------------------------
PHY-1001 : Route runs in 16 thread(s)
RUN-1001 : There are total 759 instances
RUN-1001 : 309 mslices, 310 lslices, 132 pads, 1 brams, 0 dsps
RUN-1001 : There are total 1342 nets
RUN-1001 : 843 nets have 2 pins
RUN-1001 : 317 nets have [3 - 5] pins
RUN-1001 : 108 nets have [6 - 10] pins
RUN-1001 : 44 nets have [11 - 20] pins
RUN-1001 : 26 nets have [21 - 99] pins
RUN-1001 : 4 nets have 100+ pins
RUN-1002 : start command "start_timer -report"
TMR-2505 : Start building timing graph for model test_camera.
TMR-2506 : Build timing graph completely. Port num: 19, tpin num: 5624, tnet num: 1340, tinst num: 757, tnode num: 6510, tedge num: 9117.
TMR-2508 : Levelizing timing graph completed, there are 24 levels in total.
TMR-2501 : Timing graph initialized successfully.
PHY-1001 : 309 mslices, 310 lslices, 132 pads, 1 brams, 0 dsps
TMR-2503 : Start to update net delay, extr mode = 3.
TMR-2504 : Update delay of 1340 nets completely.
TMR-2502 : Annotate delay completely, extr mode = 3.
TMR-3001 : Initiate 0 clocks from SDC.
TMR-3004 : Map sdc constraints, there are 2 constraints in total.
TMR-3003 : Constraints initiated successfully.
TMR-3501 : Forward propagation: start to calculate arrival time...
TMR-3502 : Backward propagation: start to calculate required time...
TMR-3503 : Timing propagation completes.
PHY-1001 : Start global routing, caller is route ...
RUN-1001 : Generating global routing grids ...
PHY-1001 : Generate routing nets ...
PHY-1001 : Global iterations in 16 thread ...
PHY-1002 : len = 61016, over cnt = 154(0%), over = 250, worst = 5
PHY-1002 : len = 62016, over cnt = 98(0%), over = 140, worst = 3
PHY-1002 : len = 63464, over cnt = 10(0%), over = 14, worst = 3
PHY-1002 : len = 63632, over cnt = 0(0%), over = 0, worst = 0
PHY-1001 : End global iterations;  0.190526s wall, 0.218750s user + 0.031250s system = 0.250000s CPU (131.2%)

PHY-1001 : Congestion index: top1 = 28.30, top5 = 19.89, top10 = 14.74, top15 = 11.32.
PHY-1001 : End global routing;  0.248815s wall, 0.281250s user + 0.031250s system = 0.312500s CPU (125.6%)

PHY-1001 : Start detail routing ...
PHY-1001 : Current memory(MB): used = 213, reserve = 186, peak = 220.
PHY-1001 : Detailed router is running in normal mode.
PHY-1001 : Generate detailed routing grids ...
PHY-1001 : Generate nets ...
PHY-1001 : net clk_24m_dup_1 will be routed on clock mesh
PHY-1001 : net vga_clk_dup_1 will be routed on clock mesh
PHY-1001 : net u_image_process/u_RGBYCbCr/clk will be routed on clock mesh
PHY-1001 : clock net Sdram_Control_4Port/CTRL_CLK will be merged with clock u_pll/clk0_buf
PHY-1001 : net Sdram_Control_4Port/SDRAM_CLK will be routed on clock mesh
PHY-1001 : net u_camera_init/u_i2c_write/clk will be routed on clock mesh
PHY-1001 : clock net u_camera_init/divider2[8]_syn_4 will be merged with clock u_camera_init/divider2[8]
PHY-1001 : clock net u_camera_init/divider2[7]_syn_2 will be merged with clock u_camera_init/divider2[7]
PHY-1001 : Current memory(MB): used = 473, reserve = 451, peak = 473.
PHY-1001 : End build detailed router design. 3.862874s wall, 3.828125s user + 0.031250s system = 3.859375s CPU (99.9%)

PHY-1001 : Detail Route ...
PHY-1001 : ===== Detail Route Phase 1 =====
PHY-1001 : Clock net routing.....
PHY-1001 : Routed 0% nets.
PHY-1022 : len = 20960, over cnt = 0(0%), over = 0, worst = 0, crit = 0
PHY-1001 : End initial clock net routed; 2.993602s wall, 2.984375s user + 0.000000s system = 2.984375s CPU (99.7%)

PHY-1001 : Current memory(MB): used = 505, reserve = 484, peak = 505.
PHY-1001 : End phase 1; 2.999796s wall, 2.984375s user + 0.000000s system = 2.984375s CPU (99.5%)

PHY-1001 : ===== Detail Route Phase 2 =====
PHY-1001 : Initial routing.....
PHY-1001 : Routed 26% nets.
PHY-1001 : Routed 32% nets.
PHY-1001 : Routed 34% nets.
PHY-1001 : Routed 36% nets.
PHY-1001 : Routed 43% nets.
PHY-1001 : Patch 601 net; 1.496791s wall, 1.484375s user + 0.000000s system = 1.484375s CPU (99.2%)

PHY-1022 : len = 126600, over cnt = 91(0%), over = 91, worst = 1, crit = 0
PHY-1001 : Current memory(MB): used = 506, reserve = 485, peak = 506.
PHY-1001 : End initial routed; 2.526922s wall, 3.234375s user + 0.015625s system = 3.250000s CPU (128.6%)

PHY-1001 : Update timing.....
PHY-1001 : 0/1193(0%) critical/total net(s).
RUN-1001 : ------------------------------------------
RUN-1001 :   Type   |    WNS(ns)    |  TNS(ns)  |  FEP  
RUN-1001 : ------------------------------------------
RUN-1001 :   Setup  |     3.846     |   0.000   |   0   
RUN-1001 :   Hold   |  2147483.647  |   0.000   |   0   
RUN-1001 : ------------------------------------------
PHY-1001 : End update timing; 0.880929s wall, 0.875000s user + 0.000000s system = 0.875000s CPU (99.3%)

PHY-1001 : Current memory(MB): used = 508, reserve = 487, peak = 508.
PHY-1001 : End phase 2; 3.407920s wall, 4.109375s user + 0.015625s system = 4.125000s CPU (121.0%)

PHY-1001 : ===== Detail Route Phase 3 =====
PHY-1001 : Optimize timing.....
PHY-1022 : len = 126600, over cnt = 91(0%), over = 91, worst = 1, crit = 0
PHY-1001 : End optimize timing; 0.007349s wall, 0.015625s user + 0.000000s system = 0.015625s CPU (212.6%)

PHY-1001 : Ripup-reroute.....
PHY-1001 : ===== DR Iter 1 =====
PHY-1022 : len = 126552, over cnt = 17(0%), over = 17, worst = 1, crit = 0
PHY-1001 : End DR Iter 1; 0.084731s wall, 0.093750s user + 0.000000s system = 0.093750s CPU (110.6%)

PHY-1001 : ===== DR Iter 2 =====
PHY-1022 : len = 126464, over cnt = 0(0%), over = 0, worst = 0, crit = 0
PHY-1001 : End DR Iter 2; 0.028588s wall, 0.015625s user + 0.000000s system = 0.015625s CPU (54.7%)

PHY-1001 : Update timing.....
PHY-1001 : 0/1193(0%) critical/total net(s).
RUN-1001 : ------------------------------------------
RUN-1001 :   Type   |    WNS(ns)    |  TNS(ns)  |  FEP  
RUN-1001 : ------------------------------------------
RUN-1001 :   Setup  |     3.846     |   0.000   |   0   
RUN-1001 :   Hold   |  2147483.647  |   0.000   |   0   
RUN-1001 : ------------------------------------------
PHY-1001 : End update timing; 0.903631s wall, 0.906250s user + 0.000000s system = 0.906250s CPU (100.3%)

PHY-1001 : Commit to database.....
PHY-1001 : 21 feed throughs used by 17 nets
PHY-1001 : End commit to database; 0.149824s wall, 0.156250s user + 0.000000s system = 0.156250s CPU (104.3%)

PHY-1001 : Current memory(MB): used = 521, reserve = 500, peak = 521.
PHY-1001 : End phase 3; 1.304490s wall, 1.328125s user + 0.000000s system = 1.328125s CPU (101.8%)

PHY-1003 : Routed, final wirelength = 126464
PHY-1001 : Current memory(MB): used = 521, reserve = 500, peak = 521.
PHY-1001 : End export database. 0.010408s wall, 0.015625s user + 0.000000s system = 0.015625s CPU (150.1%)

PHY-1001 : End detail routing;  11.812000s wall, 12.484375s user + 0.046875s system = 12.531250s CPU (106.1%)

RUN-1003 : finish command "route" in  12.977450s wall, 13.671875s user + 0.078125s system = 13.750000s CPU (106.0%)

RUN-1004 : used memory is 470 MB, reserved memory is 448 MB, peak memory is 521 MB
RUN-1002 : start command "report_area -io_info -file ov2640_sdram_phy.area"
RUN-1001 : standard
***Report Model: test_camera Device: EG4S20BG256***

IO Statistics
#IO                        77
  #input                   29
  #output                  47
  #inout                    1

Utilization Statistics
#lut                     1091   out of  19600    5.57%
#reg                      389   out of  19600    1.98%
#le                      1184
  #lut only               795   out of   1184   67.15%
  #reg only                93   out of   1184    7.85%
  #lut&reg                296   out of   1184   25.00%
#dsp                        0   out of     29    0.00%
#bram                       0   out of     64    0.00%
  #bram9k                   0
  #fifo9k                   0
#bram32k                    1   out of     16    6.25%
#pad                       77   out of    188   40.96%
  #ireg                     0
  #oreg                     0
  #treg                     0
#pll                        1   out of      4   25.00%
#gclk                       8   out of     16   50.00%

Clock Resource Statistics
Index     ClockNet                          Type               DriverType         Driver                          Fanout
#1        u_pll/clk0_buf                    GCLK               pll                u_pll/pll_inst.clkc0            133
#2        vga_clk_dup_1                     GCLK               pll                u_pll/pll_inst.clkc2            43
#3        u_camera_init/divider2[8]         GCLK               lslice             u_camera_init/add2_syn_56.q1    24
#4        u_camera_init/u_i2c_write/clk     GCLK               pll                u_pll/pll_inst.clkc4            20
#5        u_camera_init/divider2[7]         GCLK               lslice             u_camera_init/add2_syn_56.q0    17
#6        clk_24m_dup_1                     GCLK               io                 clk_24m_syn_2.di                5
#7        Sdram_Control_4Port/SDRAM_CLK     GCLK               pll                u_pll/pll_inst.clkc1            0
#8        u_image_process/u_RGBYCbCr/clk    GCLK               pll                u_pll/pll_inst.clkc3            0


Detailed IO Report

    Name       Direction    Location    IOStandard    DriveStrength    PullType    PackReg  
  Switch[5]      INPUT         P6        LVCMOS25          N/A          PULLUP      NONE    
  Switch[4]      INPUT         M6        LVCMOS25          N/A          PULLUP      NONE    
  Switch[3]      INPUT         T6        LVCMOS25          N/A          PULLUP      NONE    
  Switch[2]      INPUT         T5        LVCMOS25          N/A          PULLUP      NONE    
  Switch[1]      INPUT         R5        LVCMOS25          N/A          PULLUP      NONE    
  Switch[0]      INPUT         T4        LVCMOS25          N/A          PULLUP      NONE    
   clk_24m       INPUT        K14        LVCMOS33          N/A          PULLUP      NONE    
    rst_n        INPUT        G11        LVCMOS33          N/A          PULLUP      NONE    
   Led[15]      OUTPUT        T13        LVCMOS25           8            NONE       NONE    
   Led[14]      OUTPUT        T12        LVCMOS25           8            NONE       NONE    
   Led[13]      OUTPUT        R12        LVCMOS25           8            NONE       NONE    
   Led[12]      OUTPUT         M7        LVCMOS25           8            NONE       NONE    
   Led[11]      OUTPUT         T9        LVCMOS25           8            NONE       NONE    
   Led[10]      OUTPUT         T8        LVCMOS25           8            NONE       NONE    
   Led[9]       OUTPUT         T7        LVCMOS25           8            NONE       NONE    
   Led[8]       OUTPUT         R7        LVCMOS25           8            NONE       NONE    
   Led[7]       OUTPUT         P5        LVCMOS25           8            NONE       NONE    
   Led[6]       OUTPUT         N5        LVCMOS25           8            NONE       NONE    
   Led[5]       OUTPUT         P4        LVCMOS25           8            NONE       NONE    
   Led[4]       OUTPUT         M5        LVCMOS25           8            NONE       NONE    
   Led[3]       OUTPUT         N4        LVCMOS25           8            NONE       NONE    
   Led[2]       OUTPUT         N3        LVCMOS25           8            NONE       NONE    
   Led[1]       OUTPUT         M4        LVCMOS25           8            NONE       NONE    
   Led[0]       OUTPUT         M3        LVCMOS25           8            NONE       NONE    
  cam_pwdn      OUTPUT        F14        LVCMOS33           8            NONE       NONE    
   cam_rst      OUTPUT        F13        LVCMOS33           8            NONE       NONE    
  cam_soic      OUTPUT        D16        LVCMOS33           8           PULLUP      NONE    
  cam_xclk      OUTPUT        J12        LVCMOS33           8            NONE       NONE    
  vga_b[7]      OUTPUT         C1        LVCMOS25           8            NONE       NONE    
  vga_b[6]      OUTPUT         D1        LVCMOS25           8            NONE       NONE    
  vga_b[5]      OUTPUT         E2        LVCMOS25           8            NONE       NONE    
  vga_b[4]      OUTPUT         G3        LVCMOS25           8            NONE       NONE    
  vga_b[3]      OUTPUT         E1        LVCMOS25           8            NONE       NONE    
  vga_b[2]      OUTPUT         F2        LVCMOS25           8            NONE       NONE    
  vga_b[1]      OUTPUT         F1        LVCMOS25           8            NONE       NONE    
  vga_b[0]      OUTPUT         G1        LVCMOS25           8            NONE       NONE    
   vga_clk      OUTPUT         H2        LVCMOS25           8            NONE       NONE    
  vga_g[7]      OUTPUT         H5        LVCMOS25           8            NONE       NONE    
  vga_g[6]      OUTPUT         H1        LVCMOS25           8            NONE       NONE    
  vga_g[5]      OUTPUT         J6        LVCMOS25           8            NONE       NONE    
  vga_g[4]      OUTPUT         H3        LVCMOS25           8            NONE       NONE    
  vga_g[3]      OUTPUT         J1        LVCMOS25           8            NONE       NONE    
  vga_g[2]      OUTPUT         K1        LVCMOS25           8            NONE       NONE    
  vga_g[1]      OUTPUT         K2        LVCMOS25           8            NONE       NONE    
  vga_g[0]      OUTPUT         L1        LVCMOS25           8            NONE       NONE    
  vga_hsync     OUTPUT         J3        LVCMOS25           8            NONE       NONE    
  vga_r[7]      OUTPUT         K6        LVCMOS25           8            NONE       NONE    
  vga_r[6]      OUTPUT         K3        LVCMOS25           8            NONE       NONE    
  vga_r[5]      OUTPUT         K5        LVCMOS25           8            NONE       NONE    
  vga_r[4]      OUTPUT         L4        LVCMOS25           8            NONE       NONE    
  vga_r[3]      OUTPUT         M1        LVCMOS25           8            NONE       NONE    
  vga_r[2]      OUTPUT         M2        LVCMOS25           8            NONE       NONE    
  vga_r[1]      OUTPUT         L3        LVCMOS25           8            NONE       NONE    
  vga_r[0]      OUTPUT         L5        LVCMOS25           8            NONE       NONE    
  vga_vsync     OUTPUT         J4        LVCMOS25           8            NONE       NONE    
  cam_soid       INOUT        D14        LVCMOS33           8           PULLUP      NONE    

Report Hierarchy Area:
+-----------------------------------------------------------------------------------------------------------------------------+
|Instance                    |Module                                     |le     |lut     |ripple  |seq     |bram    |dsp     |
+-----------------------------------------------------------------------------------------------------------------------------+
|top                         |test_camera                                |1184   |976     |115     |389     |1       |0       |
|  Sdram_Control_4Port       |Sdram_Control_4Port                        |429    |287     |60      |272     |1       |0       |
|    command1                |command                                    |53     |53      |0       |45      |0       |0       |
|    control1                |control_interface                          |96     |63      |24      |48      |0       |0       |
|    read_fifo1              |Sdram_RD_FIFO                              |134    |59      |18      |105     |1       |0       |
|      dcfifo_component      |softfifo                                   |134    |59      |18      |105     |1       |0       |
|        ram_inst            |ram_infer_softfifo                         |0      |0       |0       |0       |1       |0       |
|        rd_to_wr_cross_inst |fifo_cross_domain_addr_process_al_softfifo |38     |18      |0       |38      |0       |0       |
|        wr_to_rd_cross_inst |fifo_cross_domain_addr_process_al_softfifo |36     |19      |0       |36      |0       |0       |
|    sdram1                  |sdram                                      |1      |1       |0       |0       |0       |0       |
|  u_Mode_Switch             |Mode_Switch                                |9      |9       |0       |6       |0       |0       |
|  u_cam_vga_out             |Driver                                     |112    |67      |44      |22      |0       |0       |
|  u_camera_init             |camera_init                                |615    |594     |11      |88      |0       |0       |
|    u_i2c_write             |i2c_module                                 |190    |190     |0       |43      |0       |0       |
|  u_pll                     |ip_pll                                     |0      |0       |0       |0       |0       |0       |
+-----------------------------------------------------------------------------------------------------------------------------+


DataNet Average Fanout:

   Index     Fanout     Nets  
    #1          1       785   
    #2          2       181   
    #3          3        74   
    #4          4        62   
    #5        5-10      114   
    #6        11-50      52   
    #7       51-100      7    
    #8       101-500     1    
  Average     3.12            

RUN-1002 : start command "export_db ov2640_sdram_pr.db"
RUN-1001 : Exported /
RUN-1001 : Exported flow parameters
RUN-1001 : Exported libs
RUN-1001 : Exported entities
RUN-1001 : Exported ports
RUN-1001 : Exported pins
RUN-1001 : Exported instances
RUN-1001 : Exported nets
RUN-1001 : Exported buses
RUN-1001 : Exported models
RUN-1001 : Exported congestions
RUN-1001 : Exported violations
RUN-1001 : Exported timing constraints
RUN-1001 : Exported IO constraints
RUN-1001 : Exported Inst constraints
RUN-1002 : start command "export_bid ov2640_sdram_inst.bid"
RUN-1002 : start command "bitgen -bit ov2640_sdram.bit"
BIT-1003 : Start to generate bitstream. 
BIT-1002 : Init instances with 16 threads.
BIT-1002 : Init instances completely, inst num: 757
BIT-1002 : Init pips with 16 threads.
BIT-1002 : Init pips completely, net num: 1342, pip num: 11809
BIT-1002 : Init feedthrough with 16 threads.
BIT-1002 : Init feedthrough completely, num: 21
BIT-1003 : Multithreading accelaration with 16 threads.
BIT-1003 : Generate bitstream completely, there are 1192 valid insts, and 35651 bits set as '1'.
BIT-1004 : the usercode register value: 00000000111001110000000000000000
BIT-1004 : PLL setting string = 0001
BIT-1004 : Generate bits file ov2640_sdram.bit.
RUN-1003 : finish command "bitgen -bit ov2640_sdram.bit" in  2.275373s wall, 17.859375s user + 0.218750s system = 18.078125s CPU (794.5%)

RUN-1004 : used memory is 461 MB, reserved memory is 443 MB, peak memory is 657 MB
RUN-1002 : start command "backup_run_log run.log ../.logs/phy_1/td_20221026_125746.log"
