============================================================
   Tang Dynasty, V5.6.59063
   Copyright (c) 2012-2022 Anlogic
   Executable = C:/Anlogic/TD5.6.59063/bin/td.exe
   Built at =   12:45:13 Sep  6 2022
   Run by =     Administrator
   Run Date =   Thu Oct 27 15:29:03 2022

   Run on =     WIN-25FR57M34TT
============================================================
RUN-1002 : start command "open_project ov2640_sdram.prj"
RUN-1001 : Print Global Property
RUN-1001 : ---------------------------------------------------------------
RUN-1001 :        Parameters        |  Settings  |  Default Values  |  Note  
RUN-1001 : ---------------------------------------------------------------
RUN-1001 :          message         |  standard  |     standard     |        
RUN-1001 :   mixed_pack_place_flow  |     on     |        on        |        
RUN-1001 :        qor_monitor       |    off     |       off        |        
RUN-1001 :        syn_ip_flow       |    off     |       off        |        
RUN-1001 :          thread          |    auto    |       auto       |        
RUN-1001 : ---------------------------------------------------------------
RUN-1001 : Print Design Property
RUN-1001 : --------------------------------------------------------------
RUN-1001 :        Parameters       |  Settings  |  Default Values  |  Note  
RUN-1001 : --------------------------------------------------------------
RUN-1001 :   default_reg_initial   |    auto    |       auto       |        
RUN-1001 :        infer_add        |     on     |        on        |        
RUN-1001 :        infer_fsm        |    off     |       off        |        
RUN-1001 :        infer_mult       |     on     |        on        |        
RUN-1001 :        infer_ram        |     on     |        on        |        
RUN-1001 :        infer_reg        |     on     |        on        |        
RUN-1001 :   infer_reg_init_value  |     on     |        on        |        
RUN-1001 :        infer_rom        |     on     |        on        |        
RUN-1001 :      infer_shifter      |     on     |        on        |        
RUN-1001 : --------------------------------------------------------------
RUN-1001 : Print Rtl Property
RUN-1001 : --------------------------------------------------------------
RUN-1001 :        Parameters       |  Settings  |  Default Values  |  Note  
RUN-1001 : --------------------------------------------------------------
RUN-1001 :       compress_add      |   ripple   |      ripple      |        
RUN-1001 :        elf_sload        |    off     |       off        |        
RUN-1001 :       fix_undriven      |     0      |        0         |        
RUN-1001 :         flatten         |    off     |       off        |        
RUN-1001 :       gate_sharing      |     on     |        on        |        
RUN-1001 :    hdl_warning_level    |   normal   |      normal      |        
RUN-1001 :   impl_internal_tribuf  |     on     |        on        |        
RUN-1001 :      impl_set_reset     |     on     |        on        |        
RUN-1001 :        infer_gsr        |    off     |       off        |        
RUN-1001 :      keep_hierarchy     |    auto    |       auto       |        
RUN-1001 :        max_fanout       |    9999    |       9999       |        
RUN-1001 :      max_oh2bin_len     |     10     |        10        |        
RUN-1001 :       merge_equal       |     on     |        on        |        
RUN-1001 :       merge_equiv       |     on     |        on        |        
RUN-1001 :        merge_mux        |    off     |       off        |        
RUN-1001 :     min_control_set     |     8      |        8         |        
RUN-1001 :      min_ripple_len     |    auto    |       auto       |        
RUN-1001 :       oh2bin_ratio      |    0.08    |       0.08       |        
RUN-1001 :     opt_adder_fanout    |     on     |        on        |        
RUN-1001 :        opt_arith        |     on     |        on        |        
RUN-1001 :       opt_big_gate      |    off     |       off        |        
RUN-1001 :        opt_const        |     on     |        on        |        
RUN-1001 :      opt_const_mult     |     on     |        on        |        
RUN-1001 :       opt_lessthan      |     on     |        on        |        
RUN-1001 :         opt_mux         |    off     |       off        |        
RUN-1001 :         opt_ram         |    high    |       high       |        
RUN-1001 :      rtl_sim_model      |    off     |       off        |        
RUN-1001 :         seq_syn         |     on     |        on        |        
RUN-1001 : --------------------------------------------------------------
HDL-1007 : analyze verilog file ../../al_ip/ip_pll.v
HDL-1007 : undeclared symbol 'open', assumed default net type 'wire' in ../../al_ip/ip_pll.v(93)
HDL-1007 : analyze verilog file ../../al_ip/softfifo.v
HDL-1007 : analyze verilog file ../../al_ip/fifo_1.v
HDL-1007 : analyze verilog file ../../al_ip/fifo_2.v
HDL-1007 : analyze verilog file ../../RTL/camera_init.v
HDL-1007 : undeclared symbol 'clk_div', assumed default net type 'wire' in ../../RTL/camera_init.v(74)
HDL-1007 : analyze verilog file ../../RTL/camera_reader.v
HDL-1007 : analyze verilog file ../../RTL/i2c_module.v
HDL-1007 : analyze verilog file ../../RTL/Sdram_Control_4Port/command.v
HDL-1007 : analyze included file ../../RTL/Sdram_Control_4Port/Sdram_Params.h in ../../RTL/Sdram_Control_4Port/command.v(27)
HDL-1007 : back to file '../../RTL/Sdram_Control_4Port/command.v' in ../../RTL/Sdram_Control_4Port/command.v(27)
HDL-1007 : analyze verilog file ../../RTL/Sdram_Control_4Port/control_interface.v
HDL-1007 : analyze included file ../../RTL/Sdram_Control_4Port/Sdram_Params.h in ../../RTL/Sdram_Control_4Port/control_interface.v(21)
HDL-1007 : back to file '../../RTL/Sdram_Control_4Port/control_interface.v' in ../../RTL/Sdram_Control_4Port/control_interface.v(21)
HDL-1007 : analyze verilog file ../../RTL/Sdram_Control_4Port/sdr_data_path.v
HDL-1007 : analyze included file ../../RTL/Sdram_Control_4Port/Sdram_Params.h in ../../RTL/Sdram_Control_4Port/sdr_data_path.v(10)
HDL-1007 : back to file '../../RTL/Sdram_Control_4Port/sdr_data_path.v' in ../../RTL/Sdram_Control_4Port/sdr_data_path.v(10)
HDL-1007 : analyze verilog file ../../RTL/Sdram_Control_4Port/Sdram_Control_4Port.v
HDL-1007 : analyze included file ../../RTL/Sdram_Control_4Port/Sdram_Params.h in ../../RTL/Sdram_Control_4Port/Sdram_Control_4Port.v(49)
HDL-1007 : back to file '../../RTL/Sdram_Control_4Port/Sdram_Control_4Port.v' in ../../RTL/Sdram_Control_4Port/Sdram_Control_4Port.v(49)
HDL-1007 : analyze verilog file ../../RTL/Sdram_Control_4Port/Sdram_RD_FIFO.v
HDL-5007 WARNING: 'clk' is not declared in ../../RTL/Sdram_Control_4Port/Sdram_RD_FIFO.v(44)
HDL-1007 : analyze verilog file ../../RTL/Sdram_Control_4Port/Sdram_WR_FIFO.v
HDL-1007 : analyze verilog file ../../al_ip/sdram.v
HDL-1007 : analyze verilog file ../../RTL/Driver.v
HDL-1007 : analyze verilog file ../../RTL/RGBYCbCr.v
HDL-1007 : analyze verilog file ../../RTL/image_process.v
HDL-5007 WARNING: identifier 'post_frame_clken' is used before its declaration in ../../RTL/image_process.v(50)
HDL-5007 WARNING: identifier 'post_img_Y' is used before its declaration in ../../RTL/image_process.v(51)
HDL-5007 WARNING: identifier 'post_frame_clken' is used before its declaration in ../../RTL/image_process.v(54)
HDL-5007 WARNING: identifier 'post_img_Y' is used before its declaration in ../../RTL/image_process.v(55)
HDL-5007 WARNING: identifier 'post1_frame_clken' is used before its declaration in ../../RTL/image_process.v(61)
HDL-5007 WARNING: identifier 'post1_img_Y' is used before its declaration in ../../RTL/image_process.v(62)
HDL-5007 WARNING: identifier 'post1_frame_clken' is used before its declaration in ../../RTL/image_process.v(65)
HDL-5007 WARNING: identifier 'post1_img_Y' is used before its declaration in ../../RTL/image_process.v(66)
HDL-5007 WARNING: identifier 'post2_frame_clken' is used before its declaration in ../../RTL/image_process.v(72)
HDL-5007 WARNING: identifier 'post2_img_Y' is used before its declaration in ../../RTL/image_process.v(73)
HDL-5007 Similar messages will be suppressed.
HDL-1007 : analyze verilog file ../../RTL/test_camera.v
HDL-1007 : analyze verilog file ../../RTL/Mode_Switch.v
HDL-1007 : analyze verilog file ../../RTL/image_select.v
HDL-1007 : analyze verilog file ../../RTL/Median_Gray.v
HDL-5007 WARNING: identifier 'mid_value' is used before its declaration in ../../RTL/Median_Gray.v(20)
HDL-1007 : analyze verilog file ../../RTL/three_martix.v
HDL-5007 WARNING: empty statement in sequential block in ../../RTL/three_martix.v(235)
HDL-5007 WARNING: empty statement in sequential block in ../../RTL/three_martix.v(234)
HDL-1007 : analyze verilog file ../../RTL/Median_Filter_3X3.v
HDL-1007 : analyze verilog file ../../RTL/Sort3.v
HDL-1007 : analyze verilog file ../../RTL/Sobel_Process.v
HDL-1007 : undeclared symbol 'csi_pclk', assumed default net type 'wire' in ../../RTL/Sobel_Process.v(48)
HDL-5007 WARNING: identifier 'sobel_value' is used before its declaration in ../../RTL/Sobel_Process.v(23)
HDL-1007 : analyze verilog file ../../RTL/Caculate_Sobel.v
HDL-5007 WARNING: identifier 'matrix_frame_vsync_r' is used before its declaration in ../../RTL/Caculate_Sobel.v(110)
HDL-5007 WARNING: identifier 'matrix_frame_href_r' is used before its declaration in ../../RTL/Caculate_Sobel.v(111)
HDL-5007 WARNING: identifier 'matrix_frame_clken_r' is used before its declaration in ../../RTL/Caculate_Sobel.v(112)
HDL-1007 : analyze verilog file ../../RTL/Erosion_Detector.v
HDL-1007 : undeclared symbol 'post_frame_href', assumed default net type 'wire' in ../../RTL/Erosion_Detector.v(109)
HDL-5007 WARNING: 'clk' is not declared in ../../RTL/Sdram_Control_4Port/Sdram_RD_FIFO.v(44)
RUN-1001 : Project manager successfully analyzed 27 source files.
RUN-1002 : start command "import_device eagle_s20.db -package EG4S20BG256"
ARC-1001 : Device Initialization.
ARC-1001 : ------------------------------------------------------------------
ARC-1001 :            OPTION            |          IO          |   SETTING   
ARC-1001 : ------------------------------------------------------------------
ARC-1001 :   cso_b/cclk/mosi/miso/dout  |  T3/R11/T10/P10/S11  |    gpio    
ARC-1001 :             done             |         P13          |    gpio    
ARC-1001 :           program_b          |          T2          |  dedicate  
ARC-1001 :        tdi/tms/tck/tdo       |   C12/A15/C14/E14    |  dedicate  
ARC-1001 : ------------------------------------------------------------------
ARC-1004 : Device setting, marked 5 dedicate IOs in total.
RUN-1002 : start command "import_db ../syn_1/ov2640_sdram_gate.db"
RUN-1001 : Importing database generated by Tang Dynasty, V5.6.59063.
RUN-1001 : Database version number 46140.
RUN-1001 : Import flow parameters
RUN-1001 : Import timing constraints
RUN-1001 : Import IO constraints
RUN-1001 : Import Inst constraints
RUN-1001 : Import design success TD_VERSION=5.6.59063 , DB_VERSION=46140
RUN-1002 : start command "read_sdc"
USR-1002 : read_sdc file_name -help -h -eco
RUN-1002 : start command "get_regs */primary_addr_gray_reg[*]"
RUN-1002 : start command "get_regs */sync_r1[*]"
RUN-1002 : start command "set_max_delay -from  -to  5 -datapath_only"
RUN-1002 : start command "get_regs */primary_addr_gray_reg[*]"
RUN-1002 : start command "get_regs */sync_r1[*]"
RUN-1002 : start command "set_false_path -from  -to  -hold 5"
USR-1002 : set_false_path -help -setup -hold -from <list> -rise_from <list> -fall_from <list> -to <list> -rise_to <list> -fall_to <list> -through <list>
RUN-1002 : start command "get_regs */primary_addr_gray_reg[*]"
RUN-1002 : start command "get_regs */sync_r1[*]"
RUN-1002 : start command "set_max_delay -from  -to  5 -datapath_only"
RUN-1002 : start command "get_regs */primary_addr_gray_reg[*]"
RUN-1002 : start command "get_regs */sync_r1[*]"
RUN-1002 : start command "set_max_delay -from  -to  5 -datapath_only"
RUN-1002 : start command "get_regs */primary_addr_gray_reg[*]"
RUN-1002 : start command "get_regs */sync_r1[*]"
RUN-1002 : start command "set_max_delay -from  -to  5 -datapath_only"
SYN-1001 : 	kept net: Sdram_Control_4Port/read_fifo1/dcfifo_component/rd_to_wr_cross_inst/primary_addr_gray_reg[9](Sdram_Control_4Port/read_fifo1/dcfifo_component/rd_to_wr_cross_inst/primary_addr_gray_reg[9]_syn_5)
SYN-1001 : 	kept net: Sdram_Control_4Port/read_fifo1/dcfifo_component/rd_to_wr_cross_inst/primary_addr_gray_reg[8](Sdram_Control_4Port/read_fifo1/dcfifo_component/rd_to_wr_cross_inst/primary_addr_gray_reg[8]_syn_5)
SYN-1001 : 	kept net: Sdram_Control_4Port/read_fifo1/dcfifo_component/rd_to_wr_cross_inst/primary_addr_gray_reg[7](Sdram_Control_4Port/read_fifo1/dcfifo_component/rd_to_wr_cross_inst/primary_addr_gray_reg[7]_syn_5)
SYN-1001 : 	kept net: Sdram_Control_4Port/read_fifo1/dcfifo_component/rd_to_wr_cross_inst/primary_addr_gray_reg[6](Sdram_Control_4Port/read_fifo1/dcfifo_component/rd_to_wr_cross_inst/primary_addr_gray_reg[6]_syn_5)
SYN-1001 : 	kept net: Sdram_Control_4Port/read_fifo1/dcfifo_component/rd_to_wr_cross_inst/primary_addr_gray_reg[5](Sdram_Control_4Port/read_fifo1/dcfifo_component/rd_to_wr_cross_inst/primary_addr_gray_reg[5]_syn_5)
SYN-1001 : 	kept net: Sdram_Control_4Port/read_fifo1/dcfifo_component/rd_to_wr_cross_inst/primary_addr_gray_reg[4](Sdram_Control_4Port/read_fifo1/dcfifo_component/rd_to_wr_cross_inst/primary_addr_gray_reg[4]_syn_5)
SYN-1001 : 	kept net: Sdram_Control_4Port/read_fifo1/dcfifo_component/rd_to_wr_cross_inst/primary_addr_gray_reg[3](Sdram_Control_4Port/read_fifo1/dcfifo_component/rd_to_wr_cross_inst/primary_addr_gray_reg[3]_syn_5)
SYN-1001 : 	kept net: Sdram_Control_4Port/read_fifo1/dcfifo_component/rd_to_wr_cross_inst/primary_addr_gray_reg[2](Sdram_Control_4Port/read_fifo1/dcfifo_component/rd_to_wr_cross_inst/primary_addr_gray_reg[2]_syn_5)
SYN-1001 : 	kept net: Sdram_Control_4Port/read_fifo1/dcfifo_component/rd_to_wr_cross_inst/primary_addr_gray_reg[1](Sdram_Control_4Port/read_fifo1/dcfifo_component/rd_to_wr_cross_inst/primary_addr_gray_reg[1]_syn_5)
SYN-1001 : 	kept net: Sdram_Control_4Port/read_fifo1/dcfifo_component/rd_to_wr_cross_inst/primary_addr_gray_reg[0](Sdram_Control_4Port/read_fifo1/dcfifo_component/rd_to_wr_cross_inst/primary_addr_gray_reg[0]_syn_5)
SYN-1001 : 	kept net: Sdram_Control_4Port/read_fifo1/dcfifo_component/rd_to_wr_cross_inst/sync_r1[9](Sdram_Control_4Port/read_fifo1/dcfifo_component/rd_to_wr_cross_inst/sync_r1[9]_syn_3)
SYN-1001 : 	kept net: Sdram_Control_4Port/read_fifo1/dcfifo_component/rd_to_wr_cross_inst/sync_r1[8](Sdram_Control_4Port/read_fifo1/dcfifo_component/rd_to_wr_cross_inst/sync_r1[8]_syn_3)
SYN-1001 : 	kept net: Sdram_Control_4Port/read_fifo1/dcfifo_component/rd_to_wr_cross_inst/sync_r1[7](Sdram_Control_4Port/read_fifo1/dcfifo_component/rd_to_wr_cross_inst/sync_r1[7]_syn_3)
SYN-1001 : 	kept net: Sdram_Control_4Port/read_fifo1/dcfifo_component/rd_to_wr_cross_inst/sync_r1[6](Sdram_Control_4Port/read_fifo1/dcfifo_component/rd_to_wr_cross_inst/sync_r1[6]_syn_3)
SYN-1001 : 	kept net: Sdram_Control_4Port/read_fifo1/dcfifo_component/rd_to_wr_cross_inst/sync_r1[5](Sdram_Control_4Port/read_fifo1/dcfifo_component/rd_to_wr_cross_inst/sync_r1[5]_syn_3)
SYN-1001 : 	kept net: Sdram_Control_4Port/read_fifo1/dcfifo_component/rd_to_wr_cross_inst/sync_r1[4](Sdram_Control_4Port/read_fifo1/dcfifo_component/rd_to_wr_cross_inst/sync_r1[4]_syn_3)
SYN-1001 : 	kept net: Sdram_Control_4Port/read_fifo1/dcfifo_component/rd_to_wr_cross_inst/sync_r1[3](Sdram_Control_4Port/read_fifo1/dcfifo_component/rd_to_wr_cross_inst/sync_r1[3]_syn_3)
SYN-1001 : 	kept net: Sdram_Control_4Port/read_fifo1/dcfifo_component/rd_to_wr_cross_inst/sync_r1[2](Sdram_Control_4Port/read_fifo1/dcfifo_component/rd_to_wr_cross_inst/sync_r1[2]_syn_3)
SYN-1001 : 	kept net: Sdram_Control_4Port/read_fifo1/dcfifo_component/rd_to_wr_cross_inst/sync_r1[1](Sdram_Control_4Port/read_fifo1/dcfifo_component/rd_to_wr_cross_inst/sync_r1[1]_syn_3)
SYN-1001 : 	kept net: Sdram_Control_4Port/read_fifo1/dcfifo_component/rd_to_wr_cross_inst/sync_r1[0](Sdram_Control_4Port/read_fifo1/dcfifo_component/rd_to_wr_cross_inst/sync_r1[0]_syn_3)
SYN-1001 : 	kept net: Sdram_Control_4Port/read_fifo1/dcfifo_component/wr_to_rd_cross_inst/primary_addr_gray_reg[9](Sdram_Control_4Port/read_fifo1/dcfifo_component/wr_to_rd_cross_inst/primary_addr_gray_reg[9]_syn_5)
SYN-1001 : 	kept net: Sdram_Control_4Port/read_fifo1/dcfifo_component/wr_to_rd_cross_inst/primary_addr_gray_reg[8](Sdram_Control_4Port/read_fifo1/dcfifo_component/wr_to_rd_cross_inst/primary_addr_gray_reg[8]_syn_5)
SYN-1001 : 	kept net: Sdram_Control_4Port/read_fifo1/dcfifo_component/wr_to_rd_cross_inst/primary_addr_gray_reg[7](Sdram_Control_4Port/read_fifo1/dcfifo_component/wr_to_rd_cross_inst/primary_addr_gray_reg[7]_syn_5)
SYN-1001 : 	kept net: Sdram_Control_4Port/read_fifo1/dcfifo_component/wr_to_rd_cross_inst/primary_addr_gray_reg[6](Sdram_Control_4Port/read_fifo1/dcfifo_component/wr_to_rd_cross_inst/primary_addr_gray_reg[6]_syn_5)
SYN-1001 : 	kept net: Sdram_Control_4Port/read_fifo1/dcfifo_component/wr_to_rd_cross_inst/primary_addr_gray_reg[5](Sdram_Control_4Port/read_fifo1/dcfifo_component/wr_to_rd_cross_inst/primary_addr_gray_reg[5]_syn_5)
SYN-1001 : 	kept net: Sdram_Control_4Port/read_fifo1/dcfifo_component/wr_to_rd_cross_inst/primary_addr_gray_reg[4](Sdram_Control_4Port/read_fifo1/dcfifo_component/wr_to_rd_cross_inst/primary_addr_gray_reg[4]_syn_5)
SYN-1001 : 	kept net: Sdram_Control_4Port/read_fifo1/dcfifo_component/wr_to_rd_cross_inst/primary_addr_gray_reg[3](Sdram_Control_4Port/read_fifo1/dcfifo_component/wr_to_rd_cross_inst/primary_addr_gray_reg[3]_syn_5)
SYN-1001 : 	kept net: Sdram_Control_4Port/read_fifo1/dcfifo_component/wr_to_rd_cross_inst/primary_addr_gray_reg[2](Sdram_Control_4Port/read_fifo1/dcfifo_component/wr_to_rd_cross_inst/primary_addr_gray_reg[2]_syn_5)
SYN-1001 : 	kept net: Sdram_Control_4Port/read_fifo1/dcfifo_component/wr_to_rd_cross_inst/primary_addr_gray_reg[1](Sdram_Control_4Port/read_fifo1/dcfifo_component/wr_to_rd_cross_inst/primary_addr_gray_reg[1]_syn_5)
SYN-1001 : 	kept net: Sdram_Control_4Port/read_fifo1/dcfifo_component/wr_to_rd_cross_inst/primary_addr_gray_reg[0](Sdram_Control_4Port/read_fifo1/dcfifo_component/wr_to_rd_cross_inst/primary_addr_gray_reg[0]_syn_5)
SYN-1001 : 	kept net: Sdram_Control_4Port/read_fifo1/dcfifo_component/wr_to_rd_cross_inst/sync_r1[9](Sdram_Control_4Port/read_fifo1/dcfifo_component/wr_to_rd_cross_inst/sync_r1[9]_syn_3)
SYN-1001 : 	kept net: Sdram_Control_4Port/read_fifo1/dcfifo_component/wr_to_rd_cross_inst/sync_r1[8](Sdram_Control_4Port/read_fifo1/dcfifo_component/wr_to_rd_cross_inst/sync_r1[8]_syn_3)
SYN-1001 : 	kept net: Sdram_Control_4Port/read_fifo1/dcfifo_component/wr_to_rd_cross_inst/sync_r1[7](Sdram_Control_4Port/read_fifo1/dcfifo_component/wr_to_rd_cross_inst/sync_r1[7]_syn_3)
SYN-1001 : 	kept net: Sdram_Control_4Port/read_fifo1/dcfifo_component/wr_to_rd_cross_inst/sync_r1[6](Sdram_Control_4Port/read_fifo1/dcfifo_component/wr_to_rd_cross_inst/sync_r1[6]_syn_3)
SYN-1001 : 	kept net: Sdram_Control_4Port/read_fifo1/dcfifo_component/wr_to_rd_cross_inst/sync_r1[5](Sdram_Control_4Port/read_fifo1/dcfifo_component/wr_to_rd_cross_inst/sync_r1[5]_syn_3)
SYN-1001 : 	kept net: Sdram_Control_4Port/read_fifo1/dcfifo_component/wr_to_rd_cross_inst/sync_r1[4](Sdram_Control_4Port/read_fifo1/dcfifo_component/wr_to_rd_cross_inst/sync_r1[4]_syn_3)
SYN-1001 : 	kept net: Sdram_Control_4Port/read_fifo1/dcfifo_component/wr_to_rd_cross_inst/sync_r1[3](Sdram_Control_4Port/read_fifo1/dcfifo_component/wr_to_rd_cross_inst/sync_r1[3]_syn_3)
SYN-1001 : 	kept net: Sdram_Control_4Port/read_fifo1/dcfifo_component/wr_to_rd_cross_inst/sync_r1[2](Sdram_Control_4Port/read_fifo1/dcfifo_component/wr_to_rd_cross_inst/sync_r1[2]_syn_3)
SYN-1001 : 	kept net: Sdram_Control_4Port/read_fifo1/dcfifo_component/wr_to_rd_cross_inst/sync_r1[1](Sdram_Control_4Port/read_fifo1/dcfifo_component/wr_to_rd_cross_inst/sync_r1[1]_syn_3)
SYN-1001 : 	kept net: Sdram_Control_4Port/read_fifo1/dcfifo_component/wr_to_rd_cross_inst/sync_r1[0](Sdram_Control_4Port/read_fifo1/dcfifo_component/wr_to_rd_cross_inst/sync_r1[0]_syn_3)
SYN-1001 : 	kept net: Sdram_Control_4Port/write_fifo1/dcfifo_component/rd_to_wr_cross_inst/primary_addr_gray_reg[9](Sdram_Control_4Port/write_fifo1/dcfifo_component/rd_to_wr_cross_inst/primary_addr_gray_reg[9]_syn_5)
SYN-1001 : 	kept net: Sdram_Control_4Port/write_fifo1/dcfifo_component/rd_to_wr_cross_inst/primary_addr_gray_reg[8](Sdram_Control_4Port/write_fifo1/dcfifo_component/rd_to_wr_cross_inst/primary_addr_gray_reg[8]_syn_5)
SYN-1001 : 	kept net: Sdram_Control_4Port/write_fifo1/dcfifo_component/rd_to_wr_cross_inst/primary_addr_gray_reg[7](Sdram_Control_4Port/write_fifo1/dcfifo_component/rd_to_wr_cross_inst/primary_addr_gray_reg[7]_syn_5)
SYN-1001 : 	kept net: Sdram_Control_4Port/write_fifo1/dcfifo_component/rd_to_wr_cross_inst/primary_addr_gray_reg[6](Sdram_Control_4Port/write_fifo1/dcfifo_component/rd_to_wr_cross_inst/primary_addr_gray_reg[6]_syn_5)
SYN-1001 : 	kept net: Sdram_Control_4Port/write_fifo1/dcfifo_component/rd_to_wr_cross_inst/primary_addr_gray_reg[5](Sdram_Control_4Port/write_fifo1/dcfifo_component/rd_to_wr_cross_inst/primary_addr_gray_reg[5]_syn_5)
SYN-1001 : 	kept net: Sdram_Control_4Port/write_fifo1/dcfifo_component/rd_to_wr_cross_inst/primary_addr_gray_reg[4](Sdram_Control_4Port/write_fifo1/dcfifo_component/rd_to_wr_cross_inst/primary_addr_gray_reg[4]_syn_5)
SYN-1001 : 	kept net: Sdram_Control_4Port/write_fifo1/dcfifo_component/rd_to_wr_cross_inst/primary_addr_gray_reg[3](Sdram_Control_4Port/write_fifo1/dcfifo_component/rd_to_wr_cross_inst/primary_addr_gray_reg[3]_syn_5)
SYN-1001 : 	kept net: Sdram_Control_4Port/write_fifo1/dcfifo_component/rd_to_wr_cross_inst/primary_addr_gray_reg[2](Sdram_Control_4Port/write_fifo1/dcfifo_component/rd_to_wr_cross_inst/primary_addr_gray_reg[2]_syn_5)
SYN-1001 : 	kept net: Sdram_Control_4Port/write_fifo1/dcfifo_component/rd_to_wr_cross_inst/primary_addr_gray_reg[1](Sdram_Control_4Port/write_fifo1/dcfifo_component/rd_to_wr_cross_inst/primary_addr_gray_reg[1]_syn_5)
SYN-1001 : 	kept net: Sdram_Control_4Port/write_fifo1/dcfifo_component/rd_to_wr_cross_inst/primary_addr_gray_reg[0](Sdram_Control_4Port/write_fifo1/dcfifo_component/rd_to_wr_cross_inst/primary_addr_gray_reg[0]_syn_5)
SYN-1001 : 	kept net: Sdram_Control_4Port/write_fifo1/dcfifo_component/rd_to_wr_cross_inst/sync_r1[9](Sdram_Control_4Port/write_fifo1/dcfifo_component/rd_to_wr_cross_inst/sync_r1[9]_syn_3)
SYN-1001 : 	kept net: Sdram_Control_4Port/write_fifo1/dcfifo_component/rd_to_wr_cross_inst/sync_r1[8](Sdram_Control_4Port/write_fifo1/dcfifo_component/rd_to_wr_cross_inst/sync_r1[8]_syn_3)
SYN-1001 : 	kept net: Sdram_Control_4Port/write_fifo1/dcfifo_component/rd_to_wr_cross_inst/sync_r1[7](Sdram_Control_4Port/write_fifo1/dcfifo_component/rd_to_wr_cross_inst/sync_r1[7]_syn_3)
SYN-1001 : 	kept net: Sdram_Control_4Port/write_fifo1/dcfifo_component/rd_to_wr_cross_inst/sync_r1[6](Sdram_Control_4Port/write_fifo1/dcfifo_component/rd_to_wr_cross_inst/sync_r1[6]_syn_3)
SYN-1001 : 	kept net: Sdram_Control_4Port/write_fifo1/dcfifo_component/rd_to_wr_cross_inst/sync_r1[5](Sdram_Control_4Port/write_fifo1/dcfifo_component/rd_to_wr_cross_inst/sync_r1[5]_syn_3)
SYN-1001 : 	kept net: Sdram_Control_4Port/write_fifo1/dcfifo_component/rd_to_wr_cross_inst/sync_r1[4](Sdram_Control_4Port/write_fifo1/dcfifo_component/rd_to_wr_cross_inst/sync_r1[4]_syn_3)
SYN-1001 : 	kept net: Sdram_Control_4Port/write_fifo1/dcfifo_component/rd_to_wr_cross_inst/sync_r1[3](Sdram_Control_4Port/write_fifo1/dcfifo_component/rd_to_wr_cross_inst/sync_r1[3]_syn_3)
SYN-1001 : 	kept net: Sdram_Control_4Port/write_fifo1/dcfifo_component/rd_to_wr_cross_inst/sync_r1[2](Sdram_Control_4Port/write_fifo1/dcfifo_component/rd_to_wr_cross_inst/sync_r1[2]_syn_3)
SYN-1001 : 	kept net: Sdram_Control_4Port/write_fifo1/dcfifo_component/rd_to_wr_cross_inst/sync_r1[1](Sdram_Control_4Port/write_fifo1/dcfifo_component/rd_to_wr_cross_inst/sync_r1[1]_syn_3)
SYN-1001 : 	kept net: Sdram_Control_4Port/write_fifo1/dcfifo_component/rd_to_wr_cross_inst/sync_r1[0](Sdram_Control_4Port/write_fifo1/dcfifo_component/rd_to_wr_cross_inst/sync_r1[0]_syn_3)
SYN-1001 : 	kept net: Sdram_Control_4Port/write_fifo1/dcfifo_component/wr_to_rd_cross_inst/primary_addr_gray_reg[9](Sdram_Control_4Port/write_fifo1/dcfifo_component/wr_to_rd_cross_inst/primary_addr_gray_reg[9]_syn_5)
SYN-1001 : 	kept net: Sdram_Control_4Port/write_fifo1/dcfifo_component/wr_to_rd_cross_inst/primary_addr_gray_reg[8](Sdram_Control_4Port/write_fifo1/dcfifo_component/wr_to_rd_cross_inst/primary_addr_gray_reg[8]_syn_5)
SYN-1001 : 	kept net: Sdram_Control_4Port/write_fifo1/dcfifo_component/wr_to_rd_cross_inst/primary_addr_gray_reg[7](Sdram_Control_4Port/write_fifo1/dcfifo_component/wr_to_rd_cross_inst/primary_addr_gray_reg[7]_syn_5)
SYN-1001 : 	kept net: Sdram_Control_4Port/write_fifo1/dcfifo_component/wr_to_rd_cross_inst/primary_addr_gray_reg[6](Sdram_Control_4Port/write_fifo1/dcfifo_component/wr_to_rd_cross_inst/primary_addr_gray_reg[6]_syn_5)
SYN-1001 : 	kept net: Sdram_Control_4Port/write_fifo1/dcfifo_component/wr_to_rd_cross_inst/primary_addr_gray_reg[5](Sdram_Control_4Port/write_fifo1/dcfifo_component/wr_to_rd_cross_inst/primary_addr_gray_reg[5]_syn_5)
SYN-1001 : 	kept net: Sdram_Control_4Port/write_fifo1/dcfifo_component/wr_to_rd_cross_inst/primary_addr_gray_reg[4](Sdram_Control_4Port/write_fifo1/dcfifo_component/wr_to_rd_cross_inst/primary_addr_gray_reg[4]_syn_5)
SYN-1001 : 	kept net: Sdram_Control_4Port/write_fifo1/dcfifo_component/wr_to_rd_cross_inst/primary_addr_gray_reg[3](Sdram_Control_4Port/write_fifo1/dcfifo_component/wr_to_rd_cross_inst/primary_addr_gray_reg[3]_syn_5)
SYN-1001 : 	kept net: Sdram_Control_4Port/write_fifo1/dcfifo_component/wr_to_rd_cross_inst/primary_addr_gray_reg[2](Sdram_Control_4Port/write_fifo1/dcfifo_component/wr_to_rd_cross_inst/primary_addr_gray_reg[2]_syn_5)
SYN-1001 : 	kept net: Sdram_Control_4Port/write_fifo1/dcfifo_component/wr_to_rd_cross_inst/primary_addr_gray_reg[1](Sdram_Control_4Port/write_fifo1/dcfifo_component/wr_to_rd_cross_inst/primary_addr_gray_reg[1]_syn_5)
SYN-1001 : 	kept net: Sdram_Control_4Port/write_fifo1/dcfifo_component/wr_to_rd_cross_inst/primary_addr_gray_reg[0](Sdram_Control_4Port/write_fifo1/dcfifo_component/wr_to_rd_cross_inst/primary_addr_gray_reg[0]_syn_5)
SYN-1001 : 	kept net: Sdram_Control_4Port/write_fifo1/dcfifo_component/wr_to_rd_cross_inst/sync_r1[9](Sdram_Control_4Port/write_fifo1/dcfifo_component/wr_to_rd_cross_inst/sync_r1[9]_syn_3)
SYN-1001 : 	kept net: Sdram_Control_4Port/write_fifo1/dcfifo_component/wr_to_rd_cross_inst/sync_r1[8](Sdram_Control_4Port/write_fifo1/dcfifo_component/wr_to_rd_cross_inst/sync_r1[8]_syn_3)
SYN-1001 : 	kept net: Sdram_Control_4Port/write_fifo1/dcfifo_component/wr_to_rd_cross_inst/sync_r1[7](Sdram_Control_4Port/write_fifo1/dcfifo_component/wr_to_rd_cross_inst/sync_r1[7]_syn_3)
SYN-1001 : 	kept net: Sdram_Control_4Port/write_fifo1/dcfifo_component/wr_to_rd_cross_inst/sync_r1[6](Sdram_Control_4Port/write_fifo1/dcfifo_component/wr_to_rd_cross_inst/sync_r1[6]_syn_3)
SYN-1001 : 	kept net: Sdram_Control_4Port/write_fifo1/dcfifo_component/wr_to_rd_cross_inst/sync_r1[5](Sdram_Control_4Port/write_fifo1/dcfifo_component/wr_to_rd_cross_inst/sync_r1[5]_syn_3)
SYN-1001 : 	kept net: Sdram_Control_4Port/write_fifo1/dcfifo_component/wr_to_rd_cross_inst/sync_r1[4](Sdram_Control_4Port/write_fifo1/dcfifo_component/wr_to_rd_cross_inst/sync_r1[4]_syn_3)
SYN-1001 : 	kept net: Sdram_Control_4Port/write_fifo1/dcfifo_component/wr_to_rd_cross_inst/sync_r1[3](Sdram_Control_4Port/write_fifo1/dcfifo_component/wr_to_rd_cross_inst/sync_r1[3]_syn_3)
SYN-1001 : 	kept net: Sdram_Control_4Port/write_fifo1/dcfifo_component/wr_to_rd_cross_inst/sync_r1[2](Sdram_Control_4Port/write_fifo1/dcfifo_component/wr_to_rd_cross_inst/sync_r1[2]_syn_3)
SYN-1001 : 	kept net: Sdram_Control_4Port/write_fifo1/dcfifo_component/wr_to_rd_cross_inst/sync_r1[1](Sdram_Control_4Port/write_fifo1/dcfifo_component/wr_to_rd_cross_inst/sync_r1[1]_syn_3)
SYN-1001 : 	kept net: Sdram_Control_4Port/write_fifo1/dcfifo_component/wr_to_rd_cross_inst/sync_r1[0](Sdram_Control_4Port/write_fifo1/dcfifo_component/wr_to_rd_cross_inst/sync_r1[0]_syn_3)
RUN-1104 : Import SDC file  finished, there are 80 nets kept by constraints.
RUN-1002 : start command "place"
RUN-1001 : Open license file C:/Anlogic/TD5.6.59063/license/Anlogic.lic
RUN-1001 : Print Global Property
RUN-1001 : ---------------------------------------------------------------
RUN-1001 :        Parameters        |  Settings  |  Default Values  |  Note  
RUN-1001 : ---------------------------------------------------------------
RUN-1001 :          message         |  standard  |     standard     |        
RUN-1001 :   mixed_pack_place_flow  |     on     |        on        |        
RUN-1001 :        qor_monitor       |    off     |       off        |        
RUN-1001 :        syn_ip_flow       |    off     |       off        |        
RUN-1001 :          thread          |    auto    |       auto       |        
RUN-1001 : ---------------------------------------------------------------
RUN-1001 : Print Place Property
RUN-1001 : --------------------------------------------------------------
RUN-1001 :        Parameters       |  Settings  |  Default Values  |  Note  
RUN-1001 : --------------------------------------------------------------
RUN-1001 :      detailed_place     |     on     |        on        |        
RUN-1001 :          effort         |   medium   |      medium      |        
RUN-1001 :         fix_hold        |    off     |       off        |        
RUN-1001 :       legalization      |    ori     |       ori        |        
RUN-1001 :      new_spreading      |     on     |        on        |        
RUN-1001 :        opt_timing       |   medium   |      medium      |        
RUN-1001 :   post_clock_route_opt  |    off     |       off        |        
RUN-1001 :       pr_strategy       |     1      |        1         |        
RUN-1001 :        relaxation       |    1.00    |       1.00       |        
RUN-1001 :         retiming        |    off     |       off        |        
RUN-1001 : --------------------------------------------------------------
PHY-3001 : Placer runs in 16 thread(s).
RUN-1002 : start command "legalize_phy_inst"
SYN-1011 : Flatten model test_camera
SYN-5055 WARNING: The kept net u_pll/clk3_out will be merged to another kept net clk_cam
SYN-5055 WARNING: The kept net u_camera_reader/clk will be merged to another kept net clk_cam
SYN-5055 WARNING: The kept net u_image_process/u_Median_Gray/pre_frame_hsync will be merged to another kept net u_image_process/frame_hsync
SYN-5055 WARNING: The kept net Gray_img[7] will be merged to another kept net u_image_process/out_img_imy[7]
SYN-5055 WARNING: The kept net Gray_img[6] will be merged to another kept net u_image_process/out_img_imy[6]
SYN-5055 WARNING: The kept net Gray_img[5] will be merged to another kept net u_image_process/out_img_imy[5]
SYN-5055 WARNING: The kept net Gray_img[4] will be merged to another kept net u_image_process/out_img_imy[4]
SYN-5055 WARNING: The kept net Gray_img[3] will be merged to another kept net u_image_process/out_img_imy[3]
SYN-5055 WARNING: The kept net Gray_img[2] will be merged to another kept net u_image_process/out_img_imy[2]
SYN-5055 WARNING: The kept net u_image_select/Sobel_Erosion_clk will be merged to another kept net u_image_process/post_frame_clken_Soebl_Erosion
SYN-5055 Similar messages will be suppressed.
RUN-1002 : start command "phys_opt -simplify_lut"
SYN-4016 : Net Sdram_Control_4Port/CTRL_CLK driven by BUFG (294 clock/control pins, 1 other pins).
SYN-4027 : Net Sdram_Control_4Port/SDRAM_CLK is clkc1 of pll u_pll/pll_inst.
SYN-4027 : Net vga_clk_dup_1 is clkc2 of pll u_pll/pll_inst.
SYN-4027 : Net clk_cam is clkc3 of pll u_pll/pll_inst.
SYN-4027 : Net u_camera_init/u_i2c_write/clk is clkc4 of pll u_pll/pll_inst.
SYN-4019 : Net clk_24m_dup_1 is refclk of pll u_pll/pll_inst.
SYN-4020 : Net clk_24m_dup_1 is fbclk of pll u_pll/pll_inst.
SYN-4024 : Net "cam_pclk_dup_4" drives clk pins.
SYN-4024 : Net "u_camera_init/divider2[8]" drives clk pins.
SYN-4024 : Net "u_camera_init/divider2[7]" drives clk pins.
SYN-4024 : Net "u_image_select/mode[3]_syn_22" drives clk pins.
SYN-4024 : Net "u_image_process/wrreq" drives clk pins.
SYN-4025 : Tag rtl::Net Sdram_Control_4Port/CTRL_CLK as clock net
SYN-4025 : Tag rtl::Net Sdram_Control_4Port/SDRAM_CLK as clock net
SYN-4025 : Tag rtl::Net cam_pclk_dup_4 as clock net
SYN-4025 : Tag rtl::Net clk_24m_dup_1 as clock net
SYN-4025 : Tag rtl::Net clk_cam as clock net
SYN-4025 : Tag rtl::Net u_camera_init/divider2[7] as clock net
SYN-4025 : Tag rtl::Net u_camera_init/divider2[8] as clock net
SYN-4025 : Tag rtl::Net u_camera_init/u_i2c_write/clk as clock net
SYN-4025 : Tag rtl::Net u_image_process/wrreq as clock net
SYN-4025 : Tag rtl::Net u_image_select/mode[3]_syn_22 as clock net
SYN-4025 : Tag rtl::Net vga_clk_dup_1 as clock net
SYN-4026 : Tagged 11 rtl::Net as clock net
SYN-4015 : Create BUFG instance for clk Net u_camera_init/divider2[8] to drive 32 clock pins.
SYN-4015 : Create BUFG instance for clk Net u_camera_init/divider2[7] to drive 18 clock pins.
SYN-4015 : Create BUFG instance for clk Net u_image_select/mode[3]_syn_22 to drive 17 clock pins.
SYN-4015 : Create BUFG instance for clk Net u_image_process/wrreq to drive 16 clock pins.
PHY-1001 : Populate physical database on model test_camera.
RUN-1001 : There are total 3350 instances
RUN-0007 : 1362 luts, 1252 seqs, 412 mslices, 171 lslices, 132 pads, 8 brams, 4 dsps
RUN-1001 : There are total 3974 nets
RUN-6004 WARNING: There are 3 nets with only 1 pin.
RUN-1001 : 2741 nets have 2 pins
RUN-1001 : 756 nets have [3 - 5] pins
RUN-1001 : 372 nets have [6 - 10] pins
RUN-1001 : 60 nets have [11 - 20] pins
RUN-1001 : 36 nets have [21 - 99] pins
RUN-1001 : 6 nets have 100+ pins
RUN-1001 : Report Control nets information:
RUN-1001 : DFF Distribution
RUN-1001 : ----------------------------------
RUN-1001 :   CE   |  SSR  |  ASR  |  DFF Count  
RUN-1001 : ----------------------------------
RUN-1001 :   No   |  No   |  No   |     68      
RUN-1001 :   No   |  No   |  Yes  |     754     
RUN-1001 :   No   |  Yes  |  No   |     51      
RUN-1001 :   Yes  |  No   |  No   |     32      
RUN-1001 :   Yes  |  No   |  Yes  |     323     
RUN-1001 :   Yes  |  Yes  |  No   |     24      
RUN-1001 : ----------------------------------
RUN-0007 : Control Group Statistic
RUN-0007 : ---------------------------
RUN-0007 :   #CLK  |  #CE  |  #SSR/ASR  
RUN-0007 : ---------------------------
RUN-0007 :    31   |  23   |     47     
RUN-0007 : ---------------------------
RUN-0007 : Control Set = 100
PHY-3001 : Initial placement ...
PHY-3001 : design contains 3348 instances, 1362 luts, 1252 seqs, 583 slices, 116 macros(583 instances: 412 mslices 171 lslices)
PHY-0007 : Cell area utilization is 12%
PHY-3001 : Start timing update ...
RUN-1002 : start command "start_timer -report"
TMR-2505 : Start building timing graph for model test_camera.
TMR-2506 : Build timing graph completely. Port num: 19, tpin num: 15380, tnet num: 3972, tinst num: 3348, tnode num: 19484, tedge num: 24820.
TMR-2508 : Levelizing timing graph completed, there are 31 levels in total.
TMR-2501 : Timing graph initialized successfully.
TMR-2503 : Start to update net delay, extr mode = 2.
TMR-2504 : Update delay of 3972 nets completely.
TMR-2502 : Annotate delay completely, extr mode = 2.
TMR-3001 : Initiate 0 clocks from SDC.
TMR-3004 : Map sdc constraints, there are 2 constraints in total.
TMR-3003 : Constraints initiated successfully.
TMR-3501 : Forward propagation: start to calculate arrival time...
TMR-3502 : Backward propagation: start to calculate required time...
TMR-3503 : Timing propagation completes.
PHY-3001 : End timing update;  1.001376s wall, 1.000000s user + 0.000000s system = 1.000000s CPU (99.9%)

PHY-3001 : Global placement ...
PHY-3001 : Initial: Len = 994729
PHY-3001 : Clustering ...
PHY-3001 : Level 0 #clusters 3348.
PHY-3001 : End clustering;  0.000013s wall, 0.000000s user + 0.000000s system = 0.000000s CPU (n/a%)

PHY-3001 : Run with size of 4
PHY-3001 : Cell area utilization is 12%
PHY-3001 : :::0::: Try harder cell spreading with beta_ = 0
PHY-3002 : Step(1): len = 745424, overlap = 31.5
PHY-3002 : Step(2): len = 580569, overlap = 31.5
PHY-3002 : Step(3): len = 401768, overlap = 22.5
PHY-3002 : Step(4): len = 321112, overlap = 25.25
PHY-3002 : Step(5): len = 272739, overlap = 28
PHY-3002 : Step(6): len = 240382, overlap = 30.25
PHY-3002 : Step(7): len = 217692, overlap = 19
PHY-3002 : Step(8): len = 190621, overlap = 40.375
PHY-3002 : Step(9): len = 174378, overlap = 45.5938
PHY-3002 : Step(10): len = 158047, overlap = 49.125
PHY-3002 : Step(11): len = 144575, overlap = 46.125
PHY-3002 : Step(12): len = 134342, overlap = 57.6875
PHY-3002 : Step(13): len = 124862, overlap = 62.8438
PHY-3002 : Step(14): len = 119425, overlap = 76.1562
PHY-3002 : Step(15): len = 112018, overlap = 74.7812
PHY-3002 : Step(16): len = 107376, overlap = 79.875
PHY-3002 : Step(17): len = 103024, overlap = 87.8438
PHY-3001 : :::1::: Try harder cell spreading with beta_ = 4.89408e-05
PHY-3002 : Step(18): len = 115356, overlap = 62.9688
PHY-3002 : Step(19): len = 117839, overlap = 49.625
PHY-3002 : Step(20): len = 110681, overlap = 41.4688
PHY-3002 : Step(21): len = 109906, overlap = 38.9375
PHY-3002 : Step(22): len = 109877, overlap = 36.375
PHY-3002 : Step(23): len = 109863, overlap = 31.125
PHY-3002 : Step(24): len = 108746, overlap = 31.4062
PHY-3002 : Step(25): len = 107907, overlap = 35.7188
PHY-3002 : Step(26): len = 106197, overlap = 28.6875
PHY-3002 : Step(27): len = 105176, overlap = 33.625
PHY-3002 : Step(28): len = 101790, overlap = 36
PHY-3002 : Step(29): len = 100796, overlap = 39.7188
PHY-3002 : Step(30): len = 100241, overlap = 32.75
PHY-3002 : Step(31): len = 100213, overlap = 33.75
PHY-3002 : Step(32): len = 100234, overlap = 33.5
PHY-3001 : :::2::: Try harder cell spreading with beta_ = 9.78817e-05
PHY-3002 : Step(33): len = 100980, overlap = 31.2188
PHY-3002 : Step(34): len = 101059, overlap = 30.9688
PHY-3002 : Step(35): len = 101092, overlap = 30.9688
PHY-3001 : :::3::: Try harder cell spreading with beta_ = 0.000195763
PHY-3002 : Step(36): len = 101757, overlap = 31.0625
PHY-3002 : Step(37): len = 101820, overlap = 31.0625
PHY-3002 : Step(38): len = 102345, overlap = 28.7812
PHY-3001 : Legalization ...
PHY-3001 : End legalization;  0.017023s wall, 0.031250s user + 0.031250s system = 0.062500s CPU (367.1%)

PHY-3001 : Run with size of 4
PHY-3001 : Cell area utilization is 16%
PHY-3001 : Update timing in Manhattan mode ...
TMR-2503 : Start to update net delay, extr mode = 3.
TMR-2504 : Update delay of 3972 nets completely.
TMR-2502 : Annotate delay completely, extr mode = 3.
TMR-3501 : Forward propagation: start to calculate arrival time...
TMR-3502 : Backward propagation: start to calculate required time...
TMR-3503 : Timing propagation completes.
PHY-3001 : End timing update;  0.082554s wall, 0.093750s user + 0.000000s system = 0.093750s CPU (113.6%)

PHY-3001 : :::0::: Try harder cell spreading with beta_ = 6.11009e-06
PHY-3002 : Step(39): len = 101084, overlap = 73.0625
PHY-3002 : Step(40): len = 100550, overlap = 70.8125
PHY-3002 : Step(41): len = 96759, overlap = 68.75
PHY-3002 : Step(42): len = 96678.2, overlap = 68.9062
PHY-3002 : Step(43): len = 94678.8, overlap = 71.9062
PHY-3002 : Step(44): len = 94545.2, overlap = 72.25
PHY-3002 : Step(45): len = 92744.1, overlap = 74.7812
PHY-3002 : Step(46): len = 92644.2, overlap = 74.8438
PHY-3002 : Step(47): len = 90967.2, overlap = 80.75
PHY-3002 : Step(48): len = 91166.5, overlap = 81.0938
PHY-3002 : Step(49): len = 90393.4, overlap = 86.2188
PHY-3002 : Step(50): len = 88229.8, overlap = 90.4375
PHY-3002 : Step(51): len = 88296.7, overlap = 90.875
PHY-3002 : Step(52): len = 87620.1, overlap = 87.625
PHY-3002 : Step(53): len = 87586.3, overlap = 85.75
PHY-3002 : Step(54): len = 86626.7, overlap = 86.5
PHY-3002 : Step(55): len = 86403, overlap = 87.25
PHY-3002 : Step(56): len = 84061, overlap = 88.4062
PHY-3002 : Step(57): len = 83754.1, overlap = 89.7188
PHY-3002 : Step(58): len = 83247.9, overlap = 89.125
PHY-3001 : :::1::: Try harder cell spreading with beta_ = 1.22202e-05
PHY-3002 : Step(59): len = 82620.6, overlap = 89.8438
PHY-3002 : Step(60): len = 82625.4, overlap = 86.8438
PHY-3002 : Step(61): len = 82625.4, overlap = 86.8438
PHY-3001 : :::2::: Try harder cell spreading with beta_ = 2.44404e-05
PHY-3002 : Step(62): len = 83361.8, overlap = 85.875
PHY-3002 : Step(63): len = 83361.8, overlap = 85.875
PHY-3002 : Step(64): len = 83273, overlap = 85.8438
PHY-3001 : Run with size of 2
PHY-3001 : Cell area utilization is 16%
PHY-3001 : Update timing in Manhattan mode ...
TMR-2503 : Start to update net delay, extr mode = 3.
TMR-2504 : Update delay of 3972 nets completely.
TMR-2502 : Annotate delay completely, extr mode = 3.
TMR-3501 : Forward propagation: start to calculate arrival time...
TMR-3502 : Backward propagation: start to calculate required time...
TMR-3503 : Timing propagation completes.
PHY-3001 : End timing update;  0.075061s wall, 0.062500s user + 0.000000s system = 0.062500s CPU (83.3%)

PHY-3001 : :::0::: Try harder cell spreading with beta_ = 9.87236e-06
PHY-3002 : Step(65): len = 84832.1, overlap = 209.25
PHY-3002 : Step(66): len = 85055.2, overlap = 208.938
PHY-3002 : Step(67): len = 85524.6, overlap = 200.156
PHY-3002 : Step(68): len = 85759.2, overlap = 199.156
PHY-3002 : Step(69): len = 86094.4, overlap = 196.719
PHY-3001 : :::1::: Try harder cell spreading with beta_ = 1.97447e-05
PHY-3002 : Step(70): len = 86383.1, overlap = 187.594
PHY-3002 : Step(71): len = 86559.7, overlap = 185.969
PHY-3002 : Step(72): len = 87735.1, overlap = 177.812
PHY-3001 : :::2::: Try harder cell spreading with beta_ = 3.94894e-05
PHY-3002 : Step(73): len = 89367.9, overlap = 175.156
PHY-3002 : Step(74): len = 89946.6, overlap = 174.094
PHY-3002 : Step(75): len = 94480.7, overlap = 157.281
PHY-3002 : Step(76): len = 95881.1, overlap = 149.125
PHY-3002 : Step(77): len = 93670.3, overlap = 147.812
PHY-3002 : Step(78): len = 93321.4, overlap = 145.281
PHY-3002 : Step(79): len = 91896.6, overlap = 140.406
PHY-3002 : Step(80): len = 91453.5, overlap = 135.188
PHY-3002 : Step(81): len = 91453.5, overlap = 135.188
PHY-3002 : Step(82): len = 91250.7, overlap = 132.688
PHY-3001 : :::3::: Try harder cell spreading with beta_ = 7.89789e-05
PHY-3002 : Step(83): len = 93145.9, overlap = 124.406
PHY-3002 : Step(84): len = 93311.5, overlap = 123.531
PHY-3002 : Step(85): len = 94625.3, overlap = 119.406
PHY-3001 : :::4::: Try harder cell spreading with beta_ = 0.000157958
PHY-3002 : Step(86): len = 94974.1, overlap = 113.562
PHY-3002 : Step(87): len = 95216.3, overlap = 110.062
PHY-3002 : Step(88): len = 96178, overlap = 104
PHY-3001 : :::5::: Try harder cell spreading with beta_ = 0.000315915
PHY-3002 : Step(89): len = 96976.5, overlap = 105.625
PHY-3002 : Step(90): len = 97472.3, overlap = 104.906
PHY-3002 : Step(91): len = 97972.4, overlap = 102.312
PHY-3001 : :::6::: Try harder cell spreading with beta_ = 0.000631831
PHY-3002 : Step(92): len = 98402.9, overlap = 104.938
PHY-3002 : Step(93): len = 98680.2, overlap = 104.062
PHY-3002 : Step(94): len = 98931.9, overlap = 99.5312
PHY-3001 : :::7::: Try harder cell spreading with beta_ = 0.00126366
PHY-3002 : Step(95): len = 99390, overlap = 96.7188
PHY-3002 : Step(96): len = 99638.4, overlap = 92.5312
PHY-3001 : :::8::: Try harder cell spreading with beta_ = 0.00211685
PHY-3002 : Step(97): len = 99855.5, overlap = 92.4688
PHY-3002 : Step(98): len = 100152, overlap = 89.6875
PHY-3001 : :::9::: Try harder cell spreading with beta_ = 0.00342507
PHY-3002 : Step(99): len = 100529, overlap = 89.5312
PHY-3002 : Step(100): len = 100686, overlap = 89.5312
PHY-3002 : Step(101): len = 100734, overlap = 87.4062
PHY-3001 : :::10::: Try harder cell spreading with beta_ = 0.00685013
PHY-3002 : Step(102): len = 100836, overlap = 87
PHY-3002 : Step(103): len = 101031, overlap = 88.1875
OPT-1001 : Start physical optimization ...
RUN-1002 : start command "start_timer -report"
TMR-2505 : Start building timing graph for model test_camera.
TMR-2506 : Build timing graph completely. Port num: 19, tpin num: 15380, tnet num: 3972, tinst num: 3348, tnode num: 19484, tedge num: 24820.
TMR-2508 : Levelizing timing graph completed, there are 31 levels in total.
TMR-2501 : Timing graph initialized successfully.
OPT-1001 : Total overflow 254.06 peak overflow 4.38
OPT-1001 : Start high-fanout net optimization ...
OPT-1001 : Update timing in global mode
PHY-1001 : Start incremental global routing, caller is place ...
RUN-1001 : Generating global routing grids ...
RUN-1001 : Building simple global routing graph ...
PHY-1001 : Generate routing nets ...
PHY-1001 : Reuse net number 0/3974.
PHY-1001 : Global iterations in 16 thread ...
PHY-1002 : len = 115040, over cnt = 459(1%), over = 1820, worst = 24
PHY-1001 : End global iterations;  0.236053s wall, 0.343750s user + 0.046875s system = 0.390625s CPU (165.5%)

PHY-1001 : Congestion index: top1 = 42.89, top5 = 31.01, top10 = 24.03, top15 = 19.53.
PHY-1001 : End incremental global routing;  0.315144s wall, 0.406250s user + 0.062500s system = 0.468750s CPU (148.7%)

TMR-2503 : Start to update net delay, extr mode = 5.
TMR-2504 : Update delay of 3972 nets completely.
TMR-2502 : Annotate delay completely, extr mode = 5.
TMR-3001 : Initiate 0 clocks from SDC.
TMR-3004 : Map sdc constraints, there are 2 constraints in total.
TMR-3003 : Constraints initiated successfully.
TMR-3501 : Forward propagation: start to calculate arrival time...
TMR-3502 : Backward propagation: start to calculate required time...
TMR-3503 : Timing propagation completes.
OPT-1001 : End timing update;  0.097131s wall, 0.093750s user + 0.000000s system = 0.093750s CPU (96.5%)

OPT-1001 : 0 high-fanout net processed.
OPT-1001 : End high-fanout net optimization;  0.478131s wall, 0.562500s user + 0.062500s system = 0.625000s CPU (130.7%)

OPT-1001 : Current memory(MB): used = 222, reserve = 200, peak = 222.
OPT-1001 : Start global optimization ...
OPT-1001 : Start congestion update ...
RUN-1001 : Generating global routing grids ...
PHY-1001 : Generate routing nets ...
PHY-1001 : Reuse net number 2881/3974.
PHY-1001 : Global iterations in 16 thread ...
PHY-1002 : len = 115040, over cnt = 459(1%), over = 1820, worst = 24
PHY-1002 : len = 126176, over cnt = 290(0%), over = 758, worst = 19
PHY-1002 : len = 133792, over cnt = 85(0%), over = 126, worst = 10
PHY-1002 : len = 135136, over cnt = 25(0%), over = 28, worst = 3
PHY-1002 : len = 135680, over cnt = 0(0%), over = 0, worst = 0
PHY-1001 : End global iterations;  0.273122s wall, 0.375000s user + 0.000000s system = 0.375000s CPU (137.3%)

PHY-1001 : Congestion index: top1 = 38.36, top5 = 29.59, top10 = 24.39, top15 = 20.62.
OPT-1001 : End congestion update;  0.345174s wall, 0.453125s user + 0.000000s system = 0.453125s CPU (131.3%)

OPT-1001 : Update timing in Manhattan mode
TMR-2503 : Start to update net delay, extr mode = 3.
TMR-2504 : Update delay of 3972 nets completely.
TMR-2502 : Annotate delay completely, extr mode = 3.
TMR-3501 : Forward propagation: start to calculate arrival time...
TMR-3502 : Backward propagation: start to calculate required time...
TMR-3503 : Timing propagation completes.
OPT-1001 : End timing update;  0.072833s wall, 0.062500s user + 0.000000s system = 0.062500s CPU (85.8%)

OPT-0007 : Start: WNS 4420 TNS 0 NUM_FEPS 0
OPT-1001 : End global optimization;  0.418145s wall, 0.515625s user + 0.000000s system = 0.515625s CPU (123.3%)

OPT-1001 : Current memory(MB): used = 225, reserve = 204, peak = 225.
OPT-1001 : End physical optimization;  1.863864s wall, 2.046875s user + 0.062500s system = 2.109375s CPU (113.2%)

PHY-3001 : Start packing ...
SYN-4007 : Packing 0 MUX to BLE ...
SYN-4008 : Packed 0 MUX and 0 SEQ to BLE.
SYN-4007 : Packing 1362 LUT to BLE ...
SYN-4008 : Packed 1362 LUT and 593 SEQ to BLE.
SYN-4003 : Packing 659 remaining SEQ's ...
SYN-4005 : Packed 343 SEQ with LUT/SLICE
SYN-4006 : 530 single LUT's are left
SYN-4006 : 316 single SEQ's are left
SYN-4011 : Packing model "test_camera" (AL_USER_NORMAL) with 1678/3030 primitive instances ...
PHY-3001 : End packing;  0.148338s wall, 0.156250s user + 0.000000s system = 0.156250s CPU (105.3%)

PHY-1001 : Populate physical database on model test_camera.
RUN-1001 : There are total 1679 instances
RUN-1001 : 763 mslices, 763 lslices, 132 pads, 8 brams, 4 dsps
RUN-1001 : There are total 3434 nets
RUN-6004 WARNING: There are 3 nets with only 1 pin.
RUN-1001 : 2182 nets have 2 pins
RUN-1001 : 767 nets have [3 - 5] pins
RUN-1001 : 387 nets have [6 - 10] pins
RUN-1001 : 53 nets have [11 - 20] pins
RUN-1001 : 37 nets have [21 - 99] pins
RUN-1001 : 5 nets have 100+ pins
PHY-3001 : design contains 1677 instances, 1526 slices, 116 macros(583 instances: 412 mslices 171 lslices)
PHY-3001 : Cell area utilization is 19%
PHY-3001 : After packing: Len = 102875, Over = 115.75
PHY-3001 : Run with size of 2
PHY-3001 : Cell area utilization is 19%
PHY-3001 : Update timing in Manhattan mode ...
RUN-1002 : start command "start_timer -report"
TMR-2505 : Start building timing graph for model test_camera.
TMR-2506 : Build timing graph completely. Port num: 19, tpin num: 13381, tnet num: 3432, tinst num: 1677, tnode num: 16343, tedge num: 22525.
TMR-2508 : Levelizing timing graph completed, there are 29 levels in total.
TMR-2501 : Timing graph initialized successfully.
TMR-2503 : Start to update net delay, extr mode = 3.
TMR-2504 : Update delay of 3432 nets completely.
TMR-2502 : Annotate delay completely, extr mode = 3.
TMR-3001 : Initiate 0 clocks from SDC.
TMR-3004 : Map sdc constraints, there are 2 constraints in total.
TMR-3003 : Constraints initiated successfully.
TMR-3501 : Forward propagation: start to calculate arrival time...
TMR-3502 : Backward propagation: start to calculate required time...
TMR-3503 : Timing propagation completes.
PHY-3001 : End timing update;  1.070070s wall, 1.062500s user + 0.000000s system = 1.062500s CPU (99.3%)

PHY-3001 : :::0::: Try harder cell spreading with beta_ = 2.34752e-05
PHY-3002 : Step(104): len = 100809, overlap = 115.25
PHY-3002 : Step(105): len = 100279, overlap = 116.5
PHY-3002 : Step(106): len = 98703.3, overlap = 121.25
PHY-3002 : Step(107): len = 97023, overlap = 123
PHY-3002 : Step(108): len = 96506.5, overlap = 122.5
PHY-3002 : Step(109): len = 95869.9, overlap = 124.5
PHY-3001 : :::1::: Try harder cell spreading with beta_ = 4.69504e-05
PHY-3002 : Step(110): len = 97054.5, overlap = 122.5
PHY-3002 : Step(111): len = 97686.8, overlap = 122.25
PHY-3002 : Step(112): len = 98953.3, overlap = 118
PHY-3001 : :::2::: Try harder cell spreading with beta_ = 9.39008e-05
PHY-3002 : Step(113): len = 101214, overlap = 114
PHY-3002 : Step(114): len = 102190, overlap = 113.75
PHY-3002 : Step(115): len = 104070, overlap = 110.75
PHY-3002 : Step(116): len = 103059, overlap = 110.5
PHY-3002 : Step(117): len = 103059, overlap = 110.5
PHY-3002 : Step(118): len = 102677, overlap = 110
PHY-3001 : Legalization ...
PHY-3001 : End legalization;  0.216241s wall, 0.156250s user + 0.406250s system = 0.562500s CPU (260.1%)

PHY-3001 : Trial Legalized: Len = 132849
PHY-3001 : Run with size of 2
PHY-3001 : Cell area utilization is 19%
PHY-3001 : Update timing in Manhattan mode ...
TMR-2503 : Start to update net delay, extr mode = 3.
TMR-2504 : Update delay of 3432 nets completely.
TMR-2502 : Annotate delay completely, extr mode = 3.
TMR-3501 : Forward propagation: start to calculate arrival time...
TMR-3502 : Backward propagation: start to calculate required time...
TMR-3503 : Timing propagation completes.
PHY-3001 : End timing update;  0.075210s wall, 0.062500s user + 0.000000s system = 0.062500s CPU (83.1%)

PHY-3001 : :::0::: Try harder cell spreading with beta_ = 0.000217289
PHY-3002 : Step(119): len = 122278, overlap = 12.5
PHY-3002 : Step(120): len = 116750, overlap = 25.75
PHY-3002 : Step(121): len = 113976, overlap = 31.75
PHY-3002 : Step(122): len = 113100, overlap = 37.75
PHY-3002 : Step(123): len = 112314, overlap = 44.75
PHY-3002 : Step(124): len = 111868, overlap = 46.5
PHY-3002 : Step(125): len = 111801, overlap = 46.25
PHY-3001 : :::1::: Try harder cell spreading with beta_ = 0.000434579
PHY-3002 : Step(126): len = 112377, overlap = 46
PHY-3002 : Step(127): len = 112503, overlap = 45.25
PHY-3001 : :::2::: Try harder cell spreading with beta_ = 0.000869157
PHY-3002 : Step(128): len = 112774, overlap = 44.75
PHY-3002 : Step(129): len = 113045, overlap = 44
PHY-3001 : Legalization ...
PHY-3001 : End legalization;  0.006512s wall, 0.000000s user + 0.000000s system = 0.000000s CPU (n/a%)

PHY-3001 : Legalized: Len = 122337, Over = 0
PHY-3001 : Spreading special nets. 36 overflows in 2952 tiles.
PHY-3001 : End spreading;  0.013986s wall, 0.015625s user + 0.000000s system = 0.015625s CPU (111.7%)

PHY-3001 : 49 instances has been re-located, deltaX = 29, deltaY = 25, maxDist = 2.
PHY-3001 : Final: Len = 123165, Over = 0
OPT-1001 : Start physical optimization ...
RUN-1002 : start command "start_timer -report"
TMR-2505 : Start building timing graph for model test_camera.
TMR-2506 : Build timing graph completely. Port num: 19, tpin num: 13381, tnet num: 3432, tinst num: 1677, tnode num: 16343, tedge num: 22525.
TMR-2508 : Levelizing timing graph completed, there are 29 levels in total.
TMR-2501 : Timing graph initialized successfully.
RUN-1003 : finish command "start_timer -report" in  1.011259s wall, 1.000000s user + 0.000000s system = 1.000000s CPU (98.9%)

RUN-1004 : used memory is 226 MB, reserved memory is 207 MB, peak memory is 230 MB
OPT-1001 : Total overflow 0.00 peak overflow 0.00
OPT-1001 : Start high-fanout net optimization ...
OPT-1001 : Update timing in global mode
PHY-1001 : Start incremental global routing, caller is place ...
RUN-1001 : Generating global routing grids ...
PHY-1001 : Generate routing nets ...
PHY-1001 : Reuse net number 128/3434.
PHY-1001 : Global iterations in 16 thread ...
PHY-1002 : len = 145392, over cnt = 355(1%), over = 626, worst = 7
PHY-1002 : len = 148656, over cnt = 188(0%), over = 254, worst = 5
PHY-1002 : len = 150416, over cnt = 70(0%), over = 98, worst = 4
PHY-1002 : len = 151552, over cnt = 15(0%), over = 18, worst = 3
PHY-1002 : len = 151824, over cnt = 0(0%), over = 0, worst = 0
PHY-1001 : End global iterations;  0.455446s wall, 0.593750s user + 0.046875s system = 0.640625s CPU (140.7%)

PHY-1001 : Congestion index: top1 = 33.38, top5 = 27.26, top10 = 23.62, top15 = 20.97.
PHY-1001 : End incremental global routing;  0.548845s wall, 0.687500s user + 0.046875s system = 0.734375s CPU (133.8%)

TMR-2503 : Start to update net delay, extr mode = 5.
TMR-2504 : Update delay of 3432 nets completely.
TMR-2502 : Annotate delay completely, extr mode = 5.
TMR-3001 : Initiate 0 clocks from SDC.
TMR-3004 : Map sdc constraints, there are 2 constraints in total.
TMR-3003 : Constraints initiated successfully.
TMR-3501 : Forward propagation: start to calculate arrival time...
TMR-3502 : Backward propagation: start to calculate required time...
TMR-3503 : Timing propagation completes.
OPT-1001 : End timing update;  0.101623s wall, 0.093750s user + 0.000000s system = 0.093750s CPU (92.3%)

OPT-1001 : 0 high-fanout net processed.
OPT-1001 : End high-fanout net optimization;  0.716341s wall, 0.843750s user + 0.046875s system = 0.890625s CPU (124.3%)

OPT-1001 : Current memory(MB): used = 231, reserve = 210, peak = 231.
OPT-1001 : Start path based optimization ...
OPT-1001 : Start congestion update ...
RUN-1001 : Generating global routing grids ...
PHY-1001 : Generate routing nets ...
PHY-1001 : Reuse net number 2901/3434.
PHY-1001 : Global iterations in 16 thread ...
PHY-1002 : len = 151824, over cnt = 0(0%), over = 0, worst = 0
PHY-1001 : End global iterations;  0.017909s wall, 0.015625s user + 0.000000s system = 0.015625s CPU (87.2%)

PHY-1001 : Congestion index: top1 = 33.38, top5 = 27.26, top10 = 23.62, top15 = 20.97.
OPT-1001 : End congestion update;  0.096353s wall, 0.109375s user + 0.000000s system = 0.109375s CPU (113.5%)

OPT-1001 : Update timing in Manhattan mode
TMR-2503 : Start to update net delay, extr mode = 3.
TMR-2504 : Update delay of 3432 nets completely.
TMR-2502 : Annotate delay completely, extr mode = 3.
TMR-3501 : Forward propagation: start to calculate arrival time...
TMR-3502 : Backward propagation: start to calculate required time...
TMR-3503 : Timing propagation completes.
OPT-1001 : End timing update;  0.065621s wall, 0.062500s user + 0.000000s system = 0.062500s CPU (95.2%)

OPT-0007 : Start: WNS 4345 TNS 0 NUM_FEPS 0
OPT-1001 : End path based optimization;  0.162136s wall, 0.171875s user + 0.000000s system = 0.171875s CPU (106.0%)

OPT-1001 : Current memory(MB): used = 233, reserve = 212, peak = 233.
OPT-1001 : Update timing in Manhattan mode
TMR-2503 : Start to update net delay, extr mode = 3.
TMR-2504 : Update delay of 3432 nets completely.
TMR-2502 : Annotate delay completely, extr mode = 3.
TMR-3501 : Forward propagation: start to calculate arrival time...
TMR-3502 : Backward propagation: start to calculate required time...
TMR-3503 : Timing propagation completes.
OPT-1001 : End timing update;  0.065006s wall, 0.062500s user + 0.000000s system = 0.062500s CPU (96.1%)

OPT-1001 : Start pin optimization...
OPT-1001 : skip pin optimization...
OPT-1001 : Update timing in global mode
PHY-1001 : Start incremental global routing, caller is place ...
RUN-1001 : Generating global routing grids ...
PHY-1001 : Generate routing nets ...
PHY-1001 : Reuse net number 2901/3434.
PHY-1001 : Global iterations in 16 thread ...
PHY-1002 : len = 151824, over cnt = 0(0%), over = 0, worst = 0
PHY-1001 : End global iterations;  0.018892s wall, 0.015625s user + 0.000000s system = 0.015625s CPU (82.7%)

PHY-1001 : Congestion index: top1 = 33.38, top5 = 27.26, top10 = 23.62, top15 = 20.97.
PHY-1001 : End incremental global routing;  0.097501s wall, 0.093750s user + 0.000000s system = 0.093750s CPU (96.2%)

TMR-2503 : Start to update net delay, extr mode = 5.
TMR-2504 : Update delay of 3432 nets completely.
TMR-2502 : Annotate delay completely, extr mode = 5.
TMR-3501 : Forward propagation: start to calculate arrival time...
TMR-3502 : Backward propagation: start to calculate required time...
TMR-3503 : Timing propagation completes.
OPT-1001 : End timing update;  0.085401s wall, 0.093750s user + 0.000000s system = 0.093750s CPU (109.8%)

RUN-1001 : Generating global routing grids ...
PHY-1001 : Generate routing nets ...
PHY-1001 : Reuse net number 2901/3434.
PHY-1001 : Global iterations in 16 thread ...
PHY-1002 : len = 151824, over cnt = 0(0%), over = 0, worst = 0
PHY-1001 : End global iterations;  0.018855s wall, 0.015625s user + 0.000000s system = 0.015625s CPU (82.9%)

PHY-1001 : Congestion index: top1 = 33.38, top5 = 27.26, top10 = 23.62, top15 = 20.97.
OPT-1001 : Update timing in Manhattan mode
TMR-2503 : Start to update net delay, extr mode = 3.
TMR-2504 : Update delay of 3432 nets completely.
TMR-2502 : Annotate delay completely, extr mode = 3.
TMR-3501 : Forward propagation: start to calculate arrival time...
TMR-3502 : Backward propagation: start to calculate required time...
TMR-3503 : Timing propagation completes.
OPT-1001 : End timing update;  0.069142s wall, 0.062500s user + 0.000000s system = 0.062500s CPU (90.4%)

RUN-1001 : QoR Analysis:
OPT-0007 :   WNS 4345 TNS 0 NUM_FEPS 0
RUN-1001 :   No local congestion issue, and most congested 1% tile average routing util is 32.862069
RUN-1001 :   Top critical paths
OPT-1001 : End physical optimization;  2.344201s wall, 2.515625s user + 0.078125s system = 2.593750s CPU (110.6%)

RUN-1003 : finish command "place" in  11.419570s wall, 15.187500s user + 5.015625s system = 20.203125s CPU (176.9%)

RUN-1004 : used memory is 210 MB, reserved memory is 189 MB, peak memory is 234 MB
RUN-1002 : start command "export_db ov2640_sdram_place.db"
RUN-1001 : Exported /
RUN-1001 : Exported flow parameters
RUN-1001 : Exported libs
RUN-1001 : Exported entities
RUN-1001 : Exported ports
RUN-1001 : Exported pins
RUN-1001 : Exported instances
RUN-1001 : Exported nets
RUN-1001 : Exported buses
RUN-1001 : Exported models
RUN-1001 : Exported congestions
RUN-1001 : Exported violations
RUN-1001 : Exported timing constraints
RUN-1001 : Exported IO constraints
RUN-1001 : Exported Inst constraints
RUN-1002 : start command "route"
RUN-1001 : Open license file C:/Anlogic/TD5.6.59063/license/Anlogic.lic
RUN-1001 : Print Global Property
RUN-1001 : ---------------------------------------------------------------
RUN-1001 :        Parameters        |  Settings  |  Default Values  |  Note  
RUN-1001 : ---------------------------------------------------------------
RUN-1001 :          message         |  standard  |     standard     |        
RUN-1001 :   mixed_pack_place_flow  |     on     |        on        |        
RUN-1001 :        qor_monitor       |    off     |       off        |        
RUN-1001 :        syn_ip_flow       |    off     |       off        |        
RUN-1001 :          thread          |    auto    |       auto       |        
RUN-1001 : ---------------------------------------------------------------
RUN-1001 : Print Route Property
RUN-1001 : -------------------------------------------------------
RUN-1001 :    Parameters    |  Settings  |  Default Values  |  Note  
RUN-1001 : -------------------------------------------------------
RUN-1001 :      effort      |   medium   |      medium      |        
RUN-1001 :     fix_hold     |    off     |       off        |        
RUN-1001 :    opt_timing    |   medium   |      medium      |        
RUN-1001 :   phy_sim_model  |    off     |       off        |        
RUN-1001 :     priority     |   timing   |      timing      |        
RUN-1001 :     swap_pin     |     on     |        on        |        
RUN-1001 : -------------------------------------------------------
PHY-1001 : Route runs in 16 thread(s)
RUN-1001 : There are total 1679 instances
RUN-1001 : 763 mslices, 763 lslices, 132 pads, 8 brams, 4 dsps
RUN-1001 : There are total 3434 nets
RUN-6004 WARNING: There are 3 nets with only 1 pin.
RUN-1001 : 2182 nets have 2 pins
RUN-1001 : 767 nets have [3 - 5] pins
RUN-1001 : 387 nets have [6 - 10] pins
RUN-1001 : 53 nets have [11 - 20] pins
RUN-1001 : 37 nets have [21 - 99] pins
RUN-1001 : 5 nets have 100+ pins
RUN-1002 : start command "start_timer -report"
TMR-2505 : Start building timing graph for model test_camera.
TMR-2506 : Build timing graph completely. Port num: 19, tpin num: 13381, tnet num: 3432, tinst num: 1677, tnode num: 16343, tedge num: 22525.
TMR-2508 : Levelizing timing graph completed, there are 29 levels in total.
TMR-2501 : Timing graph initialized successfully.
RUN-1003 : finish command "start_timer -report" in  1.002001s wall, 1.015625s user + 0.000000s system = 1.015625s CPU (101.4%)

RUN-1004 : used memory is 228 MB, reserved memory is 207 MB, peak memory is 259 MB
PHY-1001 : 763 mslices, 763 lslices, 132 pads, 8 brams, 4 dsps
TMR-2503 : Start to update net delay, extr mode = 3.
TMR-2504 : Update delay of 3432 nets completely.
TMR-2502 : Annotate delay completely, extr mode = 3.
TMR-3001 : Initiate 0 clocks from SDC.
TMR-3004 : Map sdc constraints, there are 2 constraints in total.
TMR-3003 : Constraints initiated successfully.
TMR-3501 : Forward propagation: start to calculate arrival time...
TMR-3502 : Backward propagation: start to calculate required time...
TMR-3503 : Timing propagation completes.
PHY-1001 : Start global routing, caller is route ...
RUN-1001 : Generating global routing grids ...
PHY-1001 : Generate routing nets ...
PHY-1001 : Global iterations in 16 thread ...
PHY-1002 : len = 143792, over cnt = 360(1%), over = 642, worst = 6
PHY-1002 : len = 147136, over cnt = 194(0%), over = 264, worst = 5
PHY-1002 : len = 149096, over cnt = 73(0%), over = 100, worst = 4
PHY-1002 : len = 150552, over cnt = 0(0%), over = 0, worst = 0
PHY-1001 : End global iterations;  0.431720s wall, 0.531250s user + 0.062500s system = 0.593750s CPU (137.5%)

PHY-1001 : Congestion index: top1 = 33.12, top5 = 27.16, top10 = 23.58, top15 = 20.89.
PHY-1001 : End global routing;  0.521486s wall, 0.625000s user + 0.062500s system = 0.687500s CPU (131.8%)

PHY-1001 : Start detail routing ...
PHY-1001 : Current memory(MB): used = 261, reserve = 240, peak = 267.
PHY-1001 : Detailed router is running in normal mode.
PHY-1001 : Generate detailed routing grids ...
PHY-1001 : Generate nets ...
PHY-1001 : net cam_pclk_dup_4 will be routed on clock mesh
PHY-1001 : net clk_24m_dup_1 will be routed on clock mesh
PHY-1001 : net clk_cam will be routed on clock mesh
PHY-1001 : net vga_clk_dup_1 will be routed on clock mesh
PHY-1001 : clock net u_image_select/mode[3]_syn_103 will be merged with clock u_image_select/mode[3]_syn_22
PHY-1001 : clock net Sdram_Control_4Port/CTRL_CLK will be merged with clock u_pll/clk0_buf
PHY-1001 : net Sdram_Control_4Port/SDRAM_CLK will be routed on clock mesh
PHY-1001 : clock net u_camera_init/divider2[8]_syn_4 will be merged with clock u_camera_init/divider2[8]
PHY-1001 : clock net u_camera_init/divider2[7]_syn_2 will be merged with clock u_camera_init/divider2[7]
PHY-1001 : net u_camera_init/u_i2c_write/clk will be routed on clock mesh
PHY-5010 WARNING: Net u_image_process/out_img_imy[1] is skipped due to 0 input or output
PHY-5010 WARNING: Net u_image_process/out_img_imy[0] is skipped due to 0 input or output
PHY-1001 : clock net u_image_process/wrreq_syn_2 will be merged with clock u_image_process/wrreq
PHY-5010 WARNING: Net u_image_process/u_RGBYCbCr/pre_frame_vsync_d[2] is skipped due to 0 input or output
PHY-5010 WARNING: Net u_image_process/out_img_imy[1] is skipped due to 0 input or output
PHY-5010 WARNING: Net u_image_process/out_img_imy[0] is skipped due to 0 input or output
PHY-5010 WARNING: Net u_image_process/u_RGBYCbCr/pre_frame_vsync_d[2] is skipped due to 0 input or output
PHY-1001 : Current memory(MB): used = 521, reserve = 504, peak = 521.
PHY-1001 : End build detailed router design. 3.985442s wall, 3.921875s user + 0.062500s system = 3.984375s CPU (100.0%)

PHY-1001 : Detail Route ...
PHY-1001 : ===== Detail Route Phase 1 =====
PHY-1001 : Clock net routing.....
PHY-1001 : Routed 0% nets.
PHY-1022 : len = 43904, over cnt = 0(0%), over = 0, worst = 0, crit = 0
PHY-1001 : End initial clock net routed; 4.755219s wall, 4.734375s user + 0.015625s system = 4.750000s CPU (99.9%)

PHY-1001 : Current memory(MB): used = 553, reserve = 538, peak = 553.
PHY-1001 : End phase 1; 4.762125s wall, 4.750000s user + 0.015625s system = 4.765625s CPU (100.1%)

PHY-1001 : ===== Detail Route Phase 2 =====
PHY-1001 : Initial routing.....
PHY-1001 : Routed 18% nets.
PHY-1001 : Routed 21% nets.
PHY-1001 : Routed 23% nets.
PHY-1001 : Routed 28% nets.
PHY-1001 : Routed 36% nets.
PHY-1001 : Patch 1630 net; 1.767972s wall, 1.750000s user + 0.015625s system = 1.765625s CPU (99.9%)

PHY-1022 : len = 350520, over cnt = 156(0%), over = 156, worst = 1, crit = 0
PHY-1001 : Current memory(MB): used = 556, reserve = 540, peak = 556.
PHY-1001 : End initial routed; 5.002753s wall, 6.296875s user + 0.031250s system = 6.328125s CPU (126.5%)

PHY-1001 : Update timing.....
PHY-1001 : 0/2895(0%) critical/total net(s).
RUN-1001 : ------------------------------------------
RUN-1001 :   Type   |    WNS(ns)    |  TNS(ns)  |  FEP  
RUN-1001 : ------------------------------------------
RUN-1001 :   Setup  |     3.846     |   0.000   |   0   
RUN-1001 :   Hold   |  2147483.647  |   0.000   |   0   
RUN-1001 : ------------------------------------------
PHY-1001 : End update timing; 1.184756s wall, 1.187500s user + 0.000000s system = 1.187500s CPU (100.2%)

PHY-1001 : Current memory(MB): used = 559, reserve = 543, peak = 559.
PHY-1001 : End phase 2; 6.187599s wall, 7.484375s user + 0.031250s system = 7.515625s CPU (121.5%)

PHY-1001 : ===== Detail Route Phase 3 =====
PHY-1001 : Optimize timing.....
PHY-1022 : len = 350520, over cnt = 156(0%), over = 156, worst = 1, crit = 0
PHY-1001 : End optimize timing; 0.014761s wall, 0.015625s user + 0.000000s system = 0.015625s CPU (105.9%)

PHY-1001 : Ripup-reroute.....
PHY-1001 : ===== DR Iter 1 =====
PHY-1022 : len = 349160, over cnt = 49(0%), over = 49, worst = 1, crit = 0
PHY-1001 : End DR Iter 1; 0.103299s wall, 0.140625s user + 0.000000s system = 0.140625s CPU (136.1%)

PHY-1001 : ===== DR Iter 2 =====
PHY-1022 : len = 349400, over cnt = 5(0%), over = 5, worst = 1, crit = 0
PHY-1001 : End DR Iter 2; 0.059435s wall, 0.062500s user + 0.000000s system = 0.062500s CPU (105.2%)

PHY-1001 : ===== DR Iter 3 =====
PHY-1022 : len = 349456, over cnt = 0(0%), over = 0, worst = 0, crit = 0
PHY-1001 : End DR Iter 3; 0.034808s wall, 0.031250s user + 0.000000s system = 0.031250s CPU (89.8%)

PHY-1001 : Update timing.....
PHY-1001 : 0/2895(0%) critical/total net(s).
RUN-1001 : ------------------------------------------
RUN-1001 :   Type   |    WNS(ns)    |  TNS(ns)  |  FEP  
RUN-1001 : ------------------------------------------
RUN-1001 :   Setup  |     3.846     |   0.000   |   0   
RUN-1001 :   Hold   |  2147483.647  |   0.000   |   0   
RUN-1001 : ------------------------------------------
PHY-1001 : End update timing; 1.170821s wall, 1.171875s user + 0.000000s system = 1.171875s CPU (100.1%)

PHY-1001 : Commit to database.....
PHY-1001 : 26 feed throughs used by 26 nets
PHY-1001 : End commit to database; 0.369669s wall, 0.359375s user + 0.015625s system = 0.375000s CPU (101.4%)

PHY-1001 : Current memory(MB): used = 577, reserve = 561, peak = 577.
PHY-1001 : End phase 3; 1.908839s wall, 1.921875s user + 0.015625s system = 1.937500s CPU (101.5%)

PHY-1003 : Routed, final wirelength = 349456
PHY-1001 : Current memory(MB): used = 578, reserve = 562, peak = 578.
PHY-1001 : End export database. 0.015878s wall, 0.015625s user + 0.000000s system = 0.015625s CPU (98.4%)

PHY-1001 : End detail routing;  17.112020s wall, 18.343750s user + 0.125000s system = 18.468750s CPU (107.9%)

RUN-1003 : finish command "route" in  18.801638s wall, 20.140625s user + 0.187500s system = 20.328125s CPU (108.1%)

RUN-1004 : used memory is 522 MB, reserved memory is 510 MB, peak memory is 578 MB
RUN-1002 : start command "report_area -io_info -file ov2640_sdram_phy.area"
RUN-1001 : standard
***Report Model: test_camera Device: EG4S20BG256***

IO Statistics
#IO                        77
  #input                   29
  #output                  47
  #inout                    1

Utilization Statistics
#lut                     2597   out of  19600   13.25%
#reg                     1255   out of  19600    6.40%
#le                      2913
  #lut only              1658   out of   2913   56.92%
  #reg only               316   out of   2913   10.85%
  #lut&reg                939   out of   2913   32.23%
#dsp                        4   out of     29   13.79%
#bram                       6   out of     64    9.38%
  #bram9k                   0
  #fifo9k                   6
#bram32k                    2   out of     16   12.50%
#pad                       77   out of    188   40.96%
  #ireg                     0
  #oreg                     0
  #treg                     0
#pll                        1   out of      4   25.00%
#gclk                      11   out of     16   68.75%

Clock Resource Statistics
Index     ClockNet                         Type               DriverType         Driver                                                         Fanout
#1        cam_pclk_dup_4                   GCLK               io                 cam_pclk_syn_5.di                                              445
#2        u_pll/clk0_buf                   GCLK               pll                u_pll/pll_inst.clkc0                                           174
#3        vga_clk_dup_1                    GCLK               pll                u_pll/pll_inst.clkc2                                           43
#4        u_camera_init/divider2[8]        GCLK               mslice             u_camera_init/reg3_syn_43.q1                                   22
#5        u_camera_init/u_i2c_write/clk    GCLK               pll                u_pll/pll_inst.clkc4                                           22
#6        u_camera_init/divider2[7]        GCLK               lslice             u_camera_init/reg3_syn_51.q0                                   17
#7        u_image_select/mode[3]_syn_22    GCLK               lslice             u_image_process/u_Median_Gray/u_three_martix/reg8_syn_29.f0    13
#8        u_image_process/wrreq            GCLK               mslice             u_camera_init/u_i2c_write/sda_n1_syn_122.f0                    9
#9        clk_24m_dup_1                    GCLK               io                 clk_24m_syn_2.di                                               7
#10       Sdram_Control_4Port/SDRAM_CLK    GCLK               pll                u_pll/pll_inst.clkc1                                           0
#11       clk_cam                          GCLK               pll                u_pll/pll_inst.clkc3                                           0


Detailed IO Report

     Name        Direction    Location    IOStandard    DriveStrength    PullType    PackReg  
   Switch[5]       INPUT         P6        LVCMOS25          N/A          PULLUP      NONE    
   Switch[4]       INPUT         M6        LVCMOS25          N/A          PULLUP      NONE    
   Switch[3]       INPUT         T6        LVCMOS25          N/A          PULLUP      NONE    
   Switch[2]       INPUT         T5        LVCMOS25          N/A          PULLUP      NONE    
   Switch[1]       INPUT         R5        LVCMOS25          N/A          PULLUP      NONE    
   Switch[0]       INPUT         T4        LVCMOS25          N/A          PULLUP      NONE    
  cam_data[7]      INPUT        H13        LVCMOS33          N/A          PULLUP      NONE    
  cam_data[6]      INPUT        G16        LVCMOS33          N/A          PULLUP      NONE    
  cam_data[5]      INPUT        H16        LVCMOS33          N/A          PULLUP      NONE    
  cam_data[4]      INPUT        G14        LVCMOS33          N/A          PULLUP      NONE    
  cam_data[3]      INPUT        K15        LVCMOS33          N/A          PULLUP      NONE    
  cam_data[2]      INPUT        K16        LVCMOS33          N/A          PULLUP      NONE    
  cam_data[1]      INPUT        J16        LVCMOS33          N/A          PULLUP      NONE    
  cam_data[0]      INPUT        H15        LVCMOS33          N/A          PULLUP      NONE    
   cam_href        INPUT        F15        LVCMOS33          N/A          PULLUP      NONE    
   cam_pclk        INPUT        K12        LVCMOS33          N/A          PULLUP      NONE    
   cam_vsync       INPUT        E15        LVCMOS33          N/A          PULLUP      NONE    
    clk_24m        INPUT        K14        LVCMOS33          N/A          PULLUP      NONE    
     rst_n         INPUT        G11        LVCMOS33          N/A          PULLUP      NONE    
    Led[15]       OUTPUT        T13        LVCMOS25           8            NONE       NONE    
    Led[14]       OUTPUT        T12        LVCMOS25           8            NONE       NONE    
    Led[13]       OUTPUT        R12        LVCMOS25           8            NONE       NONE    
    Led[12]       OUTPUT         M7        LVCMOS25           8            NONE       NONE    
    Led[11]       OUTPUT         T9        LVCMOS25           8            NONE       NONE    
    Led[10]       OUTPUT         T8        LVCMOS25           8            NONE       NONE    
    Led[9]        OUTPUT         T7        LVCMOS25           8            NONE       NONE    
    Led[8]        OUTPUT         R7        LVCMOS25           8            NONE       NONE    
    Led[7]        OUTPUT         P5        LVCMOS25           8            NONE       NONE    
    Led[6]        OUTPUT         N5        LVCMOS25           8            NONE       NONE    
    Led[5]        OUTPUT         P4        LVCMOS25           8            NONE       NONE    
    Led[4]        OUTPUT         M5        LVCMOS25           8            NONE       NONE    
    Led[3]        OUTPUT         N4        LVCMOS25           8            NONE       NONE    
    Led[2]        OUTPUT         N3        LVCMOS25           8            NONE       NONE    
    Led[1]        OUTPUT         M4        LVCMOS25           8            NONE       NONE    
    Led[0]        OUTPUT         M3        LVCMOS25           8            NONE       NONE    
   cam_pwdn       OUTPUT        F14        LVCMOS33           8            NONE       NONE    
    cam_rst       OUTPUT        F13        LVCMOS33           8            NONE       NONE    
   cam_soic       OUTPUT        D16        LVCMOS33           8           PULLUP      NONE    
   cam_xclk       OUTPUT        J12        LVCMOS33           8            NONE       NONE    
   vga_b[7]       OUTPUT         C1        LVCMOS25           8            NONE       NONE    
   vga_b[6]       OUTPUT         D1        LVCMOS25           8            NONE       NONE    
   vga_b[5]       OUTPUT         E2        LVCMOS25           8            NONE       NONE    
   vga_b[4]       OUTPUT         G3        LVCMOS25           8            NONE       NONE    
   vga_b[3]       OUTPUT         E1        LVCMOS25           8            NONE       NONE    
   vga_b[2]       OUTPUT         F2        LVCMOS25           8            NONE       NONE    
   vga_b[1]       OUTPUT         F1        LVCMOS25           8            NONE       NONE    
   vga_b[0]       OUTPUT         G1        LVCMOS25           8            NONE       NONE    
    vga_clk       OUTPUT         H2        LVCMOS25           8            NONE       NONE    
   vga_g[7]       OUTPUT         H5        LVCMOS25           8            NONE       NONE    
   vga_g[6]       OUTPUT         H1        LVCMOS25           8            NONE       NONE    
   vga_g[5]       OUTPUT         J6        LVCMOS25           8            NONE       NONE    
   vga_g[4]       OUTPUT         H3        LVCMOS25           8            NONE       NONE    
   vga_g[3]       OUTPUT         J1        LVCMOS25           8            NONE       NONE    
   vga_g[2]       OUTPUT         K1        LVCMOS25           8            NONE       NONE    
   vga_g[1]       OUTPUT         K2        LVCMOS25           8            NONE       NONE    
   vga_g[0]       OUTPUT         L1        LVCMOS25           8            NONE       NONE    
   vga_hsync      OUTPUT         J3        LVCMOS25           8            NONE       NONE    
   vga_r[7]       OUTPUT         K6        LVCMOS25           8            NONE       NONE    
   vga_r[6]       OUTPUT         K3        LVCMOS25           8            NONE       NONE    
   vga_r[5]       OUTPUT         K5        LVCMOS25           8            NONE       NONE    
   vga_r[4]       OUTPUT         L4        LVCMOS25           8            NONE       NONE    
   vga_r[3]       OUTPUT         M1        LVCMOS25           8            NONE       NONE    
   vga_r[2]       OUTPUT         M2        LVCMOS25           8            NONE       NONE    
   vga_r[1]       OUTPUT         L3        LVCMOS25           8            NONE       NONE    
   vga_r[0]       OUTPUT         L5        LVCMOS25           8            NONE       NONE    
   vga_vsync      OUTPUT         J4        LVCMOS25           8            NONE       NONE    
   cam_soid        INOUT        D14        LVCMOS33           8           PULLUP      NONE    

Report Hierarchy Area:
+---------------------------------------------------------------------------------------------------------------------------------------+
|Instance                              |Module                                     |le     |lut     |ripple  |seq     |bram    |dsp     |
+---------------------------------------------------------------------------------------------------------------------------------------+
|top                                   |test_camera                                |2913   |2014    |583     |1255    |8       |4       |
|  Sdram_Control_4Port                 |Sdram_Control_4Port                        |630    |413     |108     |396     |2       |0       |
|    command1                          |command                                    |48     |48      |0       |41      |0       |0       |
|    control1                          |control_interface                          |94     |63      |24      |50      |0       |0       |
|    data_path1                        |sdr_data_path                              |12     |12      |0       |2       |0       |0       |
|    read_fifo1                        |Sdram_RD_FIFO                              |129    |77      |18      |102     |1       |0       |
|      dcfifo_component                |softfifo                                   |129    |77      |18      |102     |1       |0       |
|        ram_inst                      |ram_infer_softfifo                         |0      |0       |0       |0       |1       |0       |
|        rd_to_wr_cross_inst           |fifo_cross_domain_addr_process_al_softfifo |39     |24      |0       |39      |0       |0       |
|        wr_to_rd_cross_inst           |fifo_cross_domain_addr_process_al_softfifo |32     |25      |0       |32      |0       |0       |
|    sdram1                            |sdram                                      |4      |4       |0       |2       |0       |0       |
|    write_fifo1                       |Sdram_WR_FIFO                              |131    |57      |18      |104     |1       |0       |
|      dcfifo_component                |softfifo                                   |131    |57      |18      |104     |1       |0       |
|        ram_inst                      |ram_infer_softfifo                         |0      |0       |0       |0       |1       |0       |
|        rd_to_wr_cross_inst           |fifo_cross_domain_addr_process_al_softfifo |40     |19      |0       |40      |0       |0       |
|        wr_to_rd_cross_inst           |fifo_cross_domain_addr_process_al_softfifo |31     |18      |0       |31      |0       |0       |
|  u_Mode_Switch                       |Mode_Switch                                |11     |11      |0       |9       |0       |0       |
|  u_cam_vga_out                       |Driver                                     |112    |68      |44      |24      |0       |0       |
|  u_camera_init                       |camera_init                                |568    |550     |9       |100     |0       |0       |
|    u_i2c_write                       |i2c_module                                 |168    |160     |0       |59      |0       |0       |
|  u_camera_reader                     |camera_reader                              |91     |50      |17      |56      |0       |0       |
|  u_image_process                     |image_process                              |1435   |856     |405     |645     |6       |4       |
|    u_Erosion_Detector                |Erosion_Detector                           |157    |112     |45      |63      |2       |0       |
|      u_three_martix_3                |three_martix                               |151    |106     |45      |57      |2       |0       |
|        u_fifo_1                      |fifo_1                                     |2      |2       |0       |0       |1       |0       |
|        u_fifo_2                      |fifo_2                                     |2      |2       |0       |0       |1       |0       |
|    u_Median_Gray                     |Median_Gray                                |730    |438     |235     |276     |2       |0       |
|      u_Median_Filter_3X3_8Bit_median |Median_Filter_3X3                          |494    |302     |190     |128     |0       |0       |
|        u_Sort3_1                     |Sort3                                      |90     |60      |30      |25      |0       |0       |
|        u_Sort3_2                     |Sort3                                      |84     |54      |30      |24      |0       |0       |
|        u_Sort3_3                     |Sort3                                      |84     |54      |30      |28      |0       |0       |
|        u_Sort3_4                     |Sort3                                      |46     |26      |20      |8       |0       |0       |
|        u_Sort3_5                     |Sort3                                      |68     |38      |30      |12      |0       |0       |
|        u_Sort3_6                     |Sort3                                      |50     |30      |20      |8       |0       |0       |
|        u_Sort3_7                     |Sort3                                      |70     |40      |30      |21      |0       |0       |
|      u_three_martix                  |three_martix                               |236    |136     |45      |148     |2       |0       |
|        u_fifo_1                      |fifo_1                                     |0      |0       |0       |0       |1       |0       |
|        u_fifo_2                      |fifo_2                                     |4      |4       |0       |2       |1       |0       |
|    u_RGBYCbCr                        |RGBYCbCr                                   |117    |64      |33      |60      |0       |4       |
|    u_Sobel_Process                   |Sobel_Process                              |372    |201     |92      |189     |2       |0       |
|      u_Caculate_Sobel                |Caculate_Sobel                             |143    |91      |47      |54      |0       |0       |
|      u_three_martix_2                |three_martix                               |229    |110     |45      |135     |2       |0       |
|        u_fifo_1                      |fifo_1                                     |0      |0       |0       |0       |1       |0       |
|        u_fifo_2                      |fifo_2                                     |0      |0       |0       |0       |1       |0       |
|  u_image_select                      |image_select                               |45     |45      |0       |20      |0       |0       |
|  u_pll                               |ip_pll                                     |0      |0       |0       |0       |0       |0       |
+---------------------------------------------------------------------------------------------------------------------------------------+


DataNet Average Fanout:

   Index     Fanout    Nets  
    #1         1       2113  
    #2         2       456   
    #3         3       160   
    #4         4       130   
    #5        5-10     391   
    #6       11-50      72   
    #7       51-100     7    
    #8        >500      1    
  Average     2.73           

RUN-1002 : start command "export_db ov2640_sdram_pr.db"
RUN-1001 : Exported /
RUN-1001 : Exported flow parameters
RUN-1001 : Exported libs
RUN-1001 : Exported entities
RUN-1001 : Exported ports
RUN-1001 : Exported pins
RUN-1001 : Exported instances
RUN-1001 : Exported nets
RUN-1001 : Exported buses
RUN-1001 : Exported models
RUN-1001 : Exported congestions
RUN-1001 : Exported violations
RUN-1001 : Exported timing constraints
RUN-1001 : Exported IO constraints
RUN-1001 : Exported Inst constraints
RUN-1002 : start command "export_bid ov2640_sdram_inst.bid"
RUN-1002 : start command "bitgen -bit ov2640_sdram.bit"
BIT-1003 : Start to generate bitstream. 
BIT-1002 : Init instances with 16 threads.
BIT-1002 : Init instances completely, inst num: 1677
BIT-1002 : Init pips with 16 threads.
BIT-1002 : Init pips completely, net num: 3434, pip num: 29050
BIT-1002 : Init feedthrough with 16 threads.
BIT-1002 : Init feedthrough completely, num: 26
BIT-1003 : Multithreading accelaration with 16 threads.
BIT-1003 : Generate bitstream completely, there are 1770 valid insts, and 88199 bits set as '1'.
BIT-1004 : the usercode register value: 00000000000100110000000000000000
BIT-1004 : PLL setting string = 0001
BIT-1004 : Generate bits file ov2640_sdram.bit.
RUN-1003 : finish command "bitgen -bit ov2640_sdram.bit" in  3.578789s wall, 35.031250s user + 0.265625s system = 35.296875s CPU (986.3%)

RUN-1004 : used memory is 540 MB, reserved memory is 527 MB, peak memory is 711 MB
RUN-1002 : start command "backup_run_log run.log ../.logs/phy_1/td_20221027_152903.log"
