============================================================
   Tang Dynasty, V5.6.59063
   Copyright (c) 2012-2022 Anlogic
   Executable = C:/Anlogic/TD5.6.59063/bin/td.exe
   Built at =   12:45:13 Sep  6 2022
   Run by =     Administrator
   Run Date =   Wed Oct 26 13:17:18 2022

   Run on =     WIN-25FR57M34TT
============================================================
RUN-1002 : start command "open_project ov2640_sdram.prj"
RUN-1001 : Print Global Property
RUN-1001 : ---------------------------------------------------------------
RUN-1001 :        Parameters        |  Settings  |  Default Values  |  Note  
RUN-1001 : ---------------------------------------------------------------
RUN-1001 :          message         |  standard  |     standard     |        
RUN-1001 :   mixed_pack_place_flow  |     on     |        on        |        
RUN-1001 :        qor_monitor       |    off     |       off        |        
RUN-1001 :        syn_ip_flow       |    off     |       off        |        
RUN-1001 :          thread          |    auto    |       auto       |        
RUN-1001 : ---------------------------------------------------------------
RUN-1001 : Print Design Property
RUN-1001 : --------------------------------------------------------------
RUN-1001 :        Parameters       |  Settings  |  Default Values  |  Note  
RUN-1001 : --------------------------------------------------------------
RUN-1001 :   default_reg_initial   |    auto    |       auto       |        
RUN-1001 :        infer_add        |     on     |        on        |        
RUN-1001 :        infer_fsm        |    off     |       off        |        
RUN-1001 :        infer_mult       |     on     |        on        |        
RUN-1001 :        infer_ram        |     on     |        on        |        
RUN-1001 :        infer_reg        |     on     |        on        |        
RUN-1001 :   infer_reg_init_value  |     on     |        on        |        
RUN-1001 :        infer_rom        |     on     |        on        |        
RUN-1001 :      infer_shifter      |     on     |        on        |        
RUN-1001 : --------------------------------------------------------------
RUN-1001 : Print Rtl Property
RUN-1001 : --------------------------------------------------------------
RUN-1001 :        Parameters       |  Settings  |  Default Values  |  Note  
RUN-1001 : --------------------------------------------------------------
RUN-1001 :       compress_add      |   ripple   |      ripple      |        
RUN-1001 :        elf_sload        |    off     |       off        |        
RUN-1001 :       fix_undriven      |     0      |        0         |        
RUN-1001 :         flatten         |    off     |       off        |        
RUN-1001 :       gate_sharing      |     on     |        on        |        
RUN-1001 :    hdl_warning_level    |   normal   |      normal      |        
RUN-1001 :   impl_internal_tribuf  |     on     |        on        |        
RUN-1001 :      impl_set_reset     |     on     |        on        |        
RUN-1001 :        infer_gsr        |    off     |       off        |        
RUN-1001 :      keep_hierarchy     |    auto    |       auto       |        
RUN-1001 :        max_fanout       |    9999    |       9999       |        
RUN-1001 :      max_oh2bin_len     |     10     |        10        |        
RUN-1001 :       merge_equal       |     on     |        on        |        
RUN-1001 :       merge_equiv       |     on     |        on        |        
RUN-1001 :        merge_mux        |    off     |       off        |        
RUN-1001 :     min_control_set     |     8      |        8         |        
RUN-1001 :      min_ripple_len     |    auto    |       auto       |        
RUN-1001 :       oh2bin_ratio      |    0.08    |       0.08       |        
RUN-1001 :     opt_adder_fanout    |     on     |        on        |        
RUN-1001 :        opt_arith        |     on     |        on        |        
RUN-1001 :       opt_big_gate      |    off     |       off        |        
RUN-1001 :        opt_const        |     on     |        on        |        
RUN-1001 :      opt_const_mult     |     on     |        on        |        
RUN-1001 :       opt_lessthan      |     on     |        on        |        
RUN-1001 :         opt_mux         |    off     |       off        |        
RUN-1001 :         opt_ram         |    high    |       high       |        
RUN-1001 :      rtl_sim_model      |    off     |       off        |        
RUN-1001 :         seq_syn         |     on     |        on        |        
RUN-1001 : --------------------------------------------------------------
HDL-1007 : analyze verilog file ../../al_ip/ip_pll.v
HDL-1007 : undeclared symbol 'open', assumed default net type 'wire' in ../../al_ip/ip_pll.v(93)
HDL-1007 : analyze verilog file ../../al_ip/softfifo.v
HDL-1007 : analyze verilog file ../../RTL/camera_init.v
HDL-1007 : undeclared symbol 'clk_div', assumed default net type 'wire' in ../../RTL/camera_init.v(74)
HDL-1007 : analyze verilog file ../../RTL/camera_reader.v
HDL-1007 : analyze verilog file ../../RTL/i2c_module.v
HDL-1007 : analyze verilog file ../../RTL/Sdram_Control_4Port/command.v
HDL-1007 : analyze included file ../../RTL/Sdram_Control_4Port/Sdram_Params.h in ../../RTL/Sdram_Control_4Port/command.v(27)
HDL-1007 : back to file '../../RTL/Sdram_Control_4Port/command.v' in ../../RTL/Sdram_Control_4Port/command.v(27)
HDL-1007 : analyze verilog file ../../RTL/Sdram_Control_4Port/control_interface.v
HDL-1007 : analyze included file ../../RTL/Sdram_Control_4Port/Sdram_Params.h in ../../RTL/Sdram_Control_4Port/control_interface.v(21)
HDL-1007 : back to file '../../RTL/Sdram_Control_4Port/control_interface.v' in ../../RTL/Sdram_Control_4Port/control_interface.v(21)
HDL-1007 : analyze verilog file ../../RTL/Sdram_Control_4Port/sdr_data_path.v
HDL-1007 : analyze included file ../../RTL/Sdram_Control_4Port/Sdram_Params.h in ../../RTL/Sdram_Control_4Port/sdr_data_path.v(10)
HDL-1007 : back to file '../../RTL/Sdram_Control_4Port/sdr_data_path.v' in ../../RTL/Sdram_Control_4Port/sdr_data_path.v(10)
HDL-1007 : analyze verilog file ../../RTL/Sdram_Control_4Port/Sdram_Control_4Port.v
HDL-1007 : analyze included file ../../RTL/Sdram_Control_4Port/Sdram_Params.h in ../../RTL/Sdram_Control_4Port/Sdram_Control_4Port.v(49)
HDL-1007 : back to file '../../RTL/Sdram_Control_4Port/Sdram_Control_4Port.v' in ../../RTL/Sdram_Control_4Port/Sdram_Control_4Port.v(49)
HDL-1007 : analyze verilog file ../../RTL/Sdram_Control_4Port/Sdram_RD_FIFO.v
HDL-5007 WARNING: 'clk' is not declared in ../../RTL/Sdram_Control_4Port/Sdram_RD_FIFO.v(44)
HDL-1007 : analyze verilog file ../../RTL/Sdram_Control_4Port/Sdram_WR_FIFO.v
HDL-1007 : analyze verilog file ../../al_ip/sdram.v
HDL-1007 : analyze verilog file ../../RTL/Driver.v
HDL-1007 : analyze verilog file ../../RTL/RGBYCbCr.v
HDL-1007 : analyze verilog file ../../RTL/image_process.v
HDL-1007 : analyze verilog file ../../RTL/test_camera.v
HDL-1007 : undeclared symbol 'cmos_frame_vsync', assumed default net type 'wire' in ../../RTL/test_camera.v(111)
HDL-1007 : undeclared symbol 'cmos_frame_href', assumed default net type 'wire' in ../../RTL/test_camera.v(112)
HDL-1007 : undeclared symbol 'cmos_frame_valid', assumed default net type 'wire' in ../../RTL/test_camera.v(113)
HDL-1007 : analyze verilog file ../../RTL/Mode_Switch.v
HDL-1007 : analyze verilog file ../../RTL/image_select.v
HDL-5007 WARNING: 'clk' is not declared in ../../RTL/Sdram_Control_4Port/Sdram_RD_FIFO.v(44)
RUN-1001 : Project manager successfully analyzed 18 source files.
RUN-1002 : start command "import_device eagle_s20.db -package EG4S20BG256"
ARC-1001 : Device Initialization.
ARC-1001 : ------------------------------------------------------------------
ARC-1001 :            OPTION            |          IO          |   SETTING   
ARC-1001 : ------------------------------------------------------------------
ARC-1001 :   cso_b/cclk/mosi/miso/dout  |  T3/R11/T10/P10/S11  |    gpio    
ARC-1001 :             done             |         P13          |    gpio    
ARC-1001 :           program_b          |          T2          |  dedicate  
ARC-1001 :        tdi/tms/tck/tdo       |   C12/A15/C14/E14    |  dedicate  
ARC-1001 : ------------------------------------------------------------------
ARC-1004 : Device setting, marked 5 dedicate IOs in total.
RUN-1002 : start command "import_db ../syn_1/ov2640_sdram_gate.db"
RUN-1001 : Importing database generated by Tang Dynasty, V5.6.59063.
RUN-1001 : Database version number 46140.
RUN-1001 : Import flow parameters
RUN-1001 : Import timing constraints
RUN-1001 : Import IO constraints
RUN-1001 : Import Inst constraints
RUN-1001 : Import design success TD_VERSION=5.6.59063 , DB_VERSION=46140
RUN-1002 : start command "read_sdc"
USR-1002 : read_sdc file_name -help -h -eco
RUN-1002 : start command "get_regs */primary_addr_gray_reg[*]"
RUN-1002 : start command "get_regs */sync_r1[*]"
RUN-1002 : start command "set_max_delay -from  -to  5 -datapath_only"
RUN-1002 : start command "get_regs */primary_addr_gray_reg[*]"
RUN-1002 : start command "get_regs */sync_r1[*]"
RUN-1002 : start command "set_false_path -from  -to  -hold 5"
USR-1002 : set_false_path -help -setup -hold -from <list> -rise_from <list> -fall_from <list> -to <list> -rise_to <list> -fall_to <list> -through <list>
RUN-1002 : start command "get_regs */primary_addr_gray_reg[*]"
RUN-1002 : start command "get_regs */sync_r1[*]"
RUN-1002 : start command "set_max_delay -from  -to  5 -datapath_only"
RUN-1002 : start command "get_regs */primary_addr_gray_reg[*]"
RUN-1002 : start command "get_regs */sync_r1[*]"
RUN-1002 : start command "set_max_delay -from  -to  5 -datapath_only"
RUN-1002 : start command "get_regs */primary_addr_gray_reg[*]"
RUN-1002 : start command "get_regs */sync_r1[*]"
RUN-1002 : start command "set_max_delay -from  -to  5 -datapath_only"
SYN-1001 : 	kept net: Sdram_Control_4Port/read_fifo1/dcfifo_component/rd_to_wr_cross_inst/primary_addr_gray_reg[9](Sdram_Control_4Port/read_fifo1/dcfifo_component/rd_to_wr_cross_inst/primary_addr_gray_reg[9]_syn_5)
SYN-1001 : 	kept net: Sdram_Control_4Port/read_fifo1/dcfifo_component/rd_to_wr_cross_inst/primary_addr_gray_reg[8](Sdram_Control_4Port/read_fifo1/dcfifo_component/rd_to_wr_cross_inst/primary_addr_gray_reg[8]_syn_5)
SYN-1001 : 	kept net: Sdram_Control_4Port/read_fifo1/dcfifo_component/rd_to_wr_cross_inst/primary_addr_gray_reg[7](Sdram_Control_4Port/read_fifo1/dcfifo_component/rd_to_wr_cross_inst/primary_addr_gray_reg[7]_syn_5)
SYN-1001 : 	kept net: Sdram_Control_4Port/read_fifo1/dcfifo_component/rd_to_wr_cross_inst/primary_addr_gray_reg[6](Sdram_Control_4Port/read_fifo1/dcfifo_component/rd_to_wr_cross_inst/primary_addr_gray_reg[6]_syn_5)
SYN-1001 : 	kept net: Sdram_Control_4Port/read_fifo1/dcfifo_component/rd_to_wr_cross_inst/primary_addr_gray_reg[5](Sdram_Control_4Port/read_fifo1/dcfifo_component/rd_to_wr_cross_inst/primary_addr_gray_reg[5]_syn_5)
SYN-1001 : 	kept net: Sdram_Control_4Port/read_fifo1/dcfifo_component/rd_to_wr_cross_inst/primary_addr_gray_reg[4](Sdram_Control_4Port/read_fifo1/dcfifo_component/rd_to_wr_cross_inst/primary_addr_gray_reg[4]_syn_5)
SYN-1001 : 	kept net: Sdram_Control_4Port/read_fifo1/dcfifo_component/rd_to_wr_cross_inst/primary_addr_gray_reg[3](Sdram_Control_4Port/read_fifo1/dcfifo_component/rd_to_wr_cross_inst/primary_addr_gray_reg[3]_syn_5)
SYN-1001 : 	kept net: Sdram_Control_4Port/read_fifo1/dcfifo_component/rd_to_wr_cross_inst/primary_addr_gray_reg[2](Sdram_Control_4Port/read_fifo1/dcfifo_component/rd_to_wr_cross_inst/primary_addr_gray_reg[2]_syn_5)
SYN-1001 : 	kept net: Sdram_Control_4Port/read_fifo1/dcfifo_component/rd_to_wr_cross_inst/primary_addr_gray_reg[1](Sdram_Control_4Port/read_fifo1/dcfifo_component/rd_to_wr_cross_inst/primary_addr_gray_reg[1]_syn_5)
SYN-1001 : 	kept net: Sdram_Control_4Port/read_fifo1/dcfifo_component/rd_to_wr_cross_inst/primary_addr_gray_reg[0](Sdram_Control_4Port/read_fifo1/dcfifo_component/rd_to_wr_cross_inst/primary_addr_gray_reg[0]_syn_5)
SYN-1001 : 	kept net: Sdram_Control_4Port/read_fifo1/dcfifo_component/rd_to_wr_cross_inst/sync_r1[9](Sdram_Control_4Port/read_fifo1/dcfifo_component/rd_to_wr_cross_inst/sync_r1[9]_syn_3)
SYN-1001 : 	kept net: Sdram_Control_4Port/read_fifo1/dcfifo_component/rd_to_wr_cross_inst/sync_r1[8](Sdram_Control_4Port/read_fifo1/dcfifo_component/rd_to_wr_cross_inst/sync_r1[8]_syn_3)
SYN-1001 : 	kept net: Sdram_Control_4Port/read_fifo1/dcfifo_component/rd_to_wr_cross_inst/sync_r1[7](Sdram_Control_4Port/read_fifo1/dcfifo_component/rd_to_wr_cross_inst/sync_r1[7]_syn_3)
SYN-1001 : 	kept net: Sdram_Control_4Port/read_fifo1/dcfifo_component/rd_to_wr_cross_inst/sync_r1[6](Sdram_Control_4Port/read_fifo1/dcfifo_component/rd_to_wr_cross_inst/sync_r1[6]_syn_3)
SYN-1001 : 	kept net: Sdram_Control_4Port/read_fifo1/dcfifo_component/rd_to_wr_cross_inst/sync_r1[5](Sdram_Control_4Port/read_fifo1/dcfifo_component/rd_to_wr_cross_inst/sync_r1[5]_syn_3)
SYN-1001 : 	kept net: Sdram_Control_4Port/read_fifo1/dcfifo_component/rd_to_wr_cross_inst/sync_r1[4](Sdram_Control_4Port/read_fifo1/dcfifo_component/rd_to_wr_cross_inst/sync_r1[4]_syn_3)
SYN-1001 : 	kept net: Sdram_Control_4Port/read_fifo1/dcfifo_component/rd_to_wr_cross_inst/sync_r1[3](Sdram_Control_4Port/read_fifo1/dcfifo_component/rd_to_wr_cross_inst/sync_r1[3]_syn_3)
SYN-1001 : 	kept net: Sdram_Control_4Port/read_fifo1/dcfifo_component/rd_to_wr_cross_inst/sync_r1[2](Sdram_Control_4Port/read_fifo1/dcfifo_component/rd_to_wr_cross_inst/sync_r1[2]_syn_3)
SYN-1001 : 	kept net: Sdram_Control_4Port/read_fifo1/dcfifo_component/rd_to_wr_cross_inst/sync_r1[1](Sdram_Control_4Port/read_fifo1/dcfifo_component/rd_to_wr_cross_inst/sync_r1[1]_syn_3)
SYN-1001 : 	kept net: Sdram_Control_4Port/read_fifo1/dcfifo_component/rd_to_wr_cross_inst/sync_r1[0](Sdram_Control_4Port/read_fifo1/dcfifo_component/rd_to_wr_cross_inst/sync_r1[0]_syn_3)
SYN-1001 : 	kept net: Sdram_Control_4Port/read_fifo1/dcfifo_component/wr_to_rd_cross_inst/primary_addr_gray_reg[9](Sdram_Control_4Port/read_fifo1/dcfifo_component/wr_to_rd_cross_inst/primary_addr_gray_reg[9]_syn_5)
SYN-1001 : 	kept net: Sdram_Control_4Port/read_fifo1/dcfifo_component/wr_to_rd_cross_inst/primary_addr_gray_reg[8](Sdram_Control_4Port/read_fifo1/dcfifo_component/wr_to_rd_cross_inst/primary_addr_gray_reg[8]_syn_5)
SYN-1001 : 	kept net: Sdram_Control_4Port/read_fifo1/dcfifo_component/wr_to_rd_cross_inst/primary_addr_gray_reg[7](Sdram_Control_4Port/read_fifo1/dcfifo_component/wr_to_rd_cross_inst/primary_addr_gray_reg[7]_syn_5)
SYN-1001 : 	kept net: Sdram_Control_4Port/read_fifo1/dcfifo_component/wr_to_rd_cross_inst/primary_addr_gray_reg[6](Sdram_Control_4Port/read_fifo1/dcfifo_component/wr_to_rd_cross_inst/primary_addr_gray_reg[6]_syn_5)
SYN-1001 : 	kept net: Sdram_Control_4Port/read_fifo1/dcfifo_component/wr_to_rd_cross_inst/primary_addr_gray_reg[5](Sdram_Control_4Port/read_fifo1/dcfifo_component/wr_to_rd_cross_inst/primary_addr_gray_reg[5]_syn_5)
SYN-1001 : 	kept net: Sdram_Control_4Port/read_fifo1/dcfifo_component/wr_to_rd_cross_inst/primary_addr_gray_reg[4](Sdram_Control_4Port/read_fifo1/dcfifo_component/wr_to_rd_cross_inst/primary_addr_gray_reg[4]_syn_5)
SYN-1001 : 	kept net: Sdram_Control_4Port/read_fifo1/dcfifo_component/wr_to_rd_cross_inst/primary_addr_gray_reg[3](Sdram_Control_4Port/read_fifo1/dcfifo_component/wr_to_rd_cross_inst/primary_addr_gray_reg[3]_syn_5)
SYN-1001 : 	kept net: Sdram_Control_4Port/read_fifo1/dcfifo_component/wr_to_rd_cross_inst/primary_addr_gray_reg[2](Sdram_Control_4Port/read_fifo1/dcfifo_component/wr_to_rd_cross_inst/primary_addr_gray_reg[2]_syn_5)
SYN-1001 : 	kept net: Sdram_Control_4Port/read_fifo1/dcfifo_component/wr_to_rd_cross_inst/primary_addr_gray_reg[1](Sdram_Control_4Port/read_fifo1/dcfifo_component/wr_to_rd_cross_inst/primary_addr_gray_reg[1]_syn_5)
SYN-1001 : 	kept net: Sdram_Control_4Port/read_fifo1/dcfifo_component/wr_to_rd_cross_inst/primary_addr_gray_reg[0](Sdram_Control_4Port/read_fifo1/dcfifo_component/wr_to_rd_cross_inst/primary_addr_gray_reg[0]_syn_5)
SYN-1001 : 	kept net: Sdram_Control_4Port/read_fifo1/dcfifo_component/wr_to_rd_cross_inst/sync_r1[9](Sdram_Control_4Port/read_fifo1/dcfifo_component/wr_to_rd_cross_inst/sync_r1[9]_syn_3)
SYN-1001 : 	kept net: Sdram_Control_4Port/read_fifo1/dcfifo_component/wr_to_rd_cross_inst/sync_r1[8](Sdram_Control_4Port/read_fifo1/dcfifo_component/wr_to_rd_cross_inst/sync_r1[8]_syn_3)
SYN-1001 : 	kept net: Sdram_Control_4Port/read_fifo1/dcfifo_component/wr_to_rd_cross_inst/sync_r1[7](Sdram_Control_4Port/read_fifo1/dcfifo_component/wr_to_rd_cross_inst/sync_r1[7]_syn_3)
SYN-1001 : 	kept net: Sdram_Control_4Port/read_fifo1/dcfifo_component/wr_to_rd_cross_inst/sync_r1[6](Sdram_Control_4Port/read_fifo1/dcfifo_component/wr_to_rd_cross_inst/sync_r1[6]_syn_3)
SYN-1001 : 	kept net: Sdram_Control_4Port/read_fifo1/dcfifo_component/wr_to_rd_cross_inst/sync_r1[5](Sdram_Control_4Port/read_fifo1/dcfifo_component/wr_to_rd_cross_inst/sync_r1[5]_syn_3)
SYN-1001 : 	kept net: Sdram_Control_4Port/read_fifo1/dcfifo_component/wr_to_rd_cross_inst/sync_r1[4](Sdram_Control_4Port/read_fifo1/dcfifo_component/wr_to_rd_cross_inst/sync_r1[4]_syn_3)
SYN-1001 : 	kept net: Sdram_Control_4Port/read_fifo1/dcfifo_component/wr_to_rd_cross_inst/sync_r1[3](Sdram_Control_4Port/read_fifo1/dcfifo_component/wr_to_rd_cross_inst/sync_r1[3]_syn_3)
SYN-1001 : 	kept net: Sdram_Control_4Port/read_fifo1/dcfifo_component/wr_to_rd_cross_inst/sync_r1[2](Sdram_Control_4Port/read_fifo1/dcfifo_component/wr_to_rd_cross_inst/sync_r1[2]_syn_3)
SYN-1001 : 	kept net: Sdram_Control_4Port/read_fifo1/dcfifo_component/wr_to_rd_cross_inst/sync_r1[1](Sdram_Control_4Port/read_fifo1/dcfifo_component/wr_to_rd_cross_inst/sync_r1[1]_syn_3)
SYN-1001 : 	kept net: Sdram_Control_4Port/read_fifo1/dcfifo_component/wr_to_rd_cross_inst/sync_r1[0](Sdram_Control_4Port/read_fifo1/dcfifo_component/wr_to_rd_cross_inst/sync_r1[0]_syn_3)
SYN-1001 : 	kept net: Sdram_Control_4Port/write_fifo1/dcfifo_component/rd_to_wr_cross_inst/primary_addr_gray_reg[9](Sdram_Control_4Port/write_fifo1/dcfifo_component/rd_to_wr_cross_inst/primary_addr_gray_reg[9]_syn_5)
SYN-1001 : 	kept net: Sdram_Control_4Port/write_fifo1/dcfifo_component/rd_to_wr_cross_inst/primary_addr_gray_reg[8](Sdram_Control_4Port/write_fifo1/dcfifo_component/rd_to_wr_cross_inst/primary_addr_gray_reg[8]_syn_5)
SYN-1001 : 	kept net: Sdram_Control_4Port/write_fifo1/dcfifo_component/rd_to_wr_cross_inst/primary_addr_gray_reg[7](Sdram_Control_4Port/write_fifo1/dcfifo_component/rd_to_wr_cross_inst/primary_addr_gray_reg[7]_syn_5)
SYN-1001 : 	kept net: Sdram_Control_4Port/write_fifo1/dcfifo_component/rd_to_wr_cross_inst/primary_addr_gray_reg[6](Sdram_Control_4Port/write_fifo1/dcfifo_component/rd_to_wr_cross_inst/primary_addr_gray_reg[6]_syn_5)
SYN-1001 : 	kept net: Sdram_Control_4Port/write_fifo1/dcfifo_component/rd_to_wr_cross_inst/primary_addr_gray_reg[5](Sdram_Control_4Port/write_fifo1/dcfifo_component/rd_to_wr_cross_inst/primary_addr_gray_reg[5]_syn_5)
SYN-1001 : 	kept net: Sdram_Control_4Port/write_fifo1/dcfifo_component/rd_to_wr_cross_inst/primary_addr_gray_reg[4](Sdram_Control_4Port/write_fifo1/dcfifo_component/rd_to_wr_cross_inst/primary_addr_gray_reg[4]_syn_5)
SYN-1001 : 	kept net: Sdram_Control_4Port/write_fifo1/dcfifo_component/rd_to_wr_cross_inst/primary_addr_gray_reg[3](Sdram_Control_4Port/write_fifo1/dcfifo_component/rd_to_wr_cross_inst/primary_addr_gray_reg[3]_syn_5)
SYN-1001 : 	kept net: Sdram_Control_4Port/write_fifo1/dcfifo_component/rd_to_wr_cross_inst/primary_addr_gray_reg[2](Sdram_Control_4Port/write_fifo1/dcfifo_component/rd_to_wr_cross_inst/primary_addr_gray_reg[2]_syn_5)
SYN-1001 : 	kept net: Sdram_Control_4Port/write_fifo1/dcfifo_component/rd_to_wr_cross_inst/primary_addr_gray_reg[1](Sdram_Control_4Port/write_fifo1/dcfifo_component/rd_to_wr_cross_inst/primary_addr_gray_reg[1]_syn_5)
SYN-1001 : 	kept net: Sdram_Control_4Port/write_fifo1/dcfifo_component/rd_to_wr_cross_inst/primary_addr_gray_reg[0](Sdram_Control_4Port/write_fifo1/dcfifo_component/rd_to_wr_cross_inst/primary_addr_gray_reg[0]_syn_5)
SYN-1001 : 	kept net: Sdram_Control_4Port/write_fifo1/dcfifo_component/rd_to_wr_cross_inst/sync_r1[9](Sdram_Control_4Port/write_fifo1/dcfifo_component/rd_to_wr_cross_inst/sync_r1[9]_syn_3)
SYN-1001 : 	kept net: Sdram_Control_4Port/write_fifo1/dcfifo_component/rd_to_wr_cross_inst/sync_r1[8](Sdram_Control_4Port/write_fifo1/dcfifo_component/rd_to_wr_cross_inst/sync_r1[8]_syn_3)
SYN-1001 : 	kept net: Sdram_Control_4Port/write_fifo1/dcfifo_component/rd_to_wr_cross_inst/sync_r1[7](Sdram_Control_4Port/write_fifo1/dcfifo_component/rd_to_wr_cross_inst/sync_r1[7]_syn_3)
SYN-1001 : 	kept net: Sdram_Control_4Port/write_fifo1/dcfifo_component/rd_to_wr_cross_inst/sync_r1[6](Sdram_Control_4Port/write_fifo1/dcfifo_component/rd_to_wr_cross_inst/sync_r1[6]_syn_3)
SYN-1001 : 	kept net: Sdram_Control_4Port/write_fifo1/dcfifo_component/rd_to_wr_cross_inst/sync_r1[5](Sdram_Control_4Port/write_fifo1/dcfifo_component/rd_to_wr_cross_inst/sync_r1[5]_syn_3)
SYN-1001 : 	kept net: Sdram_Control_4Port/write_fifo1/dcfifo_component/rd_to_wr_cross_inst/sync_r1[4](Sdram_Control_4Port/write_fifo1/dcfifo_component/rd_to_wr_cross_inst/sync_r1[4]_syn_3)
SYN-1001 : 	kept net: Sdram_Control_4Port/write_fifo1/dcfifo_component/rd_to_wr_cross_inst/sync_r1[3](Sdram_Control_4Port/write_fifo1/dcfifo_component/rd_to_wr_cross_inst/sync_r1[3]_syn_3)
SYN-1001 : 	kept net: Sdram_Control_4Port/write_fifo1/dcfifo_component/rd_to_wr_cross_inst/sync_r1[2](Sdram_Control_4Port/write_fifo1/dcfifo_component/rd_to_wr_cross_inst/sync_r1[2]_syn_3)
SYN-1001 : 	kept net: Sdram_Control_4Port/write_fifo1/dcfifo_component/rd_to_wr_cross_inst/sync_r1[1](Sdram_Control_4Port/write_fifo1/dcfifo_component/rd_to_wr_cross_inst/sync_r1[1]_syn_3)
SYN-1001 : 	kept net: Sdram_Control_4Port/write_fifo1/dcfifo_component/rd_to_wr_cross_inst/sync_r1[0](Sdram_Control_4Port/write_fifo1/dcfifo_component/rd_to_wr_cross_inst/sync_r1[0]_syn_3)
SYN-1001 : 	kept net: Sdram_Control_4Port/write_fifo1/dcfifo_component/wr_to_rd_cross_inst/primary_addr_gray_reg[9](Sdram_Control_4Port/write_fifo1/dcfifo_component/wr_to_rd_cross_inst/primary_addr_gray_reg[9]_syn_5)
SYN-1001 : 	kept net: Sdram_Control_4Port/write_fifo1/dcfifo_component/wr_to_rd_cross_inst/primary_addr_gray_reg[8](Sdram_Control_4Port/write_fifo1/dcfifo_component/wr_to_rd_cross_inst/primary_addr_gray_reg[8]_syn_5)
SYN-1001 : 	kept net: Sdram_Control_4Port/write_fifo1/dcfifo_component/wr_to_rd_cross_inst/primary_addr_gray_reg[7](Sdram_Control_4Port/write_fifo1/dcfifo_component/wr_to_rd_cross_inst/primary_addr_gray_reg[7]_syn_5)
SYN-1001 : 	kept net: Sdram_Control_4Port/write_fifo1/dcfifo_component/wr_to_rd_cross_inst/primary_addr_gray_reg[6](Sdram_Control_4Port/write_fifo1/dcfifo_component/wr_to_rd_cross_inst/primary_addr_gray_reg[6]_syn_5)
SYN-1001 : 	kept net: Sdram_Control_4Port/write_fifo1/dcfifo_component/wr_to_rd_cross_inst/primary_addr_gray_reg[5](Sdram_Control_4Port/write_fifo1/dcfifo_component/wr_to_rd_cross_inst/primary_addr_gray_reg[5]_syn_5)
SYN-1001 : 	kept net: Sdram_Control_4Port/write_fifo1/dcfifo_component/wr_to_rd_cross_inst/primary_addr_gray_reg[4](Sdram_Control_4Port/write_fifo1/dcfifo_component/wr_to_rd_cross_inst/primary_addr_gray_reg[4]_syn_5)
SYN-1001 : 	kept net: Sdram_Control_4Port/write_fifo1/dcfifo_component/wr_to_rd_cross_inst/primary_addr_gray_reg[3](Sdram_Control_4Port/write_fifo1/dcfifo_component/wr_to_rd_cross_inst/primary_addr_gray_reg[3]_syn_5)
SYN-1001 : 	kept net: Sdram_Control_4Port/write_fifo1/dcfifo_component/wr_to_rd_cross_inst/primary_addr_gray_reg[2](Sdram_Control_4Port/write_fifo1/dcfifo_component/wr_to_rd_cross_inst/primary_addr_gray_reg[2]_syn_5)
SYN-1001 : 	kept net: Sdram_Control_4Port/write_fifo1/dcfifo_component/wr_to_rd_cross_inst/primary_addr_gray_reg[1](Sdram_Control_4Port/write_fifo1/dcfifo_component/wr_to_rd_cross_inst/primary_addr_gray_reg[1]_syn_5)
SYN-1001 : 	kept net: Sdram_Control_4Port/write_fifo1/dcfifo_component/wr_to_rd_cross_inst/primary_addr_gray_reg[0](Sdram_Control_4Port/write_fifo1/dcfifo_component/wr_to_rd_cross_inst/primary_addr_gray_reg[0]_syn_5)
SYN-1001 : 	kept net: Sdram_Control_4Port/write_fifo1/dcfifo_component/wr_to_rd_cross_inst/sync_r1[9](Sdram_Control_4Port/write_fifo1/dcfifo_component/wr_to_rd_cross_inst/sync_r1[9]_syn_3)
SYN-1001 : 	kept net: Sdram_Control_4Port/write_fifo1/dcfifo_component/wr_to_rd_cross_inst/sync_r1[8](Sdram_Control_4Port/write_fifo1/dcfifo_component/wr_to_rd_cross_inst/sync_r1[8]_syn_3)
SYN-1001 : 	kept net: Sdram_Control_4Port/write_fifo1/dcfifo_component/wr_to_rd_cross_inst/sync_r1[7](Sdram_Control_4Port/write_fifo1/dcfifo_component/wr_to_rd_cross_inst/sync_r1[7]_syn_3)
SYN-1001 : 	kept net: Sdram_Control_4Port/write_fifo1/dcfifo_component/wr_to_rd_cross_inst/sync_r1[6](Sdram_Control_4Port/write_fifo1/dcfifo_component/wr_to_rd_cross_inst/sync_r1[6]_syn_3)
SYN-1001 : 	kept net: Sdram_Control_4Port/write_fifo1/dcfifo_component/wr_to_rd_cross_inst/sync_r1[5](Sdram_Control_4Port/write_fifo1/dcfifo_component/wr_to_rd_cross_inst/sync_r1[5]_syn_3)
SYN-1001 : 	kept net: Sdram_Control_4Port/write_fifo1/dcfifo_component/wr_to_rd_cross_inst/sync_r1[4](Sdram_Control_4Port/write_fifo1/dcfifo_component/wr_to_rd_cross_inst/sync_r1[4]_syn_3)
SYN-1001 : 	kept net: Sdram_Control_4Port/write_fifo1/dcfifo_component/wr_to_rd_cross_inst/sync_r1[3](Sdram_Control_4Port/write_fifo1/dcfifo_component/wr_to_rd_cross_inst/sync_r1[3]_syn_3)
SYN-1001 : 	kept net: Sdram_Control_4Port/write_fifo1/dcfifo_component/wr_to_rd_cross_inst/sync_r1[2](Sdram_Control_4Port/write_fifo1/dcfifo_component/wr_to_rd_cross_inst/sync_r1[2]_syn_3)
SYN-1001 : 	kept net: Sdram_Control_4Port/write_fifo1/dcfifo_component/wr_to_rd_cross_inst/sync_r1[1](Sdram_Control_4Port/write_fifo1/dcfifo_component/wr_to_rd_cross_inst/sync_r1[1]_syn_3)
SYN-1001 : 	kept net: Sdram_Control_4Port/write_fifo1/dcfifo_component/wr_to_rd_cross_inst/sync_r1[0](Sdram_Control_4Port/write_fifo1/dcfifo_component/wr_to_rd_cross_inst/sync_r1[0]_syn_3)
RUN-1104 : Import SDC file  finished, there are 80 nets kept by constraints.
RUN-1002 : start command "place"
RUN-1001 : Open license file C:/Anlogic/TD5.6.59063/license/Anlogic.lic
RUN-1001 : Print Global Property
RUN-1001 : ---------------------------------------------------------------
RUN-1001 :        Parameters        |  Settings  |  Default Values  |  Note  
RUN-1001 : ---------------------------------------------------------------
RUN-1001 :          message         |  standard  |     standard     |        
RUN-1001 :   mixed_pack_place_flow  |     on     |        on        |        
RUN-1001 :        qor_monitor       |    off     |       off        |        
RUN-1001 :        syn_ip_flow       |    off     |       off        |        
RUN-1001 :          thread          |    auto    |       auto       |        
RUN-1001 : ---------------------------------------------------------------
RUN-1001 : Print Place Property
RUN-1001 : --------------------------------------------------------------
RUN-1001 :        Parameters       |  Settings  |  Default Values  |  Note  
RUN-1001 : --------------------------------------------------------------
RUN-1001 :      detailed_place     |     on     |        on        |        
RUN-1001 :          effort         |   medium   |      medium      |        
RUN-1001 :         fix_hold        |    off     |       off        |        
RUN-1001 :       legalization      |    ori     |       ori        |        
RUN-1001 :      new_spreading      |     on     |        on        |        
RUN-1001 :        opt_timing       |   medium   |      medium      |        
RUN-1001 :   post_clock_route_opt  |    off     |       off        |        
RUN-1001 :       pr_strategy       |     1      |        1         |        
RUN-1001 :        relaxation       |    1.00    |       1.00       |        
RUN-1001 :         retiming        |    off     |       off        |        
RUN-1001 : --------------------------------------------------------------
PHY-3001 : Placer runs in 16 thread(s).
RUN-1002 : start command "legalize_phy_inst"
SYN-1011 : Flatten model test_camera
RUN-1002 : start command "phys_opt -simplify_lut"
SYN-4016 : Net Sdram_Control_4Port/CTRL_CLK driven by BUFG (294 clock/control pins, 1 other pins).
SYN-4027 : Net Sdram_Control_4Port/SDRAM_CLK is clkc1 of pll u_pll/pll_inst.
SYN-4027 : Net vga_clk_dup_1 is clkc2 of pll u_pll/pll_inst.
SYN-4027 : Net u_image_process/u_RGBYCbCr/clk is clkc3 of pll u_pll/pll_inst.
SYN-4027 : Net u_camera_init/u_i2c_write/clk is clkc4 of pll u_pll/pll_inst.
SYN-4019 : Net clk_24m_dup_1 is refclk of pll u_pll/pll_inst.
SYN-4020 : Net clk_24m_dup_1 is fbclk of pll u_pll/pll_inst.
SYN-4024 : Net "cam_pclk_dup_1" drives clk pins.
SYN-4024 : Net "u_camera_init/divider2[8]" drives clk pins.
SYN-4024 : Net "u_camera_init/divider2[7]" drives clk pins.
SYN-4024 : Net "u_image_select/show_clk_n4" drives clk pins.
SYN-4024 : Net "camera_wrreq" drives clk pins.
SYN-4025 : Tag rtl::Net Sdram_Control_4Port/CTRL_CLK as clock net
SYN-4025 : Tag rtl::Net Sdram_Control_4Port/SDRAM_CLK as clock net
SYN-4025 : Tag rtl::Net cam_pclk_dup_1 as clock net
SYN-4025 : Tag rtl::Net camera_wrreq as clock net
SYN-4025 : Tag rtl::Net clk_24m_dup_1 as clock net
SYN-4025 : Tag rtl::Net u_camera_init/divider2[7] as clock net
SYN-4025 : Tag rtl::Net u_camera_init/divider2[8] as clock net
SYN-4025 : Tag rtl::Net u_camera_init/u_i2c_write/clk as clock net
SYN-4025 : Tag rtl::Net u_image_process/u_RGBYCbCr/clk as clock net
SYN-4025 : Tag rtl::Net u_image_select/show_clk_n4 as clock net
SYN-4025 : Tag rtl::Net vga_clk_dup_1 as clock net
SYN-4026 : Tagged 11 rtl::Net as clock net
SYN-4015 : Create BUFG instance for clk Net u_camera_init/divider2[8] to drive 28 clock pins.
SYN-4015 : Create BUFG instance for clk Net u_camera_init/divider2[7] to drive 18 clock pins.
SYN-4015 : Create BUFG instance for clk Net u_image_select/show_clk_n4 to drive 17 clock pins.
SYN-4015 : Create BUFG instance for clk Net camera_wrreq to drive 16 clock pins.
PHY-1001 : Populate physical database on model test_camera.
RUN-1001 : There are total 1784 instances
RUN-0007 : 900 luts, 580 seqs, 103 mslices, 58 lslices, 132 pads, 2 brams, 0 dsps
RUN-1001 : There are total 1994 nets
RUN-1001 : 1408 nets have 2 pins
RUN-1001 : 375 nets have [3 - 5] pins
RUN-1001 : 127 nets have [6 - 10] pins
RUN-1001 : 53 nets have [11 - 20] pins
RUN-1001 : 25 nets have [21 - 99] pins
RUN-1001 : 6 nets have 100+ pins
RUN-1001 : Report Control nets information:
RUN-1001 : DFF Distribution
RUN-1001 : ----------------------------------
RUN-1001 :   CE   |  SSR  |  ASR  |  DFF Count  
RUN-1001 : ----------------------------------
RUN-1001 :   No   |  No   |  No   |     68      
RUN-1001 :   No   |  No   |  Yes  |     331     
RUN-1001 :   No   |  Yes  |  No   |     51      
RUN-1001 :   Yes  |  No   |  No   |     24      
RUN-1001 :   Yes  |  No   |  Yes  |     82      
RUN-1001 :   Yes  |  Yes  |  No   |     24      
RUN-1001 : ----------------------------------
RUN-0007 : Control Group Statistic
RUN-0007 : ---------------------------
RUN-0007 :   #CLK  |  #CE  |  #SSR/ASR  
RUN-0007 : ---------------------------
RUN-0007 :    11   |  14   |     7      
RUN-0007 : ---------------------------
RUN-0007 : Control Set = 31
PHY-3001 : Initial placement ...
PHY-3001 : design contains 1782 instances, 900 luts, 580 seqs, 161 slices, 33 macros(161 instances: 103 mslices 58 lslices)
PHY-0007 : Cell area utilization is 6%
PHY-3001 : Start timing update ...
RUN-1002 : start command "start_timer -report"
TMR-2505 : Start building timing graph for model test_camera.
TMR-2506 : Build timing graph completely. Port num: 19, tpin num: 7655, tnet num: 1992, tinst num: 1782, tnode num: 9487, tedge num: 11913.
TMR-2508 : Levelizing timing graph completed, there are 29 levels in total.
TMR-2501 : Timing graph initialized successfully.
TMR-2503 : Start to update net delay, extr mode = 2.
TMR-2504 : Update delay of 1992 nets completely.
TMR-2502 : Annotate delay completely, extr mode = 2.
TMR-3001 : Initiate 0 clocks from SDC.
TMR-3004 : Map sdc constraints, there are 2 constraints in total.
TMR-3003 : Constraints initiated successfully.
TMR-3501 : Forward propagation: start to calculate arrival time...
TMR-3502 : Backward propagation: start to calculate required time...
TMR-3503 : Timing propagation completes.
PHY-3001 : End timing update;  0.837638s wall, 0.796875s user + 0.031250s system = 0.828125s CPU (98.9%)

PHY-3001 : Global placement ...
PHY-3001 : Initial: Len = 407448
PHY-3001 : Clustering ...
PHY-3001 : Level 0 #clusters 1782.
PHY-3001 : End clustering;  0.000025s wall, 0.000000s user + 0.000000s system = 0.000000s CPU (n/a%)

PHY-3001 : Run with size of 4
PHY-3001 : Cell area utilization is 6%
PHY-3001 : :::0::: Try harder cell spreading with beta_ = 0
PHY-3002 : Step(1): len = 343429, overlap = 9
PHY-3002 : Step(2): len = 277458, overlap = 9
PHY-3002 : Step(3): len = 230307, overlap = 9
PHY-3002 : Step(4): len = 187745, overlap = 9
PHY-3002 : Step(5): len = 165214, overlap = 9
PHY-3002 : Step(6): len = 146875, overlap = 9
PHY-3002 : Step(7): len = 131448, overlap = 9
PHY-3002 : Step(8): len = 113494, overlap = 9
PHY-3002 : Step(9): len = 107004, overlap = 9.3125
PHY-3002 : Step(10): len = 99011.3, overlap = 10.625
PHY-3002 : Step(11): len = 91621.1, overlap = 14.0312
PHY-3002 : Step(12): len = 87256.7, overlap = 15.6875
PHY-3002 : Step(13): len = 81413.3, overlap = 17.9062
PHY-3002 : Step(14): len = 79617.8, overlap = 18.4688
PHY-3002 : Step(15): len = 77073.2, overlap = 19.3125
PHY-3002 : Step(16): len = 76191.4, overlap = 19.8125
PHY-3002 : Step(17): len = 73778, overlap = 20.2188
PHY-3001 : :::1::: Try harder cell spreading with beta_ = 0.000983702
PHY-3002 : Step(18): len = 82539.9, overlap = 20.2188
PHY-3002 : Step(19): len = 82966.3, overlap = 20.125
PHY-3002 : Step(20): len = 82284, overlap = 20.125
PHY-3002 : Step(21): len = 95214, overlap = 11.3125
PHY-3002 : Step(22): len = 95295.3, overlap = 11.3125
PHY-3002 : Step(23): len = 92884.6, overlap = 15.8125
PHY-3002 : Step(24): len = 92456.5, overlap = 15.8125
PHY-3002 : Step(25): len = 91492.1, overlap = 15.8125
PHY-3002 : Step(26): len = 86957.1, overlap = 15.7188
PHY-3002 : Step(27): len = 85656.3, overlap = 15.7188
PHY-3002 : Step(28): len = 84550.4, overlap = 20.125
PHY-3002 : Step(29): len = 84113.3, overlap = 15.625
PHY-3002 : Step(30): len = 83296, overlap = 15.625
PHY-3002 : Step(31): len = 83031.6, overlap = 15.625
PHY-3002 : Step(32): len = 82899.2, overlap = 15.7188
PHY-3002 : Step(33): len = 82896.2, overlap = 11.2188
PHY-3002 : Step(34): len = 82830.1, overlap = 15.7188
PHY-3001 : :::2::: Try harder cell spreading with beta_ = 0.0019674
PHY-3002 : Step(35): len = 82773.3, overlap = 11.2188
PHY-3002 : Step(36): len = 82685.5, overlap = 11.2188
PHY-3001 : :::3::: Try harder cell spreading with beta_ = 0.00393481
PHY-3002 : Step(37): len = 82568, overlap = 11.2188
PHY-3002 : Step(38): len = 82484.8, overlap = 11.2188
PHY-3001 : Legalization ...
PHY-3001 : End legalization;  0.006084s wall, 0.015625s user + 0.000000s system = 0.015625s CPU (256.8%)

PHY-3001 : Run with size of 4
PHY-3001 : Cell area utilization is 8%
PHY-3001 : Update timing in Manhattan mode ...
TMR-2503 : Start to update net delay, extr mode = 3.
TMR-2504 : Update delay of 1992 nets completely.
TMR-2502 : Annotate delay completely, extr mode = 3.
TMR-3501 : Forward propagation: start to calculate arrival time...
TMR-3502 : Backward propagation: start to calculate required time...
TMR-3503 : Timing propagation completes.
PHY-3001 : End timing update;  0.032733s wall, 0.031250s user + 0.000000s system = 0.031250s CPU (95.5%)

PHY-3001 : :::0::: Try harder cell spreading with beta_ = 0.000119512
PHY-3002 : Step(39): len = 80057.5, overlap = 22.125
PHY-3002 : Step(40): len = 80358.8, overlap = 22.2812
PHY-3002 : Step(41): len = 78563.9, overlap = 22.5312
PHY-3002 : Step(42): len = 77984.9, overlap = 22.25
PHY-3002 : Step(43): len = 77235, overlap = 21.6875
PHY-3002 : Step(44): len = 76498.2, overlap = 21.3125
PHY-3002 : Step(45): len = 76281.8, overlap = 20.7812
PHY-3002 : Step(46): len = 75890.1, overlap = 17.1562
PHY-3002 : Step(47): len = 73356.8, overlap = 16.7812
PHY-3002 : Step(48): len = 72509.8, overlap = 17.375
PHY-3002 : Step(49): len = 71198.1, overlap = 17.5
PHY-3002 : Step(50): len = 70915.2, overlap = 17.4062
PHY-3002 : Step(51): len = 70176.7, overlap = 17.5938
PHY-3002 : Step(52): len = 69784.6, overlap = 18.4375
PHY-3002 : Step(53): len = 69271.5, overlap = 17.9375
PHY-3002 : Step(54): len = 68547.4, overlap = 17.1875
PHY-3002 : Step(55): len = 67753.8, overlap = 15.0312
PHY-3002 : Step(56): len = 66779.8, overlap = 22.5
PHY-3002 : Step(57): len = 65699, overlap = 24.625
PHY-3002 : Step(58): len = 64704.3, overlap = 24.8438
PHY-3002 : Step(59): len = 63892.4, overlap = 24.625
PHY-3002 : Step(60): len = 63479.5, overlap = 25.5938
PHY-3002 : Step(61): len = 63052.6, overlap = 26.5938
PHY-3002 : Step(62): len = 62670.5, overlap = 27.625
PHY-3002 : Step(63): len = 62152.7, overlap = 32.9688
PHY-3002 : Step(64): len = 61331.5, overlap = 34.3125
PHY-3002 : Step(65): len = 60741.7, overlap = 37
PHY-3002 : Step(66): len = 60334.5, overlap = 35.7812
PHY-3002 : Step(67): len = 60158.6, overlap = 37.4375
PHY-3002 : Step(68): len = 59857.8, overlap = 34.6562
PHY-3002 : Step(69): len = 59481.5, overlap = 30.9688
PHY-3002 : Step(70): len = 59181.7, overlap = 29.5938
PHY-3002 : Step(71): len = 59069.5, overlap = 28.125
PHY-3001 : :::1::: Try harder cell spreading with beta_ = 0.000239024
PHY-3002 : Step(72): len = 58873.5, overlap = 28.4062
PHY-3002 : Step(73): len = 58841.8, overlap = 29.4688
PHY-3002 : Step(74): len = 58841.8, overlap = 29.4688
PHY-3001 : :::2::: Try harder cell spreading with beta_ = 0.000478047
PHY-3002 : Step(75): len = 58846.2, overlap = 29.0938
PHY-3002 : Step(76): len = 58846.2, overlap = 29.0938
PHY-3001 : Run with size of 2
PHY-3001 : Cell area utilization is 8%
PHY-3001 : Update timing in Manhattan mode ...
TMR-2503 : Start to update net delay, extr mode = 3.
TMR-2504 : Update delay of 1992 nets completely.
TMR-2502 : Annotate delay completely, extr mode = 3.
TMR-3501 : Forward propagation: start to calculate arrival time...
TMR-3502 : Backward propagation: start to calculate required time...
TMR-3503 : Timing propagation completes.
PHY-3001 : End timing update;  0.033401s wall, 0.031250s user + 0.000000s system = 0.031250s CPU (93.6%)

PHY-3001 : :::0::: Try harder cell spreading with beta_ = 1.03657e-05
PHY-3002 : Step(77): len = 58889.4, overlap = 64.25
PHY-3002 : Step(78): len = 58889.4, overlap = 64.25
PHY-3001 : :::1::: Try harder cell spreading with beta_ = 2.07314e-05
PHY-3002 : Step(79): len = 59910.9, overlap = 61.4688
PHY-3002 : Step(80): len = 59910.9, overlap = 61.4688
PHY-3002 : Step(81): len = 59878.8, overlap = 61.375
PHY-3002 : Step(82): len = 59921.6, overlap = 61.0938
PHY-3002 : Step(83): len = 60060.9, overlap = 60.5
PHY-3001 : :::2::: Try harder cell spreading with beta_ = 3.61237e-05
PHY-3002 : Step(84): len = 60819.8, overlap = 59.4062
PHY-3002 : Step(85): len = 61079.6, overlap = 58.7812
PHY-3002 : Step(86): len = 63385.5, overlap = 43.5625
PHY-3002 : Step(87): len = 62574.9, overlap = 42.5
PHY-3002 : Step(88): len = 62452.6, overlap = 42.3125
PHY-3001 : :::3::: Try harder cell spreading with beta_ = 7.22474e-05
PHY-3002 : Step(89): len = 63325.2, overlap = 40.75
PHY-3002 : Step(90): len = 63325.2, overlap = 40.75
PHY-3002 : Step(91): len = 63310.2, overlap = 41.0625
PHY-3002 : Step(92): len = 63373.7, overlap = 41.4062
PHY-3002 : Step(93): len = 63373.7, overlap = 41.4062
PHY-3001 : :::4::: Try harder cell spreading with beta_ = 0.000137461
PHY-3002 : Step(94): len = 64846.6, overlap = 35.6562
PHY-3002 : Step(95): len = 65223.5, overlap = 34.25
PHY-3002 : Step(96): len = 65607.6, overlap = 30.6875
PHY-3002 : Step(97): len = 65634.6, overlap = 30.375
PHY-3002 : Step(98): len = 65617.7, overlap = 29.9062
OPT-1001 : Start physical optimization ...
RUN-1002 : start command "start_timer -report"
TMR-2505 : Start building timing graph for model test_camera.
TMR-2506 : Build timing graph completely. Port num: 19, tpin num: 7655, tnet num: 1992, tinst num: 1782, tnode num: 9487, tedge num: 11913.
TMR-2508 : Levelizing timing graph completed, there are 29 levels in total.
TMR-2501 : Timing graph initialized successfully.
OPT-1001 : Total overflow 77.53 peak overflow 2.72
OPT-1001 : Start high-fanout net optimization ...
OPT-1001 : Update timing in global mode
PHY-1001 : Start incremental global routing, caller is place ...
RUN-1001 : Generating global routing grids ...
RUN-1001 : Building simple global routing graph ...
PHY-1001 : Generate routing nets ...
PHY-1001 : Reuse net number 0/1994.
PHY-1001 : Global iterations in 16 thread ...
PHY-1002 : len = 72496, over cnt = 198(0%), over = 752, worst = 19
PHY-1001 : End global iterations;  0.116289s wall, 0.109375s user + 0.031250s system = 0.140625s CPU (120.9%)

PHY-1001 : Congestion index: top1 = 37.26, top5 = 22.51, top10 = 15.55, top15 = 11.80.
PHY-1001 : End incremental global routing;  0.179219s wall, 0.156250s user + 0.046875s system = 0.203125s CPU (113.3%)

TMR-2503 : Start to update net delay, extr mode = 5.
TMR-2504 : Update delay of 1992 nets completely.
TMR-2502 : Annotate delay completely, extr mode = 5.
TMR-3001 : Initiate 0 clocks from SDC.
TMR-3004 : Map sdc constraints, there are 2 constraints in total.
TMR-3003 : Constraints initiated successfully.
TMR-3501 : Forward propagation: start to calculate arrival time...
TMR-3502 : Backward propagation: start to calculate required time...
TMR-3503 : Timing propagation completes.
OPT-1001 : End timing update;  0.043044s wall, 0.046875s user + 0.000000s system = 0.046875s CPU (108.9%)

OPT-1001 : 0 high-fanout net processed.
OPT-1001 : End high-fanout net optimization;  0.252398s wall, 0.234375s user + 0.046875s system = 0.281250s CPU (111.4%)

OPT-1001 : Current memory(MB): used = 185, reserve = 158, peak = 185.
OPT-1001 : Start global optimization ...
OPT-1001 : Start congestion update ...
RUN-1001 : Generating global routing grids ...
PHY-1001 : Generate routing nets ...
PHY-1001 : Reuse net number 1363/1994.
PHY-1001 : Global iterations in 16 thread ...
PHY-1002 : len = 72496, over cnt = 198(0%), over = 752, worst = 19
PHY-1002 : len = 76232, over cnt = 122(0%), over = 388, worst = 18
PHY-1002 : len = 78648, over cnt = 47(0%), over = 155, worst = 13
PHY-1002 : len = 80488, over cnt = 1(0%), over = 1, worst = 1
PHY-1002 : len = 80472, over cnt = 0(0%), over = 0, worst = 0
PHY-1001 : End global iterations;  0.119930s wall, 0.140625s user + 0.000000s system = 0.140625s CPU (117.3%)

PHY-1001 : Congestion index: top1 = 33.28, top5 = 22.73, top10 = 16.39, top15 = 12.59.
OPT-1001 : End congestion update;  0.177538s wall, 0.203125s user + 0.000000s system = 0.203125s CPU (114.4%)

OPT-1001 : Update timing in Manhattan mode
TMR-2503 : Start to update net delay, extr mode = 3.
TMR-2504 : Update delay of 1992 nets completely.
TMR-2502 : Annotate delay completely, extr mode = 3.
TMR-3501 : Forward propagation: start to calculate arrival time...
TMR-3502 : Backward propagation: start to calculate required time...
TMR-3503 : Timing propagation completes.
OPT-1001 : End timing update;  0.031911s wall, 0.031250s user + 0.000000s system = 0.031250s CPU (97.9%)

OPT-0007 : Start: WNS 4370 TNS 0 NUM_FEPS 0
OPT-1001 : End global optimization;  0.209555s wall, 0.234375s user + 0.000000s system = 0.234375s CPU (111.8%)

OPT-1001 : Current memory(MB): used = 187, reserve = 160, peak = 187.
OPT-1001 : End physical optimization;  1.285598s wall, 1.328125s user + 0.062500s system = 1.390625s CPU (108.2%)

PHY-3001 : Start packing ...
SYN-4007 : Packing 0 MUX to BLE ...
SYN-4008 : Packed 0 MUX and 0 SEQ to BLE.
SYN-4007 : Packing 900 LUT to BLE ...
SYN-4008 : Packed 900 LUT and 313 SEQ to BLE.
SYN-4003 : Packing 267 remaining SEQ's ...
SYN-4005 : Packed 148 SEQ with LUT/SLICE
SYN-4006 : 466 single LUT's are left
SYN-4006 : 119 single SEQ's are left
SYN-4011 : Packing model "test_camera" (AL_USER_NORMAL) with 1019/1483 primitive instances ...
PHY-3001 : End packing;  0.075088s wall, 0.078125s user + 0.000000s system = 0.078125s CPU (104.0%)

PHY-1001 : Populate physical database on model test_camera.
RUN-1001 : There are total 868 instances
RUN-1001 : 363 mslices, 362 lslices, 132 pads, 2 brams, 0 dsps
RUN-1001 : There are total 1721 nets
RUN-1001 : 1129 nets have 2 pins
RUN-1001 : 382 nets have [3 - 5] pins
RUN-1001 : 131 nets have [6 - 10] pins
RUN-1001 : 45 nets have [11 - 20] pins
RUN-1001 : 28 nets have [21 - 99] pins
RUN-1001 : 6 nets have 100+ pins
PHY-3001 : design contains 866 instances, 725 slices, 33 macros(161 instances: 103 mslices 58 lslices)
PHY-3001 : Cell area utilization is 9%
PHY-3001 : After packing: Len = 66436.6, Over = 47.5
PHY-3001 : Run with size of 2
PHY-3001 : Cell area utilization is 9%
PHY-3001 : Update timing in Manhattan mode ...
RUN-1002 : start command "start_timer -report"
TMR-2505 : Start building timing graph for model test_camera.
TMR-2506 : Build timing graph completely. Port num: 19, tpin num: 6784, tnet num: 1719, tinst num: 866, tnode num: 8107, tedge num: 11047.
TMR-2508 : Levelizing timing graph completed, there are 28 levels in total.
TMR-2501 : Timing graph initialized successfully.
TMR-2503 : Start to update net delay, extr mode = 3.
TMR-2504 : Update delay of 1719 nets completely.
TMR-2502 : Annotate delay completely, extr mode = 3.
TMR-3001 : Initiate 0 clocks from SDC.
TMR-3004 : Map sdc constraints, there are 2 constraints in total.
TMR-3003 : Constraints initiated successfully.
TMR-3501 : Forward propagation: start to calculate arrival time...
TMR-3502 : Backward propagation: start to calculate required time...
TMR-3503 : Timing propagation completes.
PHY-3001 : End timing update;  0.885892s wall, 0.859375s user + 0.000000s system = 0.859375s CPU (97.0%)

PHY-3001 : :::0::: Try harder cell spreading with beta_ = 4.09561e-05
PHY-3002 : Step(99): len = 65935.6, overlap = 47.5
PHY-3002 : Step(100): len = 65622.7, overlap = 47
PHY-3002 : Step(101): len = 65303.7, overlap = 47.5
PHY-3002 : Step(102): len = 64818.9, overlap = 47.5
PHY-3002 : Step(103): len = 64796.3, overlap = 47.25
PHY-3002 : Step(104): len = 64666.6, overlap = 48
PHY-3001 : :::1::: Try harder cell spreading with beta_ = 8.19122e-05
PHY-3002 : Step(105): len = 65364, overlap = 44.75
PHY-3002 : Step(106): len = 65845.1, overlap = 44.75
PHY-3002 : Step(107): len = 66183.7, overlap = 41.75
PHY-3001 : :::2::: Try harder cell spreading with beta_ = 0.000163824
PHY-3002 : Step(108): len = 66855.7, overlap = 40.25
PHY-3002 : Step(109): len = 66855.7, overlap = 40.25
PHY-3001 : Legalization ...
PHY-3001 : End legalization;  0.146396s wall, 0.109375s user + 0.265625s system = 0.375000s CPU (256.2%)

PHY-3001 : Trial Legalized: Len = 79583.6
PHY-3001 : Run with size of 2
PHY-3001 : Cell area utilization is 9%
PHY-3001 : Update timing in Manhattan mode ...
TMR-2503 : Start to update net delay, extr mode = 3.
TMR-2504 : Update delay of 1719 nets completely.
TMR-2502 : Annotate delay completely, extr mode = 3.
TMR-3501 : Forward propagation: start to calculate arrival time...
TMR-3502 : Backward propagation: start to calculate required time...
TMR-3503 : Timing propagation completes.
PHY-3001 : End timing update;  0.029024s wall, 0.031250s user + 0.000000s system = 0.031250s CPU (107.7%)

PHY-3001 : :::0::: Try harder cell spreading with beta_ = 0.000506861
PHY-3002 : Step(110): len = 76085.7, overlap = 3.75
PHY-3002 : Step(111): len = 72436.4, overlap = 10
PHY-3002 : Step(112): len = 70739.8, overlap = 15.25
PHY-3002 : Step(113): len = 70149, overlap = 17.5
PHY-3002 : Step(114): len = 69748.5, overlap = 19.5
PHY-3002 : Step(115): len = 69349.7, overlap = 24.75
PHY-3001 : :::1::: Try harder cell spreading with beta_ = 0.00101372
PHY-3002 : Step(116): len = 69526.7, overlap = 22.75
PHY-3002 : Step(117): len = 69540.6, overlap = 22.25
PHY-3001 : :::2::: Try harder cell spreading with beta_ = 0.00202744
PHY-3002 : Step(118): len = 69548.6, overlap = 22
PHY-3002 : Step(119): len = 69548.6, overlap = 22
PHY-3001 : Legalization ...
PHY-3001 : End legalization;  0.005783s wall, 0.000000s user + 0.000000s system = 0.000000s CPU (n/a%)

PHY-3001 : Legalized: Len = 74826.2, Over = 0
PHY-3001 : Spreading special nets. 11 overflows in 2952 tiles.
PHY-3001 : End spreading;  0.007075s wall, 0.015625s user + 0.000000s system = 0.015625s CPU (220.8%)

PHY-3001 : 16 instances has been re-located, deltaX = 3, deltaY = 10, maxDist = 1.
PHY-3001 : Final: Len = 75090.2, Over = 0
OPT-1001 : Start physical optimization ...
RUN-1002 : start command "start_timer -report"
TMR-2505 : Start building timing graph for model test_camera.
TMR-2506 : Build timing graph completely. Port num: 19, tpin num: 6784, tnet num: 1719, tinst num: 866, tnode num: 8107, tedge num: 11047.
TMR-2508 : Levelizing timing graph completed, there are 28 levels in total.
TMR-2501 : Timing graph initialized successfully.
OPT-1001 : Total overflow 0.00 peak overflow 0.00
OPT-1001 : Start high-fanout net optimization ...
OPT-1001 : Update timing in global mode
PHY-1001 : Start incremental global routing, caller is place ...
RUN-1001 : Generating global routing grids ...
PHY-1001 : Generate routing nets ...
PHY-1001 : Reuse net number 105/1721.
PHY-1001 : Global iterations in 16 thread ...
PHY-1002 : len = 85656, over cnt = 159(0%), over = 231, worst = 5
PHY-1002 : len = 86472, over cnt = 56(0%), over = 70, worst = 5
PHY-1002 : len = 87240, over cnt = 9(0%), over = 12, worst = 2
PHY-1002 : len = 87320, over cnt = 1(0%), over = 2, worst = 2
PHY-1002 : len = 87328, over cnt = 0(0%), over = 0, worst = 0
PHY-1001 : End global iterations;  0.221107s wall, 0.281250s user + 0.046875s system = 0.328125s CPU (148.4%)

PHY-1001 : Congestion index: top1 = 28.64, top5 = 21.91, top10 = 17.14, top15 = 13.72.
PHY-1001 : End incremental global routing;  0.287505s wall, 0.343750s user + 0.046875s system = 0.390625s CPU (135.9%)

TMR-2503 : Start to update net delay, extr mode = 5.
TMR-2504 : Update delay of 1719 nets completely.
TMR-2502 : Annotate delay completely, extr mode = 5.
TMR-3001 : Initiate 0 clocks from SDC.
TMR-3004 : Map sdc constraints, there are 2 constraints in total.
TMR-3003 : Constraints initiated successfully.
TMR-3501 : Forward propagation: start to calculate arrival time...
TMR-3502 : Backward propagation: start to calculate required time...
TMR-3503 : Timing propagation completes.
OPT-1001 : End timing update;  0.039648s wall, 0.046875s user + 0.000000s system = 0.046875s CPU (118.2%)

OPT-1001 : 0 high-fanout net processed.
OPT-1001 : End high-fanout net optimization;  0.358313s wall, 0.406250s user + 0.046875s system = 0.453125s CPU (126.5%)

OPT-1001 : Current memory(MB): used = 194, reserve = 168, peak = 194.
OPT-1001 : Start path based optimization ...
OPT-1001 : Start congestion update ...
RUN-1001 : Generating global routing grids ...
PHY-1001 : Generate routing nets ...
PHY-1001 : Reuse net number 1439/1721.
PHY-1001 : Global iterations in 16 thread ...
PHY-1002 : len = 87328, over cnt = 0(0%), over = 0, worst = 0
PHY-1001 : End global iterations;  0.009305s wall, 0.000000s user + 0.000000s system = 0.000000s CPU (n/a%)

PHY-1001 : Congestion index: top1 = 28.64, top5 = 21.91, top10 = 17.14, top15 = 13.72.
OPT-1001 : End congestion update;  0.066180s wall, 0.078125s user + 0.000000s system = 0.078125s CPU (118.0%)

OPT-1001 : Update timing in Manhattan mode
TMR-2503 : Start to update net delay, extr mode = 3.
TMR-2504 : Update delay of 1719 nets completely.
TMR-2502 : Annotate delay completely, extr mode = 3.
TMR-3501 : Forward propagation: start to calculate arrival time...
TMR-3502 : Backward propagation: start to calculate required time...
TMR-3503 : Timing propagation completes.
OPT-1001 : End timing update;  0.028560s wall, 0.031250s user + 0.000000s system = 0.031250s CPU (109.4%)

OPT-0007 : Start: WNS 4295 TNS 0 NUM_FEPS 0
OPT-1001 : End path based optimization;  0.094872s wall, 0.109375s user + 0.000000s system = 0.109375s CPU (115.3%)

OPT-1001 : Current memory(MB): used = 195, reserve = 168, peak = 195.
OPT-1001 : Update timing in Manhattan mode
TMR-2503 : Start to update net delay, extr mode = 3.
TMR-2504 : Update delay of 1719 nets completely.
TMR-2502 : Annotate delay completely, extr mode = 3.
TMR-3501 : Forward propagation: start to calculate arrival time...
TMR-3502 : Backward propagation: start to calculate required time...
TMR-3503 : Timing propagation completes.
OPT-1001 : End timing update;  0.027621s wall, 0.015625s user + 0.000000s system = 0.015625s CPU (56.6%)

OPT-1001 : Start pin optimization...
OPT-1001 : skip pin optimization...
OPT-1001 : Update timing in global mode
PHY-1001 : Start incremental global routing, caller is place ...
RUN-1001 : Generating global routing grids ...
PHY-1001 : Generate routing nets ...
PHY-1001 : Reuse net number 1439/1721.
PHY-1001 : Global iterations in 16 thread ...
PHY-1002 : len = 87328, over cnt = 0(0%), over = 0, worst = 0
PHY-1001 : End global iterations;  0.009400s wall, 0.015625s user + 0.000000s system = 0.015625s CPU (166.2%)

PHY-1001 : Congestion index: top1 = 28.64, top5 = 21.91, top10 = 17.14, top15 = 13.72.
PHY-1001 : End incremental global routing;  0.066194s wall, 0.078125s user + 0.000000s system = 0.078125s CPU (118.0%)

TMR-2503 : Start to update net delay, extr mode = 5.
TMR-2504 : Update delay of 1719 nets completely.
TMR-2502 : Annotate delay completely, extr mode = 5.
TMR-3501 : Forward propagation: start to calculate arrival time...
TMR-3502 : Backward propagation: start to calculate required time...
TMR-3503 : Timing propagation completes.
OPT-1001 : End timing update;  0.038153s wall, 0.031250s user + 0.000000s system = 0.031250s CPU (81.9%)

RUN-1001 : Generating global routing grids ...
PHY-1001 : Generate routing nets ...
PHY-1001 : Reuse net number 1439/1721.
PHY-1001 : Global iterations in 16 thread ...
PHY-1002 : len = 87328, over cnt = 0(0%), over = 0, worst = 0
PHY-1001 : End global iterations;  0.009146s wall, 0.015625s user + 0.000000s system = 0.015625s CPU (170.8%)

PHY-1001 : Congestion index: top1 = 28.64, top5 = 21.91, top10 = 17.14, top15 = 13.72.
OPT-1001 : Update timing in Manhattan mode
TMR-2503 : Start to update net delay, extr mode = 3.
TMR-2504 : Update delay of 1719 nets completely.
TMR-2502 : Annotate delay completely, extr mode = 3.
TMR-3501 : Forward propagation: start to calculate arrival time...
TMR-3502 : Backward propagation: start to calculate required time...
TMR-3503 : Timing propagation completes.
OPT-1001 : End timing update;  0.028230s wall, 0.031250s user + 0.000000s system = 0.031250s CPU (110.7%)

RUN-1001 : QoR Analysis:
OPT-0007 :   WNS 4295 TNS 0 NUM_FEPS 0
RUN-1001 :   No local congestion issue, and most congested 1% tile average routing util is 28.206897
RUN-1001 :   Top critical paths
OPT-1001 : End physical optimization;  1.558133s wall, 1.640625s user + 0.046875s system = 1.687500s CPU (108.3%)

RUN-1003 : finish command "place" in  8.050534s wall, 10.125000s user + 4.218750s system = 14.343750s CPU (178.2%)

RUN-1004 : used memory is 174 MB, reserved memory is 148 MB, peak memory is 196 MB
RUN-1002 : start command "export_db ov2640_sdram_place.db"
RUN-1001 : Exported /
RUN-1001 : Exported flow parameters
RUN-1001 : Exported libs
RUN-1001 : Exported entities
RUN-1001 : Exported ports
RUN-1001 : Exported pins
RUN-1001 : Exported instances
RUN-1001 : Exported nets
RUN-1001 : Exported buses
RUN-1001 : Exported models
RUN-1001 : Exported congestions
RUN-1001 : Exported violations
RUN-1001 : Exported timing constraints
RUN-1001 : Exported IO constraints
RUN-1001 : Exported Inst constraints
RUN-1002 : start command "route"
RUN-1001 : Open license file C:/Anlogic/TD5.6.59063/license/Anlogic.lic
RUN-1001 : Print Global Property
RUN-1001 : ---------------------------------------------------------------
RUN-1001 :        Parameters        |  Settings  |  Default Values  |  Note  
RUN-1001 : ---------------------------------------------------------------
RUN-1001 :          message         |  standard  |     standard     |        
RUN-1001 :   mixed_pack_place_flow  |     on     |        on        |        
RUN-1001 :        qor_monitor       |    off     |       off        |        
RUN-1001 :        syn_ip_flow       |    off     |       off        |        
RUN-1001 :          thread          |    auto    |       auto       |        
RUN-1001 : ---------------------------------------------------------------
RUN-1001 : Print Route Property
RUN-1001 : -------------------------------------------------------
RUN-1001 :    Parameters    |  Settings  |  Default Values  |  Note  
RUN-1001 : -------------------------------------------------------
RUN-1001 :      effort      |   medium   |      medium      |        
RUN-1001 :     fix_hold     |    off     |       off        |        
RUN-1001 :    opt_timing    |   medium   |      medium      |        
RUN-1001 :   phy_sim_model  |    off     |       off        |        
RUN-1001 :     priority     |   timing   |      timing      |        
RUN-1001 :     swap_pin     |     on     |        on        |        
RUN-1001 : -------------------------------------------------------
PHY-1001 : Route runs in 16 thread(s)
RUN-1001 : There are total 868 instances
RUN-1001 : 363 mslices, 362 lslices, 132 pads, 2 brams, 0 dsps
RUN-1001 : There are total 1721 nets
RUN-1001 : 1129 nets have 2 pins
RUN-1001 : 382 nets have [3 - 5] pins
RUN-1001 : 131 nets have [6 - 10] pins
RUN-1001 : 45 nets have [11 - 20] pins
RUN-1001 : 28 nets have [21 - 99] pins
RUN-1001 : 6 nets have 100+ pins
RUN-1002 : start command "start_timer -report"
TMR-2505 : Start building timing graph for model test_camera.
TMR-2506 : Build timing graph completely. Port num: 19, tpin num: 6784, tnet num: 1719, tinst num: 866, tnode num: 8107, tedge num: 11047.
TMR-2508 : Levelizing timing graph completed, there are 28 levels in total.
TMR-2501 : Timing graph initialized successfully.
PHY-1001 : 363 mslices, 362 lslices, 132 pads, 2 brams, 0 dsps
TMR-2503 : Start to update net delay, extr mode = 3.
TMR-2504 : Update delay of 1719 nets completely.
TMR-2502 : Annotate delay completely, extr mode = 3.
TMR-3001 : Initiate 0 clocks from SDC.
TMR-3004 : Map sdc constraints, there are 2 constraints in total.
TMR-3003 : Constraints initiated successfully.
TMR-3501 : Forward propagation: start to calculate arrival time...
TMR-3502 : Backward propagation: start to calculate required time...
TMR-3503 : Timing propagation completes.
PHY-1001 : Start global routing, caller is route ...
RUN-1001 : Generating global routing grids ...
PHY-1001 : Generate routing nets ...
PHY-1001 : Global iterations in 16 thread ...
PHY-1002 : len = 84776, over cnt = 165(0%), over = 242, worst = 5
PHY-1002 : len = 85744, over cnt = 66(0%), over = 82, worst = 5
PHY-1002 : len = 86680, over cnt = 3(0%), over = 5, worst = 2
PHY-1002 : len = 86680, over cnt = 0(0%), over = 0, worst = 0
PHY-1001 : End global iterations;  0.215214s wall, 0.250000s user + 0.031250s system = 0.281250s CPU (130.7%)

PHY-1001 : Congestion index: top1 = 28.21, top5 = 21.82, top10 = 17.14, top15 = 13.73.
PHY-1001 : End global routing;  0.277463s wall, 0.296875s user + 0.031250s system = 0.328125s CPU (118.3%)

PHY-1001 : Start detail routing ...
PHY-1001 : Current memory(MB): used = 214, reserve = 188, peak = 230.
PHY-1001 : Detailed router is running in normal mode.
PHY-1001 : Generate detailed routing grids ...
PHY-1001 : Generate nets ...
PHY-1001 : net cam_pclk_dup_1 will be routed on clock mesh
PHY-1001 : clock net camera_wrreq_syn_2 will be merged with clock camera_wrreq
PHY-1001 : net clk_24m_dup_1 will be routed on clock mesh
PHY-1001 : net vga_clk_dup_1 will be routed on clock mesh
PHY-1001 : clock net u_image_select/show_clk_n4_syn_3 will be merged with clock u_image_select/show_clk_n4
PHY-1001 : net u_image_process/u_RGBYCbCr/clk will be routed on clock mesh
PHY-1001 : clock net Sdram_Control_4Port/CTRL_CLK will be merged with clock u_pll/clk0_buf
PHY-1001 : net Sdram_Control_4Port/SDRAM_CLK will be routed on clock mesh
PHY-1001 : net u_camera_init/u_i2c_write/clk will be routed on clock mesh
PHY-1001 : clock net u_camera_init/divider2[8]_syn_4 will be merged with clock u_camera_init/divider2[8]
PHY-1001 : clock net u_camera_init/divider2[7]_syn_2 will be merged with clock u_camera_init/divider2[7]
PHY-1001 : Current memory(MB): used = 480, reserve = 458, peak = 480.
PHY-1001 : End build detailed router design. 3.840760s wall, 3.750000s user + 0.093750s system = 3.843750s CPU (100.1%)

PHY-1001 : Detail Route ...
PHY-1001 : ===== Detail Route Phase 1 =====
PHY-1001 : Clock net routing.....
PHY-1001 : Routed 0% nets.
PHY-1022 : len = 24352, over cnt = 0(0%), over = 0, worst = 0, crit = 0
PHY-1001 : End initial clock net routed; 4.261258s wall, 4.265625s user + 0.000000s system = 4.265625s CPU (100.1%)

PHY-1001 : Current memory(MB): used = 512, reserve = 491, peak = 512.
PHY-1001 : End phase 1; 4.267601s wall, 4.265625s user + 0.000000s system = 4.265625s CPU (100.0%)

PHY-1001 : ===== Detail Route Phase 2 =====
PHY-1001 : Initial routing.....
PHY-1001 : Routed 21% nets.
PHY-1001 : Routed 26% nets.
PHY-1001 : Routed 29% nets.
PHY-1001 : Routed 32% nets.
PHY-1001 : Routed 40% nets.
PHY-1001 : Patch 814 net; 1.989958s wall, 2.000000s user + 0.000000s system = 2.000000s CPU (100.5%)

PHY-1022 : len = 166288, over cnt = 94(0%), over = 95, worst = 2, crit = 0
PHY-1001 : Current memory(MB): used = 513, reserve = 492, peak = 513.
PHY-1001 : End initial routed; 5.458839s wall, 6.015625s user + 0.125000s system = 6.140625s CPU (112.5%)

PHY-1001 : Update timing.....
PHY-1001 : 0/1524(0%) critical/total net(s).
RUN-1001 : ------------------------------------------
RUN-1001 :   Type   |    WNS(ns)    |  TNS(ns)  |  FEP  
RUN-1001 : ------------------------------------------
RUN-1001 :   Setup  |     3.846     |   0.000   |   0   
RUN-1001 :   Hold   |  2147483.647  |   0.000   |   0   
RUN-1001 : ------------------------------------------
PHY-1001 : End update timing; 0.924489s wall, 0.921875s user + 0.000000s system = 0.921875s CPU (99.7%)

PHY-1001 : Current memory(MB): used = 516, reserve = 495, peak = 516.
PHY-1001 : End phase 2; 6.383397s wall, 6.937500s user + 0.125000s system = 7.062500s CPU (110.6%)

PHY-1001 : ===== Detail Route Phase 3 =====
PHY-1001 : Optimize timing.....
PHY-1022 : len = 166288, over cnt = 94(0%), over = 95, worst = 2, crit = 0
PHY-1001 : End optimize timing; 0.008644s wall, 0.000000s user + 0.000000s system = 0.000000s CPU (n/a%)

PHY-1001 : Ripup-reroute.....
PHY-1001 : ===== DR Iter 1 =====
PHY-1022 : len = 165808, over cnt = 21(0%), over = 21, worst = 1, crit = 0
PHY-1001 : End DR Iter 1; 0.114504s wall, 0.156250s user + 0.000000s system = 0.156250s CPU (136.5%)

PHY-1001 : ===== DR Iter 2 =====
PHY-1022 : len = 165800, over cnt = 1(0%), over = 1, worst = 1, crit = 0
PHY-1001 : End DR Iter 2; 0.031308s wall, 0.046875s user + 0.000000s system = 0.046875s CPU (149.7%)

PHY-1001 : ===== DR Iter 3 =====
PHY-1022 : len = 165816, over cnt = 0(0%), over = 0, worst = 0, crit = 0
PHY-1001 : End DR Iter 3; 0.023057s wall, 0.031250s user + 0.000000s system = 0.031250s CPU (135.5%)

PHY-1001 : Update timing.....
PHY-1001 : 0/1524(0%) critical/total net(s).
RUN-1001 : ------------------------------------------
RUN-1001 :   Type   |    WNS(ns)    |  TNS(ns)  |  FEP  
RUN-1001 : ------------------------------------------
RUN-1001 :   Setup  |     3.846     |   0.000   |   0   
RUN-1001 :   Hold   |  2147483.647  |   0.000   |   0   
RUN-1001 : ------------------------------------------
PHY-1001 : End update timing; 0.927125s wall, 0.921875s user + 0.000000s system = 0.921875s CPU (99.4%)

PHY-1001 : Commit to database.....
PHY-1001 : 30 feed throughs used by 21 nets
PHY-1001 : End commit to database; 0.185968s wall, 0.187500s user + 0.000000s system = 0.187500s CPU (100.8%)

PHY-1001 : Current memory(MB): used = 530, reserve = 510, peak = 530.
PHY-1001 : End phase 3; 1.418751s wall, 1.468750s user + 0.000000s system = 1.468750s CPU (103.5%)

PHY-1003 : Routed, final wirelength = 165816
PHY-1001 : Current memory(MB): used = 531, reserve = 510, peak = 531.
PHY-1001 : End export database. 0.010619s wall, 0.015625s user + 0.000000s system = 0.015625s CPU (147.1%)

PHY-1001 : End detail routing;  16.153794s wall, 16.656250s user + 0.250000s system = 16.906250s CPU (104.7%)

RUN-1003 : finish command "route" in  17.376210s wall, 17.906250s user + 0.281250s system = 18.187500s CPU (104.7%)

RUN-1004 : used memory is 463 MB, reserved memory is 444 MB, peak memory is 531 MB
RUN-1002 : start command "report_area -io_info -file ov2640_sdram_phy.area"
RUN-1001 : standard
***Report Model: test_camera Device: EG4S20BG256***

IO Statistics
#IO                        77
  #input                   29
  #output                  47
  #inout                    1

Utilization Statistics
#lut                     1278   out of  19600    6.52%
#reg                      595   out of  19600    3.04%
#le                      1397
  #lut only               802   out of   1397   57.41%
  #reg only               119   out of   1397    8.52%
  #lut&reg                476   out of   1397   34.07%
#dsp                        0   out of     29    0.00%
#bram                       0   out of     64    0.00%
  #bram9k                   0
  #fifo9k                   0
#bram32k                    2   out of     16   12.50%
#pad                       77   out of    188   40.96%
  #ireg                     0
  #oreg                     0
  #treg                     0
#pll                        1   out of      4   25.00%
#gclk                      11   out of     16   68.75%

Clock Resource Statistics
Index     ClockNet                          Type               DriverType         Driver                           Fanout
#1        u_pll/clk0_buf                    GCLK               pll                u_pll/pll_inst.clkc0             171
#2        cam_pclk_dup_1                    GCLK               io                 cam_pclk_syn_2.di                56
#3        vga_clk_dup_1                     GCLK               pll                u_pll/pll_inst.clkc2             43
#4        u_camera_init/divider2[8]         GCLK               lslice             u_camera_init/add2_syn_56.q1     23
#5        u_camera_init/u_i2c_write/clk     GCLK               pll                u_pll/pll_inst.clkc4             21
#6        u_camera_init/divider2[7]         GCLK               lslice             u_camera_init/add2_syn_56.q0     15
#7        camera_wrreq                      GCLK               lslice             u_image_select/sel0_syn_34.f1    10
#8        u_image_select/show_clk_n4        GCLK               lslice             u_image_select/sel0_syn_36.f0    9
#9        clk_24m_dup_1                     GCLK               io                 clk_24m_syn_2.di                 7
#10       Sdram_Control_4Port/SDRAM_CLK     GCLK               pll                u_pll/pll_inst.clkc1             0
#11       u_image_process/u_RGBYCbCr/clk    GCLK               pll                u_pll/pll_inst.clkc3             0


Detailed IO Report

     Name        Direction    Location    IOStandard    DriveStrength    PullType    PackReg  
   Switch[5]       INPUT         P6        LVCMOS25          N/A          PULLUP      NONE    
   Switch[4]       INPUT         M6        LVCMOS25          N/A          PULLUP      NONE    
   Switch[3]       INPUT         T6        LVCMOS25          N/A          PULLUP      NONE    
   Switch[2]       INPUT         T5        LVCMOS25          N/A          PULLUP      NONE    
   Switch[1]       INPUT         R5        LVCMOS25          N/A          PULLUP      NONE    
   Switch[0]       INPUT         T4        LVCMOS25          N/A          PULLUP      NONE    
  cam_data[7]      INPUT        H13        LVCMOS33          N/A          PULLUP      NONE    
  cam_data[6]      INPUT        G16        LVCMOS33          N/A          PULLUP      NONE    
  cam_data[5]      INPUT        H16        LVCMOS33          N/A          PULLUP      NONE    
  cam_data[4]      INPUT        G14        LVCMOS33          N/A          PULLUP      NONE    
  cam_data[3]      INPUT        K15        LVCMOS33          N/A          PULLUP      NONE    
  cam_data[2]      INPUT        K16        LVCMOS33          N/A          PULLUP      NONE    
  cam_data[1]      INPUT        J16        LVCMOS33          N/A          PULLUP      NONE    
  cam_data[0]      INPUT        H15        LVCMOS33          N/A          PULLUP      NONE    
   cam_href        INPUT        F15        LVCMOS33          N/A          PULLUP      NONE    
   cam_pclk        INPUT        K12        LVCMOS33          N/A          PULLUP      NONE    
   cam_vsync       INPUT        E15        LVCMOS33          N/A          PULLUP      NONE    
    clk_24m        INPUT        K14        LVCMOS33          N/A          PULLUP      NONE    
     rst_n         INPUT        G11        LVCMOS33          N/A          PULLUP      NONE    
    Led[15]       OUTPUT        T13        LVCMOS25           8            NONE       NONE    
    Led[14]       OUTPUT        T12        LVCMOS25           8            NONE       NONE    
    Led[13]       OUTPUT        R12        LVCMOS25           8            NONE       NONE    
    Led[12]       OUTPUT         M7        LVCMOS25           8            NONE       NONE    
    Led[11]       OUTPUT         T9        LVCMOS25           8            NONE       NONE    
    Led[10]       OUTPUT         T8        LVCMOS25           8            NONE       NONE    
    Led[9]        OUTPUT         T7        LVCMOS25           8            NONE       NONE    
    Led[8]        OUTPUT         R7        LVCMOS25           8            NONE       NONE    
    Led[7]        OUTPUT         P5        LVCMOS25           8            NONE       NONE    
    Led[6]        OUTPUT         N5        LVCMOS25           8            NONE       NONE    
    Led[5]        OUTPUT         P4        LVCMOS25           8            NONE       NONE    
    Led[4]        OUTPUT         M5        LVCMOS25           8            NONE       NONE    
    Led[3]        OUTPUT         N4        LVCMOS25           8            NONE       NONE    
    Led[2]        OUTPUT         N3        LVCMOS25           8            NONE       NONE    
    Led[1]        OUTPUT         M4        LVCMOS25           8            NONE       NONE    
    Led[0]        OUTPUT         M3        LVCMOS25           8            NONE       NONE    
   cam_pwdn       OUTPUT        F14        LVCMOS33           8            NONE       NONE    
    cam_rst       OUTPUT        F13        LVCMOS33           8            NONE       NONE    
   cam_soic       OUTPUT        D16        LVCMOS33           8           PULLUP      NONE    
   cam_xclk       OUTPUT        J12        LVCMOS33           8            NONE       NONE    
   vga_b[7]       OUTPUT         C1        LVCMOS25           8            NONE       NONE    
   vga_b[6]       OUTPUT         D1        LVCMOS25           8            NONE       NONE    
   vga_b[5]       OUTPUT         E2        LVCMOS25           8            NONE       NONE    
   vga_b[4]       OUTPUT         G3        LVCMOS25           8            NONE       NONE    
   vga_b[3]       OUTPUT         E1        LVCMOS25           8            NONE       NONE    
   vga_b[2]       OUTPUT         F2        LVCMOS25           8            NONE       NONE    
   vga_b[1]       OUTPUT         F1        LVCMOS25           8            NONE       NONE    
   vga_b[0]       OUTPUT         G1        LVCMOS25           8            NONE       NONE    
    vga_clk       OUTPUT         H2        LVCMOS25           8            NONE       NONE    
   vga_g[7]       OUTPUT         H5        LVCMOS25           8            NONE       NONE    
   vga_g[6]       OUTPUT         H1        LVCMOS25           8            NONE       NONE    
   vga_g[5]       OUTPUT         J6        LVCMOS25           8            NONE       NONE    
   vga_g[4]       OUTPUT         H3        LVCMOS25           8            NONE       NONE    
   vga_g[3]       OUTPUT         J1        LVCMOS25           8            NONE       NONE    
   vga_g[2]       OUTPUT         K1        LVCMOS25           8            NONE       NONE    
   vga_g[1]       OUTPUT         K2        LVCMOS25           8            NONE       NONE    
   vga_g[0]       OUTPUT         L1        LVCMOS25           8            NONE       NONE    
   vga_hsync      OUTPUT         J3        LVCMOS25           8            NONE       NONE    
   vga_r[7]       OUTPUT         K6        LVCMOS25           8            NONE       NONE    
   vga_r[6]       OUTPUT         K3        LVCMOS25           8            NONE       NONE    
   vga_r[5]       OUTPUT         K5        LVCMOS25           8            NONE       NONE    
   vga_r[4]       OUTPUT         L4        LVCMOS25           8            NONE       NONE    
   vga_r[3]       OUTPUT         M1        LVCMOS25           8            NONE       NONE    
   vga_r[2]       OUTPUT         M2        LVCMOS25           8            NONE       NONE    
   vga_r[1]       OUTPUT         L3        LVCMOS25           8            NONE       NONE    
   vga_r[0]       OUTPUT         L5        LVCMOS25           8            NONE       NONE    
   vga_vsync      OUTPUT         J4        LVCMOS25           8            NONE       NONE    
   cam_soid        INOUT        D14        LVCMOS33           8           PULLUP      NONE    

Report Hierarchy Area:
+-----------------------------------------------------------------------------------------------------------------------------+
|Instance                    |Module                                     |le     |lut     |ripple  |seq     |bram    |dsp     |
+-----------------------------------------------------------------------------------------------------------------------------+
|top                         |test_camera                                |1397   |1117    |161     |595     |2       |0       |
|  Sdram_Control_4Port       |Sdram_Control_4Port                        |603    |404     |87      |395     |2       |0       |
|    command1                |command                                    |56     |55      |0       |50      |0       |0       |
|    control1                |control_interface                          |98     |66      |24      |49      |0       |0       |
|    data_path1              |sdr_data_path                              |16     |16      |0       |0       |0       |0       |
|    read_fifo1              |Sdram_RD_FIFO                              |130    |72      |18      |104     |1       |0       |
|      dcfifo_component      |softfifo                                   |130    |72      |18      |104     |1       |0       |
|        ram_inst            |ram_infer_softfifo                         |0      |0       |0       |0       |1       |0       |
|        rd_to_wr_cross_inst |fifo_cross_domain_addr_process_al_softfifo |33     |23      |0       |33      |0       |0       |
|        wr_to_rd_cross_inst |fifo_cross_domain_addr_process_al_softfifo |39     |30      |0       |39      |0       |0       |
|    sdram1                  |sdram                                      |2      |2       |0       |0       |0       |0       |
|    write_fifo1             |Sdram_WR_FIFO                              |130    |63      |18      |102     |1       |0       |
|      dcfifo_component      |softfifo                                   |130    |63      |18      |102     |1       |0       |
|        ram_inst            |ram_infer_softfifo                         |0      |0       |0       |0       |1       |0       |
|        rd_to_wr_cross_inst |fifo_cross_domain_addr_process_al_softfifo |38     |17      |0       |38      |0       |0       |
|        wr_to_rd_cross_inst |fifo_cross_domain_addr_process_al_softfifo |32     |23      |0       |32      |0       |0       |
|  u_Mode_Switch             |Mode_Switch                                |11     |11      |0       |9       |0       |0       |
|  u_cam_vga_out             |Driver                                     |114    |70      |44      |24      |0       |0       |
|  u_camera_init             |camera_init                                |539    |519     |13      |94      |0       |0       |
|    u_i2c_write             |i2c_module                                 |133    |133     |0       |51      |0       |0       |
|  u_camera_reader           |camera_reader                              |90     |73      |17      |54      |0       |0       |
|  u_image_select            |image_select                               |20     |20      |0       |18      |0       |0       |
|  u_pll                     |ip_pll                                     |0      |0       |0       |0       |0       |0       |
+-----------------------------------------------------------------------------------------------------------------------------+


DataNet Average Fanout:

   Index     Fanout     Nets  
    #1          1       1060  
    #2          2       232   
    #3          3        83   
    #4          4        66   
    #5        5-10      135   
    #6        11-50      57   
    #7       51-100      5    
    #8       101-500     2    
  Average     2.83            

RUN-1002 : start command "export_db ov2640_sdram_pr.db"
RUN-1001 : Exported /
RUN-1001 : Exported flow parameters
RUN-1001 : Exported libs
RUN-1001 : Exported entities
RUN-1001 : Exported ports
RUN-1001 : Exported pins
RUN-1001 : Exported instances
RUN-1001 : Exported nets
RUN-1001 : Exported buses
RUN-1001 : Exported models
RUN-1001 : Exported congestions
RUN-1001 : Exported violations
RUN-1001 : Exported timing constraints
RUN-1001 : Exported IO constraints
RUN-1001 : Exported Inst constraints
RUN-1002 : start command "export_bid ov2640_sdram_inst.bid"
RUN-1002 : start command "bitgen -bit ov2640_sdram.bit"
BIT-1003 : Start to generate bitstream. 
BIT-1002 : Init instances with 16 threads.
BIT-1002 : Init instances completely, inst num: 866
BIT-1002 : Init pips with 16 threads.
BIT-1002 : Init pips completely, net num: 1721, pip num: 14534
BIT-1002 : Init feedthrough with 16 threads.
BIT-1002 : Init feedthrough completely, num: 30
BIT-1003 : Multithreading accelaration with 16 threads.
BIT-1003 : Generate bitstream completely, there are 1332 valid insts, and 43543 bits set as '1'.
BIT-1004 : the usercode register value: 00000000000100110000000000000000
BIT-1004 : PLL setting string = 0001
BIT-1004 : Generate bits file ov2640_sdram.bit.
RUN-1003 : finish command "bitgen -bit ov2640_sdram.bit" in  2.406893s wall, 20.187500s user + 0.187500s system = 20.375000s CPU (846.5%)

RUN-1004 : used memory is 468 MB, reserved memory is 450 MB, peak memory is 666 MB
RUN-1002 : start command "backup_run_log run.log ../.logs/phy_1/td_20221026_131718.log"
