============================================================
   Tang Dynasty, V5.6.59063
   Copyright (c) 2012-2022 Anlogic
   Executable = C:/Anlogic/TD5.6.59063/bin/td.exe
   Built at =   12:45:13 Sep  6 2022
   Run by =     Administrator
   Run Date =   Thu Oct 27 20:37:21 2022

   Run on =     WIN-25FR57M34TT
============================================================
RUN-1002 : start command "open_project ov2640_sdram.prj"
RUN-1001 : Print Global Property
RUN-1001 : ---------------------------------------------------------------
RUN-1001 :        Parameters        |  Settings  |  Default Values  |  Note  
RUN-1001 : ---------------------------------------------------------------
RUN-1001 :          message         |  standard  |     standard     |        
RUN-1001 :   mixed_pack_place_flow  |     on     |        on        |        
RUN-1001 :        qor_monitor       |    off     |       off        |        
RUN-1001 :        syn_ip_flow       |    off     |       off        |        
RUN-1001 :          thread          |    auto    |       auto       |        
RUN-1001 : ---------------------------------------------------------------
RUN-1001 : Print Design Property
RUN-1001 : --------------------------------------------------------------
RUN-1001 :        Parameters       |  Settings  |  Default Values  |  Note  
RUN-1001 : --------------------------------------------------------------
RUN-1001 :   default_reg_initial   |    auto    |       auto       |        
RUN-1001 :        infer_add        |     on     |        on        |        
RUN-1001 :        infer_fsm        |    off     |       off        |        
RUN-1001 :        infer_mult       |     on     |        on        |        
RUN-1001 :        infer_ram        |     on     |        on        |        
RUN-1001 :        infer_reg        |     on     |        on        |        
RUN-1001 :   infer_reg_init_value  |     on     |        on        |        
RUN-1001 :        infer_rom        |     on     |        on        |        
RUN-1001 :      infer_shifter      |     on     |        on        |        
RUN-1001 : --------------------------------------------------------------
RUN-1001 : Print Rtl Property
RUN-1001 : --------------------------------------------------------------
RUN-1001 :        Parameters       |  Settings  |  Default Values  |  Note  
RUN-1001 : --------------------------------------------------------------
RUN-1001 :       compress_add      |   ripple   |      ripple      |        
RUN-1001 :        elf_sload        |    off     |       off        |        
RUN-1001 :       fix_undriven      |     0      |        0         |        
RUN-1001 :         flatten         |    off     |       off        |        
RUN-1001 :       gate_sharing      |     on     |        on        |        
RUN-1001 :    hdl_warning_level    |   normal   |      normal      |        
RUN-1001 :   impl_internal_tribuf  |     on     |        on        |        
RUN-1001 :      impl_set_reset     |     on     |        on        |        
RUN-1001 :        infer_gsr        |    off     |       off        |        
RUN-1001 :      keep_hierarchy     |    auto    |       auto       |        
RUN-1001 :        max_fanout       |    9999    |       9999       |        
RUN-1001 :      max_oh2bin_len     |     10     |        10        |        
RUN-1001 :       merge_equal       |     on     |        on        |        
RUN-1001 :       merge_equiv       |     on     |        on        |        
RUN-1001 :        merge_mux        |    off     |       off        |        
RUN-1001 :     min_control_set     |     8      |        8         |        
RUN-1001 :      min_ripple_len     |    auto    |       auto       |        
RUN-1001 :       oh2bin_ratio      |    0.08    |       0.08       |        
RUN-1001 :     opt_adder_fanout    |     on     |        on        |        
RUN-1001 :        opt_arith        |     on     |        on        |        
RUN-1001 :       opt_big_gate      |    off     |       off        |        
RUN-1001 :        opt_const        |     on     |        on        |        
RUN-1001 :      opt_const_mult     |     on     |        on        |        
RUN-1001 :       opt_lessthan      |     on     |        on        |        
RUN-1001 :         opt_mux         |    off     |       off        |        
RUN-1001 :         opt_ram         |    high    |       high       |        
RUN-1001 :      rtl_sim_model      |    off     |       off        |        
RUN-1001 :         seq_syn         |     on     |        on        |        
RUN-1001 : --------------------------------------------------------------
HDL-1007 : analyze verilog file ../../al_ip/ip_pll.v
HDL-1007 : undeclared symbol 'open', assumed default net type 'wire' in ../../al_ip/ip_pll.v(93)
HDL-1007 : analyze verilog file ../../al_ip/softfifo.v
HDL-1007 : analyze verilog file ../../al_ip/fifo_1.v
HDL-1007 : analyze verilog file ../../al_ip/fifo_2.v
HDL-1007 : analyze verilog file ../../RTL/camera_init.v
HDL-1007 : undeclared symbol 'clk_div', assumed default net type 'wire' in ../../RTL/camera_init.v(74)
HDL-1007 : analyze verilog file ../../RTL/camera_reader.v
HDL-1007 : analyze verilog file ../../RTL/i2c_module.v
HDL-1007 : analyze verilog file ../../RTL/Sdram_Control_4Port/command.v
HDL-1007 : analyze included file ../../RTL/Sdram_Control_4Port/Sdram_Params.h in ../../RTL/Sdram_Control_4Port/command.v(27)
HDL-1007 : back to file '../../RTL/Sdram_Control_4Port/command.v' in ../../RTL/Sdram_Control_4Port/command.v(27)
HDL-1007 : analyze verilog file ../../RTL/Sdram_Control_4Port/control_interface.v
HDL-1007 : analyze included file ../../RTL/Sdram_Control_4Port/Sdram_Params.h in ../../RTL/Sdram_Control_4Port/control_interface.v(21)
HDL-1007 : back to file '../../RTL/Sdram_Control_4Port/control_interface.v' in ../../RTL/Sdram_Control_4Port/control_interface.v(21)
HDL-1007 : analyze verilog file ../../RTL/Sdram_Control_4Port/sdr_data_path.v
HDL-1007 : analyze included file ../../RTL/Sdram_Control_4Port/Sdram_Params.h in ../../RTL/Sdram_Control_4Port/sdr_data_path.v(10)
HDL-1007 : back to file '../../RTL/Sdram_Control_4Port/sdr_data_path.v' in ../../RTL/Sdram_Control_4Port/sdr_data_path.v(10)
HDL-1007 : analyze verilog file ../../RTL/Sdram_Control_4Port/Sdram_Control_4Port.v
HDL-1007 : analyze included file ../../RTL/Sdram_Control_4Port/Sdram_Params.h in ../../RTL/Sdram_Control_4Port/Sdram_Control_4Port.v(49)
HDL-1007 : back to file '../../RTL/Sdram_Control_4Port/Sdram_Control_4Port.v' in ../../RTL/Sdram_Control_4Port/Sdram_Control_4Port.v(49)
HDL-1007 : analyze verilog file ../../RTL/Sdram_Control_4Port/Sdram_RD_FIFO.v
HDL-5007 WARNING: 'clk' is not declared in ../../RTL/Sdram_Control_4Port/Sdram_RD_FIFO.v(44)
HDL-1007 : analyze verilog file ../../RTL/Sdram_Control_4Port/Sdram_WR_FIFO.v
HDL-1007 : analyze verilog file ../../al_ip/sdram.v
HDL-1007 : analyze verilog file ../../RTL/Driver.v
HDL-1007 : analyze verilog file ../../RTL/RGBYCbCr.v
HDL-1007 : analyze verilog file ../../RTL/image_process.v
HDL-5007 WARNING: identifier 'post_frame_clken' is used before its declaration in ../../RTL/image_process.v(58)
HDL-5007 WARNING: identifier 'post_img_Y' is used before its declaration in ../../RTL/image_process.v(59)
HDL-5007 WARNING: identifier 'post_frame_clken' is used before its declaration in ../../RTL/image_process.v(62)
HDL-5007 WARNING: identifier 'post_img_Y' is used before its declaration in ../../RTL/image_process.v(63)
HDL-5007 WARNING: identifier 'post1_frame_clken' is used before its declaration in ../../RTL/image_process.v(69)
HDL-5007 WARNING: identifier 'post1_img_Y' is used before its declaration in ../../RTL/image_process.v(70)
HDL-5007 WARNING: identifier 'post1_frame_clken' is used before its declaration in ../../RTL/image_process.v(73)
HDL-5007 WARNING: identifier 'post1_img_Y' is used before its declaration in ../../RTL/image_process.v(74)
HDL-5007 WARNING: identifier 'post2_frame_clken' is used before its declaration in ../../RTL/image_process.v(80)
HDL-5007 WARNING: identifier 'post2_img_Y' is used before its declaration in ../../RTL/image_process.v(81)
HDL-5007 Similar messages will be suppressed.
HDL-1007 : analyze verilog file ../../RTL/test_camera.v
HDL-1007 : analyze verilog file ../../RTL/Mode_Switch.v
HDL-1007 : analyze verilog file ../../RTL/image_select.v
HDL-1007 : analyze verilog file ../../RTL/Median_Gray.v
HDL-5007 WARNING: identifier 'mid_value' is used before its declaration in ../../RTL/Median_Gray.v(20)
HDL-1007 : analyze verilog file ../../RTL/three_martix.v
HDL-5007 WARNING: empty statement in sequential block in ../../RTL/three_martix.v(235)
HDL-5007 WARNING: empty statement in sequential block in ../../RTL/three_martix.v(234)
HDL-1007 : analyze verilog file ../../RTL/Median_Filter_3X3.v
HDL-1007 : analyze verilog file ../../RTL/Sort3.v
HDL-1007 : analyze verilog file ../../RTL/Sobel_Process.v
HDL-1007 : undeclared symbol 'csi_pclk', assumed default net type 'wire' in ../../RTL/Sobel_Process.v(48)
HDL-5007 WARNING: identifier 'sobel_value' is used before its declaration in ../../RTL/Sobel_Process.v(23)
HDL-1007 : analyze verilog file ../../RTL/Caculate_Sobel.v
HDL-5007 WARNING: identifier 'matrix_frame_vsync_r' is used before its declaration in ../../RTL/Caculate_Sobel.v(110)
HDL-5007 WARNING: identifier 'matrix_frame_href_r' is used before its declaration in ../../RTL/Caculate_Sobel.v(111)
HDL-5007 WARNING: identifier 'matrix_frame_clken_r' is used before its declaration in ../../RTL/Caculate_Sobel.v(112)
HDL-1007 : analyze verilog file ../../RTL/Erosion_Detector.v
HDL-1007 : analyze verilog file ../../RTL/Dilation_Detector.v
HDL-5007 WARNING: redeclaration of ANSI port 'post_img_Bit4' is not allowed in ../../RTL/Dilation_Detector.v(79)
HDL-1007 : undeclared symbol 'post_frame_href', assumed default net type 'wire' in ../../RTL/Dilation_Detector.v(109)
HDL-1007 : analyze verilog file ../../RTL/Gesture_detech.v
HDL-1007 : analyze verilog file ../../RTL/seg_4.v
HDL-1007 : undeclared symbol 'data0', assumed default net type 'wire' in ../../RTL/seg_4.v(62)
HDL-1007 : undeclared symbol 'data1', assumed default net type 'wire' in ../../RTL/seg_4.v(63)
HDL-1007 : undeclared symbol 'data2', assumed default net type 'wire' in ../../RTL/seg_4.v(64)
HDL-1007 : undeclared symbol 'data3', assumed default net type 'wire' in ../../RTL/seg_4.v(65)
HDL-5007 WARNING: 'clk' is not declared in ../../RTL/Sdram_Control_4Port/Sdram_RD_FIFO.v(44)
RUN-1001 : Project manager successfully analyzed 30 source files.
RUN-1002 : start command "import_device eagle_s20.db -package EG4S20BG256"
ARC-1001 : Device Initialization.
ARC-1001 : ------------------------------------------------------------------
ARC-1001 :            OPTION            |          IO          |   SETTING   
ARC-1001 : ------------------------------------------------------------------
ARC-1001 :   cso_b/cclk/mosi/miso/dout  |  T3/R11/T10/P10/S11  |    gpio    
ARC-1001 :             done             |         P13          |    gpio    
ARC-1001 :           program_b          |          T2          |  dedicate  
ARC-1001 :        tdi/tms/tck/tdo       |   C12/A15/C14/E14    |  dedicate  
ARC-1001 : ------------------------------------------------------------------
ARC-1004 : Device setting, marked 5 dedicate IOs in total.
RUN-1002 : start command "import_db ../syn_1/ov2640_sdram_gate.db"
RUN-1001 : Importing database generated by Tang Dynasty, V5.6.59063.
RUN-1001 : Database version number 46140.
RUN-1001 : Import flow parameters
RUN-1001 : Import timing constraints
RUN-1001 : Import IO constraints
RUN-1001 : Import Inst constraints
RUN-1001 : Import design success TD_VERSION=5.6.59063 , DB_VERSION=46140
RUN-1002 : start command "read_sdc"
USR-1002 : read_sdc file_name -help -h -eco
RUN-1002 : start command "get_regs */primary_addr_gray_reg[*]"
RUN-1002 : start command "get_regs */sync_r1[*]"
RUN-1002 : start command "set_max_delay -from  -to  5 -datapath_only"
RUN-1002 : start command "get_regs */primary_addr_gray_reg[*]"
RUN-1002 : start command "get_regs */sync_r1[*]"
RUN-1002 : start command "set_false_path -from  -to  -hold 5"
USR-1002 : set_false_path -help -setup -hold -from <list> -rise_from <list> -fall_from <list> -to <list> -rise_to <list> -fall_to <list> -through <list>
RUN-1002 : start command "get_regs */primary_addr_gray_reg[*]"
RUN-1002 : start command "get_regs */sync_r1[*]"
RUN-1002 : start command "set_max_delay -from  -to  5 -datapath_only"
RUN-1002 : start command "get_regs */primary_addr_gray_reg[*]"
RUN-1002 : start command "get_regs */sync_r1[*]"
RUN-1002 : start command "set_max_delay -from  -to  5 -datapath_only"
RUN-1002 : start command "get_regs */primary_addr_gray_reg[*]"
RUN-1002 : start command "get_regs */sync_r1[*]"
RUN-1002 : start command "set_max_delay -from  -to  5 -datapath_only"
SYN-1001 : 	kept net: Sdram_Control_4Port/read_fifo1/dcfifo_component/rd_to_wr_cross_inst/primary_addr_gray_reg[9](Sdram_Control_4Port/read_fifo1/dcfifo_component/rd_to_wr_cross_inst/primary_addr_gray_reg[9]_syn_5)
SYN-1001 : 	kept net: Sdram_Control_4Port/read_fifo1/dcfifo_component/rd_to_wr_cross_inst/primary_addr_gray_reg[8](Sdram_Control_4Port/read_fifo1/dcfifo_component/rd_to_wr_cross_inst/primary_addr_gray_reg[8]_syn_5)
SYN-1001 : 	kept net: Sdram_Control_4Port/read_fifo1/dcfifo_component/rd_to_wr_cross_inst/primary_addr_gray_reg[7](Sdram_Control_4Port/read_fifo1/dcfifo_component/rd_to_wr_cross_inst/primary_addr_gray_reg[7]_syn_5)
SYN-1001 : 	kept net: Sdram_Control_4Port/read_fifo1/dcfifo_component/rd_to_wr_cross_inst/primary_addr_gray_reg[6](Sdram_Control_4Port/read_fifo1/dcfifo_component/rd_to_wr_cross_inst/primary_addr_gray_reg[6]_syn_5)
SYN-1001 : 	kept net: Sdram_Control_4Port/read_fifo1/dcfifo_component/rd_to_wr_cross_inst/primary_addr_gray_reg[5](Sdram_Control_4Port/read_fifo1/dcfifo_component/rd_to_wr_cross_inst/primary_addr_gray_reg[5]_syn_5)
SYN-1001 : 	kept net: Sdram_Control_4Port/read_fifo1/dcfifo_component/rd_to_wr_cross_inst/primary_addr_gray_reg[4](Sdram_Control_4Port/read_fifo1/dcfifo_component/rd_to_wr_cross_inst/primary_addr_gray_reg[4]_syn_5)
SYN-1001 : 	kept net: Sdram_Control_4Port/read_fifo1/dcfifo_component/rd_to_wr_cross_inst/primary_addr_gray_reg[3](Sdram_Control_4Port/read_fifo1/dcfifo_component/rd_to_wr_cross_inst/primary_addr_gray_reg[3]_syn_5)
SYN-1001 : 	kept net: Sdram_Control_4Port/read_fifo1/dcfifo_component/rd_to_wr_cross_inst/primary_addr_gray_reg[2](Sdram_Control_4Port/read_fifo1/dcfifo_component/rd_to_wr_cross_inst/primary_addr_gray_reg[2]_syn_5)
SYN-1001 : 	kept net: Sdram_Control_4Port/read_fifo1/dcfifo_component/rd_to_wr_cross_inst/primary_addr_gray_reg[1](Sdram_Control_4Port/read_fifo1/dcfifo_component/rd_to_wr_cross_inst/primary_addr_gray_reg[1]_syn_5)
SYN-1001 : 	kept net: Sdram_Control_4Port/read_fifo1/dcfifo_component/rd_to_wr_cross_inst/primary_addr_gray_reg[0](Sdram_Control_4Port/read_fifo1/dcfifo_component/rd_to_wr_cross_inst/primary_addr_gray_reg[0]_syn_5)
SYN-1001 : 	kept net: Sdram_Control_4Port/read_fifo1/dcfifo_component/rd_to_wr_cross_inst/sync_r1[9](Sdram_Control_4Port/read_fifo1/dcfifo_component/rd_to_wr_cross_inst/sync_r1[9]_syn_3)
SYN-1001 : 	kept net: Sdram_Control_4Port/read_fifo1/dcfifo_component/rd_to_wr_cross_inst/sync_r1[8](Sdram_Control_4Port/read_fifo1/dcfifo_component/rd_to_wr_cross_inst/sync_r1[8]_syn_3)
SYN-1001 : 	kept net: Sdram_Control_4Port/read_fifo1/dcfifo_component/rd_to_wr_cross_inst/sync_r1[7](Sdram_Control_4Port/read_fifo1/dcfifo_component/rd_to_wr_cross_inst/sync_r1[7]_syn_3)
SYN-1001 : 	kept net: Sdram_Control_4Port/read_fifo1/dcfifo_component/rd_to_wr_cross_inst/sync_r1[6](Sdram_Control_4Port/read_fifo1/dcfifo_component/rd_to_wr_cross_inst/sync_r1[6]_syn_3)
SYN-1001 : 	kept net: Sdram_Control_4Port/read_fifo1/dcfifo_component/rd_to_wr_cross_inst/sync_r1[5](Sdram_Control_4Port/read_fifo1/dcfifo_component/rd_to_wr_cross_inst/sync_r1[5]_syn_3)
SYN-1001 : 	kept net: Sdram_Control_4Port/read_fifo1/dcfifo_component/rd_to_wr_cross_inst/sync_r1[4](Sdram_Control_4Port/read_fifo1/dcfifo_component/rd_to_wr_cross_inst/sync_r1[4]_syn_3)
SYN-1001 : 	kept net: Sdram_Control_4Port/read_fifo1/dcfifo_component/rd_to_wr_cross_inst/sync_r1[3](Sdram_Control_4Port/read_fifo1/dcfifo_component/rd_to_wr_cross_inst/sync_r1[3]_syn_3)
SYN-1001 : 	kept net: Sdram_Control_4Port/read_fifo1/dcfifo_component/rd_to_wr_cross_inst/sync_r1[2](Sdram_Control_4Port/read_fifo1/dcfifo_component/rd_to_wr_cross_inst/sync_r1[2]_syn_3)
SYN-1001 : 	kept net: Sdram_Control_4Port/read_fifo1/dcfifo_component/rd_to_wr_cross_inst/sync_r1[1](Sdram_Control_4Port/read_fifo1/dcfifo_component/rd_to_wr_cross_inst/sync_r1[1]_syn_3)
SYN-1001 : 	kept net: Sdram_Control_4Port/read_fifo1/dcfifo_component/rd_to_wr_cross_inst/sync_r1[0](Sdram_Control_4Port/read_fifo1/dcfifo_component/rd_to_wr_cross_inst/sync_r1[0]_syn_3)
SYN-1001 : 	kept net: Sdram_Control_4Port/read_fifo1/dcfifo_component/wr_to_rd_cross_inst/primary_addr_gray_reg[9](Sdram_Control_4Port/read_fifo1/dcfifo_component/wr_to_rd_cross_inst/primary_addr_gray_reg[9]_syn_5)
SYN-1001 : 	kept net: Sdram_Control_4Port/read_fifo1/dcfifo_component/wr_to_rd_cross_inst/primary_addr_gray_reg[8](Sdram_Control_4Port/read_fifo1/dcfifo_component/wr_to_rd_cross_inst/primary_addr_gray_reg[8]_syn_5)
SYN-1001 : 	kept net: Sdram_Control_4Port/read_fifo1/dcfifo_component/wr_to_rd_cross_inst/primary_addr_gray_reg[7](Sdram_Control_4Port/read_fifo1/dcfifo_component/wr_to_rd_cross_inst/primary_addr_gray_reg[7]_syn_5)
SYN-1001 : 	kept net: Sdram_Control_4Port/read_fifo1/dcfifo_component/wr_to_rd_cross_inst/primary_addr_gray_reg[6](Sdram_Control_4Port/read_fifo1/dcfifo_component/wr_to_rd_cross_inst/primary_addr_gray_reg[6]_syn_5)
SYN-1001 : 	kept net: Sdram_Control_4Port/read_fifo1/dcfifo_component/wr_to_rd_cross_inst/primary_addr_gray_reg[5](Sdram_Control_4Port/read_fifo1/dcfifo_component/wr_to_rd_cross_inst/primary_addr_gray_reg[5]_syn_5)
SYN-1001 : 	kept net: Sdram_Control_4Port/read_fifo1/dcfifo_component/wr_to_rd_cross_inst/primary_addr_gray_reg[4](Sdram_Control_4Port/read_fifo1/dcfifo_component/wr_to_rd_cross_inst/primary_addr_gray_reg[4]_syn_5)
SYN-1001 : 	kept net: Sdram_Control_4Port/read_fifo1/dcfifo_component/wr_to_rd_cross_inst/primary_addr_gray_reg[3](Sdram_Control_4Port/read_fifo1/dcfifo_component/wr_to_rd_cross_inst/primary_addr_gray_reg[3]_syn_5)
SYN-1001 : 	kept net: Sdram_Control_4Port/read_fifo1/dcfifo_component/wr_to_rd_cross_inst/primary_addr_gray_reg[2](Sdram_Control_4Port/read_fifo1/dcfifo_component/wr_to_rd_cross_inst/primary_addr_gray_reg[2]_syn_5)
SYN-1001 : 	kept net: Sdram_Control_4Port/read_fifo1/dcfifo_component/wr_to_rd_cross_inst/primary_addr_gray_reg[1](Sdram_Control_4Port/read_fifo1/dcfifo_component/wr_to_rd_cross_inst/primary_addr_gray_reg[1]_syn_5)
SYN-1001 : 	kept net: Sdram_Control_4Port/read_fifo1/dcfifo_component/wr_to_rd_cross_inst/primary_addr_gray_reg[0](Sdram_Control_4Port/read_fifo1/dcfifo_component/wr_to_rd_cross_inst/primary_addr_gray_reg[0]_syn_5)
SYN-1001 : 	kept net: Sdram_Control_4Port/read_fifo1/dcfifo_component/wr_to_rd_cross_inst/sync_r1[9](Sdram_Control_4Port/read_fifo1/dcfifo_component/wr_to_rd_cross_inst/sync_r1[9]_syn_3)
SYN-1001 : 	kept net: Sdram_Control_4Port/read_fifo1/dcfifo_component/wr_to_rd_cross_inst/sync_r1[8](Sdram_Control_4Port/read_fifo1/dcfifo_component/wr_to_rd_cross_inst/sync_r1[8]_syn_3)
SYN-1001 : 	kept net: Sdram_Control_4Port/read_fifo1/dcfifo_component/wr_to_rd_cross_inst/sync_r1[7](Sdram_Control_4Port/read_fifo1/dcfifo_component/wr_to_rd_cross_inst/sync_r1[7]_syn_3)
SYN-1001 : 	kept net: Sdram_Control_4Port/read_fifo1/dcfifo_component/wr_to_rd_cross_inst/sync_r1[6](Sdram_Control_4Port/read_fifo1/dcfifo_component/wr_to_rd_cross_inst/sync_r1[6]_syn_3)
SYN-1001 : 	kept net: Sdram_Control_4Port/read_fifo1/dcfifo_component/wr_to_rd_cross_inst/sync_r1[5](Sdram_Control_4Port/read_fifo1/dcfifo_component/wr_to_rd_cross_inst/sync_r1[5]_syn_3)
SYN-1001 : 	kept net: Sdram_Control_4Port/read_fifo1/dcfifo_component/wr_to_rd_cross_inst/sync_r1[4](Sdram_Control_4Port/read_fifo1/dcfifo_component/wr_to_rd_cross_inst/sync_r1[4]_syn_3)
SYN-1001 : 	kept net: Sdram_Control_4Port/read_fifo1/dcfifo_component/wr_to_rd_cross_inst/sync_r1[3](Sdram_Control_4Port/read_fifo1/dcfifo_component/wr_to_rd_cross_inst/sync_r1[3]_syn_3)
SYN-1001 : 	kept net: Sdram_Control_4Port/read_fifo1/dcfifo_component/wr_to_rd_cross_inst/sync_r1[2](Sdram_Control_4Port/read_fifo1/dcfifo_component/wr_to_rd_cross_inst/sync_r1[2]_syn_3)
SYN-1001 : 	kept net: Sdram_Control_4Port/read_fifo1/dcfifo_component/wr_to_rd_cross_inst/sync_r1[1](Sdram_Control_4Port/read_fifo1/dcfifo_component/wr_to_rd_cross_inst/sync_r1[1]_syn_3)
SYN-1001 : 	kept net: Sdram_Control_4Port/read_fifo1/dcfifo_component/wr_to_rd_cross_inst/sync_r1[0](Sdram_Control_4Port/read_fifo1/dcfifo_component/wr_to_rd_cross_inst/sync_r1[0]_syn_3)
SYN-1001 : 	kept net: Sdram_Control_4Port/write_fifo1/dcfifo_component/rd_to_wr_cross_inst/primary_addr_gray_reg[9](Sdram_Control_4Port/write_fifo1/dcfifo_component/rd_to_wr_cross_inst/primary_addr_gray_reg[9]_syn_5)
SYN-1001 : 	kept net: Sdram_Control_4Port/write_fifo1/dcfifo_component/rd_to_wr_cross_inst/primary_addr_gray_reg[8](Sdram_Control_4Port/write_fifo1/dcfifo_component/rd_to_wr_cross_inst/primary_addr_gray_reg[8]_syn_5)
SYN-1001 : 	kept net: Sdram_Control_4Port/write_fifo1/dcfifo_component/rd_to_wr_cross_inst/primary_addr_gray_reg[7](Sdram_Control_4Port/write_fifo1/dcfifo_component/rd_to_wr_cross_inst/primary_addr_gray_reg[7]_syn_5)
SYN-1001 : 	kept net: Sdram_Control_4Port/write_fifo1/dcfifo_component/rd_to_wr_cross_inst/primary_addr_gray_reg[6](Sdram_Control_4Port/write_fifo1/dcfifo_component/rd_to_wr_cross_inst/primary_addr_gray_reg[6]_syn_5)
SYN-1001 : 	kept net: Sdram_Control_4Port/write_fifo1/dcfifo_component/rd_to_wr_cross_inst/primary_addr_gray_reg[5](Sdram_Control_4Port/write_fifo1/dcfifo_component/rd_to_wr_cross_inst/primary_addr_gray_reg[5]_syn_5)
SYN-1001 : 	kept net: Sdram_Control_4Port/write_fifo1/dcfifo_component/rd_to_wr_cross_inst/primary_addr_gray_reg[4](Sdram_Control_4Port/write_fifo1/dcfifo_component/rd_to_wr_cross_inst/primary_addr_gray_reg[4]_syn_5)
SYN-1001 : 	kept net: Sdram_Control_4Port/write_fifo1/dcfifo_component/rd_to_wr_cross_inst/primary_addr_gray_reg[3](Sdram_Control_4Port/write_fifo1/dcfifo_component/rd_to_wr_cross_inst/primary_addr_gray_reg[3]_syn_5)
SYN-1001 : 	kept net: Sdram_Control_4Port/write_fifo1/dcfifo_component/rd_to_wr_cross_inst/primary_addr_gray_reg[2](Sdram_Control_4Port/write_fifo1/dcfifo_component/rd_to_wr_cross_inst/primary_addr_gray_reg[2]_syn_5)
SYN-1001 : 	kept net: Sdram_Control_4Port/write_fifo1/dcfifo_component/rd_to_wr_cross_inst/primary_addr_gray_reg[1](Sdram_Control_4Port/write_fifo1/dcfifo_component/rd_to_wr_cross_inst/primary_addr_gray_reg[1]_syn_5)
SYN-1001 : 	kept net: Sdram_Control_4Port/write_fifo1/dcfifo_component/rd_to_wr_cross_inst/primary_addr_gray_reg[0](Sdram_Control_4Port/write_fifo1/dcfifo_component/rd_to_wr_cross_inst/primary_addr_gray_reg[0]_syn_5)
SYN-1001 : 	kept net: Sdram_Control_4Port/write_fifo1/dcfifo_component/rd_to_wr_cross_inst/sync_r1[9](Sdram_Control_4Port/write_fifo1/dcfifo_component/rd_to_wr_cross_inst/sync_r1[9]_syn_3)
SYN-1001 : 	kept net: Sdram_Control_4Port/write_fifo1/dcfifo_component/rd_to_wr_cross_inst/sync_r1[8](Sdram_Control_4Port/write_fifo1/dcfifo_component/rd_to_wr_cross_inst/sync_r1[8]_syn_3)
SYN-1001 : 	kept net: Sdram_Control_4Port/write_fifo1/dcfifo_component/rd_to_wr_cross_inst/sync_r1[7](Sdram_Control_4Port/write_fifo1/dcfifo_component/rd_to_wr_cross_inst/sync_r1[7]_syn_3)
SYN-1001 : 	kept net: Sdram_Control_4Port/write_fifo1/dcfifo_component/rd_to_wr_cross_inst/sync_r1[6](Sdram_Control_4Port/write_fifo1/dcfifo_component/rd_to_wr_cross_inst/sync_r1[6]_syn_3)
SYN-1001 : 	kept net: Sdram_Control_4Port/write_fifo1/dcfifo_component/rd_to_wr_cross_inst/sync_r1[5](Sdram_Control_4Port/write_fifo1/dcfifo_component/rd_to_wr_cross_inst/sync_r1[5]_syn_3)
SYN-1001 : 	kept net: Sdram_Control_4Port/write_fifo1/dcfifo_component/rd_to_wr_cross_inst/sync_r1[4](Sdram_Control_4Port/write_fifo1/dcfifo_component/rd_to_wr_cross_inst/sync_r1[4]_syn_3)
SYN-1001 : 	kept net: Sdram_Control_4Port/write_fifo1/dcfifo_component/rd_to_wr_cross_inst/sync_r1[3](Sdram_Control_4Port/write_fifo1/dcfifo_component/rd_to_wr_cross_inst/sync_r1[3]_syn_3)
SYN-1001 : 	kept net: Sdram_Control_4Port/write_fifo1/dcfifo_component/rd_to_wr_cross_inst/sync_r1[2](Sdram_Control_4Port/write_fifo1/dcfifo_component/rd_to_wr_cross_inst/sync_r1[2]_syn_3)
SYN-1001 : 	kept net: Sdram_Control_4Port/write_fifo1/dcfifo_component/rd_to_wr_cross_inst/sync_r1[1](Sdram_Control_4Port/write_fifo1/dcfifo_component/rd_to_wr_cross_inst/sync_r1[1]_syn_3)
SYN-1001 : 	kept net: Sdram_Control_4Port/write_fifo1/dcfifo_component/rd_to_wr_cross_inst/sync_r1[0](Sdram_Control_4Port/write_fifo1/dcfifo_component/rd_to_wr_cross_inst/sync_r1[0]_syn_3)
SYN-1001 : 	kept net: Sdram_Control_4Port/write_fifo1/dcfifo_component/wr_to_rd_cross_inst/primary_addr_gray_reg[9](Sdram_Control_4Port/write_fifo1/dcfifo_component/wr_to_rd_cross_inst/primary_addr_gray_reg[9]_syn_5)
SYN-1001 : 	kept net: Sdram_Control_4Port/write_fifo1/dcfifo_component/wr_to_rd_cross_inst/primary_addr_gray_reg[8](Sdram_Control_4Port/write_fifo1/dcfifo_component/wr_to_rd_cross_inst/primary_addr_gray_reg[8]_syn_5)
SYN-1001 : 	kept net: Sdram_Control_4Port/write_fifo1/dcfifo_component/wr_to_rd_cross_inst/primary_addr_gray_reg[7](Sdram_Control_4Port/write_fifo1/dcfifo_component/wr_to_rd_cross_inst/primary_addr_gray_reg[7]_syn_5)
SYN-1001 : 	kept net: Sdram_Control_4Port/write_fifo1/dcfifo_component/wr_to_rd_cross_inst/primary_addr_gray_reg[6](Sdram_Control_4Port/write_fifo1/dcfifo_component/wr_to_rd_cross_inst/primary_addr_gray_reg[6]_syn_5)
SYN-1001 : 	kept net: Sdram_Control_4Port/write_fifo1/dcfifo_component/wr_to_rd_cross_inst/primary_addr_gray_reg[5](Sdram_Control_4Port/write_fifo1/dcfifo_component/wr_to_rd_cross_inst/primary_addr_gray_reg[5]_syn_5)
SYN-1001 : 	kept net: Sdram_Control_4Port/write_fifo1/dcfifo_component/wr_to_rd_cross_inst/primary_addr_gray_reg[4](Sdram_Control_4Port/write_fifo1/dcfifo_component/wr_to_rd_cross_inst/primary_addr_gray_reg[4]_syn_5)
SYN-1001 : 	kept net: Sdram_Control_4Port/write_fifo1/dcfifo_component/wr_to_rd_cross_inst/primary_addr_gray_reg[3](Sdram_Control_4Port/write_fifo1/dcfifo_component/wr_to_rd_cross_inst/primary_addr_gray_reg[3]_syn_5)
SYN-1001 : 	kept net: Sdram_Control_4Port/write_fifo1/dcfifo_component/wr_to_rd_cross_inst/primary_addr_gray_reg[2](Sdram_Control_4Port/write_fifo1/dcfifo_component/wr_to_rd_cross_inst/primary_addr_gray_reg[2]_syn_5)
SYN-1001 : 	kept net: Sdram_Control_4Port/write_fifo1/dcfifo_component/wr_to_rd_cross_inst/primary_addr_gray_reg[1](Sdram_Control_4Port/write_fifo1/dcfifo_component/wr_to_rd_cross_inst/primary_addr_gray_reg[1]_syn_5)
SYN-1001 : 	kept net: Sdram_Control_4Port/write_fifo1/dcfifo_component/wr_to_rd_cross_inst/primary_addr_gray_reg[0](Sdram_Control_4Port/write_fifo1/dcfifo_component/wr_to_rd_cross_inst/primary_addr_gray_reg[0]_syn_5)
SYN-1001 : 	kept net: Sdram_Control_4Port/write_fifo1/dcfifo_component/wr_to_rd_cross_inst/sync_r1[9](Sdram_Control_4Port/write_fifo1/dcfifo_component/wr_to_rd_cross_inst/sync_r1[9]_syn_3)
SYN-1001 : 	kept net: Sdram_Control_4Port/write_fifo1/dcfifo_component/wr_to_rd_cross_inst/sync_r1[8](Sdram_Control_4Port/write_fifo1/dcfifo_component/wr_to_rd_cross_inst/sync_r1[8]_syn_3)
SYN-1001 : 	kept net: Sdram_Control_4Port/write_fifo1/dcfifo_component/wr_to_rd_cross_inst/sync_r1[7](Sdram_Control_4Port/write_fifo1/dcfifo_component/wr_to_rd_cross_inst/sync_r1[7]_syn_3)
SYN-1001 : 	kept net: Sdram_Control_4Port/write_fifo1/dcfifo_component/wr_to_rd_cross_inst/sync_r1[6](Sdram_Control_4Port/write_fifo1/dcfifo_component/wr_to_rd_cross_inst/sync_r1[6]_syn_3)
SYN-1001 : 	kept net: Sdram_Control_4Port/write_fifo1/dcfifo_component/wr_to_rd_cross_inst/sync_r1[5](Sdram_Control_4Port/write_fifo1/dcfifo_component/wr_to_rd_cross_inst/sync_r1[5]_syn_3)
SYN-1001 : 	kept net: Sdram_Control_4Port/write_fifo1/dcfifo_component/wr_to_rd_cross_inst/sync_r1[4](Sdram_Control_4Port/write_fifo1/dcfifo_component/wr_to_rd_cross_inst/sync_r1[4]_syn_3)
SYN-1001 : 	kept net: Sdram_Control_4Port/write_fifo1/dcfifo_component/wr_to_rd_cross_inst/sync_r1[3](Sdram_Control_4Port/write_fifo1/dcfifo_component/wr_to_rd_cross_inst/sync_r1[3]_syn_3)
SYN-1001 : 	kept net: Sdram_Control_4Port/write_fifo1/dcfifo_component/wr_to_rd_cross_inst/sync_r1[2](Sdram_Control_4Port/write_fifo1/dcfifo_component/wr_to_rd_cross_inst/sync_r1[2]_syn_3)
SYN-1001 : 	kept net: Sdram_Control_4Port/write_fifo1/dcfifo_component/wr_to_rd_cross_inst/sync_r1[1](Sdram_Control_4Port/write_fifo1/dcfifo_component/wr_to_rd_cross_inst/sync_r1[1]_syn_3)
SYN-1001 : 	kept net: Sdram_Control_4Port/write_fifo1/dcfifo_component/wr_to_rd_cross_inst/sync_r1[0](Sdram_Control_4Port/write_fifo1/dcfifo_component/wr_to_rd_cross_inst/sync_r1[0]_syn_3)
RUN-1104 : Import SDC file  finished, there are 80 nets kept by constraints.
RUN-1002 : start command "place"
RUN-1001 : Open license file C:/Anlogic/TD5.6.59063/license/Anlogic.lic
RUN-1001 : Print Global Property
RUN-1001 : ---------------------------------------------------------------
RUN-1001 :        Parameters        |  Settings  |  Default Values  |  Note  
RUN-1001 : ---------------------------------------------------------------
RUN-1001 :          message         |  standard  |     standard     |        
RUN-1001 :   mixed_pack_place_flow  |     on     |        on        |        
RUN-1001 :        qor_monitor       |    off     |       off        |        
RUN-1001 :        syn_ip_flow       |    off     |       off        |        
RUN-1001 :          thread          |    auto    |       auto       |        
RUN-1001 : ---------------------------------------------------------------
RUN-1001 : Print Place Property
RUN-1001 : --------------------------------------------------------------
RUN-1001 :        Parameters       |  Settings  |  Default Values  |  Note  
RUN-1001 : --------------------------------------------------------------
RUN-1001 :      detailed_place     |     on     |        on        |        
RUN-1001 :          effort         |   medium   |      medium      |        
RUN-1001 :         fix_hold        |    off     |       off        |        
RUN-1001 :       legalization      |    ori     |       ori        |        
RUN-1001 :      new_spreading      |     on     |        on        |        
RUN-1001 :        opt_timing       |   medium   |      medium      |        
RUN-1001 :   post_clock_route_opt  |    off     |       off        |        
RUN-1001 :       pr_strategy       |     1      |        1         |        
RUN-1001 :        relaxation       |    1.00    |       1.00       |        
RUN-1001 :         retiming        |    off     |       off        |        
RUN-1001 : --------------------------------------------------------------
PHY-3001 : Placer runs in 16 thread(s).
RUN-1002 : start command "legalize_phy_inst"
SYN-1011 : Flatten model test_camera
SYN-5055 WARNING: The kept net u_pll/clk3_out will be merged to another kept net clk_cam
SYN-5055 WARNING: The kept net u_camera_reader/clk will be merged to another kept net clk_cam
SYN-5055 WARNING: The kept net u_seg_4/data[19] will be merged to another kept net u_image_process/figuredata[19]
SYN-5055 WARNING: The kept net u_seg_4/data[18] will be merged to another kept net u_image_process/figuredata[18]
SYN-5055 WARNING: The kept net u_seg_4/data[17] will be merged to another kept net u_image_process/figuredata[17]
SYN-5055 WARNING: The kept net u_seg_4/data[16] will be merged to another kept net u_image_process/figuredata[16]
SYN-5055 WARNING: The kept net u_seg_4/data[15] will be merged to another kept net u_image_process/figuredata[15]
SYN-5055 WARNING: The kept net u_seg_4/data[14] will be merged to another kept net u_image_process/figuredata[14]
SYN-5055 WARNING: The kept net u_seg_4/data[13] will be merged to another kept net u_image_process/figuredata[13]
SYN-5055 WARNING: The kept net u_seg_4/data[12] will be merged to another kept net u_image_process/figuredata[12]
SYN-5055 Similar messages will be suppressed.
RUN-1002 : start command "phys_opt -simplify_lut"
SYN-4016 : Net Sdram_Control_4Port/CTRL_CLK driven by BUFG (294 clock/control pins, 1 other pins).
SYN-4027 : Net Sdram_Control_4Port/SDRAM_CLK is clkc1 of pll u_pll/pll_inst.
SYN-4027 : Net vga_clk_dup_1 is clkc2 of pll u_pll/pll_inst.
SYN-4027 : Net clk_cam is clkc3 of pll u_pll/pll_inst.
SYN-4027 : Net u_camera_init/u_i2c_write/clk is clkc4 of pll u_pll/pll_inst.
SYN-4019 : Net clk_24m_dup_1 is refclk of pll u_pll/pll_inst.
SYN-4020 : Net clk_24m_dup_1 is fbclk of pll u_pll/pll_inst.
SYN-4024 : Net "u_image_process/u_Median_Gray/u_three_martix/csi_pclk" drives clk pins.
SYN-4024 : Net "u_camera_init/divider2[8]" drives clk pins.
SYN-4024 : Net "u_camera_init/divider2[7]" drives clk pins.
SYN-4024 : Net "u_image_select/mode[3]_syn_26" drives clk pins.
SYN-4024 : Net "u_image_process/wrreq" drives clk pins.
SYN-4025 : Tag rtl::Net Sdram_Control_4Port/CTRL_CLK as clock net
SYN-4025 : Tag rtl::Net Sdram_Control_4Port/SDRAM_CLK as clock net
SYN-4025 : Tag rtl::Net clk_24m_dup_1 as clock net
SYN-4025 : Tag rtl::Net clk_cam as clock net
SYN-4025 : Tag rtl::Net u_camera_init/divider2[7] as clock net
SYN-4025 : Tag rtl::Net u_camera_init/divider2[8] as clock net
SYN-4025 : Tag rtl::Net u_camera_init/u_i2c_write/clk as clock net
SYN-4025 : Tag rtl::Net u_image_process/u_Median_Gray/u_three_martix/csi_pclk as clock net
SYN-4025 : Tag rtl::Net u_image_process/wrreq as clock net
SYN-4025 : Tag rtl::Net u_image_select/mode[3]_syn_26 as clock net
SYN-4025 : Tag rtl::Net vga_clk_dup_1 as clock net
SYN-4026 : Tagged 11 rtl::Net as clock net
SYN-4015 : Create BUFG instance for clk Net u_camera_init/divider2[8] to drive 28 clock pins.
SYN-4015 : Create BUFG instance for clk Net u_camera_init/divider2[7] to drive 18 clock pins.
SYN-4015 : Create BUFG instance for clk Net u_image_select/mode[3]_syn_26 to drive 17 clock pins.
SYN-4015 : Create BUFG instance for clk Net u_image_process/wrreq to drive 16 clock pins.
PHY-1001 : Populate physical database on model test_camera.
RUN-1001 : There are total 4956 instances
RUN-0007 : 2051 luts, 1699 seqs, 669 mslices, 369 lslices, 144 pads, 10 brams, 5 dsps
RUN-1001 : There are total 6066 nets
RUN-6004 WARNING: There are 2 nets with only 1 pin.
RUN-1001 : 4164 nets have 2 pins
RUN-1001 : 1317 nets have [3 - 5] pins
RUN-1001 : 440 nets have [6 - 10] pins
RUN-1001 : 73 nets have [11 - 20] pins
RUN-1001 : 63 nets have [21 - 99] pins
RUN-1001 : 7 nets have 100+ pins
RUN-1001 : Report Control nets information:
RUN-1001 : DFF Distribution
RUN-1001 : ----------------------------------
RUN-1001 :   CE   |  SSR  |  ASR  |  DFF Count  
RUN-1001 : ----------------------------------
RUN-1001 :   No   |  No   |  No   |     76      
RUN-1001 :   No   |  No   |  Yes  |    1140     
RUN-1001 :   No   |  Yes  |  No   |     34      
RUN-1001 :   Yes  |  No   |  No   |     58      
RUN-1001 :   Yes  |  No   |  Yes  |     367     
RUN-1001 :   Yes  |  Yes  |  No   |     24      
RUN-1001 : ----------------------------------
RUN-0007 : Control Group Statistic
RUN-0007 : ---------------------------
RUN-0007 :   #CLK  |  #CE  |  #SSR/ASR  
RUN-0007 : ---------------------------
RUN-0007 :    63   |  28   |    110     
RUN-0007 : ---------------------------
RUN-0007 : Control Set = 201
PHY-3001 : Initial placement ...
PHY-3001 : design contains 4954 instances, 2051 luts, 1699 seqs, 1038 slices, 197 macros(1037 instances: 668 mslices 369 lslices)
PHY-3001 : Huge net cam_rst_dup_27 with 1329 pins
PHY-0007 : Cell area utilization is 21%
PHY-3001 : Start timing update ...
RUN-1002 : start command "start_timer -report"
TMR-2505 : Start building timing graph for model test_camera.
TMR-2506 : Build timing graph completely. Port num: 21, tpin num: 23174, tnet num: 6064, tinst num: 4954, tnode num: 28686, tedge num: 38354.
TMR-2508 : Levelizing timing graph completed, there are 291 levels in total.
TMR-2501 : Timing graph initialized successfully.
RUN-1003 : finish command "start_timer -report" in  1.088239s wall, 1.093750s user + 0.000000s system = 1.093750s CPU (100.5%)

RUN-1004 : used memory is 246 MB, reserved memory is 223 MB, peak memory is 246 MB
TMR-2503 : Start to update net delay, extr mode = 2.
TMR-2504 : Update delay of 6064 nets completely.
TMR-2502 : Annotate delay completely, extr mode = 2.
TMR-3001 : Initiate 0 clocks from SDC.
TMR-3004 : Map sdc constraints, there are 2 constraints in total.
TMR-3003 : Constraints initiated successfully.
TMR-3501 : Forward propagation: start to calculate arrival time...
TMR-3502 : Backward propagation: start to calculate required time...
TMR-3503 : Timing propagation completes.
PHY-3001 : End timing update;  1.209762s wall, 1.203125s user + 0.000000s system = 1.203125s CPU (99.5%)

PHY-3001 : Global placement ...
PHY-3001 : Initial: Len = 1.44065e+06
PHY-3001 : Clustering ...
PHY-3001 : Level 0 #clusters 4954.
PHY-3001 : End clustering;  0.000013s wall, 0.000000s user + 0.000000s system = 0.000000s CPU (n/a%)

PHY-3001 : Run with size of 4
PHY-3001 : Cell area utilization is 21%
PHY-3001 : :::0::: Try harder cell spreading with beta_ = 0
PHY-3002 : Step(1): len = 1.0106e+06, overlap = 36
PHY-3002 : Step(2): len = 872962, overlap = 38.375
PHY-3002 : Step(3): len = 518720, overlap = 41.25
PHY-3002 : Step(4): len = 489984, overlap = 52.8438
PHY-3002 : Step(5): len = 386930, overlap = 58
PHY-3002 : Step(6): len = 343675, overlap = 69.4062
PHY-3002 : Step(7): len = 309672, overlap = 85.4688
PHY-3002 : Step(8): len = 290785, overlap = 105.312
PHY-3002 : Step(9): len = 258823, overlap = 107.5
PHY-3002 : Step(10): len = 230470, overlap = 114
PHY-3002 : Step(11): len = 212764, overlap = 119.906
PHY-3002 : Step(12): len = 196381, overlap = 138.75
PHY-3002 : Step(13): len = 180306, overlap = 148.562
PHY-3002 : Step(14): len = 168794, overlap = 140.219
PHY-3002 : Step(15): len = 160785, overlap = 159.781
PHY-3002 : Step(16): len = 149017, overlap = 168.719
PHY-3002 : Step(17): len = 140667, overlap = 180.5
PHY-3002 : Step(18): len = 135230, overlap = 187.281
PHY-3002 : Step(19): len = 129312, overlap = 192.594
PHY-3001 : :::1::: Try harder cell spreading with beta_ = 1.85294e-05
PHY-3002 : Step(20): len = 134916, overlap = 174.812
PHY-3002 : Step(21): len = 137904, overlap = 171.75
PHY-3002 : Step(22): len = 131237, overlap = 161.938
PHY-3002 : Step(23): len = 133831, overlap = 148.719
PHY-3002 : Step(24): len = 140598, overlap = 113.5
PHY-3002 : Step(25): len = 139888, overlap = 103.469
PHY-3002 : Step(26): len = 136264, overlap = 98.5625
PHY-3002 : Step(27): len = 134566, overlap = 102.25
PHY-3002 : Step(28): len = 130548, overlap = 104.406
PHY-3002 : Step(29): len = 128848, overlap = 97.3438
PHY-3002 : Step(30): len = 126689, overlap = 99.4375
PHY-3002 : Step(31): len = 121387, overlap = 99.3125
PHY-3002 : Step(32): len = 118939, overlap = 101.156
PHY-3002 : Step(33): len = 117404, overlap = 102.906
PHY-3002 : Step(34): len = 114895, overlap = 106.125
PHY-3002 : Step(35): len = 114919, overlap = 102.531
PHY-3002 : Step(36): len = 113116, overlap = 99.2188
PHY-3002 : Step(37): len = 112120, overlap = 98.75
PHY-3002 : Step(38): len = 111014, overlap = 91.7812
PHY-3002 : Step(39): len = 109982, overlap = 90.4375
PHY-3002 : Step(40): len = 108010, overlap = 86.0625
PHY-3002 : Step(41): len = 107251, overlap = 82.5312
PHY-3002 : Step(42): len = 105982, overlap = 80.2812
PHY-3002 : Step(43): len = 105482, overlap = 81.5
PHY-3002 : Step(44): len = 105124, overlap = 82.4688
PHY-3002 : Step(45): len = 104680, overlap = 86.9375
PHY-3002 : Step(46): len = 102932, overlap = 84.5312
PHY-3002 : Step(47): len = 102611, overlap = 86.1875
PHY-3002 : Step(48): len = 102475, overlap = 86.7188
PHY-3001 : :::2::: Try harder cell spreading with beta_ = 3.70589e-05
PHY-3002 : Step(49): len = 102805, overlap = 88.5
PHY-3002 : Step(50): len = 102823, overlap = 89.375
PHY-3002 : Step(51): len = 102802, overlap = 89.5
PHY-3001 : :::3::: Try harder cell spreading with beta_ = 7.41178e-05
PHY-3002 : Step(52): len = 102926, overlap = 89.9375
PHY-3002 : Step(53): len = 102969, overlap = 89.1875
PHY-3001 : :::4::: Try harder cell spreading with beta_ = 0.000148236
PHY-3002 : Step(54): len = 103617, overlap = 88
PHY-3002 : Step(55): len = 103920, overlap = 87.0938
PHY-3001 : Legalization ...
PHY-3001 : End legalization;  0.016278s wall, 0.015625s user + 0.015625s system = 0.031250s CPU (192.0%)

PHY-3001 : Run with size of 4
PHY-3001 : Cell area utilization is 26%
PHY-3001 : Update timing in Manhattan mode ...
TMR-2503 : Start to update net delay, extr mode = 3.
TMR-2504 : Update delay of 6064 nets completely.
TMR-2502 : Annotate delay completely, extr mode = 3.
TMR-3501 : Forward propagation: start to calculate arrival time...
TMR-3502 : Backward propagation: start to calculate required time...
TMR-3503 : Timing propagation completes.
PHY-3001 : End timing update;  0.112904s wall, 0.109375s user + 0.000000s system = 0.109375s CPU (96.9%)

PHY-3001 : :::0::: Try harder cell spreading with beta_ = 2.52904e-06
PHY-3002 : Step(56): len = 115089, overlap = 155.906
PHY-3002 : Step(57): len = 115225, overlap = 156.844
PHY-3002 : Step(58): len = 110899, overlap = 162.625
PHY-3002 : Step(59): len = 111000, overlap = 162.75
PHY-3002 : Step(60): len = 108963, overlap = 164.594
PHY-3002 : Step(61): len = 108591, overlap = 163.656
PHY-3002 : Step(62): len = 106962, overlap = 157.719
PHY-3002 : Step(63): len = 107032, overlap = 153.312
PHY-3002 : Step(64): len = 104736, overlap = 157.656
PHY-3002 : Step(65): len = 104807, overlap = 156.531
PHY-3002 : Step(66): len = 104948, overlap = 154.344
PHY-3001 : :::1::: Try harder cell spreading with beta_ = 5.05808e-06
PHY-3002 : Step(67): len = 104076, overlap = 155.688
PHY-3002 : Step(68): len = 104076, overlap = 155.688
PHY-3002 : Step(69): len = 104061, overlap = 158
PHY-3001 : :::2::: Try harder cell spreading with beta_ = 1.01162e-05
PHY-3002 : Step(70): len = 108383, overlap = 158.125
PHY-3002 : Step(71): len = 108383, overlap = 158.125
PHY-3002 : Step(72): len = 107810, overlap = 160.594
PHY-3002 : Step(73): len = 107784, overlap = 159.656
PHY-3002 : Step(74): len = 107760, overlap = 159.812
PHY-3001 : :::3::: Try harder cell spreading with beta_ = 2.02323e-05
PHY-3002 : Step(75): len = 112876, overlap = 147.25
PHY-3002 : Step(76): len = 112876, overlap = 147.25
PHY-3002 : Step(77): len = 112468, overlap = 146.75
PHY-3002 : Step(78): len = 112507, overlap = 145.281
PHY-3002 : Step(79): len = 112561, overlap = 144.781
PHY-3001 : :::4::: Try harder cell spreading with beta_ = 4.04646e-05
PHY-3002 : Step(80): len = 117663, overlap = 132.75
PHY-3002 : Step(81): len = 117663, overlap = 132.75
PHY-3002 : Step(82): len = 117441, overlap = 131.375
PHY-3002 : Step(83): len = 117441, overlap = 131.375
PHY-3002 : Step(84): len = 117259, overlap = 121.5
PHY-3002 : Step(85): len = 117259, overlap = 121.5
PHY-3002 : Step(86): len = 117042, overlap = 119.875
PHY-3002 : Step(87): len = 117083, overlap = 118.812
PHY-3002 : Step(88): len = 117011, overlap = 114.125
PHY-3002 : Step(89): len = 117705, overlap = 106
PHY-3002 : Step(90): len = 116737, overlap = 105.688
PHY-3002 : Step(91): len = 116387, overlap = 109.156
PHY-3002 : Step(92): len = 116387, overlap = 109.156
PHY-3001 : :::5::: Try harder cell spreading with beta_ = 8.09293e-05
PHY-3002 : Step(93): len = 116738, overlap = 110.906
PHY-3002 : Step(94): len = 116844, overlap = 110.812
PHY-3002 : Step(95): len = 117635, overlap = 108.312
PHY-3001 : :::6::: Try harder cell spreading with beta_ = 0.000161859
PHY-3002 : Step(96): len = 119556, overlap = 107.5
PHY-3002 : Step(97): len = 119934, overlap = 107.625
PHY-3002 : Step(98): len = 124328, overlap = 95.8125
PHY-3002 : Step(99): len = 123619, overlap = 89.2188
PHY-3002 : Step(100): len = 123113, overlap = 87.3438
PHY-3002 : Step(101): len = 121954, overlap = 88.75
PHY-3001 : Run with size of 2
PHY-3001 : Cell area utilization is 26%
PHY-3001 : Update timing in Manhattan mode ...
TMR-2503 : Start to update net delay, extr mode = 3.
TMR-2504 : Update delay of 6064 nets completely.
TMR-2502 : Annotate delay completely, extr mode = 3.
TMR-3501 : Forward propagation: start to calculate arrival time...
TMR-3502 : Backward propagation: start to calculate required time...
TMR-3503 : Timing propagation completes.
PHY-3001 : End timing update;  0.110535s wall, 0.109375s user + 0.000000s system = 0.109375s CPU (99.0%)

PHY-3001 : :::0::: Try harder cell spreading with beta_ = 2.87935e-05
PHY-3002 : Step(102): len = 122978, overlap = 252.531
PHY-3002 : Step(103): len = 123266, overlap = 245.5
PHY-3002 : Step(104): len = 124592, overlap = 222.281
PHY-3002 : Step(105): len = 125178, overlap = 217.031
PHY-3002 : Step(106): len = 126552, overlap = 213.531
PHY-3002 : Step(107): len = 124455, overlap = 215.812
PHY-3002 : Step(108): len = 124256, overlap = 216.844
PHY-3002 : Step(109): len = 122961, overlap = 214.156
PHY-3001 : :::1::: Try harder cell spreading with beta_ = 5.7587e-05
PHY-3002 : Step(110): len = 124112, overlap = 199.656
PHY-3002 : Step(111): len = 124331, overlap = 200
PHY-3002 : Step(112): len = 125100, overlap = 195.531
PHY-3001 : :::2::: Try harder cell spreading with beta_ = 0.000115174
PHY-3002 : Step(113): len = 129914, overlap = 167.656
PHY-3002 : Step(114): len = 130509, overlap = 164.031
PHY-3002 : Step(115): len = 134790, overlap = 148.688
PHY-3002 : Step(116): len = 135124, overlap = 136.219
PHY-3002 : Step(117): len = 135222, overlap = 137.156
PHY-3002 : Step(118): len = 134066, overlap = 135.875
PHY-3002 : Step(119): len = 133688, overlap = 131.312
PHY-3002 : Step(120): len = 133351, overlap = 134.031
PHY-3001 : :::3::: Try harder cell spreading with beta_ = 0.000230348
PHY-3002 : Step(121): len = 134452, overlap = 136.094
PHY-3002 : Step(122): len = 134957, overlap = 135.5
PHY-3002 : Step(123): len = 135866, overlap = 132.406
PHY-3001 : :::4::: Try harder cell spreading with beta_ = 0.000460696
PHY-3002 : Step(124): len = 137095, overlap = 122.812
PHY-3002 : Step(125): len = 137878, overlap = 120.844
PHY-3002 : Step(126): len = 139937, overlap = 111.312
PHY-3002 : Step(127): len = 141040, overlap = 109.594
PHY-3002 : Step(128): len = 141478, overlap = 107.625
PHY-3001 : :::5::: Try harder cell spreading with beta_ = 0.000921393
PHY-3002 : Step(129): len = 141839, overlap = 105.312
PHY-3002 : Step(130): len = 141906, overlap = 105.094
PHY-3001 : :::6::: Try harder cell spreading with beta_ = 0.00173901
PHY-3002 : Step(131): len = 142531, overlap = 99.4375
PHY-3002 : Step(132): len = 143671, overlap = 94.0312
OPT-1001 : Start physical optimization ...
RUN-1002 : start command "start_timer -report"
TMR-2505 : Start building timing graph for model test_camera.
TMR-2506 : Build timing graph completely. Port num: 21, tpin num: 23174, tnet num: 6064, tinst num: 4954, tnode num: 28686, tedge num: 38354.
TMR-2508 : Levelizing timing graph completed, there are 291 levels in total.
TMR-2501 : Timing graph initialized successfully.
RUN-1003 : finish command "start_timer -report" in  1.131219s wall, 1.125000s user + 0.000000s system = 1.125000s CPU (99.5%)

RUN-1004 : used memory is 243 MB, reserved memory is 221 MB, peak memory is 254 MB
OPT-1001 : Total overflow 331.94 peak overflow 3.91
OPT-1001 : Start high-fanout net optimization ...
OPT-1001 : Update timing in global mode
PHY-1001 : Start incremental global routing, caller is place ...
RUN-1001 : Generating global routing grids ...
RUN-1001 : Building simple global routing graph ...
PHY-1001 : Generate routing nets ...
PHY-1001 : Reuse net number 0/6066.
PHY-1001 : Global iterations in 16 thread ...
PHY-1002 : len = 171048, over cnt = 766(2%), over = 3013, worst = 24
PHY-1001 : End global iterations;  0.364445s wall, 0.593750s user + 0.031250s system = 0.625000s CPU (171.5%)

PHY-1001 : Congestion index: top1 = 46.51, top5 = 35.33, top10 = 29.36, top15 = 25.47.
PHY-1001 : End incremental global routing;  0.461487s wall, 0.671875s user + 0.046875s system = 0.718750s CPU (155.7%)

TMR-2503 : Start to update net delay, extr mode = 5.
TMR-2504 : Update delay of 6064 nets completely.
TMR-2502 : Annotate delay completely, extr mode = 5.
TMR-3001 : Initiate 0 clocks from SDC.
TMR-3004 : Map sdc constraints, there are 2 constraints in total.
TMR-3003 : Constraints initiated successfully.
TMR-3501 : Forward propagation: start to calculate arrival time...
TMR-3502 : Backward propagation: start to calculate required time...
TMR-3503 : Timing propagation completes.
OPT-1001 : End timing update;  0.143022s wall, 0.140625s user + 0.000000s system = 0.140625s CPU (98.3%)

OPT-1001 : 0 high-fanout net processed.
OPT-1001 : End high-fanout net optimization;  0.702430s wall, 0.906250s user + 0.046875s system = 0.953125s CPU (135.7%)

OPT-1001 : Current memory(MB): used = 281, reserve = 259, peak = 281.
OPT-1001 : Start global optimization ...
OPT-1001 : Start congestion update ...
RUN-1001 : Generating global routing grids ...
PHY-1001 : Generate routing nets ...
PHY-1001 : Reuse net number 4483/6066.
PHY-1001 : Global iterations in 16 thread ...
PHY-1002 : len = 171048, over cnt = 766(2%), over = 3013, worst = 24
PHY-1002 : len = 188096, over cnt = 520(1%), over = 1448, worst = 20
PHY-1002 : len = 198864, over cnt = 188(0%), over = 468, worst = 12
PHY-1002 : len = 203216, over cnt = 39(0%), over = 118, worst = 10
PHY-1002 : len = 204960, over cnt = 0(0%), over = 0, worst = 0
PHY-1001 : End global iterations;  0.398378s wall, 0.515625s user + 0.000000s system = 0.515625s CPU (129.4%)

PHY-1001 : Congestion index: top1 = 38.81, top5 = 32.32, top10 = 28.40, top15 = 25.48.
OPT-1001 : End congestion update;  0.488092s wall, 0.609375s user + 0.000000s system = 0.609375s CPU (124.8%)

OPT-1001 : Update timing in Manhattan mode
TMR-2503 : Start to update net delay, extr mode = 3.
TMR-2504 : Update delay of 6064 nets completely.
TMR-2502 : Annotate delay completely, extr mode = 3.
TMR-3501 : Forward propagation: start to calculate arrival time...
TMR-3502 : Backward propagation: start to calculate required time...
TMR-3503 : Timing propagation completes.
OPT-1001 : End timing update;  0.110186s wall, 0.109375s user + 0.000000s system = 0.109375s CPU (99.3%)

OPT-0007 : Start: WNS 4470 TNS 0 NUM_FEPS 0
OPT-1001 : End global optimization;  0.598417s wall, 0.718750s user + 0.000000s system = 0.718750s CPU (120.1%)

OPT-1001 : Current memory(MB): used = 285, reserve = 263, peak = 285.
OPT-1001 : End physical optimization;  2.478872s wall, 2.781250s user + 0.046875s system = 2.828125s CPU (114.1%)

PHY-3001 : Start packing ...
SYN-4007 : Packing 0 MUX to BLE ...
SYN-4008 : Packed 0 MUX and 0 SEQ to BLE.
SYN-4007 : Packing 2051 LUT to BLE ...
SYN-4008 : Packed 2051 LUT and 836 SEQ to BLE.
SYN-4003 : Packing 863 remaining SEQ's ...
SYN-4005 : Packed 528 SEQ with LUT/SLICE
SYN-4006 : 820 single LUT's are left
SYN-4006 : 335 single SEQ's are left
SYN-4011 : Packing model "test_camera" (AL_USER_NORMAL) with 2386/4502 primitive instances ...
PHY-3001 : End packing;  0.219642s wall, 0.218750s user + 0.000000s system = 0.218750s CPU (99.6%)

PHY-1001 : Populate physical database on model test_camera.
RUN-1001 : There are total 2543 instances
RUN-1001 : 1188 mslices, 1187 lslices, 144 pads, 10 brams, 5 dsps
RUN-1001 : There are total 5284 nets
RUN-6004 WARNING: There are 2 nets with only 1 pin.
RUN-1001 : 3377 nets have 2 pins
RUN-1001 : 1314 nets have [3 - 5] pins
RUN-1001 : 456 nets have [6 - 10] pins
RUN-1001 : 65 nets have [11 - 20] pins
RUN-1001 : 64 nets have [21 - 99] pins
RUN-1001 : 6 nets have 100+ pins
PHY-3001 : design contains 2541 instances, 2375 slices, 197 macros(1037 instances: 668 mslices 369 lslices)
PHY-3001 : Cell area utilization is 29%
PHY-3001 : After packing: Len = 145093, Over = 140.75
PHY-3001 : Run with size of 2
PHY-3001 : Cell area utilization is 29%
PHY-3001 : Update timing in Manhattan mode ...
RUN-1002 : start command "start_timer -report"
TMR-2505 : Start building timing graph for model test_camera.
TMR-2506 : Build timing graph completely. Port num: 21, tpin num: 20328, tnet num: 5282, tinst num: 2541, tnode num: 24380, tedge num: 35004.
TMR-2508 : Levelizing timing graph completed, there are 289 levels in total.
TMR-2501 : Timing graph initialized successfully.
RUN-1003 : finish command "start_timer -report" in  1.279599s wall, 1.281250s user + 0.000000s system = 1.281250s CPU (100.1%)

RUN-1004 : used memory is 287 MB, reserved memory is 266 MB, peak memory is 287 MB
TMR-2503 : Start to update net delay, extr mode = 3.
TMR-2504 : Update delay of 5282 nets completely.
TMR-2502 : Annotate delay completely, extr mode = 3.
TMR-3001 : Initiate 0 clocks from SDC.
TMR-3004 : Map sdc constraints, there are 2 constraints in total.
TMR-3003 : Constraints initiated successfully.
TMR-3501 : Forward propagation: start to calculate arrival time...
TMR-3502 : Backward propagation: start to calculate required time...
TMR-3503 : Timing propagation completes.
PHY-3001 : End timing update;  1.387802s wall, 1.390625s user + 0.000000s system = 1.390625s CPU (100.2%)

PHY-3001 : :::0::: Try harder cell spreading with beta_ = 2.42985e-05
PHY-3002 : Step(133): len = 140244, overlap = 151.75
PHY-3002 : Step(134): len = 138803, overlap = 152
PHY-3002 : Step(135): len = 134743, overlap = 162.25
PHY-3002 : Step(136): len = 132828, overlap = 167.5
PHY-3002 : Step(137): len = 132462, overlap = 166.25
PHY-3002 : Step(138): len = 132110, overlap = 169.5
PHY-3001 : :::1::: Try harder cell spreading with beta_ = 4.85969e-05
PHY-3002 : Step(139): len = 133866, overlap = 166
PHY-3002 : Step(140): len = 135006, overlap = 164.25
PHY-3002 : Step(141): len = 136768, overlap = 159.75
PHY-3001 : :::2::: Try harder cell spreading with beta_ = 9.71938e-05
PHY-3002 : Step(142): len = 140467, overlap = 143.25
PHY-3002 : Step(143): len = 142637, overlap = 136.25
PHY-3002 : Step(144): len = 147432, overlap = 126
PHY-3002 : Step(145): len = 146033, overlap = 125
PHY-3002 : Step(146): len = 145903, overlap = 125
PHY-3002 : Step(147): len = 144285, overlap = 121
PHY-3001 : Legalization ...
PHY-3001 : End legalization;  0.349780s wall, 0.234375s user + 0.671875s system = 0.906250s CPU (259.1%)

PHY-3001 : Trial Legalized: Len = 180028
PHY-3001 : Run with size of 2
PHY-3001 : Cell area utilization is 28%
PHY-3001 : Update timing in Manhattan mode ...
TMR-2503 : Start to update net delay, extr mode = 3.
TMR-2504 : Update delay of 5282 nets completely.
TMR-2502 : Annotate delay completely, extr mode = 3.
TMR-3501 : Forward propagation: start to calculate arrival time...
TMR-3502 : Backward propagation: start to calculate required time...
TMR-3503 : Timing propagation completes.
PHY-3001 : End timing update;  0.103563s wall, 0.093750s user + 0.000000s system = 0.093750s CPU (90.5%)

PHY-3001 : :::0::: Try harder cell spreading with beta_ = 0.000170704
PHY-3002 : Step(148): len = 169417, overlap = 12.25
PHY-3002 : Step(149): len = 160679, overlap = 40
PHY-3002 : Step(150): len = 157630, overlap = 42.25
PHY-3002 : Step(151): len = 156415, overlap = 45.5
PHY-3002 : Step(152): len = 154908, overlap = 50.75
PHY-3002 : Step(153): len = 153991, overlap = 52.25
PHY-3002 : Step(154): len = 153882, overlap = 51.25
PHY-3002 : Step(155): len = 153598, overlap = 51.5
PHY-3001 : :::1::: Try harder cell spreading with beta_ = 0.000341407
PHY-3002 : Step(156): len = 155668, overlap = 50
PHY-3002 : Step(157): len = 156391, overlap = 49.5
PHY-3002 : Step(158): len = 157093, overlap = 47.25
PHY-3001 : :::2::: Try harder cell spreading with beta_ = 0.000682814
PHY-3002 : Step(159): len = 158705, overlap = 49.25
PHY-3002 : Step(160): len = 159534, overlap = 50.75
PHY-3001 : Legalization ...
PHY-3001 : End legalization;  0.007931s wall, 0.000000s user + 0.000000s system = 0.000000s CPU (n/a%)

PHY-3001 : Legalized: Len = 170243, Over = 0
PHY-3001 : Spreading special nets. 32 overflows in 2952 tiles.
PHY-3001 : End spreading;  0.017698s wall, 0.015625s user + 0.000000s system = 0.015625s CPU (88.3%)

PHY-3001 : 41 instances has been re-located, deltaX = 9, deltaY = 24, maxDist = 2.
PHY-3001 : Final: Len = 170971, Over = 0
OPT-1001 : Start physical optimization ...
RUN-1002 : start command "start_timer -report"
TMR-2505 : Start building timing graph for model test_camera.
TMR-2506 : Build timing graph completely. Port num: 21, tpin num: 20328, tnet num: 5282, tinst num: 2541, tnode num: 24380, tedge num: 35004.
TMR-2508 : Levelizing timing graph completed, there are 289 levels in total.
TMR-2501 : Timing graph initialized successfully.
RUN-1003 : finish command "start_timer -report" in  1.317122s wall, 1.312500s user + 0.015625s system = 1.328125s CPU (100.8%)

RUN-1004 : used memory is 285 MB, reserved memory is 265 MB, peak memory is 291 MB
OPT-1001 : Total overflow 0.00 peak overflow 0.00
OPT-1001 : Start high-fanout net optimization ...
OPT-1001 : Update timing in global mode
PHY-1001 : Start incremental global routing, caller is place ...
RUN-1001 : Generating global routing grids ...
PHY-1001 : Generate routing nets ...
PHY-1001 : Reuse net number 196/5284.
PHY-1001 : Global iterations in 16 thread ...
PHY-1002 : len = 209784, over cnt = 581(1%), over = 947, worst = 9
PHY-1002 : len = 214760, over cnt = 231(0%), over = 315, worst = 4
PHY-1002 : len = 217440, over cnt = 64(0%), over = 89, worst = 4
PHY-1002 : len = 218448, over cnt = 23(0%), over = 27, worst = 2
PHY-1002 : len = 218872, over cnt = 0(0%), over = 0, worst = 0
PHY-1001 : End global iterations;  0.700252s wall, 0.968750s user + 0.109375s system = 1.078125s CPU (154.0%)

PHY-1001 : Congestion index: top1 = 32.97, top5 = 28.30, top10 = 25.58, top15 = 23.59.
PHY-1001 : End incremental global routing;  0.830897s wall, 1.093750s user + 0.109375s system = 1.203125s CPU (144.8%)

TMR-2503 : Start to update net delay, extr mode = 5.
TMR-2504 : Update delay of 5282 nets completely.
TMR-2502 : Annotate delay completely, extr mode = 5.
TMR-3001 : Initiate 0 clocks from SDC.
TMR-3004 : Map sdc constraints, there are 2 constraints in total.
TMR-3003 : Constraints initiated successfully.
TMR-3501 : Forward propagation: start to calculate arrival time...
TMR-3502 : Backward propagation: start to calculate required time...
TMR-3503 : Timing propagation completes.
OPT-1001 : End timing update;  0.135119s wall, 0.140625s user + 0.000000s system = 0.140625s CPU (104.1%)

OPT-1001 : 0 high-fanout net processed.
OPT-1001 : End high-fanout net optimization;  1.067466s wall, 1.328125s user + 0.109375s system = 1.437500s CPU (134.7%)

OPT-1001 : Current memory(MB): used = 292, reserve = 272, peak = 292.
OPT-1001 : Start path based optimization ...
OPT-1001 : Start congestion update ...
RUN-1001 : Generating global routing grids ...
PHY-1001 : Generate routing nets ...
PHY-1001 : Reuse net number 4500/5284.
PHY-1001 : Global iterations in 16 thread ...
PHY-1002 : len = 218872, over cnt = 0(0%), over = 0, worst = 0
PHY-1001 : End global iterations;  0.025589s wall, 0.015625s user + 0.000000s system = 0.015625s CPU (61.1%)

PHY-1001 : Congestion index: top1 = 32.97, top5 = 28.30, top10 = 25.58, top15 = 23.59.
OPT-1001 : End congestion update;  0.125689s wall, 0.125000s user + 0.000000s system = 0.125000s CPU (99.5%)

OPT-1001 : Update timing in Manhattan mode
TMR-2503 : Start to update net delay, extr mode = 3.
TMR-2504 : Update delay of 5282 nets completely.
TMR-2502 : Annotate delay completely, extr mode = 3.
TMR-3501 : Forward propagation: start to calculate arrival time...
TMR-3502 : Backward propagation: start to calculate required time...
TMR-3503 : Timing propagation completes.
OPT-1001 : End timing update;  0.101261s wall, 0.109375s user + 0.000000s system = 0.109375s CPU (108.0%)

OPT-0007 : Start: WNS 4345 TNS 0 NUM_FEPS 0
OPT-1001 : End path based optimization;  0.227086s wall, 0.234375s user + 0.000000s system = 0.234375s CPU (103.2%)

OPT-1001 : Current memory(MB): used = 294, reserve = 274, peak = 294.
OPT-1001 : Update timing in Manhattan mode
TMR-2503 : Start to update net delay, extr mode = 3.
TMR-2504 : Update delay of 5282 nets completely.
TMR-2502 : Annotate delay completely, extr mode = 3.
TMR-3501 : Forward propagation: start to calculate arrival time...
TMR-3502 : Backward propagation: start to calculate required time...
TMR-3503 : Timing propagation completes.
OPT-1001 : End timing update;  0.100803s wall, 0.093750s user + 0.000000s system = 0.093750s CPU (93.0%)

OPT-1001 : Start pin optimization...
OPT-1001 : skip pin optimization...
OPT-1001 : Update timing in global mode
PHY-1001 : Start incremental global routing, caller is place ...
RUN-1001 : Generating global routing grids ...
PHY-1001 : Generate routing nets ...
PHY-1001 : Reuse net number 4500/5284.
PHY-1001 : Global iterations in 16 thread ...
PHY-1002 : len = 218872, over cnt = 0(0%), over = 0, worst = 0
PHY-1001 : End global iterations;  0.027603s wall, 0.031250s user + 0.000000s system = 0.031250s CPU (113.2%)

PHY-1001 : Congestion index: top1 = 32.97, top5 = 28.30, top10 = 25.58, top15 = 23.59.
PHY-1001 : End incremental global routing;  0.129044s wall, 0.125000s user + 0.000000s system = 0.125000s CPU (96.9%)

TMR-2503 : Start to update net delay, extr mode = 5.
TMR-2504 : Update delay of 5282 nets completely.
TMR-2502 : Annotate delay completely, extr mode = 5.
TMR-3501 : Forward propagation: start to calculate arrival time...
TMR-3502 : Backward propagation: start to calculate required time...
TMR-3503 : Timing propagation completes.
OPT-1001 : End timing update;  0.128410s wall, 0.140625s user + 0.000000s system = 0.140625s CPU (109.5%)

RUN-1001 : Generating global routing grids ...
PHY-1001 : Generate routing nets ...
PHY-1001 : Reuse net number 4500/5284.
PHY-1001 : Global iterations in 16 thread ...
PHY-1002 : len = 218872, over cnt = 0(0%), over = 0, worst = 0
PHY-1001 : End global iterations;  0.026739s wall, 0.031250s user + 0.000000s system = 0.031250s CPU (116.9%)

PHY-1001 : Congestion index: top1 = 32.97, top5 = 28.30, top10 = 25.58, top15 = 23.59.
OPT-1001 : Update timing in Manhattan mode
TMR-2503 : Start to update net delay, extr mode = 3.
TMR-2504 : Update delay of 5282 nets completely.
TMR-2502 : Annotate delay completely, extr mode = 3.
TMR-3501 : Forward propagation: start to calculate arrival time...
TMR-3502 : Backward propagation: start to calculate required time...
TMR-3503 : Timing propagation completes.
OPT-1001 : End timing update;  0.098553s wall, 0.093750s user + 0.000000s system = 0.093750s CPU (95.1%)

RUN-1001 : QoR Analysis:
OPT-0007 :   WNS 4345 TNS 0 NUM_FEPS 0
RUN-1001 :   No local congestion issue, and most congested 1% tile average routing util is 32.551724
RUN-1001 :   Top critical paths
OPT-1001 : End physical optimization;  3.239307s wall, 3.500000s user + 0.125000s system = 3.625000s CPU (111.9%)

RUN-1003 : finish command "place" in  15.247755s wall, 24.734375s user + 6.421875s system = 31.156250s CPU (204.3%)

RUN-1004 : used memory is 275 MB, reserved memory is 254 MB, peak memory is 295 MB
RUN-1002 : start command "export_db ov2640_sdram_place.db"
RUN-1001 : Exported /
RUN-1001 : Exported flow parameters
RUN-1001 : Exported libs
RUN-1001 : Exported entities
RUN-1001 : Exported ports
RUN-1001 : Exported pins
RUN-1001 : Exported instances
RUN-1001 : Exported nets
RUN-1001 : Exported buses
RUN-1001 : Exported models
RUN-1001 : Exported congestions
RUN-1001 : Exported violations
RUN-1001 : Exported timing constraints
RUN-1001 : Exported IO constraints
RUN-1001 : Exported Inst constraints
RUN-1002 : start command "route"
RUN-1001 : Open license file C:/Anlogic/TD5.6.59063/license/Anlogic.lic
RUN-1001 : Print Global Property
RUN-1001 : ---------------------------------------------------------------
RUN-1001 :        Parameters        |  Settings  |  Default Values  |  Note  
RUN-1001 : ---------------------------------------------------------------
RUN-1001 :          message         |  standard  |     standard     |        
RUN-1001 :   mixed_pack_place_flow  |     on     |        on        |        
RUN-1001 :        qor_monitor       |    off     |       off        |        
RUN-1001 :        syn_ip_flow       |    off     |       off        |        
RUN-1001 :          thread          |    auto    |       auto       |        
RUN-1001 : ---------------------------------------------------------------
RUN-1001 : Print Route Property
RUN-1001 : -------------------------------------------------------
RUN-1001 :    Parameters    |  Settings  |  Default Values  |  Note  
RUN-1001 : -------------------------------------------------------
RUN-1001 :      effort      |   medium   |      medium      |        
RUN-1001 :     fix_hold     |    off     |       off        |        
RUN-1001 :    opt_timing    |   medium   |      medium      |        
RUN-1001 :   phy_sim_model  |    off     |       off        |        
RUN-1001 :     priority     |   timing   |      timing      |        
RUN-1001 :     swap_pin     |     on     |        on        |        
RUN-1001 : -------------------------------------------------------
PHY-1001 : Route runs in 16 thread(s)
RUN-1001 : There are total 2543 instances
RUN-1001 : 1188 mslices, 1187 lslices, 144 pads, 10 brams, 5 dsps
RUN-1001 : There are total 5284 nets
RUN-6004 WARNING: There are 2 nets with only 1 pin.
RUN-1001 : 3377 nets have 2 pins
RUN-1001 : 1314 nets have [3 - 5] pins
RUN-1001 : 456 nets have [6 - 10] pins
RUN-1001 : 65 nets have [11 - 20] pins
RUN-1001 : 64 nets have [21 - 99] pins
RUN-1001 : 6 nets have 100+ pins
RUN-1002 : start command "start_timer -report"
TMR-2505 : Start building timing graph for model test_camera.
TMR-2506 : Build timing graph completely. Port num: 21, tpin num: 20328, tnet num: 5282, tinst num: 2541, tnode num: 24380, tedge num: 35004.
TMR-2508 : Levelizing timing graph completed, there are 289 levels in total.
TMR-2501 : Timing graph initialized successfully.
RUN-1003 : finish command "start_timer -report" in  1.201703s wall, 1.203125s user + 0.000000s system = 1.203125s CPU (100.1%)

RUN-1004 : used memory is 291 MB, reserved memory is 271 MB, peak memory is 326 MB
PHY-1001 : 1188 mslices, 1187 lslices, 144 pads, 10 brams, 5 dsps
TMR-2503 : Start to update net delay, extr mode = 3.
TMR-2504 : Update delay of 5282 nets completely.
TMR-2502 : Annotate delay completely, extr mode = 3.
TMR-3001 : Initiate 0 clocks from SDC.
TMR-3004 : Map sdc constraints, there are 2 constraints in total.
TMR-3003 : Constraints initiated successfully.
TMR-3501 : Forward propagation: start to calculate arrival time...
TMR-3502 : Backward propagation: start to calculate required time...
TMR-3503 : Timing propagation completes.
PHY-1001 : Start global routing, caller is route ...
RUN-1001 : Generating global routing grids ...
PHY-1001 : Generate routing nets ...
PHY-1001 : Global iterations in 16 thread ...
PHY-1002 : len = 206760, over cnt = 576(1%), over = 946, worst = 9
PHY-1002 : len = 211728, over cnt = 244(0%), over = 329, worst = 5
PHY-1002 : len = 215392, over cnt = 35(0%), over = 45, worst = 3
PHY-1002 : len = 216144, over cnt = 0(0%), over = 0, worst = 0
PHY-1001 : End global iterations;  0.657166s wall, 0.953125s user + 0.109375s system = 1.062500s CPU (161.7%)

PHY-1001 : Congestion index: top1 = 33.02, top5 = 28.29, top10 = 25.48, top15 = 23.50.
PHY-1001 : End global routing;  0.772507s wall, 1.078125s user + 0.109375s system = 1.187500s CPU (153.7%)

PHY-1001 : Start detail routing ...
PHY-1001 : Current memory(MB): used = 324, reserve = 304, peak = 326.
PHY-1001 : Detailed router is running in normal mode.
PHY-1001 : Generate detailed routing grids ...
PHY-1001 : Generate nets ...
PHY-1001 : net clk_24m_dup_1 will be routed on clock mesh
PHY-1001 : net clk_cam will be routed on clock mesh
PHY-1001 : net vga_clk_dup_1 will be routed on clock mesh
PHY-1001 : clock net Sdram_Control_4Port/CTRL_CLK will be merged with clock u_pll/clk0_buf
PHY-1001 : net Sdram_Control_4Port/SDRAM_CLK will be routed on clock mesh
PHY-1001 : clock net u_image_select/mode[3]_syn_29 will be merged with clock u_image_select/mode[3]_syn_26
PHY-1001 : clock net u_camera_init/divider2[8]_syn_4 will be merged with clock u_camera_init/divider2[8]
PHY-1001 : clock net u_camera_init/divider2[7]_syn_2 will be merged with clock u_camera_init/divider2[7]
PHY-1001 : net u_camera_init/u_i2c_write/clk will be routed on clock mesh
PHY-5010 WARNING: Net u_image_process/out_img_imy[1] is skipped due to 0 input or output
PHY-5010 WARNING: Net u_image_process/out_img_imy[0] is skipped due to 0 input or output
PHY-1001 : clock net u_image_process/wrreq_syn_2 will be merged with clock u_image_process/wrreq
PHY-1001 : net u_image_process/u_Median_Gray/u_three_martix/csi_pclk will be routed on clock mesh
PHY-5010 WARNING: Net u_image_process/out_img_imy[1] is skipped due to 0 input or output
PHY-5010 WARNING: Net u_image_process/out_img_imy[0] is skipped due to 0 input or output
PHY-1001 : Current memory(MB): used = 579, reserve = 562, peak = 579.
PHY-1001 : End build detailed router design. 4.028579s wall, 3.984375s user + 0.031250s system = 4.015625s CPU (99.7%)

PHY-1001 : Detail Route ...
PHY-1001 : ===== Detail Route Phase 1 =====
PHY-1001 : Clock net routing.....
PHY-1001 : Routed 0% nets.
PHY-1022 : len = 67824, over cnt = 0(0%), over = 0, worst = 0, crit = 0
PHY-1001 : End initial clock net routed; 4.492093s wall, 4.500000s user + 0.000000s system = 4.500000s CPU (100.2%)

PHY-1001 : Current memory(MB): used = 612, reserve = 597, peak = 612.
PHY-1001 : End phase 1; 4.498839s wall, 4.500000s user + 0.000000s system = 4.500000s CPU (100.0%)

PHY-1001 : ===== Detail Route Phase 2 =====
PHY-1001 : Initial routing.....
PHY-1001 : Routed 17% nets.
PHY-1001 : Routed 23% nets.
PHY-1001 : Routed 27% nets.
PHY-1001 : Routed 32% nets.
PHY-1001 : Routed 38% nets.
PHY-1001 : Patch 2302 net; 3.035024s wall, 3.046875s user + 0.000000s system = 3.046875s CPU (100.4%)

PHY-1022 : len = 452640, over cnt = 273(0%), over = 273, worst = 1, crit = 0
PHY-1001 : Current memory(MB): used = 616, reserve = 600, peak = 616.
PHY-1001 : End initial routed; 6.470332s wall, 9.265625s user + 0.078125s system = 9.343750s CPU (144.4%)

PHY-1001 : Update timing.....
PHY-1001 : 0/4361(0%) critical/total net(s).
RUN-1001 : ------------------------------------------
RUN-1001 :   Type   |    WNS(ns)    |  TNS(ns)  |  FEP  
RUN-1001 : ------------------------------------------
RUN-1001 :   Setup  |     3.846     |   0.000   |   0   
RUN-1001 :   Hold   |  2147483.647  |   0.000   |   0   
RUN-1001 : ------------------------------------------
PHY-1001 : End update timing; 1.460252s wall, 1.468750s user + 0.000000s system = 1.468750s CPU (100.6%)

PHY-1001 : Current memory(MB): used = 622, reserve = 606, peak = 622.
PHY-1001 : End phase 2; 7.930653s wall, 10.734375s user + 0.078125s system = 10.812500s CPU (136.3%)

PHY-1001 : ===== Detail Route Phase 3 =====
PHY-1001 : Optimize timing.....
PHY-1022 : len = 452640, over cnt = 273(0%), over = 273, worst = 1, crit = 0
PHY-1001 : End optimize timing; 0.020920s wall, 0.031250s user + 0.000000s system = 0.031250s CPU (149.4%)

PHY-1001 : Ripup-reroute.....
PHY-1001 : ===== DR Iter 1 =====
PHY-1022 : len = 451120, over cnt = 52(0%), over = 52, worst = 1, crit = 0
PHY-1001 : End DR Iter 1; 0.274856s wall, 0.359375s user + 0.000000s system = 0.359375s CPU (130.8%)

PHY-1001 : ===== DR Iter 2 =====
PHY-1022 : len = 450968, over cnt = 10(0%), over = 10, worst = 1, crit = 0
PHY-1001 : End DR Iter 2; 0.105305s wall, 0.109375s user + 0.000000s system = 0.109375s CPU (103.9%)

PHY-1001 : ===== DR Iter 3 =====
PHY-1022 : len = 450976, over cnt = 0(0%), over = 0, worst = 0, crit = 0
PHY-1001 : End DR Iter 3; 0.047667s wall, 0.046875s user + 0.000000s system = 0.046875s CPU (98.3%)

PHY-1001 : Update timing.....
PHY-1001 : 0/4361(0%) critical/total net(s).
RUN-1001 : ------------------------------------------
RUN-1001 :   Type   |    WNS(ns)    |  TNS(ns)  |  FEP  
RUN-1001 : ------------------------------------------
RUN-1001 :   Setup  |     3.846     |   0.000   |   0   
RUN-1001 :   Hold   |  2147483.647  |   0.000   |   0   
RUN-1001 : ------------------------------------------
PHY-1001 : End update timing; 1.460964s wall, 1.468750s user + 0.000000s system = 1.468750s CPU (100.5%)

PHY-1001 : Commit to database.....
PHY-1001 : 75 feed throughs used by 56 nets
PHY-1001 : End commit to database; 0.556669s wall, 0.546875s user + 0.000000s system = 0.546875s CPU (98.2%)

PHY-1001 : Current memory(MB): used = 649, reserve = 634, peak = 649.
PHY-1001 : End phase 3; 2.628719s wall, 2.703125s user + 0.000000s system = 2.703125s CPU (102.8%)

PHY-1003 : Routed, final wirelength = 450976
PHY-1001 : Current memory(MB): used = 650, reserve = 635, peak = 650.
PHY-1001 : End export database. 0.019656s wall, 0.015625s user + 0.000000s system = 0.015625s CPU (79.5%)

PHY-1001 : End detail routing;  19.378367s wall, 22.218750s user + 0.109375s system = 22.328125s CPU (115.2%)

RUN-1003 : finish command "route" in  21.572411s wall, 24.718750s user + 0.218750s system = 24.937500s CPU (115.6%)

RUN-1004 : used memory is 610 MB, reserved memory is 595 MB, peak memory is 650 MB
RUN-1002 : start command "report_area -io_info -file ov2640_sdram_phy.area"
RUN-1001 : standard
***Report Model: test_camera Device: EG4S20BG256***

IO Statistics
#IO                        89
  #input                   29
  #output                  59
  #inout                    1

Utilization Statistics
#lut                     4185   out of  19600   21.35%
#reg                     1723   out of  19600    8.79%
#le                      4520
  #lut only              2797   out of   4520   61.88%
  #reg only               335   out of   4520    7.41%
  #lut&reg               1388   out of   4520   30.71%
#dsp                        5   out of     29   17.24%
#bram                       8   out of     64   12.50%
  #bram9k                   0
  #fifo9k                   8
#bram32k                    2   out of     16   12.50%
#pad                       89   out of    188   47.34%
  #ireg                     0
  #oreg                     0
  #treg                     0
#pll                        1   out of      4   25.00%
#gclk                      11   out of     16   68.75%

Clock Resource Statistics
Index     ClockNet                                                 Type               DriverType         Driver                              Fanout
#1        u_image_process/u_Median_Gray/u_three_martix/csi_pclk    GCLK               io                 cam_pclk_syn_5.di                   714
#2        u_pll/clk0_buf                                           GCLK               pll                u_pll/pll_inst.clkc0                174
#3        vga_clk_dup_1                                            GCLK               pll                u_pll/pll_inst.clkc2                44
#4        clk_24m_dup_1                                            GCLK               io                 clk_24m_syn_2.di                    22
#5        u_camera_init/divider2[8]                                GCLK               mslice             u_camera_init/reg3_syn_60.q1        21
#6        u_camera_init/u_i2c_write/clk                            GCLK               pll                u_pll/pll_inst.clkc4                21
#7        u_camera_init/divider2[7]                                GCLK               mslice             u_camera_init/reg3_syn_60.q0        18
#8        u_image_select/mode[3]_syn_26                            GCLK               lslice             u_image_select/mode[3]_syn_33.f1    10
#9        u_image_process/wrreq                                    GCLK               mslice             u_image_select/sel2_syn_697.f0      8
#10       Sdram_Control_4Port/SDRAM_CLK                            GCLK               pll                u_pll/pll_inst.clkc1                0
#11       clk_cam                                                  GCLK               pll                u_pll/pll_inst.clkc3                0


Detailed IO Report

     Name        Direction    Location    IOStandard    DriveStrength    PullType    PackReg  
   Switch[5]       INPUT         P6        LVCMOS25          N/A          PULLUP      NONE    
   Switch[4]       INPUT         M6        LVCMOS25          N/A          PULLUP      NONE    
   Switch[3]       INPUT         T6        LVCMOS25          N/A          PULLUP      NONE    
   Switch[2]       INPUT         T5        LVCMOS25          N/A          PULLUP      NONE    
   Switch[1]       INPUT         R5        LVCMOS25          N/A          PULLUP      NONE    
   Switch[0]       INPUT         T4        LVCMOS25          N/A          PULLUP      NONE    
  cam_data[7]      INPUT        H13        LVCMOS33          N/A          PULLUP      NONE    
  cam_data[6]      INPUT        G16        LVCMOS33          N/A          PULLUP      NONE    
  cam_data[5]      INPUT        H16        LVCMOS33          N/A          PULLUP      NONE    
  cam_data[4]      INPUT        G14        LVCMOS33          N/A          PULLUP      NONE    
  cam_data[3]      INPUT        K15        LVCMOS33          N/A          PULLUP      NONE    
  cam_data[2]      INPUT        K16        LVCMOS33          N/A          PULLUP      NONE    
  cam_data[1]      INPUT        J16        LVCMOS33          N/A          PULLUP      NONE    
  cam_data[0]      INPUT        H15        LVCMOS33          N/A          PULLUP      NONE    
   cam_href        INPUT        F15        LVCMOS33          N/A          PULLUP      NONE    
   cam_pclk        INPUT        K12        LVCMOS33          N/A          PULLUP      NONE    
   cam_vsync       INPUT        E15        LVCMOS33          N/A          PULLUP      NONE    
    clk_24m        INPUT        K14        LVCMOS33          N/A          PULLUP      NONE    
     rst_n         INPUT        G11        LVCMOS33          N/A          PULLUP      NONE    
    Led[15]       OUTPUT        T13        LVCMOS25           8            NONE       NONE    
    Led[14]       OUTPUT        T12        LVCMOS25           8            NONE       NONE    
    Led[13]       OUTPUT        R12        LVCMOS25           8            NONE       NONE    
    Led[12]       OUTPUT         M7        LVCMOS25           8            NONE       NONE    
    Led[11]       OUTPUT         T9        LVCMOS25           8            NONE       NONE    
    Led[10]       OUTPUT         T8        LVCMOS25           8            NONE       NONE    
    Led[9]        OUTPUT         T7        LVCMOS25           8            NONE       NONE    
    Led[8]        OUTPUT         R7        LVCMOS25           8            NONE       NONE    
    Led[7]        OUTPUT         P5        LVCMOS25           8            NONE       NONE    
    Led[6]        OUTPUT         N5        LVCMOS25           8            NONE       NONE    
    Led[5]        OUTPUT         P4        LVCMOS25           8            NONE       NONE    
    Led[4]        OUTPUT         M5        LVCMOS25           8            NONE       NONE    
    Led[3]        OUTPUT         N4        LVCMOS25           8            NONE       NONE    
    Led[2]        OUTPUT         N3        LVCMOS25           8            NONE       NONE    
    Led[1]        OUTPUT         M4        LVCMOS25           8            NONE       NONE    
    Led[0]        OUTPUT         M3        LVCMOS25           8            NONE       NONE    
   cam_pwdn       OUTPUT        F14        LVCMOS33           8            NONE       NONE    
    cam_rst       OUTPUT        F13        LVCMOS33           8            NONE       NONE    
   cam_soic       OUTPUT        D16        LVCMOS33           8           PULLUP      NONE    
   cam_xclk       OUTPUT        J12        LVCMOS33           8            NONE       NONE    
   sm_bit[3]      OUTPUT         F3        LVCMOS25           8            NONE       NONE    
   sm_bit[2]      OUTPUT         C2        LVCMOS25           8            NONE       NONE    
   sm_bit[1]      OUTPUT         C3        LVCMOS25           8            NONE       NONE    
   sm_bit[0]      OUTPUT         B1        LVCMOS25           8            NONE       NONE    
   sm_seg[7]      OUTPUT         A2        LVCMOS25           8            NONE       NONE    
   sm_seg[6]      OUTPUT         B2        LVCMOS25           8            NONE       NONE    
   sm_seg[5]      OUTPUT         D3        LVCMOS25           8            NONE       NONE    
   sm_seg[4]      OUTPUT         F5        LVCMOS25           8            NONE       NONE    
   sm_seg[3]      OUTPUT         E4        LVCMOS25           8            NONE       NONE    
   sm_seg[2]      OUTPUT         F4        LVCMOS25           8            NONE       NONE    
   sm_seg[1]      OUTPUT         B3        LVCMOS25           8            NONE       NONE    
   sm_seg[0]      OUTPUT         E3        LVCMOS25           8            NONE       NONE    
   vga_b[7]       OUTPUT         C1        LVCMOS25           8            NONE       NONE    
   vga_b[6]       OUTPUT         D1        LVCMOS25           8            NONE       NONE    
   vga_b[5]       OUTPUT         E2        LVCMOS25           8            NONE       NONE    
   vga_b[4]       OUTPUT         G3        LVCMOS25           8            NONE       NONE    
   vga_b[3]       OUTPUT         E1        LVCMOS25           8            NONE       NONE    
   vga_b[2]       OUTPUT         F2        LVCMOS25           8            NONE       NONE    
   vga_b[1]       OUTPUT         F1        LVCMOS25           8            NONE       NONE    
   vga_b[0]       OUTPUT         G1        LVCMOS25           8            NONE       NONE    
    vga_clk       OUTPUT         H2        LVCMOS25           8            NONE       NONE    
   vga_g[7]       OUTPUT         H5        LVCMOS25           8            NONE       NONE    
   vga_g[6]       OUTPUT         H1        LVCMOS25           8            NONE       NONE    
   vga_g[5]       OUTPUT         J6        LVCMOS25           8            NONE       NONE    
   vga_g[4]       OUTPUT         H3        LVCMOS25           8            NONE       NONE    
   vga_g[3]       OUTPUT         J1        LVCMOS25           8            NONE       NONE    
   vga_g[2]       OUTPUT         K1        LVCMOS25           8            NONE       NONE    
   vga_g[1]       OUTPUT         K2        LVCMOS25           8            NONE       NONE    
   vga_g[0]       OUTPUT         L1        LVCMOS25           8            NONE       NONE    
   vga_hsync      OUTPUT         J3        LVCMOS25           8            NONE       NONE    
   vga_r[7]       OUTPUT         K6        LVCMOS25           8            NONE       NONE    
   vga_r[6]       OUTPUT         K3        LVCMOS25           8            NONE       NONE    
   vga_r[5]       OUTPUT         K5        LVCMOS25           8            NONE       NONE    
   vga_r[4]       OUTPUT         L4        LVCMOS25           8            NONE       NONE    
   vga_r[3]       OUTPUT         M1        LVCMOS25           8            NONE       NONE    
   vga_r[2]       OUTPUT         M2        LVCMOS25           8            NONE       NONE    
   vga_r[1]       OUTPUT         L3        LVCMOS25           8            NONE       NONE    
   vga_r[0]       OUTPUT         L5        LVCMOS25           8            NONE       NONE    
   vga_vsync      OUTPUT         J4        LVCMOS25           8            NONE       NONE    
   cam_soid        INOUT        D14        LVCMOS33           8           PULLUP      NONE    

Report Hierarchy Area:
+---------------------------------------------------------------------------------------------------------------------------------------+
|Instance                              |Module                                     |le     |lut     |ripple  |seq     |bram    |dsp     |
+---------------------------------------------------------------------------------------------------------------------------------------+
|top                                   |test_camera                                |4520   |3147    |1038    |1723    |10      |5       |
|  Sdram_Control_4Port                 |Sdram_Control_4Port                        |859    |543     |217     |403     |2       |0       |
|    command1                          |command                                    |48     |48      |0       |44      |0       |0       |
|    control1                          |control_interface                          |97     |67      |24      |50      |0       |0       |
|    data_path1                        |sdr_data_path                              |8      |8       |0       |0       |0       |0       |
|    read_fifo1                        |Sdram_RD_FIFO                              |134    |69      |18      |105     |1       |0       |
|      dcfifo_component                |softfifo                                   |134    |69      |18      |105     |1       |0       |
|        ram_inst                      |ram_infer_softfifo                         |0      |0       |0       |0       |1       |0       |
|        rd_to_wr_cross_inst           |fifo_cross_domain_addr_process_al_softfifo |38     |18      |0       |38      |0       |0       |
|        wr_to_rd_cross_inst           |fifo_cross_domain_addr_process_al_softfifo |35     |26      |0       |34      |0       |0       |
|    sdram1                            |sdram                                      |1      |1       |0       |0       |0       |0       |
|    write_fifo1                       |Sdram_WR_FIFO                              |126    |75      |18      |99      |1       |0       |
|      dcfifo_component                |softfifo                                   |126    |75      |18      |99      |1       |0       |
|        ram_inst                      |ram_infer_softfifo                         |0      |0       |0       |0       |1       |0       |
|        rd_to_wr_cross_inst           |fifo_cross_domain_addr_process_al_softfifo |39     |17      |0       |39      |0       |0       |
|        wr_to_rd_cross_inst           |fifo_cross_domain_addr_process_al_softfifo |33     |29      |0       |33      |0       |0       |
|  u_Mode_Switch                       |Mode_Switch                                |6      |6       |0       |4       |0       |0       |
|  u_cam_vga_out                       |Driver                                     |112    |68      |44      |23      |0       |0       |
|  u_camera_init                       |camera_init                                |555    |540     |15      |90      |0       |0       |
|    u_i2c_write                       |i2c_module                                 |164    |164     |0       |43      |0       |0       |
|  u_camera_reader                     |camera_reader                              |92     |45      |17      |55      |0       |0       |
|  u_image_process                     |image_process                              |2694   |1764    |734     |1080    |8       |5       |
|    u_Dilation_Detector               |Dilation_Detector                          |178    |127     |45      |84      |2       |0       |
|      u_three_martix_4                |three_martix                               |165    |115     |45      |72      |2       |0       |
|        u_fifo_1                      |fifo_1                                     |2      |2       |0       |1       |1       |0       |
|        u_fifo_2                      |fifo_2                                     |2      |2       |0       |1       |1       |0       |
|    u_Erosion_Detector                |Erosion_Detector                           |168    |113     |45      |72      |2       |0       |
|      u_three_martix_3                |three_martix                               |162    |108     |45      |67      |2       |0       |
|        u_fifo_1                      |fifo_1                                     |2      |2       |0       |1       |1       |0       |
|        u_fifo_2                      |fifo_2                                     |2      |2       |0       |0       |1       |0       |
|    u_Gesture_detech                  |Gesture_detech                             |928    |638     |255     |290     |0       |1       |
|    u_Median_Gray                     |Median_Gray                                |731    |449     |235     |264     |2       |0       |
|      u_Median_Filter_3X3_8Bit_median |Median_Filter_3X3                          |497    |305     |190     |121     |0       |0       |
|        u_Sort3_1                     |Sort3                                      |84     |54      |30      |27      |0       |0       |
|        u_Sort3_2                     |Sort3                                      |84     |54      |30      |24      |0       |0       |
|        u_Sort3_3                     |Sort3                                      |84     |54      |30      |33      |0       |0       |
|        u_Sort3_4                     |Sort3                                      |50     |30      |20      |8       |0       |0       |
|        u_Sort3_5                     |Sort3                                      |70     |40      |30      |8       |0       |0       |
|        u_Sort3_6                     |Sort3                                      |50     |30      |20      |8       |0       |0       |
|        u_Sort3_7                     |Sort3                                      |71     |41      |30      |9       |0       |0       |
|      u_three_martix                  |three_martix                               |234    |144     |45      |143     |2       |0       |
|        u_fifo_1                      |fifo_1                                     |0      |0       |0       |0       |1       |0       |
|        u_fifo_2                      |fifo_2                                     |0      |0       |0       |0       |1       |0       |
|    u_RGBYCbCr                        |RGBYCbCr                                   |117    |52      |34      |62      |0       |4       |
|    u_Sobel_Process                   |Sobel_Process                              |422    |254     |120     |176     |2       |0       |
|      u_Caculate_Sobel                |Caculate_Sobel                             |202    |127     |75      |49      |0       |0       |
|      u_three_martix_2                |three_martix                               |220    |127     |45      |127     |2       |0       |
|        u_fifo_1                      |fifo_1                                     |0      |0       |0       |0       |1       |0       |
|        u_fifo_2                      |fifo_2                                     |0      |0       |0       |0       |1       |0       |
|  u_image_select                      |image_select                               |63     |63      |0       |35      |0       |0       |
|  u_pll                               |ip_pll                                     |0      |0       |0       |0       |0       |0       |
|  u_seg_4                             |seg_4                                      |122    |101     |11      |31      |0       |0       |
+---------------------------------------------------------------------------------------------------------------------------------------+


DataNet Average Fanout:

   Index     Fanout     Nets  
    #1          1       3296  
    #2          2       537   
    #3          3       552   
    #4          4       172   
    #5        5-10      461   
    #6        11-50     107   
    #7       51-100      10   
    #8       101-500     1    
    #9        >500       1    
  Average     2.69            

RUN-1002 : start command "export_db ov2640_sdram_pr.db"
RUN-1001 : Exported /
RUN-1001 : Exported flow parameters
RUN-1001 : Exported libs
RUN-1001 : Exported entities
RUN-1001 : Exported ports
RUN-1001 : Exported pins
RUN-1001 : Exported instances
RUN-1001 : Exported nets
RUN-1001 : Exported buses
RUN-1001 : Exported models
RUN-1001 : Exported congestions
RUN-1001 : Exported violations
RUN-1001 : Exported timing constraints
RUN-1001 : Exported IO constraints
RUN-1001 : Exported Inst constraints
RUN-1002 : start command "export_bid ov2640_sdram_inst.bid"
RUN-1002 : start command "bitgen -bit ov2640_sdram.bit"
BIT-1003 : Start to generate bitstream. 
BIT-1002 : Init instances with 16 threads.
BIT-1002 : Init instances completely, inst num: 2541
BIT-1002 : Init pips with 16 threads.
BIT-1002 : Init pips completely, net num: 5284, pip num: 42975
BIT-1002 : Init feedthrough with 16 threads.
BIT-1002 : Init feedthrough completely, num: 75
BIT-1003 : Multithreading accelaration with 16 threads.
BIT-1003 : Generate bitstream completely, there are 2176 valid insts, and 136278 bits set as '1'.
BIT-1004 : the usercode register value: 00000000000100110000000000000000
BIT-1004 : PLL setting string = 0001
BIT-1004 : Generate bits file ov2640_sdram.bit.
RUN-1003 : finish command "bitgen -bit ov2640_sdram.bit" in  4.384487s wall, 45.093750s user + 0.437500s system = 45.531250s CPU (1038.5%)

RUN-1004 : used memory is 611 MB, reserved memory is 603 MB, peak memory is 792 MB
RUN-1002 : start command "backup_run_log run.log ../.logs/phy_1/td_20221027_203721.log"
