============================================================
   Tang Dynasty, V5.6.59063
   Copyright (c) 2012-2022 Anlogic
   Executable = C:/Anlogic/TD5.6.59063/bin/td.exe
   Built at =   12:45:13 Sep  6 2022
   Run by =     Administrator
   Run Date =   Fri Oct 28 20:01:31 2022

   Run on =     WIN-25FR57M34TT
============================================================
RUN-1002 : start command "open_project ov2640_sdram.prj"
RUN-1001 : Print Global Property
RUN-1001 : ---------------------------------------------------------------
RUN-1001 :        Parameters        |  Settings  |  Default Values  |  Note  
RUN-1001 : ---------------------------------------------------------------
RUN-1001 :          message         |  standard  |     standard     |        
RUN-1001 :   mixed_pack_place_flow  |     on     |        on        |        
RUN-1001 :        qor_monitor       |    off     |       off        |        
RUN-1001 :        syn_ip_flow       |    off     |       off        |        
RUN-1001 :          thread          |    auto    |       auto       |        
RUN-1001 : ---------------------------------------------------------------
RUN-1001 : Print Design Property
RUN-1001 : --------------------------------------------------------------
RUN-1001 :        Parameters       |  Settings  |  Default Values  |  Note  
RUN-1001 : --------------------------------------------------------------
RUN-1001 :   default_reg_initial   |    auto    |       auto       |        
RUN-1001 :        infer_add        |     on     |        on        |        
RUN-1001 :        infer_fsm        |    off     |       off        |        
RUN-1001 :        infer_mult       |     on     |        on        |        
RUN-1001 :        infer_ram        |     on     |        on        |        
RUN-1001 :        infer_reg        |     on     |        on        |        
RUN-1001 :   infer_reg_init_value  |     on     |        on        |        
RUN-1001 :        infer_rom        |     on     |        on        |        
RUN-1001 :      infer_shifter      |     on     |        on        |        
RUN-1001 : --------------------------------------------------------------
RUN-1001 : Print Rtl Property
RUN-1001 : --------------------------------------------------------------
RUN-1001 :        Parameters       |  Settings  |  Default Values  |  Note  
RUN-1001 : --------------------------------------------------------------
RUN-1001 :       compress_add      |   ripple   |      ripple      |        
RUN-1001 :        elf_sload        |    off     |       off        |        
RUN-1001 :       fix_undriven      |     0      |        0         |        
RUN-1001 :         flatten         |    off     |       off        |        
RUN-1001 :       gate_sharing      |     on     |        on        |        
RUN-1001 :    hdl_warning_level    |   normal   |      normal      |        
RUN-1001 :   impl_internal_tribuf  |     on     |        on        |        
RUN-1001 :      impl_set_reset     |     on     |        on        |        
RUN-1001 :        infer_gsr        |    off     |       off        |        
RUN-1001 :      keep_hierarchy     |    auto    |       auto       |        
RUN-1001 :        max_fanout       |    9999    |       9999       |        
RUN-1001 :      max_oh2bin_len     |     10     |        10        |        
RUN-1001 :       merge_equal       |     on     |        on        |        
RUN-1001 :       merge_equiv       |     on     |        on        |        
RUN-1001 :        merge_mux        |    off     |       off        |        
RUN-1001 :     min_control_set     |     8      |        8         |        
RUN-1001 :      min_ripple_len     |    auto    |       auto       |        
RUN-1001 :       oh2bin_ratio      |    0.08    |       0.08       |        
RUN-1001 :     opt_adder_fanout    |     on     |        on        |        
RUN-1001 :        opt_arith        |     on     |        on        |        
RUN-1001 :       opt_big_gate      |    off     |       off        |        
RUN-1001 :        opt_const        |     on     |        on        |        
RUN-1001 :      opt_const_mult     |     on     |        on        |        
RUN-1001 :       opt_lessthan      |     on     |        on        |        
RUN-1001 :         opt_mux         |    off     |       off        |        
RUN-1001 :         opt_ram         |    high    |       high       |        
RUN-1001 :      rtl_sim_model      |    off     |       off        |        
RUN-1001 :         seq_syn         |     on     |        on        |        
RUN-1001 : --------------------------------------------------------------
HDL-1007 : analyze verilog file ../../al_ip/ip_pll.v
HDL-1007 : undeclared symbol 'open', assumed default net type 'wire' in ../../al_ip/ip_pll.v(93)
HDL-1007 : analyze verilog file ../../al_ip/softfifo.v
HDL-1007 : analyze verilog file ../../al_ip/fifo_1.v
HDL-1007 : analyze verilog file ../../al_ip/fifo_2.v
HDL-1007 : analyze verilog file ../../RTL/camera_init.v
HDL-1007 : undeclared symbol 'clk_div', assumed default net type 'wire' in ../../RTL/camera_init.v(74)
HDL-1007 : analyze verilog file ../../RTL/camera_reader.v
HDL-1007 : analyze verilog file ../../RTL/i2c_module.v
HDL-1007 : analyze verilog file ../../RTL/Sdram_Control_4Port/command.v
HDL-1007 : analyze included file ../../RTL/Sdram_Control_4Port/Sdram_Params.h in ../../RTL/Sdram_Control_4Port/command.v(27)
HDL-1007 : back to file '../../RTL/Sdram_Control_4Port/command.v' in ../../RTL/Sdram_Control_4Port/command.v(27)
HDL-1007 : analyze verilog file ../../RTL/Sdram_Control_4Port/control_interface.v
HDL-1007 : analyze included file ../../RTL/Sdram_Control_4Port/Sdram_Params.h in ../../RTL/Sdram_Control_4Port/control_interface.v(21)
HDL-1007 : back to file '../../RTL/Sdram_Control_4Port/control_interface.v' in ../../RTL/Sdram_Control_4Port/control_interface.v(21)
HDL-1007 : analyze verilog file ../../RTL/Sdram_Control_4Port/sdr_data_path.v
HDL-1007 : analyze included file ../../RTL/Sdram_Control_4Port/Sdram_Params.h in ../../RTL/Sdram_Control_4Port/sdr_data_path.v(10)
HDL-1007 : back to file '../../RTL/Sdram_Control_4Port/sdr_data_path.v' in ../../RTL/Sdram_Control_4Port/sdr_data_path.v(10)
HDL-1007 : analyze verilog file ../../RTL/Sdram_Control_4Port/Sdram_Control_4Port.v
HDL-1007 : analyze included file ../../RTL/Sdram_Control_4Port/Sdram_Params.h in ../../RTL/Sdram_Control_4Port/Sdram_Control_4Port.v(49)
HDL-1007 : back to file '../../RTL/Sdram_Control_4Port/Sdram_Control_4Port.v' in ../../RTL/Sdram_Control_4Port/Sdram_Control_4Port.v(49)
HDL-1007 : analyze verilog file ../../RTL/Sdram_Control_4Port/Sdram_RD_FIFO.v
HDL-5007 WARNING: 'clk' is not declared in ../../RTL/Sdram_Control_4Port/Sdram_RD_FIFO.v(44)
HDL-1007 : analyze verilog file ../../RTL/Sdram_Control_4Port/Sdram_WR_FIFO.v
HDL-1007 : analyze verilog file ../../al_ip/sdram.v
HDL-1007 : analyze verilog file ../../RTL/Driver.v
HDL-1007 : analyze verilog file ../../RTL/RGBYCbCr.v
HDL-1007 : analyze verilog file ../../RTL/image_process.v
HDL-5007 WARNING: identifier 'post_img_cb' is used before its declaration in ../../RTL/image_process.v(51)
HDL-5007 WARNING: identifier 'post_img_cb' is used before its declaration in ../../RTL/image_process.v(55)
HDL-5007 WARNING: identifier 'post_frame_clken' is used before its declaration in ../../RTL/image_process.v(61)
HDL-5007 WARNING: identifier 'skin_img' is used before its declaration in ../../RTL/image_process.v(62)
HDL-5007 WARNING: identifier 'post_frame_clken' is used before its declaration in ../../RTL/image_process.v(65)
HDL-5007 WARNING: identifier 'skin_img' is used before its declaration in ../../RTL/image_process.v(66)
HDL-5007 WARNING: identifier 'post1_frame_clken' is used before its declaration in ../../RTL/image_process.v(72)
HDL-5007 WARNING: identifier 'post1_img_Y' is used before its declaration in ../../RTL/image_process.v(73)
HDL-5007 WARNING: identifier 'post1_frame_clken' is used before its declaration in ../../RTL/image_process.v(76)
HDL-5007 WARNING: identifier 'post1_img_Y' is used before its declaration in ../../RTL/image_process.v(77)
HDL-5007 Similar messages will be suppressed.
HDL-1007 : analyze verilog file ../../RTL/test_camera.v
HDL-1007 : analyze verilog file ../../RTL/Mode_Switch.v
HDL-1007 : analyze verilog file ../../RTL/image_select.v
HDL-1007 : analyze verilog file ../../RTL/Median_Gray.v
HDL-5007 WARNING: identifier 'mid_value' is used before its declaration in ../../RTL/Median_Gray.v(20)
HDL-1007 : analyze verilog file ../../RTL/three_martix.v
HDL-5007 WARNING: empty statement in sequential block in ../../RTL/three_martix.v(235)
HDL-5007 WARNING: empty statement in sequential block in ../../RTL/three_martix.v(234)
HDL-1007 : analyze verilog file ../../RTL/Median_Filter_3X3.v
HDL-1007 : analyze verilog file ../../RTL/Sort3.v
HDL-1007 : analyze verilog file ../../RTL/Sobel_Process.v
HDL-1007 : undeclared symbol 'csi_pclk', assumed default net type 'wire' in ../../RTL/Sobel_Process.v(48)
HDL-5007 WARNING: identifier 'sobel_value' is used before its declaration in ../../RTL/Sobel_Process.v(23)
HDL-1007 : analyze verilog file ../../RTL/Caculate_Sobel.v
HDL-5007 WARNING: identifier 'matrix_frame_vsync_r' is used before its declaration in ../../RTL/Caculate_Sobel.v(110)
HDL-5007 WARNING: identifier 'matrix_frame_href_r' is used before its declaration in ../../RTL/Caculate_Sobel.v(111)
HDL-5007 WARNING: identifier 'matrix_frame_clken_r' is used before its declaration in ../../RTL/Caculate_Sobel.v(112)
HDL-1007 : analyze verilog file ../../RTL/Erosion_Detector.v
HDL-1007 : analyze verilog file ../../RTL/Dilation_Detector.v
HDL-5007 WARNING: redeclaration of ANSI port 'post_img_Bit4' is not allowed in ../../RTL/Dilation_Detector.v(79)
HDL-1007 : undeclared symbol 'post_frame_href', assumed default net type 'wire' in ../../RTL/Dilation_Detector.v(109)
HDL-1007 : analyze verilog file ../../RTL/Gesture_detech.v
HDL-1007 : analyze verilog file ../../RTL/seg_4.v
HDL-1007 : undeclared symbol 'data0', assumed default net type 'wire' in ../../RTL/seg_4.v(64)
HDL-1007 : undeclared symbol 'data1', assumed default net type 'wire' in ../../RTL/seg_4.v(65)
HDL-1007 : undeclared symbol 'data2', assumed default net type 'wire' in ../../RTL/seg_4.v(66)
HDL-5007 WARNING: 'clk' is not declared in ../../RTL/Sdram_Control_4Port/Sdram_RD_FIFO.v(44)
RUN-1001 : Project manager successfully analyzed 30 source files.
RUN-1002 : start command "import_device eagle_s20.db -package EG4S20BG256"
ARC-1001 : Device Initialization.
ARC-1001 : ------------------------------------------------------------------
ARC-1001 :            OPTION            |          IO          |   SETTING   
ARC-1001 : ------------------------------------------------------------------
ARC-1001 :   cso_b/cclk/mosi/miso/dout  |  T3/R11/T10/P10/S11  |    gpio    
ARC-1001 :             done             |         P13          |    gpio    
ARC-1001 :           program_b          |          T2          |  dedicate  
ARC-1001 :        tdi/tms/tck/tdo       |   C12/A15/C14/E14    |  dedicate  
ARC-1001 : ------------------------------------------------------------------
ARC-1004 : Device setting, marked 5 dedicate IOs in total.
RUN-1002 : start command "import_db ../syn_1/ov2640_sdram_gate.db"
RUN-1001 : Importing database generated by Tang Dynasty, V5.6.59063.
RUN-1001 : Database version number 46140.
RUN-1001 : Import flow parameters
RUN-1001 : Import timing constraints
RUN-1001 : Import IO constraints
RUN-1001 : Import Inst constraints
RUN-1001 : Import design success TD_VERSION=5.6.59063 , DB_VERSION=46140
RUN-1002 : start command "read_sdc"
USR-1002 : read_sdc file_name -help -h -eco
RUN-1002 : start command "get_regs */primary_addr_gray_reg[*]"
RUN-1002 : start command "get_regs */sync_r1[*]"
RUN-1002 : start command "set_max_delay -from  -to  5 -datapath_only"
RUN-1002 : start command "get_regs */primary_addr_gray_reg[*]"
RUN-1002 : start command "get_regs */sync_r1[*]"
RUN-1002 : start command "set_false_path -from  -to  -hold 5"
USR-1002 : set_false_path -help -setup -hold -from <list> -rise_from <list> -fall_from <list> -to <list> -rise_to <list> -fall_to <list> -through <list>
RUN-1002 : start command "get_regs */primary_addr_gray_reg[*]"
RUN-1002 : start command "get_regs */sync_r1[*]"
RUN-1002 : start command "set_max_delay -from  -to  5 -datapath_only"
RUN-1002 : start command "get_regs */primary_addr_gray_reg[*]"
RUN-1002 : start command "get_regs */sync_r1[*]"
RUN-1002 : start command "set_max_delay -from  -to  5 -datapath_only"
RUN-1002 : start command "get_regs */primary_addr_gray_reg[*]"
RUN-1002 : start command "get_regs */sync_r1[*]"
RUN-1002 : start command "set_max_delay -from  -to  5 -datapath_only"
SYN-1001 : 	kept net: Sdram_Control_4Port/read_fifo1/dcfifo_component/rd_to_wr_cross_inst/primary_addr_gray_reg[9](Sdram_Control_4Port/read_fifo1/dcfifo_component/rd_to_wr_cross_inst/primary_addr_gray_reg[9]_syn_5)
SYN-1001 : 	kept net: Sdram_Control_4Port/read_fifo1/dcfifo_component/rd_to_wr_cross_inst/primary_addr_gray_reg[8](Sdram_Control_4Port/read_fifo1/dcfifo_component/rd_to_wr_cross_inst/primary_addr_gray_reg[8]_syn_5)
SYN-1001 : 	kept net: Sdram_Control_4Port/read_fifo1/dcfifo_component/rd_to_wr_cross_inst/primary_addr_gray_reg[7](Sdram_Control_4Port/read_fifo1/dcfifo_component/rd_to_wr_cross_inst/primary_addr_gray_reg[7]_syn_5)
SYN-1001 : 	kept net: Sdram_Control_4Port/read_fifo1/dcfifo_component/rd_to_wr_cross_inst/primary_addr_gray_reg[6](Sdram_Control_4Port/read_fifo1/dcfifo_component/rd_to_wr_cross_inst/primary_addr_gray_reg[6]_syn_5)
SYN-1001 : 	kept net: Sdram_Control_4Port/read_fifo1/dcfifo_component/rd_to_wr_cross_inst/primary_addr_gray_reg[5](Sdram_Control_4Port/read_fifo1/dcfifo_component/rd_to_wr_cross_inst/primary_addr_gray_reg[5]_syn_5)
SYN-1001 : 	kept net: Sdram_Control_4Port/read_fifo1/dcfifo_component/rd_to_wr_cross_inst/primary_addr_gray_reg[4](Sdram_Control_4Port/read_fifo1/dcfifo_component/rd_to_wr_cross_inst/primary_addr_gray_reg[4]_syn_5)
SYN-1001 : 	kept net: Sdram_Control_4Port/read_fifo1/dcfifo_component/rd_to_wr_cross_inst/primary_addr_gray_reg[3](Sdram_Control_4Port/read_fifo1/dcfifo_component/rd_to_wr_cross_inst/primary_addr_gray_reg[3]_syn_5)
SYN-1001 : 	kept net: Sdram_Control_4Port/read_fifo1/dcfifo_component/rd_to_wr_cross_inst/primary_addr_gray_reg[2](Sdram_Control_4Port/read_fifo1/dcfifo_component/rd_to_wr_cross_inst/primary_addr_gray_reg[2]_syn_5)
SYN-1001 : 	kept net: Sdram_Control_4Port/read_fifo1/dcfifo_component/rd_to_wr_cross_inst/primary_addr_gray_reg[1](Sdram_Control_4Port/read_fifo1/dcfifo_component/rd_to_wr_cross_inst/primary_addr_gray_reg[1]_syn_5)
SYN-1001 : 	kept net: Sdram_Control_4Port/read_fifo1/dcfifo_component/rd_to_wr_cross_inst/primary_addr_gray_reg[0](Sdram_Control_4Port/read_fifo1/dcfifo_component/rd_to_wr_cross_inst/primary_addr_gray_reg[0]_syn_5)
SYN-1001 : 	kept net: Sdram_Control_4Port/read_fifo1/dcfifo_component/rd_to_wr_cross_inst/sync_r1[9](Sdram_Control_4Port/read_fifo1/dcfifo_component/rd_to_wr_cross_inst/sync_r1[9]_syn_3)
SYN-1001 : 	kept net: Sdram_Control_4Port/read_fifo1/dcfifo_component/rd_to_wr_cross_inst/sync_r1[8](Sdram_Control_4Port/read_fifo1/dcfifo_component/rd_to_wr_cross_inst/sync_r1[8]_syn_3)
SYN-1001 : 	kept net: Sdram_Control_4Port/read_fifo1/dcfifo_component/rd_to_wr_cross_inst/sync_r1[7](Sdram_Control_4Port/read_fifo1/dcfifo_component/rd_to_wr_cross_inst/sync_r1[7]_syn_3)
SYN-1001 : 	kept net: Sdram_Control_4Port/read_fifo1/dcfifo_component/rd_to_wr_cross_inst/sync_r1[6](Sdram_Control_4Port/read_fifo1/dcfifo_component/rd_to_wr_cross_inst/sync_r1[6]_syn_3)
SYN-1001 : 	kept net: Sdram_Control_4Port/read_fifo1/dcfifo_component/rd_to_wr_cross_inst/sync_r1[5](Sdram_Control_4Port/read_fifo1/dcfifo_component/rd_to_wr_cross_inst/sync_r1[5]_syn_3)
SYN-1001 : 	kept net: Sdram_Control_4Port/read_fifo1/dcfifo_component/rd_to_wr_cross_inst/sync_r1[4](Sdram_Control_4Port/read_fifo1/dcfifo_component/rd_to_wr_cross_inst/sync_r1[4]_syn_3)
SYN-1001 : 	kept net: Sdram_Control_4Port/read_fifo1/dcfifo_component/rd_to_wr_cross_inst/sync_r1[3](Sdram_Control_4Port/read_fifo1/dcfifo_component/rd_to_wr_cross_inst/sync_r1[3]_syn_3)
SYN-1001 : 	kept net: Sdram_Control_4Port/read_fifo1/dcfifo_component/rd_to_wr_cross_inst/sync_r1[2](Sdram_Control_4Port/read_fifo1/dcfifo_component/rd_to_wr_cross_inst/sync_r1[2]_syn_3)
SYN-1001 : 	kept net: Sdram_Control_4Port/read_fifo1/dcfifo_component/rd_to_wr_cross_inst/sync_r1[1](Sdram_Control_4Port/read_fifo1/dcfifo_component/rd_to_wr_cross_inst/sync_r1[1]_syn_3)
SYN-1001 : 	kept net: Sdram_Control_4Port/read_fifo1/dcfifo_component/rd_to_wr_cross_inst/sync_r1[0](Sdram_Control_4Port/read_fifo1/dcfifo_component/rd_to_wr_cross_inst/sync_r1[0]_syn_3)
SYN-1001 : 	kept net: Sdram_Control_4Port/read_fifo1/dcfifo_component/wr_to_rd_cross_inst/primary_addr_gray_reg[9](Sdram_Control_4Port/read_fifo1/dcfifo_component/wr_to_rd_cross_inst/primary_addr_gray_reg[9]_syn_5)
SYN-1001 : 	kept net: Sdram_Control_4Port/read_fifo1/dcfifo_component/wr_to_rd_cross_inst/primary_addr_gray_reg[8](Sdram_Control_4Port/read_fifo1/dcfifo_component/wr_to_rd_cross_inst/primary_addr_gray_reg[8]_syn_5)
SYN-1001 : 	kept net: Sdram_Control_4Port/read_fifo1/dcfifo_component/wr_to_rd_cross_inst/primary_addr_gray_reg[7](Sdram_Control_4Port/read_fifo1/dcfifo_component/wr_to_rd_cross_inst/primary_addr_gray_reg[7]_syn_5)
SYN-1001 : 	kept net: Sdram_Control_4Port/read_fifo1/dcfifo_component/wr_to_rd_cross_inst/primary_addr_gray_reg[6](Sdram_Control_4Port/read_fifo1/dcfifo_component/wr_to_rd_cross_inst/primary_addr_gray_reg[6]_syn_5)
SYN-1001 : 	kept net: Sdram_Control_4Port/read_fifo1/dcfifo_component/wr_to_rd_cross_inst/primary_addr_gray_reg[5](Sdram_Control_4Port/read_fifo1/dcfifo_component/wr_to_rd_cross_inst/primary_addr_gray_reg[5]_syn_5)
SYN-1001 : 	kept net: Sdram_Control_4Port/read_fifo1/dcfifo_component/wr_to_rd_cross_inst/primary_addr_gray_reg[4](Sdram_Control_4Port/read_fifo1/dcfifo_component/wr_to_rd_cross_inst/primary_addr_gray_reg[4]_syn_5)
SYN-1001 : 	kept net: Sdram_Control_4Port/read_fifo1/dcfifo_component/wr_to_rd_cross_inst/primary_addr_gray_reg[3](Sdram_Control_4Port/read_fifo1/dcfifo_component/wr_to_rd_cross_inst/primary_addr_gray_reg[3]_syn_5)
SYN-1001 : 	kept net: Sdram_Control_4Port/read_fifo1/dcfifo_component/wr_to_rd_cross_inst/primary_addr_gray_reg[2](Sdram_Control_4Port/read_fifo1/dcfifo_component/wr_to_rd_cross_inst/primary_addr_gray_reg[2]_syn_5)
SYN-1001 : 	kept net: Sdram_Control_4Port/read_fifo1/dcfifo_component/wr_to_rd_cross_inst/primary_addr_gray_reg[1](Sdram_Control_4Port/read_fifo1/dcfifo_component/wr_to_rd_cross_inst/primary_addr_gray_reg[1]_syn_5)
SYN-1001 : 	kept net: Sdram_Control_4Port/read_fifo1/dcfifo_component/wr_to_rd_cross_inst/primary_addr_gray_reg[0](Sdram_Control_4Port/read_fifo1/dcfifo_component/wr_to_rd_cross_inst/primary_addr_gray_reg[0]_syn_5)
SYN-1001 : 	kept net: Sdram_Control_4Port/read_fifo1/dcfifo_component/wr_to_rd_cross_inst/sync_r1[9](Sdram_Control_4Port/read_fifo1/dcfifo_component/wr_to_rd_cross_inst/sync_r1[9]_syn_3)
SYN-1001 : 	kept net: Sdram_Control_4Port/read_fifo1/dcfifo_component/wr_to_rd_cross_inst/sync_r1[8](Sdram_Control_4Port/read_fifo1/dcfifo_component/wr_to_rd_cross_inst/sync_r1[8]_syn_3)
SYN-1001 : 	kept net: Sdram_Control_4Port/read_fifo1/dcfifo_component/wr_to_rd_cross_inst/sync_r1[7](Sdram_Control_4Port/read_fifo1/dcfifo_component/wr_to_rd_cross_inst/sync_r1[7]_syn_3)
SYN-1001 : 	kept net: Sdram_Control_4Port/read_fifo1/dcfifo_component/wr_to_rd_cross_inst/sync_r1[6](Sdram_Control_4Port/read_fifo1/dcfifo_component/wr_to_rd_cross_inst/sync_r1[6]_syn_3)
SYN-1001 : 	kept net: Sdram_Control_4Port/read_fifo1/dcfifo_component/wr_to_rd_cross_inst/sync_r1[5](Sdram_Control_4Port/read_fifo1/dcfifo_component/wr_to_rd_cross_inst/sync_r1[5]_syn_3)
SYN-1001 : 	kept net: Sdram_Control_4Port/read_fifo1/dcfifo_component/wr_to_rd_cross_inst/sync_r1[4](Sdram_Control_4Port/read_fifo1/dcfifo_component/wr_to_rd_cross_inst/sync_r1[4]_syn_3)
SYN-1001 : 	kept net: Sdram_Control_4Port/read_fifo1/dcfifo_component/wr_to_rd_cross_inst/sync_r1[3](Sdram_Control_4Port/read_fifo1/dcfifo_component/wr_to_rd_cross_inst/sync_r1[3]_syn_3)
SYN-1001 : 	kept net: Sdram_Control_4Port/read_fifo1/dcfifo_component/wr_to_rd_cross_inst/sync_r1[2](Sdram_Control_4Port/read_fifo1/dcfifo_component/wr_to_rd_cross_inst/sync_r1[2]_syn_3)
SYN-1001 : 	kept net: Sdram_Control_4Port/read_fifo1/dcfifo_component/wr_to_rd_cross_inst/sync_r1[1](Sdram_Control_4Port/read_fifo1/dcfifo_component/wr_to_rd_cross_inst/sync_r1[1]_syn_3)
SYN-1001 : 	kept net: Sdram_Control_4Port/read_fifo1/dcfifo_component/wr_to_rd_cross_inst/sync_r1[0](Sdram_Control_4Port/read_fifo1/dcfifo_component/wr_to_rd_cross_inst/sync_r1[0]_syn_3)
SYN-1001 : 	kept net: Sdram_Control_4Port/write_fifo1/dcfifo_component/rd_to_wr_cross_inst/primary_addr_gray_reg[9](Sdram_Control_4Port/write_fifo1/dcfifo_component/rd_to_wr_cross_inst/primary_addr_gray_reg[9]_syn_5)
SYN-1001 : 	kept net: Sdram_Control_4Port/write_fifo1/dcfifo_component/rd_to_wr_cross_inst/primary_addr_gray_reg[8](Sdram_Control_4Port/write_fifo1/dcfifo_component/rd_to_wr_cross_inst/primary_addr_gray_reg[8]_syn_5)
SYN-1001 : 	kept net: Sdram_Control_4Port/write_fifo1/dcfifo_component/rd_to_wr_cross_inst/primary_addr_gray_reg[7](Sdram_Control_4Port/write_fifo1/dcfifo_component/rd_to_wr_cross_inst/primary_addr_gray_reg[7]_syn_5)
SYN-1001 : 	kept net: Sdram_Control_4Port/write_fifo1/dcfifo_component/rd_to_wr_cross_inst/primary_addr_gray_reg[6](Sdram_Control_4Port/write_fifo1/dcfifo_component/rd_to_wr_cross_inst/primary_addr_gray_reg[6]_syn_5)
SYN-1001 : 	kept net: Sdram_Control_4Port/write_fifo1/dcfifo_component/rd_to_wr_cross_inst/primary_addr_gray_reg[5](Sdram_Control_4Port/write_fifo1/dcfifo_component/rd_to_wr_cross_inst/primary_addr_gray_reg[5]_syn_5)
SYN-1001 : 	kept net: Sdram_Control_4Port/write_fifo1/dcfifo_component/rd_to_wr_cross_inst/primary_addr_gray_reg[4](Sdram_Control_4Port/write_fifo1/dcfifo_component/rd_to_wr_cross_inst/primary_addr_gray_reg[4]_syn_5)
SYN-1001 : 	kept net: Sdram_Control_4Port/write_fifo1/dcfifo_component/rd_to_wr_cross_inst/primary_addr_gray_reg[3](Sdram_Control_4Port/write_fifo1/dcfifo_component/rd_to_wr_cross_inst/primary_addr_gray_reg[3]_syn_5)
SYN-1001 : 	kept net: Sdram_Control_4Port/write_fifo1/dcfifo_component/rd_to_wr_cross_inst/primary_addr_gray_reg[2](Sdram_Control_4Port/write_fifo1/dcfifo_component/rd_to_wr_cross_inst/primary_addr_gray_reg[2]_syn_5)
SYN-1001 : 	kept net: Sdram_Control_4Port/write_fifo1/dcfifo_component/rd_to_wr_cross_inst/primary_addr_gray_reg[1](Sdram_Control_4Port/write_fifo1/dcfifo_component/rd_to_wr_cross_inst/primary_addr_gray_reg[1]_syn_5)
SYN-1001 : 	kept net: Sdram_Control_4Port/write_fifo1/dcfifo_component/rd_to_wr_cross_inst/primary_addr_gray_reg[0](Sdram_Control_4Port/write_fifo1/dcfifo_component/rd_to_wr_cross_inst/primary_addr_gray_reg[0]_syn_5)
SYN-1001 : 	kept net: Sdram_Control_4Port/write_fifo1/dcfifo_component/rd_to_wr_cross_inst/sync_r1[9](Sdram_Control_4Port/write_fifo1/dcfifo_component/rd_to_wr_cross_inst/sync_r1[9]_syn_3)
SYN-1001 : 	kept net: Sdram_Control_4Port/write_fifo1/dcfifo_component/rd_to_wr_cross_inst/sync_r1[8](Sdram_Control_4Port/write_fifo1/dcfifo_component/rd_to_wr_cross_inst/sync_r1[8]_syn_3)
SYN-1001 : 	kept net: Sdram_Control_4Port/write_fifo1/dcfifo_component/rd_to_wr_cross_inst/sync_r1[7](Sdram_Control_4Port/write_fifo1/dcfifo_component/rd_to_wr_cross_inst/sync_r1[7]_syn_3)
SYN-1001 : 	kept net: Sdram_Control_4Port/write_fifo1/dcfifo_component/rd_to_wr_cross_inst/sync_r1[6](Sdram_Control_4Port/write_fifo1/dcfifo_component/rd_to_wr_cross_inst/sync_r1[6]_syn_3)
SYN-1001 : 	kept net: Sdram_Control_4Port/write_fifo1/dcfifo_component/rd_to_wr_cross_inst/sync_r1[5](Sdram_Control_4Port/write_fifo1/dcfifo_component/rd_to_wr_cross_inst/sync_r1[5]_syn_3)
SYN-1001 : 	kept net: Sdram_Control_4Port/write_fifo1/dcfifo_component/rd_to_wr_cross_inst/sync_r1[4](Sdram_Control_4Port/write_fifo1/dcfifo_component/rd_to_wr_cross_inst/sync_r1[4]_syn_3)
SYN-1001 : 	kept net: Sdram_Control_4Port/write_fifo1/dcfifo_component/rd_to_wr_cross_inst/sync_r1[3](Sdram_Control_4Port/write_fifo1/dcfifo_component/rd_to_wr_cross_inst/sync_r1[3]_syn_3)
SYN-1001 : 	kept net: Sdram_Control_4Port/write_fifo1/dcfifo_component/rd_to_wr_cross_inst/sync_r1[2](Sdram_Control_4Port/write_fifo1/dcfifo_component/rd_to_wr_cross_inst/sync_r1[2]_syn_3)
SYN-1001 : 	kept net: Sdram_Control_4Port/write_fifo1/dcfifo_component/rd_to_wr_cross_inst/sync_r1[1](Sdram_Control_4Port/write_fifo1/dcfifo_component/rd_to_wr_cross_inst/sync_r1[1]_syn_3)
SYN-1001 : 	kept net: Sdram_Control_4Port/write_fifo1/dcfifo_component/rd_to_wr_cross_inst/sync_r1[0](Sdram_Control_4Port/write_fifo1/dcfifo_component/rd_to_wr_cross_inst/sync_r1[0]_syn_3)
SYN-1001 : 	kept net: Sdram_Control_4Port/write_fifo1/dcfifo_component/wr_to_rd_cross_inst/primary_addr_gray_reg[9](Sdram_Control_4Port/write_fifo1/dcfifo_component/wr_to_rd_cross_inst/primary_addr_gray_reg[9]_syn_5)
SYN-1001 : 	kept net: Sdram_Control_4Port/write_fifo1/dcfifo_component/wr_to_rd_cross_inst/primary_addr_gray_reg[8](Sdram_Control_4Port/write_fifo1/dcfifo_component/wr_to_rd_cross_inst/primary_addr_gray_reg[8]_syn_5)
SYN-1001 : 	kept net: Sdram_Control_4Port/write_fifo1/dcfifo_component/wr_to_rd_cross_inst/primary_addr_gray_reg[7](Sdram_Control_4Port/write_fifo1/dcfifo_component/wr_to_rd_cross_inst/primary_addr_gray_reg[7]_syn_5)
SYN-1001 : 	kept net: Sdram_Control_4Port/write_fifo1/dcfifo_component/wr_to_rd_cross_inst/primary_addr_gray_reg[6](Sdram_Control_4Port/write_fifo1/dcfifo_component/wr_to_rd_cross_inst/primary_addr_gray_reg[6]_syn_5)
SYN-1001 : 	kept net: Sdram_Control_4Port/write_fifo1/dcfifo_component/wr_to_rd_cross_inst/primary_addr_gray_reg[5](Sdram_Control_4Port/write_fifo1/dcfifo_component/wr_to_rd_cross_inst/primary_addr_gray_reg[5]_syn_5)
SYN-1001 : 	kept net: Sdram_Control_4Port/write_fifo1/dcfifo_component/wr_to_rd_cross_inst/primary_addr_gray_reg[4](Sdram_Control_4Port/write_fifo1/dcfifo_component/wr_to_rd_cross_inst/primary_addr_gray_reg[4]_syn_5)
SYN-1001 : 	kept net: Sdram_Control_4Port/write_fifo1/dcfifo_component/wr_to_rd_cross_inst/primary_addr_gray_reg[3](Sdram_Control_4Port/write_fifo1/dcfifo_component/wr_to_rd_cross_inst/primary_addr_gray_reg[3]_syn_5)
SYN-1001 : 	kept net: Sdram_Control_4Port/write_fifo1/dcfifo_component/wr_to_rd_cross_inst/primary_addr_gray_reg[2](Sdram_Control_4Port/write_fifo1/dcfifo_component/wr_to_rd_cross_inst/primary_addr_gray_reg[2]_syn_5)
SYN-1001 : 	kept net: Sdram_Control_4Port/write_fifo1/dcfifo_component/wr_to_rd_cross_inst/primary_addr_gray_reg[1](Sdram_Control_4Port/write_fifo1/dcfifo_component/wr_to_rd_cross_inst/primary_addr_gray_reg[1]_syn_5)
SYN-1001 : 	kept net: Sdram_Control_4Port/write_fifo1/dcfifo_component/wr_to_rd_cross_inst/primary_addr_gray_reg[0](Sdram_Control_4Port/write_fifo1/dcfifo_component/wr_to_rd_cross_inst/primary_addr_gray_reg[0]_syn_5)
SYN-1001 : 	kept net: Sdram_Control_4Port/write_fifo1/dcfifo_component/wr_to_rd_cross_inst/sync_r1[9](Sdram_Control_4Port/write_fifo1/dcfifo_component/wr_to_rd_cross_inst/sync_r1[9]_syn_3)
SYN-1001 : 	kept net: Sdram_Control_4Port/write_fifo1/dcfifo_component/wr_to_rd_cross_inst/sync_r1[8](Sdram_Control_4Port/write_fifo1/dcfifo_component/wr_to_rd_cross_inst/sync_r1[8]_syn_3)
SYN-1001 : 	kept net: Sdram_Control_4Port/write_fifo1/dcfifo_component/wr_to_rd_cross_inst/sync_r1[7](Sdram_Control_4Port/write_fifo1/dcfifo_component/wr_to_rd_cross_inst/sync_r1[7]_syn_3)
SYN-1001 : 	kept net: Sdram_Control_4Port/write_fifo1/dcfifo_component/wr_to_rd_cross_inst/sync_r1[6](Sdram_Control_4Port/write_fifo1/dcfifo_component/wr_to_rd_cross_inst/sync_r1[6]_syn_3)
SYN-1001 : 	kept net: Sdram_Control_4Port/write_fifo1/dcfifo_component/wr_to_rd_cross_inst/sync_r1[5](Sdram_Control_4Port/write_fifo1/dcfifo_component/wr_to_rd_cross_inst/sync_r1[5]_syn_3)
SYN-1001 : 	kept net: Sdram_Control_4Port/write_fifo1/dcfifo_component/wr_to_rd_cross_inst/sync_r1[4](Sdram_Control_4Port/write_fifo1/dcfifo_component/wr_to_rd_cross_inst/sync_r1[4]_syn_3)
SYN-1001 : 	kept net: Sdram_Control_4Port/write_fifo1/dcfifo_component/wr_to_rd_cross_inst/sync_r1[3](Sdram_Control_4Port/write_fifo1/dcfifo_component/wr_to_rd_cross_inst/sync_r1[3]_syn_3)
SYN-1001 : 	kept net: Sdram_Control_4Port/write_fifo1/dcfifo_component/wr_to_rd_cross_inst/sync_r1[2](Sdram_Control_4Port/write_fifo1/dcfifo_component/wr_to_rd_cross_inst/sync_r1[2]_syn_3)
SYN-1001 : 	kept net: Sdram_Control_4Port/write_fifo1/dcfifo_component/wr_to_rd_cross_inst/sync_r1[1](Sdram_Control_4Port/write_fifo1/dcfifo_component/wr_to_rd_cross_inst/sync_r1[1]_syn_3)
SYN-1001 : 	kept net: Sdram_Control_4Port/write_fifo1/dcfifo_component/wr_to_rd_cross_inst/sync_r1[0](Sdram_Control_4Port/write_fifo1/dcfifo_component/wr_to_rd_cross_inst/sync_r1[0]_syn_3)
RUN-1104 : Import SDC file  finished, there are 80 nets kept by constraints.
RUN-1002 : start command "place"
RUN-1001 : Open license file C:/Anlogic/TD5.6.59063/license/Anlogic.lic
RUN-1001 : Print Global Property
RUN-1001 : ---------------------------------------------------------------
RUN-1001 :        Parameters        |  Settings  |  Default Values  |  Note  
RUN-1001 : ---------------------------------------------------------------
RUN-1001 :          message         |  standard  |     standard     |        
RUN-1001 :   mixed_pack_place_flow  |     on     |        on        |        
RUN-1001 :        qor_monitor       |    off     |       off        |        
RUN-1001 :        syn_ip_flow       |    off     |       off        |        
RUN-1001 :          thread          |    auto    |       auto       |        
RUN-1001 : ---------------------------------------------------------------
RUN-1001 : Print Place Property
RUN-1001 : --------------------------------------------------------------
RUN-1001 :        Parameters       |  Settings  |  Default Values  |  Note  
RUN-1001 : --------------------------------------------------------------
RUN-1001 :      detailed_place     |     on     |        on        |        
RUN-1001 :          effort         |   medium   |      medium      |        
RUN-1001 :         fix_hold        |    off     |       off        |        
RUN-1001 :       legalization      |    ori     |       ori        |        
RUN-1001 :      new_spreading      |     on     |        on        |        
RUN-1001 :        opt_timing       |   medium   |      medium      |        
RUN-1001 :   post_clock_route_opt  |    off     |       off        |        
RUN-1001 :       pr_strategy       |     1      |        1         |        
RUN-1001 :        relaxation       |    1.00    |       1.00       |        
RUN-1001 :         retiming        |    off     |       off        |        
RUN-1001 : --------------------------------------------------------------
PHY-3001 : Placer runs in 16 thread(s).
RUN-1002 : start command "legalize_phy_inst"
SYN-1011 : Flatten model test_camera
SYN-5055 WARNING: The kept net u_pll/clk3_out will be merged to another kept net clk_cam
SYN-5055 WARNING: The kept net u_camera_reader/clk will be merged to another kept net clk_cam
SYN-5055 WARNING: The kept net u_seg_4/data[19] will be merged to another kept net figuredata[19]
SYN-5055 WARNING: The kept net u_seg_4/data[18] will be merged to another kept net figuredata[18]
SYN-5055 WARNING: The kept net u_seg_4/data[17] will be merged to another kept net figuredata[17]
SYN-5055 WARNING: The kept net u_seg_4/data[16] will be merged to another kept net figuredata[16]
SYN-5055 WARNING: The kept net u_seg_4/data[15] will be merged to another kept net figuredata[15]
SYN-5055 WARNING: The kept net u_seg_4/data[14] will be merged to another kept net figuredata[14]
SYN-5055 WARNING: The kept net u_seg_4/data[13] will be merged to another kept net figuredata[13]
SYN-5055 WARNING: The kept net u_seg_4/data[12] will be merged to another kept net figuredata[12]
SYN-5055 Similar messages will be suppressed.
RUN-1002 : start command "phys_opt -simplify_lut"
SYN-4016 : Net Sdram_Control_4Port/CTRL_CLK driven by BUFG (294 clock/control pins, 1 other pins).
SYN-4027 : Net Sdram_Control_4Port/SDRAM_CLK is clkc1 of pll u_pll/pll_inst.
SYN-4027 : Net vga_clk_dup_1 is clkc2 of pll u_pll/pll_inst.
SYN-4027 : Net clk_cam is clkc3 of pll u_pll/pll_inst.
SYN-4027 : Net u_camera_init/u_i2c_write/clk is clkc4 of pll u_pll/pll_inst.
SYN-4019 : Net clk_24m_dup_1 is refclk of pll u_pll/pll_inst.
SYN-4020 : Net clk_24m_dup_1 is fbclk of pll u_pll/pll_inst.
SYN-4024 : Net "u_image_process/u_Median_Gray_3/u_three_martix/csi_pclk" drives clk pins.
SYN-4024 : Net "u_camera_init/divider2[8]" drives clk pins.
SYN-4024 : Net "u_camera_init/divider2[7]" drives clk pins.
SYN-4024 : Net "u_image_select/mode[3]_syn_26" drives clk pins.
SYN-4024 : Net "u_image_process/wrreq" drives clk pins.
SYN-4025 : Tag rtl::Net Sdram_Control_4Port/CTRL_CLK as clock net
SYN-4025 : Tag rtl::Net Sdram_Control_4Port/SDRAM_CLK as clock net
SYN-4025 : Tag rtl::Net clk_24m_dup_1 as clock net
SYN-4025 : Tag rtl::Net clk_cam as clock net
SYN-4025 : Tag rtl::Net u_camera_init/divider2[7] as clock net
SYN-4025 : Tag rtl::Net u_camera_init/divider2[8] as clock net
SYN-4025 : Tag rtl::Net u_camera_init/u_i2c_write/clk as clock net
SYN-4025 : Tag rtl::Net u_image_process/u_Median_Gray_3/u_three_martix/csi_pclk as clock net
SYN-4025 : Tag rtl::Net u_image_process/wrreq as clock net
SYN-4025 : Tag rtl::Net u_image_select/mode[3]_syn_26 as clock net
SYN-4025 : Tag rtl::Net vga_clk_dup_1 as clock net
SYN-4026 : Tagged 11 rtl::Net as clock net
SYN-4015 : Create BUFG instance for clk Net u_camera_init/divider2[8] to drive 32 clock pins.
SYN-4015 : Create BUFG instance for clk Net u_camera_init/divider2[7] to drive 18 clock pins.
SYN-4015 : Create BUFG instance for clk Net u_image_select/mode[3]_syn_26 to drive 17 clock pins.
SYN-4015 : Create BUFG instance for clk Net u_image_process/wrreq to drive 16 clock pins.
PHY-1001 : Populate physical database on model test_camera.
RUN-1001 : There are total 5703 instances
RUN-0007 : 2311 luts, 1985 seqs, 792 mslices, 443 lslices, 144 pads, 14 brams, 5 dsps
RUN-1001 : There are total 6841 nets
RUN-6004 WARNING: There are 2 nets with only 1 pin.
RUN-1001 : 4630 nets have 2 pins
RUN-1001 : 1429 nets have [3 - 5] pins
RUN-1001 : 617 nets have [6 - 10] pins
RUN-1001 : 86 nets have [11 - 20] pins
RUN-1001 : 70 nets have [21 - 99] pins
RUN-1001 : 7 nets have 100+ pins
RUN-1001 : Report Control nets information:
RUN-1001 : DFF Distribution
RUN-1001 : ----------------------------------
RUN-1001 :   CE   |  SSR  |  ASR  |  DFF Count  
RUN-1001 : ----------------------------------
RUN-1001 :   No   |  No   |  No   |     85      
RUN-1001 :   No   |  No   |  Yes  |    1289     
RUN-1001 :   No   |  Yes  |  No   |     34      
RUN-1001 :   Yes  |  No   |  No   |     66      
RUN-1001 :   Yes  |  No   |  Yes  |     487     
RUN-1001 :   Yes  |  Yes  |  No   |     24      
RUN-1001 : ----------------------------------
RUN-0007 : Control Group Statistic
RUN-0007 : ---------------------------
RUN-0007 :   #CLK  |  #CE  |  #SSR/ASR  
RUN-0007 : ---------------------------
RUN-0007 :    58   |  34   |    100     
RUN-0007 : ---------------------------
RUN-0007 : Control Set = 193
PHY-3001 : Initial placement ...
PHY-3001 : design contains 5701 instances, 2311 luts, 1985 seqs, 1235 slices, 239 macros(1234 instances: 791 mslices 443 lslices)
PHY-3001 : Huge net cam_rst_dup_27 with 1600 pins
PHY-0007 : Cell area utilization is 24%
PHY-3001 : Start timing update ...
RUN-1002 : start command "start_timer -report"
TMR-2505 : Start building timing graph for model test_camera.
TMR-2506 : Build timing graph completely. Port num: 21, tpin num: 26839, tnet num: 6839, tinst num: 5701, tnode num: 33316, tedge num: 44456.
TMR-2508 : Levelizing timing graph completed, there are 291 levels in total.
TMR-2501 : Timing graph initialized successfully.
RUN-1003 : finish command "start_timer -report" in  1.090380s wall, 1.093750s user + 0.000000s system = 1.093750s CPU (100.3%)

RUN-1004 : used memory is 261 MB, reserved memory is 239 MB, peak memory is 261 MB
TMR-2503 : Start to update net delay, extr mode = 2.
TMR-2504 : Update delay of 6839 nets completely.
TMR-2502 : Annotate delay completely, extr mode = 2.
TMR-3001 : Initiate 0 clocks from SDC.
TMR-3004 : Map sdc constraints, there are 2 constraints in total.
TMR-3003 : Constraints initiated successfully.
TMR-3501 : Forward propagation: start to calculate arrival time...
TMR-3502 : Backward propagation: start to calculate required time...
TMR-3503 : Timing propagation completes.
PHY-3001 : End timing update;  1.221704s wall, 1.234375s user + 0.000000s system = 1.234375s CPU (101.0%)

PHY-3001 : Global placement ...
PHY-3001 : Initial: Len = 1.63537e+06
PHY-3001 : Clustering ...
PHY-3001 : Level 0 #clusters 5701.
PHY-3001 : End clustering;  0.000023s wall, 0.000000s user + 0.000000s system = 0.000000s CPU (n/a%)

PHY-3001 : Run with size of 4
PHY-3001 : Cell area utilization is 24%
PHY-3001 : :::0::: Try harder cell spreading with beta_ = 0
PHY-3002 : Step(1): len = 1.07998e+06, overlap = 47.5
PHY-3002 : Step(2): len = 942040, overlap = 44.25
PHY-3002 : Step(3): len = 550105, overlap = 64.8438
PHY-3002 : Step(4): len = 509147, overlap = 71.3438
PHY-3002 : Step(5): len = 397425, overlap = 83.5938
PHY-3002 : Step(6): len = 363684, overlap = 106.375
PHY-3002 : Step(7): len = 320998, overlap = 128.031
PHY-3002 : Step(8): len = 297063, overlap = 168.156
PHY-3002 : Step(9): len = 251461, overlap = 176.219
PHY-3002 : Step(10): len = 227180, overlap = 184.938
PHY-3002 : Step(11): len = 218034, overlap = 197.25
PHY-3002 : Step(12): len = 202498, overlap = 206.75
PHY-3002 : Step(13): len = 192905, overlap = 216.031
PHY-3002 : Step(14): len = 175961, overlap = 230.031
PHY-3002 : Step(15): len = 166157, overlap = 229.031
PHY-3002 : Step(16): len = 163137, overlap = 246.125
PHY-3002 : Step(17): len = 154944, overlap = 268.188
PHY-3001 : :::1::: Try harder cell spreading with beta_ = 1.66722e-05
PHY-3002 : Step(18): len = 169662, overlap = 162.844
PHY-3002 : Step(19): len = 174088, overlap = 158.281
PHY-3002 : Step(20): len = 164138, overlap = 144.062
PHY-3002 : Step(21): len = 164265, overlap = 136.5
PHY-3002 : Step(22): len = 163322, overlap = 124.688
PHY-3002 : Step(23): len = 161857, overlap = 115.531
PHY-3002 : Step(24): len = 161024, overlap = 105.906
PHY-3002 : Step(25): len = 156902, overlap = 103.594
PHY-3002 : Step(26): len = 148786, overlap = 91.0312
PHY-3002 : Step(27): len = 146197, overlap = 91.5312
PHY-3002 : Step(28): len = 143921, overlap = 98.875
PHY-3002 : Step(29): len = 142128, overlap = 101
PHY-3002 : Step(30): len = 140550, overlap = 113.312
PHY-3002 : Step(31): len = 136216, overlap = 117.594
PHY-3002 : Step(32): len = 132335, overlap = 113
PHY-3002 : Step(33): len = 131345, overlap = 109.406
PHY-3002 : Step(34): len = 129548, overlap = 112.344
PHY-3002 : Step(35): len = 128522, overlap = 109.062
PHY-3002 : Step(36): len = 126270, overlap = 113
PHY-3002 : Step(37): len = 123721, overlap = 117.438
PHY-3002 : Step(38): len = 122451, overlap = 122.062
PHY-3002 : Step(39): len = 121744, overlap = 123.25
PHY-3002 : Step(40): len = 120696, overlap = 121.812
PHY-3002 : Step(41): len = 119157, overlap = 122.469
PHY-3002 : Step(42): len = 117455, overlap = 130
PHY-3002 : Step(43): len = 114899, overlap = 134
PHY-3002 : Step(44): len = 114313, overlap = 145.031
PHY-3002 : Step(45): len = 114056, overlap = 144.938
PHY-3002 : Step(46): len = 112958, overlap = 142.031
PHY-3002 : Step(47): len = 112762, overlap = 139.656
PHY-3001 : :::2::: Try harder cell spreading with beta_ = 3.33444e-05
PHY-3002 : Step(48): len = 113135, overlap = 139.219
PHY-3002 : Step(49): len = 113147, overlap = 137.312
PHY-3002 : Step(50): len = 113235, overlap = 136.75
PHY-3001 : :::3::: Try harder cell spreading with beta_ = 6.66887e-05
PHY-3002 : Step(51): len = 113942, overlap = 134.5
PHY-3002 : Step(52): len = 114046, overlap = 135.156
PHY-3002 : Step(53): len = 114601, overlap = 132.812
PHY-3001 : :::4::: Try harder cell spreading with beta_ = 0.000133377
PHY-3002 : Step(54): len = 115439, overlap = 129.531
PHY-3002 : Step(55): len = 115615, overlap = 127.25
PHY-3002 : Step(56): len = 116243, overlap = 129.094
PHY-3001 : Legalization ...
PHY-3001 : End legalization;  0.020758s wall, 0.031250s user + 0.046875s system = 0.078125s CPU (376.4%)

PHY-3001 : Run with size of 4
PHY-3001 : Cell area utilization is 30%
PHY-3001 : Update timing in Manhattan mode ...
TMR-2503 : Start to update net delay, extr mode = 3.
TMR-2504 : Update delay of 6839 nets completely.
TMR-2502 : Annotate delay completely, extr mode = 3.
TMR-3501 : Forward propagation: start to calculate arrival time...
TMR-3502 : Backward propagation: start to calculate required time...
TMR-3503 : Timing propagation completes.
PHY-3001 : End timing update;  0.126633s wall, 0.125000s user + 0.000000s system = 0.125000s CPU (98.7%)

PHY-3001 : :::0::: Try harder cell spreading with beta_ = 2.97112e-06
PHY-3002 : Step(57): len = 126070, overlap = 211.812
PHY-3002 : Step(58): len = 126286, overlap = 212.5
PHY-3002 : Step(59): len = 123636, overlap = 223.719
PHY-3002 : Step(60): len = 123981, overlap = 226.125
PHY-3002 : Step(61): len = 121217, overlap = 230.438
PHY-3002 : Step(62): len = 120983, overlap = 231
PHY-3002 : Step(63): len = 118030, overlap = 241.125
PHY-3002 : Step(64): len = 116785, overlap = 247.969
PHY-3002 : Step(65): len = 116673, overlap = 247.594
PHY-3001 : :::1::: Try harder cell spreading with beta_ = 5.94224e-06
PHY-3002 : Step(66): len = 115217, overlap = 248.594
PHY-3002 : Step(67): len = 115213, overlap = 248.188
PHY-3002 : Step(68): len = 115273, overlap = 248.344
PHY-3001 : :::2::: Try harder cell spreading with beta_ = 1.18845e-05
PHY-3002 : Step(69): len = 116209, overlap = 235.875
PHY-3002 : Step(70): len = 116425, overlap = 232.969
PHY-3002 : Step(71): len = 117313, overlap = 226.562
PHY-3001 : :::3::: Try harder cell spreading with beta_ = 2.3769e-05
PHY-3002 : Step(72): len = 121329, overlap = 199.188
PHY-3002 : Step(73): len = 122054, overlap = 198.906
PHY-3002 : Step(74): len = 127535, overlap = 181.656
PHY-3002 : Step(75): len = 132495, overlap = 166.406
PHY-3002 : Step(76): len = 125652, overlap = 178.969
PHY-3002 : Step(77): len = 123199, overlap = 175.938
PHY-3002 : Step(78): len = 123199, overlap = 175.938
PHY-3001 : :::4::: Try harder cell spreading with beta_ = 4.75379e-05
PHY-3002 : Step(79): len = 131191, overlap = 154.562
PHY-3002 : Step(80): len = 132574, overlap = 155.688
PHY-3002 : Step(81): len = 136713, overlap = 141.281
PHY-3002 : Step(82): len = 137231, overlap = 148.5
PHY-3002 : Step(83): len = 137374, overlap = 152.594
PHY-3002 : Step(84): len = 134326, overlap = 156.656
PHY-3002 : Step(85): len = 133892, overlap = 157.75
PHY-3002 : Step(86): len = 131247, overlap = 153.438
PHY-3001 : :::5::: Try harder cell spreading with beta_ = 9.50759e-05
PHY-3002 : Step(87): len = 131058, overlap = 154.125
PHY-3002 : Step(88): len = 131050, overlap = 154.094
PHY-3002 : Step(89): len = 131274, overlap = 153.562
PHY-3001 : :::6::: Try harder cell spreading with beta_ = 0.000190152
PHY-3002 : Step(90): len = 132707, overlap = 153.562
PHY-3002 : Step(91): len = 133055, overlap = 153.219
PHY-3002 : Step(92): len = 135509, overlap = 137.281
PHY-3001 : :::7::: Try harder cell spreading with beta_ = 0.000380304
PHY-3002 : Step(93): len = 135862, overlap = 126.688
PHY-3002 : Step(94): len = 136353, overlap = 134.219
PHY-3002 : Step(95): len = 136634, overlap = 137.188
PHY-3001 : :::8::: Try harder cell spreading with beta_ = 0.000760607
PHY-3002 : Step(96): len = 136745, overlap = 143.812
PHY-3002 : Step(97): len = 137118, overlap = 146.281
PHY-3002 : Step(98): len = 137003, overlap = 144.156
PHY-3001 : :::9::: Try harder cell spreading with beta_ = 0.00152121
PHY-3002 : Step(99): len = 137209, overlap = 143.094
PHY-3002 : Step(100): len = 137357, overlap = 143.656
PHY-3001 : :::10::: Try harder cell spreading with beta_ = 0.00275451
PHY-3002 : Step(101): len = 137583, overlap = 142.062
PHY-3002 : Step(102): len = 137808, overlap = 141.375
PHY-3001 : :::11::: Try harder cell spreading with beta_ = 0.00548632
PHY-3002 : Step(103): len = 137980, overlap = 142.438
PHY-3002 : Step(104): len = 138080, overlap = 143.594
PHY-3001 : Run with size of 2
PHY-3001 : Cell area utilization is 30%
PHY-3001 : Update timing in Manhattan mode ...
TMR-2503 : Start to update net delay, extr mode = 3.
TMR-2504 : Update delay of 6839 nets completely.
TMR-2502 : Annotate delay completely, extr mode = 3.
TMR-3501 : Forward propagation: start to calculate arrival time...
TMR-3502 : Backward propagation: start to calculate required time...
TMR-3503 : Timing propagation completes.
PHY-3001 : End timing update;  0.125194s wall, 0.125000s user + 0.000000s system = 0.125000s CPU (99.8%)

PHY-3001 : :::0::: Try harder cell spreading with beta_ = 2.20448e-05
PHY-3002 : Step(105): len = 139585, overlap = 329.719
PHY-3002 : Step(106): len = 141881, overlap = 314.656
PHY-3002 : Step(107): len = 144107, overlap = 270.031
PHY-3002 : Step(108): len = 145548, overlap = 264.5
PHY-3002 : Step(109): len = 143115, overlap = 240.875
PHY-3002 : Step(110): len = 143162, overlap = 223.938
PHY-3002 : Step(111): len = 139465, overlap = 223.219
PHY-3002 : Step(112): len = 139465, overlap = 223.219
PHY-3002 : Step(113): len = 138016, overlap = 225.469
PHY-3001 : :::1::: Try harder cell spreading with beta_ = 4.40897e-05
PHY-3002 : Step(114): len = 140627, overlap = 210.5
PHY-3002 : Step(115): len = 140887, overlap = 209.5
PHY-3002 : Step(116): len = 144318, overlap = 191.781
PHY-3002 : Step(117): len = 141257, overlap = 196.5
PHY-3002 : Step(118): len = 141257, overlap = 196.5
PHY-3002 : Step(119): len = 141054, overlap = 199.156
PHY-3001 : :::2::: Try harder cell spreading with beta_ = 8.81793e-05
PHY-3002 : Step(120): len = 144631, overlap = 188.438
PHY-3002 : Step(121): len = 145375, overlap = 190.375
PHY-3002 : Step(122): len = 147516, overlap = 171.594
PHY-3001 : :::3::: Try harder cell spreading with beta_ = 0.000176359
PHY-3002 : Step(123): len = 147960, overlap = 163.438
PHY-3002 : Step(124): len = 148547, overlap = 163.5
PHY-3002 : Step(125): len = 151087, overlap = 148.75
PHY-3002 : Step(126): len = 152511, overlap = 142.938
PHY-3002 : Step(127): len = 152207, overlap = 139.375
PHY-3002 : Step(128): len = 151972, overlap = 141.656
PHY-3002 : Step(129): len = 151705, overlap = 144.344
PHY-3001 : :::4::: Try harder cell spreading with beta_ = 0.000352717
PHY-3002 : Step(130): len = 152385, overlap = 133.656
PHY-3002 : Step(131): len = 153147, overlap = 133.625
PHY-3002 : Step(132): len = 153575, overlap = 131.312
PHY-3001 : :::5::: Try harder cell spreading with beta_ = 0.000705434
PHY-3002 : Step(133): len = 154481, overlap = 128.219
PHY-3002 : Step(134): len = 154738, overlap = 126
PHY-3002 : Step(135): len = 156219, overlap = 117.781
PHY-3002 : Step(136): len = 156691, overlap = 113.969
PHY-3002 : Step(137): len = 157491, overlap = 114.562
PHY-3002 : Step(138): len = 157721, overlap = 105.938
PHY-3002 : Step(139): len = 157849, overlap = 102.5
OPT-1001 : Start physical optimization ...
RUN-1002 : start command "start_timer -report"
TMR-2505 : Start building timing graph for model test_camera.
TMR-2506 : Build timing graph completely. Port num: 21, tpin num: 26839, tnet num: 6839, tinst num: 5701, tnode num: 33316, tedge num: 44456.
TMR-2508 : Levelizing timing graph completed, there are 291 levels in total.
TMR-2501 : Timing graph initialized successfully.
RUN-1003 : finish command "start_timer -report" in  1.232803s wall, 1.218750s user + 0.015625s system = 1.234375s CPU (100.1%)

RUN-1004 : used memory is 257 MB, reserved memory is 236 MB, peak memory is 270 MB
OPT-1001 : Total overflow 334.56 peak overflow 3.03
OPT-1001 : Start high-fanout net optimization ...
OPT-1001 : Update timing in global mode
PHY-1001 : Start incremental global routing, caller is place ...
RUN-1001 : Generating global routing grids ...
RUN-1001 : Building simple global routing graph ...
PHY-1001 : Generate routing nets ...
PHY-1001 : Reuse net number 0/6841.
PHY-1001 : Global iterations in 16 thread ...
PHY-1002 : len = 189008, over cnt = 813(2%), over = 3074, worst = 19
PHY-1001 : End global iterations;  0.416365s wall, 0.562500s user + 0.046875s system = 0.609375s CPU (146.4%)

PHY-1001 : Congestion index: top1 = 46.44, top5 = 35.54, top10 = 29.85, top15 = 26.18.
PHY-1001 : End incremental global routing;  0.511171s wall, 0.640625s user + 0.062500s system = 0.703125s CPU (137.6%)

TMR-2503 : Start to update net delay, extr mode = 5.
TMR-2504 : Update delay of 6839 nets completely.
TMR-2502 : Annotate delay completely, extr mode = 5.
TMR-3001 : Initiate 0 clocks from SDC.
TMR-3004 : Map sdc constraints, there are 2 constraints in total.
TMR-3003 : Constraints initiated successfully.
TMR-3501 : Forward propagation: start to calculate arrival time...
TMR-3502 : Backward propagation: start to calculate required time...
TMR-3503 : Timing propagation completes.
OPT-1001 : End timing update;  0.157367s wall, 0.156250s user + 0.000000s system = 0.156250s CPU (99.3%)

OPT-1001 : 0 high-fanout net processed.
OPT-1001 : End high-fanout net optimization;  0.777127s wall, 0.906250s user + 0.062500s system = 0.968750s CPU (124.7%)

OPT-1001 : Current memory(MB): used = 295, reserve = 275, peak = 295.
OPT-1001 : Start global optimization ...
OPT-1001 : Start congestion update ...
RUN-1001 : Generating global routing grids ...
PHY-1001 : Generate routing nets ...
PHY-1001 : Reuse net number 4987/6841.
PHY-1001 : Global iterations in 16 thread ...
PHY-1002 : len = 189008, over cnt = 813(2%), over = 3074, worst = 19
PHY-1002 : len = 205832, over cnt = 516(1%), over = 1404, worst = 19
PHY-1002 : len = 215192, over cnt = 237(0%), over = 559, worst = 18
PHY-1002 : len = 220864, over cnt = 60(0%), over = 140, worst = 9
PHY-1002 : len = 222960, over cnt = 0(0%), over = 0, worst = 0
PHY-1001 : End global iterations;  0.432381s wall, 0.562500s user + 0.000000s system = 0.562500s CPU (130.1%)

PHY-1001 : Congestion index: top1 = 39.18, top5 = 32.43, top10 = 28.51, top15 = 25.86.
OPT-1001 : End congestion update;  0.531013s wall, 0.656250s user + 0.000000s system = 0.656250s CPU (123.6%)

OPT-1001 : Update timing in Manhattan mode
TMR-2503 : Start to update net delay, extr mode = 3.
TMR-2504 : Update delay of 6839 nets completely.
TMR-2502 : Annotate delay completely, extr mode = 3.
TMR-3501 : Forward propagation: start to calculate arrival time...
TMR-3502 : Backward propagation: start to calculate required time...
TMR-3503 : Timing propagation completes.
OPT-1001 : End timing update;  0.127128s wall, 0.125000s user + 0.000000s system = 0.125000s CPU (98.3%)

OPT-0007 : Start: WNS 4470 TNS 0 NUM_FEPS 0
OPT-1001 : End global optimization;  0.658271s wall, 0.781250s user + 0.000000s system = 0.781250s CPU (118.7%)

OPT-1001 : Current memory(MB): used = 300, reserve = 279, peak = 300.
OPT-1001 : End physical optimization;  2.720517s wall, 2.953125s user + 0.078125s system = 3.031250s CPU (111.4%)

PHY-3001 : Start packing ...
SYN-4007 : Packing 0 MUX to BLE ...
SYN-4008 : Packed 0 MUX and 0 SEQ to BLE.
SYN-4007 : Packing 2311 LUT to BLE ...
SYN-4008 : Packed 2311 LUT and 1022 SEQ to BLE.
SYN-4003 : Packing 963 remaining SEQ's ...
SYN-4005 : Packed 585 SEQ with LUT/SLICE
SYN-4006 : 865 single LUT's are left
SYN-4006 : 378 single SEQ's are left
SYN-4011 : Packing model "test_camera" (AL_USER_NORMAL) with 2689/5114 primitive instances ...
PHY-3001 : End packing;  0.264446s wall, 0.265625s user + 0.000000s system = 0.265625s CPU (100.4%)

PHY-1001 : Populate physical database on model test_camera.
RUN-1001 : There are total 2902 instances
RUN-1001 : 1365 mslices, 1365 lslices, 144 pads, 14 brams, 5 dsps
RUN-1001 : There are total 5883 nets
RUN-6004 WARNING: There are 2 nets with only 1 pin.
RUN-1001 : 3650 nets have 2 pins
RUN-1001 : 1442 nets have [3 - 5] pins
RUN-1001 : 627 nets have [6 - 10] pins
RUN-1001 : 87 nets have [11 - 20] pins
RUN-1001 : 69 nets have [21 - 99] pins
RUN-1001 : 6 nets have 100+ pins
PHY-3001 : design contains 2900 instances, 2730 slices, 239 macros(1234 instances: 791 mslices 443 lslices)
PHY-3001 : Cell area utilization is 33%
PHY-3001 : After packing: Len = 159981, Over = 154.75
PHY-3001 : Run with size of 2
PHY-3001 : Cell area utilization is 33%
PHY-3001 : Update timing in Manhattan mode ...
RUN-1002 : start command "start_timer -report"
TMR-2505 : Start building timing graph for model test_camera.
TMR-2506 : Build timing graph completely. Port num: 21, tpin num: 23380, tnet num: 5881, tinst num: 2900, tnode num: 28058, tedge num: 40399.
TMR-2508 : Levelizing timing graph completed, there are 289 levels in total.
TMR-2501 : Timing graph initialized successfully.
RUN-1003 : finish command "start_timer -report" in  1.223441s wall, 1.203125s user + 0.015625s system = 1.218750s CPU (99.6%)

RUN-1004 : used memory is 304 MB, reserved memory is 285 MB, peak memory is 304 MB
TMR-2503 : Start to update net delay, extr mode = 3.
TMR-2504 : Update delay of 5881 nets completely.
TMR-2502 : Annotate delay completely, extr mode = 3.
TMR-3001 : Initiate 0 clocks from SDC.
TMR-3004 : Map sdc constraints, there are 2 constraints in total.
TMR-3003 : Constraints initiated successfully.
TMR-3501 : Forward propagation: start to calculate arrival time...
TMR-3502 : Backward propagation: start to calculate required time...
TMR-3503 : Timing propagation completes.
PHY-3001 : End timing update;  1.344477s wall, 1.328125s user + 0.015625s system = 1.343750s CPU (99.9%)

PHY-3001 : :::0::: Try harder cell spreading with beta_ = 2.4524e-05
PHY-3002 : Step(140): len = 155871, overlap = 162.25
PHY-3002 : Step(141): len = 154762, overlap = 164.75
PHY-3002 : Step(142): len = 149525, overlap = 172
PHY-3002 : Step(143): len = 147183, overlap = 176.5
PHY-3002 : Step(144): len = 146957, overlap = 176.75
PHY-3002 : Step(145): len = 145007, overlap = 187.5
PHY-3002 : Step(146): len = 144420, overlap = 185.5
PHY-3002 : Step(147): len = 143473, overlap = 190.75
PHY-3001 : :::1::: Try harder cell spreading with beta_ = 4.9048e-05
PHY-3002 : Step(148): len = 146716, overlap = 180.75
PHY-3002 : Step(149): len = 148032, overlap = 179.5
PHY-3002 : Step(150): len = 150790, overlap = 168.75
PHY-3001 : :::2::: Try harder cell spreading with beta_ = 9.8096e-05
PHY-3002 : Step(151): len = 155997, overlap = 148.75
PHY-3002 : Step(152): len = 156931, overlap = 146.5
PHY-3002 : Step(153): len = 159330, overlap = 136.75
PHY-3002 : Step(154): len = 159909, overlap = 137.5
PHY-3002 : Step(155): len = 161162, overlap = 133
PHY-3001 : Legalization ...
PHY-3001 : End legalization;  0.405852s wall, 0.296875s user + 0.734375s system = 1.031250s CPU (254.1%)

PHY-3001 : Trial Legalized: Len = 202215
PHY-3001 : Run with size of 2
PHY-3001 : Cell area utilization is 32%
PHY-3001 : Update timing in Manhattan mode ...
TMR-2503 : Start to update net delay, extr mode = 3.
TMR-2504 : Update delay of 5881 nets completely.
TMR-2502 : Annotate delay completely, extr mode = 3.
TMR-3501 : Forward propagation: start to calculate arrival time...
TMR-3502 : Backward propagation: start to calculate required time...
TMR-3503 : Timing propagation completes.
PHY-3001 : End timing update;  0.115138s wall, 0.109375s user + 0.000000s system = 0.109375s CPU (95.0%)

PHY-3001 : :::0::: Try harder cell spreading with beta_ = 0.000208753
PHY-3002 : Step(156): len = 189239, overlap = 13.5
PHY-3002 : Step(157): len = 180911, overlap = 37.75
PHY-3002 : Step(158): len = 177615, overlap = 45.25
PHY-3002 : Step(159): len = 176426, overlap = 48.5
PHY-3002 : Step(160): len = 174674, overlap = 50.5
PHY-3002 : Step(161): len = 173529, overlap = 54
PHY-3002 : Step(162): len = 173250, overlap = 55.25
PHY-3002 : Step(163): len = 172370, overlap = 58.75
PHY-3001 : :::1::: Try harder cell spreading with beta_ = 0.000417505
PHY-3002 : Step(164): len = 173294, overlap = 58.75
PHY-3002 : Step(165): len = 173571, overlap = 58
PHY-3001 : :::2::: Try harder cell spreading with beta_ = 0.000780712
PHY-3002 : Step(166): len = 174229, overlap = 58
PHY-3002 : Step(167): len = 174874, overlap = 57.5
PHY-3001 : Legalization ...
PHY-3001 : End legalization;  0.008629s wall, 0.000000s user + 0.000000s system = 0.000000s CPU (n/a%)

PHY-3001 : Legalized: Len = 188322, Over = 0
PHY-3001 : Spreading special nets. 28 overflows in 2952 tiles.
PHY-3001 : End spreading;  0.019051s wall, 0.031250s user + 0.000000s system = 0.031250s CPU (164.0%)

PHY-3001 : 39 instances has been re-located, deltaX = 11, deltaY = 27, maxDist = 2.
PHY-3001 : Final: Len = 189250, Over = 0
OPT-1001 : Start physical optimization ...
RUN-1002 : start command "start_timer -report"
TMR-2505 : Start building timing graph for model test_camera.
TMR-2506 : Build timing graph completely. Port num: 21, tpin num: 23380, tnet num: 5881, tinst num: 2900, tnode num: 28058, tedge num: 40399.
TMR-2508 : Levelizing timing graph completed, there are 289 levels in total.
TMR-2501 : Timing graph initialized successfully.
RUN-1003 : finish command "start_timer -report" in  1.243977s wall, 1.250000s user + 0.000000s system = 1.250000s CPU (100.5%)

RUN-1004 : used memory is 297 MB, reserved memory is 280 MB, peak memory is 307 MB
OPT-1001 : Total overflow 0.00 peak overflow 0.00
OPT-1001 : Start high-fanout net optimization ...
OPT-1001 : Update timing in global mode
PHY-1001 : Start incremental global routing, caller is place ...
RUN-1001 : Generating global routing grids ...
PHY-1001 : Generate routing nets ...
PHY-1001 : Reuse net number 260/5883.
PHY-1001 : Global iterations in 16 thread ...
PHY-1002 : len = 233240, over cnt = 661(1%), over = 1075, worst = 8
PHY-1002 : len = 236920, over cnt = 360(1%), over = 553, worst = 8
PHY-1002 : len = 241656, over cnt = 121(0%), over = 177, worst = 4
PHY-1002 : len = 243280, over cnt = 29(0%), over = 37, worst = 4
PHY-1002 : len = 243680, over cnt = 0(0%), over = 0, worst = 0
PHY-1001 : End global iterations;  0.717407s wall, 1.015625s user + 0.171875s system = 1.187500s CPU (165.5%)

PHY-1001 : Congestion index: top1 = 35.43, top5 = 29.97, top10 = 26.86, top15 = 24.81.
PHY-1001 : End incremental global routing;  0.849586s wall, 1.156250s user + 0.171875s system = 1.328125s CPU (156.3%)

TMR-2503 : Start to update net delay, extr mode = 5.
TMR-2504 : Update delay of 5881 nets completely.
TMR-2502 : Annotate delay completely, extr mode = 5.
TMR-3001 : Initiate 0 clocks from SDC.
TMR-3004 : Map sdc constraints, there are 2 constraints in total.
TMR-3003 : Constraints initiated successfully.
TMR-3501 : Forward propagation: start to calculate arrival time...
TMR-3502 : Backward propagation: start to calculate required time...
TMR-3503 : Timing propagation completes.
OPT-1001 : End timing update;  0.150286s wall, 0.140625s user + 0.000000s system = 0.140625s CPU (93.6%)

OPT-1001 : 0 high-fanout net processed.
OPT-1001 : End high-fanout net optimization;  1.111347s wall, 1.406250s user + 0.171875s system = 1.578125s CPU (142.0%)

OPT-1001 : Current memory(MB): used = 306, reserve = 287, peak = 307.
OPT-1001 : Start path based optimization ...
OPT-1001 : Start congestion update ...
RUN-1001 : Generating global routing grids ...
PHY-1001 : Generate routing nets ...
PHY-1001 : Reuse net number 4991/5883.
PHY-1001 : Global iterations in 16 thread ...
PHY-1002 : len = 243680, over cnt = 0(0%), over = 0, worst = 0
PHY-1001 : End global iterations;  0.027378s wall, 0.031250s user + 0.000000s system = 0.031250s CPU (114.1%)

PHY-1001 : Congestion index: top1 = 35.43, top5 = 29.97, top10 = 26.86, top15 = 24.81.
OPT-1001 : End congestion update;  0.129037s wall, 0.140625s user + 0.000000s system = 0.140625s CPU (109.0%)

OPT-1001 : Update timing in Manhattan mode
TMR-2503 : Start to update net delay, extr mode = 3.
TMR-2504 : Update delay of 5881 nets completely.
TMR-2502 : Annotate delay completely, extr mode = 3.
TMR-3501 : Forward propagation: start to calculate arrival time...
TMR-3502 : Backward propagation: start to calculate required time...
TMR-3503 : Timing propagation completes.
OPT-1001 : End timing update;  0.107819s wall, 0.109375s user + 0.000000s system = 0.109375s CPU (101.4%)

OPT-0007 : Start: WNS 4345 TNS 0 NUM_FEPS 0
OPT-1001 : End path based optimization;  0.236975s wall, 0.250000s user + 0.000000s system = 0.250000s CPU (105.5%)

OPT-1001 : Current memory(MB): used = 308, reserve = 290, peak = 308.
OPT-1001 : Update timing in Manhattan mode
TMR-2503 : Start to update net delay, extr mode = 3.
TMR-2504 : Update delay of 5881 nets completely.
TMR-2502 : Annotate delay completely, extr mode = 3.
TMR-3501 : Forward propagation: start to calculate arrival time...
TMR-3502 : Backward propagation: start to calculate required time...
TMR-3503 : Timing propagation completes.
OPT-1001 : End timing update;  0.113434s wall, 0.109375s user + 0.000000s system = 0.109375s CPU (96.4%)

OPT-1001 : Start pin optimization...
OPT-1001 : skip pin optimization...
OPT-1001 : Update timing in global mode
PHY-1001 : Start incremental global routing, caller is place ...
RUN-1001 : Generating global routing grids ...
PHY-1001 : Generate routing nets ...
PHY-1001 : Reuse net number 4991/5883.
PHY-1001 : Global iterations in 16 thread ...
PHY-1002 : len = 243680, over cnt = 0(0%), over = 0, worst = 0
PHY-1001 : End global iterations;  0.028328s wall, 0.031250s user + 0.000000s system = 0.031250s CPU (110.3%)

PHY-1001 : Congestion index: top1 = 35.43, top5 = 29.97, top10 = 26.86, top15 = 24.81.
PHY-1001 : End incremental global routing;  0.133317s wall, 0.125000s user + 0.000000s system = 0.125000s CPU (93.8%)

TMR-2503 : Start to update net delay, extr mode = 5.
TMR-2504 : Update delay of 5881 nets completely.
TMR-2502 : Annotate delay completely, extr mode = 5.
TMR-3501 : Forward propagation: start to calculate arrival time...
TMR-3502 : Backward propagation: start to calculate required time...
TMR-3503 : Timing propagation completes.
OPT-1001 : End timing update;  0.142299s wall, 0.140625s user + 0.000000s system = 0.140625s CPU (98.8%)

RUN-1001 : Generating global routing grids ...
PHY-1001 : Generate routing nets ...
PHY-1001 : Reuse net number 4991/5883.
PHY-1001 : Global iterations in 16 thread ...
PHY-1002 : len = 243680, over cnt = 0(0%), over = 0, worst = 0
PHY-1001 : End global iterations;  0.029074s wall, 0.031250s user + 0.000000s system = 0.031250s CPU (107.5%)

PHY-1001 : Congestion index: top1 = 35.43, top5 = 29.97, top10 = 26.86, top15 = 24.81.
OPT-1001 : Update timing in Manhattan mode
TMR-2503 : Start to update net delay, extr mode = 3.
TMR-2504 : Update delay of 5881 nets completely.
TMR-2502 : Annotate delay completely, extr mode = 3.
TMR-3501 : Forward propagation: start to calculate arrival time...
TMR-3502 : Backward propagation: start to calculate required time...
TMR-3503 : Timing propagation completes.
OPT-1001 : End timing update;  0.113522s wall, 0.109375s user + 0.000000s system = 0.109375s CPU (96.3%)

RUN-1001 : QoR Analysis:
OPT-0007 :   WNS 4345 TNS 0 NUM_FEPS 0
RUN-1001 :   No local congestion issue, and most congested 1% tile average routing util is 35.137931
RUN-1001 :   Top critical paths
OPT-1001 : End physical optimization;  3.275554s wall, 3.578125s user + 0.171875s system = 3.750000s CPU (114.5%)

RUN-1003 : finish command "place" in  17.444331s wall, 29.843750s user + 6.968750s system = 36.812500s CPU (211.0%)

RUN-1004 : used memory is 285 MB, reserved memory is 267 MB, peak memory is 309 MB
RUN-1002 : start command "export_db ov2640_sdram_place.db"
RUN-1001 : Exported /
RUN-1001 : Exported flow parameters
RUN-1001 : Exported libs
RUN-1001 : Exported entities
RUN-1001 : Exported ports
RUN-1001 : Exported pins
RUN-1001 : Exported instances
RUN-1001 : Exported nets
RUN-1001 : Exported buses
RUN-1001 : Exported models
RUN-1001 : Exported congestions
RUN-1001 : Exported violations
RUN-1001 : Exported timing constraints
RUN-1001 : Exported IO constraints
RUN-1001 : Exported Inst constraints
RUN-1002 : start command "route"
RUN-1001 : Open license file C:/Anlogic/TD5.6.59063/license/Anlogic.lic
RUN-1001 : Print Global Property
RUN-1001 : ---------------------------------------------------------------
RUN-1001 :        Parameters        |  Settings  |  Default Values  |  Note  
RUN-1001 : ---------------------------------------------------------------
RUN-1001 :          message         |  standard  |     standard     |        
RUN-1001 :   mixed_pack_place_flow  |     on     |        on        |        
RUN-1001 :        qor_monitor       |    off     |       off        |        
RUN-1001 :        syn_ip_flow       |    off     |       off        |        
RUN-1001 :          thread          |    auto    |       auto       |        
RUN-1001 : ---------------------------------------------------------------
RUN-1001 : Print Route Property
RUN-1001 : -------------------------------------------------------
RUN-1001 :    Parameters    |  Settings  |  Default Values  |  Note  
RUN-1001 : -------------------------------------------------------
RUN-1001 :      effort      |   medium   |      medium      |        
RUN-1001 :     fix_hold     |    off     |       off        |        
RUN-1001 :    opt_timing    |   medium   |      medium      |        
RUN-1001 :   phy_sim_model  |    off     |       off        |        
RUN-1001 :     priority     |   timing   |      timing      |        
RUN-1001 :     swap_pin     |     on     |        on        |        
RUN-1001 : -------------------------------------------------------
PHY-1001 : Route runs in 16 thread(s)
RUN-1001 : There are total 2902 instances
RUN-1001 : 1365 mslices, 1365 lslices, 144 pads, 14 brams, 5 dsps
RUN-1001 : There are total 5883 nets
RUN-6004 WARNING: There are 2 nets with only 1 pin.
RUN-1001 : 3650 nets have 2 pins
RUN-1001 : 1442 nets have [3 - 5] pins
RUN-1001 : 627 nets have [6 - 10] pins
RUN-1001 : 87 nets have [11 - 20] pins
RUN-1001 : 69 nets have [21 - 99] pins
RUN-1001 : 6 nets have 100+ pins
RUN-1002 : start command "start_timer -report"
TMR-2505 : Start building timing graph for model test_camera.
TMR-2506 : Build timing graph completely. Port num: 21, tpin num: 23380, tnet num: 5881, tinst num: 2900, tnode num: 28058, tedge num: 40399.
TMR-2508 : Levelizing timing graph completed, there are 289 levels in total.
TMR-2501 : Timing graph initialized successfully.
RUN-1003 : finish command "start_timer -report" in  1.266637s wall, 1.265625s user + 0.000000s system = 1.265625s CPU (99.9%)

RUN-1004 : used memory is 303 MB, reserved memory is 285 MB, peak memory is 337 MB
PHY-1001 : 1365 mslices, 1365 lslices, 144 pads, 14 brams, 5 dsps
TMR-2503 : Start to update net delay, extr mode = 3.
TMR-2504 : Update delay of 5881 nets completely.
TMR-2502 : Annotate delay completely, extr mode = 3.
TMR-3001 : Initiate 0 clocks from SDC.
TMR-3004 : Map sdc constraints, there are 2 constraints in total.
TMR-3003 : Constraints initiated successfully.
TMR-3501 : Forward propagation: start to calculate arrival time...
TMR-3502 : Backward propagation: start to calculate required time...
TMR-3503 : Timing propagation completes.
PHY-1001 : Start global routing, caller is route ...
RUN-1001 : Generating global routing grids ...
PHY-1001 : Generate routing nets ...
PHY-1001 : Global iterations in 16 thread ...
PHY-1002 : len = 230464, over cnt = 671(1%), over = 1093, worst = 8
PHY-1002 : len = 234360, over cnt = 396(1%), over = 581, worst = 8
PHY-1002 : len = 239392, over cnt = 124(0%), over = 164, worst = 4
PHY-1002 : len = 241472, over cnt = 0(0%), over = 0, worst = 0
PHY-1001 : End global iterations;  0.711611s wall, 1.078125s user + 0.109375s system = 1.187500s CPU (166.9%)

PHY-1001 : Congestion index: top1 = 35.06, top5 = 29.78, top10 = 26.70, top15 = 24.66.
PHY-1001 : End global routing;  0.831588s wall, 1.203125s user + 0.109375s system = 1.312500s CPU (157.8%)

PHY-1001 : Start detail routing ...
PHY-1001 : Current memory(MB): used = 337, reserve = 318, peak = 339.
PHY-1001 : Detailed router is running in normal mode.
PHY-1001 : Generate detailed routing grids ...
PHY-1001 : Generate nets ...
PHY-1001 : net clk_24m_dup_1 will be routed on clock mesh
PHY-1001 : net clk_cam will be routed on clock mesh
PHY-1001 : net vga_clk_dup_1 will be routed on clock mesh
PHY-1001 : clock net Sdram_Control_4Port/CTRL_CLK will be merged with clock u_pll/clk0_buf
PHY-1001 : net Sdram_Control_4Port/SDRAM_CLK will be routed on clock mesh
PHY-1001 : clock net u_image_select/mode[3]_syn_28 will be merged with clock u_image_select/mode[3]_syn_26
PHY-1001 : clock net u_camera_init/divider2[8]_syn_4 will be merged with clock u_camera_init/divider2[8]
PHY-1001 : clock net u_camera_init/divider2[7]_syn_2 will be merged with clock u_camera_init/divider2[7]
PHY-1001 : net u_camera_init/u_i2c_write/clk will be routed on clock mesh
PHY-5010 WARNING: Net u_image_process/out_img_imy[1] is skipped due to 0 input or output
PHY-5010 WARNING: Net u_image_process/out_img_imy[0] is skipped due to 0 input or output
PHY-1001 : clock net u_image_process/wrreq_syn_2 will be merged with clock u_image_process/wrreq
PHY-1001 : net u_image_process/u_Median_Gray_3/u_three_martix/csi_pclk will be routed on clock mesh
PHY-5010 WARNING: Net u_image_process/out_img_imy[1] is skipped due to 0 input or output
PHY-5010 WARNING: Net u_image_process/out_img_imy[0] is skipped due to 0 input or output
PHY-1001 : Current memory(MB): used = 593, reserve = 578, peak = 593.
PHY-1001 : End build detailed router design. 3.910418s wall, 3.828125s user + 0.078125s system = 3.906250s CPU (99.9%)

PHY-1001 : Detail Route ...
PHY-1001 : ===== Detail Route Phase 1 =====
PHY-1001 : Clock net routing.....
PHY-1001 : Routed 0% nets.
PHY-1022 : len = 71104, over cnt = 0(0%), over = 0, worst = 0, crit = 0
PHY-1001 : End initial clock net routed; 4.169376s wall, 4.171875s user + 0.000000s system = 4.171875s CPU (100.1%)

PHY-1001 : Current memory(MB): used = 626, reserve = 612, peak = 626.
PHY-1001 : End phase 1; 4.175961s wall, 4.187500s user + 0.000000s system = 4.187500s CPU (100.3%)

PHY-1001 : ===== Detail Route Phase 2 =====
PHY-1001 : Initial routing.....
PHY-1001 : Routed 20% nets.
PHY-1001 : Routed 23% nets.
PHY-1001 : Routed 27% nets.
PHY-1001 : Routed 31% nets.
PHY-1001 : Routed 37% nets.
PHY-1001 : Patch 2602 net; 1.984532s wall, 1.984375s user + 0.000000s system = 1.984375s CPU (100.0%)

PHY-1022 : len = 640408, over cnt = 236(0%), over = 237, worst = 2, crit = 0
PHY-1001 : Current memory(MB): used = 631, reserve = 616, peak = 631.
PHY-1001 : End initial routed; 7.542881s wall, 10.593750s user + 0.078125s system = 10.671875s CPU (141.5%)

PHY-1001 : Update timing.....
PHY-1001 : 0/4805(0%) critical/total net(s).
RUN-1001 : ------------------------------------------
RUN-1001 :   Type   |    WNS(ns)    |  TNS(ns)  |  FEP  
RUN-1001 : ------------------------------------------
RUN-1001 :   Setup  |     3.846     |   0.000   |   0   
RUN-1001 :   Hold   |  2147483.647  |   0.000   |   0   
RUN-1001 : ------------------------------------------
PHY-1001 : End update timing; 1.516823s wall, 1.515625s user + 0.000000s system = 1.515625s CPU (99.9%)

PHY-1001 : Current memory(MB): used = 638, reserve = 624, peak = 638.
PHY-1001 : End phase 2; 9.059771s wall, 12.109375s user + 0.078125s system = 12.187500s CPU (134.5%)

PHY-1001 : ===== Detail Route Phase 3 =====
PHY-1001 : Optimize timing.....
PHY-1022 : len = 640408, over cnt = 236(0%), over = 237, worst = 2, crit = 0
PHY-1001 : End optimize timing; 0.020428s wall, 0.015625s user + 0.000000s system = 0.015625s CPU (76.5%)

PHY-1001 : Ripup-reroute.....
PHY-1001 : ===== DR Iter 1 =====
PHY-1022 : len = 638600, over cnt = 58(0%), over = 58, worst = 1, crit = 0
PHY-1001 : End DR Iter 1; 0.146854s wall, 0.203125s user + 0.000000s system = 0.203125s CPU (138.3%)

PHY-1001 : ===== DR Iter 2 =====
PHY-1022 : len = 638752, over cnt = 10(0%), over = 10, worst = 1, crit = 0
PHY-1001 : End DR Iter 2; 0.063836s wall, 0.078125s user + 0.000000s system = 0.078125s CPU (122.4%)

PHY-1001 : ===== DR Iter 3 =====
PHY-1022 : len = 638696, over cnt = 0(0%), over = 0, worst = 0, crit = 0
PHY-1001 : End DR Iter 3; 0.059196s wall, 0.062500s user + 0.000000s system = 0.062500s CPU (105.6%)

PHY-1001 : Update timing.....
PHY-1001 : 0/4805(0%) critical/total net(s).
RUN-1001 : ------------------------------------------
RUN-1001 :   Type   |    WNS(ns)    |  TNS(ns)  |  FEP  
RUN-1001 : ------------------------------------------
RUN-1001 :   Setup  |     3.828     |   0.000   |   0   
RUN-1001 :   Hold   |  2147483.647  |   0.000   |   0   
RUN-1001 : ------------------------------------------
PHY-1001 : End update timing; 1.519746s wall, 1.515625s user + 0.000000s system = 1.515625s CPU (99.7%)

PHY-1001 : Commit to database.....
PHY-1001 : 40 feed throughs used by 38 nets
PHY-1001 : End commit to database; 0.644710s wall, 0.609375s user + 0.031250s system = 0.640625s CPU (99.4%)

PHY-1001 : Current memory(MB): used = 668, reserve = 654, peak = 668.
PHY-1001 : End phase 3; 2.635049s wall, 2.671875s user + 0.031250s system = 2.703125s CPU (102.6%)

PHY-1003 : Routed, final wirelength = 638696
PHY-1001 : Current memory(MB): used = 669, reserve = 656, peak = 669.
PHY-1001 : End export database. 0.020220s wall, 0.015625s user + 0.000000s system = 0.015625s CPU (77.3%)

PHY-1001 : End detail routing;  20.061798s wall, 23.093750s user + 0.187500s system = 23.281250s CPU (116.0%)

RUN-1003 : finish command "route" in  22.395866s wall, 25.796875s user + 0.296875s system = 26.093750s CPU (116.5%)

RUN-1004 : used memory is 630 MB, reserved memory is 616 MB, peak memory is 669 MB
RUN-1002 : start command "report_area -io_info -file ov2640_sdram_phy.area"
RUN-1001 : standard
***Report Model: test_camera Device: EG4S20BG256***

IO Statistics
#IO                        89
  #input                   29
  #output                  59
  #inout                    1

Utilization Statistics
#lut                     4861   out of  19600   24.80%
#reg                     1988   out of  19600   10.14%
#le                      5236
  #lut only              3248   out of   5236   62.03%
  #reg only               375   out of   5236    7.16%
  #lut&reg               1613   out of   5236   30.81%
#dsp                        5   out of     29   17.24%
#bram                      12   out of     64   18.75%
  #bram9k                   0
  #fifo9k                  12
#bram32k                    2   out of     16   12.50%
#pad                       89   out of    188   47.34%
  #ireg                     0
  #oreg                     0
  #treg                     0
#pll                        1   out of      4   25.00%
#gclk                      11   out of     16   68.75%

Clock Resource Statistics
Index     ClockNet                                                   Type               DriverType         Driver                                                               Fanout
#1        u_image_process/u_Median_Gray_3/u_three_martix/csi_pclk    GCLK               io                 cam_pclk_syn_9.di                                                    849
#2        u_pll/clk0_buf                                             GCLK               pll                u_pll/pll_inst.clkc0                                                 183
#3        vga_clk_dup_1                                              GCLK               pll                u_pll/pll_inst.clkc2                                                 42
#4        u_camera_init/u_i2c_write/clk                              GCLK               pll                u_pll/pll_inst.clkc4                                                 35
#5        u_camera_init/divider2[8]                                  GCLK               lslice             u_camera_init/add2_syn_56.q1                                         23
#6        u_camera_init/divider2[7]                                  GCLK               lslice             u_camera_init/add2_syn_56.q0                                         16
#7        u_image_process/wrreq                                      GCLK               mslice             Sdram_Control_4Port/write_fifo1/dcfifo_component/wr_en_s_syn_5.f0    9
#8        u_image_select/mode[3]_syn_26                              GCLK               lslice             u_image_process/u_RGBYCbCr/img_cb1_b_n_syn_9.f1                      9
#9        clk_24m_dup_1                                              GCLK               io                 clk_24m_syn_2.di                                                     7
#10       Sdram_Control_4Port/SDRAM_CLK                              GCLK               pll                u_pll/pll_inst.clkc1                                                 0
#11       clk_cam                                                    GCLK               pll                u_pll/pll_inst.clkc3                                                 0


Detailed IO Report

     Name        Direction    Location    IOStandard    DriveStrength    PullType    PackReg  
   Switch[5]       INPUT         P6        LVCMOS25          N/A          PULLUP      NONE    
   Switch[4]       INPUT         M6        LVCMOS25          N/A          PULLUP      NONE    
   Switch[3]       INPUT         T6        LVCMOS25          N/A          PULLUP      NONE    
   Switch[2]       INPUT         T5        LVCMOS25          N/A          PULLUP      NONE    
   Switch[1]       INPUT         R5        LVCMOS25          N/A          PULLUP      NONE    
   Switch[0]       INPUT         T4        LVCMOS25          N/A          PULLUP      NONE    
  cam_data[7]      INPUT        H13        LVCMOS33          N/A          PULLUP      NONE    
  cam_data[6]      INPUT        G16        LVCMOS33          N/A          PULLUP      NONE    
  cam_data[5]      INPUT        H16        LVCMOS33          N/A          PULLUP      NONE    
  cam_data[4]      INPUT        G14        LVCMOS33          N/A          PULLUP      NONE    
  cam_data[3]      INPUT        K15        LVCMOS33          N/A          PULLUP      NONE    
  cam_data[2]      INPUT        K16        LVCMOS33          N/A          PULLUP      NONE    
  cam_data[1]      INPUT        J16        LVCMOS33          N/A          PULLUP      NONE    
  cam_data[0]      INPUT        H15        LVCMOS33          N/A          PULLUP      NONE    
   cam_href        INPUT        F15        LVCMOS33          N/A          PULLUP      NONE    
   cam_pclk        INPUT        K12        LVCMOS33          N/A          PULLUP      NONE    
   cam_vsync       INPUT        E15        LVCMOS33          N/A          PULLUP      NONE    
    clk_24m        INPUT        K14        LVCMOS33          N/A          PULLUP      NONE    
     rst_n         INPUT        G11        LVCMOS33          N/A          PULLUP      NONE    
    Led[15]       OUTPUT        T13        LVCMOS25           8            NONE       NONE    
    Led[14]       OUTPUT        T12        LVCMOS25           8            NONE       NONE    
    Led[13]       OUTPUT        R12        LVCMOS25           8            NONE       NONE    
    Led[12]       OUTPUT         M7        LVCMOS25           8            NONE       NONE    
    Led[11]       OUTPUT         T9        LVCMOS25           8            NONE       NONE    
    Led[10]       OUTPUT         T8        LVCMOS25           8            NONE       NONE    
    Led[9]        OUTPUT         T7        LVCMOS25           8            NONE       NONE    
    Led[8]        OUTPUT         R7        LVCMOS25           8            NONE       NONE    
    Led[7]        OUTPUT         P5        LVCMOS25           8            NONE       NONE    
    Led[6]        OUTPUT         N5        LVCMOS25           8            NONE       NONE    
    Led[5]        OUTPUT         P4        LVCMOS25           8            NONE       NONE    
    Led[4]        OUTPUT         M5        LVCMOS25           8            NONE       NONE    
    Led[3]        OUTPUT         N4        LVCMOS25           8            NONE       NONE    
    Led[2]        OUTPUT         N3        LVCMOS25           8            NONE       NONE    
    Led[1]        OUTPUT         M4        LVCMOS25           8            NONE       NONE    
    Led[0]        OUTPUT         M3        LVCMOS25           8            NONE       NONE    
   cam_pwdn       OUTPUT        F14        LVCMOS33           8            NONE       NONE    
    cam_rst       OUTPUT        F13        LVCMOS33           8            NONE       NONE    
   cam_soic       OUTPUT        D16        LVCMOS33           8           PULLUP      NONE    
   cam_xclk       OUTPUT        J12        LVCMOS33           8            NONE       NONE    
   sm_bit[3]      OUTPUT         F3        LVCMOS25           8            NONE       NONE    
   sm_bit[2]      OUTPUT         C2        LVCMOS25           8            NONE       NONE    
   sm_bit[1]      OUTPUT         C3        LVCMOS25           8            NONE       NONE    
   sm_bit[0]      OUTPUT         B1        LVCMOS25           8            NONE       NONE    
   sm_seg[7]      OUTPUT         A2        LVCMOS25           8            NONE       NONE    
   sm_seg[6]      OUTPUT         B2        LVCMOS25           8            NONE       NONE    
   sm_seg[5]      OUTPUT         D3        LVCMOS25           8            NONE       NONE    
   sm_seg[4]      OUTPUT         F5        LVCMOS25           8            NONE       NONE    
   sm_seg[3]      OUTPUT         E4        LVCMOS25           8            NONE       NONE    
   sm_seg[2]      OUTPUT         F4        LVCMOS25           8            NONE       NONE    
   sm_seg[1]      OUTPUT         B3        LVCMOS25           8            NONE       NONE    
   sm_seg[0]      OUTPUT         E3        LVCMOS25           8            NONE       NONE    
   vga_b[7]       OUTPUT         C1        LVCMOS25           8            NONE       NONE    
   vga_b[6]       OUTPUT         D1        LVCMOS25           8            NONE       NONE    
   vga_b[5]       OUTPUT         E2        LVCMOS25           8            NONE       NONE    
   vga_b[4]       OUTPUT         G3        LVCMOS25           8            NONE       NONE    
   vga_b[3]       OUTPUT         E1        LVCMOS25           8            NONE       NONE    
   vga_b[2]       OUTPUT         F2        LVCMOS25           8            NONE       NONE    
   vga_b[1]       OUTPUT         F1        LVCMOS25           8            NONE       NONE    
   vga_b[0]       OUTPUT         G1        LVCMOS25           8            NONE       NONE    
    vga_clk       OUTPUT         H2        LVCMOS25           8            NONE       NONE    
   vga_g[7]       OUTPUT         H5        LVCMOS25           8            NONE       NONE    
   vga_g[6]       OUTPUT         H1        LVCMOS25           8            NONE       NONE    
   vga_g[5]       OUTPUT         J6        LVCMOS25           8            NONE       NONE    
   vga_g[4]       OUTPUT         H3        LVCMOS25           8            NONE       NONE    
   vga_g[3]       OUTPUT         J1        LVCMOS25           8            NONE       NONE    
   vga_g[2]       OUTPUT         K1        LVCMOS25           8            NONE       NONE    
   vga_g[1]       OUTPUT         K2        LVCMOS25           8            NONE       NONE    
   vga_g[0]       OUTPUT         L1        LVCMOS25           8            NONE       NONE    
   vga_hsync      OUTPUT         J3        LVCMOS25           8            NONE       NONE    
   vga_r[7]       OUTPUT         K6        LVCMOS25           8            NONE       NONE    
   vga_r[6]       OUTPUT         K3        LVCMOS25           8            NONE       NONE    
   vga_r[5]       OUTPUT         K5        LVCMOS25           8            NONE       NONE    
   vga_r[4]       OUTPUT         L4        LVCMOS25           8            NONE       NONE    
   vga_r[3]       OUTPUT         M1        LVCMOS25           8            NONE       NONE    
   vga_r[2]       OUTPUT         M2        LVCMOS25           8            NONE       NONE    
   vga_r[1]       OUTPUT         L3        LVCMOS25           8            NONE       NONE    
   vga_r[0]       OUTPUT         L5        LVCMOS25           8            NONE       NONE    
   vga_vsync      OUTPUT         J4        LVCMOS25           8            NONE       NONE    
   cam_soid        INOUT        D14        LVCMOS33           8           PULLUP      NONE    

Report Hierarchy Area:
+---------------------------------------------------------------------------------------------------------------------------------------+
|Instance                              |Module                                     |le     |lut     |ripple  |seq     |bram    |dsp     |
+---------------------------------------------------------------------------------------------------------------------------------------+
|top                                   |test_camera                                |5236   |3626    |1235    |1988    |14      |5       |
|  Sdram_Control_4Port                 |Sdram_Control_4Port                        |797    |542     |173     |401     |2       |0       |
|    command1                          |command                                    |46     |46      |0       |38      |0       |0       |
|    control1                          |control_interface                          |106    |75      |24      |59      |0       |0       |
|    data_path1                        |sdr_data_path                              |14     |14      |0       |1       |0       |0       |
|    read_fifo1                        |Sdram_RD_FIFO                              |129    |67      |18      |101     |1       |0       |
|      dcfifo_component                |softfifo                                   |129    |67      |18      |101     |1       |0       |
|        ram_inst                      |ram_infer_softfifo                         |0      |0       |0       |0       |1       |0       |
|        rd_to_wr_cross_inst           |fifo_cross_domain_addr_process_al_softfifo |36     |19      |0       |36      |0       |0       |
|        wr_to_rd_cross_inst           |fifo_cross_domain_addr_process_al_softfifo |35     |22      |0       |35      |0       |0       |
|    sdram1                            |sdram                                      |1      |1       |0       |0       |0       |0       |
|    write_fifo1                       |Sdram_WR_FIFO                              |128    |90      |18      |99      |1       |0       |
|      dcfifo_component                |softfifo                                   |128    |90      |18      |99      |1       |0       |
|        ram_inst                      |ram_infer_softfifo                         |0      |0       |0       |0       |1       |0       |
|        rd_to_wr_cross_inst           |fifo_cross_domain_addr_process_al_softfifo |38     |23      |0       |38      |0       |0       |
|        wr_to_rd_cross_inst           |fifo_cross_domain_addr_process_al_softfifo |35     |30      |0       |35      |0       |0       |
|  u_Mode_Switch                       |Mode_Switch                                |12     |12      |0       |9       |0       |0       |
|  u_cam_vga_out                       |Driver                                     |112    |68      |44      |25      |0       |0       |
|  u_camera_init                       |camera_init                                |532    |512     |9       |89      |0       |0       |
|    u_i2c_write                       |i2c_module                                 |138    |138     |0       |47      |0       |0       |
|  u_camera_reader                     |camera_reader                              |93     |40      |17      |59      |0       |0       |
|  u_image_process                     |image_process                              |3454   |2234    |982     |1333    |12      |5       |
|    u_Dilation_Detector               |Dilation_Detector                          |174    |122     |45      |80      |2       |0       |
|      u_three_martix_4                |three_martix                               |161    |113     |45      |67      |2       |0       |
|        u_fifo_1                      |fifo_1                                     |4      |4       |0       |2       |1       |0       |
|        u_fifo_2                      |fifo_2                                     |3      |3       |0       |1       |1       |0       |
|    u_Erosion_Detector                |Erosion_Detector                           |165    |116     |45      |76      |2       |0       |
|      u_three_martix_3                |three_martix                               |155    |106     |45      |66      |2       |0       |
|        u_fifo_1                      |fifo_1                                     |2      |2       |0       |0       |1       |0       |
|        u_fifo_2                      |fifo_2                                     |2      |2       |0       |0       |1       |0       |
|    u_Gesture_detech                  |Gesture_detech                             |919    |646     |251     |249     |0       |1       |
|    u_Median_Gray                     |Median_Gray                                |173    |127     |45      |68      |2       |0       |
|      u_Median_Filter_3X3_8Bit_median |Median_Filter_3X3                          |8      |8       |0       |8       |0       |0       |
|      u_three_martix                  |three_martix                               |165    |119     |45      |60      |2       |0       |
|        u_fifo_1                      |fifo_1                                     |2      |2       |0       |0       |1       |0       |
|        u_fifo_2                      |fifo_2                                     |2      |2       |0       |0       |1       |0       |
|    u_Median_Gray_2                   |Median_Gray                                |720    |409     |235     |279     |2       |0       |
|      u_Median_Filter_3X3_8Bit_median |Median_Filter_3X3                          |484    |294     |190     |138     |0       |0       |
|        u_Sort3_1                     |Sort3                                      |87     |57      |30      |29      |0       |0       |
|        u_Sort3_2                     |Sort3                                      |84     |54      |30      |32      |0       |0       |
|        u_Sort3_3                     |Sort3                                      |82     |52      |30      |29      |0       |0       |
|        u_Sort3_4                     |Sort3                                      |48     |28      |20      |12      |0       |0       |
|        u_Sort3_5                     |Sort3                                      |69     |39      |30      |8       |0       |0       |
|        u_Sort3_6                     |Sort3                                      |48     |28      |20      |14      |0       |0       |
|        u_Sort3_7                     |Sort3                                      |66     |36      |30      |14      |0       |0       |
|      u_three_martix                  |three_martix                               |236    |115     |45      |141     |2       |0       |
|        u_fifo_1                      |fifo_1                                     |0      |0       |0       |0       |1       |0       |
|        u_fifo_2                      |fifo_2                                     |0      |0       |0       |0       |1       |0       |
|    u_Median_Gray_3                   |Median_Gray                                |701    |425     |235     |250     |2       |0       |
|      u_Median_Filter_3X3_8Bit_median |Median_Filter_3X3                          |494    |304     |190     |126     |0       |0       |
|        u_Sort3_1                     |Sort3                                      |84     |54      |30      |24      |0       |0       |
|        u_Sort3_2                     |Sort3                                      |86     |56      |30      |29      |0       |0       |
|        u_Sort3_3                     |Sort3                                      |84     |54      |30      |32      |0       |0       |
|        u_Sort3_4                     |Sort3                                      |50     |30      |20      |14      |0       |0       |
|        u_Sort3_5                     |Sort3                                      |70     |40      |30      |8       |0       |0       |
|        u_Sort3_6                     |Sort3                                      |50     |30      |20      |8       |0       |0       |
|        u_Sort3_7                     |Sort3                                      |70     |40      |30      |11      |0       |0       |
|      u_three_martix                  |three_martix                               |207    |121     |45      |124     |2       |0       |
|        u_fifo_1                      |fifo_1                                     |0      |0       |0       |0       |1       |0       |
|        u_fifo_2                      |fifo_2                                     |0      |0       |0       |0       |1       |0       |
|    u_RGBYCbCr                        |RGBYCbCr                                   |73     |32      |14      |48      |0       |4       |
|    u_Sobel_Process                   |Sobel_Process                              |351    |212     |92      |161     |2       |0       |
|      u_Caculate_Sobel                |Caculate_Sobel                             |149    |100     |47      |47      |0       |0       |
|      u_three_martix_2                |three_martix                               |202    |112     |45      |114     |2       |0       |
|        u_fifo_1                      |fifo_1                                     |0      |0       |0       |0       |1       |0       |
|        u_fifo_2                      |fifo_2                                     |0      |0       |0       |0       |1       |0       |
|  u_image_select                      |image_select                               |62     |62      |0       |37      |0       |0       |
|  u_pll                               |ip_pll                                     |0      |0       |0       |0       |0       |0       |
|  u_seg_4                             |seg_4                                      |151    |133     |10      |32      |0       |0       |
+---------------------------------------------------------------------------------------------------------------------------------------+


DataNet Average Fanout:

   Index     Fanout     Nets  
    #1          1       3569  
    #2          2       633   
    #3          3       546   
    #4          4       215   
    #5        5-10      644   
    #6        11-50     122   
    #7       51-100      10   
    #8       101-500     1    
    #9        >500       1    
  Average     2.81            

RUN-1002 : start command "export_db ov2640_sdram_pr.db"
RUN-1001 : Exported /
RUN-1001 : Exported flow parameters
RUN-1001 : Exported libs
RUN-1001 : Exported entities
RUN-1001 : Exported ports
RUN-1001 : Exported pins
RUN-1001 : Exported instances
RUN-1001 : Exported nets
RUN-1001 : Exported buses
RUN-1001 : Exported models
RUN-1001 : Exported congestions
RUN-1001 : Exported violations
RUN-1001 : Exported timing constraints
RUN-1001 : Exported IO constraints
RUN-1001 : Exported Inst constraints
RUN-1002 : start command "export_bid ov2640_sdram_inst.bid"
RUN-1002 : start command "bitgen -bit ov2640_sdram.bit"
BIT-1003 : Start to generate bitstream. 
BIT-1002 : Init instances with 16 threads.
BIT-1002 : Init instances completely, inst num: 2900
BIT-1002 : Init pips with 16 threads.
BIT-1002 : Init pips completely, net num: 5883, pip num: 51512
BIT-1002 : Init feedthrough with 16 threads.
BIT-1002 : Init feedthrough completely, num: 40
BIT-1003 : Multithreading accelaration with 16 threads.
BIT-1003 : Generate bitstream completely, there are 2340 valid insts, and 161567 bits set as '1'.
BIT-1004 : the usercode register value: 00000000000100110000000000000000
BIT-1004 : PLL setting string = 0001
BIT-1004 : Generate bits file ov2640_sdram.bit.
RUN-1003 : finish command "bitgen -bit ov2640_sdram.bit" in  4.549023s wall, 51.046875s user + 0.421875s system = 51.468750s CPU (1131.4%)

RUN-1004 : used memory is 631 MB, reserved memory is 625 MB, peak memory is 813 MB
RUN-1002 : start command "backup_run_log run.log ../.logs/phy_1/td_20221028_200131.log"
