============================================================
   Tang Dynasty, V5.6.59063
   Copyright (c) 2012-2022 Anlogic
   Executable = C:/Anlogic/TD5.6.59063/bin/td.exe
   Built at =   12:45:13 Sep  6 2022
   Run by =     Administrator
   Run Date =   Sat Oct 29 18:37:39 2022

   Run on =     WIN-25FR57M34TT
============================================================
RUN-1002 : start command "open_project ov2640_sdram.prj"
RUN-1001 : Print Global Property
RUN-1001 : ---------------------------------------------------------------
RUN-1001 :        Parameters        |  Settings  |  Default Values  |  Note  
RUN-1001 : ---------------------------------------------------------------
RUN-1001 :          message         |  standard  |     standard     |        
RUN-1001 :   mixed_pack_place_flow  |     on     |        on        |        
RUN-1001 :        qor_monitor       |    off     |       off        |        
RUN-1001 :        syn_ip_flow       |    off     |       off        |        
RUN-1001 :          thread          |    auto    |       auto       |        
RUN-1001 : ---------------------------------------------------------------
RUN-1001 : Print Design Property
RUN-1001 : --------------------------------------------------------------
RUN-1001 :        Parameters       |  Settings  |  Default Values  |  Note  
RUN-1001 : --------------------------------------------------------------
RUN-1001 :   default_reg_initial   |    auto    |       auto       |        
RUN-1001 :        infer_add        |     on     |        on        |        
RUN-1001 :        infer_fsm        |    off     |       off        |        
RUN-1001 :        infer_mult       |     on     |        on        |        
RUN-1001 :        infer_ram        |     on     |        on        |        
RUN-1001 :        infer_reg        |     on     |        on        |        
RUN-1001 :   infer_reg_init_value  |     on     |        on        |        
RUN-1001 :        infer_rom        |     on     |        on        |        
RUN-1001 :      infer_shifter      |     on     |        on        |        
RUN-1001 : --------------------------------------------------------------
RUN-1001 : Print Rtl Property
RUN-1001 : --------------------------------------------------------------
RUN-1001 :        Parameters       |  Settings  |  Default Values  |  Note  
RUN-1001 : --------------------------------------------------------------
RUN-1001 :       compress_add      |   ripple   |      ripple      |        
RUN-1001 :        elf_sload        |    off     |       off        |        
RUN-1001 :       fix_undriven      |     0      |        0         |        
RUN-1001 :         flatten         |    off     |       off        |        
RUN-1001 :       gate_sharing      |     on     |        on        |        
RUN-1001 :    hdl_warning_level    |   normal   |      normal      |        
RUN-1001 :   impl_internal_tribuf  |     on     |        on        |        
RUN-1001 :      impl_set_reset     |     on     |        on        |        
RUN-1001 :        infer_gsr        |    off     |       off        |        
RUN-1001 :      keep_hierarchy     |    auto    |       auto       |        
RUN-1001 :        max_fanout       |    9999    |       9999       |        
RUN-1001 :      max_oh2bin_len     |     10     |        10        |        
RUN-1001 :       merge_equal       |     on     |        on        |        
RUN-1001 :       merge_equiv       |     on     |        on        |        
RUN-1001 :        merge_mux        |    off     |       off        |        
RUN-1001 :     min_control_set     |     8      |        8         |        
RUN-1001 :      min_ripple_len     |    auto    |       auto       |        
RUN-1001 :       oh2bin_ratio      |    0.08    |       0.08       |        
RUN-1001 :     opt_adder_fanout    |     on     |        on        |        
RUN-1001 :        opt_arith        |     on     |        on        |        
RUN-1001 :       opt_big_gate      |    off     |       off        |        
RUN-1001 :        opt_const        |     on     |        on        |        
RUN-1001 :      opt_const_mult     |     on     |        on        |        
RUN-1001 :       opt_lessthan      |     on     |        on        |        
RUN-1001 :         opt_mux         |    off     |       off        |        
RUN-1001 :         opt_ram         |    high    |       high       |        
RUN-1001 :      rtl_sim_model      |    off     |       off        |        
RUN-1001 :         seq_syn         |     on     |        on        |        
RUN-1001 : --------------------------------------------------------------
HDL-1007 : analyze verilog file ../../al_ip/ip_pll.v
HDL-1007 : undeclared symbol 'open', assumed default net type 'wire' in ../../al_ip/ip_pll.v(93)
HDL-1007 : analyze verilog file ../../al_ip/softfifo.v
HDL-1007 : analyze verilog file ../../al_ip/fifo_1.v
HDL-1007 : analyze verilog file ../../al_ip/fifo_2.v
HDL-1007 : analyze verilog file ../../RTL/camera_init.v
HDL-1007 : undeclared symbol 'clk_div', assumed default net type 'wire' in ../../RTL/camera_init.v(74)
HDL-1007 : analyze verilog file ../../RTL/camera_reader.v
HDL-1007 : analyze verilog file ../../RTL/i2c_module.v
HDL-1007 : analyze verilog file ../../RTL/Sdram_Control_4Port/command.v
HDL-1007 : analyze included file ../../RTL/Sdram_Control_4Port/Sdram_Params.h in ../../RTL/Sdram_Control_4Port/command.v(27)
HDL-1007 : back to file '../../RTL/Sdram_Control_4Port/command.v' in ../../RTL/Sdram_Control_4Port/command.v(27)
HDL-1007 : analyze verilog file ../../RTL/Sdram_Control_4Port/control_interface.v
HDL-1007 : analyze included file ../../RTL/Sdram_Control_4Port/Sdram_Params.h in ../../RTL/Sdram_Control_4Port/control_interface.v(21)
HDL-1007 : back to file '../../RTL/Sdram_Control_4Port/control_interface.v' in ../../RTL/Sdram_Control_4Port/control_interface.v(21)
HDL-1007 : analyze verilog file ../../RTL/Sdram_Control_4Port/sdr_data_path.v
HDL-1007 : analyze included file ../../RTL/Sdram_Control_4Port/Sdram_Params.h in ../../RTL/Sdram_Control_4Port/sdr_data_path.v(10)
HDL-1007 : back to file '../../RTL/Sdram_Control_4Port/sdr_data_path.v' in ../../RTL/Sdram_Control_4Port/sdr_data_path.v(10)
HDL-1007 : analyze verilog file ../../RTL/Sdram_Control_4Port/Sdram_Control_4Port.v
HDL-1007 : analyze included file ../../RTL/Sdram_Control_4Port/Sdram_Params.h in ../../RTL/Sdram_Control_4Port/Sdram_Control_4Port.v(49)
HDL-1007 : back to file '../../RTL/Sdram_Control_4Port/Sdram_Control_4Port.v' in ../../RTL/Sdram_Control_4Port/Sdram_Control_4Port.v(49)
HDL-1007 : analyze verilog file ../../RTL/Sdram_Control_4Port/Sdram_RD_FIFO.v
HDL-5007 WARNING: 'clk' is not declared in ../../RTL/Sdram_Control_4Port/Sdram_RD_FIFO.v(44)
HDL-1007 : analyze verilog file ../../RTL/Sdram_Control_4Port/Sdram_WR_FIFO.v
HDL-1007 : analyze verilog file ../../al_ip/sdram.v
HDL-1007 : analyze verilog file ../../RTL/Driver.v
HDL-1007 : analyze verilog file ../../RTL/RGBYCbCr.v
HDL-1007 : analyze verilog file ../../RTL/image_process.v
HDL-1007 : undeclared symbol 'finger_img', assumed default net type 'wire' in ../../RTL/image_process.v(226)
HDL-7007 CRITICAL-WARNING: 'finger_img' is already implicitly declared on line 226 in ../../RTL/image_process.v(243)
HDL-5007 WARNING: identifier 'post_img_cb' is used before its declaration in ../../RTL/image_process.v(51)
HDL-5007 WARNING: identifier 'post_img_cb' is used before its declaration in ../../RTL/image_process.v(55)
HDL-5007 WARNING: identifier 'post_frame_clken' is used before its declaration in ../../RTL/image_process.v(61)
HDL-5007 WARNING: identifier 'skin_img' is used before its declaration in ../../RTL/image_process.v(62)
HDL-5007 WARNING: identifier 'post_frame_clken' is used before its declaration in ../../RTL/image_process.v(65)
HDL-5007 WARNING: identifier 'skin_img' is used before its declaration in ../../RTL/image_process.v(66)
HDL-5007 WARNING: identifier 'post1_frame_clken' is used before its declaration in ../../RTL/image_process.v(72)
HDL-5007 WARNING: identifier 'post1_img_Y' is used before its declaration in ../../RTL/image_process.v(73)
HDL-5007 WARNING: identifier 'post1_frame_clken' is used before its declaration in ../../RTL/image_process.v(76)
HDL-5007 WARNING: identifier 'post1_img_Y' is used before its declaration in ../../RTL/image_process.v(77)
HDL-5007 Similar messages will be suppressed.
HDL-1007 : analyze verilog file ../../RTL/test_camera.v
HDL-1007 : analyze verilog file ../../RTL/Mode_Switch.v
HDL-1007 : analyze verilog file ../../RTL/image_select.v
HDL-1007 : analyze verilog file ../../RTL/Median_Gray.v
HDL-5007 WARNING: identifier 'mid_value' is used before its declaration in ../../RTL/Median_Gray.v(20)
HDL-1007 : analyze verilog file ../../RTL/three_martix.v
HDL-5007 WARNING: empty statement in sequential block in ../../RTL/three_martix.v(235)
HDL-5007 WARNING: empty statement in sequential block in ../../RTL/three_martix.v(234)
HDL-1007 : analyze verilog file ../../RTL/Median_Filter_3X3.v
HDL-1007 : analyze verilog file ../../RTL/Sort3.v
HDL-1007 : analyze verilog file ../../RTL/Sobel_Process.v
HDL-1007 : undeclared symbol 'csi_pclk', assumed default net type 'wire' in ../../RTL/Sobel_Process.v(48)
HDL-5007 WARNING: identifier 'sobel_value' is used before its declaration in ../../RTL/Sobel_Process.v(23)
HDL-1007 : analyze verilog file ../../RTL/Caculate_Sobel.v
HDL-5007 WARNING: identifier 'matrix_frame_vsync_r' is used before its declaration in ../../RTL/Caculate_Sobel.v(110)
HDL-5007 WARNING: identifier 'matrix_frame_href_r' is used before its declaration in ../../RTL/Caculate_Sobel.v(111)
HDL-5007 WARNING: identifier 'matrix_frame_clken_r' is used before its declaration in ../../RTL/Caculate_Sobel.v(112)
HDL-1007 : analyze verilog file ../../RTL/Erosion_Detector.v
HDL-1007 : analyze verilog file ../../RTL/Dilation_Detector.v
HDL-5007 WARNING: redeclaration of ANSI port 'post_img_Bit4' is not allowed in ../../RTL/Dilation_Detector.v(79)
HDL-1007 : undeclared symbol 'post_frame_href', assumed default net type 'wire' in ../../RTL/Dilation_Detector.v(109)
HDL-1007 : analyze verilog file ../../RTL/Gesture_detech.v
HDL-1007 : analyze verilog file ../../RTL/seg_4.v
HDL-1007 : undeclared symbol 'data0', assumed default net type 'wire' in ../../RTL/seg_4.v(64)
HDL-1007 : undeclared symbol 'data1', assumed default net type 'wire' in ../../RTL/seg_4.v(65)
HDL-1007 : undeclared symbol 'data2', assumed default net type 'wire' in ../../RTL/seg_4.v(66)
HDL-5007 WARNING: 'clk' is not declared in ../../RTL/Sdram_Control_4Port/Sdram_RD_FIFO.v(44)
RUN-1001 : Project manager successfully analyzed 30 source files.
RUN-1002 : start command "import_device eagle_s20.db -package EG4S20BG256"
ARC-1001 : Device Initialization.
ARC-1001 : ------------------------------------------------------------------
ARC-1001 :            OPTION            |          IO          |   SETTING   
ARC-1001 : ------------------------------------------------------------------
ARC-1001 :   cso_b/cclk/mosi/miso/dout  |  T3/R11/T10/P10/S11  |    gpio    
ARC-1001 :             done             |         P13          |    gpio    
ARC-1001 :           program_b          |          T2          |  dedicate  
ARC-1001 :        tdi/tms/tck/tdo       |   C12/A15/C14/E14    |  dedicate  
ARC-1001 : ------------------------------------------------------------------
ARC-1004 : Device setting, marked 5 dedicate IOs in total.
RUN-1002 : start command "import_db ../syn_1/ov2640_sdram_gate.db"
RUN-1001 : Importing database generated by Tang Dynasty, V5.6.59063.
RUN-1001 : Database version number 46140.
RUN-1001 : Import flow parameters
RUN-1001 : Import timing constraints
RUN-1001 : Import IO constraints
RUN-1001 : Import Inst constraints
RUN-1001 : Import design success TD_VERSION=5.6.59063 , DB_VERSION=46140
RUN-1002 : start command "read_sdc"
USR-1002 : read_sdc file_name -help -h -eco
RUN-1002 : start command "get_regs */primary_addr_gray_reg[*]"
RUN-1002 : start command "get_regs */sync_r1[*]"
RUN-1002 : start command "set_max_delay -from  -to  5 -datapath_only"
RUN-1002 : start command "get_regs */primary_addr_gray_reg[*]"
RUN-1002 : start command "get_regs */sync_r1[*]"
RUN-1002 : start command "set_false_path -from  -to  -hold 5"
USR-1002 : set_false_path -help -setup -hold -from <list> -rise_from <list> -fall_from <list> -to <list> -rise_to <list> -fall_to <list> -through <list>
RUN-1002 : start command "get_regs */primary_addr_gray_reg[*]"
RUN-1002 : start command "get_regs */sync_r1[*]"
RUN-1002 : start command "set_max_delay -from  -to  5 -datapath_only"
RUN-1002 : start command "get_regs */primary_addr_gray_reg[*]"
RUN-1002 : start command "get_regs */sync_r1[*]"
RUN-1002 : start command "set_max_delay -from  -to  5 -datapath_only"
RUN-1002 : start command "get_regs */primary_addr_gray_reg[*]"
RUN-1002 : start command "get_regs */sync_r1[*]"
RUN-1002 : start command "set_max_delay -from  -to  5 -datapath_only"
SYN-1001 : 	kept net: Sdram_Control_4Port/read_fifo1/dcfifo_component/rd_to_wr_cross_inst/primary_addr_gray_reg[9](Sdram_Control_4Port/read_fifo1/dcfifo_component/rd_to_wr_cross_inst/primary_addr_gray_reg[9]_syn_5)
SYN-1001 : 	kept net: Sdram_Control_4Port/read_fifo1/dcfifo_component/rd_to_wr_cross_inst/primary_addr_gray_reg[8](Sdram_Control_4Port/read_fifo1/dcfifo_component/rd_to_wr_cross_inst/primary_addr_gray_reg[8]_syn_5)
SYN-1001 : 	kept net: Sdram_Control_4Port/read_fifo1/dcfifo_component/rd_to_wr_cross_inst/primary_addr_gray_reg[7](Sdram_Control_4Port/read_fifo1/dcfifo_component/rd_to_wr_cross_inst/primary_addr_gray_reg[7]_syn_5)
SYN-1001 : 	kept net: Sdram_Control_4Port/read_fifo1/dcfifo_component/rd_to_wr_cross_inst/primary_addr_gray_reg[6](Sdram_Control_4Port/read_fifo1/dcfifo_component/rd_to_wr_cross_inst/primary_addr_gray_reg[6]_syn_5)
SYN-1001 : 	kept net: Sdram_Control_4Port/read_fifo1/dcfifo_component/rd_to_wr_cross_inst/primary_addr_gray_reg[5](Sdram_Control_4Port/read_fifo1/dcfifo_component/rd_to_wr_cross_inst/primary_addr_gray_reg[5]_syn_5)
SYN-1001 : 	kept net: Sdram_Control_4Port/read_fifo1/dcfifo_component/rd_to_wr_cross_inst/primary_addr_gray_reg[4](Sdram_Control_4Port/read_fifo1/dcfifo_component/rd_to_wr_cross_inst/primary_addr_gray_reg[4]_syn_5)
SYN-1001 : 	kept net: Sdram_Control_4Port/read_fifo1/dcfifo_component/rd_to_wr_cross_inst/primary_addr_gray_reg[3](Sdram_Control_4Port/read_fifo1/dcfifo_component/rd_to_wr_cross_inst/primary_addr_gray_reg[3]_syn_5)
SYN-1001 : 	kept net: Sdram_Control_4Port/read_fifo1/dcfifo_component/rd_to_wr_cross_inst/primary_addr_gray_reg[2](Sdram_Control_4Port/read_fifo1/dcfifo_component/rd_to_wr_cross_inst/primary_addr_gray_reg[2]_syn_5)
SYN-1001 : 	kept net: Sdram_Control_4Port/read_fifo1/dcfifo_component/rd_to_wr_cross_inst/primary_addr_gray_reg[1](Sdram_Control_4Port/read_fifo1/dcfifo_component/rd_to_wr_cross_inst/primary_addr_gray_reg[1]_syn_5)
SYN-1001 : 	kept net: Sdram_Control_4Port/read_fifo1/dcfifo_component/rd_to_wr_cross_inst/primary_addr_gray_reg[0](Sdram_Control_4Port/read_fifo1/dcfifo_component/rd_to_wr_cross_inst/primary_addr_gray_reg[0]_syn_5)
SYN-1001 : 	kept net: Sdram_Control_4Port/read_fifo1/dcfifo_component/rd_to_wr_cross_inst/sync_r1[9](Sdram_Control_4Port/read_fifo1/dcfifo_component/rd_to_wr_cross_inst/sync_r1[9]_syn_3)
SYN-1001 : 	kept net: Sdram_Control_4Port/read_fifo1/dcfifo_component/rd_to_wr_cross_inst/sync_r1[8](Sdram_Control_4Port/read_fifo1/dcfifo_component/rd_to_wr_cross_inst/sync_r1[8]_syn_3)
SYN-1001 : 	kept net: Sdram_Control_4Port/read_fifo1/dcfifo_component/rd_to_wr_cross_inst/sync_r1[7](Sdram_Control_4Port/read_fifo1/dcfifo_component/rd_to_wr_cross_inst/sync_r1[7]_syn_3)
SYN-1001 : 	kept net: Sdram_Control_4Port/read_fifo1/dcfifo_component/rd_to_wr_cross_inst/sync_r1[6](Sdram_Control_4Port/read_fifo1/dcfifo_component/rd_to_wr_cross_inst/sync_r1[6]_syn_3)
SYN-1001 : 	kept net: Sdram_Control_4Port/read_fifo1/dcfifo_component/rd_to_wr_cross_inst/sync_r1[5](Sdram_Control_4Port/read_fifo1/dcfifo_component/rd_to_wr_cross_inst/sync_r1[5]_syn_3)
SYN-1001 : 	kept net: Sdram_Control_4Port/read_fifo1/dcfifo_component/rd_to_wr_cross_inst/sync_r1[4](Sdram_Control_4Port/read_fifo1/dcfifo_component/rd_to_wr_cross_inst/sync_r1[4]_syn_3)
SYN-1001 : 	kept net: Sdram_Control_4Port/read_fifo1/dcfifo_component/rd_to_wr_cross_inst/sync_r1[3](Sdram_Control_4Port/read_fifo1/dcfifo_component/rd_to_wr_cross_inst/sync_r1[3]_syn_3)
SYN-1001 : 	kept net: Sdram_Control_4Port/read_fifo1/dcfifo_component/rd_to_wr_cross_inst/sync_r1[2](Sdram_Control_4Port/read_fifo1/dcfifo_component/rd_to_wr_cross_inst/sync_r1[2]_syn_3)
SYN-1001 : 	kept net: Sdram_Control_4Port/read_fifo1/dcfifo_component/rd_to_wr_cross_inst/sync_r1[1](Sdram_Control_4Port/read_fifo1/dcfifo_component/rd_to_wr_cross_inst/sync_r1[1]_syn_3)
SYN-1001 : 	kept net: Sdram_Control_4Port/read_fifo1/dcfifo_component/rd_to_wr_cross_inst/sync_r1[0](Sdram_Control_4Port/read_fifo1/dcfifo_component/rd_to_wr_cross_inst/sync_r1[0]_syn_3)
SYN-1001 : 	kept net: Sdram_Control_4Port/read_fifo1/dcfifo_component/wr_to_rd_cross_inst/primary_addr_gray_reg[9](Sdram_Control_4Port/read_fifo1/dcfifo_component/wr_to_rd_cross_inst/primary_addr_gray_reg[9]_syn_5)
SYN-1001 : 	kept net: Sdram_Control_4Port/read_fifo1/dcfifo_component/wr_to_rd_cross_inst/primary_addr_gray_reg[8](Sdram_Control_4Port/read_fifo1/dcfifo_component/wr_to_rd_cross_inst/primary_addr_gray_reg[8]_syn_5)
SYN-1001 : 	kept net: Sdram_Control_4Port/read_fifo1/dcfifo_component/wr_to_rd_cross_inst/primary_addr_gray_reg[7](Sdram_Control_4Port/read_fifo1/dcfifo_component/wr_to_rd_cross_inst/primary_addr_gray_reg[7]_syn_5)
SYN-1001 : 	kept net: Sdram_Control_4Port/read_fifo1/dcfifo_component/wr_to_rd_cross_inst/primary_addr_gray_reg[6](Sdram_Control_4Port/read_fifo1/dcfifo_component/wr_to_rd_cross_inst/primary_addr_gray_reg[6]_syn_5)
SYN-1001 : 	kept net: Sdram_Control_4Port/read_fifo1/dcfifo_component/wr_to_rd_cross_inst/primary_addr_gray_reg[5](Sdram_Control_4Port/read_fifo1/dcfifo_component/wr_to_rd_cross_inst/primary_addr_gray_reg[5]_syn_5)
SYN-1001 : 	kept net: Sdram_Control_4Port/read_fifo1/dcfifo_component/wr_to_rd_cross_inst/primary_addr_gray_reg[4](Sdram_Control_4Port/read_fifo1/dcfifo_component/wr_to_rd_cross_inst/primary_addr_gray_reg[4]_syn_5)
SYN-1001 : 	kept net: Sdram_Control_4Port/read_fifo1/dcfifo_component/wr_to_rd_cross_inst/primary_addr_gray_reg[3](Sdram_Control_4Port/read_fifo1/dcfifo_component/wr_to_rd_cross_inst/primary_addr_gray_reg[3]_syn_5)
SYN-1001 : 	kept net: Sdram_Control_4Port/read_fifo1/dcfifo_component/wr_to_rd_cross_inst/primary_addr_gray_reg[2](Sdram_Control_4Port/read_fifo1/dcfifo_component/wr_to_rd_cross_inst/primary_addr_gray_reg[2]_syn_5)
SYN-1001 : 	kept net: Sdram_Control_4Port/read_fifo1/dcfifo_component/wr_to_rd_cross_inst/primary_addr_gray_reg[1](Sdram_Control_4Port/read_fifo1/dcfifo_component/wr_to_rd_cross_inst/primary_addr_gray_reg[1]_syn_5)
SYN-1001 : 	kept net: Sdram_Control_4Port/read_fifo1/dcfifo_component/wr_to_rd_cross_inst/primary_addr_gray_reg[0](Sdram_Control_4Port/read_fifo1/dcfifo_component/wr_to_rd_cross_inst/primary_addr_gray_reg[0]_syn_5)
SYN-1001 : 	kept net: Sdram_Control_4Port/read_fifo1/dcfifo_component/wr_to_rd_cross_inst/sync_r1[9](Sdram_Control_4Port/read_fifo1/dcfifo_component/wr_to_rd_cross_inst/sync_r1[9]_syn_3)
SYN-1001 : 	kept net: Sdram_Control_4Port/read_fifo1/dcfifo_component/wr_to_rd_cross_inst/sync_r1[8](Sdram_Control_4Port/read_fifo1/dcfifo_component/wr_to_rd_cross_inst/sync_r1[8]_syn_3)
SYN-1001 : 	kept net: Sdram_Control_4Port/read_fifo1/dcfifo_component/wr_to_rd_cross_inst/sync_r1[7](Sdram_Control_4Port/read_fifo1/dcfifo_component/wr_to_rd_cross_inst/sync_r1[7]_syn_3)
SYN-1001 : 	kept net: Sdram_Control_4Port/read_fifo1/dcfifo_component/wr_to_rd_cross_inst/sync_r1[6](Sdram_Control_4Port/read_fifo1/dcfifo_component/wr_to_rd_cross_inst/sync_r1[6]_syn_3)
SYN-1001 : 	kept net: Sdram_Control_4Port/read_fifo1/dcfifo_component/wr_to_rd_cross_inst/sync_r1[5](Sdram_Control_4Port/read_fifo1/dcfifo_component/wr_to_rd_cross_inst/sync_r1[5]_syn_3)
SYN-1001 : 	kept net: Sdram_Control_4Port/read_fifo1/dcfifo_component/wr_to_rd_cross_inst/sync_r1[4](Sdram_Control_4Port/read_fifo1/dcfifo_component/wr_to_rd_cross_inst/sync_r1[4]_syn_3)
SYN-1001 : 	kept net: Sdram_Control_4Port/read_fifo1/dcfifo_component/wr_to_rd_cross_inst/sync_r1[3](Sdram_Control_4Port/read_fifo1/dcfifo_component/wr_to_rd_cross_inst/sync_r1[3]_syn_3)
SYN-1001 : 	kept net: Sdram_Control_4Port/read_fifo1/dcfifo_component/wr_to_rd_cross_inst/sync_r1[2](Sdram_Control_4Port/read_fifo1/dcfifo_component/wr_to_rd_cross_inst/sync_r1[2]_syn_3)
SYN-1001 : 	kept net: Sdram_Control_4Port/read_fifo1/dcfifo_component/wr_to_rd_cross_inst/sync_r1[1](Sdram_Control_4Port/read_fifo1/dcfifo_component/wr_to_rd_cross_inst/sync_r1[1]_syn_3)
SYN-1001 : 	kept net: Sdram_Control_4Port/read_fifo1/dcfifo_component/wr_to_rd_cross_inst/sync_r1[0](Sdram_Control_4Port/read_fifo1/dcfifo_component/wr_to_rd_cross_inst/sync_r1[0]_syn_3)
SYN-1001 : 	kept net: Sdram_Control_4Port/write_fifo1/dcfifo_component/rd_to_wr_cross_inst/primary_addr_gray_reg[9](Sdram_Control_4Port/write_fifo1/dcfifo_component/rd_to_wr_cross_inst/primary_addr_gray_reg[9]_syn_5)
SYN-1001 : 	kept net: Sdram_Control_4Port/write_fifo1/dcfifo_component/rd_to_wr_cross_inst/primary_addr_gray_reg[8](Sdram_Control_4Port/write_fifo1/dcfifo_component/rd_to_wr_cross_inst/primary_addr_gray_reg[8]_syn_5)
SYN-1001 : 	kept net: Sdram_Control_4Port/write_fifo1/dcfifo_component/rd_to_wr_cross_inst/primary_addr_gray_reg[7](Sdram_Control_4Port/write_fifo1/dcfifo_component/rd_to_wr_cross_inst/primary_addr_gray_reg[7]_syn_5)
SYN-1001 : 	kept net: Sdram_Control_4Port/write_fifo1/dcfifo_component/rd_to_wr_cross_inst/primary_addr_gray_reg[6](Sdram_Control_4Port/write_fifo1/dcfifo_component/rd_to_wr_cross_inst/primary_addr_gray_reg[6]_syn_5)
SYN-1001 : 	kept net: Sdram_Control_4Port/write_fifo1/dcfifo_component/rd_to_wr_cross_inst/primary_addr_gray_reg[5](Sdram_Control_4Port/write_fifo1/dcfifo_component/rd_to_wr_cross_inst/primary_addr_gray_reg[5]_syn_5)
SYN-1001 : 	kept net: Sdram_Control_4Port/write_fifo1/dcfifo_component/rd_to_wr_cross_inst/primary_addr_gray_reg[4](Sdram_Control_4Port/write_fifo1/dcfifo_component/rd_to_wr_cross_inst/primary_addr_gray_reg[4]_syn_5)
SYN-1001 : 	kept net: Sdram_Control_4Port/write_fifo1/dcfifo_component/rd_to_wr_cross_inst/primary_addr_gray_reg[3](Sdram_Control_4Port/write_fifo1/dcfifo_component/rd_to_wr_cross_inst/primary_addr_gray_reg[3]_syn_5)
SYN-1001 : 	kept net: Sdram_Control_4Port/write_fifo1/dcfifo_component/rd_to_wr_cross_inst/primary_addr_gray_reg[2](Sdram_Control_4Port/write_fifo1/dcfifo_component/rd_to_wr_cross_inst/primary_addr_gray_reg[2]_syn_5)
SYN-1001 : 	kept net: Sdram_Control_4Port/write_fifo1/dcfifo_component/rd_to_wr_cross_inst/primary_addr_gray_reg[1](Sdram_Control_4Port/write_fifo1/dcfifo_component/rd_to_wr_cross_inst/primary_addr_gray_reg[1]_syn_5)
SYN-1001 : 	kept net: Sdram_Control_4Port/write_fifo1/dcfifo_component/rd_to_wr_cross_inst/primary_addr_gray_reg[0](Sdram_Control_4Port/write_fifo1/dcfifo_component/rd_to_wr_cross_inst/primary_addr_gray_reg[0]_syn_5)
SYN-1001 : 	kept net: Sdram_Control_4Port/write_fifo1/dcfifo_component/rd_to_wr_cross_inst/sync_r1[9](Sdram_Control_4Port/write_fifo1/dcfifo_component/rd_to_wr_cross_inst/sync_r1[9]_syn_3)
SYN-1001 : 	kept net: Sdram_Control_4Port/write_fifo1/dcfifo_component/rd_to_wr_cross_inst/sync_r1[8](Sdram_Control_4Port/write_fifo1/dcfifo_component/rd_to_wr_cross_inst/sync_r1[8]_syn_3)
SYN-1001 : 	kept net: Sdram_Control_4Port/write_fifo1/dcfifo_component/rd_to_wr_cross_inst/sync_r1[7](Sdram_Control_4Port/write_fifo1/dcfifo_component/rd_to_wr_cross_inst/sync_r1[7]_syn_3)
SYN-1001 : 	kept net: Sdram_Control_4Port/write_fifo1/dcfifo_component/rd_to_wr_cross_inst/sync_r1[6](Sdram_Control_4Port/write_fifo1/dcfifo_component/rd_to_wr_cross_inst/sync_r1[6]_syn_3)
SYN-1001 : 	kept net: Sdram_Control_4Port/write_fifo1/dcfifo_component/rd_to_wr_cross_inst/sync_r1[5](Sdram_Control_4Port/write_fifo1/dcfifo_component/rd_to_wr_cross_inst/sync_r1[5]_syn_3)
SYN-1001 : 	kept net: Sdram_Control_4Port/write_fifo1/dcfifo_component/rd_to_wr_cross_inst/sync_r1[4](Sdram_Control_4Port/write_fifo1/dcfifo_component/rd_to_wr_cross_inst/sync_r1[4]_syn_3)
SYN-1001 : 	kept net: Sdram_Control_4Port/write_fifo1/dcfifo_component/rd_to_wr_cross_inst/sync_r1[3](Sdram_Control_4Port/write_fifo1/dcfifo_component/rd_to_wr_cross_inst/sync_r1[3]_syn_3)
SYN-1001 : 	kept net: Sdram_Control_4Port/write_fifo1/dcfifo_component/rd_to_wr_cross_inst/sync_r1[2](Sdram_Control_4Port/write_fifo1/dcfifo_component/rd_to_wr_cross_inst/sync_r1[2]_syn_3)
SYN-1001 : 	kept net: Sdram_Control_4Port/write_fifo1/dcfifo_component/rd_to_wr_cross_inst/sync_r1[1](Sdram_Control_4Port/write_fifo1/dcfifo_component/rd_to_wr_cross_inst/sync_r1[1]_syn_3)
SYN-1001 : 	kept net: Sdram_Control_4Port/write_fifo1/dcfifo_component/rd_to_wr_cross_inst/sync_r1[0](Sdram_Control_4Port/write_fifo1/dcfifo_component/rd_to_wr_cross_inst/sync_r1[0]_syn_3)
SYN-1001 : 	kept net: Sdram_Control_4Port/write_fifo1/dcfifo_component/wr_to_rd_cross_inst/primary_addr_gray_reg[9](Sdram_Control_4Port/write_fifo1/dcfifo_component/wr_to_rd_cross_inst/primary_addr_gray_reg[9]_syn_5)
SYN-1001 : 	kept net: Sdram_Control_4Port/write_fifo1/dcfifo_component/wr_to_rd_cross_inst/primary_addr_gray_reg[8](Sdram_Control_4Port/write_fifo1/dcfifo_component/wr_to_rd_cross_inst/primary_addr_gray_reg[8]_syn_5)
SYN-1001 : 	kept net: Sdram_Control_4Port/write_fifo1/dcfifo_component/wr_to_rd_cross_inst/primary_addr_gray_reg[7](Sdram_Control_4Port/write_fifo1/dcfifo_component/wr_to_rd_cross_inst/primary_addr_gray_reg[7]_syn_5)
SYN-1001 : 	kept net: Sdram_Control_4Port/write_fifo1/dcfifo_component/wr_to_rd_cross_inst/primary_addr_gray_reg[6](Sdram_Control_4Port/write_fifo1/dcfifo_component/wr_to_rd_cross_inst/primary_addr_gray_reg[6]_syn_5)
SYN-1001 : 	kept net: Sdram_Control_4Port/write_fifo1/dcfifo_component/wr_to_rd_cross_inst/primary_addr_gray_reg[5](Sdram_Control_4Port/write_fifo1/dcfifo_component/wr_to_rd_cross_inst/primary_addr_gray_reg[5]_syn_5)
SYN-1001 : 	kept net: Sdram_Control_4Port/write_fifo1/dcfifo_component/wr_to_rd_cross_inst/primary_addr_gray_reg[4](Sdram_Control_4Port/write_fifo1/dcfifo_component/wr_to_rd_cross_inst/primary_addr_gray_reg[4]_syn_5)
SYN-1001 : 	kept net: Sdram_Control_4Port/write_fifo1/dcfifo_component/wr_to_rd_cross_inst/primary_addr_gray_reg[3](Sdram_Control_4Port/write_fifo1/dcfifo_component/wr_to_rd_cross_inst/primary_addr_gray_reg[3]_syn_5)
SYN-1001 : 	kept net: Sdram_Control_4Port/write_fifo1/dcfifo_component/wr_to_rd_cross_inst/primary_addr_gray_reg[2](Sdram_Control_4Port/write_fifo1/dcfifo_component/wr_to_rd_cross_inst/primary_addr_gray_reg[2]_syn_5)
SYN-1001 : 	kept net: Sdram_Control_4Port/write_fifo1/dcfifo_component/wr_to_rd_cross_inst/primary_addr_gray_reg[1](Sdram_Control_4Port/write_fifo1/dcfifo_component/wr_to_rd_cross_inst/primary_addr_gray_reg[1]_syn_5)
SYN-1001 : 	kept net: Sdram_Control_4Port/write_fifo1/dcfifo_component/wr_to_rd_cross_inst/primary_addr_gray_reg[0](Sdram_Control_4Port/write_fifo1/dcfifo_component/wr_to_rd_cross_inst/primary_addr_gray_reg[0]_syn_5)
SYN-1001 : 	kept net: Sdram_Control_4Port/write_fifo1/dcfifo_component/wr_to_rd_cross_inst/sync_r1[9](Sdram_Control_4Port/write_fifo1/dcfifo_component/wr_to_rd_cross_inst/sync_r1[9]_syn_3)
SYN-1001 : 	kept net: Sdram_Control_4Port/write_fifo1/dcfifo_component/wr_to_rd_cross_inst/sync_r1[8](Sdram_Control_4Port/write_fifo1/dcfifo_component/wr_to_rd_cross_inst/sync_r1[8]_syn_3)
SYN-1001 : 	kept net: Sdram_Control_4Port/write_fifo1/dcfifo_component/wr_to_rd_cross_inst/sync_r1[7](Sdram_Control_4Port/write_fifo1/dcfifo_component/wr_to_rd_cross_inst/sync_r1[7]_syn_3)
SYN-1001 : 	kept net: Sdram_Control_4Port/write_fifo1/dcfifo_component/wr_to_rd_cross_inst/sync_r1[6](Sdram_Control_4Port/write_fifo1/dcfifo_component/wr_to_rd_cross_inst/sync_r1[6]_syn_3)
SYN-1001 : 	kept net: Sdram_Control_4Port/write_fifo1/dcfifo_component/wr_to_rd_cross_inst/sync_r1[5](Sdram_Control_4Port/write_fifo1/dcfifo_component/wr_to_rd_cross_inst/sync_r1[5]_syn_3)
SYN-1001 : 	kept net: Sdram_Control_4Port/write_fifo1/dcfifo_component/wr_to_rd_cross_inst/sync_r1[4](Sdram_Control_4Port/write_fifo1/dcfifo_component/wr_to_rd_cross_inst/sync_r1[4]_syn_3)
SYN-1001 : 	kept net: Sdram_Control_4Port/write_fifo1/dcfifo_component/wr_to_rd_cross_inst/sync_r1[3](Sdram_Control_4Port/write_fifo1/dcfifo_component/wr_to_rd_cross_inst/sync_r1[3]_syn_3)
SYN-1001 : 	kept net: Sdram_Control_4Port/write_fifo1/dcfifo_component/wr_to_rd_cross_inst/sync_r1[2](Sdram_Control_4Port/write_fifo1/dcfifo_component/wr_to_rd_cross_inst/sync_r1[2]_syn_3)
SYN-1001 : 	kept net: Sdram_Control_4Port/write_fifo1/dcfifo_component/wr_to_rd_cross_inst/sync_r1[1](Sdram_Control_4Port/write_fifo1/dcfifo_component/wr_to_rd_cross_inst/sync_r1[1]_syn_3)
SYN-1001 : 	kept net: Sdram_Control_4Port/write_fifo1/dcfifo_component/wr_to_rd_cross_inst/sync_r1[0](Sdram_Control_4Port/write_fifo1/dcfifo_component/wr_to_rd_cross_inst/sync_r1[0]_syn_3)
RUN-1104 : Import SDC file  finished, there are 80 nets kept by constraints.
RUN-1002 : start command "place"
RUN-1001 : Open license file C:/Anlogic/TD5.6.59063/license/Anlogic.lic
RUN-1001 : Print Global Property
RUN-1001 : ---------------------------------------------------------------
RUN-1001 :        Parameters        |  Settings  |  Default Values  |  Note  
RUN-1001 : ---------------------------------------------------------------
RUN-1001 :          message         |  standard  |     standard     |        
RUN-1001 :   mixed_pack_place_flow  |     on     |        on        |        
RUN-1001 :        qor_monitor       |    off     |       off        |        
RUN-1001 :        syn_ip_flow       |    off     |       off        |        
RUN-1001 :          thread          |    auto    |       auto       |        
RUN-1001 : ---------------------------------------------------------------
RUN-1001 : Print Place Property
RUN-1001 : --------------------------------------------------------------
RUN-1001 :        Parameters       |  Settings  |  Default Values  |  Note  
RUN-1001 : --------------------------------------------------------------
RUN-1001 :      detailed_place     |     on     |        on        |        
RUN-1001 :          effort         |   medium   |      medium      |        
RUN-1001 :         fix_hold        |    off     |       off        |        
RUN-1001 :       legalization      |    ori     |       ori        |        
RUN-1001 :      new_spreading      |     on     |        on        |        
RUN-1001 :        opt_timing       |   medium   |      medium      |        
RUN-1001 :   post_clock_route_opt  |    off     |       off        |        
RUN-1001 :       pr_strategy       |     1      |        1         |        
RUN-1001 :        relaxation       |    1.00    |       1.00       |        
RUN-1001 :         retiming        |    off     |       off        |        
RUN-1001 : --------------------------------------------------------------
PHY-3001 : Placer runs in 16 thread(s).
RUN-1002 : start command "legalize_phy_inst"
SYN-1011 : Flatten model test_camera
SYN-5055 WARNING: The kept net u_pll/clk3_out will be merged to another kept net clk_cam
SYN-5055 WARNING: The kept net u_camera_reader/clk will be merged to another kept net clk_cam
SYN-5055 WARNING: The kept net u_seg_4/data[19] will be merged to another kept net figuredata[19]
SYN-5055 WARNING: The kept net u_seg_4/data[18] will be merged to another kept net figuredata[18]
SYN-5055 WARNING: The kept net u_seg_4/data[17] will be merged to another kept net figuredata[17]
SYN-5055 WARNING: The kept net u_seg_4/data[16] will be merged to another kept net figuredata[16]
SYN-5055 WARNING: The kept net u_seg_4/data[15] will be merged to another kept net figuredata[15]
SYN-5055 WARNING: The kept net u_seg_4/data[14] will be merged to another kept net figuredata[14]
SYN-5055 WARNING: The kept net u_seg_4/data[13] will be merged to another kept net figuredata[13]
SYN-5055 WARNING: The kept net u_seg_4/data[12] will be merged to another kept net figuredata[12]
SYN-5055 Similar messages will be suppressed.
RUN-1002 : start command "phys_opt -simplify_lut"
SYN-4016 : Net Sdram_Control_4Port/CTRL_CLK driven by BUFG (294 clock/control pins, 1 other pins).
SYN-4027 : Net Sdram_Control_4Port/SDRAM_CLK is clkc1 of pll u_pll/pll_inst.
SYN-4027 : Net vga_clk_dup_1 is clkc2 of pll u_pll/pll_inst.
SYN-4027 : Net clk_cam is clkc3 of pll u_pll/pll_inst.
SYN-4027 : Net u_camera_init/u_i2c_write/clk is clkc4 of pll u_pll/pll_inst.
SYN-4019 : Net clk_24m_dup_1 is refclk of pll u_pll/pll_inst.
SYN-4020 : Net clk_24m_dup_1 is fbclk of pll u_pll/pll_inst.
SYN-4024 : Net "u_image_process/u_Median_Gray_3/u_three_martix/csi_pclk" drives clk pins.
SYN-4024 : Net "u_camera_init/divider2[8]" drives clk pins.
SYN-4024 : Net "u_camera_init/divider2[7]" drives clk pins.
SYN-4024 : Net "u_image_select/mode[3]_syn_26" drives clk pins.
SYN-4024 : Net "u_image_process/wrreq" drives clk pins.
SYN-4025 : Tag rtl::Net Sdram_Control_4Port/CTRL_CLK as clock net
SYN-4025 : Tag rtl::Net Sdram_Control_4Port/SDRAM_CLK as clock net
SYN-4025 : Tag rtl::Net clk_24m_dup_1 as clock net
SYN-4025 : Tag rtl::Net clk_cam as clock net
SYN-4025 : Tag rtl::Net u_camera_init/divider2[7] as clock net
SYN-4025 : Tag rtl::Net u_camera_init/divider2[8] as clock net
SYN-4025 : Tag rtl::Net u_camera_init/u_i2c_write/clk as clock net
SYN-4025 : Tag rtl::Net u_image_process/u_Median_Gray_3/u_three_martix/csi_pclk as clock net
SYN-4025 : Tag rtl::Net u_image_process/wrreq as clock net
SYN-4025 : Tag rtl::Net u_image_select/mode[3]_syn_26 as clock net
SYN-4025 : Tag rtl::Net vga_clk_dup_1 as clock net
SYN-4026 : Tagged 11 rtl::Net as clock net
SYN-4015 : Create BUFG instance for clk Net u_camera_init/divider2[8] to drive 32 clock pins.
SYN-4015 : Create BUFG instance for clk Net u_camera_init/divider2[7] to drive 18 clock pins.
SYN-4015 : Create BUFG instance for clk Net u_image_select/mode[3]_syn_26 to drive 17 clock pins.
SYN-4015 : Create BUFG instance for clk Net u_image_process/wrreq to drive 16 clock pins.
PHY-1001 : Populate physical database on model test_camera.
RUN-1001 : There are total 5680 instances
RUN-0007 : 2288 luts, 1985 seqs, 792 mslices, 443 lslices, 144 pads, 14 brams, 5 dsps
RUN-1001 : There are total 6818 nets
RUN-6004 WARNING: There are 2 nets with only 1 pin.
RUN-1001 : 4614 nets have 2 pins
RUN-1001 : 1422 nets have [3 - 5] pins
RUN-1001 : 617 nets have [6 - 10] pins
RUN-1001 : 89 nets have [11 - 20] pins
RUN-1001 : 67 nets have [21 - 99] pins
RUN-1001 : 7 nets have 100+ pins
RUN-1001 : Report Control nets information:
RUN-1001 : DFF Distribution
RUN-1001 : ----------------------------------
RUN-1001 :   CE   |  SSR  |  ASR  |  DFF Count  
RUN-1001 : ----------------------------------
RUN-1001 :   No   |  No   |  No   |     85      
RUN-1001 :   No   |  No   |  Yes  |    1289     
RUN-1001 :   No   |  Yes  |  No   |     34      
RUN-1001 :   Yes  |  No   |  No   |     66      
RUN-1001 :   Yes  |  No   |  Yes  |     487     
RUN-1001 :   Yes  |  Yes  |  No   |     24      
RUN-1001 : ----------------------------------
RUN-0007 : Control Group Statistic
RUN-0007 : ---------------------------
RUN-0007 :   #CLK  |  #CE  |  #SSR/ASR  
RUN-0007 : ---------------------------
RUN-0007 :    58   |  34   |    100     
RUN-0007 : ---------------------------
RUN-0007 : Control Set = 193
PHY-3001 : Initial placement ...
PHY-3001 : design contains 5678 instances, 2288 luts, 1985 seqs, 1235 slices, 239 macros(1234 instances: 791 mslices 443 lslices)
PHY-3001 : Huge net cam_rst_dup_27 with 1601 pins
PHY-0007 : Cell area utilization is 24%
PHY-3001 : Start timing update ...
RUN-1002 : start command "start_timer -report"
TMR-2505 : Start building timing graph for model test_camera.
TMR-2506 : Build timing graph completely. Port num: 21, tpin num: 26760, tnet num: 6816, tinst num: 5678, tnode num: 33237, tedge num: 44344.
TMR-2508 : Levelizing timing graph completed, there are 291 levels in total.
TMR-2501 : Timing graph initialized successfully.
RUN-1003 : finish command "start_timer -report" in  1.122668s wall, 1.109375s user + 0.000000s system = 1.109375s CPU (98.8%)

RUN-1004 : used memory is 259 MB, reserved memory is 238 MB, peak memory is 259 MB
TMR-2503 : Start to update net delay, extr mode = 2.
TMR-2504 : Update delay of 6816 nets completely.
TMR-2502 : Annotate delay completely, extr mode = 2.
TMR-3001 : Initiate 0 clocks from SDC.
TMR-3004 : Map sdc constraints, there are 2 constraints in total.
TMR-3003 : Constraints initiated successfully.
TMR-3501 : Forward propagation: start to calculate arrival time...
TMR-3502 : Backward propagation: start to calculate required time...
TMR-3503 : Timing propagation completes.
PHY-3001 : End timing update;  1.311577s wall, 1.296875s user + 0.000000s system = 1.296875s CPU (98.9%)

PHY-3001 : Global placement ...
PHY-3001 : Initial: Len = 1.61839e+06
PHY-3001 : Clustering ...
PHY-3001 : Level 0 #clusters 5678.
PHY-3001 : End clustering;  0.000025s wall, 0.000000s user + 0.000000s system = 0.000000s CPU (n/a%)

PHY-3001 : Run with size of 4
PHY-3001 : Cell area utilization is 24%
PHY-3001 : :::0::: Try harder cell spreading with beta_ = 0
PHY-3002 : Step(1): len = 1.09783e+06, overlap = 42.75
PHY-3002 : Step(2): len = 944566, overlap = 45.75
PHY-3002 : Step(3): len = 546364, overlap = 55.375
PHY-3002 : Step(4): len = 507080, overlap = 49.7812
PHY-3002 : Step(5): len = 391553, overlap = 56.9062
PHY-3002 : Step(6): len = 360230, overlap = 69.6562
PHY-3002 : Step(7): len = 317428, overlap = 83.1875
PHY-3002 : Step(8): len = 293716, overlap = 113.219
PHY-3002 : Step(9): len = 254188, overlap = 124.594
PHY-3002 : Step(10): len = 234214, overlap = 137
PHY-3002 : Step(11): len = 225316, overlap = 151.375
PHY-3002 : Step(12): len = 205526, overlap = 173.906
PHY-3002 : Step(13): len = 190096, overlap = 175.5
PHY-3002 : Step(14): len = 180098, overlap = 185.531
PHY-3002 : Step(15): len = 166641, overlap = 188.656
PHY-3002 : Step(16): len = 160420, overlap = 209.594
PHY-3002 : Step(17): len = 151843, overlap = 227.812
PHY-3001 : :::1::: Try harder cell spreading with beta_ = 1.85311e-05
PHY-3002 : Step(18): len = 166159, overlap = 161.062
PHY-3002 : Step(19): len = 169911, overlap = 155.094
PHY-3002 : Step(20): len = 158877, overlap = 149.938
PHY-3002 : Step(21): len = 158360, overlap = 152.219
PHY-3002 : Step(22): len = 159286, overlap = 153.125
PHY-3002 : Step(23): len = 160875, overlap = 139.188
PHY-3002 : Step(24): len = 159078, overlap = 131.75
PHY-3002 : Step(25): len = 158332, overlap = 116.938
PHY-3002 : Step(26): len = 156152, overlap = 100.156
PHY-3002 : Step(27): len = 152179, overlap = 84.4375
PHY-3002 : Step(28): len = 150270, overlap = 90.8125
PHY-3002 : Step(29): len = 147003, overlap = 89.875
PHY-3002 : Step(30): len = 145041, overlap = 103.906
PHY-3002 : Step(31): len = 140978, overlap = 97.5938
PHY-3002 : Step(32): len = 139546, overlap = 98.3438
PHY-3002 : Step(33): len = 138313, overlap = 98.8125
PHY-3002 : Step(34): len = 133642, overlap = 101.812
PHY-3002 : Step(35): len = 132512, overlap = 101.281
PHY-3002 : Step(36): len = 129566, overlap = 112.906
PHY-3002 : Step(37): len = 127517, overlap = 115.25
PHY-3002 : Step(38): len = 126332, overlap = 118.312
PHY-3002 : Step(39): len = 124102, overlap = 120.062
PHY-3002 : Step(40): len = 123933, overlap = 122.062
PHY-3002 : Step(41): len = 121967, overlap = 127.562
PHY-3002 : Step(42): len = 121634, overlap = 128.438
PHY-3002 : Step(43): len = 120775, overlap = 129.156
PHY-3001 : :::2::: Try harder cell spreading with beta_ = 3.70622e-05
PHY-3002 : Step(44): len = 120335, overlap = 128.625
PHY-3002 : Step(45): len = 120483, overlap = 128.75
PHY-3002 : Step(46): len = 120534, overlap = 131.094
PHY-3001 : :::3::: Try harder cell spreading with beta_ = 7.41244e-05
PHY-3002 : Step(47): len = 121551, overlap = 128.344
PHY-3002 : Step(48): len = 121645, overlap = 128.344
PHY-3002 : Step(49): len = 121800, overlap = 127.906
PHY-3001 : :::4::: Try harder cell spreading with beta_ = 0.000148249
PHY-3002 : Step(50): len = 122727, overlap = 125.469
PHY-3002 : Step(51): len = 122858, overlap = 121.375
PHY-3002 : Step(52): len = 125607, overlap = 108.656
PHY-3002 : Step(53): len = 127245, overlap = 99.625
PHY-3002 : Step(54): len = 126808, overlap = 99.8125
PHY-3002 : Step(55): len = 126642, overlap = 101.906
PHY-3002 : Step(56): len = 125642, overlap = 100.781
PHY-3001 : :::5::: Try harder cell spreading with beta_ = 0.000296498
PHY-3002 : Step(57): len = 125882, overlap = 104.625
PHY-3002 : Step(58): len = 125902, overlap = 104.75
PHY-3002 : Step(59): len = 126127, overlap = 101.906
PHY-3001 : Legalization ...
PHY-3001 : End legalization;  0.022970s wall, 0.031250s user + 0.046875s system = 0.078125s CPU (340.1%)

PHY-3001 : Run with size of 4
PHY-3001 : Cell area utilization is 29%
PHY-3001 : Update timing in Manhattan mode ...
TMR-2503 : Start to update net delay, extr mode = 3.
TMR-2504 : Update delay of 6816 nets completely.
TMR-2502 : Annotate delay completely, extr mode = 3.
TMR-3501 : Forward propagation: start to calculate arrival time...
TMR-3502 : Backward propagation: start to calculate required time...
TMR-3503 : Timing propagation completes.
PHY-3001 : End timing update;  0.130965s wall, 0.125000s user + 0.000000s system = 0.125000s CPU (95.4%)

PHY-3001 : :::0::: Try harder cell spreading with beta_ = 4.05712e-06
PHY-3002 : Step(60): len = 135881, overlap = 189.344
PHY-3002 : Step(61): len = 135904, overlap = 193.781
PHY-3002 : Step(62): len = 130040, overlap = 185.906
PHY-3002 : Step(63): len = 130618, overlap = 183.031
PHY-3002 : Step(64): len = 126912, overlap = 186.219
PHY-3002 : Step(65): len = 126734, overlap = 186.812
PHY-3002 : Step(66): len = 124735, overlap = 187.562
PHY-3002 : Step(67): len = 124638, overlap = 187.469
PHY-3002 : Step(68): len = 123495, overlap = 188.125
PHY-3002 : Step(69): len = 124018, overlap = 183.281
PHY-3002 : Step(70): len = 121018, overlap = 189.812
PHY-3002 : Step(71): len = 120855, overlap = 190.188
PHY-3002 : Step(72): len = 120484, overlap = 191
PHY-3001 : :::1::: Try harder cell spreading with beta_ = 8.11424e-06
PHY-3002 : Step(73): len = 120492, overlap = 188.312
PHY-3002 : Step(74): len = 120543, overlap = 188.688
PHY-3002 : Step(75): len = 121039, overlap = 185.531
PHY-3001 : :::2::: Try harder cell spreading with beta_ = 1.62285e-05
PHY-3002 : Step(76): len = 123753, overlap = 175.25
PHY-3002 : Step(77): len = 124080, overlap = 175.938
PHY-3002 : Step(78): len = 129318, overlap = 167.812
PHY-3002 : Step(79): len = 128957, overlap = 168.188
PHY-3002 : Step(80): len = 128955, overlap = 168.594
PHY-3002 : Step(81): len = 129162, overlap = 155.844
PHY-3002 : Step(82): len = 130378, overlap = 157.281
PHY-3002 : Step(83): len = 127623, overlap = 157.219
PHY-3002 : Step(84): len = 127472, overlap = 154.844
PHY-3002 : Step(85): len = 126511, overlap = 171.156
PHY-3002 : Step(86): len = 127210, overlap = 173.344
PHY-3002 : Step(87): len = 124981, overlap = 174.875
PHY-3002 : Step(88): len = 124864, overlap = 173.969
PHY-3002 : Step(89): len = 122334, overlap = 169.25
PHY-3002 : Step(90): len = 122334, overlap = 169.25
PHY-3002 : Step(91): len = 121788, overlap = 168.531
PHY-3001 : :::3::: Try harder cell spreading with beta_ = 3.2457e-05
PHY-3002 : Step(92): len = 122952, overlap = 171.312
PHY-3002 : Step(93): len = 122952, overlap = 171.312
PHY-3002 : Step(94): len = 122796, overlap = 168.781
PHY-3001 : :::4::: Try harder cell spreading with beta_ = 6.49139e-05
PHY-3002 : Step(95): len = 124997, overlap = 162.906
PHY-3002 : Step(96): len = 125253, overlap = 158.406
PHY-3002 : Step(97): len = 126370, overlap = 156.719
PHY-3001 : :::5::: Try harder cell spreading with beta_ = 0.000129828
PHY-3002 : Step(98): len = 126964, overlap = 153.469
PHY-3002 : Step(99): len = 126964, overlap = 153.469
PHY-3002 : Step(100): len = 127315, overlap = 153.469
PHY-3001 : :::6::: Try harder cell spreading with beta_ = 0.000259656
PHY-3002 : Step(101): len = 130238, overlap = 128.781
PHY-3002 : Step(102): len = 130898, overlap = 128.438
PHY-3002 : Step(103): len = 131799, overlap = 134.5
PHY-3002 : Step(104): len = 131801, overlap = 131.531
PHY-3002 : Step(105): len = 131445, overlap = 136.781
PHY-3001 : :::7::: Try harder cell spreading with beta_ = 0.000519312
PHY-3002 : Step(106): len = 131313, overlap = 133.031
PHY-3002 : Step(107): len = 130731, overlap = 137.406
PHY-3001 : :::8::: Try harder cell spreading with beta_ = 0.00103862
PHY-3002 : Step(108): len = 130224, overlap = 133
PHY-3002 : Step(109): len = 130025, overlap = 133.25
PHY-3001 : :::9::: Try harder cell spreading with beta_ = 0.00207725
PHY-3002 : Step(110): len = 130165, overlap = 134.094
PHY-3002 : Step(111): len = 130188, overlap = 131.969
PHY-3001 : Run with size of 2
PHY-3001 : Cell area utilization is 29%
PHY-3001 : Update timing in Manhattan mode ...
TMR-2503 : Start to update net delay, extr mode = 3.
TMR-2504 : Update delay of 6816 nets completely.
TMR-2502 : Annotate delay completely, extr mode = 3.
TMR-3501 : Forward propagation: start to calculate arrival time...
TMR-3502 : Backward propagation: start to calculate required time...
TMR-3503 : Timing propagation completes.
PHY-3001 : End timing update;  0.127433s wall, 0.125000s user + 0.000000s system = 0.125000s CPU (98.1%)

PHY-3001 : :::0::: Try harder cell spreading with beta_ = 1.48229e-05
PHY-3002 : Step(112): len = 134143, overlap = 328.062
PHY-3002 : Step(113): len = 134968, overlap = 324.469
PHY-3002 : Step(114): len = 132157, overlap = 312.469
PHY-3002 : Step(115): len = 132367, overlap = 306.5
PHY-3002 : Step(116): len = 131753, overlap = 290.312
PHY-3002 : Step(117): len = 131980, overlap = 286.719
PHY-3002 : Step(118): len = 132508, overlap = 284.969
PHY-3001 : :::1::: Try harder cell spreading with beta_ = 2.96458e-05
PHY-3002 : Step(119): len = 132834, overlap = 279.688
PHY-3002 : Step(120): len = 132954, overlap = 279.656
PHY-3002 : Step(121): len = 135649, overlap = 271.719
PHY-3002 : Step(122): len = 138516, overlap = 254.906
PHY-3002 : Step(123): len = 134604, overlap = 267.219
PHY-3001 : :::2::: Try harder cell spreading with beta_ = 5.92916e-05
PHY-3002 : Step(124): len = 139853, overlap = 244.062
PHY-3002 : Step(125): len = 141114, overlap = 235.188
PHY-3002 : Step(126): len = 146286, overlap = 189.688
PHY-3002 : Step(127): len = 141767, overlap = 206.781
PHY-3002 : Step(128): len = 140939, overlap = 210.656
PHY-3002 : Step(129): len = 140582, overlap = 207.031
PHY-3001 : :::3::: Try harder cell spreading with beta_ = 0.000118583
PHY-3002 : Step(130): len = 146067, overlap = 175.969
PHY-3002 : Step(131): len = 147941, overlap = 169.438
PHY-3002 : Step(132): len = 151383, overlap = 148.25
PHY-3002 : Step(133): len = 151168, overlap = 142.031
PHY-3002 : Step(134): len = 150721, overlap = 140.312
OPT-1001 : Start physical optimization ...
RUN-1002 : start command "start_timer -report"
TMR-2505 : Start building timing graph for model test_camera.
TMR-2506 : Build timing graph completely. Port num: 21, tpin num: 26760, tnet num: 6816, tinst num: 5678, tnode num: 33237, tedge num: 44344.
TMR-2508 : Levelizing timing graph completed, there are 291 levels in total.
TMR-2501 : Timing graph initialized successfully.
RUN-1003 : finish command "start_timer -report" in  1.293135s wall, 1.281250s user + 0.015625s system = 1.296875s CPU (100.3%)

RUN-1004 : used memory is 254 MB, reserved memory is 233 MB, peak memory is 267 MB
OPT-1001 : Total overflow 371.62 peak overflow 3.81
OPT-1001 : Start high-fanout net optimization ...
OPT-1001 : Update timing in global mode
PHY-1001 : Start incremental global routing, caller is place ...
RUN-1001 : Generating global routing grids ...
RUN-1001 : Building simple global routing graph ...
PHY-1001 : Generate routing nets ...
PHY-1001 : Reuse net number 0/6818.
PHY-1001 : Global iterations in 16 thread ...
PHY-1002 : len = 176440, over cnt = 806(2%), over = 3436, worst = 35
PHY-1001 : End global iterations;  0.376808s wall, 0.500000s user + 0.078125s system = 0.578125s CPU (153.4%)

PHY-1001 : Congestion index: top1 = 51.62, top5 = 37.36, top10 = 30.54, top15 = 26.19.
PHY-1001 : End incremental global routing;  0.478490s wall, 0.578125s user + 0.093750s system = 0.671875s CPU (140.4%)

TMR-2503 : Start to update net delay, extr mode = 5.
TMR-2504 : Update delay of 6816 nets completely.
TMR-2502 : Annotate delay completely, extr mode = 5.
TMR-3001 : Initiate 0 clocks from SDC.
TMR-3004 : Map sdc constraints, there are 2 constraints in total.
TMR-3003 : Constraints initiated successfully.
TMR-3501 : Forward propagation: start to calculate arrival time...
TMR-3502 : Backward propagation: start to calculate required time...
TMR-3503 : Timing propagation completes.
OPT-1001 : End timing update;  0.162638s wall, 0.171875s user + 0.000000s system = 0.171875s CPU (105.7%)

OPT-1001 : 0 high-fanout net processed.
OPT-1001 : End high-fanout net optimization;  0.753461s wall, 0.859375s user + 0.093750s system = 0.953125s CPU (126.5%)

OPT-1001 : Current memory(MB): used = 293, reserve = 272, peak = 293.
OPT-1001 : Start global optimization ...
OPT-1001 : Start congestion update ...
RUN-1001 : Generating global routing grids ...
PHY-1001 : Generate routing nets ...
PHY-1001 : Reuse net number 4929/6818.
PHY-1001 : Global iterations in 16 thread ...
PHY-1002 : len = 176440, over cnt = 806(2%), over = 3436, worst = 35
PHY-1002 : len = 194536, over cnt = 636(1%), over = 1900, worst = 24
PHY-1002 : len = 210760, over cnt = 242(0%), over = 473, worst = 15
PHY-1002 : len = 214936, over cnt = 94(0%), over = 158, worst = 8
PHY-1002 : len = 217664, over cnt = 0(0%), over = 0, worst = 0
PHY-1001 : End global iterations;  0.422041s wall, 0.625000s user + 0.000000s system = 0.625000s CPU (148.1%)

PHY-1001 : Congestion index: top1 = 42.05, top5 = 33.81, top10 = 29.38, top15 = 26.36.
OPT-1001 : End congestion update;  0.515258s wall, 0.718750s user + 0.000000s system = 0.718750s CPU (139.5%)

OPT-1001 : Update timing in Manhattan mode
TMR-2503 : Start to update net delay, extr mode = 3.
TMR-2504 : Update delay of 6816 nets completely.
TMR-2502 : Annotate delay completely, extr mode = 3.
TMR-3501 : Forward propagation: start to calculate arrival time...
TMR-3502 : Backward propagation: start to calculate required time...
TMR-3503 : Timing propagation completes.
OPT-1001 : End timing update;  0.130841s wall, 0.109375s user + 0.000000s system = 0.109375s CPU (83.6%)

OPT-0007 : Start: WNS 4470 TNS 0 NUM_FEPS 0
OPT-1001 : End global optimization;  0.646243s wall, 0.828125s user + 0.000000s system = 0.828125s CPU (128.1%)

OPT-1001 : Current memory(MB): used = 297, reserve = 277, peak = 297.
OPT-1001 : End physical optimization;  2.747579s wall, 3.046875s user + 0.109375s system = 3.156250s CPU (114.9%)

PHY-3001 : Start packing ...
SYN-4007 : Packing 0 MUX to BLE ...
SYN-4008 : Packed 0 MUX and 0 SEQ to BLE.
SYN-4007 : Packing 2288 LUT to BLE ...
SYN-4008 : Packed 2288 LUT and 1022 SEQ to BLE.
SYN-4003 : Packing 963 remaining SEQ's ...
SYN-4005 : Packed 591 SEQ with LUT/SLICE
SYN-4006 : 857 single LUT's are left
SYN-4006 : 372 single SEQ's are left
SYN-4011 : Packing model "test_camera" (AL_USER_NORMAL) with 2660/5085 primitive instances ...
PHY-3001 : End packing;  0.270586s wall, 0.281250s user + 0.000000s system = 0.281250s CPU (103.9%)

PHY-1001 : Populate physical database on model test_camera.
RUN-1001 : There are total 2882 instances
RUN-1001 : 1355 mslices, 1355 lslices, 144 pads, 14 brams, 5 dsps
RUN-1001 : There are total 5860 nets
RUN-6004 WARNING: There are 2 nets with only 1 pin.
RUN-1001 : 3641 nets have 2 pins
RUN-1001 : 1418 nets have [3 - 5] pins
RUN-1001 : 642 nets have [6 - 10] pins
RUN-1001 : 85 nets have [11 - 20] pins
RUN-1001 : 65 nets have [21 - 99] pins
RUN-1001 : 7 nets have 100+ pins
PHY-3001 : design contains 2880 instances, 2710 slices, 239 macros(1234 instances: 791 mslices 443 lslices)
PHY-3001 : Cell area utilization is 33%
PHY-3001 : After packing: Len = 153339, Over = 191.25
PHY-3001 : Run with size of 2
PHY-3001 : Cell area utilization is 33%
PHY-3001 : Update timing in Manhattan mode ...
RUN-1002 : start command "start_timer -report"
TMR-2505 : Start building timing graph for model test_camera.
TMR-2506 : Build timing graph completely. Port num: 21, tpin num: 23335, tnet num: 5858, tinst num: 2880, tnode num: 28003, tedge num: 40356.
TMR-2508 : Levelizing timing graph completed, there are 289 levels in total.
TMR-2501 : Timing graph initialized successfully.
RUN-1003 : finish command "start_timer -report" in  1.266366s wall, 1.265625s user + 0.000000s system = 1.265625s CPU (99.9%)

RUN-1004 : used memory is 301 MB, reserved memory is 282 MB, peak memory is 301 MB
TMR-2503 : Start to update net delay, extr mode = 3.
TMR-2504 : Update delay of 5858 nets completely.
TMR-2502 : Annotate delay completely, extr mode = 3.
TMR-3001 : Initiate 0 clocks from SDC.
TMR-3004 : Map sdc constraints, there are 2 constraints in total.
TMR-3003 : Constraints initiated successfully.
TMR-3501 : Forward propagation: start to calculate arrival time...
TMR-3502 : Backward propagation: start to calculate required time...
TMR-3503 : Timing propagation completes.
PHY-3001 : End timing update;  1.394244s wall, 1.406250s user + 0.000000s system = 1.406250s CPU (100.9%)

PHY-3001 : :::0::: Try harder cell spreading with beta_ = 1.90864e-05
PHY-3002 : Step(135): len = 151045, overlap = 185.75
PHY-3002 : Step(136): len = 150373, overlap = 188.25
PHY-3002 : Step(137): len = 147958, overlap = 188
PHY-3002 : Step(138): len = 146051, overlap = 201.5
PHY-3002 : Step(139): len = 144047, overlap = 205.5
PHY-3002 : Step(140): len = 143601, overlap = 206.75
PHY-3002 : Step(141): len = 142119, overlap = 213.25
PHY-3001 : :::1::: Try harder cell spreading with beta_ = 3.81727e-05
PHY-3002 : Step(142): len = 143969, overlap = 203.75
PHY-3002 : Step(143): len = 144829, overlap = 200.25
PHY-3002 : Step(144): len = 147187, overlap = 189.25
PHY-3001 : :::2::: Try harder cell spreading with beta_ = 7.63455e-05
PHY-3002 : Step(145): len = 151845, overlap = 167
PHY-3002 : Step(146): len = 152868, overlap = 165.5
PHY-3002 : Step(147): len = 156044, overlap = 152
PHY-3002 : Step(148): len = 156784, overlap = 148.5
PHY-3002 : Step(149): len = 158473, overlap = 146
PHY-3002 : Step(150): len = 159192, overlap = 144.25
PHY-3002 : Step(151): len = 160046, overlap = 141.25
PHY-3001 : Legalization ...
PHY-3001 : End legalization;  0.367729s wall, 0.265625s user + 0.703125s system = 0.968750s CPU (263.4%)

PHY-3001 : Trial Legalized: Len = 202758
PHY-3001 : Run with size of 2
PHY-3001 : Cell area utilization is 32%
PHY-3001 : Update timing in Manhattan mode ...
TMR-2503 : Start to update net delay, extr mode = 3.
TMR-2504 : Update delay of 5858 nets completely.
TMR-2502 : Annotate delay completely, extr mode = 3.
TMR-3501 : Forward propagation: start to calculate arrival time...
TMR-3502 : Backward propagation: start to calculate required time...
TMR-3503 : Timing propagation completes.
PHY-3001 : End timing update;  0.114522s wall, 0.125000s user + 0.000000s system = 0.125000s CPU (109.1%)

PHY-3001 : :::0::: Try harder cell spreading with beta_ = 0.000200177
PHY-3002 : Step(152): len = 191286, overlap = 9.25
PHY-3002 : Step(153): len = 182248, overlap = 35
PHY-3002 : Step(154): len = 179012, overlap = 39
PHY-3002 : Step(155): len = 177257, overlap = 43
PHY-3002 : Step(156): len = 176038, overlap = 46
PHY-3001 : Legalization ...
PHY-3001 : End legalization;  0.008063s wall, 0.015625s user + 0.000000s system = 0.015625s CPU (193.8%)

PHY-3001 : Legalized: Len = 187903, Over = 0
PHY-3001 : Spreading special nets. 31 overflows in 2952 tiles.
PHY-3001 : End spreading;  0.020733s wall, 0.015625s user + 0.000000s system = 0.015625s CPU (75.4%)

PHY-3001 : 39 instances has been re-located, deltaX = 9, deltaY = 26, maxDist = 2.
PHY-3001 : Final: Len = 188839, Over = 0
OPT-1001 : Start physical optimization ...
RUN-1002 : start command "start_timer -report"
TMR-2505 : Start building timing graph for model test_camera.
TMR-2506 : Build timing graph completely. Port num: 21, tpin num: 23335, tnet num: 5858, tinst num: 2880, tnode num: 28003, tedge num: 40356.
TMR-2508 : Levelizing timing graph completed, there are 289 levels in total.
TMR-2501 : Timing graph initialized successfully.
RUN-1003 : finish command "start_timer -report" in  1.302678s wall, 1.281250s user + 0.015625s system = 1.296875s CPU (99.6%)

RUN-1004 : used memory is 298 MB, reserved memory is 280 MB, peak memory is 306 MB
OPT-1001 : Total overflow 0.00 peak overflow 0.00
OPT-1001 : Start high-fanout net optimization ...
OPT-1001 : Update timing in global mode
PHY-1001 : Start incremental global routing, caller is place ...
RUN-1001 : Generating global routing grids ...
PHY-1001 : Generate routing nets ...
PHY-1001 : Reuse net number 300/5860.
PHY-1001 : Global iterations in 16 thread ...
PHY-1002 : len = 234008, over cnt = 657(1%), over = 1081, worst = 8
PHY-1002 : len = 237592, over cnt = 400(1%), over = 598, worst = 6
PHY-1002 : len = 241904, over cnt = 157(0%), over = 232, worst = 4
PHY-1002 : len = 243888, over cnt = 45(0%), over = 72, worst = 4
PHY-1002 : len = 244864, over cnt = 0(0%), over = 0, worst = 0
PHY-1001 : End global iterations;  0.764199s wall, 1.000000s user + 0.046875s system = 1.046875s CPU (137.0%)

PHY-1001 : Congestion index: top1 = 36.47, top5 = 30.59, top10 = 27.62, top15 = 25.41.
PHY-1001 : End incremental global routing;  0.907365s wall, 1.125000s user + 0.062500s system = 1.187500s CPU (130.9%)

TMR-2503 : Start to update net delay, extr mode = 5.
TMR-2504 : Update delay of 5858 nets completely.
TMR-2502 : Annotate delay completely, extr mode = 5.
TMR-3001 : Initiate 0 clocks from SDC.
TMR-3004 : Map sdc constraints, there are 2 constraints in total.
TMR-3003 : Constraints initiated successfully.
TMR-3501 : Forward propagation: start to calculate arrival time...
TMR-3502 : Backward propagation: start to calculate required time...
TMR-3503 : Timing propagation completes.
OPT-1001 : End timing update;  0.157039s wall, 0.156250s user + 0.000000s system = 0.156250s CPU (99.5%)

OPT-1001 : 0 high-fanout net processed.
OPT-1001 : End high-fanout net optimization;  1.181460s wall, 1.390625s user + 0.062500s system = 1.453125s CPU (123.0%)

OPT-1001 : Current memory(MB): used = 307, reserve = 288, peak = 307.
OPT-1001 : Start path based optimization ...
OPT-1001 : Start congestion update ...
RUN-1001 : Generating global routing grids ...
PHY-1001 : Generate routing nets ...
PHY-1001 : Reuse net number 4947/5860.
PHY-1001 : Global iterations in 16 thread ...
PHY-1002 : len = 244864, over cnt = 0(0%), over = 0, worst = 0
PHY-1001 : End global iterations;  0.029478s wall, 0.031250s user + 0.000000s system = 0.031250s CPU (106.0%)

PHY-1001 : Congestion index: top1 = 36.47, top5 = 30.59, top10 = 27.62, top15 = 25.41.
OPT-1001 : End congestion update;  0.136170s wall, 0.140625s user + 0.000000s system = 0.140625s CPU (103.3%)

OPT-1001 : Update timing in Manhattan mode
TMR-2503 : Start to update net delay, extr mode = 3.
TMR-2504 : Update delay of 5858 nets completely.
TMR-2502 : Annotate delay completely, extr mode = 3.
TMR-3501 : Forward propagation: start to calculate arrival time...
TMR-3502 : Backward propagation: start to calculate required time...
TMR-3503 : Timing propagation completes.
OPT-1001 : End timing update;  0.116198s wall, 0.109375s user + 0.000000s system = 0.109375s CPU (94.1%)

OPT-0007 : Start: WNS 4245 TNS 0 NUM_FEPS 0
OPT-1001 : End path based optimization;  0.252533s wall, 0.250000s user + 0.000000s system = 0.250000s CPU (99.0%)

OPT-1001 : Current memory(MB): used = 309, reserve = 290, peak = 309.
OPT-1001 : Update timing in Manhattan mode
TMR-2503 : Start to update net delay, extr mode = 3.
TMR-2504 : Update delay of 5858 nets completely.
TMR-2502 : Annotate delay completely, extr mode = 3.
TMR-3501 : Forward propagation: start to calculate arrival time...
TMR-3502 : Backward propagation: start to calculate required time...
TMR-3503 : Timing propagation completes.
OPT-1001 : End timing update;  0.113944s wall, 0.125000s user + 0.000000s system = 0.125000s CPU (109.7%)

OPT-1001 : Start pin optimization...
OPT-1001 : skip pin optimization...
OPT-1001 : Update timing in global mode
PHY-1001 : Start incremental global routing, caller is place ...
RUN-1001 : Generating global routing grids ...
PHY-1001 : Generate routing nets ...
PHY-1001 : Reuse net number 4947/5860.
PHY-1001 : Global iterations in 16 thread ...
PHY-1002 : len = 244864, over cnt = 0(0%), over = 0, worst = 0
PHY-1001 : End global iterations;  0.028897s wall, 0.031250s user + 0.000000s system = 0.031250s CPU (108.1%)

PHY-1001 : Congestion index: top1 = 36.47, top5 = 30.59, top10 = 27.62, top15 = 25.41.
PHY-1001 : End incremental global routing;  0.140174s wall, 0.140625s user + 0.000000s system = 0.140625s CPU (100.3%)

TMR-2503 : Start to update net delay, extr mode = 5.
TMR-2504 : Update delay of 5858 nets completely.
TMR-2502 : Annotate delay completely, extr mode = 5.
TMR-3501 : Forward propagation: start to calculate arrival time...
TMR-3502 : Backward propagation: start to calculate required time...
TMR-3503 : Timing propagation completes.
OPT-1001 : End timing update;  0.147665s wall, 0.140625s user + 0.000000s system = 0.140625s CPU (95.2%)

RUN-1001 : Generating global routing grids ...
PHY-1001 : Generate routing nets ...
PHY-1001 : Reuse net number 4947/5860.
PHY-1001 : Global iterations in 16 thread ...
PHY-1002 : len = 244864, over cnt = 0(0%), over = 0, worst = 0
PHY-1001 : End global iterations;  0.029714s wall, 0.031250s user + 0.000000s system = 0.031250s CPU (105.2%)

PHY-1001 : Congestion index: top1 = 36.47, top5 = 30.59, top10 = 27.62, top15 = 25.41.
OPT-1001 : Update timing in Manhattan mode
TMR-2503 : Start to update net delay, extr mode = 3.
TMR-2504 : Update delay of 5858 nets completely.
TMR-2502 : Annotate delay completely, extr mode = 3.
TMR-3501 : Forward propagation: start to calculate arrival time...
TMR-3502 : Backward propagation: start to calculate required time...
TMR-3503 : Timing propagation completes.
OPT-1001 : End timing update;  0.113620s wall, 0.109375s user + 0.000000s system = 0.109375s CPU (96.3%)

RUN-1001 : QoR Analysis:
OPT-0007 :   WNS 4245 TNS 0 NUM_FEPS 0
RUN-1001 :   No local congestion issue, and most congested 1% tile average routing util is 36.068966
RUN-1001 :   Top critical paths
OPT-1001 : End physical optimization;  3.439423s wall, 3.671875s user + 0.093750s system = 3.765625s CPU (109.5%)

RUN-1003 : finish command "place" in  16.265649s wall, 28.109375s user + 7.046875s system = 35.156250s CPU (216.1%)

RUN-1004 : used memory is 286 MB, reserved memory is 267 MB, peak memory is 310 MB
RUN-1002 : start command "export_db ov2640_sdram_place.db"
RUN-1001 : Exported /
RUN-1001 : Exported flow parameters
RUN-1001 : Exported libs
RUN-1001 : Exported entities
RUN-1001 : Exported ports
RUN-1001 : Exported pins
RUN-1001 : Exported instances
RUN-1001 : Exported nets
RUN-1001 : Exported buses
RUN-1001 : Exported models
RUN-1001 : Exported congestions
RUN-1001 : Exported violations
RUN-1001 : Exported timing constraints
RUN-1001 : Exported IO constraints
RUN-1001 : Exported Inst constraints
RUN-1002 : start command "route"
RUN-1001 : Open license file C:/Anlogic/TD5.6.59063/license/Anlogic.lic
RUN-1001 : Print Global Property
RUN-1001 : ---------------------------------------------------------------
RUN-1001 :        Parameters        |  Settings  |  Default Values  |  Note  
RUN-1001 : ---------------------------------------------------------------
RUN-1001 :          message         |  standard  |     standard     |        
RUN-1001 :   mixed_pack_place_flow  |     on     |        on        |        
RUN-1001 :        qor_monitor       |    off     |       off        |        
RUN-1001 :        syn_ip_flow       |    off     |       off        |        
RUN-1001 :          thread          |    auto    |       auto       |        
RUN-1001 : ---------------------------------------------------------------
RUN-1001 : Print Route Property
RUN-1001 : -------------------------------------------------------
RUN-1001 :    Parameters    |  Settings  |  Default Values  |  Note  
RUN-1001 : -------------------------------------------------------
RUN-1001 :      effort      |   medium   |      medium      |        
RUN-1001 :     fix_hold     |    off     |       off        |        
RUN-1001 :    opt_timing    |   medium   |      medium      |        
RUN-1001 :   phy_sim_model  |    off     |       off        |        
RUN-1001 :     priority     |   timing   |      timing      |        
RUN-1001 :     swap_pin     |     on     |        on        |        
RUN-1001 : -------------------------------------------------------
PHY-1001 : Route runs in 16 thread(s)
RUN-1001 : There are total 2882 instances
RUN-1001 : 1355 mslices, 1355 lslices, 144 pads, 14 brams, 5 dsps
RUN-1001 : There are total 5860 nets
RUN-6004 WARNING: There are 2 nets with only 1 pin.
RUN-1001 : 3641 nets have 2 pins
RUN-1001 : 1418 nets have [3 - 5] pins
RUN-1001 : 642 nets have [6 - 10] pins
RUN-1001 : 85 nets have [11 - 20] pins
RUN-1001 : 65 nets have [21 - 99] pins
RUN-1001 : 7 nets have 100+ pins
RUN-1002 : start command "start_timer -report"
TMR-2505 : Start building timing graph for model test_camera.
TMR-2506 : Build timing graph completely. Port num: 21, tpin num: 23335, tnet num: 5858, tinst num: 2880, tnode num: 28003, tedge num: 40356.
TMR-2508 : Levelizing timing graph completed, there are 289 levels in total.
TMR-2501 : Timing graph initialized successfully.
RUN-1003 : finish command "start_timer -report" in  1.250774s wall, 1.250000s user + 0.000000s system = 1.250000s CPU (99.9%)

RUN-1004 : used memory is 303 MB, reserved memory is 285 MB, peak memory is 338 MB
PHY-1001 : 1355 mslices, 1355 lslices, 144 pads, 14 brams, 5 dsps
TMR-2503 : Start to update net delay, extr mode = 3.
TMR-2504 : Update delay of 5858 nets completely.
TMR-2502 : Annotate delay completely, extr mode = 3.
TMR-3001 : Initiate 0 clocks from SDC.
TMR-3004 : Map sdc constraints, there are 2 constraints in total.
TMR-3003 : Constraints initiated successfully.
TMR-3501 : Forward propagation: start to calculate arrival time...
TMR-3502 : Backward propagation: start to calculate required time...
TMR-3503 : Timing propagation completes.
PHY-1001 : Start global routing, caller is route ...
RUN-1001 : Generating global routing grids ...
PHY-1001 : Generate routing nets ...
PHY-1001 : Global iterations in 16 thread ...
PHY-1002 : len = 231264, over cnt = 672(1%), over = 1098, worst = 8
PHY-1002 : len = 235216, over cnt = 434(1%), over = 610, worst = 6
PHY-1002 : len = 239912, over cnt = 150(0%), over = 213, worst = 4
PHY-1002 : len = 242528, over cnt = 0(0%), over = 0, worst = 0
PHY-1001 : End global iterations;  0.718876s wall, 1.000000s user + 0.062500s system = 1.062500s CPU (147.8%)

PHY-1001 : Congestion index: top1 = 36.75, top5 = 30.45, top10 = 27.42, top15 = 25.23.
PHY-1001 : End global routing;  0.846755s wall, 1.125000s user + 0.062500s system = 1.187500s CPU (140.2%)

PHY-1001 : Start detail routing ...
PHY-1001 : Current memory(MB): used = 338, reserve = 320, peak = 341.
PHY-1001 : Detailed router is running in normal mode.
PHY-1001 : Generate detailed routing grids ...
PHY-1001 : Generate nets ...
PHY-1001 : net clk_24m_dup_1 will be routed on clock mesh
PHY-1001 : net clk_cam will be routed on clock mesh
PHY-1001 : net vga_clk_dup_1 will be routed on clock mesh
PHY-1001 : clock net Sdram_Control_4Port/CTRL_CLK will be merged with clock u_pll/clk0_buf
PHY-1001 : net Sdram_Control_4Port/SDRAM_CLK will be routed on clock mesh
PHY-1001 : clock net u_image_select/mode[3]_syn_28 will be merged with clock u_image_select/mode[3]_syn_26
PHY-1001 : clock net u_camera_init/divider2[8]_syn_4 will be merged with clock u_camera_init/divider2[8]
PHY-1001 : clock net u_camera_init/divider2[7]_syn_2 will be merged with clock u_camera_init/divider2[7]
PHY-1001 : net u_camera_init/u_i2c_write/clk will be routed on clock mesh
PHY-5010 WARNING: Net u_image_process/out_img_imy[1] is skipped due to 0 input or output
PHY-5010 WARNING: Net u_image_process/out_img_imy[0] is skipped due to 0 input or output
PHY-1001 : clock net u_image_process/wrreq_syn_2 will be merged with clock u_image_process/wrreq
PHY-1001 : net u_image_process/u_Median_Gray_3/u_three_martix/csi_pclk will be routed on clock mesh
PHY-5010 WARNING: Net u_image_process/out_img_imy[1] is skipped due to 0 input or output
PHY-5010 WARNING: Net u_image_process/out_img_imy[0] is skipped due to 0 input or output
PHY-1001 : Current memory(MB): used = 595, reserve = 580, peak = 595.
PHY-1001 : End build detailed router design. 4.001642s wall, 3.984375s user + 0.015625s system = 4.000000s CPU (100.0%)

PHY-1001 : Detail Route ...
PHY-1001 : ===== Detail Route Phase 1 =====
PHY-1001 : Clock net routing.....
PHY-1001 : Routed 0% nets.
PHY-1022 : len = 68304, over cnt = 0(0%), over = 0, worst = 0, crit = 0
PHY-1001 : End initial clock net routed; 4.679111s wall, 4.625000s user + 0.046875s system = 4.671875s CPU (99.8%)

PHY-1001 : Current memory(MB): used = 628, reserve = 614, peak = 628.
PHY-1001 : End phase 1; 4.686181s wall, 4.640625s user + 0.046875s system = 4.687500s CPU (100.0%)

PHY-1001 : ===== Detail Route Phase 2 =====
PHY-1001 : Initial routing.....
PHY-1001 : Routed 20% nets.
PHY-1001 : Routed 25% nets.
PHY-1001 : Routed 28% nets.
PHY-1001 : Routed 32% nets.
PHY-1001 : Routed 38% nets.
PHY-1001 : Patch 2501 net; 2.739895s wall, 2.734375s user + 0.000000s system = 2.734375s CPU (99.8%)

PHY-1022 : len = 518672, over cnt = 341(0%), over = 341, worst = 1, crit = 0
PHY-1001 : Current memory(MB): used = 631, reserve = 617, peak = 631.
PHY-1001 : End initial routed; 7.542884s wall, 11.437500s user + 0.078125s system = 11.515625s CPU (152.7%)

PHY-1001 : Update timing.....
PHY-1001 : 0/4782(0%) critical/total net(s).
RUN-1001 : ------------------------------------------
RUN-1001 :   Type   |    WNS(ns)    |  TNS(ns)  |  FEP  
RUN-1001 : ------------------------------------------
RUN-1001 :   Setup  |     3.846     |   0.000   |   0   
RUN-1001 :   Hold   |  2147483.647  |   0.000   |   0   
RUN-1001 : ------------------------------------------
PHY-1001 : End update timing; 1.596151s wall, 1.609375s user + 0.000000s system = 1.609375s CPU (100.8%)

PHY-1001 : Current memory(MB): used = 637, reserve = 623, peak = 637.
PHY-1001 : End phase 2; 9.139107s wall, 13.046875s user + 0.078125s system = 13.125000s CPU (143.6%)

PHY-1001 : ===== Detail Route Phase 3 =====
PHY-1001 : Optimize timing.....
PHY-1022 : len = 518672, over cnt = 341(0%), over = 341, worst = 1, crit = 0
PHY-1001 : End optimize timing; 0.023354s wall, 0.031250s user + 0.000000s system = 0.031250s CPU (133.8%)

PHY-1001 : Ripup-reroute.....
PHY-1001 : ===== DR Iter 1 =====
PHY-1022 : len = 517176, over cnt = 43(0%), over = 43, worst = 1, crit = 0
PHY-1001 : End DR Iter 1; 0.450535s wall, 0.640625s user + 0.000000s system = 0.640625s CPU (142.2%)

PHY-1001 : ===== DR Iter 2 =====
PHY-1022 : len = 517360, over cnt = 5(0%), over = 5, worst = 1, crit = 0
PHY-1001 : End DR Iter 2; 0.093264s wall, 0.093750s user + 0.000000s system = 0.093750s CPU (100.5%)

PHY-1001 : ===== DR Iter 3 =====
PHY-1022 : len = 517400, over cnt = 0(0%), over = 0, worst = 0, crit = 0
PHY-1001 : End DR Iter 3; 0.058752s wall, 0.062500s user + 0.000000s system = 0.062500s CPU (106.4%)

PHY-1001 : Update timing.....
PHY-1001 : 0/4782(0%) critical/total net(s).
RUN-1001 : ------------------------------------------
RUN-1001 :   Type   |    WNS(ns)    |  TNS(ns)  |  FEP  
RUN-1001 : ------------------------------------------
RUN-1001 :   Setup  |     3.846     |   0.000   |   0   
RUN-1001 :   Hold   |  2147483.647  |   0.000   |   0   
RUN-1001 : ------------------------------------------
PHY-1001 : End update timing; 1.645599s wall, 1.640625s user + 0.000000s system = 1.640625s CPU (99.7%)

PHY-1001 : Commit to database.....
PHY-1001 : 67 feed throughs used by 47 nets
PHY-1001 : End commit to database; 0.633335s wall, 0.640625s user + 0.000000s system = 0.640625s CPU (101.2%)

PHY-1001 : Current memory(MB): used = 668, reserve = 655, peak = 668.
PHY-1001 : End phase 3; 3.089255s wall, 3.281250s user + 0.000000s system = 3.281250s CPU (106.2%)

PHY-1003 : Routed, final wirelength = 517400
PHY-1001 : Current memory(MB): used = 669, reserve = 656, peak = 669.
PHY-1001 : End export database. 0.026851s wall, 0.031250s user + 0.000000s system = 0.031250s CPU (116.4%)

PHY-1001 : End detail routing;  21.221165s wall, 25.218750s user + 0.171875s system = 25.390625s CPU (119.6%)

RUN-1003 : finish command "route" in  23.562346s wall, 27.843750s user + 0.234375s system = 28.078125s CPU (119.2%)

RUN-1004 : used memory is 631 MB, reserved memory is 617 MB, peak memory is 669 MB
RUN-1002 : start command "report_area -io_info -file ov2640_sdram_phy.area"
RUN-1001 : standard
***Report Model: test_camera Device: EG4S20BG256***

IO Statistics
#IO                        89
  #input                   29
  #output                  59
  #inout                    1

Utilization Statistics
#lut                     4849   out of  19600   24.74%
#reg                     1988   out of  19600   10.14%
#le                      5219
  #lut only              3231   out of   5219   61.91%
  #reg only               370   out of   5219    7.09%
  #lut&reg               1618   out of   5219   31.00%
#dsp                        5   out of     29   17.24%
#bram                      12   out of     64   18.75%
  #bram9k                   0
  #fifo9k                  12
#bram32k                    2   out of     16   12.50%
#pad                       89   out of    188   47.34%
  #ireg                     0
  #oreg                     0
  #treg                     0
#pll                        1   out of      4   25.00%
#gclk                      11   out of     16   68.75%

Clock Resource Statistics
Index     ClockNet                                                   Type               DriverType         Driver                                              Fanout
#1        u_image_process/u_Median_Gray_3/u_three_martix/csi_pclk    GCLK               io                 cam_pclk_syn_9.di                                   847
#2        u_pll/clk0_buf                                             GCLK               pll                u_pll/pll_inst.clkc0                                183
#3        vga_clk_dup_1                                              GCLK               pll                u_pll/pll_inst.clkc2                                42
#4        u_camera_init/u_i2c_write/clk                              GCLK               pll                u_pll/pll_inst.clkc4                                37
#5        u_camera_init/divider2[8]                                  GCLK               mslice             u_camera_init/reg3_syn_35.q1                        22
#6        u_camera_init/divider2[7]                                  GCLK               mslice             u_camera_init/u_i2c_write/sda_n1_syn_105.q0         16
#7        u_image_process/wrreq                                      GCLK               lslice             u_image_process/u_RGBYCbCr/reg7_syn_20.f0           10
#8        u_image_select/mode[3]_syn_26                              GCLK               lslice             u_image_process/u_RGBYCbCr/img_cb1_b_n_syn_13.f1    9
#9        clk_24m_dup_1                                              GCLK               io                 clk_24m_syn_2.di                                    6
#10       Sdram_Control_4Port/SDRAM_CLK                              GCLK               pll                u_pll/pll_inst.clkc1                                0
#11       clk_cam                                                    GCLK               pll                u_pll/pll_inst.clkc3                                0


Detailed IO Report

     Name        Direction    Location    IOStandard    DriveStrength    PullType    PackReg  
   Switch[5]       INPUT         P6        LVCMOS25          N/A          PULLUP      NONE    
   Switch[4]       INPUT         M6        LVCMOS25          N/A          PULLUP      NONE    
   Switch[3]       INPUT         T6        LVCMOS25          N/A          PULLUP      NONE    
   Switch[2]       INPUT         T5        LVCMOS25          N/A          PULLUP      NONE    
   Switch[1]       INPUT         R5        LVCMOS25          N/A          PULLUP      NONE    
   Switch[0]       INPUT         T4        LVCMOS25          N/A          PULLUP      NONE    
  cam_data[7]      INPUT        H13        LVCMOS33          N/A          PULLUP      NONE    
  cam_data[6]      INPUT        G16        LVCMOS33          N/A          PULLUP      NONE    
  cam_data[5]      INPUT        H16        LVCMOS33          N/A          PULLUP      NONE    
  cam_data[4]      INPUT        G14        LVCMOS33          N/A          PULLUP      NONE    
  cam_data[3]      INPUT        K15        LVCMOS33          N/A          PULLUP      NONE    
  cam_data[2]      INPUT        K16        LVCMOS33          N/A          PULLUP      NONE    
  cam_data[1]      INPUT        J16        LVCMOS33          N/A          PULLUP      NONE    
  cam_data[0]      INPUT        H15        LVCMOS33          N/A          PULLUP      NONE    
   cam_href        INPUT        F15        LVCMOS33          N/A          PULLUP      NONE    
   cam_pclk        INPUT        K12        LVCMOS33          N/A          PULLUP      NONE    
   cam_vsync       INPUT        E15        LVCMOS33          N/A          PULLUP      NONE    
    clk_24m        INPUT        K14        LVCMOS33          N/A          PULLUP      NONE    
     rst_n         INPUT        G11        LVCMOS33          N/A          PULLUP      NONE    
    Led[15]       OUTPUT        T13        LVCMOS25           8            NONE       NONE    
    Led[14]       OUTPUT        T12        LVCMOS25           8            NONE       NONE    
    Led[13]       OUTPUT        R12        LVCMOS25           8            NONE       NONE    
    Led[12]       OUTPUT         M7        LVCMOS25           8            NONE       NONE    
    Led[11]       OUTPUT         T9        LVCMOS25           8            NONE       NONE    
    Led[10]       OUTPUT         T8        LVCMOS25           8            NONE       NONE    
    Led[9]        OUTPUT         T7        LVCMOS25           8            NONE       NONE    
    Led[8]        OUTPUT         R7        LVCMOS25           8            NONE       NONE    
    Led[7]        OUTPUT         P5        LVCMOS25           8            NONE       NONE    
    Led[6]        OUTPUT         N5        LVCMOS25           8            NONE       NONE    
    Led[5]        OUTPUT         P4        LVCMOS25           8            NONE       NONE    
    Led[4]        OUTPUT         M5        LVCMOS25           8            NONE       NONE    
    Led[3]        OUTPUT         N4        LVCMOS25           8            NONE       NONE    
    Led[2]        OUTPUT         N3        LVCMOS25           8            NONE       NONE    
    Led[1]        OUTPUT         M4        LVCMOS25           8            NONE       NONE    
    Led[0]        OUTPUT         M3        LVCMOS25           8            NONE       NONE    
   cam_pwdn       OUTPUT        F14        LVCMOS33           8            NONE       NONE    
    cam_rst       OUTPUT        F13        LVCMOS33           8            NONE       NONE    
   cam_soic       OUTPUT        D16        LVCMOS33           8           PULLUP      NONE    
   cam_xclk       OUTPUT        J12        LVCMOS33           8            NONE       NONE    
   sm_bit[3]      OUTPUT         F3        LVCMOS25           8            NONE       NONE    
   sm_bit[2]      OUTPUT         C2        LVCMOS25           8            NONE       NONE    
   sm_bit[1]      OUTPUT         C3        LVCMOS25           8            NONE       NONE    
   sm_bit[0]      OUTPUT         B1        LVCMOS25           8            NONE       NONE    
   sm_seg[7]      OUTPUT         A2        LVCMOS25           8            NONE       NONE    
   sm_seg[6]      OUTPUT         B2        LVCMOS25           8            NONE       NONE    
   sm_seg[5]      OUTPUT         D3        LVCMOS25           8            NONE       NONE    
   sm_seg[4]      OUTPUT         F5        LVCMOS25           8            NONE       NONE    
   sm_seg[3]      OUTPUT         E4        LVCMOS25           8            NONE       NONE    
   sm_seg[2]      OUTPUT         F4        LVCMOS25           8            NONE       NONE    
   sm_seg[1]      OUTPUT         B3        LVCMOS25           8            NONE       NONE    
   sm_seg[0]      OUTPUT         E3        LVCMOS25           8            NONE       NONE    
   vga_b[7]       OUTPUT         C1        LVCMOS25           8            NONE       NONE    
   vga_b[6]       OUTPUT         D1        LVCMOS25           8            NONE       NONE    
   vga_b[5]       OUTPUT         E2        LVCMOS25           8            NONE       NONE    
   vga_b[4]       OUTPUT         G3        LVCMOS25           8            NONE       NONE    
   vga_b[3]       OUTPUT         E1        LVCMOS25           8            NONE       NONE    
   vga_b[2]       OUTPUT         F2        LVCMOS25           8            NONE       NONE    
   vga_b[1]       OUTPUT         F1        LVCMOS25           8            NONE       NONE    
   vga_b[0]       OUTPUT         G1        LVCMOS25           8            NONE       NONE    
    vga_clk       OUTPUT         H2        LVCMOS25           8            NONE       NONE    
   vga_g[7]       OUTPUT         H5        LVCMOS25           8            NONE       NONE    
   vga_g[6]       OUTPUT         H1        LVCMOS25           8            NONE       NONE    
   vga_g[5]       OUTPUT         J6        LVCMOS25           8            NONE       NONE    
   vga_g[4]       OUTPUT         H3        LVCMOS25           8            NONE       NONE    
   vga_g[3]       OUTPUT         J1        LVCMOS25           8            NONE       NONE    
   vga_g[2]       OUTPUT         K1        LVCMOS25           8            NONE       NONE    
   vga_g[1]       OUTPUT         K2        LVCMOS25           8            NONE       NONE    
   vga_g[0]       OUTPUT         L1        LVCMOS25           8            NONE       NONE    
   vga_hsync      OUTPUT         J3        LVCMOS25           8            NONE       NONE    
   vga_r[7]       OUTPUT         K6        LVCMOS25           8            NONE       NONE    
   vga_r[6]       OUTPUT         K3        LVCMOS25           8            NONE       NONE    
   vga_r[5]       OUTPUT         K5        LVCMOS25           8            NONE       NONE    
   vga_r[4]       OUTPUT         L4        LVCMOS25           8            NONE       NONE    
   vga_r[3]       OUTPUT         M1        LVCMOS25           8            NONE       NONE    
   vga_r[2]       OUTPUT         M2        LVCMOS25           8            NONE       NONE    
   vga_r[1]       OUTPUT         L3        LVCMOS25           8            NONE       NONE    
   vga_r[0]       OUTPUT         L5        LVCMOS25           8            NONE       NONE    
   vga_vsync      OUTPUT         J4        LVCMOS25           8            NONE       NONE    
   cam_soid        INOUT        D14        LVCMOS33           8           PULLUP      NONE    

Report Hierarchy Area:
+---------------------------------------------------------------------------------------------------------------------------------------+
|Instance                              |Module                                     |le     |lut     |ripple  |seq     |bram    |dsp     |
+---------------------------------------------------------------------------------------------------------------------------------------+
|top                                   |test_camera                                |5219   |3614    |1235    |1988    |14      |5       |
|  Sdram_Control_4Port                 |Sdram_Control_4Port                        |794    |527     |173     |398     |2       |0       |
|    command1                          |command                                    |50     |50      |0       |40      |0       |0       |
|    control1                          |control_interface                          |101    |65      |24      |54      |0       |0       |
|    data_path1                        |sdr_data_path                              |17     |17      |0       |1       |0       |0       |
|    read_fifo1                        |Sdram_RD_FIFO                              |128    |65      |18      |101     |1       |0       |
|      dcfifo_component                |softfifo                                   |128    |65      |18      |101     |1       |0       |
|        ram_inst                      |ram_infer_softfifo                         |0      |0       |0       |0       |1       |0       |
|        rd_to_wr_cross_inst           |fifo_cross_domain_addr_process_al_softfifo |40     |19      |0       |40      |0       |0       |
|        wr_to_rd_cross_inst           |fifo_cross_domain_addr_process_al_softfifo |29     |20      |0       |29      |0       |0       |
|    sdram1                            |sdram                                      |2      |2       |0       |0       |0       |0       |
|    write_fifo1                       |Sdram_WR_FIFO                              |127    |82      |18      |97      |1       |0       |
|      dcfifo_component                |softfifo                                   |127    |82      |18      |97      |1       |0       |
|        ram_inst                      |ram_infer_softfifo                         |0      |0       |0       |0       |1       |0       |
|        rd_to_wr_cross_inst           |fifo_cross_domain_addr_process_al_softfifo |37     |23      |0       |37      |0       |0       |
|        wr_to_rd_cross_inst           |fifo_cross_domain_addr_process_al_softfifo |36     |34      |0       |35      |0       |0       |
|  u_Mode_Switch                       |Mode_Switch                                |11     |11      |0       |9       |0       |0       |
|  u_cam_vga_out                       |Driver                                     |110    |66      |44      |24      |0       |0       |
|  u_camera_init                       |camera_init                                |527    |509     |9       |90      |0       |0       |
|    u_i2c_write                       |i2c_module                                 |143    |143     |0       |49      |0       |0       |
|  u_camera_reader                     |camera_reader                              |91     |50      |17      |55      |0       |0       |
|  u_image_process                     |image_process                              |3445   |2227    |982     |1344    |12      |5       |
|    u_Dilation_Detector               |Dilation_Detector                          |172    |109     |45      |82      |2       |0       |
|      u_three_martix_4                |three_martix                               |158    |101     |45      |68      |2       |0       |
|        u_fifo_1                      |fifo_1                                     |2      |2       |0       |0       |1       |0       |
|        u_fifo_2                      |fifo_2                                     |4      |4       |0       |2       |1       |0       |
|    u_Erosion_Detector                |Erosion_Detector                           |172    |113     |45      |81      |2       |0       |
|      u_three_martix_3                |three_martix                               |161    |104     |45      |70      |2       |0       |
|        u_fifo_1                      |fifo_1                                     |2      |2       |0       |0       |1       |0       |
|        u_fifo_2                      |fifo_2                                     |4      |4       |0       |2       |1       |0       |
|    u_Gesture_detech                  |Gesture_detech                             |916    |645     |251     |247     |0       |1       |
|    u_Median_Gray                     |Median_Gray                                |176    |122     |45      |70      |2       |0       |
|      u_Median_Filter_3X3_8Bit_median |Median_Filter_3X3                          |5      |0       |0       |5       |0       |0       |
|      u_three_martix                  |three_martix                               |171    |122     |45      |65      |2       |0       |
|        u_fifo_1                      |fifo_1                                     |0      |0       |0       |0       |1       |0       |
|        u_fifo_2                      |fifo_2                                     |4      |4       |0       |1       |1       |0       |
|    u_Median_Gray_2                   |Median_Gray                                |711    |419     |235     |278     |2       |0       |
|      u_Median_Filter_3X3_8Bit_median |Median_Filter_3X3                          |487    |297     |190     |150     |0       |0       |
|        u_Sort3_1                     |Sort3                                      |83     |53      |30      |35      |0       |0       |
|        u_Sort3_2                     |Sort3                                      |88     |58      |30      |29      |0       |0       |
|        u_Sort3_3                     |Sort3                                      |84     |54      |30      |28      |0       |0       |
|        u_Sort3_4                     |Sort3                                      |46     |26      |20      |14      |0       |0       |
|        u_Sort3_5                     |Sort3                                      |68     |38      |30      |20      |0       |0       |
|        u_Sort3_6                     |Sort3                                      |48     |28      |20      |12      |0       |0       |
|        u_Sort3_7                     |Sort3                                      |70     |40      |30      |12      |0       |0       |
|      u_three_martix                  |three_martix                               |224    |122     |45      |128     |2       |0       |
|        u_fifo_1                      |fifo_1                                     |0      |0       |0       |0       |1       |0       |
|        u_fifo_2                      |fifo_2                                     |0      |0       |0       |0       |1       |0       |
|    u_Median_Gray_3                   |Median_Gray                                |703    |421     |235     |256     |2       |0       |
|      u_Median_Filter_3X3_8Bit_median |Median_Filter_3X3                          |490    |300     |190     |126     |0       |0       |
|        u_Sort3_1                     |Sort3                                      |84     |54      |30      |27      |0       |0       |
|        u_Sort3_2                     |Sort3                                      |84     |54      |30      |32      |0       |0       |
|        u_Sort3_3                     |Sort3                                      |84     |54      |30      |31      |0       |0       |
|        u_Sort3_4                     |Sort3                                      |50     |30      |20      |8       |0       |0       |
|        u_Sort3_5                     |Sort3                                      |70     |40      |30      |8       |0       |0       |
|        u_Sort3_6                     |Sort3                                      |48     |28      |20      |8       |0       |0       |
|        u_Sort3_7                     |Sort3                                      |70     |40      |30      |12      |0       |0       |
|      u_three_martix                  |three_martix                               |213    |121     |45      |130     |2       |0       |
|        u_fifo_1                      |fifo_1                                     |0      |0       |0       |0       |1       |0       |
|        u_fifo_2                      |fifo_2                                     |0      |0       |0       |0       |1       |0       |
|    u_RGBYCbCr                        |RGBYCbCr                                   |80     |39      |14      |55      |0       |4       |
|    u_Sobel_Process                   |Sobel_Process                              |345    |220     |92      |161     |2       |0       |
|      u_Caculate_Sobel                |Caculate_Sobel                             |146    |98      |47      |53      |0       |0       |
|      u_three_martix_2                |three_martix                               |199    |122     |45      |108     |2       |0       |
|        u_fifo_1                      |fifo_1                                     |0      |0       |0       |0       |1       |0       |
|        u_fifo_2                      |fifo_2                                     |0      |0       |0       |0       |1       |0       |
|  u_image_select                      |image_select                               |66     |66      |0       |37      |0       |0       |
|  u_pll                               |ip_pll                                     |0      |0       |0       |0       |0       |0       |
|  u_seg_4                             |seg_4                                      |152    |135     |10      |28      |0       |0       |
+---------------------------------------------------------------------------------------------------------------------------------------+


DataNet Average Fanout:

   Index     Fanout     Nets  
    #1          1       3560  
    #2          2       622   
    #3          3       541   
    #4          4       207   
    #5        5-10      654   
    #6        11-50     121   
    #7       51-100      11   
    #8       101-500     1    
    #9        >500       1    
  Average     2.82            

RUN-1002 : start command "export_db ov2640_sdram_pr.db"
RUN-1001 : Exported /
RUN-1001 : Exported flow parameters
RUN-1001 : Exported libs
RUN-1001 : Exported entities
RUN-1001 : Exported ports
RUN-1001 : Exported pins
RUN-1001 : Exported instances
RUN-1001 : Exported nets
RUN-1001 : Exported buses
RUN-1001 : Exported models
RUN-1001 : Exported congestions
RUN-1001 : Exported violations
RUN-1001 : Exported timing constraints
RUN-1001 : Exported IO constraints
RUN-1001 : Exported Inst constraints
RUN-1002 : start command "export_bid ov2640_sdram_inst.bid"
RUN-1002 : start command "bitgen -bit ov2640_sdram.bit"
BIT-1003 : Start to generate bitstream. 
BIT-1002 : Init instances with 16 threads.
BIT-1002 : Init instances completely, inst num: 2880
BIT-1002 : Init pips with 16 threads.
BIT-1002 : Init pips completely, net num: 5860, pip num: 49629
BIT-1002 : Init feedthrough with 16 threads.
BIT-1002 : Init feedthrough completely, num: 67
BIT-1003 : Multithreading accelaration with 16 threads.
BIT-1003 : Generate bitstream completely, there are 2256 valid insts, and 158120 bits set as '1'.
BIT-1004 : the usercode register value: 00000000000100110000000000000000
BIT-1004 : PLL setting string = 0001
BIT-1004 : Generate bits file ov2640_sdram.bit.
RUN-1003 : finish command "bitgen -bit ov2640_sdram.bit" in  4.966793s wall, 55.031250s user + 0.578125s system = 55.609375s CPU (1119.6%)

RUN-1004 : used memory is 631 MB, reserved memory is 621 MB, peak memory is 814 MB
RUN-1002 : start command "backup_run_log run.log ../.logs/phy_1/td_20221029_183739.log"
