============================================================
   Tang Dynasty, V5.6.59063
   Copyright (c) 2012-2022 Anlogic
   Executable = C:/Anlogic/TD5.6.59063/bin/td.exe
   Built at =   12:45:13 Sep  6 2022
   Run by =     Administrator
   Run Date =   Wed Oct 26 15:54:27 2022

   Run on =     WIN-25FR57M34TT
============================================================
RUN-1002 : start command "open_project ov2640_sdram.prj"
RUN-1001 : Print Global Property
RUN-1001 : ---------------------------------------------------------------
RUN-1001 :        Parameters        |  Settings  |  Default Values  |  Note  
RUN-1001 : ---------------------------------------------------------------
RUN-1001 :          message         |  standard  |     standard     |        
RUN-1001 :   mixed_pack_place_flow  |     on     |        on        |        
RUN-1001 :        qor_monitor       |    off     |       off        |        
RUN-1001 :        syn_ip_flow       |    off     |       off        |        
RUN-1001 :          thread          |    auto    |       auto       |        
RUN-1001 : ---------------------------------------------------------------
RUN-1001 : Print Design Property
RUN-1001 : --------------------------------------------------------------
RUN-1001 :        Parameters       |  Settings  |  Default Values  |  Note  
RUN-1001 : --------------------------------------------------------------
RUN-1001 :   default_reg_initial   |    auto    |       auto       |        
RUN-1001 :        infer_add        |     on     |        on        |        
RUN-1001 :        infer_fsm        |    off     |       off        |        
RUN-1001 :        infer_mult       |     on     |        on        |        
RUN-1001 :        infer_ram        |     on     |        on        |        
RUN-1001 :        infer_reg        |     on     |        on        |        
RUN-1001 :   infer_reg_init_value  |     on     |        on        |        
RUN-1001 :        infer_rom        |     on     |        on        |        
RUN-1001 :      infer_shifter      |     on     |        on        |        
RUN-1001 : --------------------------------------------------------------
RUN-1001 : Print Rtl Property
RUN-1001 : --------------------------------------------------------------
RUN-1001 :        Parameters       |  Settings  |  Default Values  |  Note  
RUN-1001 : --------------------------------------------------------------
RUN-1001 :       compress_add      |   ripple   |      ripple      |        
RUN-1001 :        elf_sload        |    off     |       off        |        
RUN-1001 :       fix_undriven      |     0      |        0         |        
RUN-1001 :         flatten         |    off     |       off        |        
RUN-1001 :       gate_sharing      |     on     |        on        |        
RUN-1001 :    hdl_warning_level    |   normal   |      normal      |        
RUN-1001 :   impl_internal_tribuf  |     on     |        on        |        
RUN-1001 :      impl_set_reset     |     on     |        on        |        
RUN-1001 :        infer_gsr        |    off     |       off        |        
RUN-1001 :      keep_hierarchy     |    auto    |       auto       |        
RUN-1001 :        max_fanout       |    9999    |       9999       |        
RUN-1001 :      max_oh2bin_len     |     10     |        10        |        
RUN-1001 :       merge_equal       |     on     |        on        |        
RUN-1001 :       merge_equiv       |     on     |        on        |        
RUN-1001 :        merge_mux        |    off     |       off        |        
RUN-1001 :     min_control_set     |     8      |        8         |        
RUN-1001 :      min_ripple_len     |    auto    |       auto       |        
RUN-1001 :       oh2bin_ratio      |    0.08    |       0.08       |        
RUN-1001 :     opt_adder_fanout    |     on     |        on        |        
RUN-1001 :        opt_arith        |     on     |        on        |        
RUN-1001 :       opt_big_gate      |    off     |       off        |        
RUN-1001 :        opt_const        |     on     |        on        |        
RUN-1001 :      opt_const_mult     |     on     |        on        |        
RUN-1001 :       opt_lessthan      |     on     |        on        |        
RUN-1001 :         opt_mux         |    off     |       off        |        
RUN-1001 :         opt_ram         |    high    |       high       |        
RUN-1001 :      rtl_sim_model      |    off     |       off        |        
RUN-1001 :         seq_syn         |     on     |        on        |        
RUN-1001 : --------------------------------------------------------------
HDL-1007 : analyze verilog file ../../al_ip/ip_pll.v
HDL-1007 : undeclared symbol 'open', assumed default net type 'wire' in ../../al_ip/ip_pll.v(93)
HDL-1007 : analyze verilog file ../../al_ip/softfifo.v
HDL-1007 : analyze verilog file ../../al_ip/fifo_1.v
HDL-1007 : analyze verilog file ../../al_ip/fifo_2.v
HDL-1007 : analyze verilog file ../../RTL/camera_init.v
HDL-1007 : undeclared symbol 'clk_div', assumed default net type 'wire' in ../../RTL/camera_init.v(74)
HDL-1007 : analyze verilog file ../../RTL/camera_reader.v
HDL-1007 : analyze verilog file ../../RTL/i2c_module.v
HDL-1007 : analyze verilog file ../../RTL/Sdram_Control_4Port/command.v
HDL-1007 : analyze included file ../../RTL/Sdram_Control_4Port/Sdram_Params.h in ../../RTL/Sdram_Control_4Port/command.v(27)
HDL-1007 : back to file '../../RTL/Sdram_Control_4Port/command.v' in ../../RTL/Sdram_Control_4Port/command.v(27)
HDL-1007 : analyze verilog file ../../RTL/Sdram_Control_4Port/control_interface.v
HDL-1007 : analyze included file ../../RTL/Sdram_Control_4Port/Sdram_Params.h in ../../RTL/Sdram_Control_4Port/control_interface.v(21)
HDL-1007 : back to file '../../RTL/Sdram_Control_4Port/control_interface.v' in ../../RTL/Sdram_Control_4Port/control_interface.v(21)
HDL-1007 : analyze verilog file ../../RTL/Sdram_Control_4Port/sdr_data_path.v
HDL-1007 : analyze included file ../../RTL/Sdram_Control_4Port/Sdram_Params.h in ../../RTL/Sdram_Control_4Port/sdr_data_path.v(10)
HDL-1007 : back to file '../../RTL/Sdram_Control_4Port/sdr_data_path.v' in ../../RTL/Sdram_Control_4Port/sdr_data_path.v(10)
HDL-1007 : analyze verilog file ../../RTL/Sdram_Control_4Port/Sdram_Control_4Port.v
HDL-1007 : analyze included file ../../RTL/Sdram_Control_4Port/Sdram_Params.h in ../../RTL/Sdram_Control_4Port/Sdram_Control_4Port.v(49)
HDL-1007 : back to file '../../RTL/Sdram_Control_4Port/Sdram_Control_4Port.v' in ../../RTL/Sdram_Control_4Port/Sdram_Control_4Port.v(49)
HDL-1007 : analyze verilog file ../../RTL/Sdram_Control_4Port/Sdram_RD_FIFO.v
HDL-5007 WARNING: 'clk' is not declared in ../../RTL/Sdram_Control_4Port/Sdram_RD_FIFO.v(44)
HDL-1007 : analyze verilog file ../../RTL/Sdram_Control_4Port/Sdram_WR_FIFO.v
HDL-1007 : analyze verilog file ../../al_ip/sdram.v
HDL-1007 : analyze verilog file ../../RTL/Driver.v
HDL-1007 : analyze verilog file ../../RTL/RGBYCbCr.v
HDL-1007 : analyze verilog file ../../RTL/image_process.v
HDL-5007 WARNING: identifier 'post_frame_clken' is used before its declaration in ../../RTL/image_process.v(42)
HDL-5007 WARNING: identifier 'post_img_Y' is used before its declaration in ../../RTL/image_process.v(43)
HDL-5007 WARNING: identifier 'post_frame_clken' is used before its declaration in ../../RTL/image_process.v(46)
HDL-5007 WARNING: identifier 'post_img_Y' is used before its declaration in ../../RTL/image_process.v(47)
HDL-1007 : analyze verilog file ../../RTL/test_camera.v
HDL-1007 : undeclared symbol 'Median_gray_clk', assumed default net type 'wire' in ../../RTL/test_camera.v(123)
HDL-1007 : analyze verilog file ../../RTL/Mode_Switch.v
HDL-1007 : analyze verilog file ../../RTL/image_select.v
HDL-1007 : analyze verilog file ../../RTL/Median_Gray.v
HDL-1007 : undeclared symbol 'pos_frame_vsync', assumed default net type 'wire' in ../../RTL/Median_Gray.v(72)
HDL-1007 : undeclared symbol 'pos_frame_href', assumed default net type 'wire' in ../../RTL/Median_Gray.v(73)
HDL-1007 : undeclared symbol 'pos_frame_clken', assumed default net type 'wire' in ../../RTL/Median_Gray.v(74)
HDL-5007 WARNING: identifier 'mid_value' is used before its declaration in ../../RTL/Median_Gray.v(19)
HDL-1007 : analyze verilog file ../../RTL/three_martix.v
HDL-1007 : analyze verilog file ../../RTL/Median_Filter_3X3.v
HDL-1007 : analyze verilog file ../../RTL/Sort3.v
HDL-5007 WARNING: 'clk' is not declared in ../../RTL/Sdram_Control_4Port/Sdram_RD_FIFO.v(44)
RUN-1001 : Project manager successfully analyzed 24 source files.
RUN-1002 : start command "import_device eagle_s20.db -package EG4S20BG256"
ARC-1001 : Device Initialization.
ARC-1001 : ------------------------------------------------------------------
ARC-1001 :            OPTION            |          IO          |   SETTING   
ARC-1001 : ------------------------------------------------------------------
ARC-1001 :   cso_b/cclk/mosi/miso/dout  |  T3/R11/T10/P10/S11  |    gpio    
ARC-1001 :             done             |         P13          |    gpio    
ARC-1001 :           program_b          |          T2          |  dedicate  
ARC-1001 :        tdi/tms/tck/tdo       |   C12/A15/C14/E14    |  dedicate  
ARC-1001 : ------------------------------------------------------------------
ARC-1004 : Device setting, marked 5 dedicate IOs in total.
RUN-1002 : start command "import_db ../syn_1/ov2640_sdram_gate.db"
RUN-1001 : Importing database generated by Tang Dynasty, V5.6.59063.
RUN-1001 : Database version number 46140.
RUN-1001 : Import flow parameters
RUN-1001 : Import timing constraints
RUN-1001 : Import IO constraints
RUN-1001 : Import Inst constraints
RUN-1001 : Import design success TD_VERSION=5.6.59063 , DB_VERSION=46140
RUN-1002 : start command "read_sdc"
USR-1002 : read_sdc file_name -help -h -eco
RUN-1002 : start command "get_regs */primary_addr_gray_reg[*]"
RUN-1002 : start command "get_regs */sync_r1[*]"
RUN-1002 : start command "set_max_delay -from  -to  5 -datapath_only"
RUN-1002 : start command "get_regs */primary_addr_gray_reg[*]"
RUN-1002 : start command "get_regs */sync_r1[*]"
RUN-1002 : start command "set_false_path -from  -to  -hold 5"
USR-1002 : set_false_path -help -setup -hold -from <list> -rise_from <list> -fall_from <list> -to <list> -rise_to <list> -fall_to <list> -through <list>
RUN-1002 : start command "get_regs */primary_addr_gray_reg[*]"
RUN-1002 : start command "get_regs */sync_r1[*]"
RUN-1002 : start command "set_max_delay -from  -to  5 -datapath_only"
RUN-1002 : start command "get_regs */primary_addr_gray_reg[*]"
RUN-1002 : start command "get_regs */sync_r1[*]"
RUN-1002 : start command "set_max_delay -from  -to  5 -datapath_only"
RUN-1002 : start command "get_regs */primary_addr_gray_reg[*]"
RUN-1002 : start command "get_regs */sync_r1[*]"
RUN-1002 : start command "set_max_delay -from  -to  5 -datapath_only"
SYN-1001 : 	kept net: Sdram_Control_4Port/read_fifo1/dcfifo_component/rd_to_wr_cross_inst/primary_addr_gray_reg[9](Sdram_Control_4Port/read_fifo1/dcfifo_component/rd_to_wr_cross_inst/primary_addr_gray_reg[9]_syn_5)
SYN-1001 : 	kept net: Sdram_Control_4Port/read_fifo1/dcfifo_component/rd_to_wr_cross_inst/primary_addr_gray_reg[8](Sdram_Control_4Port/read_fifo1/dcfifo_component/rd_to_wr_cross_inst/primary_addr_gray_reg[8]_syn_5)
SYN-1001 : 	kept net: Sdram_Control_4Port/read_fifo1/dcfifo_component/rd_to_wr_cross_inst/primary_addr_gray_reg[7](Sdram_Control_4Port/read_fifo1/dcfifo_component/rd_to_wr_cross_inst/primary_addr_gray_reg[7]_syn_5)
SYN-1001 : 	kept net: Sdram_Control_4Port/read_fifo1/dcfifo_component/rd_to_wr_cross_inst/primary_addr_gray_reg[6](Sdram_Control_4Port/read_fifo1/dcfifo_component/rd_to_wr_cross_inst/primary_addr_gray_reg[6]_syn_5)
SYN-1001 : 	kept net: Sdram_Control_4Port/read_fifo1/dcfifo_component/rd_to_wr_cross_inst/primary_addr_gray_reg[5](Sdram_Control_4Port/read_fifo1/dcfifo_component/rd_to_wr_cross_inst/primary_addr_gray_reg[5]_syn_5)
SYN-1001 : 	kept net: Sdram_Control_4Port/read_fifo1/dcfifo_component/rd_to_wr_cross_inst/primary_addr_gray_reg[4](Sdram_Control_4Port/read_fifo1/dcfifo_component/rd_to_wr_cross_inst/primary_addr_gray_reg[4]_syn_5)
SYN-1001 : 	kept net: Sdram_Control_4Port/read_fifo1/dcfifo_component/rd_to_wr_cross_inst/primary_addr_gray_reg[3](Sdram_Control_4Port/read_fifo1/dcfifo_component/rd_to_wr_cross_inst/primary_addr_gray_reg[3]_syn_5)
SYN-1001 : 	kept net: Sdram_Control_4Port/read_fifo1/dcfifo_component/rd_to_wr_cross_inst/primary_addr_gray_reg[2](Sdram_Control_4Port/read_fifo1/dcfifo_component/rd_to_wr_cross_inst/primary_addr_gray_reg[2]_syn_5)
SYN-1001 : 	kept net: Sdram_Control_4Port/read_fifo1/dcfifo_component/rd_to_wr_cross_inst/primary_addr_gray_reg[1](Sdram_Control_4Port/read_fifo1/dcfifo_component/rd_to_wr_cross_inst/primary_addr_gray_reg[1]_syn_5)
SYN-1001 : 	kept net: Sdram_Control_4Port/read_fifo1/dcfifo_component/rd_to_wr_cross_inst/primary_addr_gray_reg[0](Sdram_Control_4Port/read_fifo1/dcfifo_component/rd_to_wr_cross_inst/primary_addr_gray_reg[0]_syn_5)
SYN-1001 : 	kept net: Sdram_Control_4Port/read_fifo1/dcfifo_component/rd_to_wr_cross_inst/sync_r1[9](Sdram_Control_4Port/read_fifo1/dcfifo_component/rd_to_wr_cross_inst/sync_r1[9]_syn_3)
SYN-1001 : 	kept net: Sdram_Control_4Port/read_fifo1/dcfifo_component/rd_to_wr_cross_inst/sync_r1[8](Sdram_Control_4Port/read_fifo1/dcfifo_component/rd_to_wr_cross_inst/sync_r1[8]_syn_3)
SYN-1001 : 	kept net: Sdram_Control_4Port/read_fifo1/dcfifo_component/rd_to_wr_cross_inst/sync_r1[7](Sdram_Control_4Port/read_fifo1/dcfifo_component/rd_to_wr_cross_inst/sync_r1[7]_syn_3)
SYN-1001 : 	kept net: Sdram_Control_4Port/read_fifo1/dcfifo_component/rd_to_wr_cross_inst/sync_r1[6](Sdram_Control_4Port/read_fifo1/dcfifo_component/rd_to_wr_cross_inst/sync_r1[6]_syn_3)
SYN-1001 : 	kept net: Sdram_Control_4Port/read_fifo1/dcfifo_component/rd_to_wr_cross_inst/sync_r1[5](Sdram_Control_4Port/read_fifo1/dcfifo_component/rd_to_wr_cross_inst/sync_r1[5]_syn_3)
SYN-1001 : 	kept net: Sdram_Control_4Port/read_fifo1/dcfifo_component/rd_to_wr_cross_inst/sync_r1[4](Sdram_Control_4Port/read_fifo1/dcfifo_component/rd_to_wr_cross_inst/sync_r1[4]_syn_3)
SYN-1001 : 	kept net: Sdram_Control_4Port/read_fifo1/dcfifo_component/rd_to_wr_cross_inst/sync_r1[3](Sdram_Control_4Port/read_fifo1/dcfifo_component/rd_to_wr_cross_inst/sync_r1[3]_syn_3)
SYN-1001 : 	kept net: Sdram_Control_4Port/read_fifo1/dcfifo_component/rd_to_wr_cross_inst/sync_r1[2](Sdram_Control_4Port/read_fifo1/dcfifo_component/rd_to_wr_cross_inst/sync_r1[2]_syn_3)
SYN-1001 : 	kept net: Sdram_Control_4Port/read_fifo1/dcfifo_component/rd_to_wr_cross_inst/sync_r1[1](Sdram_Control_4Port/read_fifo1/dcfifo_component/rd_to_wr_cross_inst/sync_r1[1]_syn_3)
SYN-1001 : 	kept net: Sdram_Control_4Port/read_fifo1/dcfifo_component/rd_to_wr_cross_inst/sync_r1[0](Sdram_Control_4Port/read_fifo1/dcfifo_component/rd_to_wr_cross_inst/sync_r1[0]_syn_3)
SYN-1001 : 	kept net: Sdram_Control_4Port/read_fifo1/dcfifo_component/wr_to_rd_cross_inst/primary_addr_gray_reg[9](Sdram_Control_4Port/read_fifo1/dcfifo_component/wr_to_rd_cross_inst/primary_addr_gray_reg[9]_syn_5)
SYN-1001 : 	kept net: Sdram_Control_4Port/read_fifo1/dcfifo_component/wr_to_rd_cross_inst/primary_addr_gray_reg[8](Sdram_Control_4Port/read_fifo1/dcfifo_component/wr_to_rd_cross_inst/primary_addr_gray_reg[8]_syn_5)
SYN-1001 : 	kept net: Sdram_Control_4Port/read_fifo1/dcfifo_component/wr_to_rd_cross_inst/primary_addr_gray_reg[7](Sdram_Control_4Port/read_fifo1/dcfifo_component/wr_to_rd_cross_inst/primary_addr_gray_reg[7]_syn_5)
SYN-1001 : 	kept net: Sdram_Control_4Port/read_fifo1/dcfifo_component/wr_to_rd_cross_inst/primary_addr_gray_reg[6](Sdram_Control_4Port/read_fifo1/dcfifo_component/wr_to_rd_cross_inst/primary_addr_gray_reg[6]_syn_5)
SYN-1001 : 	kept net: Sdram_Control_4Port/read_fifo1/dcfifo_component/wr_to_rd_cross_inst/primary_addr_gray_reg[5](Sdram_Control_4Port/read_fifo1/dcfifo_component/wr_to_rd_cross_inst/primary_addr_gray_reg[5]_syn_5)
SYN-1001 : 	kept net: Sdram_Control_4Port/read_fifo1/dcfifo_component/wr_to_rd_cross_inst/primary_addr_gray_reg[4](Sdram_Control_4Port/read_fifo1/dcfifo_component/wr_to_rd_cross_inst/primary_addr_gray_reg[4]_syn_5)
SYN-1001 : 	kept net: Sdram_Control_4Port/read_fifo1/dcfifo_component/wr_to_rd_cross_inst/primary_addr_gray_reg[3](Sdram_Control_4Port/read_fifo1/dcfifo_component/wr_to_rd_cross_inst/primary_addr_gray_reg[3]_syn_5)
SYN-1001 : 	kept net: Sdram_Control_4Port/read_fifo1/dcfifo_component/wr_to_rd_cross_inst/primary_addr_gray_reg[2](Sdram_Control_4Port/read_fifo1/dcfifo_component/wr_to_rd_cross_inst/primary_addr_gray_reg[2]_syn_5)
SYN-1001 : 	kept net: Sdram_Control_4Port/read_fifo1/dcfifo_component/wr_to_rd_cross_inst/primary_addr_gray_reg[1](Sdram_Control_4Port/read_fifo1/dcfifo_component/wr_to_rd_cross_inst/primary_addr_gray_reg[1]_syn_5)
SYN-1001 : 	kept net: Sdram_Control_4Port/read_fifo1/dcfifo_component/wr_to_rd_cross_inst/primary_addr_gray_reg[0](Sdram_Control_4Port/read_fifo1/dcfifo_component/wr_to_rd_cross_inst/primary_addr_gray_reg[0]_syn_5)
SYN-1001 : 	kept net: Sdram_Control_4Port/read_fifo1/dcfifo_component/wr_to_rd_cross_inst/sync_r1[9](Sdram_Control_4Port/read_fifo1/dcfifo_component/wr_to_rd_cross_inst/sync_r1[9]_syn_3)
SYN-1001 : 	kept net: Sdram_Control_4Port/read_fifo1/dcfifo_component/wr_to_rd_cross_inst/sync_r1[8](Sdram_Control_4Port/read_fifo1/dcfifo_component/wr_to_rd_cross_inst/sync_r1[8]_syn_3)
SYN-1001 : 	kept net: Sdram_Control_4Port/read_fifo1/dcfifo_component/wr_to_rd_cross_inst/sync_r1[7](Sdram_Control_4Port/read_fifo1/dcfifo_component/wr_to_rd_cross_inst/sync_r1[7]_syn_3)
SYN-1001 : 	kept net: Sdram_Control_4Port/read_fifo1/dcfifo_component/wr_to_rd_cross_inst/sync_r1[6](Sdram_Control_4Port/read_fifo1/dcfifo_component/wr_to_rd_cross_inst/sync_r1[6]_syn_3)
SYN-1001 : 	kept net: Sdram_Control_4Port/read_fifo1/dcfifo_component/wr_to_rd_cross_inst/sync_r1[5](Sdram_Control_4Port/read_fifo1/dcfifo_component/wr_to_rd_cross_inst/sync_r1[5]_syn_3)
SYN-1001 : 	kept net: Sdram_Control_4Port/read_fifo1/dcfifo_component/wr_to_rd_cross_inst/sync_r1[4](Sdram_Control_4Port/read_fifo1/dcfifo_component/wr_to_rd_cross_inst/sync_r1[4]_syn_3)
SYN-1001 : 	kept net: Sdram_Control_4Port/read_fifo1/dcfifo_component/wr_to_rd_cross_inst/sync_r1[3](Sdram_Control_4Port/read_fifo1/dcfifo_component/wr_to_rd_cross_inst/sync_r1[3]_syn_3)
SYN-1001 : 	kept net: Sdram_Control_4Port/read_fifo1/dcfifo_component/wr_to_rd_cross_inst/sync_r1[2](Sdram_Control_4Port/read_fifo1/dcfifo_component/wr_to_rd_cross_inst/sync_r1[2]_syn_3)
SYN-1001 : 	kept net: Sdram_Control_4Port/read_fifo1/dcfifo_component/wr_to_rd_cross_inst/sync_r1[1](Sdram_Control_4Port/read_fifo1/dcfifo_component/wr_to_rd_cross_inst/sync_r1[1]_syn_3)
SYN-1001 : 	kept net: Sdram_Control_4Port/read_fifo1/dcfifo_component/wr_to_rd_cross_inst/sync_r1[0](Sdram_Control_4Port/read_fifo1/dcfifo_component/wr_to_rd_cross_inst/sync_r1[0]_syn_3)
SYN-1001 : 	kept net: Sdram_Control_4Port/write_fifo1/dcfifo_component/rd_to_wr_cross_inst/primary_addr_gray_reg[9](Sdram_Control_4Port/write_fifo1/dcfifo_component/rd_to_wr_cross_inst/primary_addr_gray_reg[9]_syn_5)
SYN-1001 : 	kept net: Sdram_Control_4Port/write_fifo1/dcfifo_component/rd_to_wr_cross_inst/primary_addr_gray_reg[8](Sdram_Control_4Port/write_fifo1/dcfifo_component/rd_to_wr_cross_inst/primary_addr_gray_reg[8]_syn_5)
SYN-1001 : 	kept net: Sdram_Control_4Port/write_fifo1/dcfifo_component/rd_to_wr_cross_inst/primary_addr_gray_reg[7](Sdram_Control_4Port/write_fifo1/dcfifo_component/rd_to_wr_cross_inst/primary_addr_gray_reg[7]_syn_5)
SYN-1001 : 	kept net: Sdram_Control_4Port/write_fifo1/dcfifo_component/rd_to_wr_cross_inst/primary_addr_gray_reg[6](Sdram_Control_4Port/write_fifo1/dcfifo_component/rd_to_wr_cross_inst/primary_addr_gray_reg[6]_syn_5)
SYN-1001 : 	kept net: Sdram_Control_4Port/write_fifo1/dcfifo_component/rd_to_wr_cross_inst/primary_addr_gray_reg[5](Sdram_Control_4Port/write_fifo1/dcfifo_component/rd_to_wr_cross_inst/primary_addr_gray_reg[5]_syn_5)
SYN-1001 : 	kept net: Sdram_Control_4Port/write_fifo1/dcfifo_component/rd_to_wr_cross_inst/primary_addr_gray_reg[4](Sdram_Control_4Port/write_fifo1/dcfifo_component/rd_to_wr_cross_inst/primary_addr_gray_reg[4]_syn_5)
SYN-1001 : 	kept net: Sdram_Control_4Port/write_fifo1/dcfifo_component/rd_to_wr_cross_inst/primary_addr_gray_reg[3](Sdram_Control_4Port/write_fifo1/dcfifo_component/rd_to_wr_cross_inst/primary_addr_gray_reg[3]_syn_5)
SYN-1001 : 	kept net: Sdram_Control_4Port/write_fifo1/dcfifo_component/rd_to_wr_cross_inst/primary_addr_gray_reg[2](Sdram_Control_4Port/write_fifo1/dcfifo_component/rd_to_wr_cross_inst/primary_addr_gray_reg[2]_syn_5)
SYN-1001 : 	kept net: Sdram_Control_4Port/write_fifo1/dcfifo_component/rd_to_wr_cross_inst/primary_addr_gray_reg[1](Sdram_Control_4Port/write_fifo1/dcfifo_component/rd_to_wr_cross_inst/primary_addr_gray_reg[1]_syn_5)
SYN-1001 : 	kept net: Sdram_Control_4Port/write_fifo1/dcfifo_component/rd_to_wr_cross_inst/primary_addr_gray_reg[0](Sdram_Control_4Port/write_fifo1/dcfifo_component/rd_to_wr_cross_inst/primary_addr_gray_reg[0]_syn_5)
SYN-1001 : 	kept net: Sdram_Control_4Port/write_fifo1/dcfifo_component/rd_to_wr_cross_inst/sync_r1[9](Sdram_Control_4Port/write_fifo1/dcfifo_component/rd_to_wr_cross_inst/sync_r1[9]_syn_3)
SYN-1001 : 	kept net: Sdram_Control_4Port/write_fifo1/dcfifo_component/rd_to_wr_cross_inst/sync_r1[8](Sdram_Control_4Port/write_fifo1/dcfifo_component/rd_to_wr_cross_inst/sync_r1[8]_syn_3)
SYN-1001 : 	kept net: Sdram_Control_4Port/write_fifo1/dcfifo_component/rd_to_wr_cross_inst/sync_r1[7](Sdram_Control_4Port/write_fifo1/dcfifo_component/rd_to_wr_cross_inst/sync_r1[7]_syn_3)
SYN-1001 : 	kept net: Sdram_Control_4Port/write_fifo1/dcfifo_component/rd_to_wr_cross_inst/sync_r1[6](Sdram_Control_4Port/write_fifo1/dcfifo_component/rd_to_wr_cross_inst/sync_r1[6]_syn_3)
SYN-1001 : 	kept net: Sdram_Control_4Port/write_fifo1/dcfifo_component/rd_to_wr_cross_inst/sync_r1[5](Sdram_Control_4Port/write_fifo1/dcfifo_component/rd_to_wr_cross_inst/sync_r1[5]_syn_3)
SYN-1001 : 	kept net: Sdram_Control_4Port/write_fifo1/dcfifo_component/rd_to_wr_cross_inst/sync_r1[4](Sdram_Control_4Port/write_fifo1/dcfifo_component/rd_to_wr_cross_inst/sync_r1[4]_syn_3)
SYN-1001 : 	kept net: Sdram_Control_4Port/write_fifo1/dcfifo_component/rd_to_wr_cross_inst/sync_r1[3](Sdram_Control_4Port/write_fifo1/dcfifo_component/rd_to_wr_cross_inst/sync_r1[3]_syn_3)
SYN-1001 : 	kept net: Sdram_Control_4Port/write_fifo1/dcfifo_component/rd_to_wr_cross_inst/sync_r1[2](Sdram_Control_4Port/write_fifo1/dcfifo_component/rd_to_wr_cross_inst/sync_r1[2]_syn_3)
SYN-1001 : 	kept net: Sdram_Control_4Port/write_fifo1/dcfifo_component/rd_to_wr_cross_inst/sync_r1[1](Sdram_Control_4Port/write_fifo1/dcfifo_component/rd_to_wr_cross_inst/sync_r1[1]_syn_3)
SYN-1001 : 	kept net: Sdram_Control_4Port/write_fifo1/dcfifo_component/rd_to_wr_cross_inst/sync_r1[0](Sdram_Control_4Port/write_fifo1/dcfifo_component/rd_to_wr_cross_inst/sync_r1[0]_syn_3)
SYN-1001 : 	kept net: Sdram_Control_4Port/write_fifo1/dcfifo_component/wr_to_rd_cross_inst/primary_addr_gray_reg[9](Sdram_Control_4Port/write_fifo1/dcfifo_component/wr_to_rd_cross_inst/primary_addr_gray_reg[9]_syn_5)
SYN-1001 : 	kept net: Sdram_Control_4Port/write_fifo1/dcfifo_component/wr_to_rd_cross_inst/primary_addr_gray_reg[8](Sdram_Control_4Port/write_fifo1/dcfifo_component/wr_to_rd_cross_inst/primary_addr_gray_reg[8]_syn_5)
SYN-1001 : 	kept net: Sdram_Control_4Port/write_fifo1/dcfifo_component/wr_to_rd_cross_inst/primary_addr_gray_reg[7](Sdram_Control_4Port/write_fifo1/dcfifo_component/wr_to_rd_cross_inst/primary_addr_gray_reg[7]_syn_5)
SYN-1001 : 	kept net: Sdram_Control_4Port/write_fifo1/dcfifo_component/wr_to_rd_cross_inst/primary_addr_gray_reg[6](Sdram_Control_4Port/write_fifo1/dcfifo_component/wr_to_rd_cross_inst/primary_addr_gray_reg[6]_syn_5)
SYN-1001 : 	kept net: Sdram_Control_4Port/write_fifo1/dcfifo_component/wr_to_rd_cross_inst/primary_addr_gray_reg[5](Sdram_Control_4Port/write_fifo1/dcfifo_component/wr_to_rd_cross_inst/primary_addr_gray_reg[5]_syn_5)
SYN-1001 : 	kept net: Sdram_Control_4Port/write_fifo1/dcfifo_component/wr_to_rd_cross_inst/primary_addr_gray_reg[4](Sdram_Control_4Port/write_fifo1/dcfifo_component/wr_to_rd_cross_inst/primary_addr_gray_reg[4]_syn_5)
SYN-1001 : 	kept net: Sdram_Control_4Port/write_fifo1/dcfifo_component/wr_to_rd_cross_inst/primary_addr_gray_reg[3](Sdram_Control_4Port/write_fifo1/dcfifo_component/wr_to_rd_cross_inst/primary_addr_gray_reg[3]_syn_5)
SYN-1001 : 	kept net: Sdram_Control_4Port/write_fifo1/dcfifo_component/wr_to_rd_cross_inst/primary_addr_gray_reg[2](Sdram_Control_4Port/write_fifo1/dcfifo_component/wr_to_rd_cross_inst/primary_addr_gray_reg[2]_syn_5)
SYN-1001 : 	kept net: Sdram_Control_4Port/write_fifo1/dcfifo_component/wr_to_rd_cross_inst/primary_addr_gray_reg[1](Sdram_Control_4Port/write_fifo1/dcfifo_component/wr_to_rd_cross_inst/primary_addr_gray_reg[1]_syn_5)
SYN-1001 : 	kept net: Sdram_Control_4Port/write_fifo1/dcfifo_component/wr_to_rd_cross_inst/primary_addr_gray_reg[0](Sdram_Control_4Port/write_fifo1/dcfifo_component/wr_to_rd_cross_inst/primary_addr_gray_reg[0]_syn_5)
SYN-1001 : 	kept net: Sdram_Control_4Port/write_fifo1/dcfifo_component/wr_to_rd_cross_inst/sync_r1[9](Sdram_Control_4Port/write_fifo1/dcfifo_component/wr_to_rd_cross_inst/sync_r1[9]_syn_3)
SYN-1001 : 	kept net: Sdram_Control_4Port/write_fifo1/dcfifo_component/wr_to_rd_cross_inst/sync_r1[8](Sdram_Control_4Port/write_fifo1/dcfifo_component/wr_to_rd_cross_inst/sync_r1[8]_syn_3)
SYN-1001 : 	kept net: Sdram_Control_4Port/write_fifo1/dcfifo_component/wr_to_rd_cross_inst/sync_r1[7](Sdram_Control_4Port/write_fifo1/dcfifo_component/wr_to_rd_cross_inst/sync_r1[7]_syn_3)
SYN-1001 : 	kept net: Sdram_Control_4Port/write_fifo1/dcfifo_component/wr_to_rd_cross_inst/sync_r1[6](Sdram_Control_4Port/write_fifo1/dcfifo_component/wr_to_rd_cross_inst/sync_r1[6]_syn_3)
SYN-1001 : 	kept net: Sdram_Control_4Port/write_fifo1/dcfifo_component/wr_to_rd_cross_inst/sync_r1[5](Sdram_Control_4Port/write_fifo1/dcfifo_component/wr_to_rd_cross_inst/sync_r1[5]_syn_3)
SYN-1001 : 	kept net: Sdram_Control_4Port/write_fifo1/dcfifo_component/wr_to_rd_cross_inst/sync_r1[4](Sdram_Control_4Port/write_fifo1/dcfifo_component/wr_to_rd_cross_inst/sync_r1[4]_syn_3)
SYN-1001 : 	kept net: Sdram_Control_4Port/write_fifo1/dcfifo_component/wr_to_rd_cross_inst/sync_r1[3](Sdram_Control_4Port/write_fifo1/dcfifo_component/wr_to_rd_cross_inst/sync_r1[3]_syn_3)
SYN-1001 : 	kept net: Sdram_Control_4Port/write_fifo1/dcfifo_component/wr_to_rd_cross_inst/sync_r1[2](Sdram_Control_4Port/write_fifo1/dcfifo_component/wr_to_rd_cross_inst/sync_r1[2]_syn_3)
SYN-1001 : 	kept net: Sdram_Control_4Port/write_fifo1/dcfifo_component/wr_to_rd_cross_inst/sync_r1[1](Sdram_Control_4Port/write_fifo1/dcfifo_component/wr_to_rd_cross_inst/sync_r1[1]_syn_3)
SYN-1001 : 	kept net: Sdram_Control_4Port/write_fifo1/dcfifo_component/wr_to_rd_cross_inst/sync_r1[0](Sdram_Control_4Port/write_fifo1/dcfifo_component/wr_to_rd_cross_inst/sync_r1[0]_syn_3)
RUN-1104 : Import SDC file  finished, there are 80 nets kept by constraints.
RUN-1002 : start command "place"
RUN-1001 : Open license file C:/Anlogic/TD5.6.59063/license/Anlogic.lic
RUN-1001 : Print Global Property
RUN-1001 : ---------------------------------------------------------------
RUN-1001 :        Parameters        |  Settings  |  Default Values  |  Note  
RUN-1001 : ---------------------------------------------------------------
RUN-1001 :          message         |  standard  |     standard     |        
RUN-1001 :   mixed_pack_place_flow  |     on     |        on        |        
RUN-1001 :        qor_monitor       |    off     |       off        |        
RUN-1001 :        syn_ip_flow       |    off     |       off        |        
RUN-1001 :          thread          |    auto    |       auto       |        
RUN-1001 : ---------------------------------------------------------------
RUN-1001 : Print Place Property
RUN-1001 : --------------------------------------------------------------
RUN-1001 :        Parameters       |  Settings  |  Default Values  |  Note  
RUN-1001 : --------------------------------------------------------------
RUN-1001 :      detailed_place     |     on     |        on        |        
RUN-1001 :          effort         |   medium   |      medium      |        
RUN-1001 :         fix_hold        |    off     |       off        |        
RUN-1001 :       legalization      |    ori     |       ori        |        
RUN-1001 :      new_spreading      |     on     |        on        |        
RUN-1001 :        opt_timing       |   medium   |      medium      |        
RUN-1001 :   post_clock_route_opt  |    off     |       off        |        
RUN-1001 :       pr_strategy       |     1      |        1         |        
RUN-1001 :        relaxation       |    1.00    |       1.00       |        
RUN-1001 :         retiming        |    off     |       off        |        
RUN-1001 : --------------------------------------------------------------
PHY-3001 : Placer runs in 16 thread(s).
RUN-1002 : start command "legalize_phy_inst"
SYN-1011 : Flatten model test_camera
RUN-1002 : start command "phys_opt -simplify_lut"
SYN-4016 : Net Sdram_Control_4Port/CTRL_CLK driven by BUFG (294 clock/control pins, 1 other pins).
SYN-4027 : Net Sdram_Control_4Port/SDRAM_CLK is clkc1 of pll u_pll/pll_inst.
SYN-4027 : Net vga_clk_dup_1 is clkc2 of pll u_pll/pll_inst.
SYN-4027 : Net u_image_process/clk is clkc3 of pll u_pll/pll_inst.
SYN-4027 : Net u_camera_init/u_i2c_write/clk is clkc4 of pll u_pll/pll_inst.
SYN-4019 : Net clk_24m_dup_1 is refclk of pll u_pll/pll_inst.
SYN-4020 : Net clk_24m_dup_1 is fbclk of pll u_pll/pll_inst.
SYN-4024 : Net "cam_pclk_dup_1" drives clk pins.
SYN-4024 : Net "u_camera_init/divider2[8]" drives clk pins.
SYN-4024 : Net "u_camera_init/divider2[7]" drives clk pins.
SYN-4024 : Net "u_image_select/show_clk_n" drives clk pins.
SYN-4024 : Net "u_image_process/wrreq" drives clk pins.
SYN-4025 : Tag rtl::Net Sdram_Control_4Port/CTRL_CLK as clock net
SYN-4025 : Tag rtl::Net Sdram_Control_4Port/SDRAM_CLK as clock net
SYN-4025 : Tag rtl::Net cam_pclk_dup_1 as clock net
SYN-4025 : Tag rtl::Net clk_24m_dup_1 as clock net
SYN-4025 : Tag rtl::Net u_camera_init/divider2[7] as clock net
SYN-4025 : Tag rtl::Net u_camera_init/divider2[8] as clock net
SYN-4025 : Tag rtl::Net u_camera_init/u_i2c_write/clk as clock net
SYN-4025 : Tag rtl::Net u_image_process/clk as clock net
SYN-4025 : Tag rtl::Net u_image_process/wrreq as clock net
SYN-4025 : Tag rtl::Net u_image_select/show_clk_n as clock net
SYN-4025 : Tag rtl::Net vga_clk_dup_1 as clock net
SYN-4026 : Tagged 11 rtl::Net as clock net
SYN-4015 : Create BUFG instance for clk Net u_camera_init/divider2[8] to drive 32 clock pins.
SYN-4015 : Create BUFG instance for clk Net u_camera_init/divider2[7] to drive 18 clock pins.
SYN-4015 : Create BUFG instance for clk Net u_image_select/show_clk_n to drive 17 clock pins.
SYN-4015 : Create BUFG instance for clk Net u_image_process/wrreq to drive 16 clock pins.
PHY-1001 : Populate physical database on model test_camera.
RUN-1001 : There are total 2628 instances
RUN-0007 : 1102 luts, 936 seqs, 338 mslices, 103 lslices, 132 pads, 4 brams, 4 dsps
RUN-1001 : There are total 3047 nets
RUN-1001 : 2117 nets have 2 pins
RUN-1001 : 544 nets have [3 - 5] pins
RUN-1001 : 297 nets have [6 - 10] pins
RUN-1001 : 54 nets have [11 - 20] pins
RUN-1001 : 28 nets have [21 - 99] pins
RUN-1001 : 7 nets have 100+ pins
RUN-1001 : Report Control nets information:
RUN-1001 : DFF Distribution
RUN-1001 : ----------------------------------
RUN-1001 :   CE   |  SSR  |  ASR  |  DFF Count  
RUN-1001 : ----------------------------------
RUN-1001 :   No   |  No   |  No   |     69      
RUN-1001 :   No   |  No   |  Yes  |     554     
RUN-1001 :   No   |  Yes  |  No   |     50      
RUN-1001 :   Yes  |  No   |  No   |     32      
RUN-1001 :   Yes  |  No   |  Yes  |     207     
RUN-1001 :   Yes  |  Yes  |  No   |     24      
RUN-1001 : ----------------------------------
RUN-0007 : Control Group Statistic
RUN-0007 : ---------------------------
RUN-0007 :   #CLK  |  #CE  |  #SSR/ASR  
RUN-0007 : ---------------------------
RUN-0007 :    24   |  19   |     31     
RUN-0007 : ---------------------------
RUN-0007 : Control Set = 74
PHY-3001 : Initial placement ...
PHY-3001 : design contains 2626 instances, 1102 luts, 936 seqs, 441 slices, 87 macros(441 instances: 338 mslices 103 lslices)
PHY-0007 : Cell area utilization is 10%
PHY-3001 : Start timing update ...
RUN-1002 : start command "start_timer -report"
TMR-2505 : Start building timing graph for model test_camera.
TMR-2506 : Build timing graph completely. Port num: 19, tpin num: 11929, tnet num: 3045, tinst num: 2626, tnode num: 14935, tedge num: 18953.
TMR-2508 : Levelizing timing graph completed, there are 28 levels in total.
TMR-2501 : Timing graph initialized successfully.
TMR-2503 : Start to update net delay, extr mode = 2.
TMR-2504 : Update delay of 3045 nets completely.
TMR-2502 : Annotate delay completely, extr mode = 2.
TMR-3001 : Initiate 0 clocks from SDC.
TMR-3004 : Map sdc constraints, there are 2 constraints in total.
TMR-3003 : Constraints initiated successfully.
TMR-3501 : Forward propagation: start to calculate arrival time...
TMR-3502 : Backward propagation: start to calculate required time...
TMR-3503 : Timing propagation completes.
PHY-3001 : End timing update;  0.917479s wall, 0.906250s user + 0.015625s system = 0.921875s CPU (100.5%)

PHY-3001 : Global placement ...
PHY-3001 : Initial: Len = 746366
PHY-3001 : Clustering ...
PHY-3001 : Level 0 #clusters 2626.
PHY-3001 : End clustering;  0.000012s wall, 0.000000s user + 0.000000s system = 0.000000s CPU (n/a%)

PHY-3001 : Run with size of 4
PHY-3001 : Cell area utilization is 10%
PHY-3001 : :::0::: Try harder cell spreading with beta_ = 0
PHY-3002 : Step(1): len = 609498, overlap = 22.5
PHY-3002 : Step(2): len = 436275, overlap = 22.5
PHY-3002 : Step(3): len = 347989, overlap = 20.25
PHY-3002 : Step(4): len = 279301, overlap = 22.5
PHY-3002 : Step(5): len = 231892, overlap = 22.5
PHY-3002 : Step(6): len = 201200, overlap = 16.625
PHY-3002 : Step(7): len = 182468, overlap = 19.375
PHY-3002 : Step(8): len = 155542, overlap = 28.4375
PHY-3002 : Step(9): len = 146930, overlap = 28.9375
PHY-3002 : Step(10): len = 133591, overlap = 34.8125
PHY-3002 : Step(11): len = 123649, overlap = 36.375
PHY-3002 : Step(12): len = 114880, overlap = 41.7188
PHY-3002 : Step(13): len = 107976, overlap = 43.6875
PHY-3002 : Step(14): len = 102823, overlap = 50.25
PHY-3002 : Step(15): len = 97534.7, overlap = 53.6875
PHY-3002 : Step(16): len = 94157.1, overlap = 55.9375
PHY-3002 : Step(17): len = 91465.3, overlap = 65.2188
PHY-3001 : :::1::: Try harder cell spreading with beta_ = 6.91678e-05
PHY-3002 : Step(18): len = 95152.5, overlap = 61.4062
PHY-3002 : Step(19): len = 96158.7, overlap = 58.25
PHY-3002 : Step(20): len = 96598.6, overlap = 56.9062
PHY-3002 : Step(21): len = 94119.2, overlap = 40.6875
PHY-3002 : Step(22): len = 94781.9, overlap = 40.5938
PHY-3002 : Step(23): len = 96043.8, overlap = 37.75
PHY-3002 : Step(24): len = 95005.9, overlap = 40.2812
PHY-3002 : Step(25): len = 94793.5, overlap = 40.5312
PHY-3002 : Step(26): len = 94130.3, overlap = 40.1562
PHY-3002 : Step(27): len = 93675.3, overlap = 40.875
PHY-3002 : Step(28): len = 91583.8, overlap = 41.5
PHY-3002 : Step(29): len = 90612.3, overlap = 43.3438
PHY-3002 : Step(30): len = 90310.7, overlap = 46.5
PHY-3002 : Step(31): len = 88490.1, overlap = 44.0625
PHY-3002 : Step(32): len = 85668.1, overlap = 39.3125
PHY-3002 : Step(33): len = 84460.5, overlap = 34.3438
PHY-3002 : Step(34): len = 84034.2, overlap = 29.9688
PHY-3002 : Step(35): len = 83859.2, overlap = 29.2812
PHY-3002 : Step(36): len = 82865.4, overlap = 29.0938
PHY-3002 : Step(37): len = 82679, overlap = 28.5938
PHY-3002 : Step(38): len = 82552.2, overlap = 29.0938
PHY-3002 : Step(39): len = 82503.8, overlap = 29.2188
PHY-3002 : Step(40): len = 81525.2, overlap = 27.9062
PHY-3002 : Step(41): len = 81134.9, overlap = 28.7812
PHY-3002 : Step(42): len = 81498.2, overlap = 29.0625
PHY-3002 : Step(43): len = 81556.1, overlap = 29.375
PHY-3002 : Step(44): len = 81394.1, overlap = 29.7188
PHY-3001 : :::2::: Try harder cell spreading with beta_ = 0.000138336
PHY-3002 : Step(45): len = 81080.8, overlap = 29.7812
PHY-3002 : Step(46): len = 80990.3, overlap = 30.1875
PHY-3002 : Step(47): len = 80911, overlap = 30.2812
PHY-3001 : :::3::: Try harder cell spreading with beta_ = 0.000276671
PHY-3002 : Step(48): len = 81109.6, overlap = 31.8125
PHY-3002 : Step(49): len = 81194.6, overlap = 31.625
PHY-3001 : Legalization ...
PHY-3001 : End legalization;  0.008835s wall, 0.015625s user + 0.000000s system = 0.015625s CPU (176.8%)

PHY-3001 : Run with size of 4
PHY-3001 : Cell area utilization is 13%
PHY-3001 : Update timing in Manhattan mode ...
TMR-2503 : Start to update net delay, extr mode = 3.
TMR-2504 : Update delay of 3045 nets completely.
TMR-2502 : Annotate delay completely, extr mode = 3.
TMR-3501 : Forward propagation: start to calculate arrival time...
TMR-3502 : Backward propagation: start to calculate required time...
TMR-3503 : Timing propagation completes.
PHY-3001 : End timing update;  0.054825s wall, 0.046875s user + 0.000000s system = 0.046875s CPU (85.5%)

PHY-3001 : :::0::: Try harder cell spreading with beta_ = 5.51524e-06
PHY-3002 : Step(50): len = 91698.6, overlap = 60.1875
PHY-3002 : Step(51): len = 91803, overlap = 62.25
PHY-3002 : Step(52): len = 88729, overlap = 64.7188
PHY-3002 : Step(53): len = 88407.1, overlap = 64.8125
PHY-3002 : Step(54): len = 87823.2, overlap = 64.5312
PHY-3002 : Step(55): len = 86222.7, overlap = 64.6875
PHY-3002 : Step(56): len = 85260.4, overlap = 64.1875
PHY-3002 : Step(57): len = 81655.5, overlap = 61.2188
PHY-3002 : Step(58): len = 80001.7, overlap = 61.9062
PHY-3002 : Step(59): len = 79311.4, overlap = 64.8125
PHY-3002 : Step(60): len = 78566.9, overlap = 69.8125
PHY-3002 : Step(61): len = 77567.2, overlap = 72.9688
PHY-3002 : Step(62): len = 77005.2, overlap = 72.5625
PHY-3002 : Step(63): len = 76825.5, overlap = 71.4375
PHY-3001 : :::1::: Try harder cell spreading with beta_ = 1.10305e-05
PHY-3002 : Step(64): len = 76479, overlap = 72.4375
PHY-3002 : Step(65): len = 76485.9, overlap = 72.25
PHY-3002 : Step(66): len = 76496.4, overlap = 72.25
PHY-3001 : :::2::: Try harder cell spreading with beta_ = 2.2061e-05
PHY-3002 : Step(67): len = 77164.4, overlap = 64.1875
PHY-3002 : Step(68): len = 77300.9, overlap = 58.9062
PHY-3002 : Step(69): len = 79176.9, overlap = 56.9688
PHY-3002 : Step(70): len = 78896.2, overlap = 57.9062
PHY-3002 : Step(71): len = 78873.7, overlap = 58.5312
PHY-3002 : Step(72): len = 77510.6, overlap = 52.5625
PHY-3002 : Step(73): len = 77577.4, overlap = 48.0312
PHY-3002 : Step(74): len = 76853.4, overlap = 46.2812
PHY-3002 : Step(75): len = 76810.2, overlap = 46.1562
PHY-3002 : Step(76): len = 76667.1, overlap = 45.75
PHY-3001 : :::3::: Try harder cell spreading with beta_ = 4.4122e-05
PHY-3002 : Step(77): len = 76760.5, overlap = 44.4375
PHY-3002 : Step(78): len = 76769, overlap = 44.1875
PHY-3002 : Step(79): len = 76980, overlap = 43.8125
PHY-3001 : :::4::: Try harder cell spreading with beta_ = 8.82439e-05
PHY-3002 : Step(80): len = 77124.7, overlap = 44.125
PHY-3002 : Step(81): len = 77215.4, overlap = 44.875
PHY-3002 : Step(82): len = 77215.4, overlap = 44.875
PHY-3001 : Run with size of 2
PHY-3001 : Cell area utilization is 13%
PHY-3001 : Update timing in Manhattan mode ...
TMR-2503 : Start to update net delay, extr mode = 3.
TMR-2504 : Update delay of 3045 nets completely.
TMR-2502 : Annotate delay completely, extr mode = 3.
TMR-3501 : Forward propagation: start to calculate arrival time...
TMR-3502 : Backward propagation: start to calculate required time...
TMR-3503 : Timing propagation completes.
PHY-3001 : End timing update;  0.053294s wall, 0.046875s user + 0.000000s system = 0.046875s CPU (88.0%)

PHY-3001 : :::0::: Try harder cell spreading with beta_ = 2.5483e-05
PHY-3002 : Step(83): len = 77896.2, overlap = 128.875
PHY-3002 : Step(84): len = 77955.7, overlap = 128.719
PHY-3002 : Step(85): len = 78110.2, overlap = 129.281
PHY-3002 : Step(86): len = 78219.5, overlap = 128.906
PHY-3002 : Step(87): len = 78304.7, overlap = 127.906
PHY-3001 : :::1::: Try harder cell spreading with beta_ = 5.0966e-05
PHY-3002 : Step(88): len = 78637.1, overlap = 125.406
PHY-3002 : Step(89): len = 78739.5, overlap = 125.094
PHY-3002 : Step(90): len = 80655.7, overlap = 119.656
PHY-3002 : Step(91): len = 82449.4, overlap = 113.094
PHY-3002 : Step(92): len = 81818.3, overlap = 111.062
PHY-3002 : Step(93): len = 81746.9, overlap = 110.656
PHY-3002 : Step(94): len = 81746.9, overlap = 110.656
PHY-3001 : :::2::: Try harder cell spreading with beta_ = 0.000101932
PHY-3002 : Step(95): len = 82388, overlap = 101.125
PHY-3002 : Step(96): len = 82507.1, overlap = 100.438
PHY-3002 : Step(97): len = 83622.4, overlap = 88
PHY-3002 : Step(98): len = 83421.9, overlap = 82
PHY-3002 : Step(99): len = 83415.7, overlap = 81.375
PHY-3001 : :::3::: Try harder cell spreading with beta_ = 0.000203864
PHY-3002 : Step(100): len = 83951.1, overlap = 78.25
PHY-3002 : Step(101): len = 84022.6, overlap = 77.4688
PHY-3002 : Step(102): len = 84874.9, overlap = 72.5
PHY-3002 : Step(103): len = 85237, overlap = 71.625
PHY-3002 : Step(104): len = 85156.6, overlap = 66.7812
PHY-3001 : :::4::: Try harder cell spreading with beta_ = 0.000407728
PHY-3002 : Step(105): len = 85296.4, overlap = 68.3438
PHY-3002 : Step(106): len = 85309.8, overlap = 67.625
PHY-3001 : :::5::: Try harder cell spreading with beta_ = 0.000815456
PHY-3002 : Step(107): len = 85820.9, overlap = 67
PHY-3002 : Step(108): len = 86395.2, overlap = 63.375
PHY-3002 : Step(109): len = 86744.9, overlap = 62.625
OPT-1001 : Start physical optimization ...
RUN-1002 : start command "start_timer -report"
TMR-2505 : Start building timing graph for model test_camera.
TMR-2506 : Build timing graph completely. Port num: 19, tpin num: 11929, tnet num: 3045, tinst num: 2626, tnode num: 14935, tedge num: 18953.
TMR-2508 : Levelizing timing graph completed, there are 28 levels in total.
TMR-2501 : Timing graph initialized successfully.
OPT-1001 : Total overflow 183.44 peak overflow 4.72
OPT-1001 : Start high-fanout net optimization ...
OPT-1001 : Update timing in global mode
PHY-1001 : Start incremental global routing, caller is place ...
RUN-1001 : Generating global routing grids ...
RUN-1001 : Building simple global routing graph ...
PHY-1001 : Generate routing nets ...
PHY-1001 : Reuse net number 0/3047.
PHY-1001 : Global iterations in 16 thread ...
PHY-1002 : len = 97872, over cnt = 354(1%), over = 1319, worst = 17
PHY-1001 : End global iterations;  0.178996s wall, 0.250000s user + 0.093750s system = 0.343750s CPU (192.0%)

PHY-1001 : Congestion index: top1 = 42.91, top5 = 28.56, top10 = 21.37, top15 = 16.87.
PHY-1001 : End incremental global routing;  0.250191s wall, 0.312500s user + 0.093750s system = 0.406250s CPU (162.4%)

TMR-2503 : Start to update net delay, extr mode = 5.
TMR-2504 : Update delay of 3045 nets completely.
TMR-2502 : Annotate delay completely, extr mode = 5.
TMR-3001 : Initiate 0 clocks from SDC.
TMR-3004 : Map sdc constraints, there are 2 constraints in total.
TMR-3003 : Constraints initiated successfully.
TMR-3501 : Forward propagation: start to calculate arrival time...
TMR-3502 : Backward propagation: start to calculate required time...
TMR-3503 : Timing propagation completes.
OPT-1001 : End timing update;  0.071440s wall, 0.062500s user + 0.000000s system = 0.062500s CPU (87.5%)

OPT-1001 : 0 high-fanout net processed.
OPT-1001 : End high-fanout net optimization;  0.369913s wall, 0.437500s user + 0.093750s system = 0.531250s CPU (143.6%)

OPT-1001 : Current memory(MB): used = 204, reserve = 180, peak = 204.
OPT-1001 : Start global optimization ...
OPT-1001 : Start congestion update ...
RUN-1001 : Generating global routing grids ...
PHY-1001 : Generate routing nets ...
PHY-1001 : Reuse net number 2230/3047.
PHY-1001 : Global iterations in 16 thread ...
PHY-1002 : len = 97872, over cnt = 354(1%), over = 1319, worst = 17
PHY-1002 : len = 104976, over cnt = 225(0%), over = 614, worst = 11
PHY-1002 : len = 111256, over cnt = 31(0%), over = 41, worst = 4
PHY-1002 : len = 111576, over cnt = 13(0%), over = 20, worst = 4
PHY-1002 : len = 111760, over cnt = 0(0%), over = 0, worst = 0
PHY-1001 : End global iterations;  0.212430s wall, 0.250000s user + 0.000000s system = 0.250000s CPU (117.7%)

PHY-1001 : Congestion index: top1 = 37.05, top5 = 27.59, top10 = 21.84, top15 = 17.89.
OPT-1001 : End congestion update;  0.274335s wall, 0.296875s user + 0.000000s system = 0.296875s CPU (108.2%)

OPT-1001 : Update timing in Manhattan mode
TMR-2503 : Start to update net delay, extr mode = 3.
TMR-2504 : Update delay of 3045 nets completely.
TMR-2502 : Annotate delay completely, extr mode = 3.
TMR-3501 : Forward propagation: start to calculate arrival time...
TMR-3502 : Backward propagation: start to calculate required time...
TMR-3503 : Timing propagation completes.
OPT-1001 : End timing update;  0.052114s wall, 0.046875s user + 0.000000s system = 0.046875s CPU (89.9%)

OPT-0007 : Start: WNS 4470 TNS 0 NUM_FEPS 0
OPT-1001 : End global optimization;  0.326573s wall, 0.343750s user + 0.000000s system = 0.343750s CPU (105.3%)

OPT-1001 : Current memory(MB): used = 207, reserve = 183, peak = 207.
OPT-1001 : End physical optimization;  1.598590s wall, 1.687500s user + 0.109375s system = 1.796875s CPU (112.4%)

PHY-3001 : Start packing ...
SYN-4007 : Packing 0 MUX to BLE ...
SYN-4008 : Packed 0 MUX and 0 SEQ to BLE.
SYN-4007 : Packing 1102 LUT to BLE ...
SYN-4008 : Packed 1102 LUT and 452 SEQ to BLE.
SYN-4003 : Packing 484 remaining SEQ's ...
SYN-4005 : Packed 246 SEQ with LUT/SLICE
SYN-4006 : 476 single LUT's are left
SYN-4006 : 238 single SEQ's are left
SYN-4011 : Packing model "test_camera" (AL_USER_NORMAL) with 1340/2090 primitive instances ...
PHY-3001 : End packing;  0.106161s wall, 0.109375s user + 0.000000s system = 0.109375s CPU (103.0%)

PHY-1001 : Populate physical database on model test_camera.
RUN-1001 : There are total 1317 instances
RUN-1001 : 584 mslices, 584 lslices, 132 pads, 4 brams, 4 dsps
RUN-1001 : There are total 2644 nets
RUN-1001 : 1748 nets have 2 pins
RUN-1001 : 511 nets have [3 - 5] pins
RUN-1001 : 305 nets have [6 - 10] pins
RUN-1001 : 48 nets have [11 - 20] pins
RUN-1001 : 27 nets have [21 - 99] pins
RUN-1001 : 5 nets have 100+ pins
PHY-3001 : design contains 1315 instances, 1168 slices, 87 macros(441 instances: 338 mslices 103 lslices)
PHY-3001 : Cell area utilization is 15%
PHY-3001 : After packing: Len = 88118, Over = 83
PHY-3001 : Run with size of 2
PHY-3001 : Cell area utilization is 15%
PHY-3001 : Update timing in Manhattan mode ...
RUN-1002 : start command "start_timer -report"
TMR-2505 : Start building timing graph for model test_camera.
TMR-2506 : Build timing graph completely. Port num: 19, tpin num: 10234, tnet num: 2642, tinst num: 1315, tnode num: 12384, tedge num: 16865.
TMR-2508 : Levelizing timing graph completed, there are 28 levels in total.
TMR-2501 : Timing graph initialized successfully.
TMR-2503 : Start to update net delay, extr mode = 3.
TMR-2504 : Update delay of 2642 nets completely.
TMR-2502 : Annotate delay completely, extr mode = 3.
TMR-3001 : Initiate 0 clocks from SDC.
TMR-3004 : Map sdc constraints, there are 2 constraints in total.
TMR-3003 : Constraints initiated successfully.
TMR-3501 : Forward propagation: start to calculate arrival time...
TMR-3502 : Backward propagation: start to calculate required time...
TMR-3503 : Timing propagation completes.
PHY-3001 : End timing update;  0.967741s wall, 0.968750s user + 0.000000s system = 0.968750s CPU (100.1%)

PHY-3001 : :::0::: Try harder cell spreading with beta_ = 3.48e-05
PHY-3002 : Step(110): len = 87217.3, overlap = 80
PHY-3002 : Step(111): len = 86647.2, overlap = 79.5
PHY-3002 : Step(112): len = 86002.5, overlap = 78.25
PHY-3002 : Step(113): len = 84853.7, overlap = 81.25
PHY-3002 : Step(114): len = 84457.5, overlap = 85.5
PHY-3002 : Step(115): len = 84236.5, overlap = 86
PHY-3001 : :::1::: Try harder cell spreading with beta_ = 6.96001e-05
PHY-3002 : Step(116): len = 85199.3, overlap = 83
PHY-3002 : Step(117): len = 85568.9, overlap = 82.25
PHY-3002 : Step(118): len = 87020.2, overlap = 80
PHY-3001 : :::2::: Try harder cell spreading with beta_ = 0.0001392
PHY-3002 : Step(119): len = 87566.2, overlap = 76.75
PHY-3002 : Step(120): len = 88078.3, overlap = 76
PHY-3002 : Step(121): len = 88888.9, overlap = 71.75
PHY-3001 : Legalization ...
PHY-3001 : End legalization;  0.184699s wall, 0.125000s user + 0.296875s system = 0.421875s CPU (228.4%)

PHY-3001 : Trial Legalized: Len = 110374
PHY-3001 : Run with size of 2
PHY-3001 : Cell area utilization is 15%
PHY-3001 : Update timing in Manhattan mode ...
TMR-2503 : Start to update net delay, extr mode = 3.
TMR-2504 : Update delay of 2642 nets completely.
TMR-2502 : Annotate delay completely, extr mode = 3.
TMR-3501 : Forward propagation: start to calculate arrival time...
TMR-3502 : Backward propagation: start to calculate required time...
TMR-3503 : Timing propagation completes.
PHY-3001 : End timing update;  0.047285s wall, 0.046875s user + 0.000000s system = 0.046875s CPU (99.1%)

PHY-3001 : :::0::: Try harder cell spreading with beta_ = 0.000329607
PHY-3002 : Step(122): len = 105794, overlap = 5.75
PHY-3002 : Step(123): len = 99165.7, overlap = 20.5
PHY-3002 : Step(124): len = 96663.7, overlap = 23.75
PHY-3002 : Step(125): len = 95498.6, overlap = 26
PHY-3002 : Step(126): len = 94767, overlap = 28.25
PHY-3002 : Step(127): len = 94508, overlap = 29.25
PHY-3002 : Step(128): len = 94436.6, overlap = 29.25
PHY-3001 : :::1::: Try harder cell spreading with beta_ = 0.000659214
PHY-3002 : Step(129): len = 94439.4, overlap = 28.75
PHY-3002 : Step(130): len = 94453.3, overlap = 28.75
PHY-3001 : :::2::: Try harder cell spreading with beta_ = 0.00119928
PHY-3002 : Step(131): len = 94513.9, overlap = 28.5
PHY-3002 : Step(132): len = 94519.2, overlap = 29.25
PHY-3001 : Legalization ...
PHY-3001 : End legalization;  0.006250s wall, 0.015625s user + 0.000000s system = 0.015625s CPU (250.0%)

PHY-3001 : Legalized: Len = 101849, Over = 0
PHY-3001 : Spreading special nets. 22 overflows in 2952 tiles.
PHY-3001 : End spreading;  0.010611s wall, 0.000000s user + 0.000000s system = 0.000000s CPU (n/a%)

PHY-3001 : 33 instances has been re-located, deltaX = 15, deltaY = 26, maxDist = 3.
PHY-3001 : Final: Len = 102630, Over = 0
OPT-1001 : Start physical optimization ...
RUN-1002 : start command "start_timer -report"
TMR-2505 : Start building timing graph for model test_camera.
TMR-2506 : Build timing graph completely. Port num: 19, tpin num: 10234, tnet num: 2642, tinst num: 1315, tnode num: 12384, tedge num: 16865.
TMR-2508 : Levelizing timing graph completed, there are 28 levels in total.
TMR-2501 : Timing graph initialized successfully.
OPT-1001 : Total overflow 0.00 peak overflow 0.00
OPT-1001 : Start high-fanout net optimization ...
OPT-1001 : Update timing in global mode
PHY-1001 : Start incremental global routing, caller is place ...
RUN-1001 : Generating global routing grids ...
PHY-1001 : Generate routing nets ...
PHY-1001 : Reuse net number 148/2644.
PHY-1001 : Global iterations in 16 thread ...
PHY-1002 : len = 120088, over cnt = 293(0%), over = 510, worst = 7
PHY-1002 : len = 122376, over cnt = 167(0%), over = 231, worst = 5
PHY-1002 : len = 124816, over cnt = 4(0%), over = 5, worst = 2
PHY-1002 : len = 124856, over cnt = 0(0%), over = 0, worst = 0
PHY-1001 : End global iterations;  0.338528s wall, 0.359375s user + 0.078125s system = 0.437500s CPU (129.2%)

PHY-1001 : Congestion index: top1 = 33.17, top5 = 26.36, top10 = 22.11, top15 = 18.82.
PHY-1001 : End incremental global routing;  0.418416s wall, 0.453125s user + 0.078125s system = 0.531250s CPU (127.0%)

TMR-2503 : Start to update net delay, extr mode = 5.
TMR-2504 : Update delay of 2642 nets completely.
TMR-2502 : Annotate delay completely, extr mode = 5.
TMR-3001 : Initiate 0 clocks from SDC.
TMR-3004 : Map sdc constraints, there are 2 constraints in total.
TMR-3003 : Constraints initiated successfully.
TMR-3501 : Forward propagation: start to calculate arrival time...
TMR-3502 : Backward propagation: start to calculate required time...
TMR-3503 : Timing propagation completes.
OPT-1001 : End timing update;  0.063807s wall, 0.062500s user + 0.000000s system = 0.062500s CPU (98.0%)

OPT-1001 : 0 high-fanout net processed.
OPT-1001 : End high-fanout net optimization;  0.531748s wall, 0.562500s user + 0.078125s system = 0.640625s CPU (120.5%)

OPT-1001 : Current memory(MB): used = 214, reserve = 191, peak = 214.
OPT-1001 : Start path based optimization ...
OPT-1001 : Start congestion update ...
RUN-1001 : Generating global routing grids ...
PHY-1001 : Generate routing nets ...
PHY-1001 : Reuse net number 2209/2644.
PHY-1001 : Global iterations in 16 thread ...
PHY-1002 : len = 124856, over cnt = 0(0%), over = 0, worst = 0
PHY-1001 : End global iterations;  0.013201s wall, 0.015625s user + 0.000000s system = 0.015625s CPU (118.4%)

PHY-1001 : Congestion index: top1 = 33.17, top5 = 26.36, top10 = 22.11, top15 = 18.82.
OPT-1001 : End congestion update;  0.079683s wall, 0.093750s user + 0.000000s system = 0.093750s CPU (117.7%)

OPT-1001 : Update timing in Manhattan mode
TMR-2503 : Start to update net delay, extr mode = 3.
TMR-2504 : Update delay of 2642 nets completely.
TMR-2502 : Annotate delay completely, extr mode = 3.
TMR-3501 : Forward propagation: start to calculate arrival time...
TMR-3502 : Backward propagation: start to calculate required time...
TMR-3503 : Timing propagation completes.
OPT-1001 : End timing update;  0.045743s wall, 0.031250s user + 0.000000s system = 0.031250s CPU (68.3%)

OPT-0007 : Start: WNS 4295 TNS 0 NUM_FEPS 0
OPT-1001 : End path based optimization;  0.125538s wall, 0.125000s user + 0.000000s system = 0.125000s CPU (99.6%)

OPT-1001 : Current memory(MB): used = 216, reserve = 192, peak = 216.
OPT-1001 : Update timing in Manhattan mode
TMR-2503 : Start to update net delay, extr mode = 3.
TMR-2504 : Update delay of 2642 nets completely.
TMR-2502 : Annotate delay completely, extr mode = 3.
TMR-3501 : Forward propagation: start to calculate arrival time...
TMR-3502 : Backward propagation: start to calculate required time...
TMR-3503 : Timing propagation completes.
OPT-1001 : End timing update;  0.045042s wall, 0.046875s user + 0.000000s system = 0.046875s CPU (104.1%)

OPT-1001 : Start pin optimization...
OPT-1001 : skip pin optimization...
OPT-1001 : Update timing in global mode
PHY-1001 : Start incremental global routing, caller is place ...
RUN-1001 : Generating global routing grids ...
PHY-1001 : Generate routing nets ...
PHY-1001 : Reuse net number 2209/2644.
PHY-1001 : Global iterations in 16 thread ...
PHY-1002 : len = 124856, over cnt = 0(0%), over = 0, worst = 0
PHY-1001 : End global iterations;  0.013741s wall, 0.015625s user + 0.000000s system = 0.015625s CPU (113.7%)

PHY-1001 : Congestion index: top1 = 33.17, top5 = 26.36, top10 = 22.11, top15 = 18.82.
PHY-1001 : End incremental global routing;  0.080751s wall, 0.093750s user + 0.000000s system = 0.093750s CPU (116.1%)

TMR-2503 : Start to update net delay, extr mode = 5.
TMR-2504 : Update delay of 2642 nets completely.
TMR-2502 : Annotate delay completely, extr mode = 5.
TMR-3501 : Forward propagation: start to calculate arrival time...
TMR-3502 : Backward propagation: start to calculate required time...
TMR-3503 : Timing propagation completes.
OPT-1001 : End timing update;  0.063571s wall, 0.062500s user + 0.000000s system = 0.062500s CPU (98.3%)

RUN-1001 : Generating global routing grids ...
PHY-1001 : Generate routing nets ...
PHY-1001 : Reuse net number 2209/2644.
PHY-1001 : Global iterations in 16 thread ...
PHY-1002 : len = 124856, over cnt = 0(0%), over = 0, worst = 0
PHY-1001 : End global iterations;  0.013765s wall, 0.015625s user + 0.000000s system = 0.015625s CPU (113.5%)

PHY-1001 : Congestion index: top1 = 33.17, top5 = 26.36, top10 = 22.11, top15 = 18.82.
OPT-1001 : Update timing in Manhattan mode
TMR-2503 : Start to update net delay, extr mode = 3.
TMR-2504 : Update delay of 2642 nets completely.
TMR-2502 : Annotate delay completely, extr mode = 3.
TMR-3501 : Forward propagation: start to calculate arrival time...
TMR-3502 : Backward propagation: start to calculate required time...
TMR-3503 : Timing propagation completes.
OPT-1001 : End timing update;  0.045598s wall, 0.046875s user + 0.000000s system = 0.046875s CPU (102.8%)

RUN-1001 : QoR Analysis:
OPT-0007 :   WNS 4295 TNS 0 NUM_FEPS 0
RUN-1001 :   No local congestion issue, and most congested 1% tile average routing util is 32.758621
RUN-1001 :   Top critical paths
OPT-1001 : End physical optimization;  1.937156s wall, 1.937500s user + 0.109375s system = 2.046875s CPU (105.7%)

RUN-1003 : finish command "place" in  9.708368s wall, 12.343750s user + 4.281250s system = 16.625000s CPU (171.2%)

RUN-1004 : used memory is 189 MB, reserved memory is 166 MB, peak memory is 216 MB
RUN-1002 : start command "export_db ov2640_sdram_place.db"
RUN-1001 : Exported /
RUN-1001 : Exported flow parameters
RUN-1001 : Exported libs
RUN-1001 : Exported entities
RUN-1001 : Exported ports
RUN-1001 : Exported pins
RUN-1001 : Exported instances
RUN-1001 : Exported nets
RUN-1001 : Exported buses
RUN-1001 : Exported models
RUN-1001 : Exported congestions
RUN-1001 : Exported violations
RUN-1001 : Exported timing constraints
RUN-1001 : Exported IO constraints
RUN-1001 : Exported Inst constraints
RUN-1002 : start command "route"
RUN-1001 : Open license file C:/Anlogic/TD5.6.59063/license/Anlogic.lic
RUN-1001 : Print Global Property
RUN-1001 : ---------------------------------------------------------------
RUN-1001 :        Parameters        |  Settings  |  Default Values  |  Note  
RUN-1001 : ---------------------------------------------------------------
RUN-1001 :          message         |  standard  |     standard     |        
RUN-1001 :   mixed_pack_place_flow  |     on     |        on        |        
RUN-1001 :        qor_monitor       |    off     |       off        |        
RUN-1001 :        syn_ip_flow       |    off     |       off        |        
RUN-1001 :          thread          |    auto    |       auto       |        
RUN-1001 : ---------------------------------------------------------------
RUN-1001 : Print Route Property
RUN-1001 : -------------------------------------------------------
RUN-1001 :    Parameters    |  Settings  |  Default Values  |  Note  
RUN-1001 : -------------------------------------------------------
RUN-1001 :      effort      |   medium   |      medium      |        
RUN-1001 :     fix_hold     |    off     |       off        |        
RUN-1001 :    opt_timing    |   medium   |      medium      |        
RUN-1001 :   phy_sim_model  |    off     |       off        |        
RUN-1001 :     priority     |   timing   |      timing      |        
RUN-1001 :     swap_pin     |     on     |        on        |        
RUN-1001 : -------------------------------------------------------
PHY-1001 : Route runs in 16 thread(s)
RUN-1001 : There are total 1317 instances
RUN-1001 : 584 mslices, 584 lslices, 132 pads, 4 brams, 4 dsps
RUN-1001 : There are total 2644 nets
RUN-1001 : 1748 nets have 2 pins
RUN-1001 : 511 nets have [3 - 5] pins
RUN-1001 : 305 nets have [6 - 10] pins
RUN-1001 : 48 nets have [11 - 20] pins
RUN-1001 : 27 nets have [21 - 99] pins
RUN-1001 : 5 nets have 100+ pins
RUN-1002 : start command "start_timer -report"
TMR-2505 : Start building timing graph for model test_camera.
TMR-2506 : Build timing graph completely. Port num: 19, tpin num: 10234, tnet num: 2642, tinst num: 1315, tnode num: 12384, tedge num: 16865.
TMR-2508 : Levelizing timing graph completed, there are 28 levels in total.
TMR-2501 : Timing graph initialized successfully.
PHY-1001 : 584 mslices, 584 lslices, 132 pads, 4 brams, 4 dsps
TMR-2503 : Start to update net delay, extr mode = 3.
TMR-2504 : Update delay of 2642 nets completely.
TMR-2502 : Annotate delay completely, extr mode = 3.
TMR-3001 : Initiate 0 clocks from SDC.
TMR-3004 : Map sdc constraints, there are 2 constraints in total.
TMR-3003 : Constraints initiated successfully.
TMR-3501 : Forward propagation: start to calculate arrival time...
TMR-3502 : Backward propagation: start to calculate required time...
TMR-3503 : Timing propagation completes.
PHY-1001 : Start global routing, caller is route ...
RUN-1001 : Generating global routing grids ...
PHY-1001 : Generate routing nets ...
PHY-1001 : Global iterations in 16 thread ...
PHY-1002 : len = 119424, over cnt = 305(0%), over = 523, worst = 7
PHY-1002 : len = 121672, over cnt = 166(0%), over = 240, worst = 5
PHY-1002 : len = 123440, over cnt = 60(0%), over = 92, worst = 4
PHY-1002 : len = 124344, over cnt = 0(0%), over = 0, worst = 0
PHY-1001 : End global iterations;  0.349411s wall, 0.468750s user + 0.093750s system = 0.562500s CPU (161.0%)

PHY-1001 : Congestion index: top1 = 33.30, top5 = 26.45, top10 = 22.07, top15 = 18.78.
PHY-1001 : End global routing;  0.424324s wall, 0.531250s user + 0.093750s system = 0.625000s CPU (147.3%)

PHY-1001 : Start detail routing ...
PHY-1001 : Current memory(MB): used = 237, reserve = 215, peak = 252.
PHY-1001 : Detailed router is running in normal mode.
PHY-1001 : Generate detailed routing grids ...
PHY-1001 : Generate nets ...
PHY-1001 : net cam_pclk_dup_1 will be routed on clock mesh
PHY-1001 : net clk_24m_dup_1 will be routed on clock mesh
PHY-1001 : net vga_clk_dup_1 will be routed on clock mesh
PHY-1001 : clock net u_image_select/show_clk_n_syn_3 will be merged with clock u_image_select/show_clk_n
PHY-1001 : clock net Sdram_Control_4Port/CTRL_CLK will be merged with clock u_pll/clk0_buf
PHY-1001 : net Sdram_Control_4Port/SDRAM_CLK will be routed on clock mesh
PHY-1001 : clock net u_camera_init/divider2[8]_syn_4 will be merged with clock u_camera_init/divider2[8]
PHY-1001 : clock net u_camera_init/divider2[7]_syn_2 will be merged with clock u_camera_init/divider2[7]
PHY-1001 : net u_camera_init/u_i2c_write/clk will be routed on clock mesh
PHY-1001 : net u_image_process/clk will be routed on clock mesh
PHY-1001 : clock net u_image_process/wrreq_syn_3 will be merged with clock u_image_process/wrreq
PHY-1001 : Current memory(MB): used = 501, reserve = 482, peak = 501.
PHY-1001 : End build detailed router design. 3.912878s wall, 3.875000s user + 0.031250s system = 3.906250s CPU (99.8%)

PHY-1001 : Detail Route ...
PHY-1001 : ===== Detail Route Phase 1 =====
PHY-1001 : Clock net routing.....
PHY-1001 : Routed 0% nets.
PHY-1022 : len = 31624, over cnt = 0(0%), over = 0, worst = 0, crit = 0
PHY-1001 : End initial clock net routed; 4.780532s wall, 4.750000s user + 0.031250s system = 4.781250s CPU (100.0%)

PHY-1001 : Current memory(MB): used = 535, reserve = 517, peak = 535.
PHY-1001 : End phase 1; 4.786909s wall, 4.765625s user + 0.031250s system = 4.796875s CPU (100.2%)

PHY-1001 : ===== Detail Route Phase 2 =====
PHY-1001 : Initial routing.....
PHY-1001 : Routed 20% nets.
PHY-1001 : Routed 23% nets.
PHY-1001 : Routed 26% nets.
PHY-1001 : Routed 31% nets.
PHY-1001 : Routed 42% nets.
PHY-1001 : Patch 1089 net; 1.173453s wall, 1.171875s user + 0.000000s system = 1.171875s CPU (99.9%)

PHY-1022 : len = 275608, over cnt = 109(0%), over = 109, worst = 1, crit = 0
PHY-1001 : Current memory(MB): used = 536, reserve = 518, peak = 536.
PHY-1001 : End initial routed; 4.658161s wall, 5.968750s user + 0.031250s system = 6.000000s CPU (128.8%)

PHY-1001 : Update timing.....
PHY-1001 : 0/2221(0%) critical/total net(s).
RUN-1001 : ------------------------------------------
RUN-1001 :   Type   |    WNS(ns)    |  TNS(ns)  |  FEP  
RUN-1001 : ------------------------------------------
RUN-1001 :   Setup  |     3.643     |   0.000   |   0   
RUN-1001 :   Hold   |  2147483.647  |   0.000   |   0   
RUN-1001 : ------------------------------------------
PHY-1001 : End update timing; 1.105074s wall, 1.093750s user + 0.000000s system = 1.093750s CPU (99.0%)

PHY-1001 : Current memory(MB): used = 540, reserve = 522, peak = 540.
PHY-1001 : End phase 2; 5.763303s wall, 7.062500s user + 0.031250s system = 7.093750s CPU (123.1%)

PHY-1001 : ===== Detail Route Phase 3 =====
PHY-1001 : Optimize timing.....
PHY-1022 : len = 275608, over cnt = 109(0%), over = 109, worst = 1, crit = 0
PHY-1001 : End optimize timing; 0.010695s wall, 0.000000s user + 0.000000s system = 0.000000s CPU (n/a%)

PHY-1001 : Ripup-reroute.....
PHY-1001 : ===== DR Iter 1 =====
PHY-1022 : len = 275320, over cnt = 23(0%), over = 23, worst = 1, crit = 0
PHY-1001 : End DR Iter 1; 0.097496s wall, 0.093750s user + 0.000000s system = 0.093750s CPU (96.2%)

PHY-1001 : ===== DR Iter 2 =====
PHY-1022 : len = 275296, over cnt = 0(0%), over = 0, worst = 0, crit = 0
PHY-1001 : End DR Iter 2; 0.048158s wall, 0.062500s user + 0.000000s system = 0.062500s CPU (129.8%)

PHY-1001 : Update timing.....
PHY-1001 : 0/2221(0%) critical/total net(s).
RUN-1001 : ------------------------------------------
RUN-1001 :   Type   |    WNS(ns)    |  TNS(ns)  |  FEP  
RUN-1001 : ------------------------------------------
RUN-1001 :   Setup  |     3.643     |   0.000   |   0   
RUN-1001 :   Hold   |  2147483.647  |   0.000   |   0   
RUN-1001 : ------------------------------------------
PHY-1001 : End update timing; 1.047425s wall, 1.046875s user + 0.000000s system = 1.046875s CPU (99.9%)

PHY-1001 : Commit to database.....
PHY-1001 : 22 feed throughs used by 16 nets
PHY-1001 : End commit to database; 0.289760s wall, 0.281250s user + 0.000000s system = 0.281250s CPU (97.1%)

PHY-1001 : Current memory(MB): used = 556, reserve = 538, peak = 556.
PHY-1001 : End phase 3; 1.636365s wall, 1.640625s user + 0.000000s system = 1.640625s CPU (100.3%)

PHY-1003 : Routed, final wirelength = 275296
PHY-1001 : Current memory(MB): used = 557, reserve = 539, peak = 557.
PHY-1001 : End export database. 0.012822s wall, 0.015625s user + 0.000000s system = 0.015625s CPU (121.9%)

PHY-1001 : End detail routing;  16.349138s wall, 17.609375s user + 0.093750s system = 17.703125s CPU (108.3%)

RUN-1003 : finish command "route" in  17.833634s wall, 19.171875s user + 0.203125s system = 19.375000s CPU (108.6%)

RUN-1004 : used memory is 506 MB, reserved memory is 488 MB, peak memory is 557 MB
RUN-1002 : start command "report_area -io_info -file ov2640_sdram_phy.area"
RUN-1001 : standard
***Report Model: test_camera Device: EG4S20BG256***

IO Statistics
#IO                        77
  #input                   29
  #output                  47
  #inout                    1

Utilization Statistics
#lut                     1988   out of  19600   10.14%
#reg                      939   out of  19600    4.79%
#le                      2226
  #lut only              1287   out of   2226   57.82%
  #reg only               238   out of   2226   10.69%
  #lut&reg                701   out of   2226   31.49%
#dsp                        4   out of     29   13.79%
#bram                       2   out of     64    3.12%
  #bram9k                   0
  #fifo9k                   2
#bram32k                    2   out of     16   12.50%
#pad                       77   out of    188   40.96%
  #ireg                     0
  #oreg                     0
  #treg                     0
#pll                        1   out of      4   25.00%
#gclk                      11   out of     16   68.75%

Clock Resource Statistics
Index     ClockNet                         Type               DriverType         Driver                                                          Fanout
#1        u_image_process/clk              GCLK               pll                u_pll/pll_inst.clkc3                                            199
#2        u_pll/clk0_buf                   GCLK               pll                u_pll/pll_inst.clkc0                                            168
#3        cam_pclk_dup_1                   GCLK               io                 cam_pclk_syn_2.di                                               58
#4        vga_clk_dup_1                    GCLK               pll                u_pll/pll_inst.clkc2                                            41
#5        u_camera_init/u_i2c_write/clk    GCLK               pll                u_pll/pll_inst.clkc4                                            24
#6        u_camera_init/divider2[8]        GCLK               mslice             u_camera_init/reg3_syn_36.q0                                    19
#7        u_camera_init/divider2[7]        GCLK               lslice             u_camera_init/add2_syn_56.q1                                    17
#8        u_image_select/show_clk_n        GCLK               lslice             u_image_process/u_Median_Gray/u_three_martix/reg15_syn_36.f0    10
#9        u_image_process/wrreq            GCLK               mslice             u_image_process/u_RGBYCbCr/reg7_syn_18.f0                       9
#10       clk_24m_dup_1                    GCLK               io                 clk_24m_syn_2.di                                                7
#11       Sdram_Control_4Port/SDRAM_CLK    GCLK               pll                u_pll/pll_inst.clkc1                                            0


Detailed IO Report

     Name        Direction    Location    IOStandard    DriveStrength    PullType    PackReg  
   Switch[5]       INPUT         P6        LVCMOS25          N/A          PULLUP      NONE    
   Switch[4]       INPUT         M6        LVCMOS25          N/A          PULLUP      NONE    
   Switch[3]       INPUT         T6        LVCMOS25          N/A          PULLUP      NONE    
   Switch[2]       INPUT         T5        LVCMOS25          N/A          PULLUP      NONE    
   Switch[1]       INPUT         R5        LVCMOS25          N/A          PULLUP      NONE    
   Switch[0]       INPUT         T4        LVCMOS25          N/A          PULLUP      NONE    
  cam_data[7]      INPUT        H13        LVCMOS33          N/A          PULLUP      NONE    
  cam_data[6]      INPUT        G16        LVCMOS33          N/A          PULLUP      NONE    
  cam_data[5]      INPUT        H16        LVCMOS33          N/A          PULLUP      NONE    
  cam_data[4]      INPUT        G14        LVCMOS33          N/A          PULLUP      NONE    
  cam_data[3]      INPUT        K15        LVCMOS33          N/A          PULLUP      NONE    
  cam_data[2]      INPUT        K16        LVCMOS33          N/A          PULLUP      NONE    
  cam_data[1]      INPUT        J16        LVCMOS33          N/A          PULLUP      NONE    
  cam_data[0]      INPUT        H15        LVCMOS33          N/A          PULLUP      NONE    
   cam_href        INPUT        F15        LVCMOS33          N/A          PULLUP      NONE    
   cam_pclk        INPUT        K12        LVCMOS33          N/A          PULLUP      NONE    
   cam_vsync       INPUT        E15        LVCMOS33          N/A          PULLUP      NONE    
    clk_24m        INPUT        K14        LVCMOS33          N/A          PULLUP      NONE    
     rst_n         INPUT        G11        LVCMOS33          N/A          PULLUP      NONE    
    Led[15]       OUTPUT        T13        LVCMOS25           8            NONE       NONE    
    Led[14]       OUTPUT        T12        LVCMOS25           8            NONE       NONE    
    Led[13]       OUTPUT        R12        LVCMOS25           8            NONE       NONE    
    Led[12]       OUTPUT         M7        LVCMOS25           8            NONE       NONE    
    Led[11]       OUTPUT         T9        LVCMOS25           8            NONE       NONE    
    Led[10]       OUTPUT         T8        LVCMOS25           8            NONE       NONE    
    Led[9]        OUTPUT         T7        LVCMOS25           8            NONE       NONE    
    Led[8]        OUTPUT         R7        LVCMOS25           8            NONE       NONE    
    Led[7]        OUTPUT         P5        LVCMOS25           8            NONE       NONE    
    Led[6]        OUTPUT         N5        LVCMOS25           8            NONE       NONE    
    Led[5]        OUTPUT         P4        LVCMOS25           8            NONE       NONE    
    Led[4]        OUTPUT         M5        LVCMOS25           8            NONE       NONE    
    Led[3]        OUTPUT         N4        LVCMOS25           8            NONE       NONE    
    Led[2]        OUTPUT         N3        LVCMOS25           8            NONE       NONE    
    Led[1]        OUTPUT         M4        LVCMOS25           8            NONE       NONE    
    Led[0]        OUTPUT         M3        LVCMOS25           8            NONE       NONE    
   cam_pwdn       OUTPUT        F14        LVCMOS33           8            NONE       NONE    
    cam_rst       OUTPUT        F13        LVCMOS33           8            NONE       NONE    
   cam_soic       OUTPUT        D16        LVCMOS33           8           PULLUP      NONE    
   cam_xclk       OUTPUT        J12        LVCMOS33           8            NONE       NONE    
   vga_b[7]       OUTPUT         C1        LVCMOS25           8            NONE       NONE    
   vga_b[6]       OUTPUT         D1        LVCMOS25           8            NONE       NONE    
   vga_b[5]       OUTPUT         E2        LVCMOS25           8            NONE       NONE    
   vga_b[4]       OUTPUT         G3        LVCMOS25           8            NONE       NONE    
   vga_b[3]       OUTPUT         E1        LVCMOS25           8            NONE       NONE    
   vga_b[2]       OUTPUT         F2        LVCMOS25           8            NONE       NONE    
   vga_b[1]       OUTPUT         F1        LVCMOS25           8            NONE       NONE    
   vga_b[0]       OUTPUT         G1        LVCMOS25           8            NONE       NONE    
    vga_clk       OUTPUT         H2        LVCMOS25           8            NONE       NONE    
   vga_g[7]       OUTPUT         H5        LVCMOS25           8            NONE       NONE    
   vga_g[6]       OUTPUT         H1        LVCMOS25           8            NONE       NONE    
   vga_g[5]       OUTPUT         J6        LVCMOS25           8            NONE       NONE    
   vga_g[4]       OUTPUT         H3        LVCMOS25           8            NONE       NONE    
   vga_g[3]       OUTPUT         J1        LVCMOS25           8            NONE       NONE    
   vga_g[2]       OUTPUT         K1        LVCMOS25           8            NONE       NONE    
   vga_g[1]       OUTPUT         K2        LVCMOS25           8            NONE       NONE    
   vga_g[0]       OUTPUT         L1        LVCMOS25           8            NONE       NONE    
   vga_hsync      OUTPUT         J3        LVCMOS25           8            NONE       NONE    
   vga_r[7]       OUTPUT         K6        LVCMOS25           8            NONE       NONE    
   vga_r[6]       OUTPUT         K3        LVCMOS25           8            NONE       NONE    
   vga_r[5]       OUTPUT         K5        LVCMOS25           8            NONE       NONE    
   vga_r[4]       OUTPUT         L4        LVCMOS25           8            NONE       NONE    
   vga_r[3]       OUTPUT         M1        LVCMOS25           8            NONE       NONE    
   vga_r[2]       OUTPUT         M2        LVCMOS25           8            NONE       NONE    
   vga_r[1]       OUTPUT         L3        LVCMOS25           8            NONE       NONE    
   vga_r[0]       OUTPUT         L5        LVCMOS25           8            NONE       NONE    
   vga_vsync      OUTPUT         J4        LVCMOS25           8            NONE       NONE    
   cam_soid        INOUT        D14        LVCMOS33           8           PULLUP      NONE    

Report Hierarchy Area:
+---------------------------------------------------------------------------------------------------------------------------------------+
|Instance                              |Module                                     |le     |lut     |ripple  |seq     |bram    |dsp     |
+---------------------------------------------------------------------------------------------------------------------------------------+
|top                                   |test_camera                                |2226   |1547    |441     |939     |4       |4       |
|  Sdram_Control_4Port                 |Sdram_Control_4Port                        |643    |407     |102     |402     |2       |0       |
|    command1                          |command                                    |46     |46      |0       |42      |0       |0       |
|    control1                          |control_interface                          |102    |70      |24      |53      |0       |0       |
|    data_path1                        |sdr_data_path                              |16     |16      |0       |1       |0       |0       |
|    read_fifo1                        |Sdram_RD_FIFO                              |132    |57      |18      |105     |1       |0       |
|      dcfifo_component                |softfifo                                   |132    |57      |18      |105     |1       |0       |
|        ram_inst                      |ram_infer_softfifo                         |0      |0       |0       |0       |1       |0       |
|        rd_to_wr_cross_inst           |fifo_cross_domain_addr_process_al_softfifo |38     |17      |0       |38      |0       |0       |
|        wr_to_rd_cross_inst           |fifo_cross_domain_addr_process_al_softfifo |34     |20      |0       |34      |0       |0       |
|    sdram1                            |sdram                                      |4      |4       |0       |1       |0       |0       |
|    write_fifo1                       |Sdram_WR_FIFO                              |129    |57      |18      |102     |1       |0       |
|      dcfifo_component                |softfifo                                   |129    |57      |18      |102     |1       |0       |
|        ram_inst                      |ram_infer_softfifo                         |0      |0       |0       |0       |1       |0       |
|        rd_to_wr_cross_inst           |fifo_cross_domain_addr_process_al_softfifo |39     |18      |0       |39      |0       |0       |
|        wr_to_rd_cross_inst           |fifo_cross_domain_addr_process_al_softfifo |34     |17      |0       |34      |0       |0       |
|  u_Mode_Switch                       |Mode_Switch                                |11     |11      |0       |9       |0       |0       |
|  u_cam_vga_out                       |Driver                                     |112    |68      |44      |23      |0       |0       |
|  u_camera_init                       |camera_init                                |481    |459     |9       |94      |0       |0       |
|    u_i2c_write                       |i2c_module                                 |147    |147     |0       |39      |0       |0       |
|  u_camera_reader                     |camera_reader                              |91     |74      |17      |55      |0       |0       |
|  u_image_process                     |image_process                              |850    |491     |269     |337     |2       |4       |
|    u_Median_Gray                     |Median_Gray                                |698    |410     |235     |246     |2       |0       |
|      u_Median_Filter_3X3_8Bit_median |Median_Filter_3X3                          |485    |295     |190     |120     |0       |0       |
|        u_Sort3_1                     |Sort3                                      |83     |53      |30      |35      |0       |0       |
|        u_Sort3_2                     |Sort3                                      |84     |54      |30      |27      |0       |0       |
|        u_Sort3_3                     |Sort3                                      |84     |54      |30      |28      |0       |0       |
|        u_Sort3_4                     |Sort3                                      |46     |26      |20      |8       |0       |0       |
|        u_Sort3_5                     |Sort3                                      |69     |39      |30      |7       |0       |0       |
|        u_Sort3_6                     |Sort3                                      |51     |31      |20      |9       |0       |0       |
|        u_Sort3_7                     |Sort3                                      |68     |38      |30      |6       |0       |0       |
|      u_three_martix                  |three_martix                               |213    |115     |45      |126     |2       |0       |
|        u_fifo_1                      |fifo_1                                     |2      |2       |0       |0       |1       |0       |
|        u_fifo_2                      |fifo_2                                     |0      |0       |0       |0       |1       |0       |
|    u_RGBYCbCr                        |RGBYCbCr                                   |118    |61      |34      |57      |0       |4       |
|  u_image_select                      |image_select                               |17     |16      |0       |17      |0       |0       |
|  u_pll                               |ip_pll                                     |0      |0       |0       |0       |0       |0       |
+---------------------------------------------------------------------------------------------------------------------------------------+


DataNet Average Fanout:

   Index     Fanout     Nets  
    #1          1       1680  
    #2          2       280   
    #3          3        96   
    #4          4       122   
    #5        5-10      305   
    #6        11-50      61   
    #7       51-100      6    
    #8       101-500     1    
  Average     2.72            

RUN-1002 : start command "export_db ov2640_sdram_pr.db"
RUN-1001 : Exported /
RUN-1001 : Exported flow parameters
RUN-1001 : Exported libs
RUN-1001 : Exported entities
RUN-1001 : Exported ports
RUN-1001 : Exported pins
RUN-1001 : Exported instances
RUN-1001 : Exported nets
RUN-1001 : Exported buses
RUN-1001 : Exported models
RUN-1001 : Exported congestions
RUN-1001 : Exported violations
RUN-1001 : Exported timing constraints
RUN-1001 : Exported IO constraints
RUN-1001 : Exported Inst constraints
RUN-1002 : start command "export_bid ov2640_sdram_inst.bid"
RUN-1002 : start command "bitgen -bit ov2640_sdram.bit"
BIT-1003 : Start to generate bitstream. 
BIT-1002 : Init instances with 16 threads.
BIT-1002 : Init instances completely, inst num: 1315
BIT-1002 : Init pips with 16 threads.
BIT-1002 : Init pips completely, net num: 2644, pip num: 22583
BIT-1002 : Init feedthrough with 16 threads.
BIT-1002 : Init feedthrough completely, num: 22
BIT-1003 : Multithreading accelaration with 16 threads.
BIT-1003 : Generate bitstream completely, there are 1643 valid insts, and 68226 bits set as '1'.
BIT-1004 : the usercode register value: 00000000000100110000000000000000
BIT-1004 : PLL setting string = 0001
BIT-1004 : Generate bits file ov2640_sdram.bit.
RUN-1003 : finish command "bitgen -bit ov2640_sdram.bit" in  2.957765s wall, 26.937500s user + 0.218750s system = 27.156250s CPU (918.1%)

RUN-1004 : used memory is 518 MB, reserved memory is 500 MB, peak memory is 690 MB
RUN-1002 : start command "backup_run_log run.log ../.logs/phy_1/td_20221026_155427.log"
